[0000001] [17:40:59:495897] [Tid0x00000d2c] [debug] -->[C1] DL_LoadScatter #./api/api.cpp (line:2486)
[0000002] [17:40:59:535897] [Tid0x00000d2c] [debug] used lib version: 1
[0000003] [17:40:59:535897] [Tid0x00000d2c] [debug] <--[C1] DL_LoadScatter
[0000004] [17:40:59:535897] [Tid0x00000d2c] [debug] -->[C2] DL_AutoLoadRomImages #./api/api.cpp (line:2679)
[0000005] [17:41:00:176897] [Tid0x00000d2c] [debug] <--[C2] DL_AutoLoadRomImages
[0000006] [17:41:00:180897] [Tid0x00000d2c] [debug] -->[C3] DL_GetCount #./api/api.cpp (line:2599)
[0000007] [17:41:00:180897] [Tid0x00000d2c] [debug] <--[C3] DL_GetCount
[0000008] [17:41:00:180897] [Tid0x00000d2c] [debug] -->[C4] DL_Rom_GetInfoAll #./api/api.cpp (line:2764)
[0000009] [17:41:00:203897] [Tid0x00000d2c] [debug] <--[C4] DL_Rom_GetInfoAll
[0000010] [17:41:00:203897] [Tid0x00000d2c] [debug] -->[C5] DL_VerifyROMMemBuf #./api/api.cpp (line:2556)
[0000011] [17:41:00:204897] [Tid0x00000d2c] [debug] <--[C5] DL_VerifyROMMemBuf
[0000012] [17:41:00:205897] [Tid0x00000d2c] [debug] -->[C6] DL_VerifyROMMemBuf #./api/api.cpp (line:2556)
[0000013] [17:41:00:205897] [Tid0x00000d2c] [debug] <--[C6] DL_VerifyROMMemBuf
[0000014] [17:41:00:205897] [Tid0x00000d2c] [debug] -->[C7] DL_VerifyROMMemBuf #./api/api.cpp (line:2556)
[0000015] [17:41:00:249897] [Tid0x00000d2c] [debug] <--[C7] DL_VerifyROMMemBuf
[0000016] [17:41:00:249897] [Tid0x00000d2c] [debug] -->[C8] DL_VerifyROMMemBuf #./api/api.cpp (line:2556)
[0000017] [17:41:00:301897] [Tid0x00000d2c] [debug] <--[C8] DL_VerifyROMMemBuf
[0000018] [17:41:00:301897] [Tid0x00000d2c] [debug] -->[C9] DL_VerifyROMMemBuf #./api/api.cpp (line:2556)
[0000019] [17:41:00:325897] [Tid0x00000d2c] [debug] <--[C9] DL_VerifyROMMemBuf
[0000020] [17:41:00:326897] [Tid0x00000d2c] [debug] -->[C10] DL_VerifyROMMemBuf #./api/api.cpp (line:2556)
[0000021] [17:41:00:326897] [Tid0x00000d2c] [debug] <--[C10] DL_VerifyROMMemBuf
[0000022] [17:41:00:326897] [Tid0x00000d2c] [debug] -->[C11] DL_VerifyROMMemBuf #./api/api.cpp (line:2556)
[0000023] [17:41:00:327897] [Tid0x00000d2c] [debug] <--[C11] DL_VerifyROMMemBuf
[0000024] [17:41:00:327897] [Tid0x00000d2c] [debug] -->[C12] DL_VerifyROMMemBuf #./api/api.cpp (line:2556)
[0000025] [17:41:00:327897] [Tid0x00000d2c] [debug] <--[C12] DL_VerifyROMMemBuf
[0000026] [17:41:00:328897] [Tid0x00000d2c] [debug] -->[C13] DL_VerifyROMMemBuf #./api/api.cpp (line:2556)
[0000027] [17:41:51:125897] [Tid0x00000d2c] [debug] <--[C13] DL_VerifyROMMemBuf
[0000028] [17:41:51:125897] [Tid0x00000d2c] [debug] -->[C14] DL_VerifyROMMemBuf #./api/api.cpp (line:2556)
[0000029] [17:41:51:386897] [Tid0x00000d2c] [debug] <--[C14] DL_VerifyROMMemBuf
[0000030] [17:41:51:386897] [Tid0x00000d2c] [debug] -->[C15] DL_VerifyROMMemBuf #./api/api.cpp (line:2556)
[0000031] [17:41:51:772897] [Tid0x00000d2c] [debug] <--[C15] DL_VerifyROMMemBuf
[0000032] [17:41:52:882897] [Tid0x00000bc4] [debug] -->[C16] DL_GetCount #./api/api.cpp (line:2599)
[0000033] [17:41:52:882897] [Tid0x00000bc4] [debug] <--[C16] DL_GetCount
[0000034] [17:41:52:882897] [Tid0x00000bc4] [debug] -->[C17] DL_Rom_GetInfoAll #./api/api.cpp (line:2764)
[0000035] [17:41:52:882897] [Tid0x00000bc4] [debug] <--[C17] DL_Rom_GetInfoAll
[0000036] [17:41:52:931897] [Tid0x00000bc4] [debug] -->[C18] DL_GetScatterInfo #./api/api.cpp (line:2700)
[0000037] [17:41:52:931897] [Tid0x00000bc4] [debug] <--[C18] DL_GetScatterInfo
[0000038] [17:41:52:969897] [Tid0x00000bc4] [debug] -->[C19] DL_GetCount #./api/api.cpp (line:2599)
[0000039] [17:41:52:969897] [Tid0x00000bc4] [debug] <--[C19] DL_GetCount
[0000040] [17:41:52:969897] [Tid0x00000bc4] [debug] -->[C20] DL_Rom_GetInfoAll #./api/api.cpp (line:2764)
[0000041] [17:41:52:970897] [Tid0x00000bc4] [debug] <--[C20] DL_Rom_GetInfoAll
[0000042] [17:41:52:971897] [Tid0x00000bc4] [debug] -->[C21] DL_Rom_SetEnableAttr #./api/api.cpp (line:2818)
[0000043] [17:41:52:971897] [Tid0x00000bc4] [debug] <--[C21] DL_Rom_SetEnableAttr
[0000044] [17:41:52:972897] [Tid0x00000bc4] [debug] -->[C22] DL_GetCount #./api/api.cpp (line:2599)
[0000045] [17:41:52:972897] [Tid0x00000bc4] [debug] <--[C22] DL_GetCount
[0000046] [17:41:52:972897] [Tid0x00000bc4] [debug] -->[C23] DL_Rom_GetInfoAll #./api/api.cpp (line:2764)
[0000047] [17:41:52:972897] [Tid0x00000bc4] [debug] <--[C23] DL_Rom_GetInfoAll
[0000048] [17:41:52:974897] [Tid0x00000bc4] [debug] -->[C24] DL_Rom_SetEnableAttr #./api/api.cpp (line:2818)
[0000049] [17:41:52:974897] [Tid0x00000bc4] [debug] <--[C24] DL_Rom_SetEnableAttr
[0000050] [17:41:53:012897] [Tid0x00000bc4] [debug] -->[C25] DL_GetCount #./api/api.cpp (line:2599)
[0000051] [17:41:53:012897] [Tid0x00000bc4] [debug] <--[C25] DL_GetCount
[0000052] [17:41:53:012897] [Tid0x00000bc4] [debug] -->[C26] DL_Rom_GetInfoAll #./api/api.cpp (line:2764)
[0000053] [17:41:53:013897] [Tid0x00000bc4] [debug] <--[C26] DL_Rom_GetInfoAll
[0000054] [17:41:53:014897] [Tid0x00000bc4] [debug] -->[C27] DL_Rom_SetEnableAttr #./api/api.cpp (line:2818)
[0000055] [17:41:53:014897] [Tid0x00000bc4] [debug] <--[C27] DL_Rom_SetEnableAttr
[0000056] [17:41:53:023897] [Tid0x00000bc4] [debug] -->[C28] DL_GetCount #./api/api.cpp (line:2599)
[0000057] [17:41:53:023897] [Tid0x00000bc4] [debug] <--[C28] DL_GetCount
[0000058] [17:41:53:023897] [Tid0x00000bc4] [debug] -->[C29] DL_Rom_GetInfoAll #./api/api.cpp (line:2764)
[0000059] [17:41:53:024897] [Tid0x00000bc4] [debug] <--[C29] DL_Rom_GetInfoAll
[0000060] [17:41:53:025897] [Tid0x00000bc4] [debug] -->[C30] DL_Rom_SetEnableAttr #./api/api.cpp (line:2818)
[0000061] [17:41:53:025897] [Tid0x00000bc4] [debug] <--[C30] DL_Rom_SetEnableAttr
[0000062] [17:41:53:026897] [Tid0x00000bc4] [debug] -->[C31] DL_GetCount #./api/api.cpp (line:2599)
[0000063] [17:41:53:026897] [Tid0x00000bc4] [debug] <--[C31] DL_GetCount
[0000064] [17:41:53:026897] [Tid0x00000bc4] [debug] -->[C32] DL_Rom_GetInfoAll #./api/api.cpp (line:2764)
[0000065] [17:41:53:026897] [Tid0x00000bc4] [debug] <--[C32] DL_Rom_GetInfoAll
[0000066] [17:41:53:028897] [Tid0x00000bc4] [debug] -->[C33] DL_Rom_SetEnableAttr #./api/api.cpp (line:2818)
[0000067] [17:41:53:028897] [Tid0x00000bc4] [debug] <--[C33] DL_Rom_SetEnableAttr
[0000068] [17:41:53:035897] [Tid0x00000bc4] [debug] -->[C34] DL_GetCount #./api/api.cpp (line:2599)
[0000069] [17:41:53:036897] [Tid0x00000bc4] [debug] <--[C34] DL_GetCount
[0000070] [17:41:53:036897] [Tid0x00000bc4] [debug] -->[C35] DL_Rom_GetInfoAll #./api/api.cpp (line:2764)
[0000071] [17:41:53:036897] [Tid0x00000bc4] [debug] <--[C35] DL_Rom_GetInfoAll
[0000072] [17:41:53:037897] [Tid0x00000bc4] [debug] -->[C36] DL_Rom_SetEnableAttr #./api/api.cpp (line:2818)
[0000073] [17:41:53:038897] [Tid0x00000bc4] [debug] <--[C36] DL_Rom_SetEnableAttr
[0000074] [17:41:53:046897] [Tid0x00000bc4] [debug] -->[C37] DL_GetCount #./api/api.cpp (line:2599)
[0000075] [17:41:53:046897] [Tid0x00000bc4] [debug] <--[C37] DL_GetCount
[0000076] [17:41:53:047897] [Tid0x00000bc4] [debug] -->[C38] DL_Rom_GetInfoAll #./api/api.cpp (line:2764)
[0000077] [17:41:53:047897] [Tid0x00000bc4] [debug] <--[C38] DL_Rom_GetInfoAll
[0000078] [17:41:53:048897] [Tid0x00000bc4] [debug] -->[C39] DL_Rom_SetEnableAttr #./api/api.cpp (line:2818)
[0000079] [17:41:53:049897] [Tid0x00000bc4] [debug] <--[C39] DL_Rom_SetEnableAttr
[0000080] [17:41:53:049897] [Tid0x00000bc4] [debug] -->[C40] DL_GetCount #./api/api.cpp (line:2599)
[0000081] [17:41:53:049897] [Tid0x00000bc4] [debug] <--[C40] DL_GetCount
[0000082] [17:41:53:049897] [Tid0x00000bc4] [debug] -->[C41] DL_Rom_GetInfoAll #./api/api.cpp (line:2764)
[0000083] [17:41:53:049897] [Tid0x00000bc4] [debug] <--[C41] DL_Rom_GetInfoAll
[0000084] [17:41:53:051897] [Tid0x00000bc4] [debug] -->[C42] DL_Rom_SetEnableAttr #./api/api.cpp (line:2818)
[0000085] [17:41:53:051897] [Tid0x00000bc4] [debug] <--[C42] DL_Rom_SetEnableAttr
[0000086] [17:41:53:103897] [Tid0x00000bc4] [debug] -->[C43] DL_GetCount #./api/api.cpp (line:2599)
[0000087] [17:41:53:103897] [Tid0x00000bc4] [debug] <--[C43] DL_GetCount
[0000088] [17:41:53:103897] [Tid0x00000bc4] [debug] -->[C44] DL_Rom_GetInfoAll #./api/api.cpp (line:2764)
[0000089] [17:41:53:104897] [Tid0x00000bc4] [debug] <--[C44] DL_Rom_GetInfoAll
[0000090] [17:41:53:105897] [Tid0x00000bc4] [debug] -->[C45] DL_Rom_SetEnableAttr #./api/api.cpp (line:2818)
[0000091] [17:41:53:105897] [Tid0x00000bc4] [debug] <--[C45] DL_Rom_SetEnableAttr
[0000092] [17:41:53:113897] [Tid0x00000bc4] [debug] -->[C46] DL_GetCount #./api/api.cpp (line:2599)
[0000093] [17:41:53:113897] [Tid0x00000bc4] [debug] <--[C46] DL_GetCount
[0000094] [17:41:53:113897] [Tid0x00000bc4] [debug] -->[C47] DL_Rom_GetInfoAll #./api/api.cpp (line:2764)
[0000095] [17:41:53:114897] [Tid0x00000bc4] [debug] <--[C47] DL_Rom_GetInfoAll
[0000096] [17:41:53:115897] [Tid0x00000bc4] [debug] -->[C48] DL_Rom_SetEnableAttr #./api/api.cpp (line:2818)
[0000097] [17:41:53:115897] [Tid0x00000bc4] [debug] <--[C48] DL_Rom_SetEnableAttr
[0000098] [17:41:53:115897] [Tid0x00000bc4] [debug] -->[C49] DL_GetCount #./api/api.cpp (line:2599)
[0000099] [17:41:53:116897] [Tid0x00000bc4] [debug] <--[C49] DL_GetCount
[0000100] [17:41:53:116897] [Tid0x00000bc4] [debug] -->[C50] DL_Rom_GetInfoAll #./api/api.cpp (line:2764)
[0000101] [17:41:53:116897] [Tid0x00000bc4] [debug] <--[C50] DL_Rom_GetInfoAll
[0000102] [17:41:53:117897] [Tid0x00000bc4] [debug] -->[C51] DL_Rom_SetEnableAttr #./api/api.cpp (line:2818)
[0000103] [17:41:53:117897] [Tid0x00000bc4] [debug] <--[C51] DL_Rom_SetEnableAttr
[0000104] [17:41:53:125897] [Tid0x00000bc4] [debug] -->[C52] DL_GetCount #./api/api.cpp (line:2599)
[0000105] [17:41:53:126897] [Tid0x00000bc4] [debug] <--[C52] DL_GetCount
[0000106] [17:41:53:126897] [Tid0x00000bc4] [debug] -->[C53] DL_Rom_GetInfoAll #./api/api.cpp (line:2764)
[0000107] [17:41:53:126897] [Tid0x00000bc4] [debug] <--[C53] DL_Rom_GetInfoAll
[0000108] [17:41:53:127897] [Tid0x00000bc4] [debug] -->[C54] DL_Rom_SetEnableAttr #./api/api.cpp (line:2818)
[0000109] [17:41:53:128897] [Tid0x00000bc4] [debug] <--[C54] DL_Rom_SetEnableAttr
[0000110] [17:41:53:136897] [Tid0x00000bc4] [debug] -->[C55] DL_GetCount #./api/api.cpp (line:2599)
[0000111] [17:41:53:136897] [Tid0x00000bc4] [debug] <--[C55] DL_GetCount
[0000112] [17:41:53:136897] [Tid0x00000bc4] [debug] -->[C56] DL_Rom_GetInfoAll #./api/api.cpp (line:2764)
[0000113] [17:41:53:136897] [Tid0x00000bc4] [debug] <--[C56] DL_Rom_GetInfoAll
[0000114] [17:41:53:138897] [Tid0x00000bc4] [debug] -->[C57] DL_Rom_SetEnableAttr #./api/api.cpp (line:2818)
[0000115] [17:41:53:138897] [Tid0x00000bc4] [debug] <--[C57] DL_Rom_SetEnableAttr
[0000116] [17:41:53:138897] [Tid0x00000bc4] [debug] -->[C58] DL_GetCount #./api/api.cpp (line:2599)
[0000117] [17:41:53:138897] [Tid0x00000bc4] [debug] <--[C58] DL_GetCount
[0000118] [17:41:53:138897] [Tid0x00000bc4] [debug] -->[C59] DL_Rom_GetInfoAll #./api/api.cpp (line:2764)
[0000119] [17:41:53:139897] [Tid0x00000bc4] [debug] <--[C59] DL_Rom_GetInfoAll
[0000120] [17:41:53:140897] [Tid0x00000bc4] [debug] -->[C60] DL_Rom_SetEnableAttr #./api/api.cpp (line:2818)
[0000121] [17:41:53:140897] [Tid0x00000bc4] [debug] <--[C60] DL_Rom_SetEnableAttr
[0000122] [17:41:53:264897] [Tid0x00000bc4] [debug] -->[C61] DL_GetCount #./api/api.cpp (line:2599)
[0000123] [17:41:53:264897] [Tid0x00000bc4] [debug] <--[C61] DL_GetCount
[0000124] [17:41:53:264897] [Tid0x00000bc4] [debug] -->[C62] DL_Rom_GetInfoAll #./api/api.cpp (line:2764)
[0000125] [17:41:53:264897] [Tid0x00000bc4] [debug] <--[C62] DL_Rom_GetInfoAll
[0000126] [17:41:53:266897] [Tid0x00000bc4] [debug] -->[C63] DL_Rom_SetEnableAttr #./api/api.cpp (line:2818)
[0000127] [17:41:53:266897] [Tid0x00000bc4] [debug] <--[C63] DL_Rom_SetEnableAttr
[0000128] [17:41:53:274897] [Tid0x00000bc4] [debug] -->[C64] DL_GetCount #./api/api.cpp (line:2599)
[0000129] [17:41:53:274897] [Tid0x00000bc4] [debug] <--[C64] DL_GetCount
[0000130] [17:41:53:274897] [Tid0x00000bc4] [debug] -->[C65] DL_Rom_GetInfoAll #./api/api.cpp (line:2764)
[0000131] [17:41:53:275897] [Tid0x00000bc4] [debug] <--[C65] DL_Rom_GetInfoAll
[0000132] [17:41:53:276897] [Tid0x00000bc4] [debug] -->[C66] DL_Rom_SetEnableAttr #./api/api.cpp (line:2818)
[0000133] [17:41:53:276897] [Tid0x00000bc4] [debug] <--[C66] DL_Rom_SetEnableAttr
[0000134] [17:41:53:276897] [Tid0x00000bc4] [debug] -->[C67] DL_GetCount #./api/api.cpp (line:2599)
[0000135] [17:41:53:277897] [Tid0x00000bc4] [debug] <--[C67] DL_GetCount
[0000136] [17:41:53:277897] [Tid0x00000bc4] [debug] -->[C68] DL_Rom_GetInfoAll #./api/api.cpp (line:2764)
[0000137] [17:41:53:277897] [Tid0x00000bc4] [debug] <--[C68] DL_Rom_GetInfoAll
[0000138] [17:41:53:278897] [Tid0x00000bc4] [debug] -->[C69] DL_Rom_SetEnableAttr #./api/api.cpp (line:2818)
[0000139] [17:41:53:279897] [Tid0x00000bc4] [debug] <--[C69] DL_Rom_SetEnableAttr
[0000140] [17:41:53:294897] [Tid0x00000bc4] [debug] -->[C70] DL_GetCount #./api/api.cpp (line:2599)
[0000141] [17:41:53:294897] [Tid0x00000bc4] [debug] <--[C70] DL_GetCount
[0000142] [17:41:53:294897] [Tid0x00000bc4] [debug] -->[C71] DL_Rom_GetInfoAll #./api/api.cpp (line:2764)
[0000143] [17:41:53:295897] [Tid0x00000bc4] [debug] <--[C71] DL_Rom_GetInfoAll
[0000144] [17:41:53:296897] [Tid0x00000bc4] [debug] -->[C72] DL_Rom_SetEnableAttr #./api/api.cpp (line:2818)
[0000145] [17:41:53:296897] [Tid0x00000bc4] [debug] <--[C72] DL_Rom_SetEnableAttr
[0000146] [17:41:53:304897] [Tid0x00000bc4] [debug] -->[C73] DL_GetCount #./api/api.cpp (line:2599)
[0000147] [17:41:53:304897] [Tid0x00000bc4] [debug] <--[C73] DL_GetCount
[0000148] [17:41:53:304897] [Tid0x00000bc4] [debug] -->[C74] DL_Rom_GetInfoAll #./api/api.cpp (line:2764)
[0000149] [17:41:53:305897] [Tid0x00000bc4] [debug] <--[C74] DL_Rom_GetInfoAll
[0000150] [17:41:53:306897] [Tid0x00000bc4] [debug] -->[C75] DL_Rom_SetEnableAttr #./api/api.cpp (line:2818)
[0000151] [17:41:53:306897] [Tid0x00000bc4] [debug] <--[C75] DL_Rom_SetEnableAttr
[0000152] [17:41:53:307897] [Tid0x00000bc4] [debug] -->[C76] DL_GetCount #./api/api.cpp (line:2599)
[0000153] [17:41:53:307897] [Tid0x00000bc4] [debug] <--[C76] DL_GetCount
[0000154] [17:41:53:307897] [Tid0x00000bc4] [debug] -->[C77] DL_Rom_GetInfoAll #./api/api.cpp (line:2764)
[0000155] [17:41:53:307897] [Tid0x00000bc4] [debug] <--[C77] DL_Rom_GetInfoAll
[0000156] [17:41:53:308897] [Tid0x00000bc4] [debug] -->[C78] DL_Rom_SetEnableAttr #./api/api.cpp (line:2818)
[0000157] [17:41:53:309897] [Tid0x00000bc4] [debug] <--[C78] DL_Rom_SetEnableAttr
[0000158] [17:41:53:341897] [Tid0x00000bc4] [debug] -->[C79] DL_GetCount #./api/api.cpp (line:2599)
[0000159] [17:41:53:341897] [Tid0x00000bc4] [debug] <--[C79] DL_GetCount
[0000160] [17:41:53:341897] [Tid0x00000bc4] [debug] -->[C80] DL_Rom_GetInfoAll #./api/api.cpp (line:2764)
[0000161] [17:41:53:342897] [Tid0x00000bc4] [debug] <--[C80] DL_Rom_GetInfoAll
[0000162] [17:41:53:343897] [Tid0x00000bc4] [debug] -->[C81] DL_Rom_SetEnableAttr #./api/api.cpp (line:2818)
[0000163] [17:41:53:343897] [Tid0x00000bc4] [debug] <--[C81] DL_Rom_SetEnableAttr
[0000164] [17:41:53:351897] [Tid0x00000bc4] [debug] -->[C82] DL_GetCount #./api/api.cpp (line:2599)
[0000165] [17:41:53:351897] [Tid0x00000bc4] [debug] <--[C82] DL_GetCount
[0000166] [17:41:53:351897] [Tid0x00000bc4] [debug] -->[C83] DL_Rom_GetInfoAll #./api/api.cpp (line:2764)
[0000167] [17:41:53:352897] [Tid0x00000bc4] [debug] <--[C83] DL_Rom_GetInfoAll
[0000168] [17:41:53:353897] [Tid0x00000bc4] [debug] -->[C84] DL_Rom_SetEnableAttr #./api/api.cpp (line:2818)
[0000169] [17:41:53:353897] [Tid0x00000bc4] [debug] <--[C84] DL_Rom_SetEnableAttr
[0000170] [17:41:53:353897] [Tid0x00000bc4] [debug] -->[C85] DL_GetCount #./api/api.cpp (line:2599)
[0000171] [17:41:53:353897] [Tid0x00000bc4] [debug] <--[C85] DL_GetCount
[0000172] [17:41:53:353897] [Tid0x00000bc4] [debug] -->[C86] DL_Rom_GetInfoAll #./api/api.cpp (line:2764)
[0000173] [17:41:53:354897] [Tid0x00000bc4] [debug] <--[C86] DL_Rom_GetInfoAll
[0000174] [17:41:53:355897] [Tid0x00000bc4] [debug] -->[C87] DL_Rom_SetEnableAttr #./api/api.cpp (line:2818)
[0000175] [17:41:53:356897] [Tid0x00000bc4] [debug] <--[C87] DL_Rom_SetEnableAttr
[0000176] [17:41:53:363897] [Tid0x00000bc4] [debug] -->[C88] DL_GetCount #./api/api.cpp (line:2599)
[0000177] [17:41:53:364897] [Tid0x00000bc4] [debug] <--[C88] DL_GetCount
[0000178] [17:41:53:364897] [Tid0x00000bc4] [debug] -->[C89] DL_Rom_GetInfoAll #./api/api.cpp (line:2764)
[0000179] [17:41:53:364897] [Tid0x00000bc4] [debug] <--[C89] DL_Rom_GetInfoAll
[0000180] [17:41:53:366897] [Tid0x00000bc4] [debug] -->[C90] DL_Rom_SetEnableAttr #./api/api.cpp (line:2818)
[0000181] [17:41:53:366897] [Tid0x00000bc4] [debug] <--[C90] DL_Rom_SetEnableAttr
[0000182] [17:41:53:374897] [Tid0x00000bc4] [debug] -->[C91] DL_GetCount #./api/api.cpp (line:2599)
[0000183] [17:41:53:374897] [Tid0x00000bc4] [debug] <--[C91] DL_GetCount
[0000184] [17:41:53:374897] [Tid0x00000bc4] [debug] -->[C92] DL_Rom_GetInfoAll #./api/api.cpp (line:2764)
[0000185] [17:41:53:375897] [Tid0x00000bc4] [debug] <--[C92] DL_Rom_GetInfoAll
[0000186] [17:41:53:376897] [Tid0x00000bc4] [debug] -->[C93] DL_Rom_SetEnableAttr #./api/api.cpp (line:2818)
[0000187] [17:41:53:376897] [Tid0x00000bc4] [debug] <--[C93] DL_Rom_SetEnableAttr
[0000188] [17:41:53:376897] [Tid0x00000bc4] [debug] -->[C94] DL_GetCount #./api/api.cpp (line:2599)
[0000189] [17:41:53:376897] [Tid0x00000bc4] [debug] <--[C94] DL_GetCount
[0000190] [17:41:53:376897] [Tid0x00000bc4] [debug] -->[C95] DL_Rom_GetInfoAll #./api/api.cpp (line:2764)
[0000191] [17:41:53:377897] [Tid0x00000bc4] [debug] <--[C95] DL_Rom_GetInfoAll
[0000192] [17:41:53:378897] [Tid0x00000bc4] [debug] -->[C96] DL_Rom_SetEnableAttr #./api/api.cpp (line:2818)
[0000193] [17:41:53:378897] [Tid0x00000bc4] [debug] <--[C96] DL_Rom_SetEnableAttr
[0000194] [17:41:53:454897] [Tid0x00000bc4] [debug] -->[C97] DL_GetCount #./api/api.cpp (line:2599)
[0000195] [17:41:53:454897] [Tid0x00000bc4] [debug] <--[C97] DL_GetCount
[0000196] [17:41:53:454897] [Tid0x00000bc4] [debug] -->[C98] DL_Rom_GetInfoAll #./api/api.cpp (line:2764)
[0000197] [17:41:53:454897] [Tid0x00000bc4] [debug] <--[C98] DL_Rom_GetInfoAll
[0000198] [17:41:53:456897] [Tid0x00000bc4] [debug] -->[C99] DL_Rom_SetEnableAttr #./api/api.cpp (line:2818)
[0000199] [17:41:53:456897] [Tid0x00000bc4] [debug] <--[C99] DL_Rom_SetEnableAttr
[0000200] [17:41:53:464897] [Tid0x00000bc4] [debug] -->[C100] DL_GetCount #./api/api.cpp (line:2599)
[0000201] [17:41:53:464897] [Tid0x00000bc4] [debug] <--[C100] DL_GetCount
[0000202] [17:41:53:464897] [Tid0x00000bc4] [debug] -->[C101] DL_Rom_GetInfoAll #./api/api.cpp (line:2764)
[0000203] [17:41:53:465897] [Tid0x00000bc4] [debug] <--[C101] DL_Rom_GetInfoAll
[0000204] [17:41:53:466897] [Tid0x00000bc4] [debug] -->[C102] DL_Rom_SetEnableAttr #./api/api.cpp (line:2818)
[0000205] [17:41:53:466897] [Tid0x00000bc4] [debug] <--[C102] DL_Rom_SetEnableAttr
[0000206] [17:41:53:466897] [Tid0x00000bc4] [debug] -->[C103] DL_GetCount #./api/api.cpp (line:2599)
[0000207] [17:41:53:466897] [Tid0x00000bc4] [debug] <--[C103] DL_GetCount
[0000208] [17:41:53:466897] [Tid0x00000bc4] [debug] -->[C104] DL_Rom_GetInfoAll #./api/api.cpp (line:2764)
[0000209] [17:41:53:467897] [Tid0x00000bc4] [debug] <--[C104] DL_Rom_GetInfoAll
[0000210] [17:41:53:468897] [Tid0x00000bc4] [debug] -->[C105] DL_Rom_SetEnableAttr #./api/api.cpp (line:2818)
[0000211] [17:41:53:468897] [Tid0x00000bc4] [debug] <--[C105] DL_Rom_SetEnableAttr
[0000212] [17:41:53:517897] [Tid0x00000bc4] [debug] -->[C106] DL_GetCount #./api/api.cpp (line:2599)
[0000213] [17:41:53:517897] [Tid0x00000bc4] [debug] <--[C106] DL_GetCount
[0000214] [17:41:53:517897] [Tid0x00000bc4] [debug] -->[C107] DL_Rom_GetInfoAll #./api/api.cpp (line:2764)
[0000215] [17:41:53:518897] [Tid0x00000bc4] [debug] <--[C107] DL_Rom_GetInfoAll
[0000216] [17:41:53:519897] [Tid0x00000bc4] [debug] -->[C108] DL_Rom_SetEnableAttr #./api/api.cpp (line:2818)
[0000217] [17:41:53:519897] [Tid0x00000bc4] [debug] <--[C108] DL_Rom_SetEnableAttr
[0000218] [17:41:53:527897] [Tid0x00000bc4] [debug] -->[C109] DL_GetCount #./api/api.cpp (line:2599)
[0000219] [17:41:53:528897] [Tid0x00000bc4] [debug] <--[C109] DL_GetCount
[0000220] [17:41:53:528897] [Tid0x00000bc4] [debug] -->[C110] DL_Rom_GetInfoAll #./api/api.cpp (line:2764)
[0000221] [17:41:53:528897] [Tid0x00000bc4] [debug] <--[C110] DL_Rom_GetInfoAll
[0000222] [17:41:53:529897] [Tid0x00000bc4] [debug] -->[C111] DL_Rom_SetEnableAttr #./api/api.cpp (line:2818)
[0000223] [17:41:53:530897] [Tid0x00000bc4] [debug] <--[C111] DL_Rom_SetEnableAttr
[0000224] [17:41:53:530897] [Tid0x00000bc4] [debug] -->[C112] DL_GetCount #./api/api.cpp (line:2599)
[0000225] [17:41:53:530897] [Tid0x00000bc4] [debug] <--[C112] DL_GetCount
[0000226] [17:41:53:530897] [Tid0x00000bc4] [debug] -->[C113] DL_Rom_GetInfoAll #./api/api.cpp (line:2764)
[0000227] [17:41:53:530897] [Tid0x00000bc4] [debug] <--[C113] DL_Rom_GetInfoAll
[0000228] [17:41:53:532897] [Tid0x00000bc4] [debug] -->[C114] DL_Rom_SetEnableAttr #./api/api.cpp (line:2818)
[0000229] [17:41:53:532897] [Tid0x00000bc4] [debug] <--[C114] DL_Rom_SetEnableAttr
[0000230] [17:41:53:540897] [Tid0x00000bc4] [debug] -->[C115] DL_GetCount #./api/api.cpp (line:2599)
[0000231] [17:41:53:540897] [Tid0x00000bc4] [debug] <--[C115] DL_GetCount
[0000232] [17:41:53:540897] [Tid0x00000bc4] [debug] -->[C116] DL_Rom_GetInfoAll #./api/api.cpp (line:2764)
[0000233] [17:41:53:540897] [Tid0x00000bc4] [debug] <--[C116] DL_Rom_GetInfoAll
[0000234] [17:41:53:542897] [Tid0x00000bc4] [debug] -->[C117] DL_Rom_SetEnableAttr #./api/api.cpp (line:2818)
[0000235] [17:41:53:542897] [Tid0x00000bc4] [debug] <--[C117] DL_Rom_SetEnableAttr
[0000236] [17:41:53:550897] [Tid0x00000bc4] [debug] -->[C118] DL_SetChecksumLevel #./api/api.cpp (line:2528)
[0000237] [17:41:53:551897] [Tid0x00000bc4] [debug] <--[C118] DL_SetChecksumLevel
[0000238] [17:42:12:229897] [Tid0x00000bc4] [debug] -->[C119] DL_GetCount #./api/api.cpp (line:2599)
[0000239] [17:42:12:229897] [Tid0x00000bc4] [debug] <--[C119] DL_GetCount
[0000240] [17:42:12:229897] [Tid0x00000bc4] [debug] -->[C120] DL_Rom_GetInfoAll #./api/api.cpp (line:2764)
[0000241] [17:42:12:230897] [Tid0x00000bc4] [debug] <--[C120] DL_Rom_GetInfoAll
[0000242] [17:42:12:231897] [Tid0x00000bc4] [debug] -->[C121] DL_GetCount #./api/api.cpp (line:2599)
[0000243] [17:42:12:232897] [Tid0x00000bc4] [debug] <--[C121] DL_GetCount
[0000244] [17:42:12:232897] [Tid0x00000bc4] [debug] -->[C122] DL_Rom_GetInfoAll #./api/api.cpp (line:2764)
[0000245] [17:42:12:232897] [Tid0x00000bc4] [debug] <--[C122] DL_Rom_GetInfoAll
[0000246] [17:42:17:586897] [Tid0x00002d08] [debug] -->[C123] FlashTool_Connect_BROM_ByName #./api/api.cpp (line:1975)
[0000247] [17:42:17:586897] [Tid0x00002d08] [debug] -->[C124] FlashTool_Connect_BROM_Ex #./api/api.cpp (line:1880)
[0000248] [17:42:17:586897] [Tid0x00002d08] [debug] bCheckScatter: 1
[0000249] [17:42:17:586897] [Tid0x00002d08] [debug] have load scatter already
[0000250] [17:42:17:586897] [Tid0x00002d08] [debug] libversion 1
[0000251] [17:42:17:914897] [Tid0x00002d08] [debug] <--[C124] FlashTool_Connect_BROM_Ex
[0000252] [17:42:17:914897] [Tid0x00002d08] [debug] <--[C123] FlashTool_Connect_BROM_ByName
[0000253] [17:42:17:914897] [Tid0x00002d08] [debug] -->[C125] FlashTool_GetBootResult #./api/api.cpp (line:1987)
[0000254] [17:42:17:914897] [Tid0x00002d08] [debug] <--[C125] FlashTool_GetBootResult
[0000255] [17:42:17:914897] [Tid0x00002d08] [debug] -->[C126] FlashTool_Connect_Download_DA #./api/api.cpp (line:2007)
[0000256] [17:42:17:914897] [Tid0x00002d08] [debug] bCheckScatter: 1
[0000257] [17:42:21:882897] [Tid0x00002d08] [debug] <--[C126] FlashTool_Connect_Download_DA
[0000258] [17:42:21:902897] [Tid0x00002d08] [debug] -->[C127] FlashTool_CheckUSBStatus #./api/api.cpp (line:1154)
[0000259] [17:42:21:903897] [Tid0x00002d08] [debug] <--[C127] FlashTool_CheckUSBStatus
[0000260] [17:42:21:903897] [Tid0x00002d08] [debug] -->[C128] FlashTool_SetupUSBDL #./api/api.cpp (line:1115)
[0000261] [17:42:21:921897] [Tid0x00002d08] [debug] <--[C128] FlashTool_SetupUSBDL
[0000262] [17:42:23:083897] [Tid0x00002d08] [debug] -->[C129] FlashTool_ChangeCOM_Ex #./api/api.cpp (line:1093)
[0000263] [17:42:23:086897] [Tid0x00002d08] [debug] <--[C129] FlashTool_ChangeCOM_Ex
[0000264] [17:42:23:086897] [Tid0x00002d08] [debug] -->[C130] FlashTool_CheckUSBStatus #./api/api.cpp (line:1154)
[0000265] [17:42:23:087897] [Tid0x00002d08] [debug] <--[C130] FlashTool_CheckUSBStatus
[0000266] [17:42:23:088897] [Tid0x00002d08] [debug] -->[C131] FlashTool_GetReservedRomSize #./api/api.cpp (line:1677)
[0000267] [17:42:23:142897] [Tid0x00002d08] [debug] <--[C131] FlashTool_GetReservedRomSize
[0000268] [17:42:23:142897] [Tid0x00002d08] [debug] -->[C132] FlashTool_RomGetCount #./api/api.cpp (line:1702)
[0000269] [17:42:23:143897] [Tid0x00002d08] [debug] <--[C132] FlashTool_RomGetCount
[0000270] [17:42:23:143897] [Tid0x00002d08] [debug] -->[C133] FlashTool_RomGetInfoAll #./api/api.cpp (line:1726)
[0000271] [17:42:23:144897] [Tid0x00002d08] [debug] <--[C133] FlashTool_RomGetInfoAll
[0000272] [17:42:23:150897] [Tid0x00002d08] [debug] -->[C134] FlashTool_ReadPartitionCount #./api/api.cpp (line:1633)
[0000273] [17:42:23:180897] [Tid0x00002d08] [debug] <--[C134] FlashTool_ReadPartitionCount
[0000274] [17:42:23:180897] [Tid0x00002d08] [debug] -->[C135] FlashTool_ReadPartitionInfo #./api/api.cpp (line:1654)
[0000275] [17:42:23:180897] [Tid0x00002d08] [debug] <--[C135] FlashTool_ReadPartitionInfo
[0000276] [17:42:23:192897] [Tid0x00002d08] [debug] -->[C136] FlashTool_Download #./api/api.cpp (line:1300)
[0000277] [17:43:00:280897] [Tid0x00002d08] [debug] <--[C136] FlashTool_Download
[0000278] [17:43:00:376897] [Tid0x00002d08] [debug] -->[C137] FlashTool_Disconnect #./api/api.cpp (line:1033)
[0000279] [17:43:10:937897] [Tid0x00002d08] [debug] <--[C137] FlashTool_Disconnect
[0000280] [17:43:13:919897] [Tid0x00000bc4] [debug] -->[C138] DL_GetCount #./api/api.cpp (line:2599)
[0000281] [17:43:13:920897] [Tid0x00000bc4] [debug] <--[C138] DL_GetCount
[0000282] [17:43:13:920897] [Tid0x00000bc4] [debug] -->[C139] DL_Rom_GetInfoAll #./api/api.cpp (line:2764)
[0000283] [17:43:13:920897] [Tid0x00000bc4] [debug] <--[C139] DL_Rom_GetInfoAll
[0000284] [17:43:13:922897] [Tid0x00000bc4] [debug] -->[C140] DL_GetCount #./api/api.cpp (line:2599)
[0000285] [17:43:13:922897] [Tid0x00000bc4] [debug] <--[C140] DL_GetCount
[0000286] [17:43:13:922897] [Tid0x00000bc4] [debug] -->[C141] DL_Rom_GetInfoAll #./api/api.cpp (line:2764)
[0000287] [17:43:13:922897] [Tid0x00000bc4] [debug] <--[C141] DL_Rom_GetInfoAll
[0000288] [17:43:20:645897] [Tid0x000024d8] [debug] -->[C142] FlashTool_Connect_BROM_ByName #./api/api.cpp (line:1975)
[0000289] [17:43:20:645897] [Tid0x000024d8] [debug] -->[C143] FlashTool_Connect_BROM_Ex #./api/api.cpp (line:1880)
[0000290] [17:43:20:645897] [Tid0x000024d8] [debug] bCheckScatter: 1
[0000291] [17:43:20:645897] [Tid0x000024d8] [debug] have load scatter already
[0000292] [17:43:20:645897] [Tid0x000024d8] [debug] libversion 1
[0000293] [17:43:21:213897] [Tid0x000024d8] [debug] <--[C143] FlashTool_Connect_BROM_Ex
[0000294] [17:43:21:213897] [Tid0x000024d8] [debug] <--[C142] FlashTool_Connect_BROM_ByName
[0000295] [17:43:21:213897] [Tid0x000024d8] [debug] -->[C144] FlashTool_GetBootResult #./api/api.cpp (line:1987)
[0000296] [17:43:21:213897] [Tid0x000024d8] [debug] <--[C144] FlashTool_GetBootResult
[0000297] [17:43:21:213897] [Tid0x000024d8] [debug] -->[C145] FlashTool_Connect_Download_DA #./api/api.cpp (line:2007)
[0000298] [17:43:21:213897] [Tid0x000024d8] [debug] bCheckScatter: 1
[0000299] [17:43:21:367897] [Tid0x000024d8] [debug] <--[C145] FlashTool_Connect_Download_DA
[0000300] [17:43:21:367897] [Tid0x000024d8] [debug] -->[C146] FlashTool_Disconnect #./api/api.cpp (line:1033)
[0000301] [17:43:21:659897] [Tid0x000024d8] [debug] <--[C146] FlashTool_Disconnect
[0000302] [17:43:59:043897] [Tid0x00000bc4] [debug] -->[C147] DL_GetCount #./api/api.cpp (line:2599)
[0000303] [17:43:59:043897] [Tid0x00000bc4] [debug] <--[C147] DL_GetCount
[0000304] [17:43:59:043897] [Tid0x00000bc4] [debug] -->[C148] DL_Rom_GetInfoAll #./api/api.cpp (line:2764)
[0000305] [17:43:59:044897] [Tid0x00000bc4] [debug] <--[C148] DL_Rom_GetInfoAll
[0000306] [17:43:59:046897] [Tid0x00000bc4] [debug] -->[C149] DL_GetCount #./api/api.cpp (line:2599)
[0000307] [17:43:59:046897] [Tid0x00000bc4] [debug] <--[C149] DL_GetCount
[0000308] [17:43:59:046897] [Tid0x00000bc4] [debug] -->[C150] DL_Rom_GetInfoAll #./api/api.cpp (line:2764)
[0000309] [17:43:59:047897] [Tid0x00000bc4] [debug] <--[C150] DL_Rom_GetInfoAll
[0000310] [17:44:04:795897] [Tid0x00000df4] [debug] -->[C151] FlashTool_Connect_BROM_ByName #./api/api.cpp (line:1975)
[0000311] [17:44:04:795897] [Tid0x00000df4] [debug] -->[C152] FlashTool_Connect_BROM_Ex #./api/api.cpp (line:1880)
[0000312] [17:44:04:795897] [Tid0x00000df4] [debug] bCheckScatter: 1
[0000313] [17:44:04:795897] [Tid0x00000df4] [debug] have load scatter already
[0000314] [17:44:04:795897] [Tid0x00000df4] [debug] libversion 1
[0000315] [17:44:36:061897] [Tid0x00000df4] [debug] <--[C152] FlashTool_Connect_BROM_Ex
[0000316] [17:44:36:061897] [Tid0x00000df4] [debug] <--[C151] FlashTool_Connect_BROM_ByName
[0000317] [17:44:36:062897] [Tid0x00000df4] [debug] -->[C153] FlashTool_Disconnect_BROM #./api/api.cpp (line:1051)
[0000318] [17:44:36:062897] [Tid0x00000df4] [debug] <--[C153] FlashTool_Disconnect_BROM
[0000319] [17:45:08:062897] [Tid0x00000bc4] [debug] -->[C154] DL_GetCount #./api/api.cpp (line:2599)
[0000320] [17:45:08:063897] [Tid0x00000bc4] [debug] <--[C154] DL_GetCount
[0000321] [17:45:08:063897] [Tid0x00000bc4] [debug] -->[C155] DL_Rom_GetInfoAll #./api/api.cpp (line:2764)
[0000322] [17:45:08:063897] [Tid0x00000bc4] [debug] <--[C155] DL_Rom_GetInfoAll
[0000323] [17:45:08:065897] [Tid0x00000bc4] [debug] -->[C156] DL_GetCount #./api/api.cpp (line:2599)
[0000324] [17:45:08:065897] [Tid0x00000bc4] [debug] <--[C156] DL_GetCount
[0000325] [17:45:08:065897] [Tid0x00000bc4] [debug] -->[C157] DL_Rom_GetInfoAll #./api/api.cpp (line:2764)
[0000326] [17:45:08:065897] [Tid0x00000bc4] [debug] <--[C157] DL_Rom_GetInfoAll
[0000327] [17:45:12:771897] [Tid0x0000332c] [debug] -->[C158] FlashTool_Connect_BROM_ByName #./api/api.cpp (line:1975)
[0000328] [17:45:12:771897] [Tid0x0000332c] [debug] -->[C159] FlashTool_Connect_BROM_Ex #./api/api.cpp (line:1880)
[0000329] [17:45:12:771897] [Tid0x0000332c] [debug] bCheckScatter: 1
[0000330] [17:45:12:771897] [Tid0x0000332c] [debug] have load scatter already
[0000331] [17:45:12:771897] [Tid0x0000332c] [debug] libversion 1
[0000332] [17:45:12:819897] [Tid0x0000332c] [debug] <--[C159] FlashTool_Connect_BROM_Ex
[0000333] [17:45:12:819897] [Tid0x0000332c] [debug] <--[C158] FlashTool_Connect_BROM_ByName
[0000334] [17:45:12:819897] [Tid0x0000332c] [debug] -->[C160] FlashTool_GetBootResult #./api/api.cpp (line:1987)
[0000335] [17:45:12:819897] [Tid0x0000332c] [debug] <--[C160] FlashTool_GetBootResult
[0000336] [17:45:12:819897] [Tid0x0000332c] [debug] -->[C161] FlashTool_Connect_Download_DA #./api/api.cpp (line:2007)
[0000337] [17:45:12:819897] [Tid0x0000332c] [debug] bCheckScatter: 1
[0000338] [17:45:16:148897] [Tid0x0000332c] [debug] <--[C161] FlashTool_Connect_Download_DA
[0000339] [17:45:16:148897] [Tid0x0000332c] [debug] -->[C162] FlashTool_CheckUSBStatus #./api/api.cpp (line:1154)
[0000340] [17:45:16:149897] [Tid0x0000332c] [debug] <--[C162] FlashTool_CheckUSBStatus
[0000341] [17:45:16:149897] [Tid0x0000332c] [debug] -->[C163] FlashTool_SetupUSBDL #./api/api.cpp (line:1115)
[0000342] [17:45:16:155897] [Tid0x0000332c] [debug] <--[C163] FlashTool_SetupUSBDL
[0000343] [17:45:17:434897] [Tid0x0000332c] [debug] -->[C164] FlashTool_ChangeCOM_Ex #./api/api.cpp (line:1093)
[0000344] [17:45:17:436897] [Tid0x0000332c] [debug] <--[C164] FlashTool_ChangeCOM_Ex
[0000345] [17:45:17:437897] [Tid0x0000332c] [debug] -->[C165] FlashTool_CheckUSBStatus #./api/api.cpp (line:1154)
[0000346] [17:45:17:438897] [Tid0x0000332c] [debug] <--[C165] FlashTool_CheckUSBStatus
[0000347] [17:45:17:438897] [Tid0x0000332c] [debug] -->[C166] FlashTool_GetReservedRomSize #./api/api.cpp (line:1677)
[0000348] [17:45:17:438897] [Tid0x0000332c] [debug] <--[C166] FlashTool_GetReservedRomSize
[0000349] [17:45:17:438897] [Tid0x0000332c] [debug] -->[C167] FlashTool_RomGetCount #./api/api.cpp (line:1702)
[0000350] [17:45:17:439897] [Tid0x0000332c] [debug] <--[C167] FlashTool_RomGetCount
[0000351] [17:45:17:439897] [Tid0x0000332c] [debug] -->[C168] FlashTool_RomGetInfoAll #./api/api.cpp (line:1726)
[0000352] [17:45:17:440897] [Tid0x0000332c] [debug] <--[C168] FlashTool_RomGetInfoAll
[0000353] [17:45:17:440897] [Tid0x0000332c] [debug] -->[C169] FlashTool_ReadPartitionCount #./api/api.cpp (line:1633)
[0000354] [17:45:17:470897] [Tid0x0000332c] [debug] <--[C169] FlashTool_ReadPartitionCount
[0000355] [17:45:17:470897] [Tid0x0000332c] [debug] -->[C170] FlashTool_ReadPartitionInfo #./api/api.cpp (line:1654)
[0000356] [17:45:17:470897] [Tid0x0000332c] [debug] <--[C170] FlashTool_ReadPartitionInfo
[0000357] [17:45:17:473897] [Tid0x0000332c] [debug] -->[C171] FlashTool_Download #./api/api.cpp (line:1300)
[0000358] [17:48:03:685897] [Tid0x0000332c] [debug] <--[C171] FlashTool_Download
[0000359] [17:48:03:685897] [Tid0x0000332c] [debug] -->[C172] DL_GetCount #./api/api.cpp (line:2599)
[0000360] [17:48:03:685897] [Tid0x0000332c] [debug] <--[C172] DL_GetCount
[0000361] [17:48:03:686897] [Tid0x0000332c] [debug] -->[C173] DL_Rom_GetInfoAll #./api/api.cpp (line:2764)
[0000362] [17:48:03:686897] [Tid0x0000332c] [debug] <--[C173] DL_Rom_GetInfoAll
[0000363] [17:48:03:686897] [Tid0x0000332c] [debug] -->[C174] FlashTool_Disconnect #./api/api.cpp (line:1033)
[0000364] [17:48:03:715897] [Tid0x0000332c] [debug] <--[C174] FlashTool_Disconnect
[0000365] [17:49:27:447897] [Tid0x00000bc4] [debug] -->[C175] DL_Rom_UnloadAll #./api/api.cpp (line:2807)
[0000366] [17:49:27:450897] [Tid0x00000bc4] [debug] <--[C175] DL_Rom_UnloadAll
