[0000001] [10:23:03:836804] [Tid0x00000158] [debug] -->[C1] DL_LoadScatter #./api/api.cpp (line:2486)
[0000002] [10:23:04:024004] [Tid0x00000158] [debug] used lib version: 1
[0000003] [10:23:04:024004] [Tid0x00000158] [debug] <--[C1] DL_LoadScatter
[0000004] [10:23:04:024004] [Tid0x00000158] [debug] -->[C2] DL_AutoLoadRomImages #./api/api.cpp (line:2679)
[0000005] [10:23:05:277804] [Tid0x00000158] [debug] <--[C2] DL_AutoLoadRomImages
[0000006] [10:23:05:277804] [Tid0x00000158] [debug] -->[C3] DL_GetCount #./api/api.cpp (line:2599)
[0000007] [10:23:05:277804] [Tid0x00000158] [debug] <--[C3] DL_GetCount
[0000008] [10:23:05:277804] [Tid0x00000158] [debug] -->[C4] DL_Rom_GetInfoAll #./api/api.cpp (line:2764)
[0000009] [10:23:05:277804] [Tid0x00000158] [debug] <--[C4] DL_Rom_GetInfoAll
[0000010] [10:23:05:277804] [Tid0x00000158] [debug] -->[C5] DL_VerifyROMMemBuf #./api/api.cpp (line:2556)
[0000011] [10:23:05:277804] [Tid0x00000158] [debug] <--[C5] DL_VerifyROMMemBuf
[0000012] [10:23:05:277804] [Tid0x00000158] [debug] -->[C6] DL_VerifyROMMemBuf #./api/api.cpp (line:2556)
[0000013] [10:23:05:277804] [Tid0x00000158] [debug] <--[C6] DL_VerifyROMMemBuf
[0000014] [10:23:05:277804] [Tid0x00000158] [debug] -->[C7] DL_VerifyROMMemBuf #./api/api.cpp (line:2556)
[0000015] [10:23:05:324604] [Tid0x00000158] [debug] <--[C7] DL_VerifyROMMemBuf
[0000016] [10:23:05:324604] [Tid0x00000158] [debug] -->[C8] DL_VerifyROMMemBuf #./api/api.cpp (line:2556)
[0000017] [10:23:05:371404] [Tid0x00000158] [debug] <--[C8] DL_VerifyROMMemBuf
[0000018] [10:23:05:371404] [Tid0x00000158] [debug] -->[C9] DL_VerifyROMMemBuf #./api/api.cpp (line:2556)
[0000019] [10:23:05:387004] [Tid0x00000158] [debug] <--[C9] DL_VerifyROMMemBuf
[0000020] [10:23:05:387004] [Tid0x00000158] [debug] -->[C10] DL_VerifyROMMemBuf #./api/api.cpp (line:2556)
[0000021] [10:23:05:387004] [Tid0x00000158] [debug] <--[C10] DL_VerifyROMMemBuf
[0000022] [10:23:05:387004] [Tid0x00000158] [debug] -->[C11] DL_VerifyROMMemBuf #./api/api.cpp (line:2556)
[0000023] [10:23:05:387004] [Tid0x00000158] [debug] <--[C11] DL_VerifyROMMemBuf
[0000024] [10:23:05:387004] [Tid0x00000158] [debug] -->[C12] DL_VerifyROMMemBuf #./api/api.cpp (line:2556)
[0000025] [10:23:05:387004] [Tid0x00000158] [debug] <--[C12] DL_VerifyROMMemBuf
[0000026] [10:23:05:387004] [Tid0x00000158] [debug] -->[C13] DL_VerifyROMMemBuf #./api/api.cpp (line:2556)
[0000027] [10:23:56:641204] [Tid0x00000158] [debug] <--[C13] DL_VerifyROMMemBuf
[0000028] [10:23:56:641204] [Tid0x00000158] [debug] -->[C14] DL_VerifyROMMemBuf #./api/api.cpp (line:2556)
[0000029] [10:23:57:253604] [Tid0x00000158] [debug] <--[C14] DL_VerifyROMMemBuf
[0000030] [10:23:57:253604] [Tid0x00000158] [debug] -->[C15] DL_VerifyROMMemBuf #./api/api.cpp (line:2556)
[0000031] [10:23:58:847204] [Tid0x00000158] [debug] <--[C15] DL_VerifyROMMemBuf
[0000032] [10:23:59:692604] [Tid0x00000c64] [debug] -->[C16] DL_GetCount #./api/api.cpp (line:2599)
[0000033] [10:23:59:692604] [Tid0x00000c64] [debug] <--[C16] DL_GetCount
[0000034] [10:23:59:692604] [Tid0x00000c64] [debug] -->[C17] DL_Rom_GetInfoAll #./api/api.cpp (line:2764)
[0000035] [10:23:59:692604] [Tid0x00000c64] [debug] <--[C17] DL_Rom_GetInfoAll
[0000036] [10:23:59:912004] [Tid0x00000c64] [debug] -->[C18] DL_GetScatterInfo #./api/api.cpp (line:2700)
[0000037] [10:23:59:912004] [Tid0x00000c64] [debug] <--[C18] DL_GetScatterInfo
[0000038] [10:24:00:080204] [Tid0x00000c64] [debug] -->[C19] DL_GetCount #./api/api.cpp (line:2599)
[0000039] [10:24:00:080204] [Tid0x00000c64] [debug] <--[C19] DL_GetCount
[0000040] [10:24:00:080204] [Tid0x00000c64] [debug] -->[C20] DL_Rom_GetInfoAll #./api/api.cpp (line:2764)
[0000041] [10:24:00:080204] [Tid0x00000c64] [debug] <--[C20] DL_Rom_GetInfoAll
[0000042] [10:24:00:080204] [Tid0x00000c64] [debug] -->[C21] DL_Rom_SetEnableAttr #./api/api.cpp (line:2818)
[0000043] [10:24:00:080204] [Tid0x00000c64] [debug] <--[C21] DL_Rom_SetEnableAttr
[0000044] [10:24:00:080204] [Tid0x00000c64] [debug] -->[C22] DL_GetCount #./api/api.cpp (line:2599)
[0000045] [10:24:00:080204] [Tid0x00000c64] [debug] <--[C22] DL_GetCount
[0000046] [10:24:00:080204] [Tid0x00000c64] [debug] -->[C23] DL_Rom_GetInfoAll #./api/api.cpp (line:2764)
[0000047] [10:24:00:080204] [Tid0x00000c64] [debug] <--[C23] DL_Rom_GetInfoAll
[0000048] [10:24:00:080204] [Tid0x00000c64] [debug] -->[C24] DL_Rom_SetEnableAttr #./api/api.cpp (line:2818)
[0000049] [10:24:00:080204] [Tid0x00000c64] [debug] <--[C24] DL_Rom_SetEnableAttr
[0000050] [10:24:00:268404] [Tid0x00000c64] [debug] -->[C25] DL_GetCount #./api/api.cpp (line:2599)
[0000051] [10:24:00:268404] [Tid0x00000c64] [debug] <--[C25] DL_GetCount
[0000052] [10:24:00:268404] [Tid0x00000c64] [debug] -->[C26] DL_Rom_GetInfoAll #./api/api.cpp (line:2764)
[0000053] [10:24:00:268404] [Tid0x00000c64] [debug] <--[C26] DL_Rom_GetInfoAll
[0000054] [10:24:00:268404] [Tid0x00000c64] [debug] -->[C27] DL_Rom_SetEnableAttr #./api/api.cpp (line:2818)
[0000055] [10:24:00:268404] [Tid0x00000c64] [debug] <--[C27] DL_Rom_SetEnableAttr
[0000056] [10:24:00:284004] [Tid0x00000c64] [debug] -->[C28] DL_GetCount #./api/api.cpp (line:2599)
[0000057] [10:24:00:284004] [Tid0x00000c64] [debug] <--[C28] DL_GetCount
[0000058] [10:24:00:284004] [Tid0x00000c64] [debug] -->[C29] DL_Rom_GetInfoAll #./api/api.cpp (line:2764)
[0000059] [10:24:00:284004] [Tid0x00000c64] [debug] <--[C29] DL_Rom_GetInfoAll
[0000060] [10:24:00:284004] [Tid0x00000c64] [debug] -->[C30] DL_Rom_SetEnableAttr #./api/api.cpp (line:2818)
[0000061] [10:24:00:284004] [Tid0x00000c64] [debug] <--[C30] DL_Rom_SetEnableAttr
[0000062] [10:24:00:284004] [Tid0x00000c64] [debug] -->[C31] DL_GetCount #./api/api.cpp (line:2599)
[0000063] [10:24:00:284004] [Tid0x00000c64] [debug] <--[C31] DL_GetCount
[0000064] [10:24:00:284004] [Tid0x00000c64] [debug] -->[C32] DL_Rom_GetInfoAll #./api/api.cpp (line:2764)
[0000065] [10:24:00:284004] [Tid0x00000c64] [debug] <--[C32] DL_Rom_GetInfoAll
[0000066] [10:24:00:284004] [Tid0x00000c64] [debug] -->[C33] DL_Rom_SetEnableAttr #./api/api.cpp (line:2818)
[0000067] [10:24:00:284004] [Tid0x00000c64] [debug] <--[C33] DL_Rom_SetEnableAttr
[0000068] [10:24:00:285004] [Tid0x00000c64] [debug] -->[C34] DL_GetCount #./api/api.cpp (line:2599)
[0000069] [10:24:00:285004] [Tid0x00000c64] [debug] <--[C34] DL_GetCount
[0000070] [10:24:00:285004] [Tid0x00000c64] [debug] -->[C35] DL_Rom_GetInfoAll #./api/api.cpp (line:2764)
[0000071] [10:24:00:285004] [Tid0x00000c64] [debug] <--[C35] DL_Rom_GetInfoAll
[0000072] [10:24:00:285004] [Tid0x00000c64] [debug] -->[C36] DL_Rom_SetEnableAttr #./api/api.cpp (line:2818)
[0000073] [10:24:00:285004] [Tid0x00000c64] [debug] <--[C36] DL_Rom_SetEnableAttr
[0000074] [10:24:00:285004] [Tid0x00000c64] [debug] -->[C37] DL_GetCount #./api/api.cpp (line:2599)
[0000075] [10:24:00:285004] [Tid0x00000c64] [debug] <--[C37] DL_GetCount
[0000076] [10:24:00:285004] [Tid0x00000c64] [debug] -->[C38] DL_Rom_GetInfoAll #./api/api.cpp (line:2764)
[0000077] [10:24:00:285004] [Tid0x00000c64] [debug] <--[C38] DL_Rom_GetInfoAll
[0000078] [10:24:00:287004] [Tid0x00000c64] [debug] -->[C39] DL_Rom_SetEnableAttr #./api/api.cpp (line:2818)
[0000079] [10:24:00:287004] [Tid0x00000c64] [debug] <--[C39] DL_Rom_SetEnableAttr
[0000080] [10:24:00:287004] [Tid0x00000c64] [debug] -->[C40] DL_GetCount #./api/api.cpp (line:2599)
[0000081] [10:24:00:287004] [Tid0x00000c64] [debug] <--[C40] DL_GetCount
[0000082] [10:24:00:287004] [Tid0x00000c64] [debug] -->[C41] DL_Rom_GetInfoAll #./api/api.cpp (line:2764)
[0000083] [10:24:00:371404] [Tid0x00000c64] [debug] <--[C41] DL_Rom_GetInfoAll
[0000084] [10:24:00:371404] [Tid0x00000c64] [debug] -->[C42] DL_Rom_SetEnableAttr #./api/api.cpp (line:2818)
[0000085] [10:24:00:371404] [Tid0x00000c64] [debug] <--[C42] DL_Rom_SetEnableAttr
[0000086] [10:24:00:387004] [Tid0x00000c64] [debug] -->[C43] DL_GetCount #./api/api.cpp (line:2599)
[0000087] [10:24:00:387004] [Tid0x00000c64] [debug] <--[C43] DL_GetCount
[0000088] [10:24:00:387004] [Tid0x00000c64] [debug] -->[C44] DL_Rom_GetInfoAll #./api/api.cpp (line:2764)
[0000089] [10:24:00:387004] [Tid0x00000c64] [debug] <--[C44] DL_Rom_GetInfoAll
[0000090] [10:24:00:496204] [Tid0x00000c64] [debug] -->[C45] DL_Rom_SetEnableAttr #./api/api.cpp (line:2818)
[0000091] [10:24:00:496204] [Tid0x00000c64] [debug] <--[C45] DL_Rom_SetEnableAttr
[0000092] [10:24:00:511804] [Tid0x00000c64] [debug] -->[C46] DL_GetCount #./api/api.cpp (line:2599)
[0000093] [10:24:00:511804] [Tid0x00000c64] [debug] <--[C46] DL_GetCount
[0000094] [10:24:00:511804] [Tid0x00000c64] [debug] -->[C47] DL_Rom_GetInfoAll #./api/api.cpp (line:2764)
[0000095] [10:24:00:511804] [Tid0x00000c64] [debug] <--[C47] DL_Rom_GetInfoAll
[0000096] [10:24:00:511804] [Tid0x00000c64] [debug] -->[C48] DL_Rom_SetEnableAttr #./api/api.cpp (line:2818)
[0000097] [10:24:00:511804] [Tid0x00000c64] [debug] <--[C48] DL_Rom_SetEnableAttr
[0000098] [10:24:00:511804] [Tid0x00000c64] [debug] -->[C49] DL_GetCount #./api/api.cpp (line:2599)
[0000099] [10:24:00:511804] [Tid0x00000c64] [debug] <--[C49] DL_GetCount
[0000100] [10:24:00:511804] [Tid0x00000c64] [debug] -->[C50] DL_Rom_GetInfoAll #./api/api.cpp (line:2764)
[0000101] [10:24:00:511804] [Tid0x00000c64] [debug] <--[C50] DL_Rom_GetInfoAll
[0000102] [10:24:00:511804] [Tid0x00000c64] [debug] -->[C51] DL_Rom_SetEnableAttr #./api/api.cpp (line:2818)
[0000103] [10:24:00:511804] [Tid0x00000c64] [debug] <--[C51] DL_Rom_SetEnableAttr
[0000104] [10:24:00:511804] [Tid0x00000c64] [debug] -->[C52] DL_GetCount #./api/api.cpp (line:2599)
[0000105] [10:24:00:511804] [Tid0x00000c64] [debug] <--[C52] DL_GetCount
[0000106] [10:24:00:511804] [Tid0x00000c64] [debug] -->[C53] DL_Rom_GetInfoAll #./api/api.cpp (line:2764)
[0000107] [10:24:00:511804] [Tid0x00000c64] [debug] <--[C53] DL_Rom_GetInfoAll
[0000108] [10:24:00:527404] [Tid0x00000c64] [debug] -->[C54] DL_Rom_SetEnableAttr #./api/api.cpp (line:2818)
[0000109] [10:24:00:527404] [Tid0x00000c64] [debug] <--[C54] DL_Rom_SetEnableAttr
[0000110] [10:24:00:527404] [Tid0x00000c64] [debug] -->[C55] DL_GetCount #./api/api.cpp (line:2599)
[0000111] [10:24:00:527404] [Tid0x00000c64] [debug] <--[C55] DL_GetCount
[0000112] [10:24:00:527404] [Tid0x00000c64] [debug] -->[C56] DL_Rom_GetInfoAll #./api/api.cpp (line:2764)
[0000113] [10:24:00:527404] [Tid0x00000c64] [debug] <--[C56] DL_Rom_GetInfoAll
[0000114] [10:24:00:527404] [Tid0x00000c64] [debug] -->[C57] DL_Rom_SetEnableAttr #./api/api.cpp (line:2818)
[0000115] [10:24:00:527404] [Tid0x00000c64] [debug] <--[C57] DL_Rom_SetEnableAttr
[0000116] [10:24:00:527404] [Tid0x00000c64] [debug] -->[C58] DL_GetCount #./api/api.cpp (line:2599)
[0000117] [10:24:00:527404] [Tid0x00000c64] [debug] <--[C58] DL_GetCount
[0000118] [10:24:00:527404] [Tid0x00000c64] [debug] -->[C59] DL_Rom_GetInfoAll #./api/api.cpp (line:2764)
[0000119] [10:24:00:527404] [Tid0x00000c64] [debug] <--[C59] DL_Rom_GetInfoAll
[0000120] [10:24:00:527404] [Tid0x00000c64] [debug] -->[C60] DL_Rom_SetEnableAttr #./api/api.cpp (line:2818)
[0000121] [10:24:00:527404] [Tid0x00000c64] [debug] <--[C60] DL_Rom_SetEnableAttr
[0000122] [10:24:00:543004] [Tid0x00000c64] [debug] -->[C61] DL_GetCount #./api/api.cpp (line:2599)
[0000123] [10:24:00:543004] [Tid0x00000c64] [debug] <--[C61] DL_GetCount
[0000124] [10:24:00:543004] [Tid0x00000c64] [debug] -->[C62] DL_Rom_GetInfoAll #./api/api.cpp (line:2764)
[0000125] [10:24:00:543004] [Tid0x00000c64] [debug] <--[C62] DL_Rom_GetInfoAll
[0000126] [10:24:00:543004] [Tid0x00000c64] [debug] -->[C63] DL_Rom_SetEnableAttr #./api/api.cpp (line:2818)
[0000127] [10:24:00:543004] [Tid0x00000c64] [debug] <--[C63] DL_Rom_SetEnableAttr
[0000128] [10:24:00:558604] [Tid0x00000c64] [debug] -->[C64] DL_GetCount #./api/api.cpp (line:2599)
[0000129] [10:24:00:558604] [Tid0x00000c64] [debug] <--[C64] DL_GetCount
[0000130] [10:24:00:558604] [Tid0x00000c64] [debug] -->[C65] DL_Rom_GetInfoAll #./api/api.cpp (line:2764)
[0000131] [10:24:00:558604] [Tid0x00000c64] [debug] <--[C65] DL_Rom_GetInfoAll
[0000132] [10:24:00:558604] [Tid0x00000c64] [debug] -->[C66] DL_Rom_SetEnableAttr #./api/api.cpp (line:2818)
[0000133] [10:24:00:558604] [Tid0x00000c64] [debug] <--[C66] DL_Rom_SetEnableAttr
[0000134] [10:24:00:558604] [Tid0x00000c64] [debug] -->[C67] DL_GetCount #./api/api.cpp (line:2599)
[0000135] [10:24:00:558604] [Tid0x00000c64] [debug] <--[C67] DL_GetCount
[0000136] [10:24:00:558604] [Tid0x00000c64] [debug] -->[C68] DL_Rom_GetInfoAll #./api/api.cpp (line:2764)
[0000137] [10:24:00:558604] [Tid0x00000c64] [debug] <--[C68] DL_Rom_GetInfoAll
[0000138] [10:24:00:558604] [Tid0x00000c64] [debug] -->[C69] DL_Rom_SetEnableAttr #./api/api.cpp (line:2818)
[0000139] [10:24:00:558604] [Tid0x00000c64] [debug] <--[C69] DL_Rom_SetEnableAttr
[0000140] [10:24:00:558604] [Tid0x00000c64] [debug] -->[C70] DL_GetCount #./api/api.cpp (line:2599)
[0000141] [10:24:00:558604] [Tid0x00000c64] [debug] <--[C70] DL_GetCount
[0000142] [10:24:00:558604] [Tid0x00000c64] [debug] -->[C71] DL_Rom_GetInfoAll #./api/api.cpp (line:2764)
[0000143] [10:24:00:559604] [Tid0x00000c64] [debug] <--[C71] DL_Rom_GetInfoAll
[0000144] [10:24:00:559604] [Tid0x00000c64] [debug] -->[C72] DL_Rom_SetEnableAttr #./api/api.cpp (line:2818)
[0000145] [10:24:00:559604] [Tid0x00000c64] [debug] <--[C72] DL_Rom_SetEnableAttr
[0000146] [10:24:00:559604] [Tid0x00000c64] [debug] -->[C73] DL_GetCount #./api/api.cpp (line:2599)
[0000147] [10:24:00:559604] [Tid0x00000c64] [debug] <--[C73] DL_GetCount
[0000148] [10:24:00:559604] [Tid0x00000c64] [debug] -->[C74] DL_Rom_GetInfoAll #./api/api.cpp (line:2764)
[0000149] [10:24:00:935804] [Tid0x00000c64] [debug] <--[C74] DL_Rom_GetInfoAll
[0000150] [10:24:00:935804] [Tid0x00000c64] [debug] -->[C75] DL_Rom_SetEnableAttr #./api/api.cpp (line:2818)
[0000151] [10:24:00:935804] [Tid0x00000c64] [debug] <--[C75] DL_Rom_SetEnableAttr
[0000152] [10:24:00:935804] [Tid0x00000c64] [debug] -->[C76] DL_GetCount #./api/api.cpp (line:2599)
[0000153] [10:24:00:935804] [Tid0x00000c64] [debug] <--[C76] DL_GetCount
[0000154] [10:24:00:935804] [Tid0x00000c64] [debug] -->[C77] DL_Rom_GetInfoAll #./api/api.cpp (line:2764)
[0000155] [10:24:00:935804] [Tid0x00000c64] [debug] <--[C77] DL_Rom_GetInfoAll
[0000156] [10:24:00:935804] [Tid0x00000c64] [debug] -->[C78] DL_Rom_SetEnableAttr #./api/api.cpp (line:2818)
[0000157] [10:24:00:935804] [Tid0x00000c64] [debug] <--[C78] DL_Rom_SetEnableAttr
[0000158] [10:24:01:030404] [Tid0x00000c64] [debug] -->[C79] DL_GetCount #./api/api.cpp (line:2599)
[0000159] [10:24:01:030404] [Tid0x00000c64] [debug] <--[C79] DL_GetCount
[0000160] [10:24:01:030404] [Tid0x00000c64] [debug] -->[C80] DL_Rom_GetInfoAll #./api/api.cpp (line:2764)
[0000161] [10:24:01:030404] [Tid0x00000c64] [debug] <--[C80] DL_Rom_GetInfoAll
[0000162] [10:24:01:030404] [Tid0x00000c64] [debug] -->[C81] DL_Rom_SetEnableAttr #./api/api.cpp (line:2818)
[0000163] [10:24:01:030404] [Tid0x00000c64] [debug] <--[C81] DL_Rom_SetEnableAttr
[0000164] [10:24:01:046004] [Tid0x00000c64] [debug] -->[C82] DL_GetCount #./api/api.cpp (line:2599)
[0000165] [10:24:01:046004] [Tid0x00000c64] [debug] <--[C82] DL_GetCount
[0000166] [10:24:01:046004] [Tid0x00000c64] [debug] -->[C83] DL_Rom_GetInfoAll #./api/api.cpp (line:2764)
[0000167] [10:24:01:046004] [Tid0x00000c64] [debug] <--[C83] DL_Rom_GetInfoAll
[0000168] [10:24:01:046004] [Tid0x00000c64] [debug] -->[C84] DL_Rom_SetEnableAttr #./api/api.cpp (line:2818)
[0000169] [10:24:01:046004] [Tid0x00000c64] [debug] <--[C84] DL_Rom_SetEnableAttr
[0000170] [10:24:01:047004] [Tid0x00000c64] [debug] -->[C85] DL_GetCount #./api/api.cpp (line:2599)
[0000171] [10:24:01:047004] [Tid0x00000c64] [debug] <--[C85] DL_GetCount
[0000172] [10:24:01:047004] [Tid0x00000c64] [debug] -->[C86] DL_Rom_GetInfoAll #./api/api.cpp (line:2764)
[0000173] [10:24:01:047004] [Tid0x00000c64] [debug] <--[C86] DL_Rom_GetInfoAll
[0000174] [10:24:01:047004] [Tid0x00000c64] [debug] -->[C87] DL_Rom_SetEnableAttr #./api/api.cpp (line:2818)
[0000175] [10:24:01:047004] [Tid0x00000c64] [debug] <--[C87] DL_Rom_SetEnableAttr
[0000176] [10:24:01:047004] [Tid0x00000c64] [debug] -->[C88] DL_GetCount #./api/api.cpp (line:2599)
[0000177] [10:24:01:047004] [Tid0x00000c64] [debug] <--[C88] DL_GetCount
[0000178] [10:24:01:047004] [Tid0x00000c64] [debug] -->[C89] DL_Rom_GetInfoAll #./api/api.cpp (line:2764)
[0000179] [10:24:01:049004] [Tid0x00000c64] [debug] <--[C89] DL_Rom_GetInfoAll
[0000180] [10:24:01:051004] [Tid0x00000c64] [debug] -->[C90] DL_Rom_SetEnableAttr #./api/api.cpp (line:2818)
[0000181] [10:24:01:051004] [Tid0x00000c64] [debug] <--[C90] DL_Rom_SetEnableAttr
[0000182] [10:24:01:062004] [Tid0x00000c64] [debug] -->[C91] DL_GetCount #./api/api.cpp (line:2599)
[0000183] [10:24:01:062004] [Tid0x00000c64] [debug] <--[C91] DL_GetCount
[0000184] [10:24:01:062004] [Tid0x00000c64] [debug] -->[C92] DL_Rom_GetInfoAll #./api/api.cpp (line:2764)
[0000185] [10:24:01:063004] [Tid0x00000c64] [debug] <--[C92] DL_Rom_GetInfoAll
[0000186] [10:24:01:064004] [Tid0x00000c64] [debug] -->[C93] DL_Rom_SetEnableAttr #./api/api.cpp (line:2818)
[0000187] [10:24:01:064004] [Tid0x00000c64] [debug] <--[C93] DL_Rom_SetEnableAttr
[0000188] [10:24:01:064004] [Tid0x00000c64] [debug] -->[C94] DL_GetCount #./api/api.cpp (line:2599)
[0000189] [10:24:01:065004] [Tid0x00000c64] [debug] <--[C94] DL_GetCount
[0000190] [10:24:01:065004] [Tid0x00000c64] [debug] -->[C95] DL_Rom_GetInfoAll #./api/api.cpp (line:2764)
[0000191] [10:24:01:065004] [Tid0x00000c64] [debug] <--[C95] DL_Rom_GetInfoAll
[0000192] [10:24:01:067004] [Tid0x00000c64] [debug] -->[C96] DL_Rom_SetEnableAttr #./api/api.cpp (line:2818)
[0000193] [10:24:01:067004] [Tid0x00000c64] [debug] <--[C96] DL_Rom_SetEnableAttr
[0000194] [10:24:01:260004] [Tid0x00000c64] [debug] -->[C97] DL_GetCount #./api/api.cpp (line:2599)
[0000195] [10:24:01:260004] [Tid0x00000c64] [debug] <--[C97] DL_GetCount
[0000196] [10:24:01:260004] [Tid0x00000c64] [debug] -->[C98] DL_Rom_GetInfoAll #./api/api.cpp (line:2764)
[0000197] [10:24:01:260004] [Tid0x00000c64] [debug] <--[C98] DL_Rom_GetInfoAll
[0000198] [10:24:01:260004] [Tid0x00000c64] [debug] -->[C99] DL_Rom_SetEnableAttr #./api/api.cpp (line:2818)
[0000199] [10:24:01:260004] [Tid0x00000c64] [debug] <--[C99] DL_Rom_SetEnableAttr
[0000200] [10:24:01:275604] [Tid0x00000c64] [debug] -->[C100] DL_GetCount #./api/api.cpp (line:2599)
[0000201] [10:24:01:275604] [Tid0x00000c64] [debug] <--[C100] DL_GetCount
[0000202] [10:24:01:275604] [Tid0x00000c64] [debug] -->[C101] DL_Rom_GetInfoAll #./api/api.cpp (line:2764)
[0000203] [10:24:01:275604] [Tid0x00000c64] [debug] <--[C101] DL_Rom_GetInfoAll
[0000204] [10:24:01:275604] [Tid0x00000c64] [debug] -->[C102] DL_Rom_SetEnableAttr #./api/api.cpp (line:2818)
[0000205] [10:24:01:275604] [Tid0x00000c64] [debug] <--[C102] DL_Rom_SetEnableAttr
[0000206] [10:24:01:275604] [Tid0x00000c64] [debug] -->[C103] DL_GetCount #./api/api.cpp (line:2599)
[0000207] [10:24:01:275604] [Tid0x00000c64] [debug] <--[C103] DL_GetCount
[0000208] [10:24:01:275604] [Tid0x00000c64] [debug] -->[C104] DL_Rom_GetInfoAll #./api/api.cpp (line:2764)
[0000209] [10:24:01:275604] [Tid0x00000c64] [debug] <--[C104] DL_Rom_GetInfoAll
[0000210] [10:24:01:275604] [Tid0x00000c64] [debug] -->[C105] DL_Rom_SetEnableAttr #./api/api.cpp (line:2818)
[0000211] [10:24:01:275604] [Tid0x00000c64] [debug] <--[C105] DL_Rom_SetEnableAttr
[0000212] [10:24:01:276604] [Tid0x00000c64] [debug] -->[C106] DL_GetCount #./api/api.cpp (line:2599)
[0000213] [10:24:01:276604] [Tid0x00000c64] [debug] <--[C106] DL_GetCount
[0000214] [10:24:01:276604] [Tid0x00000c64] [debug] -->[C107] DL_Rom_GetInfoAll #./api/api.cpp (line:2764)
[0000215] [10:24:01:276604] [Tid0x00000c64] [debug] <--[C107] DL_Rom_GetInfoAll
[0000216] [10:24:01:276604] [Tid0x00000c64] [debug] -->[C108] DL_Rom_SetEnableAttr #./api/api.cpp (line:2818)
[0000217] [10:24:01:276604] [Tid0x00000c64] [debug] <--[C108] DL_Rom_SetEnableAttr
[0000218] [10:24:01:280604] [Tid0x00000c64] [debug] -->[C109] DL_GetCount #./api/api.cpp (line:2599)
[0000219] [10:24:01:280604] [Tid0x00000c64] [debug] <--[C109] DL_GetCount
[0000220] [10:24:01:280604] [Tid0x00000c64] [debug] -->[C110] DL_Rom_GetInfoAll #./api/api.cpp (line:2764)
[0000221] [10:24:01:281604] [Tid0x00000c64] [debug] <--[C110] DL_Rom_GetInfoAll
[0000222] [10:24:01:282604] [Tid0x00000c64] [debug] -->[C111] DL_Rom_SetEnableAttr #./api/api.cpp (line:2818)
[0000223] [10:24:01:282604] [Tid0x00000c64] [debug] <--[C111] DL_Rom_SetEnableAttr
[0000224] [10:24:01:283604] [Tid0x00000c64] [debug] -->[C112] DL_GetCount #./api/api.cpp (line:2599)
[0000225] [10:24:01:283604] [Tid0x00000c64] [debug] <--[C112] DL_GetCount
[0000226] [10:24:01:283604] [Tid0x00000c64] [debug] -->[C113] DL_Rom_GetInfoAll #./api/api.cpp (line:2764)
[0000227] [10:24:01:284604] [Tid0x00000c64] [debug] <--[C113] DL_Rom_GetInfoAll
[0000228] [10:24:01:285604] [Tid0x00000c64] [debug] -->[C114] DL_Rom_SetEnableAttr #./api/api.cpp (line:2818)
[0000229] [10:24:01:285604] [Tid0x00000c64] [debug] <--[C114] DL_Rom_SetEnableAttr
[0000230] [10:24:01:295604] [Tid0x00000c64] [debug] -->[C115] DL_GetCount #./api/api.cpp (line:2599)
[0000231] [10:24:01:295604] [Tid0x00000c64] [debug] <--[C115] DL_GetCount
[0000232] [10:24:01:295604] [Tid0x00000c64] [debug] -->[C116] DL_Rom_GetInfoAll #./api/api.cpp (line:2764)
[0000233] [10:24:01:295604] [Tid0x00000c64] [debug] <--[C116] DL_Rom_GetInfoAll
[0000234] [10:24:01:297604] [Tid0x00000c64] [debug] -->[C117] DL_Rom_SetEnableAttr #./api/api.cpp (line:2818)
[0000235] [10:24:01:297604] [Tid0x00000c64] [debug] <--[C117] DL_Rom_SetEnableAttr
[0000236] [10:24:01:305604] [Tid0x00000c64] [debug] -->[C118] DL_SetChecksumLevel #./api/api.cpp (line:2528)
[0000237] [10:24:01:306604] [Tid0x00000c64] [debug] <--[C118] DL_SetChecksumLevel
[0000238] [10:55:12:600704] [Tid0x00000c64] [debug] -->[C119] DL_Rom_UnloadAll #./api/api.cpp (line:2807)
[0000239] [10:55:12:601704] [Tid0x00000c64] [debug] <--[C119] DL_Rom_UnloadAll
