[0000001] [14:23:54:565403] [Tid0x0000218c] [debug] -->[C1] DL_LoadScatter #./api/api.cpp (line:2486)
[0000002] [14:23:54:661403] [Tid0x0000218c] [debug] used lib version: 1
[0000003] [14:23:54:661403] [Tid0x0000218c] [debug] <--[C1] DL_LoadScatter
[0000004] [14:23:54:661403] [Tid0x0000218c] [debug] -->[C2] DL_AutoLoadRomImages #./api/api.cpp (line:2679)
[0000005] [14:23:55:405403] [Tid0x0000218c] [debug] <--[C2] DL_AutoLoadRomImages
[0000006] [14:23:55:408403] [Tid0x0000218c] [debug] -->[C3] DL_GetCount #./api/api.cpp (line:2599)
[0000007] [14:23:55:408403] [Tid0x0000218c] [debug] <--[C3] DL_GetCount
[0000008] [14:23:55:408403] [Tid0x0000218c] [debug] -->[C4] DL_Rom_GetInfoAll #./api/api.cpp (line:2764)
[0000009] [14:23:55:409403] [Tid0x0000218c] [debug] <--[C4] DL_Rom_GetInfoAll
[0000010] [14:23:55:409403] [Tid0x0000218c] [debug] -->[C5] DL_VerifyROMMemBuf #./api/api.cpp (line:2556)
[0000011] [14:23:55:409403] [Tid0x0000218c] [debug] <--[C5] DL_VerifyROMMemBuf
[0000012] [14:23:55:410403] [Tid0x0000218c] [debug] -->[C6] DL_VerifyROMMemBuf #./api/api.cpp (line:2556)
[0000013] [14:23:55:410403] [Tid0x0000218c] [debug] <--[C6] DL_VerifyROMMemBuf
[0000014] [14:23:55:411403] [Tid0x0000218c] [debug] -->[C7] DL_VerifyROMMemBuf #./api/api.cpp (line:2556)
[0000015] [14:23:55:456403] [Tid0x0000218c] [debug] <--[C7] DL_VerifyROMMemBuf
[0000016] [14:23:55:457403] [Tid0x0000218c] [debug] -->[C8] DL_VerifyROMMemBuf #./api/api.cpp (line:2556)
[0000017] [14:23:55:502403] [Tid0x0000218c] [debug] <--[C8] DL_VerifyROMMemBuf
[0000018] [14:23:55:503403] [Tid0x0000218c] [debug] -->[C9] DL_VerifyROMMemBuf #./api/api.cpp (line:2556)
[0000019] [14:23:55:523403] [Tid0x0000218c] [debug] <--[C9] DL_VerifyROMMemBuf
[0000020] [14:23:55:523403] [Tid0x0000218c] [debug] -->[C10] DL_VerifyROMMemBuf #./api/api.cpp (line:2556)
[0000021] [14:23:55:524403] [Tid0x0000218c] [debug] <--[C10] DL_VerifyROMMemBuf
[0000022] [14:23:55:524403] [Tid0x0000218c] [debug] -->[C11] DL_VerifyROMMemBuf #./api/api.cpp (line:2556)
[0000023] [14:23:55:525403] [Tid0x0000218c] [debug] <--[C11] DL_VerifyROMMemBuf
[0000024] [14:23:55:525403] [Tid0x0000218c] [debug] -->[C12] DL_VerifyROMMemBuf #./api/api.cpp (line:2556)
[0000025] [14:23:55:526403] [Tid0x0000218c] [debug] <--[C12] DL_VerifyROMMemBuf
[0000026] [14:23:55:526403] [Tid0x0000218c] [debug] -->[C13] DL_VerifyROMMemBuf #./api/api.cpp (line:2556)
[0000027] [14:25:02:971403] [Tid0x0000218c] [debug] <--[C13] DL_VerifyROMMemBuf
[0000028] [14:25:02:972403] [Tid0x0000218c] [debug] -->[C14] DL_VerifyROMMemBuf #./api/api.cpp (line:2556)
[0000029] [14:25:03:774403] [Tid0x0000218c] [debug] <--[C14] DL_VerifyROMMemBuf
[0000030] [14:25:03:774403] [Tid0x0000218c] [debug] -->[C15] DL_VerifyROMMemBuf #./api/api.cpp (line:2556)
[0000031] [14:25:05:245403] [Tid0x0000218c] [debug] <--[C15] DL_VerifyROMMemBuf
[0000032] [14:25:06:644403] [Tid0x00001594] [debug] -->[C16] DL_GetCount #./api/api.cpp (line:2599)
[0000033] [14:25:06:644403] [Tid0x00001594] [debug] <--[C16] DL_GetCount
[0000034] [14:25:06:644403] [Tid0x00001594] [debug] -->[C17] DL_Rom_GetInfoAll #./api/api.cpp (line:2764)
[0000035] [14:25:06:644403] [Tid0x00001594] [debug] <--[C17] DL_Rom_GetInfoAll
[0000036] [14:25:06:980403] [Tid0x00001594] [debug] -->[C18] DL_GetScatterInfo #./api/api.cpp (line:2700)
[0000037] [14:25:06:980403] [Tid0x00001594] [debug] <--[C18] DL_GetScatterInfo
[0000038] [14:25:07:419403] [Tid0x00001594] [debug] -->[C19] DL_GetCount #./api/api.cpp (line:2599)
[0000039] [14:25:07:419403] [Tid0x00001594] [debug] <--[C19] DL_GetCount
[0000040] [14:25:07:419403] [Tid0x00001594] [debug] -->[C20] DL_Rom_GetInfoAll #./api/api.cpp (line:2764)
[0000041] [14:25:07:420403] [Tid0x00001594] [debug] <--[C20] DL_Rom_GetInfoAll
[0000042] [14:25:07:421403] [Tid0x00001594] [debug] -->[C21] DL_Rom_SetEnableAttr #./api/api.cpp (line:2818)
[0000043] [14:25:07:421403] [Tid0x00001594] [debug] <--[C21] DL_Rom_SetEnableAttr
[0000044] [14:25:07:421403] [Tid0x00001594] [debug] -->[C22] DL_GetCount #./api/api.cpp (line:2599)
[0000045] [14:25:07:421403] [Tid0x00001594] [debug] <--[C22] DL_GetCount
[0000046] [14:25:07:421403] [Tid0x00001594] [debug] -->[C23] DL_Rom_GetInfoAll #./api/api.cpp (line:2764)
[0000047] [14:25:07:422403] [Tid0x00001594] [debug] <--[C23] DL_Rom_GetInfoAll
[0000048] [14:25:07:423403] [Tid0x00001594] [debug] -->[C24] DL_Rom_SetEnableAttr #./api/api.cpp (line:2818)
[0000049] [14:25:07:423403] [Tid0x00001594] [debug] <--[C24] DL_Rom_SetEnableAttr
[0000050] [14:25:08:297403] [Tid0x00001594] [debug] -->[C25] DL_GetCount #./api/api.cpp (line:2599)
[0000051] [14:25:08:297403] [Tid0x00001594] [debug] <--[C25] DL_GetCount
[0000052] [14:25:08:297403] [Tid0x00001594] [debug] -->[C26] DL_Rom_GetInfoAll #./api/api.cpp (line:2764)
[0000053] [14:25:08:298403] [Tid0x00001594] [debug] <--[C26] DL_Rom_GetInfoAll
[0000054] [14:25:08:299403] [Tid0x00001594] [debug] -->[C27] DL_Rom_SetEnableAttr #./api/api.cpp (line:2818)
[0000055] [14:25:08:299403] [Tid0x00001594] [debug] <--[C27] DL_Rom_SetEnableAttr
[0000056] [14:25:08:307403] [Tid0x00001594] [debug] -->[C28] DL_GetCount #./api/api.cpp (line:2599)
[0000057] [14:25:08:308403] [Tid0x00001594] [debug] <--[C28] DL_GetCount
[0000058] [14:25:08:308403] [Tid0x00001594] [debug] -->[C29] DL_Rom_GetInfoAll #./api/api.cpp (line:2764)
[0000059] [14:25:08:308403] [Tid0x00001594] [debug] <--[C29] DL_Rom_GetInfoAll
[0000060] [14:25:08:309403] [Tid0x00001594] [debug] -->[C30] DL_Rom_SetEnableAttr #./api/api.cpp (line:2818)
[0000061] [14:25:08:309403] [Tid0x00001594] [debug] <--[C30] DL_Rom_SetEnableAttr
[0000062] [14:25:08:310403] [Tid0x00001594] [debug] -->[C31] DL_GetCount #./api/api.cpp (line:2599)
[0000063] [14:25:08:310403] [Tid0x00001594] [debug] <--[C31] DL_GetCount
[0000064] [14:25:08:310403] [Tid0x00001594] [debug] -->[C32] DL_Rom_GetInfoAll #./api/api.cpp (line:2764)
[0000065] [14:25:08:310403] [Tid0x00001594] [debug] <--[C32] DL_Rom_GetInfoAll
[0000066] [14:25:08:311403] [Tid0x00001594] [debug] -->[C33] DL_Rom_SetEnableAttr #./api/api.cpp (line:2818)
[0000067] [14:25:08:311403] [Tid0x00001594] [debug] <--[C33] DL_Rom_SetEnableAttr
[0000068] [14:25:09:218403] [Tid0x00001594] [debug] -->[C34] DL_GetCount #./api/api.cpp (line:2599)
[0000069] [14:25:09:218403] [Tid0x00001594] [debug] <--[C34] DL_GetCount
[0000070] [14:25:09:218403] [Tid0x00001594] [debug] -->[C35] DL_Rom_GetInfoAll #./api/api.cpp (line:2764)
[0000071] [14:25:09:219403] [Tid0x00001594] [debug] <--[C35] DL_Rom_GetInfoAll
[0000072] [14:25:09:220403] [Tid0x00001594] [debug] -->[C36] DL_Rom_SetEnableAttr #./api/api.cpp (line:2818)
[0000073] [14:25:09:220403] [Tid0x00001594] [debug] <--[C36] DL_Rom_SetEnableAttr
[0000074] [14:25:09:228403] [Tid0x00001594] [debug] -->[C37] DL_GetCount #./api/api.cpp (line:2599)
[0000075] [14:25:09:229403] [Tid0x00001594] [debug] <--[C37] DL_GetCount
[0000076] [14:25:09:229403] [Tid0x00001594] [debug] -->[C38] DL_Rom_GetInfoAll #./api/api.cpp (line:2764)
[0000077] [14:25:09:229403] [Tid0x00001594] [debug] <--[C38] DL_Rom_GetInfoAll
[0000078] [14:25:09:230403] [Tid0x00001594] [debug] -->[C39] DL_Rom_SetEnableAttr #./api/api.cpp (line:2818)
[0000079] [14:25:09:230403] [Tid0x00001594] [debug] <--[C39] DL_Rom_SetEnableAttr
[0000080] [14:25:09:230403] [Tid0x00001594] [debug] -->[C40] DL_GetCount #./api/api.cpp (line:2599)
[0000081] [14:25:09:231403] [Tid0x00001594] [debug] <--[C40] DL_GetCount
[0000082] [14:25:09:231403] [Tid0x00001594] [debug] -->[C41] DL_Rom_GetInfoAll #./api/api.cpp (line:2764)
[0000083] [14:25:09:231403] [Tid0x00001594] [debug] <--[C41] DL_Rom_GetInfoAll
[0000084] [14:25:09:233403] [Tid0x00001594] [debug] -->[C42] DL_Rom_SetEnableAttr #./api/api.cpp (line:2818)
[0000085] [14:25:09:233403] [Tid0x00001594] [debug] <--[C42] DL_Rom_SetEnableAttr
[0000086] [14:25:09:241403] [Tid0x00001594] [debug] -->[C43] DL_GetCount #./api/api.cpp (line:2599)
[0000087] [14:25:09:241403] [Tid0x00001594] [debug] <--[C43] DL_GetCount
[0000088] [14:25:09:241403] [Tid0x00001594] [debug] -->[C44] DL_Rom_GetInfoAll #./api/api.cpp (line:2764)
[0000089] [14:25:09:242403] [Tid0x00001594] [debug] <--[C44] DL_Rom_GetInfoAll
[0000090] [14:25:09:243403] [Tid0x00001594] [debug] -->[C45] DL_Rom_SetEnableAttr #./api/api.cpp (line:2818)
[0000091] [14:25:09:243403] [Tid0x00001594] [debug] <--[C45] DL_Rom_SetEnableAttr
[0000092] [14:25:09:252403] [Tid0x00001594] [debug] -->[C46] DL_GetCount #./api/api.cpp (line:2599)
[0000093] [14:25:09:252403] [Tid0x00001594] [debug] <--[C46] DL_GetCount
[0000094] [14:25:09:252403] [Tid0x00001594] [debug] -->[C47] DL_Rom_GetInfoAll #./api/api.cpp (line:2764)
[0000095] [14:25:09:252403] [Tid0x00001594] [debug] <--[C47] DL_Rom_GetInfoAll
[0000096] [14:25:09:254403] [Tid0x00001594] [debug] -->[C48] DL_Rom_SetEnableAttr #./api/api.cpp (line:2818)
[0000097] [14:25:09:254403] [Tid0x00001594] [debug] <--[C48] DL_Rom_SetEnableAttr
[0000098] [14:25:09:254403] [Tid0x00001594] [debug] -->[C49] DL_GetCount #./api/api.cpp (line:2599)
[0000099] [14:25:09:254403] [Tid0x00001594] [debug] <--[C49] DL_GetCount
[0000100] [14:25:09:254403] [Tid0x00001594] [debug] -->[C50] DL_Rom_GetInfoAll #./api/api.cpp (line:2764)
[0000101] [14:25:09:254403] [Tid0x00001594] [debug] <--[C50] DL_Rom_GetInfoAll
[0000102] [14:25:09:256403] [Tid0x00001594] [debug] -->[C51] DL_Rom_SetEnableAttr #./api/api.cpp (line:2818)
[0000103] [14:25:09:256403] [Tid0x00001594] [debug] <--[C51] DL_Rom_SetEnableAttr
[0000104] [14:25:09:346403] [Tid0x00001594] [debug] -->[C52] DL_GetCount #./api/api.cpp (line:2599)
[0000105] [14:25:09:346403] [Tid0x00001594] [debug] <--[C52] DL_GetCount
[0000106] [14:25:09:346403] [Tid0x00001594] [debug] -->[C53] DL_Rom_GetInfoAll #./api/api.cpp (line:2764)
[0000107] [14:25:09:346403] [Tid0x00001594] [debug] <--[C53] DL_Rom_GetInfoAll
[0000108] [14:25:09:348403] [Tid0x00001594] [debug] -->[C54] DL_Rom_SetEnableAttr #./api/api.cpp (line:2818)
[0000109] [14:25:09:348403] [Tid0x00001594] [debug] <--[C54] DL_Rom_SetEnableAttr
[0000110] [14:25:09:356403] [Tid0x00001594] [debug] -->[C55] DL_GetCount #./api/api.cpp (line:2599)
[0000111] [14:25:09:356403] [Tid0x00001594] [debug] <--[C55] DL_GetCount
[0000112] [14:25:09:356403] [Tid0x00001594] [debug] -->[C56] DL_Rom_GetInfoAll #./api/api.cpp (line:2764)
[0000113] [14:25:09:357403] [Tid0x00001594] [debug] <--[C56] DL_Rom_GetInfoAll
[0000114] [14:25:09:359403] [Tid0x00001594] [debug] -->[C57] DL_Rom_SetEnableAttr #./api/api.cpp (line:2818)
[0000115] [14:25:09:359403] [Tid0x00001594] [debug] <--[C57] DL_Rom_SetEnableAttr
[0000116] [14:25:09:359403] [Tid0x00001594] [debug] -->[C58] DL_GetCount #./api/api.cpp (line:2599)
[0000117] [14:25:09:359403] [Tid0x00001594] [debug] <--[C58] DL_GetCount
[0000118] [14:25:09:359403] [Tid0x00001594] [debug] -->[C59] DL_Rom_GetInfoAll #./api/api.cpp (line:2764)
[0000119] [14:25:09:359403] [Tid0x00001594] [debug] <--[C59] DL_Rom_GetInfoAll
[0000120] [14:25:09:361403] [Tid0x00001594] [debug] -->[C60] DL_Rom_SetEnableAttr #./api/api.cpp (line:2818)
[0000121] [14:25:09:361403] [Tid0x00001594] [debug] <--[C60] DL_Rom_SetEnableAttr
[0000122] [14:25:09:533403] [Tid0x00001594] [debug] -->[C61] DL_GetCount #./api/api.cpp (line:2599)
[0000123] [14:25:09:533403] [Tid0x00001594] [debug] <--[C61] DL_GetCount
[0000124] [14:25:09:533403] [Tid0x00001594] [debug] -->[C62] DL_Rom_GetInfoAll #./api/api.cpp (line:2764)
[0000125] [14:25:09:534403] [Tid0x00001594] [debug] <--[C62] DL_Rom_GetInfoAll
[0000126] [14:25:09:535403] [Tid0x00001594] [debug] -->[C63] DL_Rom_SetEnableAttr #./api/api.cpp (line:2818)
[0000127] [14:25:09:535403] [Tid0x00001594] [debug] <--[C63] DL_Rom_SetEnableAttr
[0000128] [14:25:09:544403] [Tid0x00001594] [debug] -->[C64] DL_GetCount #./api/api.cpp (line:2599)
[0000129] [14:25:09:544403] [Tid0x00001594] [debug] <--[C64] DL_GetCount
[0000130] [14:25:09:544403] [Tid0x00001594] [debug] -->[C65] DL_Rom_GetInfoAll #./api/api.cpp (line:2764)
[0000131] [14:25:09:544403] [Tid0x00001594] [debug] <--[C65] DL_Rom_GetInfoAll
[0000132] [14:25:09:545403] [Tid0x00001594] [debug] -->[C66] DL_Rom_SetEnableAttr #./api/api.cpp (line:2818)
[0000133] [14:25:09:546403] [Tid0x00001594] [debug] <--[C66] DL_Rom_SetEnableAttr
[0000134] [14:25:09:546403] [Tid0x00001594] [debug] -->[C67] DL_GetCount #./api/api.cpp (line:2599)
[0000135] [14:25:09:546403] [Tid0x00001594] [debug] <--[C67] DL_GetCount
[0000136] [14:25:09:546403] [Tid0x00001594] [debug] -->[C68] DL_Rom_GetInfoAll #./api/api.cpp (line:2764)
[0000137] [14:25:09:546403] [Tid0x00001594] [debug] <--[C68] DL_Rom_GetInfoAll
[0000138] [14:25:09:547403] [Tid0x00001594] [debug] -->[C69] DL_Rom_SetEnableAttr #./api/api.cpp (line:2818)
[0000139] [14:25:09:548403] [Tid0x00001594] [debug] <--[C69] DL_Rom_SetEnableAttr
[0000140] [14:25:09:822403] [Tid0x00001594] [debug] -->[C70] DL_GetCount #./api/api.cpp (line:2599)
[0000141] [14:25:09:822403] [Tid0x00001594] [debug] <--[C70] DL_GetCount
[0000142] [14:25:09:822403] [Tid0x00001594] [debug] -->[C71] DL_Rom_GetInfoAll #./api/api.cpp (line:2764)
[0000143] [14:25:09:823403] [Tid0x00001594] [debug] <--[C71] DL_Rom_GetInfoAll
[0000144] [14:25:09:824403] [Tid0x00001594] [debug] -->[C72] DL_Rom_SetEnableAttr #./api/api.cpp (line:2818)
[0000145] [14:25:09:824403] [Tid0x00001594] [debug] <--[C72] DL_Rom_SetEnableAttr
[0000146] [14:25:09:832403] [Tid0x00001594] [debug] -->[C73] DL_GetCount #./api/api.cpp (line:2599)
[0000147] [14:25:09:833403] [Tid0x00001594] [debug] <--[C73] DL_GetCount
[0000148] [14:25:09:833403] [Tid0x00001594] [debug] -->[C74] DL_Rom_GetInfoAll #./api/api.cpp (line:2764)
[0000149] [14:25:09:833403] [Tid0x00001594] [debug] <--[C74] DL_Rom_GetInfoAll
[0000150] [14:25:09:835403] [Tid0x00001594] [debug] -->[C75] DL_Rom_SetEnableAttr #./api/api.cpp (line:2818)
[0000151] [14:25:09:835403] [Tid0x00001594] [debug] <--[C75] DL_Rom_SetEnableAttr
[0000152] [14:25:09:835403] [Tid0x00001594] [debug] -->[C76] DL_GetCount #./api/api.cpp (line:2599)
[0000153] [14:25:09:835403] [Tid0x00001594] [debug] <--[C76] DL_GetCount
[0000154] [14:25:09:835403] [Tid0x00001594] [debug] -->[C77] DL_Rom_GetInfoAll #./api/api.cpp (line:2764)
[0000155] [14:25:09:836403] [Tid0x00001594] [debug] <--[C77] DL_Rom_GetInfoAll
[0000156] [14:25:09:837403] [Tid0x00001594] [debug] -->[C78] DL_Rom_SetEnableAttr #./api/api.cpp (line:2818)
[0000157] [14:25:09:837403] [Tid0x00001594] [debug] <--[C78] DL_Rom_SetEnableAttr
[0000158] [14:25:09:846403] [Tid0x00001594] [debug] -->[C79] DL_GetCount #./api/api.cpp (line:2599)
[0000159] [14:25:09:846403] [Tid0x00001594] [debug] <--[C79] DL_GetCount
[0000160] [14:25:09:846403] [Tid0x00001594] [debug] -->[C80] DL_Rom_GetInfoAll #./api/api.cpp (line:2764)
[0000161] [14:25:09:846403] [Tid0x00001594] [debug] <--[C80] DL_Rom_GetInfoAll
[0000162] [14:25:09:847403] [Tid0x00001594] [debug] -->[C81] DL_Rom_SetEnableAttr #./api/api.cpp (line:2818)
[0000163] [14:25:09:848403] [Tid0x00001594] [debug] <--[C81] DL_Rom_SetEnableAttr
[0000164] [14:25:09:856403] [Tid0x00001594] [debug] -->[C82] DL_GetCount #./api/api.cpp (line:2599)
[0000165] [14:25:09:856403] [Tid0x00001594] [debug] <--[C82] DL_GetCount
[0000166] [14:25:09:856403] [Tid0x00001594] [debug] -->[C83] DL_Rom_GetInfoAll #./api/api.cpp (line:2764)
[0000167] [14:25:09:856403] [Tid0x00001594] [debug] <--[C83] DL_Rom_GetInfoAll
[0000168] [14:25:09:858403] [Tid0x00001594] [debug] -->[C84] DL_Rom_SetEnableAttr #./api/api.cpp (line:2818)
[0000169] [14:25:09:858403] [Tid0x00001594] [debug] <--[C84] DL_Rom_SetEnableAttr
[0000170] [14:25:09:858403] [Tid0x00001594] [debug] -->[C85] DL_GetCount #./api/api.cpp (line:2599)
[0000171] [14:25:09:858403] [Tid0x00001594] [debug] <--[C85] DL_GetCount
[0000172] [14:25:09:858403] [Tid0x00001594] [debug] -->[C86] DL_Rom_GetInfoAll #./api/api.cpp (line:2764)
[0000173] [14:25:09:859403] [Tid0x00001594] [debug] <--[C86] DL_Rom_GetInfoAll
[0000174] [14:25:09:860403] [Tid0x00001594] [debug] -->[C87] DL_Rom_SetEnableAttr #./api/api.cpp (line:2818)
[0000175] [14:25:09:860403] [Tid0x00001594] [debug] <--[C87] DL_Rom_SetEnableAttr
[0000176] [14:25:10:407403] [Tid0x00001594] [debug] -->[C88] DL_GetCount #./api/api.cpp (line:2599)
[0000177] [14:25:10:407403] [Tid0x00001594] [debug] <--[C88] DL_GetCount
[0000178] [14:25:10:407403] [Tid0x00001594] [debug] -->[C89] DL_Rom_GetInfoAll #./api/api.cpp (line:2764)
[0000179] [14:25:10:613403] [Tid0x00001594] [debug] <--[C89] DL_Rom_GetInfoAll
[0000180] [14:25:10:614403] [Tid0x00001594] [debug] -->[C90] DL_Rom_SetEnableAttr #./api/api.cpp (line:2818)
[0000181] [14:25:10:614403] [Tid0x00001594] [debug] <--[C90] DL_Rom_SetEnableAttr
[0000182] [14:25:10:624403] [Tid0x00001594] [debug] -->[C91] DL_GetCount #./api/api.cpp (line:2599)
[0000183] [14:25:10:624403] [Tid0x00001594] [debug] <--[C91] DL_GetCount
[0000184] [14:25:10:624403] [Tid0x00001594] [debug] -->[C92] DL_Rom_GetInfoAll #./api/api.cpp (line:2764)
[0000185] [14:25:10:625403] [Tid0x00001594] [debug] <--[C92] DL_Rom_GetInfoAll
[0000186] [14:25:10:626403] [Tid0x00001594] [debug] -->[C93] DL_Rom_SetEnableAttr #./api/api.cpp (line:2818)
[0000187] [14:25:10:626403] [Tid0x00001594] [debug] <--[C93] DL_Rom_SetEnableAttr
[0000188] [14:25:10:626403] [Tid0x00001594] [debug] -->[C94] DL_GetCount #./api/api.cpp (line:2599)
[0000189] [14:25:10:626403] [Tid0x00001594] [debug] <--[C94] DL_GetCount
[0000190] [14:25:10:627403] [Tid0x00001594] [debug] -->[C95] DL_Rom_GetInfoAll #./api/api.cpp (line:2764)
[0000191] [14:25:10:627403] [Tid0x00001594] [debug] <--[C95] DL_Rom_GetInfoAll
[0000192] [14:25:10:628403] [Tid0x00001594] [debug] -->[C96] DL_Rom_SetEnableAttr #./api/api.cpp (line:2818)
[0000193] [14:25:10:628403] [Tid0x00001594] [debug] <--[C96] DL_Rom_SetEnableAttr
[0000194] [14:25:10:638403] [Tid0x00001594] [debug] -->[C97] DL_GetCount #./api/api.cpp (line:2599)
[0000195] [14:25:10:639403] [Tid0x00001594] [debug] <--[C97] DL_GetCount
[0000196] [14:25:10:639403] [Tid0x00001594] [debug] -->[C98] DL_Rom_GetInfoAll #./api/api.cpp (line:2764)
[0000197] [14:25:10:639403] [Tid0x00001594] [debug] <--[C98] DL_Rom_GetInfoAll
[0000198] [14:25:10:640403] [Tid0x00001594] [debug] -->[C99] DL_Rom_SetEnableAttr #./api/api.cpp (line:2818)
[0000199] [14:25:10:640403] [Tid0x00001594] [debug] <--[C99] DL_Rom_SetEnableAttr
[0000200] [14:25:10:649403] [Tid0x00001594] [debug] -->[C100] DL_GetCount #./api/api.cpp (line:2599)
[0000201] [14:25:10:649403] [Tid0x00001594] [debug] <--[C100] DL_GetCount
[0000202] [14:25:10:649403] [Tid0x00001594] [debug] -->[C101] DL_Rom_GetInfoAll #./api/api.cpp (line:2764)
[0000203] [14:25:10:650403] [Tid0x00001594] [debug] <--[C101] DL_Rom_GetInfoAll
[0000204] [14:25:10:651403] [Tid0x00001594] [debug] -->[C102] DL_Rom_SetEnableAttr #./api/api.cpp (line:2818)
[0000205] [14:25:10:651403] [Tid0x00001594] [debug] <--[C102] DL_Rom_SetEnableAttr
[0000206] [14:25:10:651403] [Tid0x00001594] [debug] -->[C103] DL_GetCount #./api/api.cpp (line:2599)
[0000207] [14:25:10:651403] [Tid0x00001594] [debug] <--[C103] DL_GetCount
[0000208] [14:25:10:651403] [Tid0x00001594] [debug] -->[C104] DL_Rom_GetInfoAll #./api/api.cpp (line:2764)
[0000209] [14:25:10:652403] [Tid0x00001594] [debug] <--[C104] DL_Rom_GetInfoAll
[0000210] [14:25:10:653403] [Tid0x00001594] [debug] -->[C105] DL_Rom_SetEnableAttr #./api/api.cpp (line:2818)
[0000211] [14:25:10:653403] [Tid0x00001594] [debug] <--[C105] DL_Rom_SetEnableAttr
[0000212] [14:25:10:756403] [Tid0x00001594] [debug] -->[C106] DL_GetCount #./api/api.cpp (line:2599)
[0000213] [14:25:10:756403] [Tid0x00001594] [debug] <--[C106] DL_GetCount
[0000214] [14:25:10:756403] [Tid0x00001594] [debug] -->[C107] DL_Rom_GetInfoAll #./api/api.cpp (line:2764)
[0000215] [14:25:10:757403] [Tid0x00001594] [debug] <--[C107] DL_Rom_GetInfoAll
[0000216] [14:25:10:758403] [Tid0x00001594] [debug] -->[C108] DL_Rom_SetEnableAttr #./api/api.cpp (line:2818)
[0000217] [14:25:10:758403] [Tid0x00001594] [debug] <--[C108] DL_Rom_SetEnableAttr
[0000218] [14:25:10:767403] [Tid0x00001594] [debug] -->[C109] DL_GetCount #./api/api.cpp (line:2599)
[0000219] [14:25:10:767403] [Tid0x00001594] [debug] <--[C109] DL_GetCount
[0000220] [14:25:10:767403] [Tid0x00001594] [debug] -->[C110] DL_Rom_GetInfoAll #./api/api.cpp (line:2764)
[0000221] [14:25:10:768403] [Tid0x00001594] [debug] <--[C110] DL_Rom_GetInfoAll
[0000222] [14:25:10:769403] [Tid0x00001594] [debug] -->[C111] DL_Rom_SetEnableAttr #./api/api.cpp (line:2818)
[0000223] [14:25:10:770403] [Tid0x00001594] [debug] <--[C111] DL_Rom_SetEnableAttr
[0000224] [14:25:10:770403] [Tid0x00001594] [debug] -->[C112] DL_GetCount #./api/api.cpp (line:2599)
[0000225] [14:25:10:770403] [Tid0x00001594] [debug] <--[C112] DL_GetCount
[0000226] [14:25:10:770403] [Tid0x00001594] [debug] -->[C113] DL_Rom_GetInfoAll #./api/api.cpp (line:2764)
[0000227] [14:25:10:770403] [Tid0x00001594] [debug] <--[C113] DL_Rom_GetInfoAll
[0000228] [14:25:10:772403] [Tid0x00001594] [debug] -->[C114] DL_Rom_SetEnableAttr #./api/api.cpp (line:2818)
[0000229] [14:25:10:772403] [Tid0x00001594] [debug] <--[C114] DL_Rom_SetEnableAttr
[0000230] [14:25:10:782403] [Tid0x00001594] [debug] -->[C115] DL_GetCount #./api/api.cpp (line:2599)
[0000231] [14:25:10:783403] [Tid0x00001594] [debug] <--[C115] DL_GetCount
[0000232] [14:25:10:783403] [Tid0x00001594] [debug] -->[C116] DL_Rom_GetInfoAll #./api/api.cpp (line:2764)
[0000233] [14:25:10:784403] [Tid0x00001594] [debug] <--[C116] DL_Rom_GetInfoAll
[0000234] [14:25:10:786403] [Tid0x00001594] [debug] -->[C117] DL_Rom_SetEnableAttr #./api/api.cpp (line:2818)
[0000235] [14:25:10:786403] [Tid0x00001594] [debug] <--[C117] DL_Rom_SetEnableAttr
[0000236] [14:25:10:795403] [Tid0x00001594] [debug] -->[C118] DL_SetChecksumLevel #./api/api.cpp (line:2528)
[0000237] [14:25:10:796403] [Tid0x00001594] [debug] <--[C118] DL_SetChecksumLevel
[0000238] [14:34:07:381403] [Tid0x00001594] [debug] -->[C119] DL_GetCount #./api/api.cpp (line:2599)
[0000239] [14:34:07:382403] [Tid0x00001594] [debug] <--[C119] DL_GetCount
[0000240] [14:34:07:382403] [Tid0x00001594] [debug] -->[C120] DL_Rom_GetInfoAll #./api/api.cpp (line:2764)
[0000241] [14:34:07:382403] [Tid0x00001594] [debug] <--[C120] DL_Rom_GetInfoAll
[0000242] [14:41:09:952822] [Tid0x000015ac] [debug] -->[C121] DL_LoadScatter #./api/api.cpp (line:2486)
[0000243] [14:41:10:005832] [Tid0x000015ac] [debug] used lib version: 1
[0000244] [14:41:10:005832] [Tid0x000015ac] [debug] <--[C121] DL_LoadScatter
[0000245] [14:41:10:005832] [Tid0x000015ac] [debug] -->[C122] DL_AutoLoadRomImages #./api/api.cpp (line:2679)
[0000246] [14:41:10:928017] [Tid0x000015ac] [debug] <--[C122] DL_AutoLoadRomImages
[0000247] [14:41:10:930017] [Tid0x000015ac] [debug] -->[C123] DL_GetCount #./api/api.cpp (line:2599)
[0000248] [14:41:10:930017] [Tid0x000015ac] [debug] <--[C123] DL_GetCount
[0000249] [14:41:10:930017] [Tid0x000015ac] [debug] -->[C124] DL_Rom_GetInfoAll #./api/api.cpp (line:2764)
[0000250] [14:41:10:930017] [Tid0x000015ac] [debug] <--[C124] DL_Rom_GetInfoAll
[0000251] [14:41:10:930017] [Tid0x000015ac] [debug] -->[C125] DL_VerifyROMMemBuf #./api/api.cpp (line:2556)
[0000252] [14:41:10:931017] [Tid0x000015ac] [debug] <--[C125] DL_VerifyROMMemBuf
[0000253] [14:41:10:931017] [Tid0x000015ac] [debug] -->[C126] DL_VerifyROMMemBuf #./api/api.cpp (line:2556)
[0000254] [14:41:10:932018] [Tid0x000015ac] [debug] <--[C126] DL_VerifyROMMemBuf
[0000255] [14:41:10:932018] [Tid0x000015ac] [debug] -->[C127] DL_VerifyROMMemBuf #./api/api.cpp (line:2556)
[0000256] [14:41:10:973026] [Tid0x000015ac] [debug] <--[C127] DL_VerifyROMMemBuf
[0000257] [14:41:10:974026] [Tid0x000015ac] [debug] -->[C128] DL_VerifyROMMemBuf #./api/api.cpp (line:2556)
[0000258] [14:41:11:020035] [Tid0x000015ac] [debug] <--[C128] DL_VerifyROMMemBuf
[0000259] [14:41:11:020035] [Tid0x000015ac] [debug] -->[C129] DL_VerifyROMMemBuf #./api/api.cpp (line:2556)
[0000260] [14:41:11:045040] [Tid0x000015ac] [debug] <--[C129] DL_VerifyROMMemBuf
[0000261] [14:41:11:045040] [Tid0x000015ac] [debug] -->[C130] DL_VerifyROMMemBuf #./api/api.cpp (line:2556)
[0000262] [14:41:11:046040] [Tid0x000015ac] [debug] <--[C130] DL_VerifyROMMemBuf
[0000263] [14:41:11:046040] [Tid0x000015ac] [debug] -->[C131] DL_VerifyROMMemBuf #./api/api.cpp (line:2556)
[0000264] [14:41:11:047041] [Tid0x000015ac] [debug] <--[C131] DL_VerifyROMMemBuf
[0000265] [14:41:11:047041] [Tid0x000015ac] [debug] -->[C132] DL_VerifyROMMemBuf #./api/api.cpp (line:2556)
[0000266] [14:41:11:048041] [Tid0x000015ac] [debug] <--[C132] DL_VerifyROMMemBuf
[0000267] [14:41:11:049041] [Tid0x000015ac] [debug] -->[C133] DL_VerifyROMMemBuf #./api/api.cpp (line:2556)
[0000268] [14:41:45:937208] [Tid0x000015ac] [debug] <--[C133] DL_VerifyROMMemBuf
[0000269] [14:41:45:938209] [Tid0x000015ac] [debug] -->[C134] DL_VerifyROMMemBuf #./api/api.cpp (line:2556)
[0000270] [14:41:46:250240] [Tid0x000015ac] [debug] <--[C134] DL_VerifyROMMemBuf
[0000271] [14:41:46:250240] [Tid0x000015ac] [debug] -->[C135] DL_VerifyROMMemBuf #./api/api.cpp (line:2556)
[0000272] [14:41:46:891304] [Tid0x000015ac] [debug] <--[C135] DL_VerifyROMMemBuf
[0000273] [14:41:46:904305] [Tid0x00001594] [debug] -->[C136] DL_GetCount #./api/api.cpp (line:2599)
[0000274] [14:41:46:905305] [Tid0x00001594] [debug] <--[C136] DL_GetCount
[0000275] [14:41:46:905305] [Tid0x00001594] [debug] -->[C137] DL_Rom_GetInfoAll #./api/api.cpp (line:2764)
[0000276] [14:41:46:905305] [Tid0x00001594] [debug] <--[C137] DL_Rom_GetInfoAll
[0000277] [14:41:46:908306] [Tid0x00001594] [debug] -->[C138] DL_GetScatterInfo #./api/api.cpp (line:2700)
[0000278] [14:41:46:908306] [Tid0x00001594] [debug] <--[C138] DL_GetScatterInfo
[0000279] [14:41:46:912306] [Tid0x00001594] [debug] -->[C139] DL_GetCount #./api/api.cpp (line:2599)
[0000280] [14:41:46:912306] [Tid0x00001594] [debug] <--[C139] DL_GetCount
[0000281] [14:41:46:912306] [Tid0x00001594] [debug] -->[C140] DL_Rom_GetInfoAll #./api/api.cpp (line:2764)
[0000282] [14:41:46:913306] [Tid0x00001594] [debug] <--[C140] DL_Rom_GetInfoAll
[0000283] [14:41:46:914306] [Tid0x00001594] [debug] -->[C141] DL_Rom_SetEnableAttr #./api/api.cpp (line:2818)
[0000284] [14:41:46:914306] [Tid0x00001594] [debug] <--[C141] DL_Rom_SetEnableAttr
[0000285] [14:41:46:922307] [Tid0x00001594] [debug] -->[C142] DL_GetCount #./api/api.cpp (line:2599)
[0000286] [14:41:46:922307] [Tid0x00001594] [debug] <--[C142] DL_GetCount
[0000287] [14:41:46:922307] [Tid0x00001594] [debug] -->[C143] DL_Rom_GetInfoAll #./api/api.cpp (line:2764)
[0000288] [14:41:46:923307] [Tid0x00001594] [debug] <--[C143] DL_Rom_GetInfoAll
[0000289] [14:41:46:925307] [Tid0x00001594] [debug] -->[C144] DL_Rom_SetEnableAttr #./api/api.cpp (line:2818)
[0000290] [14:41:46:925307] [Tid0x00001594] [debug] <--[C144] DL_Rom_SetEnableAttr
[0000291] [14:41:46:930308] [Tid0x00001594] [debug] -->[C145] DL_GetCount #./api/api.cpp (line:2599)
[0000292] [14:41:46:930308] [Tid0x00001594] [debug] <--[C145] DL_GetCount
[0000293] [14:41:46:930308] [Tid0x00001594] [debug] -->[C146] DL_Rom_GetInfoAll #./api/api.cpp (line:2764)
[0000294] [14:41:46:931308] [Tid0x00001594] [debug] <--[C146] DL_Rom_GetInfoAll
[0000295] [14:41:46:932308] [Tid0x00001594] [debug] -->[C147] DL_Rom_SetEnableAttr #./api/api.cpp (line:2818)
[0000296] [14:41:46:932308] [Tid0x00001594] [debug] <--[C147] DL_Rom_SetEnableAttr
[0000297] [14:41:46:941309] [Tid0x00001594] [debug] -->[C148] DL_GetCount #./api/api.cpp (line:2599)
[0000298] [14:41:46:942309] [Tid0x00001594] [debug] <--[C148] DL_GetCount
[0000299] [14:41:46:942309] [Tid0x00001594] [debug] -->[C149] DL_Rom_GetInfoAll #./api/api.cpp (line:2764)
[0000300] [14:41:46:942309] [Tid0x00001594] [debug] <--[C149] DL_Rom_GetInfoAll
[0000301] [14:41:46:943309] [Tid0x00001594] [debug] -->[C150] DL_Rom_SetEnableAttr #./api/api.cpp (line:2818)
[0000302] [14:41:46:943309] [Tid0x00001594] [debug] <--[C150] DL_Rom_SetEnableAttr
[0000303] [14:41:46:951310] [Tid0x00001594] [debug] -->[C151] DL_GetCount #./api/api.cpp (line:2599)
[0000304] [14:41:46:952310] [Tid0x00001594] [debug] <--[C151] DL_GetCount
[0000305] [14:41:46:952310] [Tid0x00001594] [debug] -->[C152] DL_Rom_GetInfoAll #./api/api.cpp (line:2764)
[0000306] [14:41:46:952310] [Tid0x00001594] [debug] <--[C152] DL_Rom_GetInfoAll
[0000307] [14:41:46:953310] [Tid0x00001594] [debug] -->[C153] DL_Rom_SetEnableAttr #./api/api.cpp (line:2818)
[0000308] [14:41:46:953310] [Tid0x00001594] [debug] <--[C153] DL_Rom_SetEnableAttr
[0000309] [14:41:46:956310] [Tid0x00001594] [debug] -->[C154] DL_GetCount #./api/api.cpp (line:2599)
[0000310] [14:41:46:956310] [Tid0x00001594] [debug] <--[C154] DL_GetCount
[0000311] [14:41:46:956310] [Tid0x00001594] [debug] -->[C155] DL_Rom_GetInfoAll #./api/api.cpp (line:2764)
[0000312] [14:41:46:957310] [Tid0x00001594] [debug] <--[C155] DL_Rom_GetInfoAll
[0000313] [14:41:46:958311] [Tid0x00001594] [debug] -->[C156] DL_Rom_SetEnableAttr #./api/api.cpp (line:2818)
[0000314] [14:41:46:958311] [Tid0x00001594] [debug] <--[C156] DL_Rom_SetEnableAttr
[0000315] [14:41:46:967311] [Tid0x00001594] [debug] -->[C157] DL_GetCount #./api/api.cpp (line:2599)
[0000316] [14:41:46:967311] [Tid0x00001594] [debug] <--[C157] DL_GetCount
[0000317] [14:41:46:968312] [Tid0x00001594] [debug] -->[C158] DL_Rom_GetInfoAll #./api/api.cpp (line:2764)
[0000318] [14:41:46:968312] [Tid0x00001594] [debug] <--[C158] DL_Rom_GetInfoAll
[0000319] [14:41:46:969312] [Tid0x00001594] [debug] -->[C159] DL_Rom_SetEnableAttr #./api/api.cpp (line:2818)
[0000320] [14:41:46:970312] [Tid0x00001594] [debug] <--[C159] DL_Rom_SetEnableAttr
[0000321] [14:41:46:977312] [Tid0x00001594] [debug] -->[C160] DL_GetCount #./api/api.cpp (line:2599)
[0000322] [14:41:46:978313] [Tid0x00001594] [debug] <--[C160] DL_GetCount
[0000323] [14:41:46:978313] [Tid0x00001594] [debug] -->[C161] DL_Rom_GetInfoAll #./api/api.cpp (line:2764)
[0000324] [14:41:46:978313] [Tid0x00001594] [debug] <--[C161] DL_Rom_GetInfoAll
[0000325] [14:41:46:979313] [Tid0x00001594] [debug] -->[C162] DL_Rom_SetEnableAttr #./api/api.cpp (line:2818)
[0000326] [14:41:46:979313] [Tid0x00001594] [debug] <--[C162] DL_Rom_SetEnableAttr
[0000327] [14:41:46:982313] [Tid0x00001594] [debug] -->[C163] DL_GetCount #./api/api.cpp (line:2599)
[0000328] [14:41:46:982313] [Tid0x00001594] [debug] <--[C163] DL_GetCount
[0000329] [14:41:46:982313] [Tid0x00001594] [debug] -->[C164] DL_Rom_GetInfoAll #./api/api.cpp (line:2764)
[0000330] [14:41:46:983313] [Tid0x00001594] [debug] <--[C164] DL_Rom_GetInfoAll
[0000331] [14:41:46:984313] [Tid0x00001594] [debug] -->[C165] DL_Rom_SetEnableAttr #./api/api.cpp (line:2818)
[0000332] [14:41:46:984313] [Tid0x00001594] [debug] <--[C165] DL_Rom_SetEnableAttr
[0000333] [14:41:46:994314] [Tid0x00001594] [debug] -->[C166] DL_GetCount #./api/api.cpp (line:2599)
[0000334] [14:41:46:995314] [Tid0x00001594] [debug] <--[C166] DL_GetCount
[0000335] [14:41:46:995314] [Tid0x00001594] [debug] -->[C167] DL_Rom_GetInfoAll #./api/api.cpp (line:2764)
[0000336] [14:41:46:995314] [Tid0x00001594] [debug] <--[C167] DL_Rom_GetInfoAll
[0000337] [14:41:46:997314] [Tid0x00001594] [debug] -->[C168] DL_Rom_SetEnableAttr #./api/api.cpp (line:2818)
[0000338] [14:41:46:997314] [Tid0x00001594] [debug] <--[C168] DL_Rom_SetEnableAttr
[0000339] [14:41:47:009316] [Tid0x00001594] [debug] -->[C169] DL_GetCount #./api/api.cpp (line:2599)
[0000340] [14:41:47:009316] [Tid0x00001594] [debug] <--[C169] DL_GetCount
[0000341] [14:41:47:009316] [Tid0x00001594] [debug] -->[C170] DL_Rom_GetInfoAll #./api/api.cpp (line:2764)
[0000342] [14:41:47:009316] [Tid0x00001594] [debug] <--[C170] DL_Rom_GetInfoAll
[0000343] [14:41:47:010316] [Tid0x00001594] [debug] -->[C171] DL_Rom_SetEnableAttr #./api/api.cpp (line:2818)
[0000344] [14:41:47:011316] [Tid0x00001594] [debug] <--[C171] DL_Rom_SetEnableAttr
[0000345] [14:41:47:014316] [Tid0x00001594] [debug] -->[C172] DL_GetCount #./api/api.cpp (line:2599)
[0000346] [14:41:47:014316] [Tid0x00001594] [debug] <--[C172] DL_GetCount
[0000347] [14:41:47:014316] [Tid0x00001594] [debug] -->[C173] DL_Rom_GetInfoAll #./api/api.cpp (line:2764)
[0000348] [14:41:47:015316] [Tid0x00001594] [debug] <--[C173] DL_Rom_GetInfoAll
[0000349] [14:41:47:016316] [Tid0x00001594] [debug] -->[C174] DL_Rom_SetEnableAttr #./api/api.cpp (line:2818)
[0000350] [14:41:47:016316] [Tid0x00001594] [debug] <--[C174] DL_Rom_SetEnableAttr
[0000351] [14:41:47:024317] [Tid0x00001594] [debug] -->[C175] DL_GetCount #./api/api.cpp (line:2599)
[0000352] [14:41:47:024317] [Tid0x00001594] [debug] <--[C175] DL_GetCount
[0000353] [14:41:47:024317] [Tid0x00001594] [debug] -->[C176] DL_Rom_GetInfoAll #./api/api.cpp (line:2764)
[0000354] [14:41:47:025317] [Tid0x00001594] [debug] <--[C176] DL_Rom_GetInfoAll
[0000355] [14:41:47:026317] [Tid0x00001594] [debug] -->[C177] DL_Rom_SetEnableAttr #./api/api.cpp (line:2818)
[0000356] [14:41:47:026317] [Tid0x00001594] [debug] <--[C177] DL_Rom_SetEnableAttr
[0000357] [14:41:47:029318] [Tid0x00001594] [debug] -->[C178] DL_GetCount #./api/api.cpp (line:2599)
[0000358] [14:41:47:029318] [Tid0x00001594] [debug] <--[C178] DL_GetCount
[0000359] [14:41:47:029318] [Tid0x00001594] [debug] -->[C179] DL_Rom_GetInfoAll #./api/api.cpp (line:2764)
[0000360] [14:41:47:029318] [Tid0x00001594] [debug] <--[C179] DL_Rom_GetInfoAll
[0000361] [14:41:47:030318] [Tid0x00001594] [debug] -->[C180] DL_Rom_SetEnableAttr #./api/api.cpp (line:2818)
[0000362] [14:41:47:030318] [Tid0x00001594] [debug] <--[C180] DL_Rom_SetEnableAttr
[0000363] [14:41:47:038319] [Tid0x00001594] [debug] -->[C181] DL_GetCount #./api/api.cpp (line:2599)
[0000364] [14:41:47:038319] [Tid0x00001594] [debug] <--[C181] DL_GetCount
[0000365] [14:41:47:038319] [Tid0x00001594] [debug] -->[C182] DL_Rom_GetInfoAll #./api/api.cpp (line:2764)
[0000366] [14:41:47:039319] [Tid0x00001594] [debug] <--[C182] DL_Rom_GetInfoAll
[0000367] [14:41:47:040319] [Tid0x00001594] [debug] -->[C183] DL_Rom_SetEnableAttr #./api/api.cpp (line:2818)
[0000368] [14:41:47:040319] [Tid0x00001594] [debug] <--[C183] DL_Rom_SetEnableAttr
[0000369] [14:41:47:043319] [Tid0x00001594] [debug] -->[C184] DL_GetCount #./api/api.cpp (line:2599)
[0000370] [14:41:47:043319] [Tid0x00001594] [debug] <--[C184] DL_GetCount
[0000371] [14:41:47:043319] [Tid0x00001594] [debug] -->[C185] DL_Rom_GetInfoAll #./api/api.cpp (line:2764)
[0000372] [14:41:47:044319] [Tid0x00001594] [debug] <--[C185] DL_Rom_GetInfoAll
[0000373] [14:41:47:045319] [Tid0x00001594] [debug] -->[C186] DL_Rom_SetEnableAttr #./api/api.cpp (line:2818)
[0000374] [14:41:47:045319] [Tid0x00001594] [debug] <--[C186] DL_Rom_SetEnableAttr
[0000375] [14:41:47:053320] [Tid0x00001594] [debug] -->[C187] DL_GetCount #./api/api.cpp (line:2599)
[0000376] [14:41:47:054320] [Tid0x00001594] [debug] <--[C187] DL_GetCount
[0000377] [14:41:47:054320] [Tid0x00001594] [debug] -->[C188] DL_Rom_GetInfoAll #./api/api.cpp (line:2764)
[0000378] [14:41:47:054320] [Tid0x00001594] [debug] <--[C188] DL_Rom_GetInfoAll
[0000379] [14:41:47:055320] [Tid0x00001594] [debug] -->[C189] DL_Rom_SetEnableAttr #./api/api.cpp (line:2818)
[0000380] [14:41:47:055320] [Tid0x00001594] [debug] <--[C189] DL_Rom_SetEnableAttr
[0000381] [14:41:47:058321] [Tid0x00001594] [debug] -->[C190] DL_GetCount #./api/api.cpp (line:2599)
[0000382] [14:41:47:058321] [Tid0x00001594] [debug] <--[C190] DL_GetCount
[0000383] [14:41:47:058321] [Tid0x00001594] [debug] -->[C191] DL_Rom_GetInfoAll #./api/api.cpp (line:2764)
[0000384] [14:41:47:059321] [Tid0x00001594] [debug] <--[C191] DL_Rom_GetInfoAll
[0000385] [14:41:47:060321] [Tid0x00001594] [debug] -->[C192] DL_Rom_SetEnableAttr #./api/api.cpp (line:2818)
[0000386] [14:41:47:060321] [Tid0x00001594] [debug] <--[C192] DL_Rom_SetEnableAttr
[0000387] [14:41:47:068322] [Tid0x00001594] [debug] -->[C193] DL_GetCount #./api/api.cpp (line:2599)
[0000388] [14:41:47:068322] [Tid0x00001594] [debug] <--[C193] DL_GetCount
[0000389] [14:41:47:068322] [Tid0x00001594] [debug] -->[C194] DL_Rom_GetInfoAll #./api/api.cpp (line:2764)
[0000390] [14:41:47:069322] [Tid0x00001594] [debug] <--[C194] DL_Rom_GetInfoAll
[0000391] [14:41:47:070322] [Tid0x00001594] [debug] -->[C195] DL_Rom_SetEnableAttr #./api/api.cpp (line:2818)
[0000392] [14:41:47:070322] [Tid0x00001594] [debug] <--[C195] DL_Rom_SetEnableAttr
[0000393] [14:41:47:073322] [Tid0x00001594] [debug] -->[C196] DL_GetCount #./api/api.cpp (line:2599)
[0000394] [14:41:47:073322] [Tid0x00001594] [debug] <--[C196] DL_GetCount
[0000395] [14:41:47:073322] [Tid0x00001594] [debug] -->[C197] DL_Rom_GetInfoAll #./api/api.cpp (line:2764)
[0000396] [14:41:47:074322] [Tid0x00001594] [debug] <--[C197] DL_Rom_GetInfoAll
[0000397] [14:41:47:075322] [Tid0x00001594] [debug] -->[C198] DL_Rom_SetEnableAttr #./api/api.cpp (line:2818)
[0000398] [14:41:47:075322] [Tid0x00001594] [debug] <--[C198] DL_Rom_SetEnableAttr
[0000399] [14:41:47:086323] [Tid0x00001594] [debug] -->[C199] DL_GetCount #./api/api.cpp (line:2599)
[0000400] [14:41:47:087323] [Tid0x00001594] [debug] <--[C199] DL_GetCount
[0000401] [14:41:47:087323] [Tid0x00001594] [debug] -->[C200] DL_Rom_GetInfoAll #./api/api.cpp (line:2764)
[0000402] [14:41:47:087323] [Tid0x00001594] [debug] <--[C200] DL_Rom_GetInfoAll
[0000403] [14:41:47:088324] [Tid0x00001594] [debug] -->[C201] DL_Rom_SetEnableAttr #./api/api.cpp (line:2818)
[0000404] [14:41:47:088324] [Tid0x00001594] [debug] <--[C201] DL_Rom_SetEnableAttr
[0000405] [14:41:47:096324] [Tid0x00001594] [debug] -->[C202] DL_GetCount #./api/api.cpp (line:2599)
[0000406] [14:41:47:096324] [Tid0x00001594] [debug] <--[C202] DL_GetCount
[0000407] [14:41:47:096324] [Tid0x00001594] [debug] -->[C203] DL_Rom_GetInfoAll #./api/api.cpp (line:2764)
[0000408] [14:41:47:097324] [Tid0x00001594] [debug] <--[C203] DL_Rom_GetInfoAll
[0000409] [14:41:47:099325] [Tid0x00001594] [debug] -->[C204] DL_Rom_SetEnableAttr #./api/api.cpp (line:2818)
[0000410] [14:41:47:099325] [Tid0x00001594] [debug] <--[C204] DL_Rom_SetEnableAttr
[0000411] [14:41:47:102325] [Tid0x00001594] [debug] -->[C205] DL_GetCount #./api/api.cpp (line:2599)
[0000412] [14:41:47:102325] [Tid0x00001594] [debug] <--[C205] DL_GetCount
[0000413] [14:41:47:102325] [Tid0x00001594] [debug] -->[C206] DL_Rom_GetInfoAll #./api/api.cpp (line:2764)
[0000414] [14:41:47:103325] [Tid0x00001594] [debug] <--[C206] DL_Rom_GetInfoAll
[0000415] [14:41:47:104325] [Tid0x00001594] [debug] -->[C207] DL_Rom_SetEnableAttr #./api/api.cpp (line:2818)
[0000416] [14:41:47:104325] [Tid0x00001594] [debug] <--[C207] DL_Rom_SetEnableAttr
[0000417] [14:41:47:118327] [Tid0x00001594] [debug] -->[C208] DL_GetCount #./api/api.cpp (line:2599)
[0000418] [14:41:47:118327] [Tid0x00001594] [debug] <--[C208] DL_GetCount
[0000419] [14:41:47:118327] [Tid0x00001594] [debug] -->[C209] DL_Rom_GetInfoAll #./api/api.cpp (line:2764)
[0000420] [14:41:47:118327] [Tid0x00001594] [debug] <--[C209] DL_Rom_GetInfoAll
[0000421] [14:41:47:120327] [Tid0x00001594] [debug] -->[C210] DL_Rom_SetEnableAttr #./api/api.cpp (line:2818)
[0000422] [14:41:47:120327] [Tid0x00001594] [debug] <--[C210] DL_Rom_SetEnableAttr
[0000423] [14:41:47:122327] [Tid0x00001594] [debug] -->[C211] DL_GetCount #./api/api.cpp (line:2599)
[0000424] [14:41:47:122327] [Tid0x00001594] [debug] <--[C211] DL_GetCount
[0000425] [14:41:47:122327] [Tid0x00001594] [debug] -->[C212] DL_Rom_GetInfoAll #./api/api.cpp (line:2764)
[0000426] [14:41:47:123327] [Tid0x00001594] [debug] <--[C212] DL_Rom_GetInfoAll
[0000427] [14:41:47:124327] [Tid0x00001594] [debug] -->[C213] DL_Rom_SetEnableAttr #./api/api.cpp (line:2818)
[0000428] [14:41:47:124327] [Tid0x00001594] [debug] <--[C213] DL_Rom_SetEnableAttr
[0000429] [14:41:47:132328] [Tid0x00001594] [debug] -->[C214] DL_GetCount #./api/api.cpp (line:2599)
[0000430] [14:41:47:133328] [Tid0x00001594] [debug] <--[C214] DL_GetCount
[0000431] [14:41:47:133328] [Tid0x00001594] [debug] -->[C215] DL_Rom_GetInfoAll #./api/api.cpp (line:2764)
[0000432] [14:41:47:133328] [Tid0x00001594] [debug] <--[C215] DL_Rom_GetInfoAll
[0000433] [14:41:47:134328] [Tid0x00001594] [debug] -->[C216] DL_Rom_SetEnableAttr #./api/api.cpp (line:2818)
[0000434] [14:41:47:134328] [Tid0x00001594] [debug] <--[C216] DL_Rom_SetEnableAttr
[0000435] [14:41:47:136328] [Tid0x00001594] [debug] -->[C217] DL_SetChecksumLevel #./api/api.cpp (line:2528)
[0000436] [14:41:47:136328] [Tid0x00001594] [debug] <--[C217] DL_SetChecksumLevel
[0000437] [14:54:08:707959] [Tid0x00001594] [debug] -->[C218] DL_Rom_UnloadAll #./api/api.cpp (line:2807)
[0000438] [14:54:08:740159] [Tid0x00001594] [debug] <--[C218] DL_Rom_UnloadAll
