[0000001] [14:00:23:437500] [Tid0x00000920] [debug] -->[C1] DL_LoadScatter #./api/api.cpp (line:2601)
[0000002] [14:00:23:500000] [Tid0x00000920] [debug] used lib version: 1
[0000003] [14:00:23:500000] [Tid0x00000920] [debug] <--[C1] DL_LoadScatter
[0000004] [14:00:23:500000] [Tid0x00000920] [debug] -->[C2] DL_AutoLoadRomImages #./api/api.cpp (line:2790)
[0000005] [14:00:23:640625] [Tid0x00000920] [debug] <--[C2] DL_AutoLoadRomImages
[0000006] [14:00:23:968750] [Tid0x000022bc] [debug] -->[C3] DL_GetCount #./api/api.cpp (line:2710)
[0000007] [14:00:23:968750] [Tid0x000022bc] [debug] <--[C3] DL_GetCount
[0000008] [14:00:23:968750] [Tid0x000022bc] [debug] -->[C4] DL_Rom_GetInfoAll #./api/api.cpp (line:2875)
[0000009] [14:00:23:968750] [Tid0x000022bc] [debug] <--[C4] DL_Rom_GetInfoAll
[0000010] [14:00:23:968750] [Tid0x000022bc] [debug] -->[C5] DL_GetScatterInfo #./api/api.cpp (line:2811)
[0000011] [14:00:23:968750] [Tid0x000022bc] [debug] <--[C5] DL_GetScatterInfo
[0000012] [14:00:23:984375] [Tid0x000022bc] [debug] -->[C6] DL_GetCount #./api/api.cpp (line:2710)
[0000013] [14:00:23:984375] [Tid0x000022bc] [debug] <--[C6] DL_GetCount
[0000014] [14:00:23:984375] [Tid0x000022bc] [debug] -->[C7] DL_Rom_GetInfoAll #./api/api.cpp (line:2875)
[0000015] [14:00:23:984375] [Tid0x000022bc] [debug] <--[C7] DL_Rom_GetInfoAll
[0000016] [14:00:23:984375] [Tid0x000022bc] [debug] -->[C8] DL_Rom_SetEnableAttr #./api/api.cpp (line:2929)
[0000017] [14:00:23:984375] [Tid0x000022bc] [debug] <--[C8] DL_Rom_SetEnableAttr
[0000018] [14:00:23:984375] [Tid0x000022bc] [debug] -->[C9] DL_GetCount #./api/api.cpp (line:2710)
[0000019] [14:00:23:984375] [Tid0x000022bc] [debug] <--[C9] DL_GetCount
[0000020] [14:00:23:984375] [Tid0x000022bc] [debug] -->[C10] DL_Rom_GetInfoAll #./api/api.cpp (line:2875)
[0000021] [14:00:23:984375] [Tid0x000022bc] [debug] <--[C10] DL_Rom_GetInfoAll
[0000022] [14:00:24:000000] [Tid0x000022bc] [debug] -->[C11] DL_Rom_SetEnableAttr #./api/api.cpp (line:2929)
[0000023] [14:00:24:000000] [Tid0x000022bc] [debug] <--[C11] DL_Rom_SetEnableAttr
[0000024] [14:00:24:000000] [Tid0x000022bc] [debug] -->[C12] DL_GetCount #./api/api.cpp (line:2710)
[0000025] [14:00:24:000000] [Tid0x000022bc] [debug] <--[C12] DL_GetCount
[0000026] [14:00:24:000000] [Tid0x000022bc] [debug] -->[C13] DL_Rom_GetInfoAll #./api/api.cpp (line:2875)
[0000027] [14:00:24:000000] [Tid0x000022bc] [debug] <--[C13] DL_Rom_GetInfoAll
[0000028] [14:00:24:000000] [Tid0x000022bc] [debug] -->[C14] DL_Rom_SetEnableAttr #./api/api.cpp (line:2929)
[0000029] [14:00:24:000000] [Tid0x000022bc] [debug] <--[C14] DL_Rom_SetEnableAttr
[0000030] [14:00:24:000000] [Tid0x000022bc] [debug] -->[C15] DL_GetCount #./api/api.cpp (line:2710)
[0000031] [14:00:24:000000] [Tid0x000022bc] [debug] <--[C15] DL_GetCount
[0000032] [14:00:24:000000] [Tid0x000022bc] [debug] -->[C16] DL_Rom_GetInfoAll #./api/api.cpp (line:2875)
[0000033] [14:00:24:000000] [Tid0x000022bc] [debug] <--[C16] DL_Rom_GetInfoAll
[0000034] [14:00:24:015625] [Tid0x000022bc] [debug] -->[C17] DL_Rom_SetEnableAttr #./api/api.cpp (line:2929)
[0000035] [14:00:24:015625] [Tid0x000022bc] [debug] <--[C17] DL_Rom_SetEnableAttr
[0000036] [14:00:24:015625] [Tid0x000022bc] [debug] -->[C18] DL_GetCount #./api/api.cpp (line:2710)
[0000037] [14:00:24:015625] [Tid0x000022bc] [debug] <--[C18] DL_GetCount
[0000038] [14:00:24:015625] [Tid0x000022bc] [debug] -->[C19] DL_Rom_GetInfoAll #./api/api.cpp (line:2875)
[0000039] [14:00:24:015625] [Tid0x000022bc] [debug] <--[C19] DL_Rom_GetInfoAll
[0000040] [14:00:24:015625] [Tid0x000022bc] [debug] -->[C20] DL_Rom_SetEnableAttr #./api/api.cpp (line:2929)
[0000041] [14:00:24:015625] [Tid0x000022bc] [debug] <--[C20] DL_Rom_SetEnableAttr
[0000042] [14:00:24:015625] [Tid0x000022bc] [debug] -->[C21] DL_GetCount #./api/api.cpp (line:2710)
[0000043] [14:00:24:015625] [Tid0x000022bc] [debug] <--[C21] DL_GetCount
[0000044] [14:00:24:015625] [Tid0x000022bc] [debug] -->[C22] DL_Rom_GetInfoAll #./api/api.cpp (line:2875)
[0000045] [14:00:24:015625] [Tid0x000022bc] [debug] <--[C22] DL_Rom_GetInfoAll
[0000046] [14:00:24:031250] [Tid0x000022bc] [debug] -->[C23] DL_Rom_SetEnableAttr #./api/api.cpp (line:2929)
[0000047] [14:00:24:031250] [Tid0x000022bc] [debug] <--[C23] DL_Rom_SetEnableAttr
[0000048] [14:00:24:031250] [Tid0x000022bc] [debug] -->[C24] DL_GetCount #./api/api.cpp (line:2710)
[0000049] [14:00:24:031250] [Tid0x000022bc] [debug] <--[C24] DL_GetCount
[0000050] [14:00:24:031250] [Tid0x000022bc] [debug] -->[C25] DL_Rom_GetInfoAll #./api/api.cpp (line:2875)
[0000051] [14:00:24:031250] [Tid0x000022bc] [debug] <--[C25] DL_Rom_GetInfoAll
[0000052] [14:00:24:031250] [Tid0x000022bc] [debug] -->[C26] DL_Rom_SetEnableAttr #./api/api.cpp (line:2929)
[0000053] [14:00:24:031250] [Tid0x000022bc] [debug] <--[C26] DL_Rom_SetEnableAttr
[0000054] [14:00:24:031250] [Tid0x000022bc] [debug] -->[C27] DL_GetCount #./api/api.cpp (line:2710)
[0000055] [14:00:24:031250] [Tid0x000022bc] [debug] <--[C27] DL_GetCount
[0000056] [14:00:24:031250] [Tid0x000022bc] [debug] -->[C28] DL_Rom_GetInfoAll #./api/api.cpp (line:2875)
[0000057] [14:00:24:031250] [Tid0x000022bc] [debug] <--[C28] DL_Rom_GetInfoAll
[0000058] [14:00:24:031250] [Tid0x000022bc] [debug] -->[C29] DL_Rom_SetEnableAttr #./api/api.cpp (line:2929)
[0000059] [14:00:24:031250] [Tid0x000022bc] [debug] <--[C29] DL_Rom_SetEnableAttr
[0000060] [14:00:24:031250] [Tid0x000022bc] [debug] -->[C30] DL_GetCount #./api/api.cpp (line:2710)
[0000061] [14:00:24:031250] [Tid0x000022bc] [debug] <--[C30] DL_GetCount
[0000062] [14:00:24:031250] [Tid0x000022bc] [debug] -->[C31] DL_Rom_GetInfoAll #./api/api.cpp (line:2875)
[0000063] [14:00:24:031250] [Tid0x000022bc] [debug] <--[C31] DL_Rom_GetInfoAll
[0000064] [14:00:24:046875] [Tid0x000022bc] [debug] -->[C32] DL_Rom_SetEnableAttr #./api/api.cpp (line:2929)
[0000065] [14:00:24:046875] [Tid0x000022bc] [debug] <--[C32] DL_Rom_SetEnableAttr
[0000066] [14:00:24:046875] [Tid0x000022bc] [debug] -->[C33] DL_GetCount #./api/api.cpp (line:2710)
[0000067] [14:00:24:046875] [Tid0x000022bc] [debug] <--[C33] DL_GetCount
[0000068] [14:00:24:046875] [Tid0x000022bc] [debug] -->[C34] DL_Rom_GetInfoAll #./api/api.cpp (line:2875)
[0000069] [14:00:24:046875] [Tid0x000022bc] [debug] <--[C34] DL_Rom_GetInfoAll
[0000070] [14:00:24:046875] [Tid0x000022bc] [debug] -->[C35] DL_Rom_SetEnableAttr #./api/api.cpp (line:2929)
[0000071] [14:00:24:046875] [Tid0x000022bc] [debug] <--[C35] DL_Rom_SetEnableAttr
[0000072] [14:00:24:046875] [Tid0x000022bc] [debug] -->[C36] DL_SetChecksumLevel #./api/api.cpp (line:2643)
[0000073] [14:00:24:046875] [Tid0x000022bc] [debug] <--[C36] DL_SetChecksumLevel
[0000074] [14:00:27:062500] [Tid0x000022bc] [debug] -->[C37] DL_GetCount #./api/api.cpp (line:2710)
[0000075] [14:00:27:062500] [Tid0x000022bc] [debug] <--[C37] DL_GetCount
[0000076] [14:00:27:062500] [Tid0x000022bc] [debug] -->[C38] DL_Rom_GetInfoAll #./api/api.cpp (line:2875)
[0000077] [14:00:27:062500] [Tid0x000022bc] [debug] <--[C38] DL_Rom_GetInfoAll
[0000078] [14:00:27:062500] [Tid0x000022bc] [debug] -->[C39] DL_Rom_SetEnableAttr #./api/api.cpp (line:2929)
[0000079] [14:00:27:062500] [Tid0x000022bc] [debug] <--[C39] DL_Rom_SetEnableAttr
[0000080] [14:00:27:078125] [Tid0x000022bc] [debug] -->[C40] DL_GetCount #./api/api.cpp (line:2710)
[0000081] [14:00:27:078125] [Tid0x000022bc] [debug] <--[C40] DL_GetCount
[0000082] [14:00:27:078125] [Tid0x000022bc] [debug] -->[C41] DL_Rom_GetInfoAll #./api/api.cpp (line:2875)
[0000083] [14:00:27:078125] [Tid0x000022bc] [debug] <--[C41] DL_Rom_GetInfoAll
[0000084] [14:00:27:078125] [Tid0x000022bc] [debug] -->[C42] DL_Rom_SetEnableAttr #./api/api.cpp (line:2929)
[0000085] [14:00:27:078125] [Tid0x000022bc] [debug] <--[C42] DL_Rom_SetEnableAttr
[0000086] [14:00:27:078125] [Tid0x000022bc] [debug] -->[C43] DL_GetCount #./api/api.cpp (line:2710)
[0000087] [14:00:27:078125] [Tid0x000022bc] [debug] <--[C43] DL_GetCount
[0000088] [14:00:27:078125] [Tid0x000022bc] [debug] -->[C44] DL_Rom_GetInfoAll #./api/api.cpp (line:2875)
[0000089] [14:00:27:078125] [Tid0x000022bc] [debug] <--[C44] DL_Rom_GetInfoAll
[0000090] [14:00:27:078125] [Tid0x000022bc] [debug] -->[C45] DL_Rom_SetEnableAttr #./api/api.cpp (line:2929)
[0000091] [14:00:27:078125] [Tid0x000022bc] [debug] <--[C45] DL_Rom_SetEnableAttr
[0000092] [14:00:27:093750] [Tid0x000022bc] [debug] -->[C46] DL_GetCount #./api/api.cpp (line:2710)
[0000093] [14:00:27:093750] [Tid0x000022bc] [debug] <--[C46] DL_GetCount
[0000094] [14:00:27:093750] [Tid0x000022bc] [debug] -->[C47] DL_Rom_GetInfoAll #./api/api.cpp (line:2875)
[0000095] [14:00:27:093750] [Tid0x000022bc] [debug] <--[C47] DL_Rom_GetInfoAll
[0000096] [14:00:27:093750] [Tid0x000022bc] [debug] -->[C48] DL_Rom_SetEnableAttr #./api/api.cpp (line:2929)
[0000097] [14:00:27:093750] [Tid0x000022bc] [debug] <--[C48] DL_Rom_SetEnableAttr
[0000098] [14:00:27:093750] [Tid0x000022bc] [debug] -->[C49] DL_GetCount #./api/api.cpp (line:2710)
[0000099] [14:00:27:093750] [Tid0x000022bc] [debug] <--[C49] DL_GetCount
[0000100] [14:00:27:093750] [Tid0x000022bc] [debug] -->[C50] DL_Rom_GetInfoAll #./api/api.cpp (line:2875)
[0000101] [14:00:27:093750] [Tid0x000022bc] [debug] <--[C50] DL_Rom_GetInfoAll
[0000102] [14:00:27:093750] [Tid0x000022bc] [debug] -->[C51] DL_Rom_SetEnableAttr #./api/api.cpp (line:2929)
[0000103] [14:00:27:093750] [Tid0x000022bc] [debug] <--[C51] DL_Rom_SetEnableAttr
[0000104] [14:00:27:093750] [Tid0x000022bc] [debug] -->[C52] DL_GetCount #./api/api.cpp (line:2710)
[0000105] [14:00:27:093750] [Tid0x000022bc] [debug] <--[C52] DL_GetCount
[0000106] [14:00:27:093750] [Tid0x000022bc] [debug] -->[C53] DL_Rom_GetInfoAll #./api/api.cpp (line:2875)
[0000107] [14:00:27:093750] [Tid0x000022bc] [debug] <--[C53] DL_Rom_GetInfoAll
[0000108] [14:00:27:109375] [Tid0x000022bc] [debug] -->[C54] DL_Rom_SetEnableAttr #./api/api.cpp (line:2929)
[0000109] [14:00:27:109375] [Tid0x000022bc] [debug] <--[C54] DL_Rom_SetEnableAttr
[0000110] [14:00:27:109375] [Tid0x000022bc] [debug] -->[C55] DL_GetCount #./api/api.cpp (line:2710)
[0000111] [14:00:27:109375] [Tid0x000022bc] [debug] <--[C55] DL_GetCount
[0000112] [14:00:27:109375] [Tid0x000022bc] [debug] -->[C56] DL_Rom_GetInfoAll #./api/api.cpp (line:2875)
[0000113] [14:00:27:109375] [Tid0x000022bc] [debug] <--[C56] DL_Rom_GetInfoAll
[0000114] [14:00:27:109375] [Tid0x000022bc] [debug] -->[C57] DL_Rom_SetEnableAttr #./api/api.cpp (line:2929)
[0000115] [14:00:27:109375] [Tid0x000022bc] [debug] <--[C57] DL_Rom_SetEnableAttr
[0000116] [14:00:27:109375] [Tid0x000022bc] [debug] -->[C58] DL_GetCount #./api/api.cpp (line:2710)
[0000117] [14:00:27:109375] [Tid0x000022bc] [debug] <--[C58] DL_GetCount
[0000118] [14:00:27:109375] [Tid0x000022bc] [debug] -->[C59] DL_Rom_GetInfoAll #./api/api.cpp (line:2875)
[0000119] [14:00:27:109375] [Tid0x000022bc] [debug] <--[C59] DL_Rom_GetInfoAll
[0000120] [14:00:27:109375] [Tid0x000022bc] [debug] -->[C60] DL_Rom_SetEnableAttr #./api/api.cpp (line:2929)
[0000121] [14:00:27:109375] [Tid0x000022bc] [debug] <--[C60] DL_Rom_SetEnableAttr
[0000122] [14:00:27:109375] [Tid0x000022bc] [debug] -->[C61] DL_GetCount #./api/api.cpp (line:2710)
[0000123] [14:00:27:109375] [Tid0x000022bc] [debug] <--[C61] DL_GetCount
[0000124] [14:00:27:109375] [Tid0x000022bc] [debug] -->[C62] DL_Rom_GetInfoAll #./api/api.cpp (line:2875)
[0000125] [14:00:27:109375] [Tid0x000022bc] [debug] <--[C62] DL_Rom_GetInfoAll
[0000126] [14:00:27:109375] [Tid0x000022bc] [debug] -->[C63] DL_Rom_SetEnableAttr #./api/api.cpp (line:2929)
[0000127] [14:00:27:109375] [Tid0x000022bc] [debug] <--[C63] DL_Rom_SetEnableAttr
[0000128] [14:00:27:109375] [Tid0x000022bc] [debug] -->[C64] DL_GetCount #./api/api.cpp (line:2710)
[0000129] [14:00:27:109375] [Tid0x000022bc] [debug] <--[C64] DL_GetCount
[0000130] [14:00:27:109375] [Tid0x000022bc] [debug] -->[C65] DL_Rom_GetInfoAll #./api/api.cpp (line:2875)
[0000131] [14:00:27:125000] [Tid0x000022bc] [debug] <--[C65] DL_Rom_GetInfoAll
[0000132] [14:00:27:125000] [Tid0x000022bc] [debug] -->[C66] DL_Rom_SetEnableAttr #./api/api.cpp (line:2929)
[0000133] [14:00:27:125000] [Tid0x000022bc] [debug] <--[C66] DL_Rom_SetEnableAttr
[0000134] [14:00:27:125000] [Tid0x000022bc] [debug] -->[C67] DL_GetCount #./api/api.cpp (line:2710)
[0000135] [14:00:27:125000] [Tid0x000022bc] [debug] <--[C67] DL_GetCount
[0000136] [14:00:27:125000] [Tid0x000022bc] [debug] -->[C68] DL_Rom_GetInfoAll #./api/api.cpp (line:2875)
[0000137] [14:00:27:125000] [Tid0x000022bc] [debug] <--[C68] DL_Rom_GetInfoAll
[0000138] [14:00:27:125000] [Tid0x000022bc] [debug] -->[C69] DL_Rom_SetEnableAttr #./api/api.cpp (line:2929)
[0000139] [14:00:27:125000] [Tid0x000022bc] [debug] <--[C69] DL_Rom_SetEnableAttr
[0000140] [14:00:27:125000] [Tid0x000022bc] [debug] -->[C70] DL_GetCount #./api/api.cpp (line:2710)
[0000141] [14:00:27:125000] [Tid0x000022bc] [debug] <--[C70] DL_GetCount
[0000142] [14:00:27:125000] [Tid0x000022bc] [debug] -->[C71] DL_Rom_GetInfoAll #./api/api.cpp (line:2875)
[0000143] [14:00:27:125000] [Tid0x000022bc] [debug] <--[C71] DL_Rom_GetInfoAll
[0000144] [14:00:27:125000] [Tid0x000022bc] [debug] -->[C72] DL_Rom_SetEnableAttr #./api/api.cpp (line:2929)
[0000145] [14:00:27:125000] [Tid0x000022bc] [debug] <--[C72] DL_Rom_SetEnableAttr
[0000146] [14:00:27:125000] [Tid0x000022bc] [debug] -->[C73] DL_GetCount #./api/api.cpp (line:2710)
[0000147] [14:00:27:125000] [Tid0x000022bc] [debug] <--[C73] DL_GetCount
[0000148] [14:00:27:125000] [Tid0x000022bc] [debug] -->[C74] DL_Rom_GetInfoAll #./api/api.cpp (line:2875)
[0000149] [14:00:27:125000] [Tid0x000022bc] [debug] <--[C74] DL_Rom_GetInfoAll
[0000150] [14:00:27:125000] [Tid0x000022bc] [debug] -->[C75] DL_Rom_SetEnableAttr #./api/api.cpp (line:2929)
[0000151] [14:00:27:125000] [Tid0x000022bc] [debug] <--[C75] DL_Rom_SetEnableAttr
[0000152] [14:00:27:125000] [Tid0x000022bc] [debug] -->[C76] DL_GetCount #./api/api.cpp (line:2710)
[0000153] [14:00:27:125000] [Tid0x000022bc] [debug] <--[C76] DL_GetCount
[0000154] [14:00:27:125000] [Tid0x000022bc] [debug] -->[C77] DL_Rom_GetInfoAll #./api/api.cpp (line:2875)
[0000155] [14:00:27:125000] [Tid0x000022bc] [debug] <--[C77] DL_Rom_GetInfoAll
[0000156] [14:00:27:125000] [Tid0x000022bc] [debug] -->[C78] DL_Rom_SetEnableAttr #./api/api.cpp (line:2929)
[0000157] [14:00:27:125000] [Tid0x000022bc] [debug] <--[C78] DL_Rom_SetEnableAttr
[0000158] [14:00:27:125000] [Tid0x000022bc] [debug] -->[C79] DL_GetCount #./api/api.cpp (line:2710)
[0000159] [14:00:27:125000] [Tid0x000022bc] [debug] <--[C79] DL_GetCount
[0000160] [14:00:27:125000] [Tid0x000022bc] [debug] -->[C80] DL_Rom_GetInfoAll #./api/api.cpp (line:2875)
[0000161] [14:00:27:125000] [Tid0x000022bc] [debug] <--[C80] DL_Rom_GetInfoAll
[0000162] [14:00:27:140625] [Tid0x000022bc] [debug] -->[C81] DL_Rom_SetEnableAttr #./api/api.cpp (line:2929)
[0000163] [14:00:27:140625] [Tid0x000022bc] [debug] <--[C81] DL_Rom_SetEnableAttr
[0000164] [14:00:27:140625] [Tid0x000022bc] [debug] -->[C82] DL_GetCount #./api/api.cpp (line:2710)
[0000165] [14:00:27:140625] [Tid0x000022bc] [debug] <--[C82] DL_GetCount
[0000166] [14:00:27:140625] [Tid0x000022bc] [debug] -->[C83] DL_Rom_GetInfoAll #./api/api.cpp (line:2875)
[0000167] [14:00:27:140625] [Tid0x000022bc] [debug] <--[C83] DL_Rom_GetInfoAll
[0000168] [14:00:27:140625] [Tid0x000022bc] [debug] -->[C84] DL_Rom_SetEnableAttr #./api/api.cpp (line:2929)
[0000169] [14:00:27:140625] [Tid0x000022bc] [debug] <--[C84] DL_Rom_SetEnableAttr
[0000170] [14:00:27:140625] [Tid0x000022bc] [debug] -->[C85] DL_GetCount #./api/api.cpp (line:2710)
[0000171] [14:00:27:140625] [Tid0x000022bc] [debug] <--[C85] DL_GetCount
[0000172] [14:00:27:140625] [Tid0x000022bc] [debug] -->[C86] DL_Rom_GetInfoAll #./api/api.cpp (line:2875)
[0000173] [14:00:27:140625] [Tid0x000022bc] [debug] <--[C86] DL_Rom_GetInfoAll
[0000174] [14:00:27:140625] [Tid0x000022bc] [debug] -->[C87] DL_Rom_SetEnableAttr #./api/api.cpp (line:2929)
[0000175] [14:00:27:140625] [Tid0x000022bc] [debug] <--[C87] DL_Rom_SetEnableAttr
[0000176] [14:00:27:140625] [Tid0x000022bc] [debug] -->[C88] DL_GetCount #./api/api.cpp (line:2710)
[0000177] [14:00:27:140625] [Tid0x000022bc] [debug] <--[C88] DL_GetCount
[0000178] [14:00:27:140625] [Tid0x000022bc] [debug] -->[C89] DL_Rom_GetInfoAll #./api/api.cpp (line:2875)
[0000179] [14:00:27:156250] [Tid0x000022bc] [debug] <--[C89] DL_Rom_GetInfoAll
[0000180] [14:00:27:171875] [Tid0x000022bc] [debug] -->[C90] DL_Rom_SetEnableAttr #./api/api.cpp (line:2929)
[0000181] [14:00:27:171875] [Tid0x000022bc] [debug] <--[C90] DL_Rom_SetEnableAttr
[0000182] [14:00:27:171875] [Tid0x000022bc] [debug] -->[C91] DL_GetCount #./api/api.cpp (line:2710)
[0000183] [14:00:27:171875] [Tid0x000022bc] [debug] <--[C91] DL_GetCount
[0000184] [14:00:27:171875] [Tid0x000022bc] [debug] -->[C92] DL_Rom_GetInfoAll #./api/api.cpp (line:2875)
[0000185] [14:00:27:171875] [Tid0x000022bc] [debug] <--[C92] DL_Rom_GetInfoAll
[0000186] [14:00:27:171875] [Tid0x000022bc] [debug] -->[C93] DL_Rom_SetEnableAttr #./api/api.cpp (line:2929)
[0000187] [14:00:27:171875] [Tid0x000022bc] [debug] <--[C93] DL_Rom_SetEnableAttr
[0000188] [14:00:27:171875] [Tid0x000022bc] [debug] -->[C94] DL_GetCount #./api/api.cpp (line:2710)
[0000189] [14:00:27:171875] [Tid0x000022bc] [debug] <--[C94] DL_GetCount
[0000190] [14:00:27:171875] [Tid0x000022bc] [debug] -->[C95] DL_Rom_GetInfoAll #./api/api.cpp (line:2875)
[0000191] [14:00:27:171875] [Tid0x000022bc] [debug] <--[C95] DL_Rom_GetInfoAll
[0000192] [14:00:27:187500] [Tid0x000022bc] [debug] -->[C96] DL_Rom_SetEnableAttr #./api/api.cpp (line:2929)
[0000193] [14:00:27:187500] [Tid0x000022bc] [debug] <--[C96] DL_Rom_SetEnableAttr
[0000194] [14:00:39:453125] [Tid0x000022bc] [debug] -->[C97] DL_GetCount #./api/api.cpp (line:2710)
[0000195] [14:00:39:453125] [Tid0x000022bc] [debug] <--[C97] DL_GetCount
[0000196] [14:00:39:453125] [Tid0x000022bc] [debug] -->[C98] DL_Rom_GetInfoAll #./api/api.cpp (line:2875)
[0000197] [14:00:39:453125] [Tid0x000022bc] [debug] <--[C98] DL_Rom_GetInfoAll
[0000198] [14:00:39:453125] [Tid0x000022bc] [debug] -->[C99] DL_GetCount #./api/api.cpp (line:2710)
[0000199] [14:00:39:453125] [Tid0x000022bc] [debug] <--[C99] DL_GetCount
[0000200] [14:00:39:453125] [Tid0x000022bc] [debug] -->[C100] DL_Rom_GetInfoAll #./api/api.cpp (line:2875)
[0000201] [14:00:39:453125] [Tid0x000022bc] [debug] <--[C100] DL_Rom_GetInfoAll
[0000202] [14:00:48:843750] [Tid0x000023c4] [debug] -->[C101] FlashTool_Connect_BROM_ByName #./api/api.cpp (line:2102)
[0000203] [14:00:48:843750] [Tid0x000023c4] [debug] -->[C102] FlashTool_Connect_BROM_Ex #./api/api.cpp (line:1862)
[0000204] [14:00:48:843750] [Tid0x000023c4] [debug] bCheckScatter: 1
[0000205] [14:00:48:843750] [Tid0x000023c4] [debug] have load scatter already
[0000206] [14:00:48:843750] [Tid0x000023c4] [debug] libversion 1
[0000207] [14:00:48:968750] [Tid0x000023c4] [debug] <--[C102] FlashTool_Connect_BROM_Ex
[0000208] [14:00:48:968750] [Tid0x000023c4] [debug] <--[C101] FlashTool_Connect_BROM_ByName
[0000209] [14:00:48:968750] [Tid0x000023c4] [debug] -->[C103] FlashTool_GetBootResult #./api/api.cpp (line:2114)
[0000210] [14:00:48:968750] [Tid0x000023c4] [debug] <--[C103] FlashTool_GetBootResult
[0000211] [14:00:48:968750] [Tid0x000023c4] [debug] -->[C104] FlashTool_Connect_Download_DA #./api/api.cpp (line:2134)
[0000212] [14:00:48:968750] [Tid0x000023c4] [debug] bCheckScatter: 1
[0000213] [14:00:52:187500] [Tid0x000023c4] [debug] <--[C104] FlashTool_Connect_Download_DA
[0000214] [14:00:52:187500] [Tid0x000023c4] [debug] -->[C105] FlashTool_CheckUSBStatus #./api/api.cpp (line:1140)
[0000215] [14:00:52:187500] [Tid0x000023c4] [debug] <--[C105] FlashTool_CheckUSBStatus
[0000216] [14:00:52:187500] [Tid0x000023c4] [debug] -->[C106] FlashTool_SetupUSBDL #./api/api.cpp (line:1101)
[0000217] [14:00:52:187500] [Tid0x000023c4] [debug] <--[C106] FlashTool_SetupUSBDL
[0000218] [14:00:54:796875] [Tid0x000023c4] [debug] -->[C107] FlashTool_ChangeCOM_Ex #./api/api.cpp (line:1079)
[0000219] [14:00:54:828125] [Tid0x000023c4] [debug] <--[C107] FlashTool_ChangeCOM_Ex
[0000220] [14:00:54:828125] [Tid0x000023c4] [debug] -->[C108] FlashTool_CheckUSBStatus #./api/api.cpp (line:1140)
[0000221] [14:00:54:828125] [Tid0x000023c4] [debug] <--[C108] FlashTool_CheckUSBStatus
[0000222] [14:00:54:828125] [Tid0x000023c4] [debug] -->[C109] FlashTool_GetReservedRomSize #./api/api.cpp (line:1663)
[0000223] [14:00:54:843750] [Tid0x000023c4] [debug] <--[C109] FlashTool_GetReservedRomSize
[0000224] [14:00:54:843750] [Tid0x000023c4] [debug] -->[C110] FlashTool_Format #./api/api.cpp (line:1332)
[0000225] [14:00:54:968750] [Tid0x000023c4] [debug] <--[C110] FlashTool_Format
[0000226] [14:00:54:968750] [Tid0x000023c4] [debug] -->[C111] FlashTool_GetReservedRomSize #./api/api.cpp (line:1663)
[0000227] [14:00:54:968750] [Tid0x000023c4] [debug] <--[C111] FlashTool_GetReservedRomSize
[0000228] [14:00:54:968750] [Tid0x000023c4] [debug] -->[C112] FlashTool_Format #./api/api.cpp (line:1332)
[0000229] [14:00:55:031250] [Tid0x000023c4] [debug] <--[C112] FlashTool_Format
[0000230] [14:00:55:031250] [Tid0x000023c4] [debug] -->[C113] FlashTool_GetReservedRomSize #./api/api.cpp (line:1663)
[0000231] [14:00:55:031250] [Tid0x000023c4] [debug] <--[C113] FlashTool_GetReservedRomSize
[0000232] [14:00:55:031250] [Tid0x000023c4] [debug] -->[C114] FlashTool_Format #./api/api.cpp (line:1332)
[0000233] [14:00:55:093750] [Tid0x000023c4] [debug] <--[C114] FlashTool_Format
[0000234] [14:00:55:093750] [Tid0x000023c4] [debug] -->[C115] FlashTool_GetReservedRomSize #./api/api.cpp (line:1663)
[0000235] [14:00:55:093750] [Tid0x000023c4] [debug] <--[C115] FlashTool_GetReservedRomSize
[0000236] [14:00:55:093750] [Tid0x000023c4] [debug] -->[C116] FlashTool_Format #./api/api.cpp (line:1332)
[0000237] [14:00:55:187500] [Tid0x000023c4] [debug] <--[C116] FlashTool_Format
[0000238] [14:00:55:187500] [Tid0x000023c4] [debug] -->[C117] FlashTool_Download #./api/api.cpp (line:1286)
[0000239] [14:00:57:812500] [Tid0x000023c4] [debug] <--[C117] FlashTool_Download
[0000240] [14:00:57:812500] [Tid0x000023c4] [debug] -->[C118] FlashTool_Disconnect #./api/api.cpp (line:1019)
[0000241] [14:00:57:843750] [Tid0x000023c4] [debug] <--[C118] FlashTool_Disconnect
[0000242] [14:01:51:421875] [Tid0x000022bc] [debug] -->[C119] DL_GetCount #./api/api.cpp (line:2710)
[0000243] [14:01:51:421875] [Tid0x000022bc] [debug] <--[C119] DL_GetCount
[0000244] [14:01:51:421875] [Tid0x000022bc] [debug] -->[C120] DL_Rom_GetInfoAll #./api/api.cpp (line:2875)
[0000245] [14:01:51:421875] [Tid0x000022bc] [debug] <--[C120] DL_Rom_GetInfoAll
[0000246] [14:01:51:437500] [Tid0x000022bc] [debug] -->[C121] DL_GetCount #./api/api.cpp (line:2710)
[0000247] [14:01:51:437500] [Tid0x000022bc] [debug] <--[C121] DL_GetCount
[0000248] [14:01:51:437500] [Tid0x000022bc] [debug] -->[C122] DL_Rom_GetInfoAll #./api/api.cpp (line:2875)
[0000249] [14:01:51:437500] [Tid0x000022bc] [debug] <--[C122] DL_Rom_GetInfoAll
[0000250] [14:01:59:046875] [Tid0x00002300] [debug] -->[C123] FlashTool_Connect_BROM_ByName #./api/api.cpp (line:2102)
[0000251] [14:01:59:046875] [Tid0x00002300] [debug] -->[C124] FlashTool_Connect_BROM_Ex #./api/api.cpp (line:1862)
[0000252] [14:01:59:046875] [Tid0x00002300] [debug] bCheckScatter: 1
[0000253] [14:01:59:046875] [Tid0x00002300] [debug] have load scatter already
[0000254] [14:01:59:046875] [Tid0x00002300] [debug] libversion 1
[0000255] [14:01:59:156250] [Tid0x00002300] [debug] <--[C124] FlashTool_Connect_BROM_Ex
[0000256] [14:01:59:156250] [Tid0x00002300] [debug] <--[C123] FlashTool_Connect_BROM_ByName
[0000257] [14:01:59:156250] [Tid0x00002300] [debug] -->[C125] FlashTool_GetBootResult #./api/api.cpp (line:2114)
[0000258] [14:01:59:156250] [Tid0x00002300] [debug] <--[C125] FlashTool_GetBootResult
[0000259] [14:01:59:156250] [Tid0x00002300] [debug] -->[C126] FlashTool_Connect_Download_DA #./api/api.cpp (line:2134)
[0000260] [14:01:59:171875] [Tid0x00002300] [debug] bCheckScatter: 1
[0000261] [14:02:04:578125] [Tid0x00002300] [debug] <--[C126] FlashTool_Connect_Download_DA
[0000262] [14:02:04:578125] [Tid0x00002300] [debug] -->[C127] FlashTool_CheckUSBStatus #./api/api.cpp (line:1140)
[0000263] [14:02:04:578125] [Tid0x00002300] [debug] <--[C127] FlashTool_CheckUSBStatus
[0000264] [14:02:04:578125] [Tid0x00002300] [debug] -->[C128] FlashTool_SetupUSBDL #./api/api.cpp (line:1101)
[0000265] [14:02:04:578125] [Tid0x00002300] [debug] <--[C128] FlashTool_SetupUSBDL
[0000266] [14:02:07:562500] [Tid0x00002300] [debug] -->[C129] FlashTool_ChangeCOM_Ex #./api/api.cpp (line:1079)
[0000267] [14:02:07:578125] [Tid0x00002300] [debug] <--[C129] FlashTool_ChangeCOM_Ex
[0000268] [14:02:07:578125] [Tid0x00002300] [debug] -->[C130] FlashTool_CheckUSBStatus #./api/api.cpp (line:1140)
[0000269] [14:02:07:578125] [Tid0x00002300] [debug] <--[C130] FlashTool_CheckUSBStatus
[0000270] [14:02:07:578125] [Tid0x00002300] [debug] -->[C131] FlashTool_GetReservedRomSize #./api/api.cpp (line:1663)
[0000271] [14:02:07:578125] [Tid0x00002300] [debug] <--[C131] FlashTool_GetReservedRomSize
[0000272] [14:02:07:578125] [Tid0x00002300] [debug] -->[C132] FlashTool_Format #./api/api.cpp (line:1332)
[0000273] [14:02:07:765625] [Tid0x00002300] [debug] <--[C132] FlashTool_Format
[0000274] [14:02:07:765625] [Tid0x00002300] [debug] -->[C133] FlashTool_GetReservedRomSize #./api/api.cpp (line:1663)
[0000275] [14:02:07:765625] [Tid0x00002300] [debug] <--[C133] FlashTool_GetReservedRomSize
[0000276] [14:02:07:765625] [Tid0x00002300] [debug] -->[C134] FlashTool_Format #./api/api.cpp (line:1332)
[0000277] [14:02:07:812500] [Tid0x00002300] [debug] <--[C134] FlashTool_Format
[0000278] [14:02:07:812500] [Tid0x00002300] [debug] -->[C135] FlashTool_GetReservedRomSize #./api/api.cpp (line:1663)
[0000279] [14:02:07:812500] [Tid0x00002300] [debug] <--[C135] FlashTool_GetReservedRomSize
[0000280] [14:02:07:812500] [Tid0x00002300] [debug] -->[C136] FlashTool_Format #./api/api.cpp (line:1332)
[0000281] [14:02:07:843750] [Tid0x00002300] [debug] <--[C136] FlashTool_Format
[0000282] [14:02:07:843750] [Tid0x00002300] [debug] -->[C137] FlashTool_GetReservedRomSize #./api/api.cpp (line:1663)
[0000283] [14:02:07:843750] [Tid0x00002300] [debug] <--[C137] FlashTool_GetReservedRomSize
[0000284] [14:02:07:843750] [Tid0x00002300] [debug] -->[C138] FlashTool_Format #./api/api.cpp (line:1332)
[0000285] [14:02:07:875000] [Tid0x00002300] [debug] <--[C138] FlashTool_Format
[0000286] [14:02:07:875000] [Tid0x00002300] [debug] -->[C139] FlashTool_Download #./api/api.cpp (line:1286)
[0000287] [14:02:10:343750] [Tid0x00002300] [debug] <--[C139] FlashTool_Download
[0000288] [14:02:10:343750] [Tid0x00002300] [debug] -->[C140] FlashTool_Disconnect #./api/api.cpp (line:1019)
[0000289] [14:02:10:390625] [Tid0x00002300] [debug] <--[C140] FlashTool_Disconnect
[0000290] [14:02:41:859375] [Tid0x000022bc] [debug] -->[C141] DL_GetCount #./api/api.cpp (line:2710)
[0000291] [14:02:41:859375] [Tid0x000022bc] [debug] <--[C141] DL_GetCount
[0000292] [14:02:41:859375] [Tid0x000022bc] [debug] -->[C142] DL_Rom_GetInfoAll #./api/api.cpp (line:2875)
[0000293] [14:02:41:859375] [Tid0x000022bc] [debug] <--[C142] DL_Rom_GetInfoAll
[0000294] [14:02:41:875000] [Tid0x000022bc] [debug] -->[C143] DL_Rom_SetEnableAttr #./api/api.cpp (line:2929)
[0000295] [14:02:41:875000] [Tid0x000022bc] [debug] <--[C143] DL_Rom_SetEnableAttr
[0000296] [14:02:41:875000] [Tid0x000022bc] [debug] -->[C144] DL_GetCount #./api/api.cpp (line:2710)
[0000297] [14:02:41:875000] [Tid0x000022bc] [debug] <--[C144] DL_GetCount
[0000298] [14:02:41:875000] [Tid0x000022bc] [debug] -->[C145] DL_Rom_GetInfoAll #./api/api.cpp (line:2875)
[0000299] [14:02:41:875000] [Tid0x000022bc] [debug] <--[C145] DL_Rom_GetInfoAll
[0000300] [14:02:41:875000] [Tid0x000022bc] [debug] -->[C146] DL_Rom_SetEnableAttr #./api/api.cpp (line:2929)
[0000301] [14:02:41:875000] [Tid0x000022bc] [debug] <--[C146] DL_Rom_SetEnableAttr
[0000302] [14:02:41:875000] [Tid0x000022bc] [debug] -->[C147] DL_GetCount #./api/api.cpp (line:2710)
[0000303] [14:02:41:875000] [Tid0x000022bc] [debug] <--[C147] DL_GetCount
[0000304] [14:02:41:875000] [Tid0x000022bc] [debug] -->[C148] DL_Rom_GetInfoAll #./api/api.cpp (line:2875)
[0000305] [14:02:41:875000] [Tid0x000022bc] [debug] <--[C148] DL_Rom_GetInfoAll
[0000306] [14:02:41:890625] [Tid0x000022bc] [debug] -->[C149] DL_Rom_SetEnableAttr #./api/api.cpp (line:2929)
[0000307] [14:02:41:890625] [Tid0x000022bc] [debug] <--[C149] DL_Rom_SetEnableAttr
[0000308] [14:02:41:890625] [Tid0x000022bc] [debug] -->[C150] DL_GetCount #./api/api.cpp (line:2710)
[0000309] [14:02:41:890625] [Tid0x000022bc] [debug] <--[C150] DL_GetCount
[0000310] [14:02:41:890625] [Tid0x000022bc] [debug] -->[C151] DL_Rom_GetInfoAll #./api/api.cpp (line:2875)
[0000311] [14:02:41:890625] [Tid0x000022bc] [debug] <--[C151] DL_Rom_GetInfoAll
[0000312] [14:02:41:890625] [Tid0x000022bc] [debug] -->[C152] DL_Rom_SetEnableAttr #./api/api.cpp (line:2929)
[0000313] [14:02:41:890625] [Tid0x000022bc] [debug] <--[C152] DL_Rom_SetEnableAttr
[0000314] [14:02:41:890625] [Tid0x000022bc] [debug] -->[C153] DL_GetCount #./api/api.cpp (line:2710)
[0000315] [14:02:41:890625] [Tid0x000022bc] [debug] <--[C153] DL_GetCount
[0000316] [14:02:41:890625] [Tid0x000022bc] [debug] -->[C154] DL_Rom_GetInfoAll #./api/api.cpp (line:2875)
[0000317] [14:02:41:890625] [Tid0x000022bc] [debug] <--[C154] DL_Rom_GetInfoAll
[0000318] [14:02:41:890625] [Tid0x000022bc] [debug] -->[C155] DL_Rom_SetEnableAttr #./api/api.cpp (line:2929)
[0000319] [14:02:41:890625] [Tid0x000022bc] [debug] <--[C155] DL_Rom_SetEnableAttr
[0000320] [14:02:41:890625] [Tid0x000022bc] [debug] -->[C156] DL_GetCount #./api/api.cpp (line:2710)
[0000321] [14:02:41:890625] [Tid0x000022bc] [debug] <--[C156] DL_GetCount
[0000322] [14:02:41:890625] [Tid0x000022bc] [debug] -->[C157] DL_Rom_GetInfoAll #./api/api.cpp (line:2875)
[0000323] [14:02:41:890625] [Tid0x000022bc] [debug] <--[C157] DL_Rom_GetInfoAll
[0000324] [14:02:41:906250] [Tid0x000022bc] [debug] -->[C158] DL_Rom_SetEnableAttr #./api/api.cpp (line:2929)
[0000325] [14:02:41:906250] [Tid0x000022bc] [debug] <--[C158] DL_Rom_SetEnableAttr
[0000326] [14:02:41:906250] [Tid0x000022bc] [debug] -->[C159] DL_GetCount #./api/api.cpp (line:2710)
[0000327] [14:02:41:906250] [Tid0x000022bc] [debug] <--[C159] DL_GetCount
[0000328] [14:02:41:906250] [Tid0x000022bc] [debug] -->[C160] DL_Rom_GetInfoAll #./api/api.cpp (line:2875)
[0000329] [14:02:41:906250] [Tid0x000022bc] [debug] <--[C160] DL_Rom_GetInfoAll
[0000330] [14:02:41:906250] [Tid0x000022bc] [debug] -->[C161] DL_Rom_SetEnableAttr #./api/api.cpp (line:2929)
[0000331] [14:02:41:906250] [Tid0x000022bc] [debug] <--[C161] DL_Rom_SetEnableAttr
[0000332] [14:02:41:906250] [Tid0x000022bc] [debug] -->[C162] DL_GetCount #./api/api.cpp (line:2710)
[0000333] [14:02:41:906250] [Tid0x000022bc] [debug] <--[C162] DL_GetCount
[0000334] [14:02:41:906250] [Tid0x000022bc] [debug] -->[C163] DL_Rom_GetInfoAll #./api/api.cpp (line:2875)
[0000335] [14:02:41:906250] [Tid0x000022bc] [debug] <--[C163] DL_Rom_GetInfoAll
[0000336] [14:02:41:906250] [Tid0x000022bc] [debug] -->[C164] DL_Rom_SetEnableAttr #./api/api.cpp (line:2929)
[0000337] [14:02:41:906250] [Tid0x000022bc] [debug] <--[C164] DL_Rom_SetEnableAttr
[0000338] [14:02:41:906250] [Tid0x000022bc] [debug] -->[C165] DL_GetCount #./api/api.cpp (line:2710)
[0000339] [14:02:41:906250] [Tid0x000022bc] [debug] <--[C165] DL_GetCount
[0000340] [14:02:41:906250] [Tid0x000022bc] [debug] -->[C166] DL_Rom_GetInfoAll #./api/api.cpp (line:2875)
[0000341] [14:02:41:906250] [Tid0x000022bc] [debug] <--[C166] DL_Rom_GetInfoAll
[0000342] [14:02:41:906250] [Tid0x000022bc] [debug] -->[C167] DL_Rom_SetEnableAttr #./api/api.cpp (line:2929)
[0000343] [14:02:41:906250] [Tid0x000022bc] [debug] <--[C167] DL_Rom_SetEnableAttr
[0000344] [14:02:41:906250] [Tid0x000022bc] [debug] -->[C168] DL_GetCount #./api/api.cpp (line:2710)
[0000345] [14:02:41:906250] [Tid0x000022bc] [debug] <--[C168] DL_GetCount
[0000346] [14:02:41:906250] [Tid0x000022bc] [debug] -->[C169] DL_Rom_GetInfoAll #./api/api.cpp (line:2875)
[0000347] [14:02:41:906250] [Tid0x000022bc] [debug] <--[C169] DL_Rom_GetInfoAll
[0000348] [14:02:41:906250] [Tid0x000022bc] [debug] -->[C170] DL_Rom_SetEnableAttr #./api/api.cpp (line:2929)
[0000349] [14:02:41:906250] [Tid0x000022bc] [debug] <--[C170] DL_Rom_SetEnableAttr
[0000350] [14:02:43:765625] [Tid0x000022bc] [debug] -->[C171] DL_GetCount #./api/api.cpp (line:2710)
[0000351] [14:02:43:765625] [Tid0x000022bc] [debug] <--[C171] DL_GetCount
[0000352] [14:02:43:765625] [Tid0x000022bc] [debug] -->[C172] DL_Rom_GetInfoAll #./api/api.cpp (line:2875)
[0000353] [14:02:43:765625] [Tid0x000022bc] [debug] <--[C172] DL_Rom_GetInfoAll
[0000354] [14:02:43:765625] [Tid0x000022bc] [debug] -->[C173] DL_Rom_SetEnableAttr #./api/api.cpp (line:2929)
[0000355] [14:02:43:765625] [Tid0x000022bc] [debug] <--[C173] DL_Rom_SetEnableAttr
[0000356] [14:02:44:703125] [Tid0x000022bc] [debug] -->[C174] DL_GetCount #./api/api.cpp (line:2710)
[0000357] [14:02:44:703125] [Tid0x000022bc] [debug] <--[C174] DL_GetCount
[0000358] [14:02:44:703125] [Tid0x000022bc] [debug] -->[C175] DL_Rom_GetInfoAll #./api/api.cpp (line:2875)
[0000359] [14:02:44:703125] [Tid0x000022bc] [debug] <--[C175] DL_Rom_GetInfoAll
[0000360] [14:02:44:703125] [Tid0x000022bc] [debug] -->[C176] DL_GetCount #./api/api.cpp (line:2710)
[0000361] [14:02:44:703125] [Tid0x000022bc] [debug] <--[C176] DL_GetCount
[0000362] [14:02:44:703125] [Tid0x000022bc] [debug] -->[C177] DL_Rom_GetInfoAll #./api/api.cpp (line:2875)
[0000363] [14:02:44:703125] [Tid0x000022bc] [debug] <--[C177] DL_Rom_GetInfoAll
[0000364] [14:03:00:734375] [Tid0x00001c4c] [debug] -->[C178] FlashTool_Connect_BROM_ByName #./api/api.cpp (line:2102)
[0000365] [14:03:00:734375] [Tid0x00001c4c] [debug] -->[C179] FlashTool_Connect_BROM_Ex #./api/api.cpp (line:1862)
[0000366] [14:03:00:734375] [Tid0x00001c4c] [debug] bCheckScatter: 1
[0000367] [14:03:00:734375] [Tid0x00001c4c] [debug] have load scatter already
[0000368] [14:03:00:734375] [Tid0x00001c4c] [debug] libversion 1
[0000369] [14:03:00:906250] [Tid0x00001c4c] [debug] <--[C179] FlashTool_Connect_BROM_Ex
[0000370] [14:03:00:906250] [Tid0x00001c4c] [debug] <--[C178] FlashTool_Connect_BROM_ByName
[0000371] [14:03:00:906250] [Tid0x00001c4c] [debug] -->[C180] FlashTool_GetBootResult #./api/api.cpp (line:2114)
[0000372] [14:03:00:906250] [Tid0x00001c4c] [debug] <--[C180] FlashTool_GetBootResult
[0000373] [14:03:00:906250] [Tid0x00001c4c] [debug] -->[C181] FlashTool_Connect_Download_DA #./api/api.cpp (line:2134)
[0000374] [14:03:00:906250] [Tid0x00001c4c] [debug] bCheckScatter: 1
[0000375] [14:03:05:921875] [Tid0x00001c4c] [debug] <--[C181] FlashTool_Connect_Download_DA
[0000376] [14:03:05:921875] [Tid0x00001c4c] [debug] -->[C182] FlashTool_CheckUSBStatus #./api/api.cpp (line:1140)
[0000377] [14:03:05:921875] [Tid0x00001c4c] [debug] <--[C182] FlashTool_CheckUSBStatus
[0000378] [14:03:05:921875] [Tid0x00001c4c] [debug] -->[C183] FlashTool_SetupUSBDL #./api/api.cpp (line:1101)
[0000379] [14:03:05:937500] [Tid0x00001c4c] [debug] <--[C183] FlashTool_SetupUSBDL
[0000380] [14:03:42:468750] [Tid0x00001c4c] [debug] -->[C184] FlashTool_CheckUSBStatus #./api/api.cpp (line:1140)
[0000381] [14:03:42:468750] [Tid0x00001c4c] [debug] <--[C184] FlashTool_CheckUSBStatus
[0000382] [14:03:42:468750] [Tid0x00001c4c] [debug] -->[C185] FlashTool_Disconnect #./api/api.cpp (line:1019)
[0000383] [14:03:52:468750] [Tid0x00001c4c] [debug] <--[C185] FlashTool_Disconnect
[0000384] [14:03:52:609375] [Tid0x000022bc] [debug] -->[C186] DL_Rom_UnloadAll #./api/api.cpp (line:2918)
[0000385] [14:03:52:609375] [Tid0x000022bc] [debug] <--[C186] DL_Rom_UnloadAll
