[0000001] [14:55:56:546875] [Tid0x00001a08] [debug] -->[C1] DL_LoadScatter #./api/api.cpp (line:2601)
[0000002] [14:55:56:609375] [Tid0x00001a08] [debug] used lib version: 1
[0000003] [14:55:56:609375] [Tid0x00001a08] [debug] <--[C1] DL_LoadScatter
[0000004] [14:55:56:609375] [Tid0x00001a08] [debug] -->[C2] DL_AutoLoadRomImages #./api/api.cpp (line:2790)
[0000005] [14:55:57:359375] [Tid0x00001a08] [debug] <--[C2] DL_AutoLoadRomImages
[0000006] [14:55:57:390625] [Tid0x00001880] [debug] -->[C3] DL_GetCount #./api/api.cpp (line:2710)
[0000007] [14:55:57:390625] [Tid0x00001880] [debug] <--[C3] DL_GetCount
[0000008] [14:55:57:390625] [Tid0x00001880] [debug] -->[C4] DL_Rom_GetInfoAll #./api/api.cpp (line:2875)
[0000009] [14:55:57:390625] [Tid0x00001880] [debug] <--[C4] DL_Rom_GetInfoAll
[0000010] [14:55:57:406250] [Tid0x00001880] [debug] -->[C5] DL_GetScatterInfo #./api/api.cpp (line:2811)
[0000011] [14:55:57:406250] [Tid0x00001880] [debug] <--[C5] DL_GetScatterInfo
[0000012] [14:55:57:421875] [Tid0x00001880] [debug] -->[C6] DL_GetCount #./api/api.cpp (line:2710)
[0000013] [14:55:57:421875] [Tid0x00001880] [debug] <--[C6] DL_GetCount
[0000014] [14:55:57:421875] [Tid0x00001880] [debug] -->[C7] DL_Rom_GetInfoAll #./api/api.cpp (line:2875)
[0000015] [14:55:57:421875] [Tid0x00001880] [debug] <--[C7] DL_Rom_GetInfoAll
[0000016] [14:55:57:421875] [Tid0x00001880] [debug] -->[C8] DL_Rom_SetEnableAttr #./api/api.cpp (line:2929)
[0000017] [14:55:57:421875] [Tid0x00001880] [debug] <--[C8] DL_Rom_SetEnableAttr
[0000018] [14:55:57:421875] [Tid0x00001880] [debug] -->[C9] DL_GetCount #./api/api.cpp (line:2710)
[0000019] [14:55:57:421875] [Tid0x00001880] [debug] <--[C9] DL_GetCount
[0000020] [14:55:57:421875] [Tid0x00001880] [debug] -->[C10] DL_Rom_GetInfoAll #./api/api.cpp (line:2875)
[0000021] [14:55:57:421875] [Tid0x00001880] [debug] <--[C10] DL_Rom_GetInfoAll
[0000022] [14:55:57:437500] [Tid0x00001880] [debug] -->[C11] DL_Rom_SetEnableAttr #./api/api.cpp (line:2929)
[0000023] [14:55:57:437500] [Tid0x00001880] [debug] <--[C11] DL_Rom_SetEnableAttr
[0000024] [14:55:57:437500] [Tid0x00001880] [debug] -->[C12] DL_GetCount #./api/api.cpp (line:2710)
[0000025] [14:55:57:437500] [Tid0x00001880] [debug] <--[C12] DL_GetCount
[0000026] [14:55:57:437500] [Tid0x00001880] [debug] -->[C13] DL_Rom_GetInfoAll #./api/api.cpp (line:2875)
[0000027] [14:55:57:437500] [Tid0x00001880] [debug] <--[C13] DL_Rom_GetInfoAll
[0000028] [14:55:57:437500] [Tid0x00001880] [debug] -->[C14] DL_Rom_SetEnableAttr #./api/api.cpp (line:2929)
[0000029] [14:55:57:437500] [Tid0x00001880] [debug] <--[C14] DL_Rom_SetEnableAttr
[0000030] [14:55:57:437500] [Tid0x00001880] [debug] -->[C15] DL_GetCount #./api/api.cpp (line:2710)
[0000031] [14:55:57:437500] [Tid0x00001880] [debug] <--[C15] DL_GetCount
[0000032] [14:55:57:437500] [Tid0x00001880] [debug] -->[C16] DL_Rom_GetInfoAll #./api/api.cpp (line:2875)
[0000033] [14:55:57:437500] [Tid0x00001880] [debug] <--[C16] DL_Rom_GetInfoAll
[0000034] [14:55:57:453125] [Tid0x00001880] [debug] -->[C17] DL_Rom_SetEnableAttr #./api/api.cpp (line:2929)
[0000035] [14:55:57:453125] [Tid0x00001880] [debug] <--[C17] DL_Rom_SetEnableAttr
[0000036] [14:55:57:453125] [Tid0x00001880] [debug] -->[C18] DL_GetCount #./api/api.cpp (line:2710)
[0000037] [14:55:57:453125] [Tid0x00001880] [debug] <--[C18] DL_GetCount
[0000038] [14:55:57:453125] [Tid0x00001880] [debug] -->[C19] DL_Rom_GetInfoAll #./api/api.cpp (line:2875)
[0000039] [14:55:57:453125] [Tid0x00001880] [debug] <--[C19] DL_Rom_GetInfoAll
[0000040] [14:55:57:453125] [Tid0x00001880] [debug] -->[C20] DL_Rom_SetEnableAttr #./api/api.cpp (line:2929)
[0000041] [14:55:57:453125] [Tid0x00001880] [debug] <--[C20] DL_Rom_SetEnableAttr
[0000042] [14:55:57:453125] [Tid0x00001880] [debug] -->[C21] DL_GetCount #./api/api.cpp (line:2710)
[0000043] [14:55:57:453125] [Tid0x00001880] [debug] <--[C21] DL_GetCount
[0000044] [14:55:57:453125] [Tid0x00001880] [debug] -->[C22] DL_Rom_GetInfoAll #./api/api.cpp (line:2875)
[0000045] [14:55:57:453125] [Tid0x00001880] [debug] <--[C22] DL_Rom_GetInfoAll
[0000046] [14:55:57:468750] [Tid0x00001880] [debug] -->[C23] DL_Rom_SetEnableAttr #./api/api.cpp (line:2929)
[0000047] [14:55:57:468750] [Tid0x00001880] [debug] <--[C23] DL_Rom_SetEnableAttr
[0000048] [14:55:57:468750] [Tid0x00001880] [debug] -->[C24] DL_GetCount #./api/api.cpp (line:2710)
[0000049] [14:55:57:468750] [Tid0x00001880] [debug] <--[C24] DL_GetCount
[0000050] [14:55:57:468750] [Tid0x00001880] [debug] -->[C25] DL_Rom_GetInfoAll #./api/api.cpp (line:2875)
[0000051] [14:55:57:468750] [Tid0x00001880] [debug] <--[C25] DL_Rom_GetInfoAll
[0000052] [14:55:57:468750] [Tid0x00001880] [debug] -->[C26] DL_Rom_SetEnableAttr #./api/api.cpp (line:2929)
[0000053] [14:55:57:468750] [Tid0x00001880] [debug] <--[C26] DL_Rom_SetEnableAttr
[0000054] [14:55:57:468750] [Tid0x00001880] [debug] -->[C27] DL_GetCount #./api/api.cpp (line:2710)
[0000055] [14:55:57:484375] [Tid0x00001880] [debug] <--[C27] DL_GetCount
[0000056] [14:55:57:484375] [Tid0x00001880] [debug] -->[C28] DL_Rom_GetInfoAll #./api/api.cpp (line:2875)
[0000057] [14:55:57:484375] [Tid0x00001880] [debug] <--[C28] DL_Rom_GetInfoAll
[0000058] [14:55:57:484375] [Tid0x00001880] [debug] -->[C29] DL_Rom_SetEnableAttr #./api/api.cpp (line:2929)
[0000059] [14:55:57:484375] [Tid0x00001880] [debug] <--[C29] DL_Rom_SetEnableAttr
[0000060] [14:55:57:484375] [Tid0x00001880] [debug] -->[C30] DL_GetCount #./api/api.cpp (line:2710)
[0000061] [14:55:57:484375] [Tid0x00001880] [debug] <--[C30] DL_GetCount
[0000062] [14:55:57:484375] [Tid0x00001880] [debug] -->[C31] DL_Rom_GetInfoAll #./api/api.cpp (line:2875)
[0000063] [14:55:57:484375] [Tid0x00001880] [debug] <--[C31] DL_Rom_GetInfoAll
[0000064] [14:55:57:500000] [Tid0x00001880] [debug] -->[C32] DL_Rom_SetEnableAttr #./api/api.cpp (line:2929)
[0000065] [14:55:57:500000] [Tid0x00001880] [debug] <--[C32] DL_Rom_SetEnableAttr
[0000066] [14:55:57:500000] [Tid0x00001880] [debug] -->[C33] DL_GetCount #./api/api.cpp (line:2710)
[0000067] [14:55:57:500000] [Tid0x00001880] [debug] <--[C33] DL_GetCount
[0000068] [14:55:57:500000] [Tid0x00001880] [debug] -->[C34] DL_Rom_GetInfoAll #./api/api.cpp (line:2875)
[0000069] [14:55:57:500000] [Tid0x00001880] [debug] <--[C34] DL_Rom_GetInfoAll
[0000070] [14:55:57:500000] [Tid0x00001880] [debug] -->[C35] DL_Rom_SetEnableAttr #./api/api.cpp (line:2929)
[0000071] [14:55:57:500000] [Tid0x00001880] [debug] <--[C35] DL_Rom_SetEnableAttr
[0000072] [14:55:57:500000] [Tid0x00001880] [debug] -->[C36] DL_GetCount #./api/api.cpp (line:2710)
[0000073] [14:55:57:500000] [Tid0x00001880] [debug] <--[C36] DL_GetCount
[0000074] [14:55:57:500000] [Tid0x00001880] [debug] -->[C37] DL_Rom_GetInfoAll #./api/api.cpp (line:2875)
[0000075] [14:55:57:500000] [Tid0x00001880] [debug] <--[C37] DL_Rom_GetInfoAll
[0000076] [14:55:57:515625] [Tid0x00001880] [debug] -->[C38] DL_Rom_SetEnableAttr #./api/api.cpp (line:2929)
[0000077] [14:55:57:515625] [Tid0x00001880] [debug] <--[C38] DL_Rom_SetEnableAttr
[0000078] [14:55:57:515625] [Tid0x00001880] [debug] -->[C39] DL_SetChecksumLevel #./api/api.cpp (line:2643)
[0000079] [14:55:57:515625] [Tid0x00001880] [debug] <--[C39] DL_SetChecksumLevel
[0000080] [14:56:05:421875] [Tid0x00001880] [debug] -->[C40] DL_GetCount #./api/api.cpp (line:2710)
[0000081] [14:56:05:421875] [Tid0x00001880] [debug] <--[C40] DL_GetCount
[0000082] [14:56:05:421875] [Tid0x00001880] [debug] -->[C41] DL_Rom_GetInfoAll #./api/api.cpp (line:2875)
[0000083] [14:56:05:421875] [Tid0x00001880] [debug] <--[C41] DL_Rom_GetInfoAll
[0000084] [14:56:05:421875] [Tid0x00001880] [debug] -->[C42] DL_Rom_SetEnableAttr #./api/api.cpp (line:2929)
[0000085] [14:56:05:421875] [Tid0x00001880] [debug] <--[C42] DL_Rom_SetEnableAttr
[0000086] [14:56:05:421875] [Tid0x00001880] [debug] -->[C43] DL_GetCount #./api/api.cpp (line:2710)
[0000087] [14:56:05:421875] [Tid0x00001880] [debug] <--[C43] DL_GetCount
[0000088] [14:56:05:421875] [Tid0x00001880] [debug] -->[C44] DL_Rom_GetInfoAll #./api/api.cpp (line:2875)
[0000089] [14:56:05:421875] [Tid0x00001880] [debug] <--[C44] DL_Rom_GetInfoAll
[0000090] [14:56:05:437500] [Tid0x00001880] [debug] -->[C45] DL_Rom_SetEnableAttr #./api/api.cpp (line:2929)
[0000091] [14:56:05:437500] [Tid0x00001880] [debug] <--[C45] DL_Rom_SetEnableAttr
[0000092] [14:56:05:437500] [Tid0x00001880] [debug] -->[C46] DL_GetCount #./api/api.cpp (line:2710)
[0000093] [14:56:05:437500] [Tid0x00001880] [debug] <--[C46] DL_GetCount
[0000094] [14:56:05:437500] [Tid0x00001880] [debug] -->[C47] DL_Rom_GetInfoAll #./api/api.cpp (line:2875)
[0000095] [14:56:05:437500] [Tid0x00001880] [debug] <--[C47] DL_Rom_GetInfoAll
[0000096] [14:56:05:437500] [Tid0x00001880] [debug] -->[C48] DL_Rom_SetEnableAttr #./api/api.cpp (line:2929)
[0000097] [14:56:05:437500] [Tid0x00001880] [debug] <--[C48] DL_Rom_SetEnableAttr
[0000098] [14:56:05:453125] [Tid0x00001880] [debug] -->[C49] DL_GetCount #./api/api.cpp (line:2710)
[0000099] [14:56:05:453125] [Tid0x00001880] [debug] <--[C49] DL_GetCount
[0000100] [14:56:05:453125] [Tid0x00001880] [debug] -->[C50] DL_Rom_GetInfoAll #./api/api.cpp (line:2875)
[0000101] [14:56:05:453125] [Tid0x00001880] [debug] <--[C50] DL_Rom_GetInfoAll
[0000102] [14:56:05:453125] [Tid0x00001880] [debug] -->[C51] DL_Rom_SetEnableAttr #./api/api.cpp (line:2929)
[0000103] [14:56:05:453125] [Tid0x00001880] [debug] <--[C51] DL_Rom_SetEnableAttr
[0000104] [14:56:05:453125] [Tid0x00001880] [debug] -->[C52] DL_GetCount #./api/api.cpp (line:2710)
[0000105] [14:56:05:453125] [Tid0x00001880] [debug] <--[C52] DL_GetCount
[0000106] [14:56:05:453125] [Tid0x00001880] [debug] -->[C53] DL_Rom_GetInfoAll #./api/api.cpp (line:2875)
[0000107] [14:56:05:453125] [Tid0x00001880] [debug] <--[C53] DL_Rom_GetInfoAll
[0000108] [14:56:05:453125] [Tid0x00001880] [debug] -->[C54] DL_Rom_SetEnableAttr #./api/api.cpp (line:2929)
[0000109] [14:56:05:453125] [Tid0x00001880] [debug] <--[C54] DL_Rom_SetEnableAttr
[0000110] [14:56:05:468750] [Tid0x00001880] [debug] -->[C55] DL_GetCount #./api/api.cpp (line:2710)
[0000111] [14:56:05:468750] [Tid0x00001880] [debug] <--[C55] DL_GetCount
[0000112] [14:56:05:468750] [Tid0x00001880] [debug] -->[C56] DL_Rom_GetInfoAll #./api/api.cpp (line:2875)
[0000113] [14:56:05:468750] [Tid0x00001880] [debug] <--[C56] DL_Rom_GetInfoAll
[0000114] [14:56:05:468750] [Tid0x00001880] [debug] -->[C57] DL_Rom_SetEnableAttr #./api/api.cpp (line:2929)
[0000115] [14:56:05:468750] [Tid0x00001880] [debug] <--[C57] DL_Rom_SetEnableAttr
[0000116] [14:56:05:468750] [Tid0x00001880] [debug] -->[C58] DL_GetCount #./api/api.cpp (line:2710)
[0000117] [14:56:05:468750] [Tid0x00001880] [debug] <--[C58] DL_GetCount
[0000118] [14:56:05:468750] [Tid0x00001880] [debug] -->[C59] DL_Rom_GetInfoAll #./api/api.cpp (line:2875)
[0000119] [14:56:05:468750] [Tid0x00001880] [debug] <--[C59] DL_Rom_GetInfoAll
[0000120] [14:56:05:468750] [Tid0x00001880] [debug] -->[C60] DL_Rom_SetEnableAttr #./api/api.cpp (line:2929)
[0000121] [14:56:05:468750] [Tid0x00001880] [debug] <--[C60] DL_Rom_SetEnableAttr
[0000122] [14:56:05:468750] [Tid0x00001880] [debug] -->[C61] DL_GetCount #./api/api.cpp (line:2710)
[0000123] [14:56:05:468750] [Tid0x00001880] [debug] <--[C61] DL_GetCount
[0000124] [14:56:05:468750] [Tid0x00001880] [debug] -->[C62] DL_Rom_GetInfoAll #./api/api.cpp (line:2875)
[0000125] [14:56:05:468750] [Tid0x00001880] [debug] <--[C62] DL_Rom_GetInfoAll
[0000126] [14:56:05:468750] [Tid0x00001880] [debug] -->[C63] DL_Rom_SetEnableAttr #./api/api.cpp (line:2929)
[0000127] [14:56:05:484375] [Tid0x00001880] [debug] <--[C63] DL_Rom_SetEnableAttr
[0000128] [14:56:05:484375] [Tid0x00001880] [debug] -->[C64] DL_GetCount #./api/api.cpp (line:2710)
[0000129] [14:56:05:484375] [Tid0x00001880] [debug] <--[C64] DL_GetCount
[0000130] [14:56:05:484375] [Tid0x00001880] [debug] -->[C65] DL_Rom_GetInfoAll #./api/api.cpp (line:2875)
[0000131] [14:56:05:484375] [Tid0x00001880] [debug] <--[C65] DL_Rom_GetInfoAll
[0000132] [14:56:05:484375] [Tid0x00001880] [debug] -->[C66] DL_Rom_SetEnableAttr #./api/api.cpp (line:2929)
[0000133] [14:56:05:484375] [Tid0x00001880] [debug] <--[C66] DL_Rom_SetEnableAttr
[0000134] [14:56:05:484375] [Tid0x00001880] [debug] -->[C67] DL_GetCount #./api/api.cpp (line:2710)
[0000135] [14:56:05:484375] [Tid0x00001880] [debug] <--[C67] DL_GetCount
[0000136] [14:56:05:484375] [Tid0x00001880] [debug] -->[C68] DL_Rom_GetInfoAll #./api/api.cpp (line:2875)
[0000137] [14:56:05:484375] [Tid0x00001880] [debug] <--[C68] DL_Rom_GetInfoAll
[0000138] [14:56:05:484375] [Tid0x00001880] [debug] -->[C69] DL_Rom_SetEnableAttr #./api/api.cpp (line:2929)
[0000139] [14:56:05:484375] [Tid0x00001880] [debug] <--[C69] DL_Rom_SetEnableAttr
[0000140] [14:56:05:484375] [Tid0x00001880] [debug] -->[C70] DL_GetCount #./api/api.cpp (line:2710)
[0000141] [14:56:05:484375] [Tid0x00001880] [debug] <--[C70] DL_GetCount
[0000142] [14:56:05:484375] [Tid0x00001880] [debug] -->[C71] DL_Rom_GetInfoAll #./api/api.cpp (line:2875)
[0000143] [14:56:05:484375] [Tid0x00001880] [debug] <--[C71] DL_Rom_GetInfoAll
[0000144] [14:56:05:484375] [Tid0x00001880] [debug] -->[C72] DL_Rom_SetEnableAttr #./api/api.cpp (line:2929)
[0000145] [14:56:05:484375] [Tid0x00001880] [debug] <--[C72] DL_Rom_SetEnableAttr
[0000146] [14:56:05:484375] [Tid0x00001880] [debug] -->[C73] DL_GetCount #./api/api.cpp (line:2710)
[0000147] [14:56:05:484375] [Tid0x00001880] [debug] <--[C73] DL_GetCount
[0000148] [14:56:05:484375] [Tid0x00001880] [debug] -->[C74] DL_Rom_GetInfoAll #./api/api.cpp (line:2875)
[0000149] [14:56:05:484375] [Tid0x00001880] [debug] <--[C74] DL_Rom_GetInfoAll
[0000150] [14:56:05:484375] [Tid0x00001880] [debug] -->[C75] DL_Rom_SetEnableAttr #./api/api.cpp (line:2929)
[0000151] [14:56:05:484375] [Tid0x00001880] [debug] <--[C75] DL_Rom_SetEnableAttr
[0000152] [14:56:05:484375] [Tid0x00001880] [debug] -->[C76] DL_GetCount #./api/api.cpp (line:2710)
[0000153] [14:56:05:484375] [Tid0x00001880] [debug] <--[C76] DL_GetCount
[0000154] [14:56:05:484375] [Tid0x00001880] [debug] -->[C77] DL_Rom_GetInfoAll #./api/api.cpp (line:2875)
[0000155] [14:56:05:484375] [Tid0x00001880] [debug] <--[C77] DL_Rom_GetInfoAll
[0000156] [14:56:05:484375] [Tid0x00001880] [debug] -->[C78] DL_Rom_SetEnableAttr #./api/api.cpp (line:2929)
[0000157] [14:56:05:484375] [Tid0x00001880] [debug] <--[C78] DL_Rom_SetEnableAttr
[0000158] [14:56:05:500000] [Tid0x00001880] [debug] -->[C79] DL_GetCount #./api/api.cpp (line:2710)
[0000159] [14:56:05:500000] [Tid0x00001880] [debug] <--[C79] DL_GetCount
[0000160] [14:56:05:500000] [Tid0x00001880] [debug] -->[C80] DL_Rom_GetInfoAll #./api/api.cpp (line:2875)
[0000161] [14:56:05:500000] [Tid0x00001880] [debug] <--[C80] DL_Rom_GetInfoAll
[0000162] [14:56:05:500000] [Tid0x00001880] [debug] -->[C81] DL_Rom_SetEnableAttr #./api/api.cpp (line:2929)
[0000163] [14:56:05:500000] [Tid0x00001880] [debug] <--[C81] DL_Rom_SetEnableAttr
[0000164] [14:56:05:500000] [Tid0x00001880] [debug] -->[C82] DL_GetCount #./api/api.cpp (line:2710)
[0000165] [14:56:05:500000] [Tid0x00001880] [debug] <--[C82] DL_GetCount
[0000166] [14:56:05:500000] [Tid0x00001880] [debug] -->[C83] DL_Rom_GetInfoAll #./api/api.cpp (line:2875)
[0000167] [14:56:05:500000] [Tid0x00001880] [debug] <--[C83] DL_Rom_GetInfoAll
[0000168] [14:56:05:500000] [Tid0x00001880] [debug] -->[C84] DL_Rom_SetEnableAttr #./api/api.cpp (line:2929)
[0000169] [14:56:05:500000] [Tid0x00001880] [debug] <--[C84] DL_Rom_SetEnableAttr
[0000170] [14:56:05:500000] [Tid0x00001880] [debug] -->[C85] DL_GetCount #./api/api.cpp (line:2710)
[0000171] [14:56:05:500000] [Tid0x00001880] [debug] <--[C85] DL_GetCount
[0000172] [14:56:05:500000] [Tid0x00001880] [debug] -->[C86] DL_Rom_GetInfoAll #./api/api.cpp (line:2875)
[0000173] [14:56:05:500000] [Tid0x00001880] [debug] <--[C86] DL_Rom_GetInfoAll
[0000174] [14:56:05:500000] [Tid0x00001880] [debug] -->[C87] DL_Rom_SetEnableAttr #./api/api.cpp (line:2929)
[0000175] [14:56:05:500000] [Tid0x00001880] [debug] <--[C87] DL_Rom_SetEnableAttr
[0000176] [14:56:05:500000] [Tid0x00001880] [debug] -->[C88] DL_GetCount #./api/api.cpp (line:2710)
[0000177] [14:56:05:500000] [Tid0x00001880] [debug] <--[C88] DL_GetCount
[0000178] [14:56:05:500000] [Tid0x00001880] [debug] -->[C89] DL_Rom_GetInfoAll #./api/api.cpp (line:2875)
[0000179] [14:56:05:500000] [Tid0x00001880] [debug] <--[C89] DL_Rom_GetInfoAll
[0000180] [14:56:05:515625] [Tid0x00001880] [debug] -->[C90] DL_Rom_SetEnableAttr #./api/api.cpp (line:2929)
[0000181] [14:56:05:515625] [Tid0x00001880] [debug] <--[C90] DL_Rom_SetEnableAttr
[0000182] [14:56:05:515625] [Tid0x00001880] [debug] -->[C91] DL_GetCount #./api/api.cpp (line:2710)
[0000183] [14:56:05:515625] [Tid0x00001880] [debug] <--[C91] DL_GetCount
[0000184] [14:56:05:515625] [Tid0x00001880] [debug] -->[C92] DL_Rom_GetInfoAll #./api/api.cpp (line:2875)
[0000185] [14:56:05:515625] [Tid0x00001880] [debug] <--[C92] DL_Rom_GetInfoAll
[0000186] [14:56:05:515625] [Tid0x00001880] [debug] -->[C93] DL_Rom_SetEnableAttr #./api/api.cpp (line:2929)
[0000187] [14:56:05:515625] [Tid0x00001880] [debug] <--[C93] DL_Rom_SetEnableAttr
[0000188] [14:56:05:515625] [Tid0x00001880] [debug] -->[C94] DL_GetCount #./api/api.cpp (line:2710)
[0000189] [14:56:05:515625] [Tid0x00001880] [debug] <--[C94] DL_GetCount
[0000190] [14:56:05:515625] [Tid0x00001880] [debug] -->[C95] DL_Rom_GetInfoAll #./api/api.cpp (line:2875)
[0000191] [14:56:05:515625] [Tid0x00001880] [debug] <--[C95] DL_Rom_GetInfoAll
[0000192] [14:56:05:531250] [Tid0x00001880] [debug] -->[C96] DL_Rom_SetEnableAttr #./api/api.cpp (line:2929)
[0000193] [14:56:05:531250] [Tid0x00001880] [debug] <--[C96] DL_Rom_SetEnableAttr
[0000194] [14:56:05:531250] [Tid0x00001880] [debug] -->[C97] DL_GetCount #./api/api.cpp (line:2710)
[0000195] [14:56:05:531250] [Tid0x00001880] [debug] <--[C97] DL_GetCount
[0000196] [14:56:05:531250] [Tid0x00001880] [debug] -->[C98] DL_Rom_GetInfoAll #./api/api.cpp (line:2875)
[0000197] [14:56:05:531250] [Tid0x00001880] [debug] <--[C98] DL_Rom_GetInfoAll
[0000198] [14:56:05:531250] [Tid0x00001880] [debug] -->[C99] DL_Rom_SetEnableAttr #./api/api.cpp (line:2929)
[0000199] [14:56:05:531250] [Tid0x00001880] [debug] <--[C99] DL_Rom_SetEnableAttr
[0000200] [14:56:05:531250] [Tid0x00001880] [debug] -->[C100] DL_GetCount #./api/api.cpp (line:2710)
[0000201] [14:56:05:531250] [Tid0x00001880] [debug] <--[C100] DL_GetCount
[0000202] [14:56:05:531250] [Tid0x00001880] [debug] -->[C101] DL_Rom_GetInfoAll #./api/api.cpp (line:2875)
[0000203] [14:56:05:531250] [Tid0x00001880] [debug] <--[C101] DL_Rom_GetInfoAll
[0000204] [14:56:05:546875] [Tid0x00001880] [debug] -->[C102] DL_Rom_SetEnableAttr #./api/api.cpp (line:2929)
[0000205] [14:56:05:546875] [Tid0x00001880] [debug] <--[C102] DL_Rom_SetEnableAttr
[0000206] [14:56:05:546875] [Tid0x00001880] [debug] -->[C103] DL_GetCount #./api/api.cpp (line:2710)
[0000207] [14:56:05:546875] [Tid0x00001880] [debug] <--[C103] DL_GetCount
[0000208] [14:56:05:546875] [Tid0x00001880] [debug] -->[C104] DL_Rom_GetInfoAll #./api/api.cpp (line:2875)
[0000209] [14:56:05:546875] [Tid0x00001880] [debug] <--[C104] DL_Rom_GetInfoAll
[0000210] [14:56:05:546875] [Tid0x00001880] [debug] -->[C105] DL_Rom_SetEnableAttr #./api/api.cpp (line:2929)
[0000211] [14:56:05:546875] [Tid0x00001880] [debug] <--[C105] DL_Rom_SetEnableAttr
[0000212] [14:56:06:625000] [Tid0x00001880] [debug] -->[C106] DL_GetCount #./api/api.cpp (line:2710)
[0000213] [14:56:06:625000] [Tid0x00001880] [debug] <--[C106] DL_GetCount
[0000214] [14:56:06:625000] [Tid0x00001880] [debug] -->[C107] DL_Rom_GetInfoAll #./api/api.cpp (line:2875)
[0000215] [14:56:06:625000] [Tid0x00001880] [debug] <--[C107] DL_Rom_GetInfoAll
[0000216] [14:56:06:640625] [Tid0x00001880] [debug] -->[C108] DL_GetCount #./api/api.cpp (line:2710)
[0000217] [14:56:06:640625] [Tid0x00001880] [debug] <--[C108] DL_GetCount
[0000218] [14:56:06:640625] [Tid0x00001880] [debug] -->[C109] DL_Rom_GetInfoAll #./api/api.cpp (line:2875)
[0000219] [14:56:06:640625] [Tid0x00001880] [debug] <--[C109] DL_Rom_GetInfoAll
[0000220] [14:56:14:859375] [Tid0x00000bd4] [debug] -->[C110] FlashTool_Connect_BROM_ByName #./api/api.cpp (line:2102)
[0000221] [14:56:14:859375] [Tid0x00000bd4] [debug] -->[C111] FlashTool_Connect_BROM_Ex #./api/api.cpp (line:1862)
[0000222] [14:56:14:859375] [Tid0x00000bd4] [debug] bCheckScatter: 1
[0000223] [14:56:14:859375] [Tid0x00000bd4] [debug] have load scatter already
[0000224] [14:56:14:859375] [Tid0x00000bd4] [debug] libversion 1
[0000225] [14:56:15:015625] [Tid0x00000bd4] [debug] <--[C111] FlashTool_Connect_BROM_Ex
[0000226] [14:56:15:015625] [Tid0x00000bd4] [debug] <--[C110] FlashTool_Connect_BROM_ByName
[0000227] [14:56:15:015625] [Tid0x00000bd4] [debug] -->[C112] FlashTool_GetBootResult #./api/api.cpp (line:2114)
[0000228] [14:56:15:015625] [Tid0x00000bd4] [debug] <--[C112] FlashTool_GetBootResult
[0000229] [14:56:15:015625] [Tid0x00000bd4] [debug] -->[C113] FlashTool_Connect_Download_DA #./api/api.cpp (line:2134)
[0000230] [14:56:15:015625] [Tid0x00000bd4] [debug] bCheckScatter: 1
[0000231] [14:56:20:796875] [Tid0x00000bd4] [debug] <--[C113] FlashTool_Connect_Download_DA
[0000232] [14:56:20:796875] [Tid0x00000bd4] [debug] -->[C114] FlashTool_CheckUSBStatus #./api/api.cpp (line:1140)
[0000233] [14:56:20:796875] [Tid0x00000bd4] [debug] <--[C114] FlashTool_CheckUSBStatus
[0000234] [14:56:20:796875] [Tid0x00000bd4] [debug] -->[C115] FlashTool_SetupUSBDL #./api/api.cpp (line:1101)
[0000235] [14:56:20:796875] [Tid0x00000bd4] [debug] <--[C115] FlashTool_SetupUSBDL
[0000236] [14:56:23:484375] [Tid0x00000bd4] [debug] -->[C116] FlashTool_ChangeCOM_Ex #./api/api.cpp (line:1079)
[0000237] [14:56:23:484375] [Tid0x00000bd4] [debug] <--[C116] FlashTool_ChangeCOM_Ex
[0000238] [14:56:23:484375] [Tid0x00000bd4] [debug] -->[C117] FlashTool_CheckUSBStatus #./api/api.cpp (line:1140)
[0000239] [14:56:23:484375] [Tid0x00000bd4] [debug] <--[C117] FlashTool_CheckUSBStatus
[0000240] [14:56:23:484375] [Tid0x00000bd4] [debug] -->[C118] FlashTool_GetReservedRomSize #./api/api.cpp (line:1663)
[0000241] [14:56:23:500000] [Tid0x00000bd4] [debug] <--[C118] FlashTool_GetReservedRomSize
[0000242] [14:56:23:500000] [Tid0x00000bd4] [debug] -->[C119] FlashTool_Format #./api/api.cpp (line:1332)
[0000243] [14:56:23:718750] [Tid0x00000bd4] [debug] <--[C119] FlashTool_Format
[0000244] [14:56:23:718750] [Tid0x00000bd4] [debug] -->[C120] FlashTool_GetReservedRomSize #./api/api.cpp (line:1663)
[0000245] [14:56:23:718750] [Tid0x00000bd4] [debug] <--[C120] FlashTool_GetReservedRomSize
[0000246] [14:56:23:718750] [Tid0x00000bd4] [debug] -->[C121] FlashTool_Format #./api/api.cpp (line:1332)
[0000247] [14:56:23:937500] [Tid0x00000bd4] [debug] <--[C121] FlashTool_Format
[0000248] [14:56:23:937500] [Tid0x00000bd4] [debug] -->[C122] FlashTool_GetReservedRomSize #./api/api.cpp (line:1663)
[0000249] [14:56:23:937500] [Tid0x00000bd4] [debug] <--[C122] FlashTool_GetReservedRomSize
[0000250] [14:56:23:937500] [Tid0x00000bd4] [debug] -->[C123] FlashTool_Format #./api/api.cpp (line:1332)
[0000251] [14:56:24:140625] [Tid0x00000bd4] [debug] <--[C123] FlashTool_Format
[0000252] [14:56:24:140625] [Tid0x00000bd4] [debug] -->[C124] FlashTool_GetReservedRomSize #./api/api.cpp (line:1663)
[0000253] [14:56:24:140625] [Tid0x00000bd4] [debug] <--[C124] FlashTool_GetReservedRomSize
[0000254] [14:56:24:140625] [Tid0x00000bd4] [debug] -->[C125] FlashTool_Format #./api/api.cpp (line:1332)
[0000255] [14:56:24:218750] [Tid0x00000bd4] [debug] <--[C125] FlashTool_Format
[0000256] [14:56:24:218750] [Tid0x00000bd4] [debug] -->[C126] FlashTool_Download #./api/api.cpp (line:1286)
[0000257] [14:59:39:265625] [Tid0x00000bd4] [debug] <--[C126] FlashTool_Download
[0000258] [14:59:39:265625] [Tid0x00000bd4] [debug] -->[C127] DL_GetCount #./api/api.cpp (line:2710)
[0000259] [14:59:39:265625] [Tid0x00000bd4] [debug] <--[C127] DL_GetCount
[0000260] [14:59:39:265625] [Tid0x00000bd4] [debug] -->[C128] DL_Rom_GetInfoAll #./api/api.cpp (line:2875)
[0000261] [14:59:39:265625] [Tid0x00000bd4] [debug] <--[C128] DL_Rom_GetInfoAll
[0000262] [14:59:39:265625] [Tid0x00000bd4] [debug] -->[C129] FlashTool_Disconnect #./api/api.cpp (line:1019)
[0000263] [14:59:39:296875] [Tid0x00000bd4] [debug] <--[C129] FlashTool_Disconnect
[0000264] [18:55:21:234375] [Tid0x00001880] [debug] -->[C130] DL_GetCount #./api/api.cpp (line:2710)
[0000265] [18:55:21:234375] [Tid0x00001880] [debug] <--[C130] DL_GetCount
[0000266] [18:55:21:234375] [Tid0x00001880] [debug] -->[C131] DL_Rom_GetInfoAll #./api/api.cpp (line:2875)
[0000267] [18:55:21:234375] [Tid0x00001880] [debug] <--[C131] DL_Rom_GetInfoAll
[0000268] [18:55:21:234375] [Tid0x00001880] [debug] -->[C132] DL_Rom_SetEnableAttr #./api/api.cpp (line:2929)
[0000269] [18:55:21:234375] [Tid0x00001880] [debug] <--[C132] DL_Rom_SetEnableAttr
[0000270] [18:55:21:234375] [Tid0x00001880] [debug] -->[C133] DL_GetCount #./api/api.cpp (line:2710)
[0000271] [18:55:21:234375] [Tid0x00001880] [debug] <--[C133] DL_GetCount
[0000272] [18:55:21:234375] [Tid0x00001880] [debug] -->[C134] DL_Rom_GetInfoAll #./api/api.cpp (line:2875)
[0000273] [18:55:21:234375] [Tid0x00001880] [debug] <--[C134] DL_Rom_GetInfoAll
[0000274] [18:55:21:250000] [Tid0x00001880] [debug] -->[C135] DL_Rom_SetEnableAttr #./api/api.cpp (line:2929)
[0000275] [18:55:21:250000] [Tid0x00001880] [debug] <--[C135] DL_Rom_SetEnableAttr
[0000276] [18:55:21:250000] [Tid0x00001880] [debug] -->[C136] DL_GetCount #./api/api.cpp (line:2710)
[0000277] [18:55:21:250000] [Tid0x00001880] [debug] <--[C136] DL_GetCount
[0000278] [18:55:21:250000] [Tid0x00001880] [debug] -->[C137] DL_Rom_GetInfoAll #./api/api.cpp (line:2875)
[0000279] [18:55:21:250000] [Tid0x00001880] [debug] <--[C137] DL_Rom_GetInfoAll
[0000280] [18:55:21:250000] [Tid0x00001880] [debug] -->[C138] DL_Rom_SetEnableAttr #./api/api.cpp (line:2929)
[0000281] [18:55:21:250000] [Tid0x00001880] [debug] <--[C138] DL_Rom_SetEnableAttr
[0000282] [18:55:21:250000] [Tid0x00001880] [debug] -->[C139] DL_GetCount #./api/api.cpp (line:2710)
[0000283] [18:55:21:250000] [Tid0x00001880] [debug] <--[C139] DL_GetCount
[0000284] [18:55:21:250000] [Tid0x00001880] [debug] -->[C140] DL_Rom_GetInfoAll #./api/api.cpp (line:2875)
[0000285] [18:55:21:250000] [Tid0x00001880] [debug] <--[C140] DL_Rom_GetInfoAll
[0000286] [18:55:21:250000] [Tid0x00001880] [debug] -->[C141] DL_Rom_SetEnableAttr #./api/api.cpp (line:2929)
[0000287] [18:55:21:250000] [Tid0x00001880] [debug] <--[C141] DL_Rom_SetEnableAttr
[0000288] [18:55:21:250000] [Tid0x00001880] [debug] -->[C142] DL_GetCount #./api/api.cpp (line:2710)
[0000289] [18:55:21:250000] [Tid0x00001880] [debug] <--[C142] DL_GetCount
[0000290] [18:55:21:250000] [Tid0x00001880] [debug] -->[C143] DL_Rom_GetInfoAll #./api/api.cpp (line:2875)
[0000291] [18:55:21:250000] [Tid0x00001880] [debug] <--[C143] DL_Rom_GetInfoAll
[0000292] [18:55:21:265625] [Tid0x00001880] [debug] -->[C144] DL_Rom_SetEnableAttr #./api/api.cpp (line:2929)
[0000293] [18:55:21:265625] [Tid0x00001880] [debug] <--[C144] DL_Rom_SetEnableAttr
[0000294] [18:55:21:265625] [Tid0x00001880] [debug] -->[C145] DL_GetCount #./api/api.cpp (line:2710)
[0000295] [18:55:21:265625] [Tid0x00001880] [debug] <--[C145] DL_GetCount
[0000296] [18:55:21:265625] [Tid0x00001880] [debug] -->[C146] DL_Rom_GetInfoAll #./api/api.cpp (line:2875)
[0000297] [18:55:21:265625] [Tid0x00001880] [debug] <--[C146] DL_Rom_GetInfoAll
[0000298] [18:55:21:265625] [Tid0x00001880] [debug] -->[C147] DL_Rom_SetEnableAttr #./api/api.cpp (line:2929)
[0000299] [18:55:21:265625] [Tid0x00001880] [debug] <--[C147] DL_Rom_SetEnableAttr
[0000300] [18:55:21:265625] [Tid0x00001880] [debug] -->[C148] DL_GetCount #./api/api.cpp (line:2710)
[0000301] [18:55:21:265625] [Tid0x00001880] [debug] <--[C148] DL_GetCount
[0000302] [18:55:21:265625] [Tid0x00001880] [debug] -->[C149] DL_Rom_GetInfoAll #./api/api.cpp (line:2875)
[0000303] [18:55:21:265625] [Tid0x00001880] [debug] <--[C149] DL_Rom_GetInfoAll
[0000304] [18:55:21:265625] [Tid0x00001880] [debug] -->[C150] DL_Rom_SetEnableAttr #./api/api.cpp (line:2929)
[0000305] [18:55:21:265625] [Tid0x00001880] [debug] <--[C150] DL_Rom_SetEnableAttr
[0000306] [18:55:21:265625] [Tid0x00001880] [debug] -->[C151] DL_GetCount #./api/api.cpp (line:2710)
[0000307] [18:55:21:265625] [Tid0x00001880] [debug] <--[C151] DL_GetCount
[0000308] [18:55:21:265625] [Tid0x00001880] [debug] -->[C152] DL_Rom_GetInfoAll #./api/api.cpp (line:2875)
[0000309] [18:55:21:265625] [Tid0x00001880] [debug] <--[C152] DL_Rom_GetInfoAll
[0000310] [18:55:21:281250] [Tid0x00001880] [debug] -->[C153] DL_Rom_SetEnableAttr #./api/api.cpp (line:2929)
[0000311] [18:55:21:281250] [Tid0x00001880] [debug] <--[C153] DL_Rom_SetEnableAttr
[0000312] [18:55:21:281250] [Tid0x00001880] [debug] -->[C154] DL_GetCount #./api/api.cpp (line:2710)
[0000313] [18:55:21:281250] [Tid0x00001880] [debug] <--[C154] DL_GetCount
[0000314] [18:55:21:281250] [Tid0x00001880] [debug] -->[C155] DL_Rom_GetInfoAll #./api/api.cpp (line:2875)
[0000315] [18:55:21:281250] [Tid0x00001880] [debug] <--[C155] DL_Rom_GetInfoAll
[0000316] [18:55:21:281250] [Tid0x00001880] [debug] -->[C156] DL_Rom_SetEnableAttr #./api/api.cpp (line:2929)
[0000317] [18:55:21:281250] [Tid0x00001880] [debug] <--[C156] DL_Rom_SetEnableAttr
[0000318] [18:55:21:281250] [Tid0x00001880] [debug] -->[C157] DL_GetCount #./api/api.cpp (line:2710)
[0000319] [18:55:21:281250] [Tid0x00001880] [debug] <--[C157] DL_GetCount
[0000320] [18:55:21:281250] [Tid0x00001880] [debug] -->[C158] DL_Rom_GetInfoAll #./api/api.cpp (line:2875)
[0000321] [18:55:21:281250] [Tid0x00001880] [debug] <--[C158] DL_Rom_GetInfoAll
[0000322] [18:55:21:281250] [Tid0x00001880] [debug] -->[C159] DL_Rom_SetEnableAttr #./api/api.cpp (line:2929)
[0000323] [18:55:21:281250] [Tid0x00001880] [debug] <--[C159] DL_Rom_SetEnableAttr
[0000324] [18:55:21:281250] [Tid0x00001880] [debug] -->[C160] DL_GetCount #./api/api.cpp (line:2710)
[0000325] [18:55:21:281250] [Tid0x00001880] [debug] <--[C160] DL_GetCount
[0000326] [18:55:21:281250] [Tid0x00001880] [debug] -->[C161] DL_Rom_GetInfoAll #./api/api.cpp (line:2875)
[0000327] [18:55:21:281250] [Tid0x00001880] [debug] <--[C161] DL_Rom_GetInfoAll
[0000328] [18:55:21:281250] [Tid0x00001880] [debug] -->[C162] DL_Rom_SetEnableAttr #./api/api.cpp (line:2929)
[0000329] [18:55:21:281250] [Tid0x00001880] [debug] <--[C162] DL_Rom_SetEnableAttr
[0000330] [18:55:22:187500] [Tid0x00001880] [debug] -->[C163] DL_GetCount #./api/api.cpp (line:2710)
[0000331] [18:55:22:187500] [Tid0x00001880] [debug] <--[C163] DL_GetCount
[0000332] [18:55:22:187500] [Tid0x00001880] [debug] -->[C164] DL_Rom_GetInfoAll #./api/api.cpp (line:2875)
[0000333] [18:55:22:187500] [Tid0x00001880] [debug] <--[C164] DL_Rom_GetInfoAll
[0000334] [18:55:22:187500] [Tid0x00001880] [debug] -->[C165] DL_Rom_SetEnableAttr #./api/api.cpp (line:2929)
[0000335] [18:55:22:187500] [Tid0x00001880] [debug] <--[C165] DL_Rom_SetEnableAttr
[0000336] [18:55:22:187500] [Tid0x00001880] [debug] -->[C166] DL_GetCount #./api/api.cpp (line:2710)
[0000337] [18:55:22:187500] [Tid0x00001880] [debug] <--[C166] DL_GetCount
[0000338] [18:55:22:187500] [Tid0x00001880] [debug] -->[C167] DL_Rom_GetInfoAll #./api/api.cpp (line:2875)
[0000339] [18:55:22:187500] [Tid0x00001880] [debug] <--[C167] DL_Rom_GetInfoAll
[0000340] [18:55:22:187500] [Tid0x00001880] [debug] -->[C168] DL_Rom_SetEnableAttr #./api/api.cpp (line:2929)
[0000341] [18:55:22:187500] [Tid0x00001880] [debug] <--[C168] DL_Rom_SetEnableAttr
[0000342] [18:55:22:187500] [Tid0x00001880] [debug] -->[C169] DL_GetCount #./api/api.cpp (line:2710)
[0000343] [18:55:22:187500] [Tid0x00001880] [debug] <--[C169] DL_GetCount
[0000344] [18:55:22:187500] [Tid0x00001880] [debug] -->[C170] DL_Rom_GetInfoAll #./api/api.cpp (line:2875)
[0000345] [18:55:22:187500] [Tid0x00001880] [debug] <--[C170] DL_Rom_GetInfoAll
[0000346] [18:55:22:203125] [Tid0x00001880] [debug] -->[C171] DL_Rom_SetEnableAttr #./api/api.cpp (line:2929)
[0000347] [18:55:22:203125] [Tid0x00001880] [debug] <--[C171] DL_Rom_SetEnableAttr
[0000348] [18:55:22:203125] [Tid0x00001880] [debug] -->[C172] DL_GetCount #./api/api.cpp (line:2710)
[0000349] [18:55:22:203125] [Tid0x00001880] [debug] <--[C172] DL_GetCount
[0000350] [18:55:22:203125] [Tid0x00001880] [debug] -->[C173] DL_Rom_GetInfoAll #./api/api.cpp (line:2875)
[0000351] [18:55:22:203125] [Tid0x00001880] [debug] <--[C173] DL_Rom_GetInfoAll
[0000352] [18:55:22:203125] [Tid0x00001880] [debug] -->[C174] DL_Rom_SetEnableAttr #./api/api.cpp (line:2929)
[0000353] [18:55:22:203125] [Tid0x00001880] [debug] <--[C174] DL_Rom_SetEnableAttr
[0000354] [18:55:22:203125] [Tid0x00001880] [debug] -->[C175] DL_GetCount #./api/api.cpp (line:2710)
[0000355] [18:55:22:203125] [Tid0x00001880] [debug] <--[C175] DL_GetCount
[0000356] [18:55:22:203125] [Tid0x00001880] [debug] -->[C176] DL_Rom_GetInfoAll #./api/api.cpp (line:2875)
[0000357] [18:55:22:203125] [Tid0x00001880] [debug] <--[C176] DL_Rom_GetInfoAll
[0000358] [18:55:22:203125] [Tid0x00001880] [debug] -->[C177] DL_Rom_SetEnableAttr #./api/api.cpp (line:2929)
[0000359] [18:55:22:203125] [Tid0x00001880] [debug] <--[C177] DL_Rom_SetEnableAttr
[0000360] [18:55:22:203125] [Tid0x00001880] [debug] -->[C178] DL_GetCount #./api/api.cpp (line:2710)
[0000361] [18:55:22:203125] [Tid0x00001880] [debug] <--[C178] DL_GetCount
[0000362] [18:55:22:203125] [Tid0x00001880] [debug] -->[C179] DL_Rom_GetInfoAll #./api/api.cpp (line:2875)
[0000363] [18:55:22:203125] [Tid0x00001880] [debug] <--[C179] DL_Rom_GetInfoAll
[0000364] [18:55:22:203125] [Tid0x00001880] [debug] -->[C180] DL_Rom_SetEnableAttr #./api/api.cpp (line:2929)
[0000365] [18:55:22:203125] [Tid0x00001880] [debug] <--[C180] DL_Rom_SetEnableAttr
[0000366] [18:55:22:203125] [Tid0x00001880] [debug] -->[C181] DL_GetCount #./api/api.cpp (line:2710)
[0000367] [18:55:22:203125] [Tid0x00001880] [debug] <--[C181] DL_GetCount
[0000368] [18:55:22:203125] [Tid0x00001880] [debug] -->[C182] DL_Rom_GetInfoAll #./api/api.cpp (line:2875)
[0000369] [18:55:22:203125] [Tid0x00001880] [debug] <--[C182] DL_Rom_GetInfoAll
[0000370] [18:55:22:203125] [Tid0x00001880] [debug] -->[C183] DL_Rom_SetEnableAttr #./api/api.cpp (line:2929)
[0000371] [18:55:22:203125] [Tid0x00001880] [debug] <--[C183] DL_Rom_SetEnableAttr
[0000372] [18:55:22:203125] [Tid0x00001880] [debug] -->[C184] DL_GetCount #./api/api.cpp (line:2710)
[0000373] [18:55:22:203125] [Tid0x00001880] [debug] <--[C184] DL_GetCount
[0000374] [18:55:22:218750] [Tid0x00001880] [debug] -->[C185] DL_Rom_GetInfoAll #./api/api.cpp (line:2875)
[0000375] [18:55:22:218750] [Tid0x00001880] [debug] <--[C185] DL_Rom_GetInfoAll
[0000376] [18:55:22:218750] [Tid0x00001880] [debug] -->[C186] DL_Rom_SetEnableAttr #./api/api.cpp (line:2929)
[0000377] [18:55:22:218750] [Tid0x00001880] [debug] <--[C186] DL_Rom_SetEnableAttr
[0000378] [18:55:22:218750] [Tid0x00001880] [debug] -->[C187] DL_GetCount #./api/api.cpp (line:2710)
[0000379] [18:55:22:218750] [Tid0x00001880] [debug] <--[C187] DL_GetCount
[0000380] [18:55:22:218750] [Tid0x00001880] [debug] -->[C188] DL_Rom_GetInfoAll #./api/api.cpp (line:2875)
[0000381] [18:55:22:218750] [Tid0x00001880] [debug] <--[C188] DL_Rom_GetInfoAll
[0000382] [18:55:22:218750] [Tid0x00001880] [debug] -->[C189] DL_Rom_SetEnableAttr #./api/api.cpp (line:2929)
[0000383] [18:55:22:218750] [Tid0x00001880] [debug] <--[C189] DL_Rom_SetEnableAttr
[0000384] [18:55:22:218750] [Tid0x00001880] [debug] -->[C190] DL_GetCount #./api/api.cpp (line:2710)
[0000385] [18:55:22:218750] [Tid0x00001880] [debug] <--[C190] DL_GetCount
[0000386] [18:55:22:218750] [Tid0x00001880] [debug] -->[C191] DL_Rom_GetInfoAll #./api/api.cpp (line:2875)
[0000387] [18:55:22:218750] [Tid0x00001880] [debug] <--[C191] DL_Rom_GetInfoAll
[0000388] [18:55:22:234375] [Tid0x00001880] [debug] -->[C192] DL_Rom_SetEnableAttr #./api/api.cpp (line:2929)
[0000389] [18:55:22:234375] [Tid0x00001880] [debug] <--[C192] DL_Rom_SetEnableAttr
[0000390] [18:55:22:234375] [Tid0x00001880] [debug] -->[C193] DL_GetCount #./api/api.cpp (line:2710)
[0000391] [18:55:22:234375] [Tid0x00001880] [debug] <--[C193] DL_GetCount
[0000392] [18:55:22:234375] [Tid0x00001880] [debug] -->[C194] DL_Rom_GetInfoAll #./api/api.cpp (line:2875)
[0000393] [18:55:22:234375] [Tid0x00001880] [debug] <--[C194] DL_Rom_GetInfoAll
[0000394] [18:55:22:234375] [Tid0x00001880] [debug] -->[C195] DL_Rom_SetEnableAttr #./api/api.cpp (line:2929)
[0000395] [18:55:22:234375] [Tid0x00001880] [debug] <--[C195] DL_Rom_SetEnableAttr
[0000396] [18:55:22:968750] [Tid0x00001880] [debug] -->[C196] DL_GetCount #./api/api.cpp (line:2710)
[0000397] [18:55:22:968750] [Tid0x00001880] [debug] <--[C196] DL_GetCount
[0000398] [18:55:22:968750] [Tid0x00001880] [debug] -->[C197] DL_Rom_GetInfoAll #./api/api.cpp (line:2875)
[0000399] [18:55:22:968750] [Tid0x00001880] [debug] <--[C197] DL_Rom_GetInfoAll
[0000400] [18:55:22:968750] [Tid0x00001880] [debug] -->[C198] DL_Rom_SetEnableAttr #./api/api.cpp (line:2929)
[0000401] [18:55:22:968750] [Tid0x00001880] [debug] <--[C198] DL_Rom_SetEnableAttr
[0000402] [18:55:26:156250] [Tid0x00001880] [debug] -->[C199] DL_GetCount #./api/api.cpp (line:2710)
[0000403] [18:55:26:156250] [Tid0x00001880] [debug] <--[C199] DL_GetCount
[0000404] [18:55:26:156250] [Tid0x00001880] [debug] -->[C200] DL_Rom_GetInfoAll #./api/api.cpp (line:2875)
[0000405] [18:55:26:156250] [Tid0x00001880] [debug] <--[C200] DL_Rom_GetInfoAll
[0000406] [18:55:26:156250] [Tid0x00001880] [debug] -->[C201] DL_Rom_SetEnableAttr #./api/api.cpp (line:2929)
[0000407] [18:55:26:156250] [Tid0x00001880] [debug] <--[C201] DL_Rom_SetEnableAttr
[0000408] [18:56:51:234375] [Tid0x00001880] [debug] -->[C202] DL_Rom_UnloadAll #./api/api.cpp (line:2918)
[0000409] [18:56:51:234375] [Tid0x00001880] [debug] <--[C202] DL_Rom_UnloadAll
