[0000001] [16:31:47:609375] [Tid0x000017e0] [debug] -->[C1] DL_LoadScatter #./api/api.cpp (line:2601)
[0000002] [16:31:47:656250] [Tid0x000017e0] [debug] used lib version: 1
[0000003] [16:31:47:656250] [Tid0x000017e0] [debug] <--[C1] DL_LoadScatter
[0000004] [16:31:47:656250] [Tid0x000017e0] [debug] -->[C2] DL_AutoLoadRomImages #./api/api.cpp (line:2790)
[0000005] [16:31:48:343750] [Tid0x000017e0] [debug] <--[C2] DL_AutoLoadRomImages
[0000006] [16:31:48:437500] [Tid0x00000ca0] [debug] -->[C3] DL_GetCount #./api/api.cpp (line:2710)
[0000007] [16:31:48:437500] [Tid0x00000ca0] [debug] <--[C3] DL_GetCount
[0000008] [16:31:48:437500] [Tid0x00000ca0] [debug] -->[C4] DL_Rom_GetInfoAll #./api/api.cpp (line:2875)
[0000009] [16:31:48:437500] [Tid0x00000ca0] [debug] <--[C4] DL_Rom_GetInfoAll
[0000010] [16:31:48:484375] [Tid0x00000ca0] [debug] -->[C5] DL_GetScatterInfo #./api/api.cpp (line:2811)
[0000011] [16:31:48:484375] [Tid0x00000ca0] [debug] <--[C5] DL_GetScatterInfo
[0000012] [16:31:48:484375] [Tid0x00000ca0] [debug] -->[C6] DL_GetCount #./api/api.cpp (line:2710)
[0000013] [16:31:48:484375] [Tid0x00000ca0] [debug] <--[C6] DL_GetCount
[0000014] [16:31:48:484375] [Tid0x00000ca0] [debug] -->[C7] DL_Rom_GetInfoAll #./api/api.cpp (line:2875)
[0000015] [16:31:48:484375] [Tid0x00000ca0] [debug] <--[C7] DL_Rom_GetInfoAll
[0000016] [16:31:48:500000] [Tid0x00000ca0] [debug] -->[C8] DL_Rom_SetEnableAttr #./api/api.cpp (line:2929)
[0000017] [16:31:48:500000] [Tid0x00000ca0] [debug] <--[C8] DL_Rom_SetEnableAttr
[0000018] [16:31:48:500000] [Tid0x00000ca0] [debug] -->[C9] DL_GetCount #./api/api.cpp (line:2710)
[0000019] [16:31:48:500000] [Tid0x00000ca0] [debug] <--[C9] DL_GetCount
[0000020] [16:31:48:500000] [Tid0x00000ca0] [debug] -->[C10] DL_Rom_GetInfoAll #./api/api.cpp (line:2875)
[0000021] [16:31:48:500000] [Tid0x00000ca0] [debug] <--[C10] DL_Rom_GetInfoAll
[0000022] [16:31:48:500000] [Tid0x00000ca0] [debug] -->[C11] DL_Rom_SetEnableAttr #./api/api.cpp (line:2929)
[0000023] [16:31:48:500000] [Tid0x00000ca0] [debug] <--[C11] DL_Rom_SetEnableAttr
[0000024] [16:31:48:500000] [Tid0x00000ca0] [debug] -->[C12] DL_GetCount #./api/api.cpp (line:2710)
[0000025] [16:31:48:500000] [Tid0x00000ca0] [debug] <--[C12] DL_GetCount
[0000026] [16:31:48:500000] [Tid0x00000ca0] [debug] -->[C13] DL_Rom_GetInfoAll #./api/api.cpp (line:2875)
[0000027] [16:31:48:500000] [Tid0x00000ca0] [debug] <--[C13] DL_Rom_GetInfoAll
[0000028] [16:31:48:515625] [Tid0x00000ca0] [debug] -->[C14] DL_Rom_SetEnableAttr #./api/api.cpp (line:2929)
[0000029] [16:31:48:515625] [Tid0x00000ca0] [debug] <--[C14] DL_Rom_SetEnableAttr
[0000030] [16:31:48:515625] [Tid0x00000ca0] [debug] -->[C15] DL_GetCount #./api/api.cpp (line:2710)
[0000031] [16:31:48:515625] [Tid0x00000ca0] [debug] <--[C15] DL_GetCount
[0000032] [16:31:48:515625] [Tid0x00000ca0] [debug] -->[C16] DL_Rom_GetInfoAll #./api/api.cpp (line:2875)
[0000033] [16:31:48:515625] [Tid0x00000ca0] [debug] <--[C16] DL_Rom_GetInfoAll
[0000034] [16:31:48:515625] [Tid0x00000ca0] [debug] -->[C17] DL_Rom_SetEnableAttr #./api/api.cpp (line:2929)
[0000035] [16:31:48:515625] [Tid0x00000ca0] [debug] <--[C17] DL_Rom_SetEnableAttr
[0000036] [16:31:48:515625] [Tid0x00000ca0] [debug] -->[C18] DL_GetCount #./api/api.cpp (line:2710)
[0000037] [16:31:48:515625] [Tid0x00000ca0] [debug] <--[C18] DL_GetCount
[0000038] [16:31:48:515625] [Tid0x00000ca0] [debug] -->[C19] DL_Rom_GetInfoAll #./api/api.cpp (line:2875)
[0000039] [16:31:48:515625] [Tid0x00000ca0] [debug] <--[C19] DL_Rom_GetInfoAll
[0000040] [16:31:48:531250] [Tid0x00000ca0] [debug] -->[C20] DL_Rom_SetEnableAttr #./api/api.cpp (line:2929)
[0000041] [16:31:48:531250] [Tid0x00000ca0] [debug] <--[C20] DL_Rom_SetEnableAttr
[0000042] [16:31:48:531250] [Tid0x00000ca0] [debug] -->[C21] DL_GetCount #./api/api.cpp (line:2710)
[0000043] [16:31:48:531250] [Tid0x00000ca0] [debug] <--[C21] DL_GetCount
[0000044] [16:31:48:531250] [Tid0x00000ca0] [debug] -->[C22] DL_Rom_GetInfoAll #./api/api.cpp (line:2875)
[0000045] [16:31:48:531250] [Tid0x00000ca0] [debug] <--[C22] DL_Rom_GetInfoAll
[0000046] [16:31:48:531250] [Tid0x00000ca0] [debug] -->[C23] DL_Rom_SetEnableAttr #./api/api.cpp (line:2929)
[0000047] [16:31:48:531250] [Tid0x00000ca0] [debug] <--[C23] DL_Rom_SetEnableAttr
[0000048] [16:31:48:531250] [Tid0x00000ca0] [debug] -->[C24] DL_GetCount #./api/api.cpp (line:2710)
[0000049] [16:31:48:531250] [Tid0x00000ca0] [debug] <--[C24] DL_GetCount
[0000050] [16:31:48:531250] [Tid0x00000ca0] [debug] -->[C25] DL_Rom_GetInfoAll #./api/api.cpp (line:2875)
[0000051] [16:31:48:531250] [Tid0x00000ca0] [debug] <--[C25] DL_Rom_GetInfoAll
[0000052] [16:31:48:546875] [Tid0x00000ca0] [debug] -->[C26] DL_Rom_SetEnableAttr #./api/api.cpp (line:2929)
[0000053] [16:31:48:546875] [Tid0x00000ca0] [debug] <--[C26] DL_Rom_SetEnableAttr
[0000054] [16:31:48:546875] [Tid0x00000ca0] [debug] -->[C27] DL_GetCount #./api/api.cpp (line:2710)
[0000055] [16:31:48:546875] [Tid0x00000ca0] [debug] <--[C27] DL_GetCount
[0000056] [16:31:48:546875] [Tid0x00000ca0] [debug] -->[C28] DL_Rom_GetInfoAll #./api/api.cpp (line:2875)
[0000057] [16:31:48:546875] [Tid0x00000ca0] [debug] <--[C28] DL_Rom_GetInfoAll
[0000058] [16:31:48:546875] [Tid0x00000ca0] [debug] -->[C29] DL_Rom_SetEnableAttr #./api/api.cpp (line:2929)
[0000059] [16:31:48:546875] [Tid0x00000ca0] [debug] <--[C29] DL_Rom_SetEnableAttr
[0000060] [16:31:48:546875] [Tid0x00000ca0] [debug] -->[C30] DL_GetCount #./api/api.cpp (line:2710)
[0000061] [16:31:48:546875] [Tid0x00000ca0] [debug] <--[C30] DL_GetCount
[0000062] [16:31:48:546875] [Tid0x00000ca0] [debug] -->[C31] DL_Rom_GetInfoAll #./api/api.cpp (line:2875)
[0000063] [16:31:48:546875] [Tid0x00000ca0] [debug] <--[C31] DL_Rom_GetInfoAll
[0000064] [16:31:48:562500] [Tid0x00000ca0] [debug] -->[C32] DL_Rom_SetEnableAttr #./api/api.cpp (line:2929)
[0000065] [16:31:48:562500] [Tid0x00000ca0] [debug] <--[C32] DL_Rom_SetEnableAttr
[0000066] [16:31:48:562500] [Tid0x00000ca0] [debug] -->[C33] DL_GetCount #./api/api.cpp (line:2710)
[0000067] [16:31:48:562500] [Tid0x00000ca0] [debug] <--[C33] DL_GetCount
[0000068] [16:31:48:562500] [Tid0x00000ca0] [debug] -->[C34] DL_Rom_GetInfoAll #./api/api.cpp (line:2875)
[0000069] [16:31:48:562500] [Tid0x00000ca0] [debug] <--[C34] DL_Rom_GetInfoAll
[0000070] [16:31:48:562500] [Tid0x00000ca0] [debug] -->[C35] DL_Rom_SetEnableAttr #./api/api.cpp (line:2929)
[0000071] [16:31:48:562500] [Tid0x00000ca0] [debug] <--[C35] DL_Rom_SetEnableAttr
[0000072] [16:31:48:562500] [Tid0x00000ca0] [debug] -->[C36] DL_GetCount #./api/api.cpp (line:2710)
[0000073] [16:31:48:562500] [Tid0x00000ca0] [debug] <--[C36] DL_GetCount
[0000074] [16:31:48:562500] [Tid0x00000ca0] [debug] -->[C37] DL_Rom_GetInfoAll #./api/api.cpp (line:2875)
[0000075] [16:31:48:562500] [Tid0x00000ca0] [debug] <--[C37] DL_Rom_GetInfoAll
[0000076] [16:31:48:578125] [Tid0x00000ca0] [debug] -->[C38] DL_Rom_SetEnableAttr #./api/api.cpp (line:2929)
[0000077] [16:31:48:578125] [Tid0x00000ca0] [debug] <--[C38] DL_Rom_SetEnableAttr
[0000078] [16:31:48:578125] [Tid0x00000ca0] [debug] -->[C39] DL_GetCount #./api/api.cpp (line:2710)
[0000079] [16:31:48:578125] [Tid0x00000ca0] [debug] <--[C39] DL_GetCount
[0000080] [16:31:48:578125] [Tid0x00000ca0] [debug] -->[C40] DL_Rom_GetInfoAll #./api/api.cpp (line:2875)
[0000081] [16:31:48:578125] [Tid0x00000ca0] [debug] <--[C40] DL_Rom_GetInfoAll
[0000082] [16:31:48:578125] [Tid0x00000ca0] [debug] -->[C41] DL_Rom_SetEnableAttr #./api/api.cpp (line:2929)
[0000083] [16:31:48:578125] [Tid0x00000ca0] [debug] <--[C41] DL_Rom_SetEnableAttr
[0000084] [16:31:48:578125] [Tid0x00000ca0] [debug] -->[C42] DL_GetCount #./api/api.cpp (line:2710)
[0000085] [16:31:48:578125] [Tid0x00000ca0] [debug] <--[C42] DL_GetCount
[0000086] [16:31:48:578125] [Tid0x00000ca0] [debug] -->[C43] DL_Rom_GetInfoAll #./api/api.cpp (line:2875)
[0000087] [16:31:48:578125] [Tid0x00000ca0] [debug] <--[C43] DL_Rom_GetInfoAll
[0000088] [16:31:48:593750] [Tid0x00000ca0] [debug] -->[C44] DL_Rom_SetEnableAttr #./api/api.cpp (line:2929)
[0000089] [16:31:48:593750] [Tid0x00000ca0] [debug] <--[C44] DL_Rom_SetEnableAttr
[0000090] [16:31:48:593750] [Tid0x00000ca0] [debug] -->[C45] DL_SetChecksumLevel #./api/api.cpp (line:2643)
[0000091] [16:31:48:593750] [Tid0x00000ca0] [debug] <--[C45] DL_SetChecksumLevel
[0000092] [16:31:59:609375] [Tid0x000017e0] [debug] -->[C46] DL_LoadScatter #./api/api.cpp (line:2601)
[0000093] [16:31:59:656250] [Tid0x000017e0] [debug] used lib version: 1
[0000094] [16:31:59:656250] [Tid0x000017e0] [debug] <--[C46] DL_LoadScatter
[0000095] [16:31:59:656250] [Tid0x000017e0] [debug] -->[C47] DL_AutoLoadRomImages #./api/api.cpp (line:2790)
[0000096] [16:32:04:640625] [Tid0x000017e0] [debug] <--[C47] DL_AutoLoadRomImages
[0000097] [16:32:04:656250] [Tid0x00000ca0] [debug] -->[C48] DL_GetCount #./api/api.cpp (line:2710)
[0000098] [16:32:04:656250] [Tid0x00000ca0] [debug] <--[C48] DL_GetCount
[0000099] [16:32:04:656250] [Tid0x00000ca0] [debug] -->[C49] DL_Rom_GetInfoAll #./api/api.cpp (line:2875)
[0000100] [16:32:04:656250] [Tid0x00000ca0] [debug] <--[C49] DL_Rom_GetInfoAll
[0000101] [16:32:04:656250] [Tid0x00000ca0] [debug] -->[C50] DL_GetScatterInfo #./api/api.cpp (line:2811)
[0000102] [16:32:04:656250] [Tid0x00000ca0] [debug] <--[C50] DL_GetScatterInfo
[0000103] [16:32:04:656250] [Tid0x00000ca0] [debug] -->[C51] DL_GetCount #./api/api.cpp (line:2710)
[0000104] [16:32:04:656250] [Tid0x00000ca0] [debug] <--[C51] DL_GetCount
[0000105] [16:32:04:656250] [Tid0x00000ca0] [debug] -->[C52] DL_Rom_GetInfoAll #./api/api.cpp (line:2875)
[0000106] [16:32:04:656250] [Tid0x00000ca0] [debug] <--[C52] DL_Rom_GetInfoAll
[0000107] [16:32:04:656250] [Tid0x00000ca0] [debug] -->[C53] DL_Rom_SetEnableAttr #./api/api.cpp (line:2929)
[0000108] [16:32:04:656250] [Tid0x00000ca0] [debug] <--[C53] DL_Rom_SetEnableAttr
[0000109] [16:32:04:687500] [Tid0x00000ca0] [debug] -->[C54] DL_GetCount #./api/api.cpp (line:2710)
[0000110] [16:32:04:687500] [Tid0x00000ca0] [debug] <--[C54] DL_GetCount
[0000111] [16:32:04:687500] [Tid0x00000ca0] [debug] -->[C55] DL_Rom_GetInfoAll #./api/api.cpp (line:2875)
[0000112] [16:32:04:687500] [Tid0x00000ca0] [debug] <--[C55] DL_Rom_GetInfoAll
[0000113] [16:32:04:687500] [Tid0x00000ca0] [debug] -->[C56] DL_Rom_SetEnableAttr #./api/api.cpp (line:2929)
[0000114] [16:32:04:687500] [Tid0x00000ca0] [debug] <--[C56] DL_Rom_SetEnableAttr
[0000115] [16:32:04:703125] [Tid0x00000ca0] [debug] -->[C57] DL_GetCount #./api/api.cpp (line:2710)
[0000116] [16:32:04:703125] [Tid0x00000ca0] [debug] <--[C57] DL_GetCount
[0000117] [16:32:04:703125] [Tid0x00000ca0] [debug] -->[C58] DL_Rom_GetInfoAll #./api/api.cpp (line:2875)
[0000118] [16:32:04:703125] [Tid0x00000ca0] [debug] <--[C58] DL_Rom_GetInfoAll
[0000119] [16:32:04:703125] [Tid0x00000ca0] [debug] -->[C59] DL_Rom_SetEnableAttr #./api/api.cpp (line:2929)
[0000120] [16:32:04:703125] [Tid0x00000ca0] [debug] <--[C59] DL_Rom_SetEnableAttr
[0000121] [16:32:04:703125] [Tid0x00000ca0] [debug] -->[C60] DL_GetCount #./api/api.cpp (line:2710)
[0000122] [16:32:04:703125] [Tid0x00000ca0] [debug] <--[C60] DL_GetCount
[0000123] [16:32:04:703125] [Tid0x00000ca0] [debug] -->[C61] DL_Rom_GetInfoAll #./api/api.cpp (line:2875)
[0000124] [16:32:04:703125] [Tid0x00000ca0] [debug] <--[C61] DL_Rom_GetInfoAll
[0000125] [16:32:04:718750] [Tid0x00000ca0] [debug] -->[C62] DL_Rom_SetEnableAttr #./api/api.cpp (line:2929)
[0000126] [16:32:04:718750] [Tid0x00000ca0] [debug] <--[C62] DL_Rom_SetEnableAttr
[0000127] [16:32:04:718750] [Tid0x00000ca0] [debug] -->[C63] DL_GetCount #./api/api.cpp (line:2710)
[0000128] [16:32:04:718750] [Tid0x00000ca0] [debug] <--[C63] DL_GetCount
[0000129] [16:32:04:718750] [Tid0x00000ca0] [debug] -->[C64] DL_Rom_GetInfoAll #./api/api.cpp (line:2875)
[0000130] [16:32:04:718750] [Tid0x00000ca0] [debug] <--[C64] DL_Rom_GetInfoAll
[0000131] [16:32:04:718750] [Tid0x00000ca0] [debug] -->[C65] DL_Rom_SetEnableAttr #./api/api.cpp (line:2929)
[0000132] [16:32:04:718750] [Tid0x00000ca0] [debug] <--[C65] DL_Rom_SetEnableAttr
[0000133] [16:32:04:734375] [Tid0x00000ca0] [debug] -->[C66] DL_GetCount #./api/api.cpp (line:2710)
[0000134] [16:32:04:734375] [Tid0x00000ca0] [debug] <--[C66] DL_GetCount
[0000135] [16:32:04:734375] [Tid0x00000ca0] [debug] -->[C67] DL_Rom_GetInfoAll #./api/api.cpp (line:2875)
[0000136] [16:32:04:734375] [Tid0x00000ca0] [debug] <--[C67] DL_Rom_GetInfoAll
[0000137] [16:32:04:734375] [Tid0x00000ca0] [debug] -->[C68] DL_Rom_SetEnableAttr #./api/api.cpp (line:2929)
[0000138] [16:32:04:734375] [Tid0x00000ca0] [debug] <--[C68] DL_Rom_SetEnableAttr
[0000139] [16:32:04:734375] [Tid0x00000ca0] [debug] -->[C69] DL_GetCount #./api/api.cpp (line:2710)
[0000140] [16:32:04:734375] [Tid0x00000ca0] [debug] <--[C69] DL_GetCount
[0000141] [16:32:04:734375] [Tid0x00000ca0] [debug] -->[C70] DL_Rom_GetInfoAll #./api/api.cpp (line:2875)
[0000142] [16:32:04:734375] [Tid0x00000ca0] [debug] <--[C70] DL_Rom_GetInfoAll
[0000143] [16:32:04:750000] [Tid0x00000ca0] [debug] -->[C71] DL_Rom_SetEnableAttr #./api/api.cpp (line:2929)
[0000144] [16:32:04:750000] [Tid0x00000ca0] [debug] <--[C71] DL_Rom_SetEnableAttr
[0000145] [16:32:04:750000] [Tid0x00000ca0] [debug] -->[C72] DL_GetCount #./api/api.cpp (line:2710)
[0000146] [16:32:04:750000] [Tid0x00000ca0] [debug] <--[C72] DL_GetCount
[0000147] [16:32:04:750000] [Tid0x00000ca0] [debug] -->[C73] DL_Rom_GetInfoAll #./api/api.cpp (line:2875)
[0000148] [16:32:04:750000] [Tid0x00000ca0] [debug] <--[C73] DL_Rom_GetInfoAll
[0000149] [16:32:04:765625] [Tid0x00000ca0] [debug] -->[C74] DL_Rom_SetEnableAttr #./api/api.cpp (line:2929)
[0000150] [16:32:04:765625] [Tid0x00000ca0] [debug] <--[C74] DL_Rom_SetEnableAttr
[0000151] [16:32:04:765625] [Tid0x00000ca0] [debug] -->[C75] DL_GetCount #./api/api.cpp (line:2710)
[0000152] [16:32:04:765625] [Tid0x00000ca0] [debug] <--[C75] DL_GetCount
[0000153] [16:32:04:765625] [Tid0x00000ca0] [debug] -->[C76] DL_Rom_GetInfoAll #./api/api.cpp (line:2875)
[0000154] [16:32:04:765625] [Tid0x00000ca0] [debug] <--[C76] DL_Rom_GetInfoAll
[0000155] [16:32:04:765625] [Tid0x00000ca0] [debug] -->[C77] DL_Rom_SetEnableAttr #./api/api.cpp (line:2929)
[0000156] [16:32:04:765625] [Tid0x00000ca0] [debug] <--[C77] DL_Rom_SetEnableAttr
[0000157] [16:32:04:765625] [Tid0x00000ca0] [debug] -->[C78] DL_GetCount #./api/api.cpp (line:2710)
[0000158] [16:32:04:765625] [Tid0x00000ca0] [debug] <--[C78] DL_GetCount
[0000159] [16:32:04:765625] [Tid0x00000ca0] [debug] -->[C79] DL_Rom_GetInfoAll #./api/api.cpp (line:2875)
[0000160] [16:32:04:765625] [Tid0x00000ca0] [debug] <--[C79] DL_Rom_GetInfoAll
[0000161] [16:32:04:781250] [Tid0x00000ca0] [debug] -->[C80] DL_Rom_SetEnableAttr #./api/api.cpp (line:2929)
[0000162] [16:32:04:781250] [Tid0x00000ca0] [debug] <--[C80] DL_Rom_SetEnableAttr
[0000163] [16:32:04:781250] [Tid0x00000ca0] [debug] -->[C81] DL_GetCount #./api/api.cpp (line:2710)
[0000164] [16:32:04:781250] [Tid0x00000ca0] [debug] <--[C81] DL_GetCount
[0000165] [16:32:04:781250] [Tid0x00000ca0] [debug] -->[C82] DL_Rom_GetInfoAll #./api/api.cpp (line:2875)
[0000166] [16:32:04:781250] [Tid0x00000ca0] [debug] <--[C82] DL_Rom_GetInfoAll
[0000167] [16:32:04:796875] [Tid0x00000ca0] [debug] -->[C83] DL_Rom_SetEnableAttr #./api/api.cpp (line:2929)
[0000168] [16:32:04:796875] [Tid0x00000ca0] [debug] <--[C83] DL_Rom_SetEnableAttr
[0000169] [16:32:04:796875] [Tid0x00000ca0] [debug] -->[C84] DL_GetCount #./api/api.cpp (line:2710)
[0000170] [16:32:04:796875] [Tid0x00000ca0] [debug] <--[C84] DL_GetCount
[0000171] [16:32:04:796875] [Tid0x00000ca0] [debug] -->[C85] DL_Rom_GetInfoAll #./api/api.cpp (line:2875)
[0000172] [16:32:04:796875] [Tid0x00000ca0] [debug] <--[C85] DL_Rom_GetInfoAll
[0000173] [16:32:04:812500] [Tid0x00000ca0] [debug] -->[C86] DL_Rom_SetEnableAttr #./api/api.cpp (line:2929)
[0000174] [16:32:04:812500] [Tid0x00000ca0] [debug] <--[C86] DL_Rom_SetEnableAttr
[0000175] [16:32:04:812500] [Tid0x00000ca0] [debug] -->[C87] DL_GetCount #./api/api.cpp (line:2710)
[0000176] [16:32:04:812500] [Tid0x00000ca0] [debug] <--[C87] DL_GetCount
[0000177] [16:32:04:812500] [Tid0x00000ca0] [debug] -->[C88] DL_Rom_GetInfoAll #./api/api.cpp (line:2875)
[0000178] [16:32:04:812500] [Tid0x00000ca0] [debug] <--[C88] DL_Rom_GetInfoAll
[0000179] [16:32:04:812500] [Tid0x00000ca0] [debug] -->[C89] DL_Rom_SetEnableAttr #./api/api.cpp (line:2929)
[0000180] [16:32:04:812500] [Tid0x00000ca0] [debug] <--[C89] DL_Rom_SetEnableAttr
[0000181] [16:32:04:812500] [Tid0x00000ca0] [debug] -->[C90] DL_GetCount #./api/api.cpp (line:2710)
[0000182] [16:32:04:812500] [Tid0x00000ca0] [debug] <--[C90] DL_GetCount
[0000183] [16:32:04:812500] [Tid0x00000ca0] [debug] -->[C91] DL_Rom_GetInfoAll #./api/api.cpp (line:2875)
[0000184] [16:32:04:828125] [Tid0x00000ca0] [debug] <--[C91] DL_Rom_GetInfoAll
[0000185] [16:32:04:828125] [Tid0x00000ca0] [debug] -->[C92] DL_Rom_SetEnableAttr #./api/api.cpp (line:2929)
[0000186] [16:32:04:828125] [Tid0x00000ca0] [debug] <--[C92] DL_Rom_SetEnableAttr
[0000187] [16:32:04:828125] [Tid0x00000ca0] [debug] -->[C93] DL_GetCount #./api/api.cpp (line:2710)
[0000188] [16:32:04:828125] [Tid0x00000ca0] [debug] <--[C93] DL_GetCount
[0000189] [16:32:04:828125] [Tid0x00000ca0] [debug] -->[C94] DL_Rom_GetInfoAll #./api/api.cpp (line:2875)
[0000190] [16:32:04:828125] [Tid0x00000ca0] [debug] <--[C94] DL_Rom_GetInfoAll
[0000191] [16:32:04:843750] [Tid0x00000ca0] [debug] -->[C95] DL_Rom_SetEnableAttr #./api/api.cpp (line:2929)
[0000192] [16:32:04:843750] [Tid0x00000ca0] [debug] <--[C95] DL_Rom_SetEnableAttr
[0000193] [16:32:04:843750] [Tid0x00000ca0] [debug] -->[C96] DL_GetCount #./api/api.cpp (line:2710)
[0000194] [16:32:04:843750] [Tid0x00000ca0] [debug] <--[C96] DL_GetCount
[0000195] [16:32:04:843750] [Tid0x00000ca0] [debug] -->[C97] DL_Rom_GetInfoAll #./api/api.cpp (line:2875)
[0000196] [16:32:04:843750] [Tid0x00000ca0] [debug] <--[C97] DL_Rom_GetInfoAll
[0000197] [16:32:04:843750] [Tid0x00000ca0] [debug] -->[C98] DL_Rom_SetEnableAttr #./api/api.cpp (line:2929)
[0000198] [16:32:04:843750] [Tid0x00000ca0] [debug] <--[C98] DL_Rom_SetEnableAttr
[0000199] [16:32:04:859375] [Tid0x00000ca0] [debug] -->[C99] DL_GetCount #./api/api.cpp (line:2710)
[0000200] [16:32:04:859375] [Tid0x00000ca0] [debug] <--[C99] DL_GetCount
[0000201] [16:32:04:859375] [Tid0x00000ca0] [debug] -->[C100] DL_Rom_GetInfoAll #./api/api.cpp (line:2875)
[0000202] [16:32:04:859375] [Tid0x00000ca0] [debug] <--[C100] DL_Rom_GetInfoAll
[0000203] [16:32:04:859375] [Tid0x00000ca0] [debug] -->[C101] DL_Rom_SetEnableAttr #./api/api.cpp (line:2929)
[0000204] [16:32:04:859375] [Tid0x00000ca0] [debug] <--[C101] DL_Rom_SetEnableAttr
[0000205] [16:32:04:859375] [Tid0x00000ca0] [debug] -->[C102] DL_GetCount #./api/api.cpp (line:2710)
[0000206] [16:32:04:859375] [Tid0x00000ca0] [debug] <--[C102] DL_GetCount
[0000207] [16:32:04:859375] [Tid0x00000ca0] [debug] -->[C103] DL_Rom_GetInfoAll #./api/api.cpp (line:2875)
[0000208] [16:32:04:875000] [Tid0x00000ca0] [debug] <--[C103] DL_Rom_GetInfoAll
[0000209] [16:32:04:875000] [Tid0x00000ca0] [debug] -->[C104] DL_Rom_SetEnableAttr #./api/api.cpp (line:2929)
[0000210] [16:32:04:875000] [Tid0x00000ca0] [debug] <--[C104] DL_Rom_SetEnableAttr
[0000211] [16:32:04:875000] [Tid0x00000ca0] [debug] -->[C105] DL_GetCount #./api/api.cpp (line:2710)
[0000212] [16:32:04:875000] [Tid0x00000ca0] [debug] <--[C105] DL_GetCount
[0000213] [16:32:04:875000] [Tid0x00000ca0] [debug] -->[C106] DL_Rom_GetInfoAll #./api/api.cpp (line:2875)
[0000214] [16:32:04:875000] [Tid0x00000ca0] [debug] <--[C106] DL_Rom_GetInfoAll
[0000215] [16:32:04:890625] [Tid0x00000ca0] [debug] -->[C107] DL_Rom_SetEnableAttr #./api/api.cpp (line:2929)
[0000216] [16:32:04:890625] [Tid0x00000ca0] [debug] <--[C107] DL_Rom_SetEnableAttr
[0000217] [16:32:04:890625] [Tid0x00000ca0] [debug] -->[C108] DL_GetCount #./api/api.cpp (line:2710)
[0000218] [16:32:04:890625] [Tid0x00000ca0] [debug] <--[C108] DL_GetCount
[0000219] [16:32:04:890625] [Tid0x00000ca0] [debug] -->[C109] DL_Rom_GetInfoAll #./api/api.cpp (line:2875)
[0000220] [16:32:04:890625] [Tid0x00000ca0] [debug] <--[C109] DL_Rom_GetInfoAll
[0000221] [16:32:04:890625] [Tid0x00000ca0] [debug] -->[C110] DL_Rom_SetEnableAttr #./api/api.cpp (line:2929)
[0000222] [16:32:04:890625] [Tid0x00000ca0] [debug] <--[C110] DL_Rom_SetEnableAttr
[0000223] [16:32:04:906250] [Tid0x00000ca0] [debug] -->[C111] DL_GetCount #./api/api.cpp (line:2710)
[0000224] [16:32:04:906250] [Tid0x00000ca0] [debug] <--[C111] DL_GetCount
[0000225] [16:32:04:906250] [Tid0x00000ca0] [debug] -->[C112] DL_Rom_GetInfoAll #./api/api.cpp (line:2875)
[0000226] [16:32:04:906250] [Tid0x00000ca0] [debug] <--[C112] DL_Rom_GetInfoAll
[0000227] [16:32:04:906250] [Tid0x00000ca0] [debug] -->[C113] DL_Rom_SetEnableAttr #./api/api.cpp (line:2929)
[0000228] [16:32:04:906250] [Tid0x00000ca0] [debug] <--[C113] DL_Rom_SetEnableAttr
[0000229] [16:32:04:906250] [Tid0x00000ca0] [debug] -->[C114] DL_GetCount #./api/api.cpp (line:2710)
[0000230] [16:32:04:906250] [Tid0x00000ca0] [debug] <--[C114] DL_GetCount
[0000231] [16:32:04:906250] [Tid0x00000ca0] [debug] -->[C115] DL_Rom_GetInfoAll #./api/api.cpp (line:2875)
[0000232] [16:32:04:906250] [Tid0x00000ca0] [debug] <--[C115] DL_Rom_GetInfoAll
[0000233] [16:32:04:921875] [Tid0x00000ca0] [debug] -->[C116] DL_Rom_SetEnableAttr #./api/api.cpp (line:2929)
[0000234] [16:32:04:921875] [Tid0x00000ca0] [debug] <--[C116] DL_Rom_SetEnableAttr
[0000235] [16:32:04:921875] [Tid0x00000ca0] [debug] -->[C117] DL_GetCount #./api/api.cpp (line:2710)
[0000236] [16:32:04:921875] [Tid0x00000ca0] [debug] <--[C117] DL_GetCount
[0000237] [16:32:04:921875] [Tid0x00000ca0] [debug] -->[C118] DL_Rom_GetInfoAll #./api/api.cpp (line:2875)
[0000238] [16:32:04:921875] [Tid0x00000ca0] [debug] <--[C118] DL_Rom_GetInfoAll
[0000239] [16:32:04:937500] [Tid0x00000ca0] [debug] -->[C119] DL_Rom_SetEnableAttr #./api/api.cpp (line:2929)
[0000240] [16:32:04:937500] [Tid0x00000ca0] [debug] <--[C119] DL_Rom_SetEnableAttr
[0000241] [16:32:04:937500] [Tid0x00000ca0] [debug] -->[C120] DL_GetCount #./api/api.cpp (line:2710)
[0000242] [16:32:04:937500] [Tid0x00000ca0] [debug] <--[C120] DL_GetCount
[0000243] [16:32:04:937500] [Tid0x00000ca0] [debug] -->[C121] DL_Rom_GetInfoAll #./api/api.cpp (line:2875)
[0000244] [16:32:04:937500] [Tid0x00000ca0] [debug] <--[C121] DL_Rom_GetInfoAll
[0000245] [16:32:04:937500] [Tid0x00000ca0] [debug] -->[C122] DL_Rom_SetEnableAttr #./api/api.cpp (line:2929)
[0000246] [16:32:04:937500] [Tid0x00000ca0] [debug] <--[C122] DL_Rom_SetEnableAttr
[0000247] [16:32:04:953125] [Tid0x00000ca0] [debug] -->[C123] DL_GetCount #./api/api.cpp (line:2710)
[0000248] [16:32:04:953125] [Tid0x00000ca0] [debug] <--[C123] DL_GetCount
[0000249] [16:32:04:953125] [Tid0x00000ca0] [debug] -->[C124] DL_Rom_GetInfoAll #./api/api.cpp (line:2875)
[0000250] [16:32:04:953125] [Tid0x00000ca0] [debug] <--[C124] DL_Rom_GetInfoAll
[0000251] [16:32:04:953125] [Tid0x00000ca0] [debug] -->[C125] DL_Rom_SetEnableAttr #./api/api.cpp (line:2929)
[0000252] [16:32:04:953125] [Tid0x00000ca0] [debug] <--[C125] DL_Rom_SetEnableAttr
[0000253] [16:32:04:953125] [Tid0x00000ca0] [debug] -->[C126] DL_GetCount #./api/api.cpp (line:2710)
[0000254] [16:32:04:953125] [Tid0x00000ca0] [debug] <--[C126] DL_GetCount
[0000255] [16:32:04:953125] [Tid0x00000ca0] [debug] -->[C127] DL_Rom_GetInfoAll #./api/api.cpp (line:2875)
[0000256] [16:32:04:953125] [Tid0x00000ca0] [debug] <--[C127] DL_Rom_GetInfoAll
[0000257] [16:32:04:968750] [Tid0x00000ca0] [debug] -->[C128] DL_Rom_SetEnableAttr #./api/api.cpp (line:2929)
[0000258] [16:32:04:968750] [Tid0x00000ca0] [debug] <--[C128] DL_Rom_SetEnableAttr
[0000259] [16:32:04:968750] [Tid0x00000ca0] [debug] -->[C129] DL_GetCount #./api/api.cpp (line:2710)
[0000260] [16:32:04:968750] [Tid0x00000ca0] [debug] <--[C129] DL_GetCount
[0000261] [16:32:04:968750] [Tid0x00000ca0] [debug] -->[C130] DL_Rom_GetInfoAll #./api/api.cpp (line:2875)
[0000262] [16:32:04:968750] [Tid0x00000ca0] [debug] <--[C130] DL_Rom_GetInfoAll
[0000263] [16:32:04:984375] [Tid0x00000ca0] [debug] -->[C131] DL_Rom_SetEnableAttr #./api/api.cpp (line:2929)
[0000264] [16:32:04:984375] [Tid0x00000ca0] [debug] <--[C131] DL_Rom_SetEnableAttr
[0000265] [16:32:04:984375] [Tid0x00000ca0] [debug] -->[C132] DL_GetCount #./api/api.cpp (line:2710)
[0000266] [16:32:04:984375] [Tid0x00000ca0] [debug] <--[C132] DL_GetCount
[0000267] [16:32:04:984375] [Tid0x00000ca0] [debug] -->[C133] DL_Rom_GetInfoAll #./api/api.cpp (line:2875)
[0000268] [16:32:04:984375] [Tid0x00000ca0] [debug] <--[C133] DL_Rom_GetInfoAll
[0000269] [16:32:04:984375] [Tid0x00000ca0] [debug] -->[C134] DL_Rom_SetEnableAttr #./api/api.cpp (line:2929)
[0000270] [16:32:04:984375] [Tid0x00000ca0] [debug] <--[C134] DL_Rom_SetEnableAttr
[0000271] [16:32:05:000000] [Tid0x00000ca0] [debug] -->[C135] DL_GetCount #./api/api.cpp (line:2710)
[0000272] [16:32:05:000000] [Tid0x00000ca0] [debug] <--[C135] DL_GetCount
[0000273] [16:32:05:000000] [Tid0x00000ca0] [debug] -->[C136] DL_Rom_GetInfoAll #./api/api.cpp (line:2875)
[0000274] [16:32:05:000000] [Tid0x00000ca0] [debug] <--[C136] DL_Rom_GetInfoAll
[0000275] [16:32:05:000000] [Tid0x00000ca0] [debug] -->[C137] DL_Rom_SetEnableAttr #./api/api.cpp (line:2929)
[0000276] [16:32:05:000000] [Tid0x00000ca0] [debug] <--[C137] DL_Rom_SetEnableAttr
[0000277] [16:32:05:000000] [Tid0x00000ca0] [debug] -->[C138] DL_GetCount #./api/api.cpp (line:2710)
[0000278] [16:32:05:000000] [Tid0x00000ca0] [debug] <--[C138] DL_GetCount
[0000279] [16:32:05:000000] [Tid0x00000ca0] [debug] -->[C139] DL_Rom_GetInfoAll #./api/api.cpp (line:2875)
[0000280] [16:32:05:000000] [Tid0x00000ca0] [debug] <--[C139] DL_Rom_GetInfoAll
[0000281] [16:32:05:015625] [Tid0x00000ca0] [debug] -->[C140] DL_Rom_SetEnableAttr #./api/api.cpp (line:2929)
[0000282] [16:32:05:015625] [Tid0x00000ca0] [debug] <--[C140] DL_Rom_SetEnableAttr
[0000283] [16:32:05:015625] [Tid0x00000ca0] [debug] -->[C141] DL_GetCount #./api/api.cpp (line:2710)
[0000284] [16:32:05:015625] [Tid0x00000ca0] [debug] <--[C141] DL_GetCount
[0000285] [16:32:05:015625] [Tid0x00000ca0] [debug] -->[C142] DL_Rom_GetInfoAll #./api/api.cpp (line:2875)
[0000286] [16:32:05:015625] [Tid0x00000ca0] [debug] <--[C142] DL_Rom_GetInfoAll
[0000287] [16:32:05:031250] [Tid0x00000ca0] [debug] -->[C143] DL_Rom_SetEnableAttr #./api/api.cpp (line:2929)
[0000288] [16:32:05:031250] [Tid0x00000ca0] [debug] <--[C143] DL_Rom_SetEnableAttr
[0000289] [16:32:05:031250] [Tid0x00000ca0] [debug] -->[C144] DL_GetCount #./api/api.cpp (line:2710)
[0000290] [16:32:05:031250] [Tid0x00000ca0] [debug] <--[C144] DL_GetCount
[0000291] [16:32:05:031250] [Tid0x00000ca0] [debug] -->[C145] DL_Rom_GetInfoAll #./api/api.cpp (line:2875)
[0000292] [16:32:05:031250] [Tid0x00000ca0] [debug] <--[C145] DL_Rom_GetInfoAll
[0000293] [16:32:05:031250] [Tid0x00000ca0] [debug] -->[C146] DL_Rom_SetEnableAttr #./api/api.cpp (line:2929)
[0000294] [16:32:05:031250] [Tid0x00000ca0] [debug] <--[C146] DL_Rom_SetEnableAttr
[0000295] [16:32:05:046875] [Tid0x00000ca0] [debug] -->[C147] DL_GetCount #./api/api.cpp (line:2710)
[0000296] [16:32:05:046875] [Tid0x00000ca0] [debug] <--[C147] DL_GetCount
[0000297] [16:32:05:046875] [Tid0x00000ca0] [debug] -->[C148] DL_Rom_GetInfoAll #./api/api.cpp (line:2875)
[0000298] [16:32:05:046875] [Tid0x00000ca0] [debug] <--[C148] DL_Rom_GetInfoAll
[0000299] [16:32:05:046875] [Tid0x00000ca0] [debug] -->[C149] DL_Rom_SetEnableAttr #./api/api.cpp (line:2929)
[0000300] [16:32:05:046875] [Tid0x00000ca0] [debug] <--[C149] DL_Rom_SetEnableAttr
[0000301] [16:32:05:046875] [Tid0x00000ca0] [debug] -->[C150] DL_GetCount #./api/api.cpp (line:2710)
[0000302] [16:32:05:046875] [Tid0x00000ca0] [debug] <--[C150] DL_GetCount
[0000303] [16:32:05:046875] [Tid0x00000ca0] [debug] -->[C151] DL_Rom_GetInfoAll #./api/api.cpp (line:2875)
[0000304] [16:32:05:046875] [Tid0x00000ca0] [debug] <--[C151] DL_Rom_GetInfoAll
[0000305] [16:32:05:062500] [Tid0x00000ca0] [debug] -->[C152] DL_Rom_SetEnableAttr #./api/api.cpp (line:2929)
[0000306] [16:32:05:062500] [Tid0x00000ca0] [debug] <--[C152] DL_Rom_SetEnableAttr
[0000307] [16:32:05:062500] [Tid0x00000ca0] [debug] -->[C153] DL_GetCount #./api/api.cpp (line:2710)
[0000308] [16:32:05:062500] [Tid0x00000ca0] [debug] <--[C153] DL_GetCount
[0000309] [16:32:05:062500] [Tid0x00000ca0] [debug] -->[C154] DL_Rom_GetInfoAll #./api/api.cpp (line:2875)
[0000310] [16:32:05:062500] [Tid0x00000ca0] [debug] <--[C154] DL_Rom_GetInfoAll
[0000311] [16:32:05:078125] [Tid0x00000ca0] [debug] -->[C155] DL_Rom_SetEnableAttr #./api/api.cpp (line:2929)
[0000312] [16:32:05:078125] [Tid0x00000ca0] [debug] <--[C155] DL_Rom_SetEnableAttr
[0000313] [16:32:05:078125] [Tid0x00000ca0] [debug] -->[C156] DL_SetChecksumLevel #./api/api.cpp (line:2643)
[0000314] [16:32:05:078125] [Tid0x00000ca0] [debug] <--[C156] DL_SetChecksumLevel
[0000315] [16:34:55:093750] [Tid0x000010fc] [debug] -->[C157] DL_LoadScatter #./api/api.cpp (line:2601)
[0000316] [16:34:55:156250] [Tid0x000010fc] [debug] used lib version: 1
[0000317] [16:34:55:156250] [Tid0x000010fc] [debug] <--[C157] DL_LoadScatter
[0000318] [16:34:55:156250] [Tid0x000010fc] [debug] -->[C158] DL_AutoLoadRomImages #./api/api.cpp (line:2790)
[0000319] [16:34:55:531250] [Tid0x000010fc] [debug] <--[C158] DL_AutoLoadRomImages
[0000320] [16:34:55:609375] [Tid0x00000ca0] [debug] -->[C159] DL_GetCount #./api/api.cpp (line:2710)
[0000321] [16:34:55:609375] [Tid0x00000ca0] [debug] <--[C159] DL_GetCount
[0000322] [16:34:55:609375] [Tid0x00000ca0] [debug] -->[C160] DL_Rom_GetInfoAll #./api/api.cpp (line:2875)
[0000323] [16:34:55:609375] [Tid0x00000ca0] [debug] <--[C160] DL_Rom_GetInfoAll
[0000324] [16:34:55:625000] [Tid0x00000ca0] [debug] -->[C161] DL_GetScatterInfo #./api/api.cpp (line:2811)
[0000325] [16:34:55:625000] [Tid0x00000ca0] [debug] <--[C161] DL_GetScatterInfo
[0000326] [16:34:55:828125] [Tid0x00000ca0] [debug] -->[C162] DL_GetCount #./api/api.cpp (line:2710)
[0000327] [16:34:55:828125] [Tid0x00000ca0] [debug] <--[C162] DL_GetCount
[0000328] [16:34:55:828125] [Tid0x00000ca0] [debug] -->[C163] DL_Rom_GetInfoAll #./api/api.cpp (line:2875)
[0000329] [16:34:55:828125] [Tid0x00000ca0] [debug] <--[C163] DL_Rom_GetInfoAll
[0000330] [16:34:55:843750] [Tid0x00000ca0] [debug] -->[C164] DL_Rom_SetEnableAttr #./api/api.cpp (line:2929)
[0000331] [16:34:55:843750] [Tid0x00000ca0] [debug] <--[C164] DL_Rom_SetEnableAttr
[0000332] [16:34:55:843750] [Tid0x00000ca0] [debug] -->[C165] DL_GetCount #./api/api.cpp (line:2710)
[0000333] [16:34:55:843750] [Tid0x00000ca0] [debug] <--[C165] DL_GetCount
[0000334] [16:34:55:843750] [Tid0x00000ca0] [debug] -->[C166] DL_Rom_GetInfoAll #./api/api.cpp (line:2875)
[0000335] [16:34:55:843750] [Tid0x00000ca0] [debug] <--[C166] DL_Rom_GetInfoAll
[0000336] [16:34:55:843750] [Tid0x00000ca0] [debug] -->[C167] DL_Rom_SetEnableAttr #./api/api.cpp (line:2929)
[0000337] [16:34:55:843750] [Tid0x00000ca0] [debug] <--[C167] DL_Rom_SetEnableAttr
[0000338] [16:34:55:843750] [Tid0x00000ca0] [debug] -->[C168] DL_GetCount #./api/api.cpp (line:2710)
[0000339] [16:34:55:843750] [Tid0x00000ca0] [debug] <--[C168] DL_GetCount
[0000340] [16:34:55:843750] [Tid0x00000ca0] [debug] -->[C169] DL_Rom_GetInfoAll #./api/api.cpp (line:2875)
[0000341] [16:34:55:843750] [Tid0x00000ca0] [debug] <--[C169] DL_Rom_GetInfoAll
[0000342] [16:34:55:859375] [Tid0x00000ca0] [debug] -->[C170] DL_Rom_SetEnableAttr #./api/api.cpp (line:2929)
[0000343] [16:34:55:859375] [Tid0x00000ca0] [debug] <--[C170] DL_Rom_SetEnableAttr
[0000344] [16:34:55:859375] [Tid0x00000ca0] [debug] -->[C171] DL_GetCount #./api/api.cpp (line:2710)
[0000345] [16:34:55:859375] [Tid0x00000ca0] [debug] <--[C171] DL_GetCount
[0000346] [16:34:55:859375] [Tid0x00000ca0] [debug] -->[C172] DL_Rom_GetInfoAll #./api/api.cpp (line:2875)
[0000347] [16:34:55:859375] [Tid0x00000ca0] [debug] <--[C172] DL_Rom_GetInfoAll
[0000348] [16:34:55:859375] [Tid0x00000ca0] [debug] -->[C173] DL_Rom_SetEnableAttr #./api/api.cpp (line:2929)
[0000349] [16:34:55:859375] [Tid0x00000ca0] [debug] <--[C173] DL_Rom_SetEnableAttr
[0000350] [16:34:55:859375] [Tid0x00000ca0] [debug] -->[C174] DL_GetCount #./api/api.cpp (line:2710)
[0000351] [16:34:55:859375] [Tid0x00000ca0] [debug] <--[C174] DL_GetCount
[0000352] [16:34:55:859375] [Tid0x00000ca0] [debug] -->[C175] DL_Rom_GetInfoAll #./api/api.cpp (line:2875)
[0000353] [16:34:55:859375] [Tid0x00000ca0] [debug] <--[C175] DL_Rom_GetInfoAll
[0000354] [16:34:55:859375] [Tid0x00000ca0] [debug] -->[C176] DL_Rom_SetEnableAttr #./api/api.cpp (line:2929)
[0000355] [16:34:55:859375] [Tid0x00000ca0] [debug] <--[C176] DL_Rom_SetEnableAttr
[0000356] [16:34:55:859375] [Tid0x00000ca0] [debug] -->[C177] DL_GetCount #./api/api.cpp (line:2710)
[0000357] [16:34:55:859375] [Tid0x00000ca0] [debug] <--[C177] DL_GetCount
[0000358] [16:34:55:859375] [Tid0x00000ca0] [debug] -->[C178] DL_Rom_GetInfoAll #./api/api.cpp (line:2875)
[0000359] [16:34:55:859375] [Tid0x00000ca0] [debug] <--[C178] DL_Rom_GetInfoAll
[0000360] [16:34:55:875000] [Tid0x00000ca0] [debug] -->[C179] DL_Rom_SetEnableAttr #./api/api.cpp (line:2929)
[0000361] [16:34:55:875000] [Tid0x00000ca0] [debug] <--[C179] DL_Rom_SetEnableAttr
[0000362] [16:34:55:875000] [Tid0x00000ca0] [debug] -->[C180] DL_GetCount #./api/api.cpp (line:2710)
[0000363] [16:34:55:875000] [Tid0x00000ca0] [debug] <--[C180] DL_GetCount
[0000364] [16:34:55:875000] [Tid0x00000ca0] [debug] -->[C181] DL_Rom_GetInfoAll #./api/api.cpp (line:2875)
[0000365] [16:34:55:875000] [Tid0x00000ca0] [debug] <--[C181] DL_Rom_GetInfoAll
[0000366] [16:34:55:875000] [Tid0x00000ca0] [debug] -->[C182] DL_Rom_SetEnableAttr #./api/api.cpp (line:2929)
[0000367] [16:34:55:875000] [Tid0x00000ca0] [debug] <--[C182] DL_Rom_SetEnableAttr
[0000368] [16:34:55:875000] [Tid0x00000ca0] [debug] -->[C183] DL_GetCount #./api/api.cpp (line:2710)
[0000369] [16:34:55:875000] [Tid0x00000ca0] [debug] <--[C183] DL_GetCount
[0000370] [16:34:55:875000] [Tid0x00000ca0] [debug] -->[C184] DL_Rom_GetInfoAll #./api/api.cpp (line:2875)
[0000371] [16:34:55:875000] [Tid0x00000ca0] [debug] <--[C184] DL_Rom_GetInfoAll
[0000372] [16:34:55:875000] [Tid0x00000ca0] [debug] -->[C185] DL_Rom_SetEnableAttr #./api/api.cpp (line:2929)
[0000373] [16:34:55:875000] [Tid0x00000ca0] [debug] <--[C185] DL_Rom_SetEnableAttr
[0000374] [16:34:55:875000] [Tid0x00000ca0] [debug] -->[C186] DL_GetCount #./api/api.cpp (line:2710)
[0000375] [16:34:55:875000] [Tid0x00000ca0] [debug] <--[C186] DL_GetCount
[0000376] [16:34:55:875000] [Tid0x00000ca0] [debug] -->[C187] DL_Rom_GetInfoAll #./api/api.cpp (line:2875)
[0000377] [16:34:55:875000] [Tid0x00000ca0] [debug] <--[C187] DL_Rom_GetInfoAll
[0000378] [16:34:55:890625] [Tid0x00000ca0] [debug] -->[C188] DL_Rom_SetEnableAttr #./api/api.cpp (line:2929)
[0000379] [16:34:55:890625] [Tid0x00000ca0] [debug] <--[C188] DL_Rom_SetEnableAttr
[0000380] [16:34:55:906250] [Tid0x00000ca0] [debug] -->[C189] DL_GetCount #./api/api.cpp (line:2710)
[0000381] [16:34:55:906250] [Tid0x00000ca0] [debug] <--[C189] DL_GetCount
[0000382] [16:34:55:906250] [Tid0x00000ca0] [debug] -->[C190] DL_Rom_GetInfoAll #./api/api.cpp (line:2875)
[0000383] [16:34:55:906250] [Tid0x00000ca0] [debug] <--[C190] DL_Rom_GetInfoAll
[0000384] [16:34:55:921875] [Tid0x00000ca0] [debug] -->[C191] DL_Rom_SetEnableAttr #./api/api.cpp (line:2929)
[0000385] [16:34:55:921875] [Tid0x00000ca0] [debug] <--[C191] DL_Rom_SetEnableAttr
[0000386] [16:34:55:937500] [Tid0x00000ca0] [debug] -->[C192] DL_GetCount #./api/api.cpp (line:2710)
[0000387] [16:34:55:937500] [Tid0x00000ca0] [debug] <--[C192] DL_GetCount
[0000388] [16:34:55:937500] [Tid0x00000ca0] [debug] -->[C193] DL_Rom_GetInfoAll #./api/api.cpp (line:2875)
[0000389] [16:34:55:937500] [Tid0x00000ca0] [debug] <--[C193] DL_Rom_GetInfoAll
[0000390] [16:34:55:953125] [Tid0x00000ca0] [debug] -->[C194] DL_Rom_SetEnableAttr #./api/api.cpp (line:2929)
[0000391] [16:34:55:953125] [Tid0x00000ca0] [debug] <--[C194] DL_Rom_SetEnableAttr
[0000392] [16:34:55:984375] [Tid0x00000ca0] [debug] -->[C195] DL_SetChecksumLevel #./api/api.cpp (line:2643)
[0000393] [16:34:55:984375] [Tid0x00000ca0] [debug] <--[C195] DL_SetChecksumLevel
[0000394] [16:34:58:781250] [Tid0x00000ca0] [debug] -->[C196] DL_GetCount #./api/api.cpp (line:2710)
[0000395] [16:34:58:781250] [Tid0x00000ca0] [debug] <--[C196] DL_GetCount
[0000396] [16:34:58:781250] [Tid0x00000ca0] [debug] -->[C197] DL_Rom_GetInfoAll #./api/api.cpp (line:2875)
[0000397] [16:34:58:781250] [Tid0x00000ca0] [debug] <--[C197] DL_Rom_GetInfoAll
[0000398] [16:34:58:796875] [Tid0x00000ca0] [debug] -->[C198] DL_Rom_SetEnableAttr #./api/api.cpp (line:2929)
[0000399] [16:34:58:796875] [Tid0x00000ca0] [debug] <--[C198] DL_Rom_SetEnableAttr
[0000400] [16:34:58:796875] [Tid0x00000ca0] [debug] -->[C199] DL_GetCount #./api/api.cpp (line:2710)
[0000401] [16:34:58:796875] [Tid0x00000ca0] [debug] <--[C199] DL_GetCount
[0000402] [16:34:58:796875] [Tid0x00000ca0] [debug] -->[C200] DL_Rom_GetInfoAll #./api/api.cpp (line:2875)
[0000403] [16:34:58:796875] [Tid0x00000ca0] [debug] <--[C200] DL_Rom_GetInfoAll
[0000404] [16:34:58:796875] [Tid0x00000ca0] [debug] -->[C201] DL_Rom_SetEnableAttr #./api/api.cpp (line:2929)
[0000405] [16:34:58:796875] [Tid0x00000ca0] [debug] <--[C201] DL_Rom_SetEnableAttr
[0000406] [16:34:58:796875] [Tid0x00000ca0] [debug] -->[C202] DL_GetCount #./api/api.cpp (line:2710)
[0000407] [16:34:58:796875] [Tid0x00000ca0] [debug] <--[C202] DL_GetCount
[0000408] [16:34:58:796875] [Tid0x00000ca0] [debug] -->[C203] DL_Rom_GetInfoAll #./api/api.cpp (line:2875)
[0000409] [16:34:58:796875] [Tid0x00000ca0] [debug] <--[C203] DL_Rom_GetInfoAll
[0000410] [16:34:58:812500] [Tid0x00000ca0] [debug] -->[C204] DL_Rom_SetEnableAttr #./api/api.cpp (line:2929)
[0000411] [16:34:58:812500] [Tid0x00000ca0] [debug] <--[C204] DL_Rom_SetEnableAttr
[0000412] [16:34:58:812500] [Tid0x00000ca0] [debug] -->[C205] DL_GetCount #./api/api.cpp (line:2710)
[0000413] [16:34:58:812500] [Tid0x00000ca0] [debug] <--[C205] DL_GetCount
[0000414] [16:34:58:812500] [Tid0x00000ca0] [debug] -->[C206] DL_Rom_GetInfoAll #./api/api.cpp (line:2875)
[0000415] [16:34:58:812500] [Tid0x00000ca0] [debug] <--[C206] DL_Rom_GetInfoAll
[0000416] [16:34:58:812500] [Tid0x00000ca0] [debug] -->[C207] DL_Rom_SetEnableAttr #./api/api.cpp (line:2929)
[0000417] [16:34:58:812500] [Tid0x00000ca0] [debug] <--[C207] DL_Rom_SetEnableAttr
[0000418] [16:34:58:812500] [Tid0x00000ca0] [debug] -->[C208] DL_GetCount #./api/api.cpp (line:2710)
[0000419] [16:34:58:812500] [Tid0x00000ca0] [debug] <--[C208] DL_GetCount
[0000420] [16:34:58:812500] [Tid0x00000ca0] [debug] -->[C209] DL_Rom_GetInfoAll #./api/api.cpp (line:2875)
[0000421] [16:34:58:812500] [Tid0x00000ca0] [debug] <--[C209] DL_Rom_GetInfoAll
[0000422] [16:34:58:812500] [Tid0x00000ca0] [debug] -->[C210] DL_Rom_SetEnableAttr #./api/api.cpp (line:2929)
[0000423] [16:34:58:812500] [Tid0x00000ca0] [debug] <--[C210] DL_Rom_SetEnableAttr
[0000424] [16:34:58:812500] [Tid0x00000ca0] [debug] -->[C211] DL_GetCount #./api/api.cpp (line:2710)
[0000425] [16:34:58:812500] [Tid0x00000ca0] [debug] <--[C211] DL_GetCount
[0000426] [16:34:58:812500] [Tid0x00000ca0] [debug] -->[C212] DL_Rom_GetInfoAll #./api/api.cpp (line:2875)
[0000427] [16:34:58:812500] [Tid0x00000ca0] [debug] <--[C212] DL_Rom_GetInfoAll
[0000428] [16:34:58:828125] [Tid0x00000ca0] [debug] -->[C213] DL_Rom_SetEnableAttr #./api/api.cpp (line:2929)
[0000429] [16:34:58:828125] [Tid0x00000ca0] [debug] <--[C213] DL_Rom_SetEnableAttr
[0000430] [16:34:58:828125] [Tid0x00000ca0] [debug] -->[C214] DL_GetCount #./api/api.cpp (line:2710)
[0000431] [16:34:58:828125] [Tid0x00000ca0] [debug] <--[C214] DL_GetCount
[0000432] [16:34:58:828125] [Tid0x00000ca0] [debug] -->[C215] DL_Rom_GetInfoAll #./api/api.cpp (line:2875)
[0000433] [16:34:58:828125] [Tid0x00000ca0] [debug] <--[C215] DL_Rom_GetInfoAll
[0000434] [16:34:58:828125] [Tid0x00000ca0] [debug] -->[C216] DL_Rom_SetEnableAttr #./api/api.cpp (line:2929)
[0000435] [16:34:58:828125] [Tid0x00000ca0] [debug] <--[C216] DL_Rom_SetEnableAttr
[0000436] [16:34:58:828125] [Tid0x00000ca0] [debug] -->[C217] DL_GetCount #./api/api.cpp (line:2710)
[0000437] [16:34:58:828125] [Tid0x00000ca0] [debug] <--[C217] DL_GetCount
[0000438] [16:34:58:828125] [Tid0x00000ca0] [debug] -->[C218] DL_Rom_GetInfoAll #./api/api.cpp (line:2875)
[0000439] [16:34:58:828125] [Tid0x00000ca0] [debug] <--[C218] DL_Rom_GetInfoAll
[0000440] [16:34:58:828125] [Tid0x00000ca0] [debug] -->[C219] DL_Rom_SetEnableAttr #./api/api.cpp (line:2929)
[0000441] [16:34:58:828125] [Tid0x00000ca0] [debug] <--[C219] DL_Rom_SetEnableAttr
[0000442] [16:34:58:828125] [Tid0x00000ca0] [debug] -->[C220] DL_GetCount #./api/api.cpp (line:2710)
[0000443] [16:34:58:828125] [Tid0x00000ca0] [debug] <--[C220] DL_GetCount
[0000444] [16:34:58:828125] [Tid0x00000ca0] [debug] -->[C221] DL_Rom_GetInfoAll #./api/api.cpp (line:2875)
[0000445] [16:34:58:828125] [Tid0x00000ca0] [debug] <--[C221] DL_Rom_GetInfoAll
[0000446] [16:34:58:828125] [Tid0x00000ca0] [debug] -->[C222] DL_Rom_SetEnableAttr #./api/api.cpp (line:2929)
[0000447] [16:34:58:828125] [Tid0x00000ca0] [debug] <--[C222] DL_Rom_SetEnableAttr
[0000448] [16:34:58:828125] [Tid0x00000ca0] [debug] -->[C223] DL_GetCount #./api/api.cpp (line:2710)
[0000449] [16:34:58:828125] [Tid0x00000ca0] [debug] <--[C223] DL_GetCount
[0000450] [16:34:58:828125] [Tid0x00000ca0] [debug] -->[C224] DL_Rom_GetInfoAll #./api/api.cpp (line:2875)
[0000451] [16:34:58:828125] [Tid0x00000ca0] [debug] <--[C224] DL_Rom_GetInfoAll
[0000452] [16:34:58:828125] [Tid0x00000ca0] [debug] -->[C225] DL_Rom_SetEnableAttr #./api/api.cpp (line:2929)
[0000453] [16:34:58:828125] [Tid0x00000ca0] [debug] <--[C225] DL_Rom_SetEnableAttr
[0000454] [16:34:58:828125] [Tid0x00000ca0] [debug] -->[C226] DL_GetCount #./api/api.cpp (line:2710)
[0000455] [16:34:58:828125] [Tid0x00000ca0] [debug] <--[C226] DL_GetCount
[0000456] [16:34:58:828125] [Tid0x00000ca0] [debug] -->[C227] DL_Rom_GetInfoAll #./api/api.cpp (line:2875)
[0000457] [16:34:58:828125] [Tid0x00000ca0] [debug] <--[C227] DL_Rom_GetInfoAll
[0000458] [16:34:58:828125] [Tid0x00000ca0] [debug] -->[C228] DL_Rom_SetEnableAttr #./api/api.cpp (line:2929)
[0000459] [16:34:58:828125] [Tid0x00000ca0] [debug] <--[C228] DL_Rom_SetEnableAttr
[0000460] [16:34:58:843750] [Tid0x00000ca0] [debug] -->[C229] DL_GetCount #./api/api.cpp (line:2710)
[0000461] [16:34:58:843750] [Tid0x00000ca0] [debug] <--[C229] DL_GetCount
[0000462] [16:34:58:843750] [Tid0x00000ca0] [debug] -->[C230] DL_Rom_GetInfoAll #./api/api.cpp (line:2875)
[0000463] [16:34:58:843750] [Tid0x00000ca0] [debug] <--[C230] DL_Rom_GetInfoAll
[0000464] [16:34:58:843750] [Tid0x00000ca0] [debug] -->[C231] DL_Rom_SetEnableAttr #./api/api.cpp (line:2929)
[0000465] [16:34:58:843750] [Tid0x00000ca0] [debug] <--[C231] DL_Rom_SetEnableAttr
[0000466] [16:34:58:843750] [Tid0x00000ca0] [debug] -->[C232] DL_GetCount #./api/api.cpp (line:2710)
[0000467] [16:34:58:843750] [Tid0x00000ca0] [debug] <--[C232] DL_GetCount
[0000468] [16:34:58:843750] [Tid0x00000ca0] [debug] -->[C233] DL_Rom_GetInfoAll #./api/api.cpp (line:2875)
[0000469] [16:34:58:843750] [Tid0x00000ca0] [debug] <--[C233] DL_Rom_GetInfoAll
[0000470] [16:34:58:843750] [Tid0x00000ca0] [debug] -->[C234] DL_Rom_SetEnableAttr #./api/api.cpp (line:2929)
[0000471] [16:34:58:843750] [Tid0x00000ca0] [debug] <--[C234] DL_Rom_SetEnableAttr
[0000472] [16:34:58:843750] [Tid0x00000ca0] [debug] -->[C235] DL_GetCount #./api/api.cpp (line:2710)
[0000473] [16:34:58:843750] [Tid0x00000ca0] [debug] <--[C235] DL_GetCount
[0000474] [16:34:58:843750] [Tid0x00000ca0] [debug] -->[C236] DL_Rom_GetInfoAll #./api/api.cpp (line:2875)
[0000475] [16:34:58:843750] [Tid0x00000ca0] [debug] <--[C236] DL_Rom_GetInfoAll
[0000476] [16:34:58:843750] [Tid0x00000ca0] [debug] -->[C237] DL_Rom_SetEnableAttr #./api/api.cpp (line:2929)
[0000477] [16:34:58:843750] [Tid0x00000ca0] [debug] <--[C237] DL_Rom_SetEnableAttr
[0000478] [16:34:58:843750] [Tid0x00000ca0] [debug] -->[C238] DL_GetCount #./api/api.cpp (line:2710)
[0000479] [16:34:58:843750] [Tid0x00000ca0] [debug] <--[C238] DL_GetCount
[0000480] [16:34:58:843750] [Tid0x00000ca0] [debug] -->[C239] DL_Rom_GetInfoAll #./api/api.cpp (line:2875)
[0000481] [16:34:58:843750] [Tid0x00000ca0] [debug] <--[C239] DL_Rom_GetInfoAll
[0000482] [16:34:58:843750] [Tid0x00000ca0] [debug] -->[C240] DL_Rom_SetEnableAttr #./api/api.cpp (line:2929)
[0000483] [16:34:58:843750] [Tid0x00000ca0] [debug] <--[C240] DL_Rom_SetEnableAttr
[0000484] [16:34:58:843750] [Tid0x00000ca0] [debug] -->[C241] DL_GetCount #./api/api.cpp (line:2710)
[0000485] [16:34:58:843750] [Tid0x00000ca0] [debug] <--[C241] DL_GetCount
[0000486] [16:34:58:843750] [Tid0x00000ca0] [debug] -->[C242] DL_Rom_GetInfoAll #./api/api.cpp (line:2875)
[0000487] [16:34:58:843750] [Tid0x00000ca0] [debug] <--[C242] DL_Rom_GetInfoAll
[0000488] [16:34:58:859375] [Tid0x00000ca0] [debug] -->[C243] DL_Rom_SetEnableAttr #./api/api.cpp (line:2929)
[0000489] [16:34:58:859375] [Tid0x00000ca0] [debug] <--[C243] DL_Rom_SetEnableAttr
[0000490] [16:34:58:859375] [Tid0x00000ca0] [debug] -->[C244] DL_GetCount #./api/api.cpp (line:2710)
[0000491] [16:34:58:859375] [Tid0x00000ca0] [debug] <--[C244] DL_GetCount
[0000492] [16:34:58:859375] [Tid0x00000ca0] [debug] -->[C245] DL_Rom_GetInfoAll #./api/api.cpp (line:2875)
[0000493] [16:34:58:859375] [Tid0x00000ca0] [debug] <--[C245] DL_Rom_GetInfoAll
[0000494] [16:34:58:859375] [Tid0x00000ca0] [debug] -->[C246] DL_Rom_SetEnableAttr #./api/api.cpp (line:2929)
[0000495] [16:34:58:859375] [Tid0x00000ca0] [debug] <--[C246] DL_Rom_SetEnableAttr
[0000496] [16:34:58:859375] [Tid0x00000ca0] [debug] -->[C247] DL_GetCount #./api/api.cpp (line:2710)
[0000497] [16:34:58:859375] [Tid0x00000ca0] [debug] <--[C247] DL_GetCount
[0000498] [16:34:58:859375] [Tid0x00000ca0] [debug] -->[C248] DL_Rom_GetInfoAll #./api/api.cpp (line:2875)
[0000499] [16:34:58:859375] [Tid0x00000ca0] [debug] <--[C248] DL_Rom_GetInfoAll
[0000500] [16:34:58:859375] [Tid0x00000ca0] [debug] -->[C249] DL_Rom_SetEnableAttr #./api/api.cpp (line:2929)
[0000501] [16:34:58:859375] [Tid0x00000ca0] [debug] <--[C249] DL_Rom_SetEnableAttr
[0000502] [16:34:58:859375] [Tid0x00000ca0] [debug] -->[C250] DL_GetCount #./api/api.cpp (line:2710)
[0000503] [16:34:58:859375] [Tid0x00000ca0] [debug] <--[C250] DL_GetCount
[0000504] [16:34:58:859375] [Tid0x00000ca0] [debug] -->[C251] DL_Rom_GetInfoAll #./api/api.cpp (line:2875)
[0000505] [16:34:58:859375] [Tid0x00000ca0] [debug] <--[C251] DL_Rom_GetInfoAll
[0000506] [16:34:58:875000] [Tid0x00000ca0] [debug] -->[C252] DL_Rom_SetEnableAttr #./api/api.cpp (line:2929)
[0000507] [16:34:58:875000] [Tid0x00000ca0] [debug] <--[C252] DL_Rom_SetEnableAttr
[0000508] [16:34:58:875000] [Tid0x00000ca0] [debug] -->[C253] DL_GetCount #./api/api.cpp (line:2710)
[0000509] [16:34:58:875000] [Tid0x00000ca0] [debug] <--[C253] DL_GetCount
[0000510] [16:34:58:875000] [Tid0x00000ca0] [debug] -->[C254] DL_Rom_GetInfoAll #./api/api.cpp (line:2875)
[0000511] [16:34:58:875000] [Tid0x00000ca0] [debug] <--[C254] DL_Rom_GetInfoAll
[0000512] [16:34:58:875000] [Tid0x00000ca0] [debug] -->[C255] DL_Rom_SetEnableAttr #./api/api.cpp (line:2929)
[0000513] [16:34:58:875000] [Tid0x00000ca0] [debug] <--[C255] DL_Rom_SetEnableAttr
[0000514] [16:34:59:765625] [Tid0x00000ca0] [debug] -->[C256] DL_GetCount #./api/api.cpp (line:2710)
[0000515] [16:34:59:765625] [Tid0x00000ca0] [debug] <--[C256] DL_GetCount
[0000516] [16:34:59:765625] [Tid0x00000ca0] [debug] -->[C257] DL_Rom_GetInfoAll #./api/api.cpp (line:2875)
[0000517] [16:34:59:765625] [Tid0x00000ca0] [debug] <--[C257] DL_Rom_GetInfoAll
[0000518] [16:49:24:718750] [Tid0x000011e8] [debug] -->[C258] FlashTool_Disconnect_BROM #./api/api.cpp (line:1037)
[0000519] [16:49:24:750000] [Tid0x000011e8] [debug] <--[C258] FlashTool_Disconnect_BROM
[0000520] [16:49:25:234375] [Tid0x00000ca0] [debug] -->[C259] DL_GetCount #./api/api.cpp (line:2710)
[0000521] [16:49:25:234375] [Tid0x00000ca0] [debug] <--[C259] DL_GetCount
[0000522] [16:49:25:234375] [Tid0x00000ca0] [debug] -->[C260] DL_Rom_GetInfoAll #./api/api.cpp (line:2875)
[0000523] [16:49:25:234375] [Tid0x00000ca0] [debug] <--[C260] DL_Rom_GetInfoAll
[0000524] [16:49:32:828125] [Tid0x00000bb0] [debug] -->[C261] FlashTool_Connect_BROM_ByName #./api/api.cpp (line:2102)
[0000525] [16:49:32:828125] [Tid0x00000bb0] [debug] -->[C262] FlashTool_Connect_BROM_Ex #./api/api.cpp (line:1862)
[0000526] [16:49:32:828125] [Tid0x00000bb0] [debug] bCheckScatter: 1
[0000527] [16:49:32:828125] [Tid0x00000bb0] [debug] have load scatter already
[0000528] [16:49:32:828125] [Tid0x00000bb0] [debug] libversion 1
[0000529] [16:49:33:312500] [Tid0x00000bb0] [debug] <--[C262] FlashTool_Connect_BROM_Ex
[0000530] [16:49:33:312500] [Tid0x00000bb0] [debug] <--[C261] FlashTool_Connect_BROM_ByName
[0000531] [16:49:33:312500] [Tid0x00000bb0] [debug] -->[C263] FlashTool_GetBootResult #./api/api.cpp (line:2114)
[0000532] [16:49:33:312500] [Tid0x00000bb0] [debug] <--[C263] FlashTool_GetBootResult
[0000533] [16:49:33:312500] [Tid0x00000bb0] [debug] -->[C264] FlashTool_Connect_Download_DA #./api/api.cpp (line:2134)
[0000534] [16:49:33:312500] [Tid0x00000bb0] [debug] bCheckScatter: 1
[0000535] [16:49:35:203125] [Tid0x00000bb0] [debug] <--[C264] FlashTool_Connect_Download_DA
[0000536] [16:49:35:203125] [Tid0x00000bb0] [debug] -->[C265] FlashTool_CheckUSBStatus #./api/api.cpp (line:1140)
[0000537] [16:49:35:203125] [Tid0x00000bb0] [debug] <--[C265] FlashTool_CheckUSBStatus
[0000538] [16:49:35:203125] [Tid0x00000bb0] [debug] -->[C266] FlashTool_CheckUSBStatus #./api/api.cpp (line:1140)
[0000539] [16:49:35:203125] [Tid0x00000bb0] [debug] <--[C266] FlashTool_CheckUSBStatus
[0000540] [16:49:35:203125] [Tid0x00000bb0] [debug] -->[C267] FlashTool_GetReservedRomSize #./api/api.cpp (line:1663)
[0000541] [16:49:35:203125] [Tid0x00000bb0] [debug] <--[C267] FlashTool_GetReservedRomSize
[0000542] [16:49:35:203125] [Tid0x00000bb0] [debug] -->[C268] FlashTool_RomGetCount #./api/api.cpp (line:1688)
[0000543] [16:49:35:203125] [Tid0x00000bb0] [debug] <--[C268] FlashTool_RomGetCount
[0000544] [16:49:35:203125] [Tid0x00000bb0] [debug] -->[C269] FlashTool_RomGetInfoAll #./api/api.cpp (line:1705)
[0000545] [16:49:35:218750] [Tid0x00000bb0] [debug] <--[C269] FlashTool_RomGetInfoAll
[0000546] [16:49:35:218750] [Tid0x00000bb0] [debug] -->[C270] DL_GetCount #./api/api.cpp (line:2710)
[0000547] [16:49:35:218750] [Tid0x00000bb0] [debug] <--[C270] DL_GetCount
[0000548] [16:49:35:218750] [Tid0x00000bb0] [debug] -->[C271] DL_Rom_GetInfoAll #./api/api.cpp (line:2875)
[0000549] [16:49:35:218750] [Tid0x00000bb0] [debug] <--[C271] DL_Rom_GetInfoAll
[0000550] [16:49:35:218750] [Tid0x00000bb0] [debug] -->[C272] FlashTool_RomGetCount #./api/api.cpp (line:1688)
[0000551] [16:49:35:218750] [Tid0x00000bb0] [debug] <--[C272] FlashTool_RomGetCount
[0000552] [16:49:35:218750] [Tid0x00000bb0] [debug] -->[C273] FlashTool_ReadPartitionCount #./api/api.cpp (line:1619)
[0000553] [16:49:35:234375] [Tid0x00000bb0] [debug] <--[C273] FlashTool_ReadPartitionCount
[0000554] [16:49:35:234375] [Tid0x00000bb0] [debug] -->[C274] FlashTool_ReadPartitionInfo #./api/api.cpp (line:1640)
[0000555] [16:49:35:234375] [Tid0x00000bb0] [debug] <--[C274] FlashTool_ReadPartitionInfo
[0000556] [16:49:35:250000] [Tid0x00000bb0] [debug] -->[C275] FlashTool_ReadPartitionCount #./api/api.cpp (line:1619)
[0000557] [16:49:35:250000] [Tid0x00000bb0] [debug] <--[C275] FlashTool_ReadPartitionCount
[0000558] [16:49:35:250000] [Tid0x00000bb0] [debug] -->[C276] FlashTool_ReadPartitionInfo #./api/api.cpp (line:1640)
[0000559] [16:49:35:250000] [Tid0x00000bb0] [debug] <--[C276] FlashTool_ReadPartitionInfo
[0000560] [16:49:35:250000] [Tid0x00000bb0] [debug] -->[C277] FlashTool_GetReservedRomSize #./api/api.cpp (line:1663)
[0000561] [16:49:35:250000] [Tid0x00000bb0] [debug] <--[C277] FlashTool_GetReservedRomSize
[0000562] [16:49:35:250000] [Tid0x00000bb0] [debug] -->[C278] FlashTool_Format #./api/api.cpp (line:1332)
[0000563] [16:49:35:250000] [Tid0x00000bb0] [debug] <--[C278] FlashTool_Format
[0000564] [16:49:35:250000] [Tid0x00000bb0] [debug] -->[C279] FlashTool_Disconnect #./api/api.cpp (line:1019)
[0000565] [16:49:35:296875] [Tid0x00000bb0] [debug] <--[C279] FlashTool_Disconnect
[0000566] [16:49:55:234375] [Tid0x00000ca0] [debug] -->[C280] DL_GetCount #./api/api.cpp (line:2710)
[0000567] [16:49:55:234375] [Tid0x00000ca0] [debug] <--[C280] DL_GetCount
[0000568] [16:49:55:234375] [Tid0x00000ca0] [debug] -->[C281] DL_Rom_GetInfoAll #./api/api.cpp (line:2875)
[0000569] [16:49:55:234375] [Tid0x00000ca0] [debug] <--[C281] DL_Rom_GetInfoAll
[0000570] [16:50:02:078125] [Tid0x000014c4] [debug] -->[C282] FlashTool_Connect_BROM_ByName #./api/api.cpp (line:2102)
[0000571] [16:50:02:078125] [Tid0x000014c4] [debug] -->[C283] FlashTool_Connect_BROM_Ex #./api/api.cpp (line:1862)
[0000572] [16:50:02:078125] [Tid0x000014c4] [debug] bCheckScatter: 1
[0000573] [16:50:02:078125] [Tid0x000014c4] [debug] have load scatter already
[0000574] [16:50:02:078125] [Tid0x000014c4] [debug] libversion 1
[0000575] [16:50:02:562500] [Tid0x000014c4] [debug] <--[C283] FlashTool_Connect_BROM_Ex
[0000576] [16:50:02:562500] [Tid0x000014c4] [debug] <--[C282] FlashTool_Connect_BROM_ByName
[0000577] [16:50:02:562500] [Tid0x000014c4] [debug] -->[C284] FlashTool_GetBootResult #./api/api.cpp (line:2114)
[0000578] [16:50:02:562500] [Tid0x000014c4] [debug] <--[C284] FlashTool_GetBootResult
[0000579] [16:50:02:562500] [Tid0x000014c4] [debug] -->[C285] FlashTool_Connect_Download_DA #./api/api.cpp (line:2134)
[0000580] [16:50:02:562500] [Tid0x000014c4] [debug] bCheckScatter: 1
[0000581] [16:50:04:453125] [Tid0x000014c4] [debug] <--[C285] FlashTool_Connect_Download_DA
[0000582] [16:50:04:453125] [Tid0x000014c4] [debug] -->[C286] FlashTool_CheckUSBStatus #./api/api.cpp (line:1140)
[0000583] [16:50:04:453125] [Tid0x000014c4] [debug] <--[C286] FlashTool_CheckUSBStatus
[0000584] [16:50:04:453125] [Tid0x000014c4] [debug] -->[C287] FlashTool_CheckUSBStatus #./api/api.cpp (line:1140)
[0000585] [16:50:04:453125] [Tid0x000014c4] [debug] <--[C287] FlashTool_CheckUSBStatus
[0000586] [16:50:04:453125] [Tid0x000014c4] [debug] -->[C288] FlashTool_GetReservedRomSize #./api/api.cpp (line:1663)
[0000587] [16:50:04:453125] [Tid0x000014c4] [debug] <--[C288] FlashTool_GetReservedRomSize
[0000588] [16:50:04:453125] [Tid0x000014c4] [debug] -->[C289] FlashTool_RomGetCount #./api/api.cpp (line:1688)
[0000589] [16:50:04:453125] [Tid0x000014c4] [debug] <--[C289] FlashTool_RomGetCount
[0000590] [16:50:04:453125] [Tid0x000014c4] [debug] -->[C290] FlashTool_RomGetInfoAll #./api/api.cpp (line:1705)
[0000591] [16:50:04:453125] [Tid0x000014c4] [debug] <--[C290] FlashTool_RomGetInfoAll
[0000592] [16:50:04:453125] [Tid0x000014c4] [debug] -->[C291] DL_GetCount #./api/api.cpp (line:2710)
[0000593] [16:50:04:453125] [Tid0x000014c4] [debug] <--[C291] DL_GetCount
[0000594] [16:50:04:453125] [Tid0x000014c4] [debug] -->[C292] DL_Rom_GetInfoAll #./api/api.cpp (line:2875)
[0000595] [16:50:04:453125] [Tid0x000014c4] [debug] <--[C292] DL_Rom_GetInfoAll
[0000596] [16:50:04:453125] [Tid0x000014c4] [debug] -->[C293] FlashTool_RomGetCount #./api/api.cpp (line:1688)
[0000597] [16:50:04:453125] [Tid0x000014c4] [debug] <--[C293] FlashTool_RomGetCount
[0000598] [16:50:04:453125] [Tid0x000014c4] [debug] -->[C294] FlashTool_ReadPartitionCount #./api/api.cpp (line:1619)
[0000599] [16:50:04:484375] [Tid0x000014c4] [debug] <--[C294] FlashTool_ReadPartitionCount
[0000600] [16:50:04:484375] [Tid0x000014c4] [debug] -->[C295] FlashTool_ReadPartitionInfo #./api/api.cpp (line:1640)
[0000601] [16:50:04:484375] [Tid0x000014c4] [debug] <--[C295] FlashTool_ReadPartitionInfo
[0000602] [16:50:04:484375] [Tid0x000014c4] [debug] -->[C296] FlashTool_ReadPartitionCount #./api/api.cpp (line:1619)
[0000603] [16:50:04:484375] [Tid0x000014c4] [debug] <--[C296] FlashTool_ReadPartitionCount
[0000604] [16:50:04:484375] [Tid0x000014c4] [debug] -->[C297] FlashTool_ReadPartitionInfo #./api/api.cpp (line:1640)
[0000605] [16:50:04:484375] [Tid0x000014c4] [debug] <--[C297] FlashTool_ReadPartitionInfo
[0000606] [16:50:04:484375] [Tid0x000014c4] [debug] -->[C298] FlashTool_GetReservedRomSize #./api/api.cpp (line:1663)
[0000607] [16:50:04:484375] [Tid0x000014c4] [debug] <--[C298] FlashTool_GetReservedRomSize
[0000608] [16:50:04:484375] [Tid0x000014c4] [debug] -->[C299] FlashTool_Format #./api/api.cpp (line:1332)
[0000609] [16:50:04:687500] [Tid0x000014c4] [debug] <--[C299] FlashTool_Format
[0000610] [16:50:04:687500] [Tid0x000014c4] [debug] -->[C300] FlashTool_Download #./api/api.cpp (line:1286)
[0000611] [16:52:38:343750] [Tid0x000014c4] [debug] <--[C300] FlashTool_Download
[0000612] [16:52:38:343750] [Tid0x000014c4] [debug] -->[C301] DL_GetCount #./api/api.cpp (line:2710)
[0000613] [16:52:38:343750] [Tid0x000014c4] [debug] <--[C301] DL_GetCount
[0000614] [16:52:38:343750] [Tid0x000014c4] [debug] -->[C302] DL_Rom_GetInfoAll #./api/api.cpp (line:2875)
[0000615] [16:52:38:343750] [Tid0x000014c4] [debug] <--[C302] DL_Rom_GetInfoAll
[0000616] [16:52:38:453125] [Tid0x000014c4] [debug] -->[C303] FlashTool_Disconnect #./api/api.cpp (line:1019)
[0000617] [16:52:38:484375] [Tid0x000014c4] [debug] <--[C303] FlashTool_Disconnect
[0000618] [18:22:02:109375] [Tid0x00000ca0] [debug] -->[C304] DL_Rom_UnloadAll #./api/api.cpp (line:2918)
[0000619] [18:22:02:125000] [Tid0x00000ca0] [debug] <--[C304] DL_Rom_UnloadAll
