[0000001] [10:36:43:156250] [Tid0x00001b38] [debug] -->[C1] DL_LoadScatter #./api/api.cpp (line:2601)
[0000002] [10:36:43:234375] [Tid0x00001b38] [debug] used lib version: 1
[0000003] [10:36:43:234375] [Tid0x00001b38] [debug] <--[C1] DL_LoadScatter
[0000004] [10:36:43:234375] [Tid0x00001b38] [debug] -->[C2] DL_AutoLoadRomImages #./api/api.cpp (line:2790)
[0000005] [10:36:43:937500] [Tid0x00001b38] [debug] <--[C2] DL_AutoLoadRomImages
[0000006] [10:36:44:015625] [Tid0x00001a5c] [debug] -->[C3] DL_GetCount #./api/api.cpp (line:2710)
[0000007] [10:36:44:015625] [Tid0x00001a5c] [debug] <--[C3] DL_GetCount
[0000008] [10:36:44:015625] [Tid0x00001a5c] [debug] -->[C4] DL_Rom_GetInfoAll #./api/api.cpp (line:2875)
[0000009] [10:36:44:015625] [Tid0x00001a5c] [debug] <--[C4] DL_Rom_GetInfoAll
[0000010] [10:36:44:031250] [Tid0x00001a5c] [debug] -->[C5] DL_GetScatterInfo #./api/api.cpp (line:2811)
[0000011] [10:36:44:031250] [Tid0x00001a5c] [debug] <--[C5] DL_GetScatterInfo
[0000012] [10:36:44:031250] [Tid0x00001a5c] [debug] -->[C6] DL_GetCount #./api/api.cpp (line:2710)
[0000013] [10:36:44:031250] [Tid0x00001a5c] [debug] <--[C6] DL_GetCount
[0000014] [10:36:44:031250] [Tid0x00001a5c] [debug] -->[C7] DL_Rom_GetInfoAll #./api/api.cpp (line:2875)
[0000015] [10:36:44:031250] [Tid0x00001a5c] [debug] <--[C7] DL_Rom_GetInfoAll
[0000016] [10:36:44:046875] [Tid0x00001a5c] [debug] -->[C8] DL_Rom_SetEnableAttr #./api/api.cpp (line:2929)
[0000017] [10:36:44:046875] [Tid0x00001a5c] [debug] <--[C8] DL_Rom_SetEnableAttr
[0000018] [10:36:44:046875] [Tid0x00001a5c] [debug] -->[C9] DL_GetCount #./api/api.cpp (line:2710)
[0000019] [10:36:44:046875] [Tid0x00001a5c] [debug] <--[C9] DL_GetCount
[0000020] [10:36:44:046875] [Tid0x00001a5c] [debug] -->[C10] DL_Rom_GetInfoAll #./api/api.cpp (line:2875)
[0000021] [10:36:44:046875] [Tid0x00001a5c] [debug] <--[C10] DL_Rom_GetInfoAll
[0000022] [10:36:44:062500] [Tid0x00001a5c] [debug] -->[C11] DL_Rom_SetEnableAttr #./api/api.cpp (line:2929)
[0000023] [10:36:44:062500] [Tid0x00001a5c] [debug] <--[C11] DL_Rom_SetEnableAttr
[0000024] [10:36:44:062500] [Tid0x00001a5c] [debug] -->[C12] DL_GetCount #./api/api.cpp (line:2710)
[0000025] [10:36:44:062500] [Tid0x00001a5c] [debug] <--[C12] DL_GetCount
[0000026] [10:36:44:062500] [Tid0x00001a5c] [debug] -->[C13] DL_Rom_GetInfoAll #./api/api.cpp (line:2875)
[0000027] [10:36:44:062500] [Tid0x00001a5c] [debug] <--[C13] DL_Rom_GetInfoAll
[0000028] [10:36:44:062500] [Tid0x00001a5c] [debug] -->[C14] DL_Rom_SetEnableAttr #./api/api.cpp (line:2929)
[0000029] [10:36:44:062500] [Tid0x00001a5c] [debug] <--[C14] DL_Rom_SetEnableAttr
[0000030] [10:36:44:062500] [Tid0x00001a5c] [debug] -->[C15] DL_GetCount #./api/api.cpp (line:2710)
[0000031] [10:36:44:062500] [Tid0x00001a5c] [debug] <--[C15] DL_GetCount
[0000032] [10:36:44:062500] [Tid0x00001a5c] [debug] -->[C16] DL_Rom_GetInfoAll #./api/api.cpp (line:2875)
[0000033] [10:36:44:062500] [Tid0x00001a5c] [debug] <--[C16] DL_Rom_GetInfoAll
[0000034] [10:36:44:078125] [Tid0x00001a5c] [debug] -->[C17] DL_Rom_SetEnableAttr #./api/api.cpp (line:2929)
[0000035] [10:36:44:078125] [Tid0x00001a5c] [debug] <--[C17] DL_Rom_SetEnableAttr
[0000036] [10:36:44:078125] [Tid0x00001a5c] [debug] -->[C18] DL_GetCount #./api/api.cpp (line:2710)
[0000037] [10:36:44:078125] [Tid0x00001a5c] [debug] <--[C18] DL_GetCount
[0000038] [10:36:44:078125] [Tid0x00001a5c] [debug] -->[C19] DL_Rom_GetInfoAll #./api/api.cpp (line:2875)
[0000039] [10:36:44:078125] [Tid0x00001a5c] [debug] <--[C19] DL_Rom_GetInfoAll
[0000040] [10:36:44:093750] [Tid0x00001a5c] [debug] -->[C20] DL_Rom_SetEnableAttr #./api/api.cpp (line:2929)
[0000041] [10:36:44:093750] [Tid0x00001a5c] [debug] <--[C20] DL_Rom_SetEnableAttr
[0000042] [10:36:44:093750] [Tid0x00001a5c] [debug] -->[C21] DL_GetCount #./api/api.cpp (line:2710)
[0000043] [10:36:44:093750] [Tid0x00001a5c] [debug] <--[C21] DL_GetCount
[0000044] [10:36:44:093750] [Tid0x00001a5c] [debug] -->[C22] DL_Rom_GetInfoAll #./api/api.cpp (line:2875)
[0000045] [10:36:44:093750] [Tid0x00001a5c] [debug] <--[C22] DL_Rom_GetInfoAll
[0000046] [10:36:44:093750] [Tid0x00001a5c] [debug] -->[C23] DL_Rom_SetEnableAttr #./api/api.cpp (line:2929)
[0000047] [10:36:44:093750] [Tid0x00001a5c] [debug] <--[C23] DL_Rom_SetEnableAttr
[0000048] [10:36:44:093750] [Tid0x00001a5c] [debug] -->[C24] DL_GetCount #./api/api.cpp (line:2710)
[0000049] [10:36:44:093750] [Tid0x00001a5c] [debug] <--[C24] DL_GetCount
[0000050] [10:36:44:093750] [Tid0x00001a5c] [debug] -->[C25] DL_Rom_GetInfoAll #./api/api.cpp (line:2875)
[0000051] [10:36:44:093750] [Tid0x00001a5c] [debug] <--[C25] DL_Rom_GetInfoAll
[0000052] [10:36:44:109375] [Tid0x00001a5c] [debug] -->[C26] DL_Rom_SetEnableAttr #./api/api.cpp (line:2929)
[0000053] [10:36:44:109375] [Tid0x00001a5c] [debug] <--[C26] DL_Rom_SetEnableAttr
[0000054] [10:36:44:109375] [Tid0x00001a5c] [debug] -->[C27] DL_GetCount #./api/api.cpp (line:2710)
[0000055] [10:36:44:109375] [Tid0x00001a5c] [debug] <--[C27] DL_GetCount
[0000056] [10:36:44:109375] [Tid0x00001a5c] [debug] -->[C28] DL_Rom_GetInfoAll #./api/api.cpp (line:2875)
[0000057] [10:36:44:109375] [Tid0x00001a5c] [debug] <--[C28] DL_Rom_GetInfoAll
[0000058] [10:36:44:125000] [Tid0x00001a5c] [debug] -->[C29] DL_Rom_SetEnableAttr #./api/api.cpp (line:2929)
[0000059] [10:36:44:125000] [Tid0x00001a5c] [debug] <--[C29] DL_Rom_SetEnableAttr
[0000060] [10:36:44:125000] [Tid0x00001a5c] [debug] -->[C30] DL_GetCount #./api/api.cpp (line:2710)
[0000061] [10:36:44:125000] [Tid0x00001a5c] [debug] <--[C30] DL_GetCount
[0000062] [10:36:44:125000] [Tid0x00001a5c] [debug] -->[C31] DL_Rom_GetInfoAll #./api/api.cpp (line:2875)
[0000063] [10:36:44:125000] [Tid0x00001a5c] [debug] <--[C31] DL_Rom_GetInfoAll
[0000064] [10:36:44:125000] [Tid0x00001a5c] [debug] -->[C32] DL_Rom_SetEnableAttr #./api/api.cpp (line:2929)
[0000065] [10:36:44:125000] [Tid0x00001a5c] [debug] <--[C32] DL_Rom_SetEnableAttr
[0000066] [10:36:44:125000] [Tid0x00001a5c] [debug] -->[C33] DL_GetCount #./api/api.cpp (line:2710)
[0000067] [10:36:44:125000] [Tid0x00001a5c] [debug] <--[C33] DL_GetCount
[0000068] [10:36:44:125000] [Tid0x00001a5c] [debug] -->[C34] DL_Rom_GetInfoAll #./api/api.cpp (line:2875)
[0000069] [10:36:44:125000] [Tid0x00001a5c] [debug] <--[C34] DL_Rom_GetInfoAll
[0000070] [10:36:44:140625] [Tid0x00001a5c] [debug] -->[C35] DL_Rom_SetEnableAttr #./api/api.cpp (line:2929)
[0000071] [10:36:44:140625] [Tid0x00001a5c] [debug] <--[C35] DL_Rom_SetEnableAttr
[0000072] [10:36:44:140625] [Tid0x00001a5c] [debug] -->[C36] DL_GetCount #./api/api.cpp (line:2710)
[0000073] [10:36:44:140625] [Tid0x00001a5c] [debug] <--[C36] DL_GetCount
[0000074] [10:36:44:140625] [Tid0x00001a5c] [debug] -->[C37] DL_Rom_GetInfoAll #./api/api.cpp (line:2875)
[0000075] [10:36:44:140625] [Tid0x00001a5c] [debug] <--[C37] DL_Rom_GetInfoAll
[0000076] [10:36:44:140625] [Tid0x00001a5c] [debug] -->[C38] DL_Rom_SetEnableAttr #./api/api.cpp (line:2929)
[0000077] [10:36:44:140625] [Tid0x00001a5c] [debug] <--[C38] DL_Rom_SetEnableAttr
[0000078] [10:36:44:140625] [Tid0x00001a5c] [debug] -->[C39] DL_GetCount #./api/api.cpp (line:2710)
[0000079] [10:36:44:140625] [Tid0x00001a5c] [debug] <--[C39] DL_GetCount
[0000080] [10:36:44:140625] [Tid0x00001a5c] [debug] -->[C40] DL_Rom_GetInfoAll #./api/api.cpp (line:2875)
[0000081] [10:36:44:140625] [Tid0x00001a5c] [debug] <--[C40] DL_Rom_GetInfoAll
[0000082] [10:36:44:156250] [Tid0x00001a5c] [debug] -->[C41] DL_Rom_SetEnableAttr #./api/api.cpp (line:2929)
[0000083] [10:36:44:156250] [Tid0x00001a5c] [debug] <--[C41] DL_Rom_SetEnableAttr
[0000084] [10:36:44:156250] [Tid0x00001a5c] [debug] -->[C42] DL_SetChecksumLevel #./api/api.cpp (line:2643)
[0000085] [10:36:44:156250] [Tid0x00001a5c] [debug] <--[C42] DL_SetChecksumLevel
[0000086] [13:50:02:265625] [Tid0x0000242c] [debug] -->[C43] DL_LoadScatter #./api/api.cpp (line:2601)
[0000087] [13:50:03:156250] [Tid0x0000242c] [debug] used lib version: 1
[0000088] [13:50:03:187500] [Tid0x0000242c] [debug] <--[C43] DL_LoadScatter
[0000089] [13:50:03:187500] [Tid0x0000242c] [debug] -->[C44] DL_AutoLoadRomImages #./api/api.cpp (line:2790)
[0000090] [13:50:03:578125] [Tid0x0000242c] [debug] <--[C44] DL_AutoLoadRomImages
[0000091] [13:50:03:703125] [Tid0x00001a5c] [debug] -->[C45] DL_GetCount #./api/api.cpp (line:2710)
[0000092] [13:50:03:718750] [Tid0x00001a5c] [debug] <--[C45] DL_GetCount
[0000093] [13:50:03:718750] [Tid0x00001a5c] [debug] -->[C46] DL_Rom_GetInfoAll #./api/api.cpp (line:2875)
[0000094] [13:50:03:718750] [Tid0x00001a5c] [debug] <--[C46] DL_Rom_GetInfoAll
[0000095] [13:50:03:765625] [Tid0x00001a5c] [debug] -->[C47] DL_GetScatterInfo #./api/api.cpp (line:2811)
[0000096] [13:50:03:765625] [Tid0x00001a5c] [debug] <--[C47] DL_GetScatterInfo
[0000097] [13:50:03:968750] [Tid0x00001a5c] [debug] -->[C48] DL_GetCount #./api/api.cpp (line:2710)
[0000098] [13:50:03:968750] [Tid0x00001a5c] [debug] <--[C48] DL_GetCount
[0000099] [13:50:03:968750] [Tid0x00001a5c] [debug] -->[C49] DL_Rom_GetInfoAll #./api/api.cpp (line:2875)
[0000100] [13:50:03:968750] [Tid0x00001a5c] [debug] <--[C49] DL_Rom_GetInfoAll
[0000101] [13:50:03:984375] [Tid0x00001a5c] [debug] -->[C50] DL_Rom_SetEnableAttr #./api/api.cpp (line:2929)
[0000102] [13:50:03:984375] [Tid0x00001a5c] [debug] <--[C50] DL_Rom_SetEnableAttr
[0000103] [13:50:04:046875] [Tid0x00001a5c] [debug] -->[C51] DL_GetCount #./api/api.cpp (line:2710)
[0000104] [13:50:04:046875] [Tid0x00001a5c] [debug] <--[C51] DL_GetCount
[0000105] [13:50:04:046875] [Tid0x00001a5c] [debug] -->[C52] DL_Rom_GetInfoAll #./api/api.cpp (line:2875)
[0000106] [13:50:04:046875] [Tid0x00001a5c] [debug] <--[C52] DL_Rom_GetInfoAll
[0000107] [13:50:04:046875] [Tid0x00001a5c] [debug] -->[C53] DL_Rom_SetEnableAttr #./api/api.cpp (line:2929)
[0000108] [13:50:04:046875] [Tid0x00001a5c] [debug] <--[C53] DL_Rom_SetEnableAttr
[0000109] [13:50:04:078125] [Tid0x00001a5c] [debug] -->[C54] DL_GetCount #./api/api.cpp (line:2710)
[0000110] [13:50:04:078125] [Tid0x00001a5c] [debug] <--[C54] DL_GetCount
[0000111] [13:50:04:078125] [Tid0x00001a5c] [debug] -->[C55] DL_Rom_GetInfoAll #./api/api.cpp (line:2875)
[0000112] [13:50:04:078125] [Tid0x00001a5c] [debug] <--[C55] DL_Rom_GetInfoAll
[0000113] [13:50:04:093750] [Tid0x00001a5c] [debug] -->[C56] DL_Rom_SetEnableAttr #./api/api.cpp (line:2929)
[0000114] [13:50:04:093750] [Tid0x00001a5c] [debug] <--[C56] DL_Rom_SetEnableAttr
[0000115] [13:50:04:093750] [Tid0x00001a5c] [debug] -->[C57] DL_GetCount #./api/api.cpp (line:2710)
[0000116] [13:50:04:093750] [Tid0x00001a5c] [debug] <--[C57] DL_GetCount
[0000117] [13:50:04:093750] [Tid0x00001a5c] [debug] -->[C58] DL_Rom_GetInfoAll #./api/api.cpp (line:2875)
[0000118] [13:50:04:093750] [Tid0x00001a5c] [debug] <--[C58] DL_Rom_GetInfoAll
[0000119] [13:50:04:093750] [Tid0x00001a5c] [debug] -->[C59] DL_Rom_SetEnableAttr #./api/api.cpp (line:2929)
[0000120] [13:50:04:093750] [Tid0x00001a5c] [debug] <--[C59] DL_Rom_SetEnableAttr
[0000121] [13:50:04:109375] [Tid0x00001a5c] [debug] -->[C60] DL_GetCount #./api/api.cpp (line:2710)
[0000122] [13:50:04:109375] [Tid0x00001a5c] [debug] <--[C60] DL_GetCount
[0000123] [13:50:04:109375] [Tid0x00001a5c] [debug] -->[C61] DL_Rom_GetInfoAll #./api/api.cpp (line:2875)
[0000124] [13:50:04:109375] [Tid0x00001a5c] [debug] <--[C61] DL_Rom_GetInfoAll
[0000125] [13:50:04:109375] [Tid0x00001a5c] [debug] -->[C62] DL_Rom_SetEnableAttr #./api/api.cpp (line:2929)
[0000126] [13:50:04:109375] [Tid0x00001a5c] [debug] <--[C62] DL_Rom_SetEnableAttr
[0000127] [13:50:04:125000] [Tid0x00001a5c] [debug] -->[C63] DL_GetCount #./api/api.cpp (line:2710)
[0000128] [13:50:04:125000] [Tid0x00001a5c] [debug] <--[C63] DL_GetCount
[0000129] [13:50:04:125000] [Tid0x00001a5c] [debug] -->[C64] DL_Rom_GetInfoAll #./api/api.cpp (line:2875)
[0000130] [13:50:04:125000] [Tid0x00001a5c] [debug] <--[C64] DL_Rom_GetInfoAll
[0000131] [13:50:04:140625] [Tid0x00001a5c] [debug] -->[C65] DL_Rom_SetEnableAttr #./api/api.cpp (line:2929)
[0000132] [13:50:04:140625] [Tid0x00001a5c] [debug] <--[C65] DL_Rom_SetEnableAttr
[0000133] [13:50:04:140625] [Tid0x00001a5c] [debug] -->[C66] DL_GetCount #./api/api.cpp (line:2710)
[0000134] [13:50:04:140625] [Tid0x00001a5c] [debug] <--[C66] DL_GetCount
[0000135] [13:50:04:140625] [Tid0x00001a5c] [debug] -->[C67] DL_Rom_GetInfoAll #./api/api.cpp (line:2875)
[0000136] [13:50:04:140625] [Tid0x00001a5c] [debug] <--[C67] DL_Rom_GetInfoAll
[0000137] [13:50:04:140625] [Tid0x00001a5c] [debug] -->[C68] DL_Rom_SetEnableAttr #./api/api.cpp (line:2929)
[0000138] [13:50:04:140625] [Tid0x00001a5c] [debug] <--[C68] DL_Rom_SetEnableAttr
[0000139] [13:50:04:156250] [Tid0x00001a5c] [debug] -->[C69] DL_GetCount #./api/api.cpp (line:2710)
[0000140] [13:50:04:156250] [Tid0x00001a5c] [debug] <--[C69] DL_GetCount
[0000141] [13:50:04:156250] [Tid0x00001a5c] [debug] -->[C70] DL_Rom_GetInfoAll #./api/api.cpp (line:2875)
[0000142] [13:50:04:156250] [Tid0x00001a5c] [debug] <--[C70] DL_Rom_GetInfoAll
[0000143] [13:50:04:156250] [Tid0x00001a5c] [debug] -->[C71] DL_Rom_SetEnableAttr #./api/api.cpp (line:2929)
[0000144] [13:50:04:156250] [Tid0x00001a5c] [debug] <--[C71] DL_Rom_SetEnableAttr
[0000145] [13:50:04:171875] [Tid0x00001a5c] [debug] -->[C72] DL_GetCount #./api/api.cpp (line:2710)
[0000146] [13:50:04:171875] [Tid0x00001a5c] [debug] <--[C72] DL_GetCount
[0000147] [13:50:04:171875] [Tid0x00001a5c] [debug] -->[C73] DL_Rom_GetInfoAll #./api/api.cpp (line:2875)
[0000148] [13:50:04:171875] [Tid0x00001a5c] [debug] <--[C73] DL_Rom_GetInfoAll
[0000149] [13:50:04:187500] [Tid0x00001a5c] [debug] -->[C74] DL_Rom_SetEnableAttr #./api/api.cpp (line:2929)
[0000150] [13:50:04:187500] [Tid0x00001a5c] [debug] <--[C74] DL_Rom_SetEnableAttr
[0000151] [13:50:04:187500] [Tid0x00001a5c] [debug] -->[C75] DL_GetCount #./api/api.cpp (line:2710)
[0000152] [13:50:04:187500] [Tid0x00001a5c] [debug] <--[C75] DL_GetCount
[0000153] [13:50:04:187500] [Tid0x00001a5c] [debug] -->[C76] DL_Rom_GetInfoAll #./api/api.cpp (line:2875)
[0000154] [13:50:04:187500] [Tid0x00001a5c] [debug] <--[C76] DL_Rom_GetInfoAll
[0000155] [13:50:04:187500] [Tid0x00001a5c] [debug] -->[C77] DL_Rom_SetEnableAttr #./api/api.cpp (line:2929)
[0000156] [13:50:04:187500] [Tid0x00001a5c] [debug] <--[C77] DL_Rom_SetEnableAttr
[0000157] [13:50:04:203125] [Tid0x00001a5c] [debug] -->[C78] DL_GetCount #./api/api.cpp (line:2710)
[0000158] [13:50:04:203125] [Tid0x00001a5c] [debug] <--[C78] DL_GetCount
[0000159] [13:50:04:203125] [Tid0x00001a5c] [debug] -->[C79] DL_Rom_GetInfoAll #./api/api.cpp (line:2875)
[0000160] [13:50:04:203125] [Tid0x00001a5c] [debug] <--[C79] DL_Rom_GetInfoAll
[0000161] [13:50:04:203125] [Tid0x00001a5c] [debug] -->[C80] DL_Rom_SetEnableAttr #./api/api.cpp (line:2929)
[0000162] [13:50:04:203125] [Tid0x00001a5c] [debug] <--[C80] DL_Rom_SetEnableAttr
[0000163] [13:50:04:218750] [Tid0x00001a5c] [debug] -->[C81] DL_GetCount #./api/api.cpp (line:2710)
[0000164] [13:50:04:218750] [Tid0x00001a5c] [debug] <--[C81] DL_GetCount
[0000165] [13:50:04:218750] [Tid0x00001a5c] [debug] -->[C82] DL_Rom_GetInfoAll #./api/api.cpp (line:2875)
[0000166] [13:50:04:218750] [Tid0x00001a5c] [debug] <--[C82] DL_Rom_GetInfoAll
[0000167] [13:50:04:218750] [Tid0x00001a5c] [debug] -->[C83] DL_Rom_SetEnableAttr #./api/api.cpp (line:2929)
[0000168] [13:50:04:218750] [Tid0x00001a5c] [debug] <--[C83] DL_Rom_SetEnableAttr
[0000169] [13:50:04:218750] [Tid0x00001a5c] [debug] -->[C84] DL_GetCount #./api/api.cpp (line:2710)
[0000170] [13:50:04:218750] [Tid0x00001a5c] [debug] <--[C84] DL_GetCount
[0000171] [13:50:04:218750] [Tid0x00001a5c] [debug] -->[C85] DL_Rom_GetInfoAll #./api/api.cpp (line:2875)
[0000172] [13:50:04:218750] [Tid0x00001a5c] [debug] <--[C85] DL_Rom_GetInfoAll
[0000173] [13:50:04:234375] [Tid0x00001a5c] [debug] -->[C86] DL_Rom_SetEnableAttr #./api/api.cpp (line:2929)
[0000174] [13:50:04:234375] [Tid0x00001a5c] [debug] <--[C86] DL_Rom_SetEnableAttr
[0000175] [13:50:04:250000] [Tid0x00001a5c] [debug] -->[C87] DL_GetCount #./api/api.cpp (line:2710)
[0000176] [13:50:04:250000] [Tid0x00001a5c] [debug] <--[C87] DL_GetCount
[0000177] [13:50:04:250000] [Tid0x00001a5c] [debug] -->[C88] DL_Rom_GetInfoAll #./api/api.cpp (line:2875)
[0000178] [13:50:04:250000] [Tid0x00001a5c] [debug] <--[C88] DL_Rom_GetInfoAll
[0000179] [13:50:04:250000] [Tid0x00001a5c] [debug] -->[C89] DL_Rom_SetEnableAttr #./api/api.cpp (line:2929)
[0000180] [13:50:04:250000] [Tid0x00001a5c] [debug] <--[C89] DL_Rom_SetEnableAttr
[0000181] [13:50:04:265625] [Tid0x00001a5c] [debug] -->[C90] DL_GetCount #./api/api.cpp (line:2710)
[0000182] [13:50:04:265625] [Tid0x00001a5c] [debug] <--[C90] DL_GetCount
[0000183] [13:50:04:265625] [Tid0x00001a5c] [debug] -->[C91] DL_Rom_GetInfoAll #./api/api.cpp (line:2875)
[0000184] [13:50:04:265625] [Tid0x00001a5c] [debug] <--[C91] DL_Rom_GetInfoAll
[0000185] [13:50:04:265625] [Tid0x00001a5c] [debug] -->[C92] DL_Rom_SetEnableAttr #./api/api.cpp (line:2929)
[0000186] [13:50:04:265625] [Tid0x00001a5c] [debug] <--[C92] DL_Rom_SetEnableAttr
[0000187] [13:50:04:265625] [Tid0x00001a5c] [debug] -->[C93] DL_GetCount #./api/api.cpp (line:2710)
[0000188] [13:50:04:265625] [Tid0x00001a5c] [debug] <--[C93] DL_GetCount
[0000189] [13:50:04:265625] [Tid0x00001a5c] [debug] -->[C94] DL_Rom_GetInfoAll #./api/api.cpp (line:2875)
[0000190] [13:50:04:265625] [Tid0x00001a5c] [debug] <--[C94] DL_Rom_GetInfoAll
[0000191] [13:50:04:281250] [Tid0x00001a5c] [debug] -->[C95] DL_Rom_SetEnableAttr #./api/api.cpp (line:2929)
[0000192] [13:50:04:281250] [Tid0x00001a5c] [debug] <--[C95] DL_Rom_SetEnableAttr
[0000193] [13:50:04:281250] [Tid0x00001a5c] [debug] -->[C96] DL_GetCount #./api/api.cpp (line:2710)
[0000194] [13:50:04:281250] [Tid0x00001a5c] [debug] <--[C96] DL_GetCount
[0000195] [13:50:04:281250] [Tid0x00001a5c] [debug] -->[C97] DL_Rom_GetInfoAll #./api/api.cpp (line:2875)
[0000196] [13:50:04:281250] [Tid0x00001a5c] [debug] <--[C97] DL_Rom_GetInfoAll
[0000197] [13:50:04:296875] [Tid0x00001a5c] [debug] -->[C98] DL_Rom_SetEnableAttr #./api/api.cpp (line:2929)
[0000198] [13:50:04:296875] [Tid0x00001a5c] [debug] <--[C98] DL_Rom_SetEnableAttr
[0000199] [13:50:04:312500] [Tid0x00001a5c] [debug] -->[C99] DL_GetCount #./api/api.cpp (line:2710)
[0000200] [13:50:04:312500] [Tid0x00001a5c] [debug] <--[C99] DL_GetCount
[0000201] [13:50:04:312500] [Tid0x00001a5c] [debug] -->[C100] DL_Rom_GetInfoAll #./api/api.cpp (line:2875)
[0000202] [13:50:04:312500] [Tid0x00001a5c] [debug] <--[C100] DL_Rom_GetInfoAll
[0000203] [13:50:04:312500] [Tid0x00001a5c] [debug] -->[C101] DL_Rom_SetEnableAttr #./api/api.cpp (line:2929)
[0000204] [13:50:04:312500] [Tid0x00001a5c] [debug] <--[C101] DL_Rom_SetEnableAttr
[0000205] [13:50:04:328125] [Tid0x00001a5c] [debug] -->[C102] DL_GetCount #./api/api.cpp (line:2710)
[0000206] [13:50:04:328125] [Tid0x00001a5c] [debug] <--[C102] DL_GetCount
[0000207] [13:50:04:328125] [Tid0x00001a5c] [debug] -->[C103] DL_Rom_GetInfoAll #./api/api.cpp (line:2875)
[0000208] [13:50:04:328125] [Tid0x00001a5c] [debug] <--[C103] DL_Rom_GetInfoAll
[0000209] [13:50:04:328125] [Tid0x00001a5c] [debug] -->[C104] DL_Rom_SetEnableAttr #./api/api.cpp (line:2929)
[0000210] [13:50:04:328125] [Tid0x00001a5c] [debug] <--[C104] DL_Rom_SetEnableAttr
[0000211] [13:50:04:328125] [Tid0x00001a5c] [debug] -->[C105] DL_GetCount #./api/api.cpp (line:2710)
[0000212] [13:50:04:328125] [Tid0x00001a5c] [debug] <--[C105] DL_GetCount
[0000213] [13:50:04:328125] [Tid0x00001a5c] [debug] -->[C106] DL_Rom_GetInfoAll #./api/api.cpp (line:2875)
[0000214] [13:50:04:328125] [Tid0x00001a5c] [debug] <--[C106] DL_Rom_GetInfoAll
[0000215] [13:50:04:343750] [Tid0x00001a5c] [debug] -->[C107] DL_Rom_SetEnableAttr #./api/api.cpp (line:2929)
[0000216] [13:50:04:343750] [Tid0x00001a5c] [debug] <--[C107] DL_Rom_SetEnableAttr
[0000217] [13:50:04:390625] [Tid0x00001a5c] [debug] -->[C108] DL_GetCount #./api/api.cpp (line:2710)
[0000218] [13:50:04:390625] [Tid0x00001a5c] [debug] <--[C108] DL_GetCount
[0000219] [13:50:04:390625] [Tid0x00001a5c] [debug] -->[C109] DL_Rom_GetInfoAll #./api/api.cpp (line:2875)
[0000220] [13:50:04:390625] [Tid0x00001a5c] [debug] <--[C109] DL_Rom_GetInfoAll
[0000221] [13:50:04:390625] [Tid0x00001a5c] [debug] -->[C110] DL_Rom_SetEnableAttr #./api/api.cpp (line:2929)
[0000222] [13:50:04:390625] [Tid0x00001a5c] [debug] <--[C110] DL_Rom_SetEnableAttr
[0000223] [13:50:04:406250] [Tid0x00001a5c] [debug] -->[C111] DL_GetCount #./api/api.cpp (line:2710)
[0000224] [13:50:04:406250] [Tid0x00001a5c] [debug] <--[C111] DL_GetCount
[0000225] [13:50:04:406250] [Tid0x00001a5c] [debug] -->[C112] DL_Rom_GetInfoAll #./api/api.cpp (line:2875)
[0000226] [13:50:04:406250] [Tid0x00001a5c] [debug] <--[C112] DL_Rom_GetInfoAll
[0000227] [13:50:04:421875] [Tid0x00001a5c] [debug] -->[C113] DL_Rom_SetEnableAttr #./api/api.cpp (line:2929)
[0000228] [13:50:04:421875] [Tid0x00001a5c] [debug] <--[C113] DL_Rom_SetEnableAttr
[0000229] [13:50:04:421875] [Tid0x00001a5c] [debug] -->[C114] DL_GetCount #./api/api.cpp (line:2710)
[0000230] [13:50:04:421875] [Tid0x00001a5c] [debug] <--[C114] DL_GetCount
[0000231] [13:50:04:421875] [Tid0x00001a5c] [debug] -->[C115] DL_Rom_GetInfoAll #./api/api.cpp (line:2875)
[0000232] [13:50:04:421875] [Tid0x00001a5c] [debug] <--[C115] DL_Rom_GetInfoAll
[0000233] [13:50:04:437500] [Tid0x00001a5c] [debug] -->[C116] DL_Rom_SetEnableAttr #./api/api.cpp (line:2929)
[0000234] [13:50:04:437500] [Tid0x00001a5c] [debug] <--[C116] DL_Rom_SetEnableAttr
[0000235] [13:50:04:453125] [Tid0x00001a5c] [debug] -->[C117] DL_GetCount #./api/api.cpp (line:2710)
[0000236] [13:50:04:453125] [Tid0x00001a5c] [debug] <--[C117] DL_GetCount
[0000237] [13:50:04:453125] [Tid0x00001a5c] [debug] -->[C118] DL_Rom_GetInfoAll #./api/api.cpp (line:2875)
[0000238] [13:50:04:453125] [Tid0x00001a5c] [debug] <--[C118] DL_Rom_GetInfoAll
[0000239] [13:50:04:453125] [Tid0x00001a5c] [debug] -->[C119] DL_Rom_SetEnableAttr #./api/api.cpp (line:2929)
[0000240] [13:50:04:453125] [Tid0x00001a5c] [debug] <--[C119] DL_Rom_SetEnableAttr
[0000241] [13:50:04:453125] [Tid0x00001a5c] [debug] -->[C120] DL_GetCount #./api/api.cpp (line:2710)
[0000242] [13:50:04:453125] [Tid0x00001a5c] [debug] <--[C120] DL_GetCount
[0000243] [13:50:04:453125] [Tid0x00001a5c] [debug] -->[C121] DL_Rom_GetInfoAll #./api/api.cpp (line:2875)
[0000244] [13:50:04:453125] [Tid0x00001a5c] [debug] <--[C121] DL_Rom_GetInfoAll
[0000245] [13:50:04:453125] [Tid0x00001a5c] [debug] -->[C122] DL_Rom_SetEnableAttr #./api/api.cpp (line:2929)
[0000246] [13:50:04:453125] [Tid0x00001a5c] [debug] <--[C122] DL_Rom_SetEnableAttr
[0000247] [13:50:04:468750] [Tid0x00001a5c] [debug] -->[C123] DL_GetCount #./api/api.cpp (line:2710)
[0000248] [13:50:04:468750] [Tid0x00001a5c] [debug] <--[C123] DL_GetCount
[0000249] [13:50:04:468750] [Tid0x00001a5c] [debug] -->[C124] DL_Rom_GetInfoAll #./api/api.cpp (line:2875)
[0000250] [13:50:04:468750] [Tid0x00001a5c] [debug] <--[C124] DL_Rom_GetInfoAll
[0000251] [13:50:04:468750] [Tid0x00001a5c] [debug] -->[C125] DL_Rom_SetEnableAttr #./api/api.cpp (line:2929)
[0000252] [13:50:04:468750] [Tid0x00001a5c] [debug] <--[C125] DL_Rom_SetEnableAttr
[0000253] [13:50:04:484375] [Tid0x00001a5c] [debug] -->[C126] DL_GetCount #./api/api.cpp (line:2710)
[0000254] [13:50:04:484375] [Tid0x00001a5c] [debug] <--[C126] DL_GetCount
[0000255] [13:50:04:484375] [Tid0x00001a5c] [debug] -->[C127] DL_Rom_GetInfoAll #./api/api.cpp (line:2875)
[0000256] [13:50:04:484375] [Tid0x00001a5c] [debug] <--[C127] DL_Rom_GetInfoAll
[0000257] [13:50:04:500000] [Tid0x00001a5c] [debug] -->[C128] DL_Rom_SetEnableAttr #./api/api.cpp (line:2929)
[0000258] [13:50:04:500000] [Tid0x00001a5c] [debug] <--[C128] DL_Rom_SetEnableAttr
[0000259] [13:50:04:500000] [Tid0x00001a5c] [debug] -->[C129] DL_GetCount #./api/api.cpp (line:2710)
[0000260] [13:50:04:500000] [Tid0x00001a5c] [debug] <--[C129] DL_GetCount
[0000261] [13:50:04:500000] [Tid0x00001a5c] [debug] -->[C130] DL_Rom_GetInfoAll #./api/api.cpp (line:2875)
[0000262] [13:50:04:500000] [Tid0x00001a5c] [debug] <--[C130] DL_Rom_GetInfoAll
[0000263] [13:50:04:515625] [Tid0x00001a5c] [debug] -->[C131] DL_Rom_SetEnableAttr #./api/api.cpp (line:2929)
[0000264] [13:50:04:515625] [Tid0x00001a5c] [debug] <--[C131] DL_Rom_SetEnableAttr
[0000265] [13:50:04:515625] [Tid0x00001a5c] [debug] -->[C132] DL_GetCount #./api/api.cpp (line:2710)
[0000266] [13:50:04:515625] [Tid0x00001a5c] [debug] <--[C132] DL_GetCount
[0000267] [13:50:04:515625] [Tid0x00001a5c] [debug] -->[C133] DL_Rom_GetInfoAll #./api/api.cpp (line:2875)
[0000268] [13:50:04:515625] [Tid0x00001a5c] [debug] <--[C133] DL_Rom_GetInfoAll
[0000269] [13:50:04:515625] [Tid0x00001a5c] [debug] -->[C134] DL_Rom_SetEnableAttr #./api/api.cpp (line:2929)
[0000270] [13:50:04:515625] [Tid0x00001a5c] [debug] <--[C134] DL_Rom_SetEnableAttr
[0000271] [13:50:04:531250] [Tid0x00001a5c] [debug] -->[C135] DL_GetCount #./api/api.cpp (line:2710)
[0000272] [13:50:04:531250] [Tid0x00001a5c] [debug] <--[C135] DL_GetCount
[0000273] [13:50:04:531250] [Tid0x00001a5c] [debug] -->[C136] DL_Rom_GetInfoAll #./api/api.cpp (line:2875)
[0000274] [13:50:04:531250] [Tid0x00001a5c] [debug] <--[C136] DL_Rom_GetInfoAll
[0000275] [13:50:04:531250] [Tid0x00001a5c] [debug] -->[C137] DL_Rom_SetEnableAttr #./api/api.cpp (line:2929)
[0000276] [13:50:04:531250] [Tid0x00001a5c] [debug] <--[C137] DL_Rom_SetEnableAttr
[0000277] [13:50:04:546875] [Tid0x00001a5c] [debug] -->[C138] DL_GetCount #./api/api.cpp (line:2710)
[0000278] [13:50:04:546875] [Tid0x00001a5c] [debug] <--[C138] DL_GetCount
[0000279] [13:50:04:546875] [Tid0x00001a5c] [debug] -->[C139] DL_Rom_GetInfoAll #./api/api.cpp (line:2875)
[0000280] [13:50:04:562500] [Tid0x00001a5c] [debug] <--[C139] DL_Rom_GetInfoAll
[0000281] [13:50:04:562500] [Tid0x00001a5c] [debug] -->[C140] DL_Rom_SetEnableAttr #./api/api.cpp (line:2929)
[0000282] [13:50:04:562500] [Tid0x00001a5c] [debug] <--[C140] DL_Rom_SetEnableAttr
[0000283] [13:50:04:578125] [Tid0x00001a5c] [debug] -->[C141] DL_GetCount #./api/api.cpp (line:2710)
[0000284] [13:50:04:578125] [Tid0x00001a5c] [debug] <--[C141] DL_GetCount
[0000285] [13:50:04:578125] [Tid0x00001a5c] [debug] -->[C142] DL_Rom_GetInfoAll #./api/api.cpp (line:2875)
[0000286] [13:50:04:578125] [Tid0x00001a5c] [debug] <--[C142] DL_Rom_GetInfoAll
[0000287] [13:50:04:578125] [Tid0x00001a5c] [debug] -->[C143] DL_Rom_SetEnableAttr #./api/api.cpp (line:2929)
[0000288] [13:50:04:578125] [Tid0x00001a5c] [debug] <--[C143] DL_Rom_SetEnableAttr
[0000289] [13:50:04:578125] [Tid0x00001a5c] [debug] -->[C144] DL_GetCount #./api/api.cpp (line:2710)
[0000290] [13:50:04:578125] [Tid0x00001a5c] [debug] <--[C144] DL_GetCount
[0000291] [13:50:04:578125] [Tid0x00001a5c] [debug] -->[C145] DL_Rom_GetInfoAll #./api/api.cpp (line:2875)
[0000292] [13:50:04:578125] [Tid0x00001a5c] [debug] <--[C145] DL_Rom_GetInfoAll
[0000293] [13:50:04:593750] [Tid0x00001a5c] [debug] -->[C146] DL_Rom_SetEnableAttr #./api/api.cpp (line:2929)
[0000294] [13:50:04:593750] [Tid0x00001a5c] [debug] <--[C146] DL_Rom_SetEnableAttr
[0000295] [13:50:04:609375] [Tid0x00001a5c] [debug] -->[C147] DL_GetCount #./api/api.cpp (line:2710)
[0000296] [13:50:04:609375] [Tid0x00001a5c] [debug] <--[C147] DL_GetCount
[0000297] [13:50:04:609375] [Tid0x00001a5c] [debug] -->[C148] DL_Rom_GetInfoAll #./api/api.cpp (line:2875)
[0000298] [13:50:04:609375] [Tid0x00001a5c] [debug] <--[C148] DL_Rom_GetInfoAll
[0000299] [13:50:04:609375] [Tid0x00001a5c] [debug] -->[C149] DL_Rom_SetEnableAttr #./api/api.cpp (line:2929)
[0000300] [13:50:04:609375] [Tid0x00001a5c] [debug] <--[C149] DL_Rom_SetEnableAttr
[0000301] [13:50:04:625000] [Tid0x00001a5c] [debug] -->[C150] DL_GetCount #./api/api.cpp (line:2710)
[0000302] [13:50:04:625000] [Tid0x00001a5c] [debug] <--[C150] DL_GetCount
[0000303] [13:50:04:625000] [Tid0x00001a5c] [debug] -->[C151] DL_Rom_GetInfoAll #./api/api.cpp (line:2875)
[0000304] [13:50:04:625000] [Tid0x00001a5c] [debug] <--[C151] DL_Rom_GetInfoAll
[0000305] [13:50:04:625000] [Tid0x00001a5c] [debug] -->[C152] DL_Rom_SetEnableAttr #./api/api.cpp (line:2929)
[0000306] [13:50:04:625000] [Tid0x00001a5c] [debug] <--[C152] DL_Rom_SetEnableAttr
[0000307] [13:50:04:640625] [Tid0x00001a5c] [debug] -->[C153] DL_GetCount #./api/api.cpp (line:2710)
[0000308] [13:50:04:640625] [Tid0x00001a5c] [debug] <--[C153] DL_GetCount
[0000309] [13:50:04:640625] [Tid0x00001a5c] [debug] -->[C154] DL_Rom_GetInfoAll #./api/api.cpp (line:2875)
[0000310] [13:50:04:640625] [Tid0x00001a5c] [debug] <--[C154] DL_Rom_GetInfoAll
[0000311] [13:50:04:656250] [Tid0x00001a5c] [debug] -->[C155] DL_Rom_SetEnableAttr #./api/api.cpp (line:2929)
[0000312] [13:50:04:656250] [Tid0x00001a5c] [debug] <--[C155] DL_Rom_SetEnableAttr
[0000313] [13:50:04:656250] [Tid0x00001a5c] [debug] -->[C156] DL_SetChecksumLevel #./api/api.cpp (line:2643)
[0000314] [13:50:04:656250] [Tid0x00001a5c] [debug] <--[C156] DL_SetChecksumLevel
[0000315] [13:50:12:765625] [Tid0x00001a5c] [debug] -->[C157] DL_GetCount #./api/api.cpp (line:2710)
[0000316] [13:50:12:765625] [Tid0x00001a5c] [debug] <--[C157] DL_GetCount
[0000317] [13:50:12:765625] [Tid0x00001a5c] [debug] -->[C158] DL_Rom_GetInfoAll #./api/api.cpp (line:2875)
[0000318] [13:50:12:765625] [Tid0x00001a5c] [debug] <--[C158] DL_Rom_GetInfoAll
[0000319] [13:50:12:765625] [Tid0x00001a5c] [debug] -->[C159] DL_Rom_SetEnableAttr #./api/api.cpp (line:2929)
[0000320] [13:50:12:765625] [Tid0x00001a5c] [debug] <--[C159] DL_Rom_SetEnableAttr
[0000321] [13:50:13:468750] [Tid0x00001a5c] [debug] -->[C160] DL_GetCount #./api/api.cpp (line:2710)
[0000322] [13:50:13:468750] [Tid0x00001a5c] [debug] <--[C160] DL_GetCount
[0000323] [13:50:13:468750] [Tid0x00001a5c] [debug] -->[C161] DL_Rom_GetInfoAll #./api/api.cpp (line:2875)
[0000324] [13:50:13:468750] [Tid0x00001a5c] [debug] <--[C161] DL_Rom_GetInfoAll
[0000325] [13:50:13:484375] [Tid0x00001a5c] [debug] -->[C162] DL_Rom_SetEnableAttr #./api/api.cpp (line:2929)
[0000326] [13:50:13:484375] [Tid0x00001a5c] [debug] <--[C162] DL_Rom_SetEnableAttr
[0000327] [13:50:16:031250] [Tid0x00001a5c] [debug] -->[C163] DL_GetCount #./api/api.cpp (line:2710)
[0000328] [13:50:16:031250] [Tid0x00001a5c] [debug] <--[C163] DL_GetCount
[0000329] [13:50:16:031250] [Tid0x00001a5c] [debug] -->[C164] DL_Rom_GetInfoAll #./api/api.cpp (line:2875)
[0000330] [13:50:16:031250] [Tid0x00001a5c] [debug] <--[C164] DL_Rom_GetInfoAll
[0000331] [13:50:16:046875] [Tid0x00001a5c] [debug] -->[C165] DL_Rom_SetEnableAttr #./api/api.cpp (line:2929)
[0000332] [13:50:16:046875] [Tid0x00001a5c] [debug] <--[C165] DL_Rom_SetEnableAttr
[0000333] [13:50:16:046875] [Tid0x00001a5c] [debug] -->[C166] DL_GetCount #./api/api.cpp (line:2710)
[0000334] [13:50:16:046875] [Tid0x00001a5c] [debug] <--[C166] DL_GetCount
[0000335] [13:50:16:046875] [Tid0x00001a5c] [debug] -->[C167] DL_Rom_GetInfoAll #./api/api.cpp (line:2875)
[0000336] [13:50:16:046875] [Tid0x00001a5c] [debug] <--[C167] DL_Rom_GetInfoAll
[0000337] [13:50:16:046875] [Tid0x00001a5c] [debug] -->[C168] DL_Rom_SetEnableAttr #./api/api.cpp (line:2929)
[0000338] [13:50:16:046875] [Tid0x00001a5c] [debug] <--[C168] DL_Rom_SetEnableAttr
[0000339] [13:50:16:046875] [Tid0x00001a5c] [debug] -->[C169] DL_GetCount #./api/api.cpp (line:2710)
[0000340] [13:50:16:046875] [Tid0x00001a5c] [debug] <--[C169] DL_GetCount
[0000341] [13:50:16:046875] [Tid0x00001a5c] [debug] -->[C170] DL_Rom_GetInfoAll #./api/api.cpp (line:2875)
[0000342] [13:50:16:046875] [Tid0x00001a5c] [debug] <--[C170] DL_Rom_GetInfoAll
[0000343] [13:50:16:062500] [Tid0x00001a5c] [debug] -->[C171] DL_Rom_SetEnableAttr #./api/api.cpp (line:2929)
[0000344] [13:50:16:062500] [Tid0x00001a5c] [debug] <--[C171] DL_Rom_SetEnableAttr
[0000345] [13:50:16:062500] [Tid0x00001a5c] [debug] -->[C172] DL_GetCount #./api/api.cpp (line:2710)
[0000346] [13:50:16:062500] [Tid0x00001a5c] [debug] <--[C172] DL_GetCount
[0000347] [13:50:16:062500] [Tid0x00001a5c] [debug] -->[C173] DL_Rom_GetInfoAll #./api/api.cpp (line:2875)
[0000348] [13:50:16:062500] [Tid0x00001a5c] [debug] <--[C173] DL_Rom_GetInfoAll
[0000349] [13:50:16:062500] [Tid0x00001a5c] [debug] -->[C174] DL_Rom_SetEnableAttr #./api/api.cpp (line:2929)
[0000350] [13:50:16:062500] [Tid0x00001a5c] [debug] <--[C174] DL_Rom_SetEnableAttr
[0000351] [13:50:16:062500] [Tid0x00001a5c] [debug] -->[C175] DL_GetCount #./api/api.cpp (line:2710)
[0000352] [13:50:16:062500] [Tid0x00001a5c] [debug] <--[C175] DL_GetCount
[0000353] [13:50:16:062500] [Tid0x00001a5c] [debug] -->[C176] DL_Rom_GetInfoAll #./api/api.cpp (line:2875)
[0000354] [13:50:16:062500] [Tid0x00001a5c] [debug] <--[C176] DL_Rom_GetInfoAll
[0000355] [13:50:16:093750] [Tid0x00001a5c] [debug] -->[C177] DL_Rom_SetEnableAttr #./api/api.cpp (line:2929)
[0000356] [13:50:16:093750] [Tid0x00001a5c] [debug] <--[C177] DL_Rom_SetEnableAttr
[0000357] [13:50:16:093750] [Tid0x00001a5c] [debug] -->[C178] DL_GetCount #./api/api.cpp (line:2710)
[0000358] [13:50:16:093750] [Tid0x00001a5c] [debug] <--[C178] DL_GetCount
[0000359] [13:50:16:093750] [Tid0x00001a5c] [debug] -->[C179] DL_Rom_GetInfoAll #./api/api.cpp (line:2875)
[0000360] [13:50:16:093750] [Tid0x00001a5c] [debug] <--[C179] DL_Rom_GetInfoAll
[0000361] [13:50:16:093750] [Tid0x00001a5c] [debug] -->[C180] DL_Rom_SetEnableAttr #./api/api.cpp (line:2929)
[0000362] [13:50:16:093750] [Tid0x00001a5c] [debug] <--[C180] DL_Rom_SetEnableAttr
[0000363] [13:50:16:093750] [Tid0x00001a5c] [debug] -->[C181] DL_GetCount #./api/api.cpp (line:2710)
[0000364] [13:50:16:093750] [Tid0x00001a5c] [debug] <--[C181] DL_GetCount
[0000365] [13:50:16:093750] [Tid0x00001a5c] [debug] -->[C182] DL_Rom_GetInfoAll #./api/api.cpp (line:2875)
[0000366] [13:50:16:093750] [Tid0x00001a5c] [debug] <--[C182] DL_Rom_GetInfoAll
[0000367] [13:50:16:093750] [Tid0x00001a5c] [debug] -->[C183] DL_Rom_SetEnableAttr #./api/api.cpp (line:2929)
[0000368] [13:50:16:093750] [Tid0x00001a5c] [debug] <--[C183] DL_Rom_SetEnableAttr
[0000369] [13:50:16:093750] [Tid0x00001a5c] [debug] -->[C184] DL_GetCount #./api/api.cpp (line:2710)
[0000370] [13:50:16:093750] [Tid0x00001a5c] [debug] <--[C184] DL_GetCount
[0000371] [13:50:16:093750] [Tid0x00001a5c] [debug] -->[C185] DL_Rom_GetInfoAll #./api/api.cpp (line:2875)
[0000372] [13:50:16:093750] [Tid0x00001a5c] [debug] <--[C185] DL_Rom_GetInfoAll
[0000373] [13:50:16:093750] [Tid0x00001a5c] [debug] -->[C186] DL_Rom_SetEnableAttr #./api/api.cpp (line:2929)
[0000374] [13:50:16:093750] [Tid0x00001a5c] [debug] <--[C186] DL_Rom_SetEnableAttr
[0000375] [13:50:16:093750] [Tid0x00001a5c] [debug] -->[C187] DL_GetCount #./api/api.cpp (line:2710)
[0000376] [13:50:16:109375] [Tid0x00001a5c] [debug] <--[C187] DL_GetCount
[0000377] [13:50:16:109375] [Tid0x00001a5c] [debug] -->[C188] DL_Rom_GetInfoAll #./api/api.cpp (line:2875)
[0000378] [13:50:16:109375] [Tid0x00001a5c] [debug] <--[C188] DL_Rom_GetInfoAll
[0000379] [13:50:16:109375] [Tid0x00001a5c] [debug] -->[C189] DL_Rom_SetEnableAttr #./api/api.cpp (line:2929)
[0000380] [13:50:16:109375] [Tid0x00001a5c] [debug] <--[C189] DL_Rom_SetEnableAttr
[0000381] [13:50:16:109375] [Tid0x00001a5c] [debug] -->[C190] DL_GetCount #./api/api.cpp (line:2710)
[0000382] [13:50:16:109375] [Tid0x00001a5c] [debug] <--[C190] DL_GetCount
[0000383] [13:50:16:109375] [Tid0x00001a5c] [debug] -->[C191] DL_Rom_GetInfoAll #./api/api.cpp (line:2875)
[0000384] [13:50:16:109375] [Tid0x00001a5c] [debug] <--[C191] DL_Rom_GetInfoAll
[0000385] [13:50:16:109375] [Tid0x00001a5c] [debug] -->[C192] DL_Rom_SetEnableAttr #./api/api.cpp (line:2929)
[0000386] [13:50:16:109375] [Tid0x00001a5c] [debug] <--[C192] DL_Rom_SetEnableAttr
[0000387] [13:50:16:109375] [Tid0x00001a5c] [debug] -->[C193] DL_GetCount #./api/api.cpp (line:2710)
[0000388] [13:50:16:109375] [Tid0x00001a5c] [debug] <--[C193] DL_GetCount
[0000389] [13:50:16:109375] [Tid0x00001a5c] [debug] -->[C194] DL_Rom_GetInfoAll #./api/api.cpp (line:2875)
[0000390] [13:50:16:109375] [Tid0x00001a5c] [debug] <--[C194] DL_Rom_GetInfoAll
[0000391] [13:50:16:109375] [Tid0x00001a5c] [debug] -->[C195] DL_Rom_SetEnableAttr #./api/api.cpp (line:2929)
[0000392] [13:50:16:109375] [Tid0x00001a5c] [debug] <--[C195] DL_Rom_SetEnableAttr
[0000393] [13:50:16:109375] [Tid0x00001a5c] [debug] -->[C196] DL_GetCount #./api/api.cpp (line:2710)
[0000394] [13:50:16:109375] [Tid0x00001a5c] [debug] <--[C196] DL_GetCount
[0000395] [13:50:16:109375] [Tid0x00001a5c] [debug] -->[C197] DL_Rom_GetInfoAll #./api/api.cpp (line:2875)
[0000396] [13:50:16:109375] [Tid0x00001a5c] [debug] <--[C197] DL_Rom_GetInfoAll
[0000397] [13:50:16:109375] [Tid0x00001a5c] [debug] -->[C198] DL_Rom_SetEnableAttr #./api/api.cpp (line:2929)
[0000398] [13:50:16:109375] [Tid0x00001a5c] [debug] <--[C198] DL_Rom_SetEnableAttr
[0000399] [13:50:16:109375] [Tid0x00001a5c] [debug] -->[C199] DL_GetCount #./api/api.cpp (line:2710)
[0000400] [13:50:16:109375] [Tid0x00001a5c] [debug] <--[C199] DL_GetCount
[0000401] [13:50:16:109375] [Tid0x00001a5c] [debug] -->[C200] DL_Rom_GetInfoAll #./api/api.cpp (line:2875)
[0000402] [13:50:16:109375] [Tid0x00001a5c] [debug] <--[C200] DL_Rom_GetInfoAll
[0000403] [13:50:16:109375] [Tid0x00001a5c] [debug] -->[C201] DL_Rom_SetEnableAttr #./api/api.cpp (line:2929)
[0000404] [13:50:16:109375] [Tid0x00001a5c] [debug] <--[C201] DL_Rom_SetEnableAttr
[0000405] [13:50:16:109375] [Tid0x00001a5c] [debug] -->[C202] DL_GetCount #./api/api.cpp (line:2710)
[0000406] [13:50:16:109375] [Tid0x00001a5c] [debug] <--[C202] DL_GetCount
[0000407] [13:50:16:109375] [Tid0x00001a5c] [debug] -->[C203] DL_Rom_GetInfoAll #./api/api.cpp (line:2875)
[0000408] [13:50:16:109375] [Tid0x00001a5c] [debug] <--[C203] DL_Rom_GetInfoAll
[0000409] [13:50:16:125000] [Tid0x00001a5c] [debug] -->[C204] DL_Rom_SetEnableAttr #./api/api.cpp (line:2929)
[0000410] [13:50:16:125000] [Tid0x00001a5c] [debug] <--[C204] DL_Rom_SetEnableAttr
[0000411] [13:50:16:125000] [Tid0x00001a5c] [debug] -->[C205] DL_GetCount #./api/api.cpp (line:2710)
[0000412] [13:50:16:125000] [Tid0x00001a5c] [debug] <--[C205] DL_GetCount
[0000413] [13:50:16:125000] [Tid0x00001a5c] [debug] -->[C206] DL_Rom_GetInfoAll #./api/api.cpp (line:2875)
[0000414] [13:50:16:125000] [Tid0x00001a5c] [debug] <--[C206] DL_Rom_GetInfoAll
[0000415] [13:50:16:125000] [Tid0x00001a5c] [debug] -->[C207] DL_Rom_SetEnableAttr #./api/api.cpp (line:2929)
[0000416] [13:50:16:125000] [Tid0x00001a5c] [debug] <--[C207] DL_Rom_SetEnableAttr
[0000417] [13:50:16:125000] [Tid0x00001a5c] [debug] -->[C208] DL_GetCount #./api/api.cpp (line:2710)
[0000418] [13:50:16:125000] [Tid0x00001a5c] [debug] <--[C208] DL_GetCount
[0000419] [13:50:16:125000] [Tid0x00001a5c] [debug] -->[C209] DL_Rom_GetInfoAll #./api/api.cpp (line:2875)
[0000420] [13:50:16:125000] [Tid0x00001a5c] [debug] <--[C209] DL_Rom_GetInfoAll
[0000421] [13:50:16:125000] [Tid0x00001a5c] [debug] -->[C210] DL_Rom_SetEnableAttr #./api/api.cpp (line:2929)
[0000422] [13:50:16:125000] [Tid0x00001a5c] [debug] <--[C210] DL_Rom_SetEnableAttr
[0000423] [13:50:16:125000] [Tid0x00001a5c] [debug] -->[C211] DL_GetCount #./api/api.cpp (line:2710)
[0000424] [13:50:16:125000] [Tid0x00001a5c] [debug] <--[C211] DL_GetCount
[0000425] [13:50:16:125000] [Tid0x00001a5c] [debug] -->[C212] DL_Rom_GetInfoAll #./api/api.cpp (line:2875)
[0000426] [13:50:16:125000] [Tid0x00001a5c] [debug] <--[C212] DL_Rom_GetInfoAll
[0000427] [13:50:16:140625] [Tid0x00001a5c] [debug] -->[C213] DL_Rom_SetEnableAttr #./api/api.cpp (line:2929)
[0000428] [13:50:16:140625] [Tid0x00001a5c] [debug] <--[C213] DL_Rom_SetEnableAttr
[0000429] [13:50:16:140625] [Tid0x00001a5c] [debug] -->[C214] DL_GetCount #./api/api.cpp (line:2710)
[0000430] [13:50:16:140625] [Tid0x00001a5c] [debug] <--[C214] DL_GetCount
[0000431] [13:50:16:140625] [Tid0x00001a5c] [debug] -->[C215] DL_Rom_GetInfoAll #./api/api.cpp (line:2875)
[0000432] [13:50:16:140625] [Tid0x00001a5c] [debug] <--[C215] DL_Rom_GetInfoAll
[0000433] [13:50:16:140625] [Tid0x00001a5c] [debug] -->[C216] DL_Rom_SetEnableAttr #./api/api.cpp (line:2929)
[0000434] [13:50:16:140625] [Tid0x00001a5c] [debug] <--[C216] DL_Rom_SetEnableAttr
[0000435] [13:50:16:140625] [Tid0x00001a5c] [debug] -->[C217] DL_GetCount #./api/api.cpp (line:2710)
[0000436] [13:50:16:140625] [Tid0x00001a5c] [debug] <--[C217] DL_GetCount
[0000437] [13:50:16:140625] [Tid0x00001a5c] [debug] -->[C218] DL_Rom_GetInfoAll #./api/api.cpp (line:2875)
[0000438] [13:50:16:140625] [Tid0x00001a5c] [debug] <--[C218] DL_Rom_GetInfoAll
[0000439] [13:50:16:140625] [Tid0x00001a5c] [debug] -->[C219] DL_Rom_SetEnableAttr #./api/api.cpp (line:2929)
[0000440] [13:50:16:140625] [Tid0x00001a5c] [debug] <--[C219] DL_Rom_SetEnableAttr
[0000441] [13:50:16:156250] [Tid0x00001a5c] [debug] -->[C220] DL_GetCount #./api/api.cpp (line:2710)
[0000442] [13:50:16:156250] [Tid0x00001a5c] [debug] <--[C220] DL_GetCount
[0000443] [13:50:16:156250] [Tid0x00001a5c] [debug] -->[C221] DL_Rom_GetInfoAll #./api/api.cpp (line:2875)
[0000444] [13:50:16:156250] [Tid0x00001a5c] [debug] <--[C221] DL_Rom_GetInfoAll
[0000445] [13:50:16:156250] [Tid0x00001a5c] [debug] -->[C222] DL_Rom_SetEnableAttr #./api/api.cpp (line:2929)
[0000446] [13:50:16:156250] [Tid0x00001a5c] [debug] <--[C222] DL_Rom_SetEnableAttr
[0000447] [13:53:42:531250] [Tid0x00002198] [debug] -->[C223] DL_LoadScatter #./api/api.cpp (line:2601)
[0000448] [13:53:42:578125] [Tid0x00002198] [debug] used lib version: 1
[0000449] [13:53:42:578125] [Tid0x00002198] [debug] <--[C223] DL_LoadScatter
[0000450] [13:53:42:578125] [Tid0x00002198] [debug] -->[C224] DL_AutoLoadRomImages #./api/api.cpp (line:2790)
[0000451] [13:53:42:703125] [Tid0x00002198] [debug] <--[C224] DL_AutoLoadRomImages
[0000452] [13:53:42:718750] [Tid0x00001a5c] [debug] -->[C225] DL_GetCount #./api/api.cpp (line:2710)
[0000453] [13:53:42:718750] [Tid0x00001a5c] [debug] <--[C225] DL_GetCount
[0000454] [13:53:42:718750] [Tid0x00001a5c] [debug] -->[C226] DL_Rom_GetInfoAll #./api/api.cpp (line:2875)
[0000455] [13:53:42:718750] [Tid0x00001a5c] [debug] <--[C226] DL_Rom_GetInfoAll
[0000456] [13:53:42:734375] [Tid0x00001a5c] [debug] -->[C227] DL_GetScatterInfo #./api/api.cpp (line:2811)
[0000457] [13:53:42:734375] [Tid0x00001a5c] [debug] <--[C227] DL_GetScatterInfo
[0000458] [13:53:42:734375] [Tid0x00001a5c] [debug] -->[C228] DL_GetCount #./api/api.cpp (line:2710)
[0000459] [13:53:42:734375] [Tid0x00001a5c] [debug] <--[C228] DL_GetCount
[0000460] [13:53:42:734375] [Tid0x00001a5c] [debug] -->[C229] DL_Rom_GetInfoAll #./api/api.cpp (line:2875)
[0000461] [13:53:42:734375] [Tid0x00001a5c] [debug] <--[C229] DL_Rom_GetInfoAll
[0000462] [13:53:42:750000] [Tid0x00001a5c] [debug] -->[C230] DL_Rom_SetEnableAttr #./api/api.cpp (line:2929)
[0000463] [13:53:42:750000] [Tid0x00001a5c] [debug] <--[C230] DL_Rom_SetEnableAttr
[0000464] [13:53:42:750000] [Tid0x00001a5c] [debug] -->[C231] DL_GetCount #./api/api.cpp (line:2710)
[0000465] [13:53:42:750000] [Tid0x00001a5c] [debug] <--[C231] DL_GetCount
[0000466] [13:53:42:750000] [Tid0x00001a5c] [debug] -->[C232] DL_Rom_GetInfoAll #./api/api.cpp (line:2875)
[0000467] [13:53:42:750000] [Tid0x00001a5c] [debug] <--[C232] DL_Rom_GetInfoAll
[0000468] [13:53:42:750000] [Tid0x00001a5c] [debug] -->[C233] DL_Rom_SetEnableAttr #./api/api.cpp (line:2929)
[0000469] [13:53:42:750000] [Tid0x00001a5c] [debug] <--[C233] DL_Rom_SetEnableAttr
[0000470] [13:53:42:750000] [Tid0x00001a5c] [debug] -->[C234] DL_GetCount #./api/api.cpp (line:2710)
[0000471] [13:53:42:750000] [Tid0x00001a5c] [debug] <--[C234] DL_GetCount
[0000472] [13:53:42:750000] [Tid0x00001a5c] [debug] -->[C235] DL_Rom_GetInfoAll #./api/api.cpp (line:2875)
[0000473] [13:53:42:750000] [Tid0x00001a5c] [debug] <--[C235] DL_Rom_GetInfoAll
[0000474] [13:53:42:765625] [Tid0x00001a5c] [debug] -->[C236] DL_Rom_SetEnableAttr #./api/api.cpp (line:2929)
[0000475] [13:53:42:765625] [Tid0x00001a5c] [debug] <--[C236] DL_Rom_SetEnableAttr
[0000476] [13:53:42:765625] [Tid0x00001a5c] [debug] -->[C237] DL_GetCount #./api/api.cpp (line:2710)
[0000477] [13:53:42:765625] [Tid0x00001a5c] [debug] <--[C237] DL_GetCount
[0000478] [13:53:42:765625] [Tid0x00001a5c] [debug] -->[C238] DL_Rom_GetInfoAll #./api/api.cpp (line:2875)
[0000479] [13:53:42:765625] [Tid0x00001a5c] [debug] <--[C238] DL_Rom_GetInfoAll
[0000480] [13:53:42:765625] [Tid0x00001a5c] [debug] -->[C239] DL_Rom_SetEnableAttr #./api/api.cpp (line:2929)
[0000481] [13:53:42:765625] [Tid0x00001a5c] [debug] <--[C239] DL_Rom_SetEnableAttr
[0000482] [13:53:42:765625] [Tid0x00001a5c] [debug] -->[C240] DL_GetCount #./api/api.cpp (line:2710)
[0000483] [13:53:42:765625] [Tid0x00001a5c] [debug] <--[C240] DL_GetCount
[0000484] [13:53:42:765625] [Tid0x00001a5c] [debug] -->[C241] DL_Rom_GetInfoAll #./api/api.cpp (line:2875)
[0000485] [13:53:42:765625] [Tid0x00001a5c] [debug] <--[C241] DL_Rom_GetInfoAll
[0000486] [13:53:42:781250] [Tid0x00001a5c] [debug] -->[C242] DL_Rom_SetEnableAttr #./api/api.cpp (line:2929)
[0000487] [13:53:42:781250] [Tid0x00001a5c] [debug] <--[C242] DL_Rom_SetEnableAttr
[0000488] [13:53:42:781250] [Tid0x00001a5c] [debug] -->[C243] DL_GetCount #./api/api.cpp (line:2710)
[0000489] [13:53:42:781250] [Tid0x00001a5c] [debug] <--[C243] DL_GetCount
[0000490] [13:53:42:781250] [Tid0x00001a5c] [debug] -->[C244] DL_Rom_GetInfoAll #./api/api.cpp (line:2875)
[0000491] [13:53:42:781250] [Tid0x00001a5c] [debug] <--[C244] DL_Rom_GetInfoAll
[0000492] [13:53:42:796875] [Tid0x00001a5c] [debug] -->[C245] DL_Rom_SetEnableAttr #./api/api.cpp (line:2929)
[0000493] [13:53:42:796875] [Tid0x00001a5c] [debug] <--[C245] DL_Rom_SetEnableAttr
[0000494] [13:53:42:812500] [Tid0x00001a5c] [debug] -->[C246] DL_GetCount #./api/api.cpp (line:2710)
[0000495] [13:53:42:812500] [Tid0x00001a5c] [debug] <--[C246] DL_GetCount
[0000496] [13:53:42:812500] [Tid0x00001a5c] [debug] -->[C247] DL_Rom_GetInfoAll #./api/api.cpp (line:2875)
[0000497] [13:53:42:812500] [Tid0x00001a5c] [debug] <--[C247] DL_Rom_GetInfoAll
[0000498] [13:53:42:812500] [Tid0x00001a5c] [debug] -->[C248] DL_Rom_SetEnableAttr #./api/api.cpp (line:2929)
[0000499] [13:53:42:812500] [Tid0x00001a5c] [debug] <--[C248] DL_Rom_SetEnableAttr
[0000500] [13:53:42:812500] [Tid0x00001a5c] [debug] -->[C249] DL_GetCount #./api/api.cpp (line:2710)
[0000501] [13:53:42:812500] [Tid0x00001a5c] [debug] <--[C249] DL_GetCount
[0000502] [13:53:42:812500] [Tid0x00001a5c] [debug] -->[C250] DL_Rom_GetInfoAll #./api/api.cpp (line:2875)
[0000503] [13:53:42:812500] [Tid0x00001a5c] [debug] <--[C250] DL_Rom_GetInfoAll
[0000504] [13:53:42:828125] [Tid0x00001a5c] [debug] -->[C251] DL_Rom_SetEnableAttr #./api/api.cpp (line:2929)
[0000505] [13:53:42:828125] [Tid0x00001a5c] [debug] <--[C251] DL_Rom_SetEnableAttr
[0000506] [13:53:42:828125] [Tid0x00001a5c] [debug] -->[C252] DL_GetCount #./api/api.cpp (line:2710)
[0000507] [13:53:42:828125] [Tid0x00001a5c] [debug] <--[C252] DL_GetCount
[0000508] [13:53:42:828125] [Tid0x00001a5c] [debug] -->[C253] DL_Rom_GetInfoAll #./api/api.cpp (line:2875)
[0000509] [13:53:42:828125] [Tid0x00001a5c] [debug] <--[C253] DL_Rom_GetInfoAll
[0000510] [13:53:42:843750] [Tid0x00001a5c] [debug] -->[C254] DL_Rom_SetEnableAttr #./api/api.cpp (line:2929)
[0000511] [13:53:42:843750] [Tid0x00001a5c] [debug] <--[C254] DL_Rom_SetEnableAttr
[0000512] [13:53:42:843750] [Tid0x00001a5c] [debug] -->[C255] DL_GetCount #./api/api.cpp (line:2710)
[0000513] [13:53:42:843750] [Tid0x00001a5c] [debug] <--[C255] DL_GetCount
[0000514] [13:53:42:843750] [Tid0x00001a5c] [debug] -->[C256] DL_Rom_GetInfoAll #./api/api.cpp (line:2875)
[0000515] [13:53:42:843750] [Tid0x00001a5c] [debug] <--[C256] DL_Rom_GetInfoAll
[0000516] [13:53:42:859375] [Tid0x00001a5c] [debug] -->[C257] DL_Rom_SetEnableAttr #./api/api.cpp (line:2929)
[0000517] [13:53:42:859375] [Tid0x00001a5c] [debug] <--[C257] DL_Rom_SetEnableAttr
[0000518] [13:53:42:859375] [Tid0x00001a5c] [debug] -->[C258] DL_GetCount #./api/api.cpp (line:2710)
[0000519] [13:53:42:859375] [Tid0x00001a5c] [debug] <--[C258] DL_GetCount
[0000520] [13:53:42:859375] [Tid0x00001a5c] [debug] -->[C259] DL_Rom_GetInfoAll #./api/api.cpp (line:2875)
[0000521] [13:53:42:859375] [Tid0x00001a5c] [debug] <--[C259] DL_Rom_GetInfoAll
[0000522] [13:53:42:859375] [Tid0x00001a5c] [debug] -->[C260] DL_Rom_SetEnableAttr #./api/api.cpp (line:2929)
[0000523] [13:53:42:859375] [Tid0x00001a5c] [debug] <--[C260] DL_Rom_SetEnableAttr
[0000524] [13:53:42:859375] [Tid0x00001a5c] [debug] -->[C261] DL_SetChecksumLevel #./api/api.cpp (line:2643)
[0000525] [13:53:42:859375] [Tid0x00001a5c] [debug] <--[C261] DL_SetChecksumLevel
[0000526] [13:53:44:953125] [Tid0x00001a5c] [debug] -->[C262] DL_GetCount #./api/api.cpp (line:2710)
[0000527] [13:53:44:953125] [Tid0x00001a5c] [debug] <--[C262] DL_GetCount
[0000528] [13:53:44:953125] [Tid0x00001a5c] [debug] -->[C263] DL_Rom_GetInfoAll #./api/api.cpp (line:2875)
[0000529] [13:53:44:953125] [Tid0x00001a5c] [debug] <--[C263] DL_Rom_GetInfoAll
[0000530] [13:53:44:953125] [Tid0x00001a5c] [debug] -->[C264] DL_Rom_SetEnableAttr #./api/api.cpp (line:2929)
[0000531] [13:53:44:953125] [Tid0x00001a5c] [debug] <--[C264] DL_Rom_SetEnableAttr
[0000532] [13:53:44:953125] [Tid0x00001a5c] [debug] -->[C265] DL_GetCount #./api/api.cpp (line:2710)
[0000533] [13:53:44:953125] [Tid0x00001a5c] [debug] <--[C265] DL_GetCount
[0000534] [13:53:44:953125] [Tid0x00001a5c] [debug] -->[C266] DL_Rom_GetInfoAll #./api/api.cpp (line:2875)
[0000535] [13:53:44:953125] [Tid0x00001a5c] [debug] <--[C266] DL_Rom_GetInfoAll
[0000536] [13:53:44:968750] [Tid0x00001a5c] [debug] -->[C267] DL_Rom_SetEnableAttr #./api/api.cpp (line:2929)
[0000537] [13:53:44:968750] [Tid0x00001a5c] [debug] <--[C267] DL_Rom_SetEnableAttr
[0000538] [13:53:44:968750] [Tid0x00001a5c] [debug] -->[C268] DL_GetCount #./api/api.cpp (line:2710)
[0000539] [13:53:44:968750] [Tid0x00001a5c] [debug] <--[C268] DL_GetCount
[0000540] [13:53:44:968750] [Tid0x00001a5c] [debug] -->[C269] DL_Rom_GetInfoAll #./api/api.cpp (line:2875)
[0000541] [13:53:44:968750] [Tid0x00001a5c] [debug] <--[C269] DL_Rom_GetInfoAll
[0000542] [13:53:44:968750] [Tid0x00001a5c] [debug] -->[C270] DL_Rom_SetEnableAttr #./api/api.cpp (line:2929)
[0000543] [13:53:44:968750] [Tid0x00001a5c] [debug] <--[C270] DL_Rom_SetEnableAttr
[0000544] [13:53:44:968750] [Tid0x00001a5c] [debug] -->[C271] DL_GetCount #./api/api.cpp (line:2710)
[0000545] [13:53:44:968750] [Tid0x00001a5c] [debug] <--[C271] DL_GetCount
[0000546] [13:53:44:968750] [Tid0x00001a5c] [debug] -->[C272] DL_Rom_GetInfoAll #./api/api.cpp (line:2875)
[0000547] [13:53:44:968750] [Tid0x00001a5c] [debug] <--[C272] DL_Rom_GetInfoAll
[0000548] [13:53:44:984375] [Tid0x00001a5c] [debug] -->[C273] DL_Rom_SetEnableAttr #./api/api.cpp (line:2929)
[0000549] [13:53:44:984375] [Tid0x00001a5c] [debug] <--[C273] DL_Rom_SetEnableAttr
[0000550] [13:53:44:984375] [Tid0x00001a5c] [debug] -->[C274] DL_GetCount #./api/api.cpp (line:2710)
[0000551] [13:53:44:984375] [Tid0x00001a5c] [debug] <--[C274] DL_GetCount
[0000552] [13:53:44:984375] [Tid0x00001a5c] [debug] -->[C275] DL_Rom_GetInfoAll #./api/api.cpp (line:2875)
[0000553] [13:53:44:984375] [Tid0x00001a5c] [debug] <--[C275] DL_Rom_GetInfoAll
[0000554] [13:53:44:984375] [Tid0x00001a5c] [debug] -->[C276] DL_Rom_SetEnableAttr #./api/api.cpp (line:2929)
[0000555] [13:53:44:984375] [Tid0x00001a5c] [debug] <--[C276] DL_Rom_SetEnableAttr
[0000556] [13:53:44:984375] [Tid0x00001a5c] [debug] -->[C277] DL_GetCount #./api/api.cpp (line:2710)
[0000557] [13:53:44:984375] [Tid0x00001a5c] [debug] <--[C277] DL_GetCount
[0000558] [13:53:44:984375] [Tid0x00001a5c] [debug] -->[C278] DL_Rom_GetInfoAll #./api/api.cpp (line:2875)
[0000559] [13:53:44:984375] [Tid0x00001a5c] [debug] <--[C278] DL_Rom_GetInfoAll
[0000560] [13:53:45:000000] [Tid0x00001a5c] [debug] -->[C279] DL_Rom_SetEnableAttr #./api/api.cpp (line:2929)
[0000561] [13:53:45:000000] [Tid0x00001a5c] [debug] <--[C279] DL_Rom_SetEnableAttr
[0000562] [13:53:45:000000] [Tid0x00001a5c] [debug] -->[C280] DL_GetCount #./api/api.cpp (line:2710)
[0000563] [13:53:45:000000] [Tid0x00001a5c] [debug] <--[C280] DL_GetCount
[0000564] [13:53:45:000000] [Tid0x00001a5c] [debug] -->[C281] DL_Rom_GetInfoAll #./api/api.cpp (line:2875)
[0000565] [13:53:45:000000] [Tid0x00001a5c] [debug] <--[C281] DL_Rom_GetInfoAll
[0000566] [13:53:45:000000] [Tid0x00001a5c] [debug] -->[C282] DL_Rom_SetEnableAttr #./api/api.cpp (line:2929)
[0000567] [13:53:45:000000] [Tid0x00001a5c] [debug] <--[C282] DL_Rom_SetEnableAttr
[0000568] [13:53:45:000000] [Tid0x00001a5c] [debug] -->[C283] DL_GetCount #./api/api.cpp (line:2710)
[0000569] [13:53:45:000000] [Tid0x00001a5c] [debug] <--[C283] DL_GetCount
[0000570] [13:53:45:000000] [Tid0x00001a5c] [debug] -->[C284] DL_Rom_GetInfoAll #./api/api.cpp (line:2875)
[0000571] [13:53:45:000000] [Tid0x00001a5c] [debug] <--[C284] DL_Rom_GetInfoAll
[0000572] [13:53:45:000000] [Tid0x00001a5c] [debug] -->[C285] DL_Rom_SetEnableAttr #./api/api.cpp (line:2929)
[0000573] [13:53:45:000000] [Tid0x00001a5c] [debug] <--[C285] DL_Rom_SetEnableAttr
[0000574] [13:53:45:000000] [Tid0x00001a5c] [debug] -->[C286] DL_GetCount #./api/api.cpp (line:2710)
[0000575] [13:53:45:015625] [Tid0x00001a5c] [debug] <--[C286] DL_GetCount
[0000576] [13:53:45:015625] [Tid0x00001a5c] [debug] -->[C287] DL_Rom_GetInfoAll #./api/api.cpp (line:2875)
[0000577] [13:53:45:015625] [Tid0x00001a5c] [debug] <--[C287] DL_Rom_GetInfoAll
[0000578] [13:53:45:015625] [Tid0x00001a5c] [debug] -->[C288] DL_Rom_SetEnableAttr #./api/api.cpp (line:2929)
[0000579] [13:53:45:015625] [Tid0x00001a5c] [debug] <--[C288] DL_Rom_SetEnableAttr
[0000580] [13:53:45:015625] [Tid0x00001a5c] [debug] -->[C289] DL_GetCount #./api/api.cpp (line:2710)
[0000581] [13:53:45:015625] [Tid0x00001a5c] [debug] <--[C289] DL_GetCount
[0000582] [13:53:45:015625] [Tid0x00001a5c] [debug] -->[C290] DL_Rom_GetInfoAll #./api/api.cpp (line:2875)
[0000583] [13:53:45:015625] [Tid0x00001a5c] [debug] <--[C290] DL_Rom_GetInfoAll
[0000584] [13:53:45:015625] [Tid0x00001a5c] [debug] -->[C291] DL_Rom_SetEnableAttr #./api/api.cpp (line:2929)
[0000585] [13:53:45:015625] [Tid0x00001a5c] [debug] <--[C291] DL_Rom_SetEnableAttr
[0000586] [13:53:45:015625] [Tid0x00001a5c] [debug] -->[C292] DL_GetCount #./api/api.cpp (line:2710)
[0000587] [13:53:45:015625] [Tid0x00001a5c] [debug] <--[C292] DL_GetCount
[0000588] [13:53:45:015625] [Tid0x00001a5c] [debug] -->[C293] DL_Rom_GetInfoAll #./api/api.cpp (line:2875)
[0000589] [13:53:45:015625] [Tid0x00001a5c] [debug] <--[C293] DL_Rom_GetInfoAll
[0000590] [13:53:45:015625] [Tid0x00001a5c] [debug] -->[C294] DL_Rom_SetEnableAttr #./api/api.cpp (line:2929)
[0000591] [13:53:45:015625] [Tid0x00001a5c] [debug] <--[C294] DL_Rom_SetEnableAttr
[0000592] [13:53:45:015625] [Tid0x00001a5c] [debug] -->[C295] DL_GetCount #./api/api.cpp (line:2710)
[0000593] [13:53:45:015625] [Tid0x00001a5c] [debug] <--[C295] DL_GetCount
[0000594] [13:53:45:015625] [Tid0x00001a5c] [debug] -->[C296] DL_Rom_GetInfoAll #./api/api.cpp (line:2875)
[0000595] [13:53:45:015625] [Tid0x00001a5c] [debug] <--[C296] DL_Rom_GetInfoAll
[0000596] [13:53:45:015625] [Tid0x00001a5c] [debug] -->[C297] DL_Rom_SetEnableAttr #./api/api.cpp (line:2929)
[0000597] [13:53:45:015625] [Tid0x00001a5c] [debug] <--[C297] DL_Rom_SetEnableAttr
[0000598] [13:53:45:015625] [Tid0x00001a5c] [debug] -->[C298] DL_GetCount #./api/api.cpp (line:2710)
[0000599] [13:53:45:015625] [Tid0x00001a5c] [debug] <--[C298] DL_GetCount
[0000600] [13:53:45:015625] [Tid0x00001a5c] [debug] -->[C299] DL_Rom_GetInfoAll #./api/api.cpp (line:2875)
[0000601] [13:53:45:015625] [Tid0x00001a5c] [debug] <--[C299] DL_Rom_GetInfoAll
[0000602] [13:53:45:015625] [Tid0x00001a5c] [debug] -->[C300] DL_Rom_SetEnableAttr #./api/api.cpp (line:2929)
[0000603] [13:53:45:015625] [Tid0x00001a5c] [debug] <--[C300] DL_Rom_SetEnableAttr
[0000604] [13:53:45:031250] [Tid0x00001a5c] [debug] -->[C301] DL_GetCount #./api/api.cpp (line:2710)
[0000605] [13:53:45:031250] [Tid0x00001a5c] [debug] <--[C301] DL_GetCount
[0000606] [13:53:45:031250] [Tid0x00001a5c] [debug] -->[C302] DL_Rom_GetInfoAll #./api/api.cpp (line:2875)
[0000607] [13:53:45:031250] [Tid0x00001a5c] [debug] <--[C302] DL_Rom_GetInfoAll
[0000608] [13:53:45:031250] [Tid0x00001a5c] [debug] -->[C303] DL_Rom_SetEnableAttr #./api/api.cpp (line:2929)
[0000609] [13:53:45:031250] [Tid0x00001a5c] [debug] <--[C303] DL_Rom_SetEnableAttr
[0000610] [13:53:45:031250] [Tid0x00001a5c] [debug] -->[C304] DL_GetCount #./api/api.cpp (line:2710)
[0000611] [13:53:45:031250] [Tid0x00001a5c] [debug] <--[C304] DL_GetCount
[0000612] [13:53:45:031250] [Tid0x00001a5c] [debug] -->[C305] DL_Rom_GetInfoAll #./api/api.cpp (line:2875)
[0000613] [13:53:45:031250] [Tid0x00001a5c] [debug] <--[C305] DL_Rom_GetInfoAll
[0000614] [13:53:45:031250] [Tid0x00001a5c] [debug] -->[C306] DL_Rom_SetEnableAttr #./api/api.cpp (line:2929)
[0000615] [13:53:45:031250] [Tid0x00001a5c] [debug] <--[C306] DL_Rom_SetEnableAttr
[0000616] [13:53:45:031250] [Tid0x00001a5c] [debug] -->[C307] DL_GetCount #./api/api.cpp (line:2710)
[0000617] [13:53:45:031250] [Tid0x00001a5c] [debug] <--[C307] DL_GetCount
[0000618] [13:53:45:031250] [Tid0x00001a5c] [debug] -->[C308] DL_Rom_GetInfoAll #./api/api.cpp (line:2875)
[0000619] [13:53:45:031250] [Tid0x00001a5c] [debug] <--[C308] DL_Rom_GetInfoAll
[0000620] [13:53:45:031250] [Tid0x00001a5c] [debug] -->[C309] DL_Rom_SetEnableAttr #./api/api.cpp (line:2929)
[0000621] [13:53:45:031250] [Tid0x00001a5c] [debug] <--[C309] DL_Rom_SetEnableAttr
[0000622] [13:53:45:046875] [Tid0x00001a5c] [debug] -->[C310] DL_GetCount #./api/api.cpp (line:2710)
[0000623] [13:53:45:046875] [Tid0x00001a5c] [debug] <--[C310] DL_GetCount
[0000624] [13:53:45:046875] [Tid0x00001a5c] [debug] -->[C311] DL_Rom_GetInfoAll #./api/api.cpp (line:2875)
[0000625] [13:53:45:046875] [Tid0x00001a5c] [debug] <--[C311] DL_Rom_GetInfoAll
[0000626] [13:53:45:046875] [Tid0x00001a5c] [debug] -->[C312] DL_Rom_SetEnableAttr #./api/api.cpp (line:2929)
[0000627] [13:53:45:046875] [Tid0x00001a5c] [debug] <--[C312] DL_Rom_SetEnableAttr
[0000628] [13:53:45:046875] [Tid0x00001a5c] [debug] -->[C313] DL_GetCount #./api/api.cpp (line:2710)
[0000629] [13:53:45:046875] [Tid0x00001a5c] [debug] <--[C313] DL_GetCount
[0000630] [13:53:45:046875] [Tid0x00001a5c] [debug] -->[C314] DL_Rom_GetInfoAll #./api/api.cpp (line:2875)
[0000631] [13:53:45:046875] [Tid0x00001a5c] [debug] <--[C314] DL_Rom_GetInfoAll
[0000632] [13:53:45:046875] [Tid0x00001a5c] [debug] -->[C315] DL_Rom_SetEnableAttr #./api/api.cpp (line:2929)
[0000633] [13:53:45:046875] [Tid0x00001a5c] [debug] <--[C315] DL_Rom_SetEnableAttr
[0000634] [13:53:45:046875] [Tid0x00001a5c] [debug] -->[C316] DL_GetCount #./api/api.cpp (line:2710)
[0000635] [13:53:45:046875] [Tid0x00001a5c] [debug] <--[C316] DL_GetCount
[0000636] [13:53:45:046875] [Tid0x00001a5c] [debug] -->[C317] DL_Rom_GetInfoAll #./api/api.cpp (line:2875)
[0000637] [13:53:45:046875] [Tid0x00001a5c] [debug] <--[C317] DL_Rom_GetInfoAll
[0000638] [13:53:45:062500] [Tid0x00001a5c] [debug] -->[C318] DL_Rom_SetEnableAttr #./api/api.cpp (line:2929)
[0000639] [13:53:45:062500] [Tid0x00001a5c] [debug] <--[C318] DL_Rom_SetEnableAttr
[0000640] [13:53:45:062500] [Tid0x00001a5c] [debug] -->[C319] DL_GetCount #./api/api.cpp (line:2710)
[0000641] [13:53:45:062500] [Tid0x00001a5c] [debug] <--[C319] DL_GetCount
[0000642] [13:53:45:062500] [Tid0x00001a5c] [debug] -->[C320] DL_Rom_GetInfoAll #./api/api.cpp (line:2875)
[0000643] [13:53:45:062500] [Tid0x00001a5c] [debug] <--[C320] DL_Rom_GetInfoAll
[0000644] [13:53:45:078125] [Tid0x00001a5c] [debug] -->[C321] DL_Rom_SetEnableAttr #./api/api.cpp (line:2929)
[0000645] [13:53:45:078125] [Tid0x00001a5c] [debug] <--[C321] DL_Rom_SetEnableAttr
[0000646] [13:53:53:921875] [Tid0x00001a5c] [debug] -->[C322] DL_GetCount #./api/api.cpp (line:2710)
[0000647] [13:53:53:921875] [Tid0x00001a5c] [debug] <--[C322] DL_GetCount
[0000648] [13:53:53:921875] [Tid0x00001a5c] [debug] -->[C323] DL_Rom_GetInfoAll #./api/api.cpp (line:2875)
[0000649] [13:53:53:921875] [Tid0x00001a5c] [debug] <--[C323] DL_Rom_GetInfoAll
[0000650] [13:53:53:937500] [Tid0x00001a5c] [debug] -->[C324] DL_GetCount #./api/api.cpp (line:2710)
[0000651] [13:53:53:937500] [Tid0x00001a5c] [debug] <--[C324] DL_GetCount
[0000652] [13:53:53:937500] [Tid0x00001a5c] [debug] -->[C325] DL_Rom_GetInfoAll #./api/api.cpp (line:2875)
[0000653] [13:53:53:937500] [Tid0x00001a5c] [debug] <--[C325] DL_Rom_GetInfoAll
[0000654] [13:54:05:968750] [Tid0x0000202c] [debug] -->[C326] FlashTool_Connect_BROM_ByName #./api/api.cpp (line:2102)
[0000655] [13:54:05:968750] [Tid0x0000202c] [debug] -->[C327] FlashTool_Connect_BROM_Ex #./api/api.cpp (line:1862)
[0000656] [13:54:05:968750] [Tid0x0000202c] [debug] bCheckScatter: 1
[0000657] [13:54:05:968750] [Tid0x0000202c] [debug] have load scatter already
[0000658] [13:54:05:968750] [Tid0x0000202c] [debug] libversion 1
[0000659] [13:54:06:203125] [Tid0x0000202c] [debug] <--[C327] FlashTool_Connect_BROM_Ex
[0000660] [13:54:06:203125] [Tid0x0000202c] [debug] <--[C326] FlashTool_Connect_BROM_ByName
[0000661] [13:54:06:203125] [Tid0x0000202c] [debug] -->[C328] FlashTool_GetBootResult #./api/api.cpp (line:2114)
[0000662] [13:54:06:203125] [Tid0x0000202c] [debug] <--[C328] FlashTool_GetBootResult
[0000663] [13:54:06:203125] [Tid0x0000202c] [debug] -->[C329] FlashTool_Connect_Download_DA #./api/api.cpp (line:2134)
[0000664] [13:54:06:203125] [Tid0x0000202c] [debug] bCheckScatter: 1
[0000665] [13:54:06:750000] [Tid0x0000202c] [debug] <--[C329] FlashTool_Connect_Download_DA
[0000666] [13:54:06:796875] [Tid0x0000202c] [debug] -->[C330] FlashTool_Disconnect #./api/api.cpp (line:1019)
[0000667] [13:54:16:843750] [Tid0x0000202c] [debug] <--[C330] FlashTool_Disconnect
[0000668] [13:54:26:296875] [Tid0x00001a5c] [debug] -->[C331] DL_GetCount #./api/api.cpp (line:2710)
[0000669] [13:54:26:296875] [Tid0x00001a5c] [debug] <--[C331] DL_GetCount
[0000670] [13:54:26:296875] [Tid0x00001a5c] [debug] -->[C332] DL_Rom_GetInfoAll #./api/api.cpp (line:2875)
[0000671] [13:54:26:296875] [Tid0x00001a5c] [debug] <--[C332] DL_Rom_GetInfoAll
[0000672] [13:54:26:296875] [Tid0x00001a5c] [debug] -->[C333] DL_GetCount #./api/api.cpp (line:2710)
[0000673] [13:54:26:296875] [Tid0x00001a5c] [debug] <--[C333] DL_GetCount
[0000674] [13:54:26:296875] [Tid0x00001a5c] [debug] -->[C334] DL_Rom_GetInfoAll #./api/api.cpp (line:2875)
[0000675] [13:54:26:296875] [Tid0x00001a5c] [debug] <--[C334] DL_Rom_GetInfoAll
[0000676] [13:54:41:796875] [Tid0x000026e8] [debug] -->[C335] FlashTool_Connect_BROM_ByName #./api/api.cpp (line:2102)
[0000677] [13:54:41:796875] [Tid0x000026e8] [debug] -->[C336] FlashTool_Connect_BROM_Ex #./api/api.cpp (line:1862)
[0000678] [13:54:41:796875] [Tid0x000026e8] [debug] bCheckScatter: 1
[0000679] [13:54:41:796875] [Tid0x000026e8] [debug] have load scatter already
[0000680] [13:54:41:796875] [Tid0x000026e8] [debug] libversion 1
[0000681] [13:54:41:937500] [Tid0x000026e8] [debug] <--[C336] FlashTool_Connect_BROM_Ex
[0000682] [13:54:41:937500] [Tid0x000026e8] [debug] <--[C335] FlashTool_Connect_BROM_ByName
[0000683] [13:54:41:937500] [Tid0x000026e8] [debug] -->[C337] FlashTool_GetBootResult #./api/api.cpp (line:2114)
[0000684] [13:54:41:937500] [Tid0x000026e8] [debug] <--[C337] FlashTool_GetBootResult
[0000685] [13:54:41:937500] [Tid0x000026e8] [debug] -->[C338] FlashTool_Connect_Download_DA #./api/api.cpp (line:2134)
[0000686] [13:54:41:937500] [Tid0x000026e8] [debug] bCheckScatter: 1
[0000687] [13:54:42:390625] [Tid0x000026e8] [debug] <--[C338] FlashTool_Connect_Download_DA
[0000688] [13:54:42:390625] [Tid0x000026e8] [debug] -->[C339] FlashTool_Disconnect #./api/api.cpp (line:1019)
[0000689] [13:54:52:453125] [Tid0x000026e8] [debug] <--[C339] FlashTool_Disconnect
[0000690] [13:55:21:765625] [Tid0x00001a5c] [debug] -->[C340] DL_GetCount #./api/api.cpp (line:2710)
[0000691] [13:55:21:765625] [Tid0x00001a5c] [debug] <--[C340] DL_GetCount
[0000692] [13:55:21:765625] [Tid0x00001a5c] [debug] -->[C341] DL_Rom_GetInfoAll #./api/api.cpp (line:2875)
[0000693] [13:55:21:765625] [Tid0x00001a5c] [debug] <--[C341] DL_Rom_GetInfoAll
[0000694] [13:55:21:765625] [Tid0x00001a5c] [debug] -->[C342] DL_GetCount #./api/api.cpp (line:2710)
[0000695] [13:55:21:765625] [Tid0x00001a5c] [debug] <--[C342] DL_GetCount
[0000696] [13:55:21:765625] [Tid0x00001a5c] [debug] -->[C343] DL_Rom_GetInfoAll #./api/api.cpp (line:2875)
[0000697] [13:55:21:765625] [Tid0x00001a5c] [debug] <--[C343] DL_Rom_GetInfoAll
[0000698] [13:55:29:984375] [Tid0x00002040] [debug] -->[C344] FlashTool_Connect_BROM_ByName #./api/api.cpp (line:2102)
[0000699] [13:55:29:984375] [Tid0x00002040] [debug] -->[C345] FlashTool_Connect_BROM_Ex #./api/api.cpp (line:1862)
[0000700] [13:55:29:984375] [Tid0x00002040] [debug] bCheckScatter: 1
[0000701] [13:55:29:984375] [Tid0x00002040] [debug] have load scatter already
[0000702] [13:55:29:984375] [Tid0x00002040] [debug] libversion 1
[0000703] [13:55:30:218750] [Tid0x00002040] [debug] <--[C345] FlashTool_Connect_BROM_Ex
[0000704] [13:55:30:218750] [Tid0x00002040] [debug] <--[C344] FlashTool_Connect_BROM_ByName
[0000705] [13:55:30:218750] [Tid0x00002040] [debug] -->[C346] FlashTool_GetBootResult #./api/api.cpp (line:2114)
[0000706] [13:55:30:250000] [Tid0x00002040] [debug] <--[C346] FlashTool_GetBootResult
[0000707] [13:55:30:250000] [Tid0x00002040] [debug] -->[C347] FlashTool_Connect_Download_DA #./api/api.cpp (line:2134)
[0000708] [13:55:30:250000] [Tid0x00002040] [debug] bCheckScatter: 1
[0000709] [13:55:34:437500] [Tid0x00002040] [debug] <--[C347] FlashTool_Connect_Download_DA
[0000710] [13:55:34:437500] [Tid0x00002040] [debug] -->[C348] FlashTool_CheckUSBStatus #./api/api.cpp (line:1140)
[0000711] [13:55:34:453125] [Tid0x00002040] [debug] <--[C348] FlashTool_CheckUSBStatus
[0000712] [13:55:34:453125] [Tid0x00002040] [debug] -->[C349] FlashTool_SetupUSBDL #./api/api.cpp (line:1101)
[0000713] [13:55:34:453125] [Tid0x00002040] [debug] <--[C349] FlashTool_SetupUSBDL
[0000714] [13:59:55:750000] [Tid0x00002040] [debug] -->[C350] FlashTool_CheckUSBStatus #./api/api.cpp (line:1140)
[0000715] [13:59:55:750000] [Tid0x00002040] [debug] <--[C350] FlashTool_CheckUSBStatus
[0000716] [13:59:55:750000] [Tid0x00002040] [debug] -->[C351] FlashTool_Disconnect #./api/api.cpp (line:1019)
[0000717] [14:00:05:750000] [Tid0x00002040] [debug] <--[C351] FlashTool_Disconnect
[0000718] [14:00:12:609375] [Tid0x00001a5c] [debug] -->[C352] DL_Rom_UnloadAll #./api/api.cpp (line:2918)
[0000719] [14:00:12:609375] [Tid0x00001a5c] [debug] <--[C352] DL_Rom_UnloadAll
