[0000001] [19:01:04:890625] [Tid0x00002368] [debug] -->[C1] DL_LoadScatter #./api/api.cpp (line:2601)
[0000002] [19:01:04:953125] [Tid0x00002368] [debug] used lib version: 1
[0000003] [19:01:04:968750] [Tid0x00002368] [debug] <--[C1] DL_LoadScatter
[0000004] [19:01:04:968750] [Tid0x00002368] [debug] -->[C2] DL_AutoLoadRomImages #./api/api.cpp (line:2790)
[0000005] [19:01:05:671875] [Tid0x00002368] [debug] <--[C2] DL_AutoLoadRomImages
[0000006] [19:01:05:703125] [Tid0x00000914] [debug] -->[C3] DL_GetCount #./api/api.cpp (line:2710)
[0000007] [19:01:05:703125] [Tid0x00000914] [debug] <--[C3] DL_GetCount
[0000008] [19:01:05:703125] [Tid0x00000914] [debug] -->[C4] DL_Rom_GetInfoAll #./api/api.cpp (line:2875)
[0000009] [19:01:05:703125] [Tid0x00000914] [debug] <--[C4] DL_Rom_GetInfoAll
[0000010] [19:01:05:718750] [Tid0x00000914] [debug] -->[C5] DL_GetScatterInfo #./api/api.cpp (line:2811)
[0000011] [19:01:05:718750] [Tid0x00000914] [debug] <--[C5] DL_GetScatterInfo
[0000012] [19:01:05:718750] [Tid0x00000914] [debug] -->[C6] DL_GetCount #./api/api.cpp (line:2710)
[0000013] [19:01:05:718750] [Tid0x00000914] [debug] <--[C6] DL_GetCount
[0000014] [19:01:05:718750] [Tid0x00000914] [debug] -->[C7] DL_Rom_GetInfoAll #./api/api.cpp (line:2875)
[0000015] [19:01:05:718750] [Tid0x00000914] [debug] <--[C7] DL_Rom_GetInfoAll
[0000016] [19:01:05:718750] [Tid0x00000914] [debug] -->[C8] DL_Rom_SetEnableAttr #./api/api.cpp (line:2929)
[0000017] [19:01:05:718750] [Tid0x00000914] [debug] <--[C8] DL_Rom_SetEnableAttr
[0000018] [19:01:05:718750] [Tid0x00000914] [debug] -->[C9] DL_GetCount #./api/api.cpp (line:2710)
[0000019] [19:01:05:718750] [Tid0x00000914] [debug] <--[C9] DL_GetCount
[0000020] [19:01:05:718750] [Tid0x00000914] [debug] -->[C10] DL_Rom_GetInfoAll #./api/api.cpp (line:2875)
[0000021] [19:01:05:718750] [Tid0x00000914] [debug] <--[C10] DL_Rom_GetInfoAll
[0000022] [19:01:05:734375] [Tid0x00000914] [debug] -->[C11] DL_Rom_SetEnableAttr #./api/api.cpp (line:2929)
[0000023] [19:01:05:734375] [Tid0x00000914] [debug] <--[C11] DL_Rom_SetEnableAttr
[0000024] [19:01:05:734375] [Tid0x00000914] [debug] -->[C12] DL_GetCount #./api/api.cpp (line:2710)
[0000025] [19:01:05:734375] [Tid0x00000914] [debug] <--[C12] DL_GetCount
[0000026] [19:01:05:734375] [Tid0x00000914] [debug] -->[C13] DL_Rom_GetInfoAll #./api/api.cpp (line:2875)
[0000027] [19:01:05:734375] [Tid0x00000914] [debug] <--[C13] DL_Rom_GetInfoAll
[0000028] [19:01:05:750000] [Tid0x00000914] [debug] -->[C14] DL_Rom_SetEnableAttr #./api/api.cpp (line:2929)
[0000029] [19:01:05:750000] [Tid0x00000914] [debug] <--[C14] DL_Rom_SetEnableAttr
[0000030] [19:01:05:750000] [Tid0x00000914] [debug] -->[C15] DL_GetCount #./api/api.cpp (line:2710)
[0000031] [19:01:05:750000] [Tid0x00000914] [debug] <--[C15] DL_GetCount
[0000032] [19:01:05:750000] [Tid0x00000914] [debug] -->[C16] DL_Rom_GetInfoAll #./api/api.cpp (line:2875)
[0000033] [19:01:05:750000] [Tid0x00000914] [debug] <--[C16] DL_Rom_GetInfoAll
[0000034] [19:01:05:750000] [Tid0x00000914] [debug] -->[C17] DL_Rom_SetEnableAttr #./api/api.cpp (line:2929)
[0000035] [19:01:05:750000] [Tid0x00000914] [debug] <--[C17] DL_Rom_SetEnableAttr
[0000036] [19:01:05:750000] [Tid0x00000914] [debug] -->[C18] DL_GetCount #./api/api.cpp (line:2710)
[0000037] [19:01:05:750000] [Tid0x00000914] [debug] <--[C18] DL_GetCount
[0000038] [19:01:05:750000] [Tid0x00000914] [debug] -->[C19] DL_Rom_GetInfoAll #./api/api.cpp (line:2875)
[0000039] [19:01:05:750000] [Tid0x00000914] [debug] <--[C19] DL_Rom_GetInfoAll
[0000040] [19:01:05:765625] [Tid0x00000914] [debug] -->[C20] DL_Rom_SetEnableAttr #./api/api.cpp (line:2929)
[0000041] [19:01:05:765625] [Tid0x00000914] [debug] <--[C20] DL_Rom_SetEnableAttr
[0000042] [19:01:05:765625] [Tid0x00000914] [debug] -->[C21] DL_GetCount #./api/api.cpp (line:2710)
[0000043] [19:01:05:765625] [Tid0x00000914] [debug] <--[C21] DL_GetCount
[0000044] [19:01:05:765625] [Tid0x00000914] [debug] -->[C22] DL_Rom_GetInfoAll #./api/api.cpp (line:2875)
[0000045] [19:01:05:765625] [Tid0x00000914] [debug] <--[C22] DL_Rom_GetInfoAll
[0000046] [19:01:05:765625] [Tid0x00000914] [debug] -->[C23] DL_Rom_SetEnableAttr #./api/api.cpp (line:2929)
[0000047] [19:01:05:765625] [Tid0x00000914] [debug] <--[C23] DL_Rom_SetEnableAttr
[0000048] [19:01:05:765625] [Tid0x00000914] [debug] -->[C24] DL_GetCount #./api/api.cpp (line:2710)
[0000049] [19:01:05:765625] [Tid0x00000914] [debug] <--[C24] DL_GetCount
[0000050] [19:01:05:765625] [Tid0x00000914] [debug] -->[C25] DL_Rom_GetInfoAll #./api/api.cpp (line:2875)
[0000051] [19:01:05:765625] [Tid0x00000914] [debug] <--[C25] DL_Rom_GetInfoAll
[0000052] [19:01:05:781250] [Tid0x00000914] [debug] -->[C26] DL_Rom_SetEnableAttr #./api/api.cpp (line:2929)
[0000053] [19:01:05:781250] [Tid0x00000914] [debug] <--[C26] DL_Rom_SetEnableAttr
[0000054] [19:01:05:781250] [Tid0x00000914] [debug] -->[C27] DL_GetCount #./api/api.cpp (line:2710)
[0000055] [19:01:05:781250] [Tid0x00000914] [debug] <--[C27] DL_GetCount
[0000056] [19:01:05:781250] [Tid0x00000914] [debug] -->[C28] DL_Rom_GetInfoAll #./api/api.cpp (line:2875)
[0000057] [19:01:05:781250] [Tid0x00000914] [debug] <--[C28] DL_Rom_GetInfoAll
[0000058] [19:01:05:781250] [Tid0x00000914] [debug] -->[C29] DL_Rom_SetEnableAttr #./api/api.cpp (line:2929)
[0000059] [19:01:05:781250] [Tid0x00000914] [debug] <--[C29] DL_Rom_SetEnableAttr
[0000060] [19:01:05:781250] [Tid0x00000914] [debug] -->[C30] DL_GetCount #./api/api.cpp (line:2710)
[0000061] [19:01:05:781250] [Tid0x00000914] [debug] <--[C30] DL_GetCount
[0000062] [19:01:05:781250] [Tid0x00000914] [debug] -->[C31] DL_Rom_GetInfoAll #./api/api.cpp (line:2875)
[0000063] [19:01:05:781250] [Tid0x00000914] [debug] <--[C31] DL_Rom_GetInfoAll
[0000064] [19:01:05:796875] [Tid0x00000914] [debug] -->[C32] DL_Rom_SetEnableAttr #./api/api.cpp (line:2929)
[0000065] [19:01:05:796875] [Tid0x00000914] [debug] <--[C32] DL_Rom_SetEnableAttr
[0000066] [19:01:05:796875] [Tid0x00000914] [debug] -->[C33] DL_GetCount #./api/api.cpp (line:2710)
[0000067] [19:01:05:796875] [Tid0x00000914] [debug] <--[C33] DL_GetCount
[0000068] [19:01:05:796875] [Tid0x00000914] [debug] -->[C34] DL_Rom_GetInfoAll #./api/api.cpp (line:2875)
[0000069] [19:01:05:796875] [Tid0x00000914] [debug] <--[C34] DL_Rom_GetInfoAll
[0000070] [19:01:05:796875] [Tid0x00000914] [debug] -->[C35] DL_Rom_SetEnableAttr #./api/api.cpp (line:2929)
[0000071] [19:01:05:796875] [Tid0x00000914] [debug] <--[C35] DL_Rom_SetEnableAttr
[0000072] [19:01:05:796875] [Tid0x00000914] [debug] -->[C36] DL_GetCount #./api/api.cpp (line:2710)
[0000073] [19:01:05:796875] [Tid0x00000914] [debug] <--[C36] DL_GetCount
[0000074] [19:01:05:796875] [Tid0x00000914] [debug] -->[C37] DL_Rom_GetInfoAll #./api/api.cpp (line:2875)
[0000075] [19:01:05:796875] [Tid0x00000914] [debug] <--[C37] DL_Rom_GetInfoAll
[0000076] [19:01:05:812500] [Tid0x00000914] [debug] -->[C38] DL_Rom_SetEnableAttr #./api/api.cpp (line:2929)
[0000077] [19:01:05:812500] [Tid0x00000914] [debug] <--[C38] DL_Rom_SetEnableAttr
[0000078] [19:01:05:812500] [Tid0x00000914] [debug] -->[C39] DL_SetChecksumLevel #./api/api.cpp (line:2643)
[0000079] [19:01:05:812500] [Tid0x00000914] [debug] <--[C39] DL_SetChecksumLevel
[0000080] [19:01:20:781250] [Tid0x00000914] [debug] -->[C40] DL_GetCount #./api/api.cpp (line:2710)
[0000081] [19:01:20:781250] [Tid0x00000914] [debug] <--[C40] DL_GetCount
[0000082] [19:01:20:781250] [Tid0x00000914] [debug] -->[C41] DL_Rom_GetInfoAll #./api/api.cpp (line:2875)
[0000083] [19:01:20:781250] [Tid0x00000914] [debug] <--[C41] DL_Rom_GetInfoAll
[0000084] [19:01:20:796875] [Tid0x00000914] [debug] -->[C42] DL_GetCount #./api/api.cpp (line:2710)
[0000085] [19:01:20:796875] [Tid0x00000914] [debug] <--[C42] DL_GetCount
[0000086] [19:01:20:796875] [Tid0x00000914] [debug] -->[C43] DL_Rom_GetInfoAll #./api/api.cpp (line:2875)
[0000087] [19:01:20:796875] [Tid0x00000914] [debug] <--[C43] DL_Rom_GetInfoAll
[0000088] [19:01:30:843750] [Tid0x00002138] [debug] -->[C44] FlashTool_Connect_BROM_ByName #./api/api.cpp (line:2102)
[0000089] [19:01:30:843750] [Tid0x00002138] [debug] -->[C45] FlashTool_Connect_BROM_Ex #./api/api.cpp (line:1862)
[0000090] [19:01:30:843750] [Tid0x00002138] [debug] bCheckScatter: 1
[0000091] [19:01:30:843750] [Tid0x00002138] [debug] have load scatter already
[0000092] [19:01:30:843750] [Tid0x00002138] [debug] libversion 1
[0000093] [19:01:30:984375] [Tid0x00002138] [debug] <--[C45] FlashTool_Connect_BROM_Ex
[0000094] [19:01:30:984375] [Tid0x00002138] [debug] <--[C44] FlashTool_Connect_BROM_ByName
[0000095] [19:01:30:984375] [Tid0x00002138] [debug] -->[C46] FlashTool_GetBootResult #./api/api.cpp (line:2114)
[0000096] [19:01:30:984375] [Tid0x00002138] [debug] <--[C46] FlashTool_GetBootResult
[0000097] [19:01:30:984375] [Tid0x00002138] [debug] -->[C47] FlashTool_Connect_Download_DA #./api/api.cpp (line:2134)
[0000098] [19:01:30:984375] [Tid0x00002138] [debug] bCheckScatter: 1
[0000099] [19:01:36:171875] [Tid0x00002138] [debug] <--[C47] FlashTool_Connect_Download_DA
[0000100] [19:01:36:171875] [Tid0x00002138] [debug] -->[C48] FlashTool_CheckUSBStatus #./api/api.cpp (line:1140)
[0000101] [19:01:36:171875] [Tid0x00002138] [debug] <--[C48] FlashTool_CheckUSBStatus
[0000102] [19:01:36:171875] [Tid0x00002138] [debug] -->[C49] FlashTool_SetupUSBDL #./api/api.cpp (line:1101)
[0000103] [19:01:36:171875] [Tid0x00002138] [debug] <--[C49] FlashTool_SetupUSBDL
[0000104] [19:01:38:703125] [Tid0x00002138] [debug] -->[C50] FlashTool_ChangeCOM_Ex #./api/api.cpp (line:1079)
[0000105] [19:01:38:703125] [Tid0x00002138] [debug] <--[C50] FlashTool_ChangeCOM_Ex
[0000106] [19:01:38:703125] [Tid0x00002138] [debug] -->[C51] FlashTool_CheckUSBStatus #./api/api.cpp (line:1140)
[0000107] [19:01:38:703125] [Tid0x00002138] [debug] <--[C51] FlashTool_CheckUSBStatus
[0000108] [19:01:38:703125] [Tid0x00002138] [debug] -->[C52] FlashTool_GetReservedRomSize #./api/api.cpp (line:1663)
[0000109] [19:01:38:718750] [Tid0x00002138] [debug] <--[C52] FlashTool_GetReservedRomSize
[0000110] [19:01:38:718750] [Tid0x00002138] [debug] -->[C53] FlashTool_RomGetCount #./api/api.cpp (line:1688)
[0000111] [19:01:38:718750] [Tid0x00002138] [debug] <--[C53] FlashTool_RomGetCount
[0000112] [19:01:38:718750] [Tid0x00002138] [debug] -->[C54] FlashTool_RomGetInfoAll #./api/api.cpp (line:1705)
[0000113] [19:01:38:718750] [Tid0x00002138] [debug] <--[C54] FlashTool_RomGetInfoAll
[0000114] [19:01:38:718750] [Tid0x00002138] [debug] -->[C55] FlashTool_ReadPartitionCount #./api/api.cpp (line:1619)
[0000115] [19:01:38:750000] [Tid0x00002138] [debug] <--[C55] FlashTool_ReadPartitionCount
[0000116] [19:01:38:750000] [Tid0x00002138] [debug] -->[C56] FlashTool_ReadPartitionInfo #./api/api.cpp (line:1640)
[0000117] [19:01:38:750000] [Tid0x00002138] [debug] <--[C56] FlashTool_ReadPartitionInfo
[0000118] [19:01:38:750000] [Tid0x00002138] [debug] -->[C57] FlashTool_Download #./api/api.cpp (line:1286)
[0000119] [19:07:00:546875] [Tid0x00002138] [debug] <--[C57] FlashTool_Download
[0000120] [19:07:00:546875] [Tid0x00002138] [debug] -->[C58] DL_GetCount #./api/api.cpp (line:2710)
[0000121] [19:07:00:546875] [Tid0x00002138] [debug] <--[C58] DL_GetCount
[0000122] [19:07:00:546875] [Tid0x00002138] [debug] -->[C59] DL_Rom_GetInfoAll #./api/api.cpp (line:2875)
[0000123] [19:07:00:546875] [Tid0x00002138] [debug] <--[C59] DL_Rom_GetInfoAll
[0000124] [19:07:00:546875] [Tid0x00002138] [debug] -->[C60] FlashTool_Disconnect #./api/api.cpp (line:1019)
[0000125] [19:07:00:578125] [Tid0x00002138] [debug] <--[C60] FlashTool_Disconnect
[0000126] [19:32:30:687500] [Tid0x00000914] [debug] -->[C61] DL_Rom_UnloadAll #./api/api.cpp (line:2918)
[0000127] [19:32:30:703125] [Tid0x00000914] [debug] <--[C61] DL_Rom_UnloadAll
