[0000001] [14:10:47:328125] [Tid0x00001588] [debug] -->[C1] DL_LoadScatter #./api/api.cpp (line:2601)
[0000002] [14:10:47:515625] [Tid0x00001588] [debug] used lib version: 1
[0000003] [14:10:47:515625] [Tid0x00001588] [debug] <--[C1] DL_LoadScatter
[0000004] [14:10:47:515625] [Tid0x00001588] [debug] -->[C2] DL_AutoLoadRomImages #./api/api.cpp (line:2790)
[0000005] [14:10:48:390625] [Tid0x00001588] [debug] <--[C2] DL_AutoLoadRomImages
[0000006] [14:10:48:484375] [Tid0x0000144c] [debug] -->[C3] DL_GetCount #./api/api.cpp (line:2710)
[0000007] [14:10:48:484375] [Tid0x0000144c] [debug] <--[C3] DL_GetCount
[0000008] [14:10:48:500000] [Tid0x0000144c] [debug] -->[C4] DL_Rom_GetInfoAll #./api/api.cpp (line:2875)
[0000009] [14:10:48:500000] [Tid0x0000144c] [debug] <--[C4] DL_Rom_GetInfoAll
[0000010] [14:10:48:546875] [Tid0x0000144c] [debug] -->[C5] DL_GetScatterInfo #./api/api.cpp (line:2811)
[0000011] [14:10:48:546875] [Tid0x0000144c] [debug] <--[C5] DL_GetScatterInfo
[0000012] [14:10:48:546875] [Tid0x0000144c] [debug] -->[C6] DL_GetCount #./api/api.cpp (line:2710)
[0000013] [14:10:48:546875] [Tid0x0000144c] [debug] <--[C6] DL_GetCount
[0000014] [14:10:48:546875] [Tid0x0000144c] [debug] -->[C7] DL_Rom_GetInfoAll #./api/api.cpp (line:2875)
[0000015] [14:10:48:546875] [Tid0x0000144c] [debug] <--[C7] DL_Rom_GetInfoAll
[0000016] [14:10:48:562500] [Tid0x0000144c] [debug] -->[C8] DL_Rom_SetEnableAttr #./api/api.cpp (line:2929)
[0000017] [14:10:48:562500] [Tid0x0000144c] [debug] <--[C8] DL_Rom_SetEnableAttr
[0000018] [14:10:48:562500] [Tid0x0000144c] [debug] -->[C9] DL_GetCount #./api/api.cpp (line:2710)
[0000019] [14:10:48:562500] [Tid0x0000144c] [debug] <--[C9] DL_GetCount
[0000020] [14:10:48:562500] [Tid0x0000144c] [debug] -->[C10] DL_Rom_GetInfoAll #./api/api.cpp (line:2875)
[0000021] [14:10:48:562500] [Tid0x0000144c] [debug] <--[C10] DL_Rom_GetInfoAll
[0000022] [14:10:48:562500] [Tid0x0000144c] [debug] -->[C11] DL_Rom_SetEnableAttr #./api/api.cpp (line:2929)
[0000023] [14:10:48:562500] [Tid0x0000144c] [debug] <--[C11] DL_Rom_SetEnableAttr
[0000024] [14:10:48:562500] [Tid0x0000144c] [debug] -->[C12] DL_GetCount #./api/api.cpp (line:2710)
[0000025] [14:10:48:562500] [Tid0x0000144c] [debug] <--[C12] DL_GetCount
[0000026] [14:10:48:562500] [Tid0x0000144c] [debug] -->[C13] DL_Rom_GetInfoAll #./api/api.cpp (line:2875)
[0000027] [14:10:48:562500] [Tid0x0000144c] [debug] <--[C13] DL_Rom_GetInfoAll
[0000028] [14:10:48:578125] [Tid0x0000144c] [debug] -->[C14] DL_Rom_SetEnableAttr #./api/api.cpp (line:2929)
[0000029] [14:10:48:578125] [Tid0x0000144c] [debug] <--[C14] DL_Rom_SetEnableAttr
[0000030] [14:10:48:578125] [Tid0x0000144c] [debug] -->[C15] DL_GetCount #./api/api.cpp (line:2710)
[0000031] [14:10:48:578125] [Tid0x0000144c] [debug] <--[C15] DL_GetCount
[0000032] [14:10:48:578125] [Tid0x0000144c] [debug] -->[C16] DL_Rom_GetInfoAll #./api/api.cpp (line:2875)
[0000033] [14:10:48:578125] [Tid0x0000144c] [debug] <--[C16] DL_Rom_GetInfoAll
[0000034] [14:10:48:578125] [Tid0x0000144c] [debug] -->[C17] DL_Rom_SetEnableAttr #./api/api.cpp (line:2929)
[0000035] [14:10:48:578125] [Tid0x0000144c] [debug] <--[C17] DL_Rom_SetEnableAttr
[0000036] [14:10:48:578125] [Tid0x0000144c] [debug] -->[C18] DL_GetCount #./api/api.cpp (line:2710)
[0000037] [14:10:48:578125] [Tid0x0000144c] [debug] <--[C18] DL_GetCount
[0000038] [14:10:48:578125] [Tid0x0000144c] [debug] -->[C19] DL_Rom_GetInfoAll #./api/api.cpp (line:2875)
[0000039] [14:10:48:578125] [Tid0x0000144c] [debug] <--[C19] DL_Rom_GetInfoAll
[0000040] [14:10:48:593750] [Tid0x0000144c] [debug] -->[C20] DL_Rom_SetEnableAttr #./api/api.cpp (line:2929)
[0000041] [14:10:48:593750] [Tid0x0000144c] [debug] <--[C20] DL_Rom_SetEnableAttr
[0000042] [14:10:48:593750] [Tid0x0000144c] [debug] -->[C21] DL_GetCount #./api/api.cpp (line:2710)
[0000043] [14:10:48:593750] [Tid0x0000144c] [debug] <--[C21] DL_GetCount
[0000044] [14:10:48:593750] [Tid0x0000144c] [debug] -->[C22] DL_Rom_GetInfoAll #./api/api.cpp (line:2875)
[0000045] [14:10:48:593750] [Tid0x0000144c] [debug] <--[C22] DL_Rom_GetInfoAll
[0000046] [14:10:48:640625] [Tid0x0000144c] [debug] -->[C23] DL_Rom_SetEnableAttr #./api/api.cpp (line:2929)
[0000047] [14:10:48:640625] [Tid0x0000144c] [debug] <--[C23] DL_Rom_SetEnableAttr
[0000048] [14:10:48:640625] [Tid0x0000144c] [debug] -->[C24] DL_GetCount #./api/api.cpp (line:2710)
[0000049] [14:10:48:640625] [Tid0x0000144c] [debug] <--[C24] DL_GetCount
[0000050] [14:10:48:640625] [Tid0x0000144c] [debug] -->[C25] DL_Rom_GetInfoAll #./api/api.cpp (line:2875)
[0000051] [14:10:48:640625] [Tid0x0000144c] [debug] <--[C25] DL_Rom_GetInfoAll
[0000052] [14:10:48:640625] [Tid0x0000144c] [debug] -->[C26] DL_Rom_SetEnableAttr #./api/api.cpp (line:2929)
[0000053] [14:10:48:640625] [Tid0x0000144c] [debug] <--[C26] DL_Rom_SetEnableAttr
[0000054] [14:10:48:640625] [Tid0x0000144c] [debug] -->[C27] DL_GetCount #./api/api.cpp (line:2710)
[0000055] [14:10:48:640625] [Tid0x0000144c] [debug] <--[C27] DL_GetCount
[0000056] [14:10:48:640625] [Tid0x0000144c] [debug] -->[C28] DL_Rom_GetInfoAll #./api/api.cpp (line:2875)
[0000057] [14:10:48:640625] [Tid0x0000144c] [debug] <--[C28] DL_Rom_GetInfoAll
[0000058] [14:10:48:656250] [Tid0x0000144c] [debug] -->[C29] DL_Rom_SetEnableAttr #./api/api.cpp (line:2929)
[0000059] [14:10:48:656250] [Tid0x0000144c] [debug] <--[C29] DL_Rom_SetEnableAttr
[0000060] [14:10:48:656250] [Tid0x0000144c] [debug] -->[C30] DL_GetCount #./api/api.cpp (line:2710)
[0000061] [14:10:48:656250] [Tid0x0000144c] [debug] <--[C30] DL_GetCount
[0000062] [14:10:48:656250] [Tid0x0000144c] [debug] -->[C31] DL_Rom_GetInfoAll #./api/api.cpp (line:2875)
[0000063] [14:10:48:656250] [Tid0x0000144c] [debug] <--[C31] DL_Rom_GetInfoAll
[0000064] [14:10:48:656250] [Tid0x0000144c] [debug] -->[C32] DL_Rom_SetEnableAttr #./api/api.cpp (line:2929)
[0000065] [14:10:48:656250] [Tid0x0000144c] [debug] <--[C32] DL_Rom_SetEnableAttr
[0000066] [14:10:48:656250] [Tid0x0000144c] [debug] -->[C33] DL_GetCount #./api/api.cpp (line:2710)
[0000067] [14:10:48:656250] [Tid0x0000144c] [debug] <--[C33] DL_GetCount
[0000068] [14:10:48:656250] [Tid0x0000144c] [debug] -->[C34] DL_Rom_GetInfoAll #./api/api.cpp (line:2875)
[0000069] [14:10:48:656250] [Tid0x0000144c] [debug] <--[C34] DL_Rom_GetInfoAll
[0000070] [14:10:48:671875] [Tid0x0000144c] [debug] -->[C35] DL_Rom_SetEnableAttr #./api/api.cpp (line:2929)
[0000071] [14:10:48:671875] [Tid0x0000144c] [debug] <--[C35] DL_Rom_SetEnableAttr
[0000072] [14:10:48:671875] [Tid0x0000144c] [debug] -->[C36] DL_SetChecksumLevel #./api/api.cpp (line:2643)
[0000073] [14:10:48:671875] [Tid0x0000144c] [debug] <--[C36] DL_SetChecksumLevel
[0000074] [14:11:28:546875] [Tid0x00000794] [debug] -->[C37] DL_LoadScatter #./api/api.cpp (line:2601)
[0000075] [14:11:28:609375] [Tid0x00000794] [debug] used lib version: 1
[0000076] [14:11:28:609375] [Tid0x00000794] [debug] <--[C37] DL_LoadScatter
[0000077] [14:11:28:609375] [Tid0x00000794] [debug] -->[C38] DL_AutoLoadRomImages #./api/api.cpp (line:2790)
[0000078] [14:11:29:046875] [Tid0x00000794] [debug] <--[C38] DL_AutoLoadRomImages
[0000079] [14:11:29:062500] [Tid0x0000144c] [debug] -->[C39] DL_GetCount #./api/api.cpp (line:2710)
[0000080] [14:11:29:062500] [Tid0x0000144c] [debug] <--[C39] DL_GetCount
[0000081] [14:11:29:062500] [Tid0x0000144c] [debug] -->[C40] DL_Rom_GetInfoAll #./api/api.cpp (line:2875)
[0000082] [14:11:29:062500] [Tid0x0000144c] [debug] <--[C40] DL_Rom_GetInfoAll
[0000083] [14:11:29:078125] [Tid0x0000144c] [debug] -->[C41] DL_GetScatterInfo #./api/api.cpp (line:2811)
[0000084] [14:11:29:078125] [Tid0x0000144c] [debug] <--[C41] DL_GetScatterInfo
[0000085] [14:11:29:078125] [Tid0x0000144c] [debug] -->[C42] DL_GetCount #./api/api.cpp (line:2710)
[0000086] [14:11:29:078125] [Tid0x0000144c] [debug] <--[C42] DL_GetCount
[0000087] [14:11:29:078125] [Tid0x0000144c] [debug] -->[C43] DL_Rom_GetInfoAll #./api/api.cpp (line:2875)
[0000088] [14:11:29:078125] [Tid0x0000144c] [debug] <--[C43] DL_Rom_GetInfoAll
[0000089] [14:11:29:078125] [Tid0x0000144c] [debug] -->[C44] DL_Rom_SetEnableAttr #./api/api.cpp (line:2929)
[0000090] [14:11:29:078125] [Tid0x0000144c] [debug] <--[C44] DL_Rom_SetEnableAttr
[0000091] [14:11:29:093750] [Tid0x0000144c] [debug] -->[C45] DL_GetCount #./api/api.cpp (line:2710)
[0000092] [14:11:29:093750] [Tid0x0000144c] [debug] <--[C45] DL_GetCount
[0000093] [14:11:29:093750] [Tid0x0000144c] [debug] -->[C46] DL_Rom_GetInfoAll #./api/api.cpp (line:2875)
[0000094] [14:11:29:093750] [Tid0x0000144c] [debug] <--[C46] DL_Rom_GetInfoAll
[0000095] [14:11:29:109375] [Tid0x0000144c] [debug] -->[C47] DL_Rom_SetEnableAttr #./api/api.cpp (line:2929)
[0000096] [14:11:29:109375] [Tid0x0000144c] [debug] <--[C47] DL_Rom_SetEnableAttr
[0000097] [14:11:29:109375] [Tid0x0000144c] [debug] -->[C48] DL_GetCount #./api/api.cpp (line:2710)
[0000098] [14:11:29:109375] [Tid0x0000144c] [debug] <--[C48] DL_GetCount
[0000099] [14:11:29:109375] [Tid0x0000144c] [debug] -->[C49] DL_Rom_GetInfoAll #./api/api.cpp (line:2875)
[0000100] [14:11:29:109375] [Tid0x0000144c] [debug] <--[C49] DL_Rom_GetInfoAll
[0000101] [14:11:29:125000] [Tid0x0000144c] [debug] -->[C50] DL_Rom_SetEnableAttr #./api/api.cpp (line:2929)
[0000102] [14:11:29:125000] [Tid0x0000144c] [debug] <--[C50] DL_Rom_SetEnableAttr
[0000103] [14:11:29:125000] [Tid0x0000144c] [debug] -->[C51] DL_GetCount #./api/api.cpp (line:2710)
[0000104] [14:11:29:125000] [Tid0x0000144c] [debug] <--[C51] DL_GetCount
[0000105] [14:11:29:125000] [Tid0x0000144c] [debug] -->[C52] DL_Rom_GetInfoAll #./api/api.cpp (line:2875)
[0000106] [14:11:29:125000] [Tid0x0000144c] [debug] <--[C52] DL_Rom_GetInfoAll
[0000107] [14:11:29:140625] [Tid0x0000144c] [debug] -->[C53] DL_Rom_SetEnableAttr #./api/api.cpp (line:2929)
[0000108] [14:11:29:140625] [Tid0x0000144c] [debug] <--[C53] DL_Rom_SetEnableAttr
[0000109] [14:11:29:140625] [Tid0x0000144c] [debug] -->[C54] DL_GetCount #./api/api.cpp (line:2710)
[0000110] [14:11:29:140625] [Tid0x0000144c] [debug] <--[C54] DL_GetCount
[0000111] [14:11:29:140625] [Tid0x0000144c] [debug] -->[C55] DL_Rom_GetInfoAll #./api/api.cpp (line:2875)
[0000112] [14:11:29:140625] [Tid0x0000144c] [debug] <--[C55] DL_Rom_GetInfoAll
[0000113] [14:11:29:156250] [Tid0x0000144c] [debug] -->[C56] DL_Rom_SetEnableAttr #./api/api.cpp (line:2929)
[0000114] [14:11:29:156250] [Tid0x0000144c] [debug] <--[C56] DL_Rom_SetEnableAttr
[0000115] [14:11:29:171875] [Tid0x0000144c] [debug] -->[C57] DL_GetCount #./api/api.cpp (line:2710)
[0000116] [14:11:29:171875] [Tid0x0000144c] [debug] <--[C57] DL_GetCount
[0000117] [14:11:29:171875] [Tid0x0000144c] [debug] -->[C58] DL_Rom_GetInfoAll #./api/api.cpp (line:2875)
[0000118] [14:11:29:171875] [Tid0x0000144c] [debug] <--[C58] DL_Rom_GetInfoAll
[0000119] [14:11:29:171875] [Tid0x0000144c] [debug] -->[C59] DL_Rom_SetEnableAttr #./api/api.cpp (line:2929)
[0000120] [14:11:29:171875] [Tid0x0000144c] [debug] <--[C59] DL_Rom_SetEnableAttr
[0000121] [14:11:29:171875] [Tid0x0000144c] [debug] -->[C60] DL_GetCount #./api/api.cpp (line:2710)
[0000122] [14:11:29:171875] [Tid0x0000144c] [debug] <--[C60] DL_GetCount
[0000123] [14:11:29:171875] [Tid0x0000144c] [debug] -->[C61] DL_Rom_GetInfoAll #./api/api.cpp (line:2875)
[0000124] [14:11:29:171875] [Tid0x0000144c] [debug] <--[C61] DL_Rom_GetInfoAll
[0000125] [14:11:29:187500] [Tid0x0000144c] [debug] -->[C62] DL_Rom_SetEnableAttr #./api/api.cpp (line:2929)
[0000126] [14:11:29:187500] [Tid0x0000144c] [debug] <--[C62] DL_Rom_SetEnableAttr
[0000127] [14:11:29:203125] [Tid0x0000144c] [debug] -->[C63] DL_GetCount #./api/api.cpp (line:2710)
[0000128] [14:11:29:203125] [Tid0x0000144c] [debug] <--[C63] DL_GetCount
[0000129] [14:11:29:203125] [Tid0x0000144c] [debug] -->[C64] DL_Rom_GetInfoAll #./api/api.cpp (line:2875)
[0000130] [14:11:29:203125] [Tid0x0000144c] [debug] <--[C64] DL_Rom_GetInfoAll
[0000131] [14:11:29:203125] [Tid0x0000144c] [debug] -->[C65] DL_Rom_SetEnableAttr #./api/api.cpp (line:2929)
[0000132] [14:11:29:203125] [Tid0x0000144c] [debug] <--[C65] DL_Rom_SetEnableAttr
[0000133] [14:11:29:218750] [Tid0x0000144c] [debug] -->[C66] DL_GetCount #./api/api.cpp (line:2710)
[0000134] [14:11:29:218750] [Tid0x0000144c] [debug] <--[C66] DL_GetCount
[0000135] [14:11:29:218750] [Tid0x0000144c] [debug] -->[C67] DL_Rom_GetInfoAll #./api/api.cpp (line:2875)
[0000136] [14:11:29:218750] [Tid0x0000144c] [debug] <--[C67] DL_Rom_GetInfoAll
[0000137] [14:11:29:234375] [Tid0x0000144c] [debug] -->[C68] DL_Rom_SetEnableAttr #./api/api.cpp (line:2929)
[0000138] [14:11:29:234375] [Tid0x0000144c] [debug] <--[C68] DL_Rom_SetEnableAttr
[0000139] [14:11:29:234375] [Tid0x0000144c] [debug] -->[C69] DL_GetCount #./api/api.cpp (line:2710)
[0000140] [14:11:29:234375] [Tid0x0000144c] [debug] <--[C69] DL_GetCount
[0000141] [14:11:29:234375] [Tid0x0000144c] [debug] -->[C70] DL_Rom_GetInfoAll #./api/api.cpp (line:2875)
[0000142] [14:11:29:234375] [Tid0x0000144c] [debug] <--[C70] DL_Rom_GetInfoAll
[0000143] [14:11:29:250000] [Tid0x0000144c] [debug] -->[C71] DL_Rom_SetEnableAttr #./api/api.cpp (line:2929)
[0000144] [14:11:29:250000] [Tid0x0000144c] [debug] <--[C71] DL_Rom_SetEnableAttr
[0000145] [14:11:29:265625] [Tid0x0000144c] [debug] -->[C72] DL_GetCount #./api/api.cpp (line:2710)
[0000146] [14:11:29:265625] [Tid0x0000144c] [debug] <--[C72] DL_GetCount
[0000147] [14:11:29:265625] [Tid0x0000144c] [debug] -->[C73] DL_Rom_GetInfoAll #./api/api.cpp (line:2875)
[0000148] [14:11:29:265625] [Tid0x0000144c] [debug] <--[C73] DL_Rom_GetInfoAll
[0000149] [14:11:29:265625] [Tid0x0000144c] [debug] -->[C74] DL_Rom_SetEnableAttr #./api/api.cpp (line:2929)
[0000150] [14:11:29:265625] [Tid0x0000144c] [debug] <--[C74] DL_Rom_SetEnableAttr
[0000151] [14:11:29:281250] [Tid0x0000144c] [debug] -->[C75] DL_GetCount #./api/api.cpp (line:2710)
[0000152] [14:11:29:281250] [Tid0x0000144c] [debug] <--[C75] DL_GetCount
[0000153] [14:11:29:281250] [Tid0x0000144c] [debug] -->[C76] DL_Rom_GetInfoAll #./api/api.cpp (line:2875)
[0000154] [14:11:29:281250] [Tid0x0000144c] [debug] <--[C76] DL_Rom_GetInfoAll
[0000155] [14:11:29:296875] [Tid0x0000144c] [debug] -->[C77] DL_Rom_SetEnableAttr #./api/api.cpp (line:2929)
[0000156] [14:11:29:296875] [Tid0x0000144c] [debug] <--[C77] DL_Rom_SetEnableAttr
[0000157] [14:11:29:296875] [Tid0x0000144c] [debug] -->[C78] DL_GetCount #./api/api.cpp (line:2710)
[0000158] [14:11:29:296875] [Tid0x0000144c] [debug] <--[C78] DL_GetCount
[0000159] [14:11:29:296875] [Tid0x0000144c] [debug] -->[C79] DL_Rom_GetInfoAll #./api/api.cpp (line:2875)
[0000160] [14:11:29:296875] [Tid0x0000144c] [debug] <--[C79] DL_Rom_GetInfoAll
[0000161] [14:11:29:296875] [Tid0x0000144c] [debug] -->[C80] DL_Rom_SetEnableAttr #./api/api.cpp (line:2929)
[0000162] [14:11:29:296875] [Tid0x0000144c] [debug] <--[C80] DL_Rom_SetEnableAttr
[0000163] [14:11:29:312500] [Tid0x0000144c] [debug] -->[C81] DL_GetCount #./api/api.cpp (line:2710)
[0000164] [14:11:29:312500] [Tid0x0000144c] [debug] <--[C81] DL_GetCount
[0000165] [14:11:29:312500] [Tid0x0000144c] [debug] -->[C82] DL_Rom_GetInfoAll #./api/api.cpp (line:2875)
[0000166] [14:11:29:312500] [Tid0x0000144c] [debug] <--[C82] DL_Rom_GetInfoAll
[0000167] [14:11:29:328125] [Tid0x0000144c] [debug] -->[C83] DL_Rom_SetEnableAttr #./api/api.cpp (line:2929)
[0000168] [14:11:29:328125] [Tid0x0000144c] [debug] <--[C83] DL_Rom_SetEnableAttr
[0000169] [14:11:29:328125] [Tid0x0000144c] [debug] -->[C84] DL_GetCount #./api/api.cpp (line:2710)
[0000170] [14:11:29:328125] [Tid0x0000144c] [debug] <--[C84] DL_GetCount
[0000171] [14:11:29:328125] [Tid0x0000144c] [debug] -->[C85] DL_Rom_GetInfoAll #./api/api.cpp (line:2875)
[0000172] [14:11:29:328125] [Tid0x0000144c] [debug] <--[C85] DL_Rom_GetInfoAll
[0000173] [14:11:29:343750] [Tid0x0000144c] [debug] -->[C86] DL_Rom_SetEnableAttr #./api/api.cpp (line:2929)
[0000174] [14:11:29:343750] [Tid0x0000144c] [debug] <--[C86] DL_Rom_SetEnableAttr
[0000175] [14:11:29:343750] [Tid0x0000144c] [debug] -->[C87] DL_GetCount #./api/api.cpp (line:2710)
[0000176] [14:11:29:343750] [Tid0x0000144c] [debug] <--[C87] DL_GetCount
[0000177] [14:11:29:343750] [Tid0x0000144c] [debug] -->[C88] DL_Rom_GetInfoAll #./api/api.cpp (line:2875)
[0000178] [14:11:29:343750] [Tid0x0000144c] [debug] <--[C88] DL_Rom_GetInfoAll
[0000179] [14:11:29:359375] [Tid0x0000144c] [debug] -->[C89] DL_Rom_SetEnableAttr #./api/api.cpp (line:2929)
[0000180] [14:11:29:359375] [Tid0x0000144c] [debug] <--[C89] DL_Rom_SetEnableAttr
[0000181] [14:11:29:359375] [Tid0x0000144c] [debug] -->[C90] DL_GetCount #./api/api.cpp (line:2710)
[0000182] [14:11:29:359375] [Tid0x0000144c] [debug] <--[C90] DL_GetCount
[0000183] [14:11:29:359375] [Tid0x0000144c] [debug] -->[C91] DL_Rom_GetInfoAll #./api/api.cpp (line:2875)
[0000184] [14:11:29:359375] [Tid0x0000144c] [debug] <--[C91] DL_Rom_GetInfoAll
[0000185] [14:11:29:375000] [Tid0x0000144c] [debug] -->[C92] DL_Rom_SetEnableAttr #./api/api.cpp (line:2929)
[0000186] [14:11:29:375000] [Tid0x0000144c] [debug] <--[C92] DL_Rom_SetEnableAttr
[0000187] [14:11:29:390625] [Tid0x0000144c] [debug] -->[C93] DL_GetCount #./api/api.cpp (line:2710)
[0000188] [14:11:29:390625] [Tid0x0000144c] [debug] <--[C93] DL_GetCount
[0000189] [14:11:29:390625] [Tid0x0000144c] [debug] -->[C94] DL_Rom_GetInfoAll #./api/api.cpp (line:2875)
[0000190] [14:11:29:390625] [Tid0x0000144c] [debug] <--[C94] DL_Rom_GetInfoAll
[0000191] [14:11:29:390625] [Tid0x0000144c] [debug] -->[C95] DL_Rom_SetEnableAttr #./api/api.cpp (line:2929)
[0000192] [14:11:29:390625] [Tid0x0000144c] [debug] <--[C95] DL_Rom_SetEnableAttr
[0000193] [14:11:29:406250] [Tid0x0000144c] [debug] -->[C96] DL_GetCount #./api/api.cpp (line:2710)
[0000194] [14:11:29:406250] [Tid0x0000144c] [debug] <--[C96] DL_GetCount
[0000195] [14:11:29:406250] [Tid0x0000144c] [debug] -->[C97] DL_Rom_GetInfoAll #./api/api.cpp (line:2875)
[0000196] [14:11:29:406250] [Tid0x0000144c] [debug] <--[C97] DL_Rom_GetInfoAll
[0000197] [14:11:29:421875] [Tid0x0000144c] [debug] -->[C98] DL_Rom_SetEnableAttr #./api/api.cpp (line:2929)
[0000198] [14:11:29:421875] [Tid0x0000144c] [debug] <--[C98] DL_Rom_SetEnableAttr
[0000199] [14:11:29:421875] [Tid0x0000144c] [debug] -->[C99] DL_GetCount #./api/api.cpp (line:2710)
[0000200] [14:11:29:421875] [Tid0x0000144c] [debug] <--[C99] DL_GetCount
[0000201] [14:11:29:421875] [Tid0x0000144c] [debug] -->[C100] DL_Rom_GetInfoAll #./api/api.cpp (line:2875)
[0000202] [14:11:29:421875] [Tid0x0000144c] [debug] <--[C100] DL_Rom_GetInfoAll
[0000203] [14:11:29:421875] [Tid0x0000144c] [debug] -->[C101] DL_Rom_SetEnableAttr #./api/api.cpp (line:2929)
[0000204] [14:11:29:421875] [Tid0x0000144c] [debug] <--[C101] DL_Rom_SetEnableAttr
[0000205] [14:11:29:437500] [Tid0x0000144c] [debug] -->[C102] DL_GetCount #./api/api.cpp (line:2710)
[0000206] [14:11:29:437500] [Tid0x0000144c] [debug] <--[C102] DL_GetCount
[0000207] [14:11:29:437500] [Tid0x0000144c] [debug] -->[C103] DL_Rom_GetInfoAll #./api/api.cpp (line:2875)
[0000208] [14:11:29:437500] [Tid0x0000144c] [debug] <--[C103] DL_Rom_GetInfoAll
[0000209] [14:11:29:453125] [Tid0x0000144c] [debug] -->[C104] DL_Rom_SetEnableAttr #./api/api.cpp (line:2929)
[0000210] [14:11:29:453125] [Tid0x0000144c] [debug] <--[C104] DL_Rom_SetEnableAttr
[0000211] [14:11:29:453125] [Tid0x0000144c] [debug] -->[C105] DL_GetCount #./api/api.cpp (line:2710)
[0000212] [14:11:29:453125] [Tid0x0000144c] [debug] <--[C105] DL_GetCount
[0000213] [14:11:29:453125] [Tid0x0000144c] [debug] -->[C106] DL_Rom_GetInfoAll #./api/api.cpp (line:2875)
[0000214] [14:11:29:453125] [Tid0x0000144c] [debug] <--[C106] DL_Rom_GetInfoAll
[0000215] [14:11:29:468750] [Tid0x0000144c] [debug] -->[C107] DL_Rom_SetEnableAttr #./api/api.cpp (line:2929)
[0000216] [14:11:29:468750] [Tid0x0000144c] [debug] <--[C107] DL_Rom_SetEnableAttr
[0000217] [14:11:29:484375] [Tid0x0000144c] [debug] -->[C108] DL_GetCount #./api/api.cpp (line:2710)
[0000218] [14:11:29:484375] [Tid0x0000144c] [debug] <--[C108] DL_GetCount
[0000219] [14:11:29:484375] [Tid0x0000144c] [debug] -->[C109] DL_Rom_GetInfoAll #./api/api.cpp (line:2875)
[0000220] [14:11:29:484375] [Tid0x0000144c] [debug] <--[C109] DL_Rom_GetInfoAll
[0000221] [14:11:29:484375] [Tid0x0000144c] [debug] -->[C110] DL_Rom_SetEnableAttr #./api/api.cpp (line:2929)
[0000222] [14:11:29:484375] [Tid0x0000144c] [debug] <--[C110] DL_Rom_SetEnableAttr
[0000223] [14:11:29:484375] [Tid0x0000144c] [debug] -->[C111] DL_GetCount #./api/api.cpp (line:2710)
[0000224] [14:11:29:484375] [Tid0x0000144c] [debug] <--[C111] DL_GetCount
[0000225] [14:11:29:484375] [Tid0x0000144c] [debug] -->[C112] DL_Rom_GetInfoAll #./api/api.cpp (line:2875)
[0000226] [14:11:29:484375] [Tid0x0000144c] [debug] <--[C112] DL_Rom_GetInfoAll
[0000227] [14:11:29:500000] [Tid0x0000144c] [debug] -->[C113] DL_Rom_SetEnableAttr #./api/api.cpp (line:2929)
[0000228] [14:11:29:500000] [Tid0x0000144c] [debug] <--[C113] DL_Rom_SetEnableAttr
[0000229] [14:11:29:515625] [Tid0x0000144c] [debug] -->[C114] DL_GetCount #./api/api.cpp (line:2710)
[0000230] [14:11:29:515625] [Tid0x0000144c] [debug] <--[C114] DL_GetCount
[0000231] [14:11:29:515625] [Tid0x0000144c] [debug] -->[C115] DL_Rom_GetInfoAll #./api/api.cpp (line:2875)
[0000232] [14:11:29:515625] [Tid0x0000144c] [debug] <--[C115] DL_Rom_GetInfoAll
[0000233] [14:11:29:515625] [Tid0x0000144c] [debug] -->[C116] DL_Rom_SetEnableAttr #./api/api.cpp (line:2929)
[0000234] [14:11:29:515625] [Tid0x0000144c] [debug] <--[C116] DL_Rom_SetEnableAttr
[0000235] [14:11:29:531250] [Tid0x0000144c] [debug] -->[C117] DL_GetCount #./api/api.cpp (line:2710)
[0000236] [14:11:29:531250] [Tid0x0000144c] [debug] <--[C117] DL_GetCount
[0000237] [14:11:29:531250] [Tid0x0000144c] [debug] -->[C118] DL_Rom_GetInfoAll #./api/api.cpp (line:2875)
[0000238] [14:11:29:531250] [Tid0x0000144c] [debug] <--[C118] DL_Rom_GetInfoAll
[0000239] [14:11:29:531250] [Tid0x0000144c] [debug] -->[C119] DL_Rom_SetEnableAttr #./api/api.cpp (line:2929)
[0000240] [14:11:29:531250] [Tid0x0000144c] [debug] <--[C119] DL_Rom_SetEnableAttr
[0000241] [14:11:29:546875] [Tid0x0000144c] [debug] -->[C120] DL_GetCount #./api/api.cpp (line:2710)
[0000242] [14:11:29:546875] [Tid0x0000144c] [debug] <--[C120] DL_GetCount
[0000243] [14:11:29:546875] [Tid0x0000144c] [debug] -->[C121] DL_Rom_GetInfoAll #./api/api.cpp (line:2875)
[0000244] [14:11:29:546875] [Tid0x0000144c] [debug] <--[C121] DL_Rom_GetInfoAll
[0000245] [14:11:29:562500] [Tid0x0000144c] [debug] -->[C122] DL_Rom_SetEnableAttr #./api/api.cpp (line:2929)
[0000246] [14:11:29:562500] [Tid0x0000144c] [debug] <--[C122] DL_Rom_SetEnableAttr
[0000247] [14:11:29:562500] [Tid0x0000144c] [debug] -->[C123] DL_GetCount #./api/api.cpp (line:2710)
[0000248] [14:11:29:562500] [Tid0x0000144c] [debug] <--[C123] DL_GetCount
[0000249] [14:11:29:562500] [Tid0x0000144c] [debug] -->[C124] DL_Rom_GetInfoAll #./api/api.cpp (line:2875)
[0000250] [14:11:29:562500] [Tid0x0000144c] [debug] <--[C124] DL_Rom_GetInfoAll
[0000251] [14:11:29:562500] [Tid0x0000144c] [debug] -->[C125] DL_Rom_SetEnableAttr #./api/api.cpp (line:2929)
[0000252] [14:11:29:562500] [Tid0x0000144c] [debug] <--[C125] DL_Rom_SetEnableAttr
[0000253] [14:11:29:578125] [Tid0x0000144c] [debug] -->[C126] DL_GetCount #./api/api.cpp (line:2710)
[0000254] [14:11:29:578125] [Tid0x0000144c] [debug] <--[C126] DL_GetCount
[0000255] [14:11:29:578125] [Tid0x0000144c] [debug] -->[C127] DL_Rom_GetInfoAll #./api/api.cpp (line:2875)
[0000256] [14:11:29:578125] [Tid0x0000144c] [debug] <--[C127] DL_Rom_GetInfoAll
[0000257] [14:11:29:593750] [Tid0x0000144c] [debug] -->[C128] DL_Rom_SetEnableAttr #./api/api.cpp (line:2929)
[0000258] [14:11:29:593750] [Tid0x0000144c] [debug] <--[C128] DL_Rom_SetEnableAttr
[0000259] [14:11:29:593750] [Tid0x0000144c] [debug] -->[C129] DL_GetCount #./api/api.cpp (line:2710)
[0000260] [14:11:29:593750] [Tid0x0000144c] [debug] <--[C129] DL_GetCount
[0000261] [14:11:29:593750] [Tid0x0000144c] [debug] -->[C130] DL_Rom_GetInfoAll #./api/api.cpp (line:2875)
[0000262] [14:11:29:609375] [Tid0x0000144c] [debug] <--[C130] DL_Rom_GetInfoAll
[0000263] [14:11:29:609375] [Tid0x0000144c] [debug] -->[C131] DL_Rom_SetEnableAttr #./api/api.cpp (line:2929)
[0000264] [14:11:29:609375] [Tid0x0000144c] [debug] <--[C131] DL_Rom_SetEnableAttr
[0000265] [14:11:29:625000] [Tid0x0000144c] [debug] -->[C132] DL_GetCount #./api/api.cpp (line:2710)
[0000266] [14:11:29:625000] [Tid0x0000144c] [debug] <--[C132] DL_GetCount
[0000267] [14:11:29:625000] [Tid0x0000144c] [debug] -->[C133] DL_Rom_GetInfoAll #./api/api.cpp (line:2875)
[0000268] [14:11:29:625000] [Tid0x0000144c] [debug] <--[C133] DL_Rom_GetInfoAll
[0000269] [14:11:29:625000] [Tid0x0000144c] [debug] -->[C134] DL_Rom_SetEnableAttr #./api/api.cpp (line:2929)
[0000270] [14:11:29:625000] [Tid0x0000144c] [debug] <--[C134] DL_Rom_SetEnableAttr
[0000271] [14:11:29:640625] [Tid0x0000144c] [debug] -->[C135] DL_GetCount #./api/api.cpp (line:2710)
[0000272] [14:11:29:640625] [Tid0x0000144c] [debug] <--[C135] DL_GetCount
[0000273] [14:11:29:640625] [Tid0x0000144c] [debug] -->[C136] DL_Rom_GetInfoAll #./api/api.cpp (line:2875)
[0000274] [14:11:29:640625] [Tid0x0000144c] [debug] <--[C136] DL_Rom_GetInfoAll
[0000275] [14:11:29:640625] [Tid0x0000144c] [debug] -->[C137] DL_Rom_SetEnableAttr #./api/api.cpp (line:2929)
[0000276] [14:11:29:640625] [Tid0x0000144c] [debug] <--[C137] DL_Rom_SetEnableAttr
[0000277] [14:11:29:656250] [Tid0x0000144c] [debug] -->[C138] DL_GetCount #./api/api.cpp (line:2710)
[0000278] [14:11:29:656250] [Tid0x0000144c] [debug] <--[C138] DL_GetCount
[0000279] [14:11:29:656250] [Tid0x0000144c] [debug] -->[C139] DL_Rom_GetInfoAll #./api/api.cpp (line:2875)
[0000280] [14:11:29:656250] [Tid0x0000144c] [debug] <--[C139] DL_Rom_GetInfoAll
[0000281] [14:11:29:671875] [Tid0x0000144c] [debug] -->[C140] DL_Rom_SetEnableAttr #./api/api.cpp (line:2929)
[0000282] [14:11:29:671875] [Tid0x0000144c] [debug] <--[C140] DL_Rom_SetEnableAttr
[0000283] [14:11:29:671875] [Tid0x0000144c] [debug] -->[C141] DL_GetCount #./api/api.cpp (line:2710)
[0000284] [14:11:29:671875] [Tid0x0000144c] [debug] <--[C141] DL_GetCount
[0000285] [14:11:29:671875] [Tid0x0000144c] [debug] -->[C142] DL_Rom_GetInfoAll #./api/api.cpp (line:2875)
[0000286] [14:11:29:671875] [Tid0x0000144c] [debug] <--[C142] DL_Rom_GetInfoAll
[0000287] [14:11:29:687500] [Tid0x0000144c] [debug] -->[C143] DL_Rom_SetEnableAttr #./api/api.cpp (line:2929)
[0000288] [14:11:29:687500] [Tid0x0000144c] [debug] <--[C143] DL_Rom_SetEnableAttr
[0000289] [14:11:29:703125] [Tid0x0000144c] [debug] -->[C144] DL_GetCount #./api/api.cpp (line:2710)
[0000290] [14:11:29:703125] [Tid0x0000144c] [debug] <--[C144] DL_GetCount
[0000291] [14:11:29:703125] [Tid0x0000144c] [debug] -->[C145] DL_Rom_GetInfoAll #./api/api.cpp (line:2875)
[0000292] [14:11:29:703125] [Tid0x0000144c] [debug] <--[C145] DL_Rom_GetInfoAll
[0000293] [14:11:29:718750] [Tid0x0000144c] [debug] -->[C146] DL_Rom_SetEnableAttr #./api/api.cpp (line:2929)
[0000294] [14:11:29:718750] [Tid0x0000144c] [debug] <--[C146] DL_Rom_SetEnableAttr
[0000295] [14:11:29:718750] [Tid0x0000144c] [debug] -->[C147] DL_GetCount #./api/api.cpp (line:2710)
[0000296] [14:11:29:718750] [Tid0x0000144c] [debug] <--[C147] DL_GetCount
[0000297] [14:11:29:718750] [Tid0x0000144c] [debug] -->[C148] DL_Rom_GetInfoAll #./api/api.cpp (line:2875)
[0000298] [14:11:29:718750] [Tid0x0000144c] [debug] <--[C148] DL_Rom_GetInfoAll
[0000299] [14:11:29:718750] [Tid0x0000144c] [debug] -->[C149] DL_Rom_SetEnableAttr #./api/api.cpp (line:2929)
[0000300] [14:11:29:718750] [Tid0x0000144c] [debug] <--[C149] DL_Rom_SetEnableAttr
[0000301] [14:11:29:718750] [Tid0x0000144c] [debug] -->[C150] DL_GetCount #./api/api.cpp (line:2710)
[0000302] [14:11:29:718750] [Tid0x0000144c] [debug] <--[C150] DL_GetCount
[0000303] [14:11:29:718750] [Tid0x0000144c] [debug] -->[C151] DL_Rom_GetInfoAll #./api/api.cpp (line:2875)
[0000304] [14:11:29:718750] [Tid0x0000144c] [debug] <--[C151] DL_Rom_GetInfoAll
[0000305] [14:11:29:734375] [Tid0x0000144c] [debug] -->[C152] DL_Rom_SetEnableAttr #./api/api.cpp (line:2929)
[0000306] [14:11:29:734375] [Tid0x0000144c] [debug] <--[C152] DL_Rom_SetEnableAttr
[0000307] [14:11:29:734375] [Tid0x0000144c] [debug] -->[C153] DL_SetChecksumLevel #./api/api.cpp (line:2643)
[0000308] [14:11:29:734375] [Tid0x0000144c] [debug] <--[C153] DL_SetChecksumLevel
[0000309] [14:12:00:671875] [Tid0x0000144c] [debug] -->[C154] DL_GetCount #./api/api.cpp (line:2710)
[0000310] [14:12:00:671875] [Tid0x0000144c] [debug] <--[C154] DL_GetCount
[0000311] [14:12:00:671875] [Tid0x0000144c] [debug] -->[C155] DL_Rom_GetInfoAll #./api/api.cpp (line:2875)
[0000312] [14:12:00:671875] [Tid0x0000144c] [debug] <--[C155] DL_Rom_GetInfoAll
[0000313] [14:12:00:687500] [Tid0x0000144c] [debug] -->[C156] DL_Rom_SetEnableAttr #./api/api.cpp (line:2929)
[0000314] [14:12:00:687500] [Tid0x0000144c] [debug] <--[C156] DL_Rom_SetEnableAttr
[0000315] [14:12:00:687500] [Tid0x0000144c] [debug] -->[C157] DL_GetCount #./api/api.cpp (line:2710)
[0000316] [14:12:00:687500] [Tid0x0000144c] [debug] <--[C157] DL_GetCount
[0000317] [14:12:00:687500] [Tid0x0000144c] [debug] -->[C158] DL_Rom_GetInfoAll #./api/api.cpp (line:2875)
[0000318] [14:12:00:687500] [Tid0x0000144c] [debug] <--[C158] DL_Rom_GetInfoAll
[0000319] [14:12:00:687500] [Tid0x0000144c] [debug] -->[C159] DL_Rom_SetEnableAttr #./api/api.cpp (line:2929)
[0000320] [14:12:00:687500] [Tid0x0000144c] [debug] <--[C159] DL_Rom_SetEnableAttr
[0000321] [14:12:00:703125] [Tid0x0000144c] [debug] -->[C160] DL_GetCount #./api/api.cpp (line:2710)
[0000322] [14:12:00:703125] [Tid0x0000144c] [debug] <--[C160] DL_GetCount
[0000323] [14:12:00:703125] [Tid0x0000144c] [debug] -->[C161] DL_Rom_GetInfoAll #./api/api.cpp (line:2875)
[0000324] [14:12:00:703125] [Tid0x0000144c] [debug] <--[C161] DL_Rom_GetInfoAll
[0000325] [14:12:00:703125] [Tid0x0000144c] [debug] -->[C162] DL_Rom_SetEnableAttr #./api/api.cpp (line:2929)
[0000326] [14:12:00:703125] [Tid0x0000144c] [debug] <--[C162] DL_Rom_SetEnableAttr
[0000327] [14:12:00:703125] [Tid0x0000144c] [debug] -->[C163] DL_GetCount #./api/api.cpp (line:2710)
[0000328] [14:12:00:703125] [Tid0x0000144c] [debug] <--[C163] DL_GetCount
[0000329] [14:12:00:703125] [Tid0x0000144c] [debug] -->[C164] DL_Rom_GetInfoAll #./api/api.cpp (line:2875)
[0000330] [14:12:00:703125] [Tid0x0000144c] [debug] <--[C164] DL_Rom_GetInfoAll
[0000331] [14:12:00:718750] [Tid0x0000144c] [debug] -->[C165] DL_Rom_SetEnableAttr #./api/api.cpp (line:2929)
[0000332] [14:12:00:718750] [Tid0x0000144c] [debug] <--[C165] DL_Rom_SetEnableAttr
[0000333] [14:12:00:718750] [Tid0x0000144c] [debug] -->[C166] DL_GetCount #./api/api.cpp (line:2710)
[0000334] [14:12:00:718750] [Tid0x0000144c] [debug] <--[C166] DL_GetCount
[0000335] [14:12:00:718750] [Tid0x0000144c] [debug] -->[C167] DL_Rom_GetInfoAll #./api/api.cpp (line:2875)
[0000336] [14:12:00:718750] [Tid0x0000144c] [debug] <--[C167] DL_Rom_GetInfoAll
[0000337] [14:12:00:718750] [Tid0x0000144c] [debug] -->[C168] DL_Rom_SetEnableAttr #./api/api.cpp (line:2929)
[0000338] [14:12:00:718750] [Tid0x0000144c] [debug] <--[C168] DL_Rom_SetEnableAttr
[0000339] [14:12:00:718750] [Tid0x0000144c] [debug] -->[C169] DL_GetCount #./api/api.cpp (line:2710)
[0000340] [14:12:00:718750] [Tid0x0000144c] [debug] <--[C169] DL_GetCount
[0000341] [14:12:00:718750] [Tid0x0000144c] [debug] -->[C170] DL_Rom_GetInfoAll #./api/api.cpp (line:2875)
[0000342] [14:12:00:718750] [Tid0x0000144c] [debug] <--[C170] DL_Rom_GetInfoAll
[0000343] [14:12:00:734375] [Tid0x0000144c] [debug] -->[C171] DL_Rom_SetEnableAttr #./api/api.cpp (line:2929)
[0000344] [14:12:00:734375] [Tid0x0000144c] [debug] <--[C171] DL_Rom_SetEnableAttr
[0000345] [14:12:00:734375] [Tid0x0000144c] [debug] -->[C172] DL_GetCount #./api/api.cpp (line:2710)
[0000346] [14:12:00:734375] [Tid0x0000144c] [debug] <--[C172] DL_GetCount
[0000347] [14:12:00:734375] [Tid0x0000144c] [debug] -->[C173] DL_Rom_GetInfoAll #./api/api.cpp (line:2875)
[0000348] [14:12:00:734375] [Tid0x0000144c] [debug] <--[C173] DL_Rom_GetInfoAll
[0000349] [14:12:00:734375] [Tid0x0000144c] [debug] -->[C174] DL_Rom_SetEnableAttr #./api/api.cpp (line:2929)
[0000350] [14:12:00:734375] [Tid0x0000144c] [debug] <--[C174] DL_Rom_SetEnableAttr
[0000351] [14:12:00:734375] [Tid0x0000144c] [debug] -->[C175] DL_GetCount #./api/api.cpp (line:2710)
[0000352] [14:12:00:734375] [Tid0x0000144c] [debug] <--[C175] DL_GetCount
[0000353] [14:12:00:734375] [Tid0x0000144c] [debug] -->[C176] DL_Rom_GetInfoAll #./api/api.cpp (line:2875)
[0000354] [14:12:00:734375] [Tid0x0000144c] [debug] <--[C176] DL_Rom_GetInfoAll
[0000355] [14:12:00:750000] [Tid0x0000144c] [debug] -->[C177] DL_Rom_SetEnableAttr #./api/api.cpp (line:2929)
[0000356] [14:12:00:750000] [Tid0x0000144c] [debug] <--[C177] DL_Rom_SetEnableAttr
[0000357] [14:12:00:750000] [Tid0x0000144c] [debug] -->[C178] DL_GetCount #./api/api.cpp (line:2710)
[0000358] [14:12:00:750000] [Tid0x0000144c] [debug] <--[C178] DL_GetCount
[0000359] [14:12:00:750000] [Tid0x0000144c] [debug] -->[C179] DL_Rom_GetInfoAll #./api/api.cpp (line:2875)
[0000360] [14:12:00:750000] [Tid0x0000144c] [debug] <--[C179] DL_Rom_GetInfoAll
[0000361] [14:12:00:750000] [Tid0x0000144c] [debug] -->[C180] DL_Rom_SetEnableAttr #./api/api.cpp (line:2929)
[0000362] [14:12:00:750000] [Tid0x0000144c] [debug] <--[C180] DL_Rom_SetEnableAttr
[0000363] [14:12:00:750000] [Tid0x0000144c] [debug] -->[C181] DL_GetCount #./api/api.cpp (line:2710)
[0000364] [14:12:00:750000] [Tid0x0000144c] [debug] <--[C181] DL_GetCount
[0000365] [14:12:00:750000] [Tid0x0000144c] [debug] -->[C182] DL_Rom_GetInfoAll #./api/api.cpp (line:2875)
[0000366] [14:12:00:750000] [Tid0x0000144c] [debug] <--[C182] DL_Rom_GetInfoAll
[0000367] [14:12:00:750000] [Tid0x0000144c] [debug] -->[C183] DL_Rom_SetEnableAttr #./api/api.cpp (line:2929)
[0000368] [14:12:00:750000] [Tid0x0000144c] [debug] <--[C183] DL_Rom_SetEnableAttr
[0000369] [14:12:00:750000] [Tid0x0000144c] [debug] -->[C184] DL_GetCount #./api/api.cpp (line:2710)
[0000370] [14:12:00:750000] [Tid0x0000144c] [debug] <--[C184] DL_GetCount
[0000371] [14:12:00:750000] [Tid0x0000144c] [debug] -->[C185] DL_Rom_GetInfoAll #./api/api.cpp (line:2875)
[0000372] [14:12:00:750000] [Tid0x0000144c] [debug] <--[C185] DL_Rom_GetInfoAll
[0000373] [14:12:00:750000] [Tid0x0000144c] [debug] -->[C186] DL_Rom_SetEnableAttr #./api/api.cpp (line:2929)
[0000374] [14:12:00:750000] [Tid0x0000144c] [debug] <--[C186] DL_Rom_SetEnableAttr
[0000375] [14:12:00:750000] [Tid0x0000144c] [debug] -->[C187] DL_GetCount #./api/api.cpp (line:2710)
[0000376] [14:12:00:750000] [Tid0x0000144c] [debug] <--[C187] DL_GetCount
[0000377] [14:12:00:750000] [Tid0x0000144c] [debug] -->[C188] DL_Rom_GetInfoAll #./api/api.cpp (line:2875)
[0000378] [14:12:00:750000] [Tid0x0000144c] [debug] <--[C188] DL_Rom_GetInfoAll
[0000379] [14:12:00:765625] [Tid0x0000144c] [debug] -->[C189] DL_Rom_SetEnableAttr #./api/api.cpp (line:2929)
[0000380] [14:12:00:765625] [Tid0x0000144c] [debug] <--[C189] DL_Rom_SetEnableAttr
[0000381] [14:12:00:765625] [Tid0x0000144c] [debug] -->[C190] DL_GetCount #./api/api.cpp (line:2710)
[0000382] [14:12:00:765625] [Tid0x0000144c] [debug] <--[C190] DL_GetCount
[0000383] [14:12:00:765625] [Tid0x0000144c] [debug] -->[C191] DL_Rom_GetInfoAll #./api/api.cpp (line:2875)
[0000384] [14:12:00:765625] [Tid0x0000144c] [debug] <--[C191] DL_Rom_GetInfoAll
[0000385] [14:12:00:765625] [Tid0x0000144c] [debug] -->[C192] DL_Rom_SetEnableAttr #./api/api.cpp (line:2929)
[0000386] [14:12:00:765625] [Tid0x0000144c] [debug] <--[C192] DL_Rom_SetEnableAttr
[0000387] [14:12:00:765625] [Tid0x0000144c] [debug] -->[C193] DL_GetCount #./api/api.cpp (line:2710)
[0000388] [14:12:00:765625] [Tid0x0000144c] [debug] <--[C193] DL_GetCount
[0000389] [14:12:00:765625] [Tid0x0000144c] [debug] -->[C194] DL_Rom_GetInfoAll #./api/api.cpp (line:2875)
[0000390] [14:12:00:765625] [Tid0x0000144c] [debug] <--[C194] DL_Rom_GetInfoAll
[0000391] [14:12:00:765625] [Tid0x0000144c] [debug] -->[C195] DL_Rom_SetEnableAttr #./api/api.cpp (line:2929)
[0000392] [14:12:00:765625] [Tid0x0000144c] [debug] <--[C195] DL_Rom_SetEnableAttr
[0000393] [14:12:00:765625] [Tid0x0000144c] [debug] -->[C196] DL_GetCount #./api/api.cpp (line:2710)
[0000394] [14:12:00:765625] [Tid0x0000144c] [debug] <--[C196] DL_GetCount
[0000395] [14:12:00:765625] [Tid0x0000144c] [debug] -->[C197] DL_Rom_GetInfoAll #./api/api.cpp (line:2875)
[0000396] [14:12:00:765625] [Tid0x0000144c] [debug] <--[C197] DL_Rom_GetInfoAll
[0000397] [14:12:00:765625] [Tid0x0000144c] [debug] -->[C198] DL_Rom_SetEnableAttr #./api/api.cpp (line:2929)
[0000398] [14:12:00:765625] [Tid0x0000144c] [debug] <--[C198] DL_Rom_SetEnableAttr
[0000399] [14:12:00:765625] [Tid0x0000144c] [debug] -->[C199] DL_GetCount #./api/api.cpp (line:2710)
[0000400] [14:12:00:765625] [Tid0x0000144c] [debug] <--[C199] DL_GetCount
[0000401] [14:12:00:765625] [Tid0x0000144c] [debug] -->[C200] DL_Rom_GetInfoAll #./api/api.cpp (line:2875)
[0000402] [14:12:00:765625] [Tid0x0000144c] [debug] <--[C200] DL_Rom_GetInfoAll
[0000403] [14:12:00:765625] [Tid0x0000144c] [debug] -->[C201] DL_Rom_SetEnableAttr #./api/api.cpp (line:2929)
[0000404] [14:12:00:765625] [Tid0x0000144c] [debug] <--[C201] DL_Rom_SetEnableAttr
[0000405] [14:12:00:765625] [Tid0x0000144c] [debug] -->[C202] DL_GetCount #./api/api.cpp (line:2710)
[0000406] [14:12:00:765625] [Tid0x0000144c] [debug] <--[C202] DL_GetCount
[0000407] [14:12:00:765625] [Tid0x0000144c] [debug] -->[C203] DL_Rom_GetInfoAll #./api/api.cpp (line:2875)
[0000408] [14:12:00:765625] [Tid0x0000144c] [debug] <--[C203] DL_Rom_GetInfoAll
[0000409] [14:12:00:781250] [Tid0x0000144c] [debug] -->[C204] DL_Rom_SetEnableAttr #./api/api.cpp (line:2929)
[0000410] [14:12:00:781250] [Tid0x0000144c] [debug] <--[C204] DL_Rom_SetEnableAttr
[0000411] [14:12:00:781250] [Tid0x0000144c] [debug] -->[C205] DL_GetCount #./api/api.cpp (line:2710)
[0000412] [14:12:00:781250] [Tid0x0000144c] [debug] <--[C205] DL_GetCount
[0000413] [14:12:00:781250] [Tid0x0000144c] [debug] -->[C206] DL_Rom_GetInfoAll #./api/api.cpp (line:2875)
[0000414] [14:12:00:781250] [Tid0x0000144c] [debug] <--[C206] DL_Rom_GetInfoAll
[0000415] [14:12:00:781250] [Tid0x0000144c] [debug] -->[C207] DL_Rom_SetEnableAttr #./api/api.cpp (line:2929)
[0000416] [14:12:00:781250] [Tid0x0000144c] [debug] <--[C207] DL_Rom_SetEnableAttr
[0000417] [14:12:00:781250] [Tid0x0000144c] [debug] -->[C208] DL_GetCount #./api/api.cpp (line:2710)
[0000418] [14:12:00:781250] [Tid0x0000144c] [debug] <--[C208] DL_GetCount
[0000419] [14:12:00:781250] [Tid0x0000144c] [debug] -->[C209] DL_Rom_GetInfoAll #./api/api.cpp (line:2875)
[0000420] [14:12:00:781250] [Tid0x0000144c] [debug] <--[C209] DL_Rom_GetInfoAll
[0000421] [14:12:00:796875] [Tid0x0000144c] [debug] -->[C210] DL_Rom_SetEnableAttr #./api/api.cpp (line:2929)
[0000422] [14:12:00:796875] [Tid0x0000144c] [debug] <--[C210] DL_Rom_SetEnableAttr
[0000423] [14:12:00:796875] [Tid0x0000144c] [debug] -->[C211] DL_GetCount #./api/api.cpp (line:2710)
[0000424] [14:12:00:796875] [Tid0x0000144c] [debug] <--[C211] DL_GetCount
[0000425] [14:12:00:796875] [Tid0x0000144c] [debug] -->[C212] DL_Rom_GetInfoAll #./api/api.cpp (line:2875)
[0000426] [14:12:00:796875] [Tid0x0000144c] [debug] <--[C212] DL_Rom_GetInfoAll
[0000427] [14:12:00:796875] [Tid0x0000144c] [debug] -->[C213] DL_Rom_SetEnableAttr #./api/api.cpp (line:2929)
[0000428] [14:12:00:796875] [Tid0x0000144c] [debug] <--[C213] DL_Rom_SetEnableAttr
[0000429] [14:12:00:796875] [Tid0x0000144c] [debug] -->[C214] DL_GetCount #./api/api.cpp (line:2710)
[0000430] [14:12:00:796875] [Tid0x0000144c] [debug] <--[C214] DL_GetCount
[0000431] [14:12:00:796875] [Tid0x0000144c] [debug] -->[C215] DL_Rom_GetInfoAll #./api/api.cpp (line:2875)
[0000432] [14:12:00:796875] [Tid0x0000144c] [debug] <--[C215] DL_Rom_GetInfoAll
[0000433] [14:12:00:812500] [Tid0x0000144c] [debug] -->[C216] DL_Rom_SetEnableAttr #./api/api.cpp (line:2929)
[0000434] [14:12:00:812500] [Tid0x0000144c] [debug] <--[C216] DL_Rom_SetEnableAttr
[0000435] [14:12:00:812500] [Tid0x0000144c] [debug] -->[C217] DL_GetCount #./api/api.cpp (line:2710)
[0000436] [14:12:00:812500] [Tid0x0000144c] [debug] <--[C217] DL_GetCount
[0000437] [14:12:00:812500] [Tid0x0000144c] [debug] -->[C218] DL_Rom_GetInfoAll #./api/api.cpp (line:2875)
[0000438] [14:12:00:812500] [Tid0x0000144c] [debug] <--[C218] DL_Rom_GetInfoAll
[0000439] [14:12:00:812500] [Tid0x0000144c] [debug] -->[C219] DL_Rom_SetEnableAttr #./api/api.cpp (line:2929)
[0000440] [14:12:00:812500] [Tid0x0000144c] [debug] <--[C219] DL_Rom_SetEnableAttr
[0000441] [14:12:00:812500] [Tid0x0000144c] [debug] -->[C220] DL_GetCount #./api/api.cpp (line:2710)
[0000442] [14:12:00:812500] [Tid0x0000144c] [debug] <--[C220] DL_GetCount
[0000443] [14:12:00:812500] [Tid0x0000144c] [debug] -->[C221] DL_Rom_GetInfoAll #./api/api.cpp (line:2875)
[0000444] [14:12:00:812500] [Tid0x0000144c] [debug] <--[C221] DL_Rom_GetInfoAll
[0000445] [14:12:00:828125] [Tid0x0000144c] [debug] -->[C222] DL_Rom_SetEnableAttr #./api/api.cpp (line:2929)
[0000446] [14:12:00:828125] [Tid0x0000144c] [debug] <--[C222] DL_Rom_SetEnableAttr
[0000447] [14:12:00:828125] [Tid0x0000144c] [debug] -->[C223] DL_GetCount #./api/api.cpp (line:2710)
[0000448] [14:12:00:828125] [Tid0x0000144c] [debug] <--[C223] DL_GetCount
[0000449] [14:12:00:828125] [Tid0x0000144c] [debug] -->[C224] DL_Rom_GetInfoAll #./api/api.cpp (line:2875)
[0000450] [14:12:00:828125] [Tid0x0000144c] [debug] <--[C224] DL_Rom_GetInfoAll
[0000451] [14:12:00:843750] [Tid0x0000144c] [debug] -->[C225] DL_Rom_SetEnableAttr #./api/api.cpp (line:2929)
[0000452] [14:12:00:843750] [Tid0x0000144c] [debug] <--[C225] DL_Rom_SetEnableAttr
[0000453] [14:12:15:250000] [Tid0x0000144c] [debug] -->[C226] DL_GetCount #./api/api.cpp (line:2710)
[0000454] [14:12:15:250000] [Tid0x0000144c] [debug] <--[C226] DL_GetCount
[0000455] [14:12:15:250000] [Tid0x0000144c] [debug] -->[C227] DL_Rom_GetInfoAll #./api/api.cpp (line:2875)
[0000456] [14:12:15:250000] [Tid0x0000144c] [debug] <--[C227] DL_Rom_GetInfoAll
[0000457] [14:12:15:265625] [Tid0x0000144c] [debug] -->[C228] DL_GetCount #./api/api.cpp (line:2710)
[0000458] [14:12:15:265625] [Tid0x0000144c] [debug] <--[C228] DL_GetCount
[0000459] [14:12:15:265625] [Tid0x0000144c] [debug] -->[C229] DL_Rom_GetInfoAll #./api/api.cpp (line:2875)
[0000460] [14:12:15:265625] [Tid0x0000144c] [debug] <--[C229] DL_Rom_GetInfoAll
[0000461] [14:12:43:125000] [Tid0x00000e90] [debug] -->[C230] FlashTool_Connect_BROM_ByName #./api/api.cpp (line:2102)
[0000462] [14:12:43:125000] [Tid0x00000e90] [debug] -->[C231] FlashTool_Connect_BROM_Ex #./api/api.cpp (line:1862)
[0000463] [14:12:43:125000] [Tid0x00000e90] [debug] bCheckScatter: 1
[0000464] [14:12:43:125000] [Tid0x00000e90] [debug] have load scatter already
[0000465] [14:12:43:125000] [Tid0x00000e90] [debug] libversion 1
[0000466] [14:12:43:296875] [Tid0x00000e90] [debug] <--[C231] FlashTool_Connect_BROM_Ex
[0000467] [14:12:43:296875] [Tid0x00000e90] [debug] <--[C230] FlashTool_Connect_BROM_ByName
[0000468] [14:12:43:296875] [Tid0x00000e90] [debug] -->[C232] FlashTool_GetBootResult #./api/api.cpp (line:2114)
[0000469] [14:12:43:296875] [Tid0x00000e90] [debug] <--[C232] FlashTool_GetBootResult
[0000470] [14:12:43:296875] [Tid0x00000e90] [debug] -->[C233] FlashTool_Connect_Download_DA #./api/api.cpp (line:2134)
[0000471] [14:12:43:296875] [Tid0x00000e90] [debug] bCheckScatter: 1
[0000472] [14:12:46:812500] [Tid0x00000e90] [debug] <--[C233] FlashTool_Connect_Download_DA
[0000473] [14:12:46:812500] [Tid0x00000e90] [debug] -->[C234] FlashTool_CheckUSBStatus #./api/api.cpp (line:1140)
[0000474] [14:12:46:812500] [Tid0x00000e90] [debug] <--[C234] FlashTool_CheckUSBStatus
[0000475] [14:12:46:812500] [Tid0x00000e90] [debug] -->[C235] FlashTool_SetupUSBDL #./api/api.cpp (line:1101)
[0000476] [14:12:46:812500] [Tid0x00000e90] [debug] <--[C235] FlashTool_SetupUSBDL
[0000477] [14:12:50:765625] [Tid0x00000e90] [debug] -->[C236] FlashTool_ChangeCOM_Ex #./api/api.cpp (line:1079)
[0000478] [14:12:50:765625] [Tid0x00000e90] [debug] <--[C236] FlashTool_ChangeCOM_Ex
[0000479] [14:12:50:765625] [Tid0x00000e90] [debug] -->[C237] FlashTool_CheckUSBStatus #./api/api.cpp (line:1140)
[0000480] [14:12:50:765625] [Tid0x00000e90] [debug] <--[C237] FlashTool_CheckUSBStatus
[0000481] [14:12:50:765625] [Tid0x00000e90] [debug] -->[C238] FlashTool_GetReservedRomSize #./api/api.cpp (line:1663)
[0000482] [14:12:50:781250] [Tid0x00000e90] [debug] <--[C238] FlashTool_GetReservedRomSize
[0000483] [14:12:50:781250] [Tid0x00000e90] [debug] -->[C239] FlashTool_Format #./api/api.cpp (line:1332)
[0000484] [14:12:51:000000] [Tid0x00000e90] [debug] <--[C239] FlashTool_Format
[0000485] [14:12:51:000000] [Tid0x00000e90] [debug] -->[C240] FlashTool_GetReservedRomSize #./api/api.cpp (line:1663)
[0000486] [14:12:51:000000] [Tid0x00000e90] [debug] <--[C240] FlashTool_GetReservedRomSize
[0000487] [14:12:51:000000] [Tid0x00000e90] [debug] -->[C241] FlashTool_Format #./api/api.cpp (line:1332)
[0000488] [14:12:51:218750] [Tid0x00000e90] [debug] <--[C241] FlashTool_Format
[0000489] [14:12:51:218750] [Tid0x00000e90] [debug] -->[C242] FlashTool_GetReservedRomSize #./api/api.cpp (line:1663)
[0000490] [14:12:51:218750] [Tid0x00000e90] [debug] <--[C242] FlashTool_GetReservedRomSize
[0000491] [14:12:51:218750] [Tid0x00000e90] [debug] -->[C243] FlashTool_Format #./api/api.cpp (line:1332)
[0000492] [14:12:51:437500] [Tid0x00000e90] [debug] <--[C243] FlashTool_Format
[0000493] [14:12:51:437500] [Tid0x00000e90] [debug] -->[C244] FlashTool_GetReservedRomSize #./api/api.cpp (line:1663)
[0000494] [14:12:51:437500] [Tid0x00000e90] [debug] <--[C244] FlashTool_GetReservedRomSize
[0000495] [14:12:51:437500] [Tid0x00000e90] [debug] -->[C245] FlashTool_Format #./api/api.cpp (line:1332)
[0000496] [14:12:51:937500] [Tid0x00000e90] [debug] <--[C245] FlashTool_Format
[0000497] [14:12:51:937500] [Tid0x00000e90] [debug] -->[C246] FlashTool_Download #./api/api.cpp (line:1286)
[0000498] [14:14:11:968750] [Tid0x00000e90] [debug] <--[C246] FlashTool_Download
[0000499] [14:14:11:968750] [Tid0x00000e90] [debug] -->[C247] DL_GetCount #./api/api.cpp (line:2710)
[0000500] [14:14:11:968750] [Tid0x00000e90] [debug] <--[C247] DL_GetCount
[0000501] [14:14:11:968750] [Tid0x00000e90] [debug] -->[C248] DL_Rom_GetInfoAll #./api/api.cpp (line:2875)
[0000502] [14:14:11:968750] [Tid0x00000e90] [debug] <--[C248] DL_Rom_GetInfoAll
[0000503] [14:14:11:968750] [Tid0x00000e90] [debug] -->[C249] FlashTool_Disconnect #./api/api.cpp (line:1019)
[0000504] [14:14:12:000000] [Tid0x00000e90] [debug] <--[C249] FlashTool_Disconnect
[0000505] [14:16:50:812500] [Tid0x000015d8] [debug] -->[C250] DL_LoadScatter #./api/api.cpp (line:2601)
[0000506] [14:16:50:890625] [Tid0x000015d8] [debug] used lib version: 1
[0000507] [14:16:50:890625] [Tid0x000015d8] [debug] <--[C250] DL_LoadScatter
[0000508] [14:16:50:890625] [Tid0x000015d8] [debug] -->[C251] DL_AutoLoadRomImages #./api/api.cpp (line:2790)
[0000509] [14:16:51:718750] [Tid0x000015d8] [debug] <--[C251] DL_AutoLoadRomImages
[0000510] [14:16:51:828125] [Tid0x0000144c] [debug] -->[C252] DL_GetCount #./api/api.cpp (line:2710)
[0000511] [14:16:51:828125] [Tid0x0000144c] [debug] <--[C252] DL_GetCount
[0000512] [14:16:51:828125] [Tid0x0000144c] [debug] -->[C253] DL_Rom_GetInfoAll #./api/api.cpp (line:2875)
[0000513] [14:16:51:828125] [Tid0x0000144c] [debug] <--[C253] DL_Rom_GetInfoAll
[0000514] [14:16:51:859375] [Tid0x0000144c] [debug] -->[C254] DL_GetScatterInfo #./api/api.cpp (line:2811)
[0000515] [14:16:51:859375] [Tid0x0000144c] [debug] <--[C254] DL_GetScatterInfo
[0000516] [14:16:51:906250] [Tid0x0000144c] [debug] -->[C255] DL_GetCount #./api/api.cpp (line:2710)
[0000517] [14:16:51:906250] [Tid0x0000144c] [debug] <--[C255] DL_GetCount
[0000518] [14:16:51:906250] [Tid0x0000144c] [debug] -->[C256] DL_Rom_GetInfoAll #./api/api.cpp (line:2875)
[0000519] [14:16:51:906250] [Tid0x0000144c] [debug] <--[C256] DL_Rom_GetInfoAll
[0000520] [14:16:51:921875] [Tid0x0000144c] [debug] -->[C257] DL_Rom_SetEnableAttr #./api/api.cpp (line:2929)
[0000521] [14:16:51:921875] [Tid0x0000144c] [debug] <--[C257] DL_Rom_SetEnableAttr
[0000522] [14:16:52:031250] [Tid0x0000144c] [debug] -->[C258] DL_GetCount #./api/api.cpp (line:2710)
[0000523] [14:16:52:031250] [Tid0x0000144c] [debug] <--[C258] DL_GetCount
[0000524] [14:16:52:031250] [Tid0x0000144c] [debug] -->[C259] DL_Rom_GetInfoAll #./api/api.cpp (line:2875)
[0000525] [14:16:52:031250] [Tid0x0000144c] [debug] <--[C259] DL_Rom_GetInfoAll
[0000526] [14:16:52:046875] [Tid0x0000144c] [debug] -->[C260] DL_Rom_SetEnableAttr #./api/api.cpp (line:2929)
[0000527] [14:16:52:046875] [Tid0x0000144c] [debug] <--[C260] DL_Rom_SetEnableAttr
[0000528] [14:16:52:046875] [Tid0x0000144c] [debug] -->[C261] DL_GetCount #./api/api.cpp (line:2710)
[0000529] [14:16:52:046875] [Tid0x0000144c] [debug] <--[C261] DL_GetCount
[0000530] [14:16:52:046875] [Tid0x0000144c] [debug] -->[C262] DL_Rom_GetInfoAll #./api/api.cpp (line:2875)
[0000531] [14:16:52:046875] [Tid0x0000144c] [debug] <--[C262] DL_Rom_GetInfoAll
[0000532] [14:16:52:062500] [Tid0x0000144c] [debug] -->[C263] DL_Rom_SetEnableAttr #./api/api.cpp (line:2929)
[0000533] [14:16:52:062500] [Tid0x0000144c] [debug] <--[C263] DL_Rom_SetEnableAttr
[0000534] [14:16:52:062500] [Tid0x0000144c] [debug] -->[C264] DL_GetCount #./api/api.cpp (line:2710)
[0000535] [14:16:52:062500] [Tid0x0000144c] [debug] <--[C264] DL_GetCount
[0000536] [14:16:52:062500] [Tid0x0000144c] [debug] -->[C265] DL_Rom_GetInfoAll #./api/api.cpp (line:2875)
[0000537] [14:16:52:062500] [Tid0x0000144c] [debug] <--[C265] DL_Rom_GetInfoAll
[0000538] [14:16:52:062500] [Tid0x0000144c] [debug] -->[C266] DL_Rom_SetEnableAttr #./api/api.cpp (line:2929)
[0000539] [14:16:52:062500] [Tid0x0000144c] [debug] <--[C266] DL_Rom_SetEnableAttr
[0000540] [14:16:52:062500] [Tid0x0000144c] [debug] -->[C267] DL_GetCount #./api/api.cpp (line:2710)
[0000541] [14:16:52:062500] [Tid0x0000144c] [debug] <--[C267] DL_GetCount
[0000542] [14:16:52:062500] [Tid0x0000144c] [debug] -->[C268] DL_Rom_GetInfoAll #./api/api.cpp (line:2875)
[0000543] [14:16:52:062500] [Tid0x0000144c] [debug] <--[C268] DL_Rom_GetInfoAll
[0000544] [14:16:52:078125] [Tid0x0000144c] [debug] -->[C269] DL_Rom_SetEnableAttr #./api/api.cpp (line:2929)
[0000545] [14:16:52:078125] [Tid0x0000144c] [debug] <--[C269] DL_Rom_SetEnableAttr
[0000546] [14:16:52:078125] [Tid0x0000144c] [debug] -->[C270] DL_GetCount #./api/api.cpp (line:2710)
[0000547] [14:16:52:078125] [Tid0x0000144c] [debug] <--[C270] DL_GetCount
[0000548] [14:16:52:078125] [Tid0x0000144c] [debug] -->[C271] DL_Rom_GetInfoAll #./api/api.cpp (line:2875)
[0000549] [14:16:52:078125] [Tid0x0000144c] [debug] <--[C271] DL_Rom_GetInfoAll
[0000550] [14:16:52:093750] [Tid0x0000144c] [debug] -->[C272] DL_Rom_SetEnableAttr #./api/api.cpp (line:2929)
[0000551] [14:16:52:093750] [Tid0x0000144c] [debug] <--[C272] DL_Rom_SetEnableAttr
[0000552] [14:16:52:093750] [Tid0x0000144c] [debug] -->[C273] DL_GetCount #./api/api.cpp (line:2710)
[0000553] [14:16:52:093750] [Tid0x0000144c] [debug] <--[C273] DL_GetCount
[0000554] [14:16:52:093750] [Tid0x0000144c] [debug] -->[C274] DL_Rom_GetInfoAll #./api/api.cpp (line:2875)
[0000555] [14:16:52:093750] [Tid0x0000144c] [debug] <--[C274] DL_Rom_GetInfoAll
[0000556] [14:16:52:093750] [Tid0x0000144c] [debug] -->[C275] DL_Rom_SetEnableAttr #./api/api.cpp (line:2929)
[0000557] [14:16:52:093750] [Tid0x0000144c] [debug] <--[C275] DL_Rom_SetEnableAttr
[0000558] [14:16:52:109375] [Tid0x0000144c] [debug] -->[C276] DL_GetCount #./api/api.cpp (line:2710)
[0000559] [14:16:52:109375] [Tid0x0000144c] [debug] <--[C276] DL_GetCount
[0000560] [14:16:52:109375] [Tid0x0000144c] [debug] -->[C277] DL_Rom_GetInfoAll #./api/api.cpp (line:2875)
[0000561] [14:16:52:109375] [Tid0x0000144c] [debug] <--[C277] DL_Rom_GetInfoAll
[0000562] [14:16:52:109375] [Tid0x0000144c] [debug] -->[C278] DL_Rom_SetEnableAttr #./api/api.cpp (line:2929)
[0000563] [14:16:52:109375] [Tid0x0000144c] [debug] <--[C278] DL_Rom_SetEnableAttr
[0000564] [14:16:52:109375] [Tid0x0000144c] [debug] -->[C279] DL_GetCount #./api/api.cpp (line:2710)
[0000565] [14:16:52:109375] [Tid0x0000144c] [debug] <--[C279] DL_GetCount
[0000566] [14:16:52:109375] [Tid0x0000144c] [debug] -->[C280] DL_Rom_GetInfoAll #./api/api.cpp (line:2875)
[0000567] [14:16:52:109375] [Tid0x0000144c] [debug] <--[C280] DL_Rom_GetInfoAll
[0000568] [14:16:52:125000] [Tid0x0000144c] [debug] -->[C281] DL_Rom_SetEnableAttr #./api/api.cpp (line:2929)
[0000569] [14:16:52:125000] [Tid0x0000144c] [debug] <--[C281] DL_Rom_SetEnableAttr
[0000570] [14:16:52:125000] [Tid0x0000144c] [debug] -->[C282] DL_GetCount #./api/api.cpp (line:2710)
[0000571] [14:16:52:125000] [Tid0x0000144c] [debug] <--[C282] DL_GetCount
[0000572] [14:16:52:125000] [Tid0x0000144c] [debug] -->[C283] DL_Rom_GetInfoAll #./api/api.cpp (line:2875)
[0000573] [14:16:52:125000] [Tid0x0000144c] [debug] <--[C283] DL_Rom_GetInfoAll
[0000574] [14:16:52:140625] [Tid0x0000144c] [debug] -->[C284] DL_Rom_SetEnableAttr #./api/api.cpp (line:2929)
[0000575] [14:16:52:140625] [Tid0x0000144c] [debug] <--[C284] DL_Rom_SetEnableAttr
[0000576] [14:16:52:140625] [Tid0x0000144c] [debug] -->[C285] DL_GetCount #./api/api.cpp (line:2710)
[0000577] [14:16:52:140625] [Tid0x0000144c] [debug] <--[C285] DL_GetCount
[0000578] [14:16:52:140625] [Tid0x0000144c] [debug] -->[C286] DL_Rom_GetInfoAll #./api/api.cpp (line:2875)
[0000579] [14:16:52:140625] [Tid0x0000144c] [debug] <--[C286] DL_Rom_GetInfoAll
[0000580] [14:16:52:140625] [Tid0x0000144c] [debug] -->[C287] DL_Rom_SetEnableAttr #./api/api.cpp (line:2929)
[0000581] [14:16:52:140625] [Tid0x0000144c] [debug] <--[C287] DL_Rom_SetEnableAttr
[0000582] [14:16:52:156250] [Tid0x0000144c] [debug] -->[C288] DL_GetCount #./api/api.cpp (line:2710)
[0000583] [14:16:52:156250] [Tid0x0000144c] [debug] <--[C288] DL_GetCount
[0000584] [14:16:52:156250] [Tid0x0000144c] [debug] -->[C289] DL_Rom_GetInfoAll #./api/api.cpp (line:2875)
[0000585] [14:16:52:156250] [Tid0x0000144c] [debug] <--[C289] DL_Rom_GetInfoAll
[0000586] [14:16:52:171875] [Tid0x0000144c] [debug] -->[C290] DL_Rom_SetEnableAttr #./api/api.cpp (line:2929)
[0000587] [14:16:52:171875] [Tid0x0000144c] [debug] <--[C290] DL_Rom_SetEnableAttr
[0000588] [14:16:52:171875] [Tid0x0000144c] [debug] -->[C291] DL_GetCount #./api/api.cpp (line:2710)
[0000589] [14:16:52:171875] [Tid0x0000144c] [debug] <--[C291] DL_GetCount
[0000590] [14:16:52:171875] [Tid0x0000144c] [debug] -->[C292] DL_Rom_GetInfoAll #./api/api.cpp (line:2875)
[0000591] [14:16:52:171875] [Tid0x0000144c] [debug] <--[C292] DL_Rom_GetInfoAll
[0000592] [14:16:52:171875] [Tid0x0000144c] [debug] -->[C293] DL_Rom_SetEnableAttr #./api/api.cpp (line:2929)
[0000593] [14:16:52:171875] [Tid0x0000144c] [debug] <--[C293] DL_Rom_SetEnableAttr
[0000594] [14:16:52:187500] [Tid0x0000144c] [debug] -->[C294] DL_GetCount #./api/api.cpp (line:2710)
[0000595] [14:16:52:187500] [Tid0x0000144c] [debug] <--[C294] DL_GetCount
[0000596] [14:16:52:187500] [Tid0x0000144c] [debug] -->[C295] DL_Rom_GetInfoAll #./api/api.cpp (line:2875)
[0000597] [14:16:52:187500] [Tid0x0000144c] [debug] <--[C295] DL_Rom_GetInfoAll
[0000598] [14:16:52:187500] [Tid0x0000144c] [debug] -->[C296] DL_Rom_SetEnableAttr #./api/api.cpp (line:2929)
[0000599] [14:16:52:187500] [Tid0x0000144c] [debug] <--[C296] DL_Rom_SetEnableAttr
[0000600] [14:16:52:187500] [Tid0x0000144c] [debug] -->[C297] DL_SetChecksumLevel #./api/api.cpp (line:2643)
[0000601] [14:16:52:187500] [Tid0x0000144c] [debug] <--[C297] DL_SetChecksumLevel
[0000602] [14:17:10:890625] [Tid0x0000144c] [debug] -->[C298] DL_GetCount #./api/api.cpp (line:2710)
[0000603] [14:17:10:890625] [Tid0x0000144c] [debug] <--[C298] DL_GetCount
[0000604] [14:17:10:890625] [Tid0x0000144c] [debug] -->[C299] DL_Rom_GetInfoAll #./api/api.cpp (line:2875)
[0000605] [14:17:10:890625] [Tid0x0000144c] [debug] <--[C299] DL_Rom_GetInfoAll
[0000606] [14:17:10:906250] [Tid0x0000144c] [debug] -->[C300] DL_GetCount #./api/api.cpp (line:2710)
[0000607] [14:17:10:906250] [Tid0x0000144c] [debug] <--[C300] DL_GetCount
[0000608] [14:17:10:906250] [Tid0x0000144c] [debug] -->[C301] DL_Rom_GetInfoAll #./api/api.cpp (line:2875)
[0000609] [14:17:10:906250] [Tid0x0000144c] [debug] <--[C301] DL_Rom_GetInfoAll
[0000610] [14:17:19:937500] [Tid0x0000139c] [debug] -->[C302] FlashTool_Connect_BROM_ByName #./api/api.cpp (line:2102)
[0000611] [14:17:19:937500] [Tid0x0000139c] [debug] -->[C303] FlashTool_Connect_BROM_Ex #./api/api.cpp (line:1862)
[0000612] [14:17:19:937500] [Tid0x0000139c] [debug] bCheckScatter: 1
[0000613] [14:17:19:937500] [Tid0x0000139c] [debug] have load scatter already
[0000614] [14:17:19:937500] [Tid0x0000139c] [debug] libversion 1
[0000615] [14:17:20:140625] [Tid0x0000139c] [debug] <--[C303] FlashTool_Connect_BROM_Ex
[0000616] [14:17:20:140625] [Tid0x0000139c] [debug] <--[C302] FlashTool_Connect_BROM_ByName
[0000617] [14:17:20:140625] [Tid0x0000139c] [debug] -->[C304] FlashTool_GetBootResult #./api/api.cpp (line:2114)
[0000618] [14:17:20:140625] [Tid0x0000139c] [debug] <--[C304] FlashTool_GetBootResult
[0000619] [14:17:20:140625] [Tid0x0000139c] [debug] -->[C305] FlashTool_Connect_Download_DA #./api/api.cpp (line:2134)
[0000620] [14:17:20:140625] [Tid0x0000139c] [debug] bCheckScatter: 1
[0000621] [14:17:23:796875] [Tid0x0000139c] [debug] <--[C305] FlashTool_Connect_Download_DA
[0000622] [14:17:23:796875] [Tid0x0000139c] [debug] -->[C306] FlashTool_CheckUSBStatus #./api/api.cpp (line:1140)
[0000623] [14:17:23:796875] [Tid0x0000139c] [debug] <--[C306] FlashTool_CheckUSBStatus
[0000624] [14:17:23:796875] [Tid0x0000139c] [debug] -->[C307] FlashTool_SetupUSBDL #./api/api.cpp (line:1101)
[0000625] [14:17:23:796875] [Tid0x0000139c] [debug] <--[C307] FlashTool_SetupUSBDL
[0000626] [14:17:26:609375] [Tid0x0000139c] [debug] -->[C308] FlashTool_ChangeCOM_Ex #./api/api.cpp (line:1079)
[0000627] [14:17:26:609375] [Tid0x0000139c] [debug] <--[C308] FlashTool_ChangeCOM_Ex
[0000628] [14:17:26:609375] [Tid0x0000139c] [debug] -->[C309] FlashTool_CheckUSBStatus #./api/api.cpp (line:1140)
[0000629] [14:17:26:609375] [Tid0x0000139c] [debug] <--[C309] FlashTool_CheckUSBStatus
[0000630] [14:17:26:609375] [Tid0x0000139c] [debug] -->[C310] FlashTool_GetReservedRomSize #./api/api.cpp (line:1663)
[0000631] [14:17:26:609375] [Tid0x0000139c] [debug] <--[C310] FlashTool_GetReservedRomSize
[0000632] [14:17:26:625000] [Tid0x0000139c] [debug] -->[C311] FlashTool_RomGetCount #./api/api.cpp (line:1688)
[0000633] [14:17:26:625000] [Tid0x0000139c] [debug] <--[C311] FlashTool_RomGetCount
[0000634] [14:17:26:625000] [Tid0x0000139c] [debug] -->[C312] FlashTool_RomGetInfoAll #./api/api.cpp (line:1705)
[0000635] [14:17:26:625000] [Tid0x0000139c] [debug] <--[C312] FlashTool_RomGetInfoAll
[0000636] [14:17:26:625000] [Tid0x0000139c] [debug] -->[C313] FlashTool_ReadPartitionCount #./api/api.cpp (line:1619)
[0000637] [14:17:26:656250] [Tid0x0000139c] [debug] <--[C313] FlashTool_ReadPartitionCount
[0000638] [14:17:26:656250] [Tid0x0000139c] [debug] -->[C314] FlashTool_ReadPartitionInfo #./api/api.cpp (line:1640)
[0000639] [14:17:26:656250] [Tid0x0000139c] [debug] <--[C314] FlashTool_ReadPartitionInfo
[0000640] [14:17:26:656250] [Tid0x0000139c] [debug] -->[C315] FlashTool_Download #./api/api.cpp (line:1286)
[0000641] [14:18:42:265625] [Tid0x0000139c] [debug] <--[C315] FlashTool_Download
[0000642] [14:18:42:265625] [Tid0x0000139c] [debug] -->[C316] DL_GetCount #./api/api.cpp (line:2710)
[0000643] [14:18:42:265625] [Tid0x0000139c] [debug] <--[C316] DL_GetCount
[0000644] [14:18:42:265625] [Tid0x0000139c] [debug] -->[C317] DL_Rom_GetInfoAll #./api/api.cpp (line:2875)
[0000645] [14:18:42:265625] [Tid0x0000139c] [debug] <--[C317] DL_Rom_GetInfoAll
[0000646] [14:18:42:265625] [Tid0x0000139c] [debug] -->[C318] FlashTool_Disconnect #./api/api.cpp (line:1019)
[0000647] [14:18:42:296875] [Tid0x0000139c] [debug] <--[C318] FlashTool_Disconnect
[0000648] [14:20:58:140625] [Tid0x00000fb8] [debug] -->[C319] DL_LoadScatter #./api/api.cpp (line:2601)
[0000649] [14:20:58:203125] [Tid0x00000fb8] [debug] used lib version: 1
[0000650] [14:20:58:203125] [Tid0x00000fb8] [debug] <--[C319] DL_LoadScatter
[0000651] [14:20:58:203125] [Tid0x00000fb8] [debug] -->[C320] DL_AutoLoadRomImages #./api/api.cpp (line:2790)
[0000652] [14:21:02:140625] [Tid0x00000fb8] [debug] <--[C320] DL_AutoLoadRomImages
[0000653] [14:21:02:156250] [Tid0x0000144c] [debug] -->[C321] DL_GetCount #./api/api.cpp (line:2710)
[0000654] [14:21:02:156250] [Tid0x0000144c] [debug] <--[C321] DL_GetCount
[0000655] [14:21:02:156250] [Tid0x0000144c] [debug] -->[C322] DL_Rom_GetInfoAll #./api/api.cpp (line:2875)
[0000656] [14:21:02:156250] [Tid0x0000144c] [debug] <--[C322] DL_Rom_GetInfoAll
[0000657] [14:21:02:171875] [Tid0x0000144c] [debug] -->[C323] DL_GetScatterInfo #./api/api.cpp (line:2811)
[0000658] [14:21:02:171875] [Tid0x0000144c] [debug] <--[C323] DL_GetScatterInfo
[0000659] [14:21:02:171875] [Tid0x0000144c] [debug] -->[C324] DL_GetCount #./api/api.cpp (line:2710)
[0000660] [14:21:02:171875] [Tid0x0000144c] [debug] <--[C324] DL_GetCount
[0000661] [14:21:02:171875] [Tid0x0000144c] [debug] -->[C325] DL_Rom_GetInfoAll #./api/api.cpp (line:2875)
[0000662] [14:21:02:171875] [Tid0x0000144c] [debug] <--[C325] DL_Rom_GetInfoAll
[0000663] [14:21:02:171875] [Tid0x0000144c] [debug] -->[C326] DL_Rom_SetEnableAttr #./api/api.cpp (line:2929)
[0000664] [14:21:02:171875] [Tid0x0000144c] [debug] <--[C326] DL_Rom_SetEnableAttr
[0000665] [14:21:02:187500] [Tid0x0000144c] [debug] -->[C327] DL_GetCount #./api/api.cpp (line:2710)
[0000666] [14:21:02:187500] [Tid0x0000144c] [debug] <--[C327] DL_GetCount
[0000667] [14:21:02:187500] [Tid0x0000144c] [debug] -->[C328] DL_Rom_GetInfoAll #./api/api.cpp (line:2875)
[0000668] [14:21:02:187500] [Tid0x0000144c] [debug] <--[C328] DL_Rom_GetInfoAll
[0000669] [14:21:02:203125] [Tid0x0000144c] [debug] -->[C329] DL_Rom_SetEnableAttr #./api/api.cpp (line:2929)
[0000670] [14:21:02:203125] [Tid0x0000144c] [debug] <--[C329] DL_Rom_SetEnableAttr
[0000671] [14:21:02:203125] [Tid0x0000144c] [debug] -->[C330] DL_GetCount #./api/api.cpp (line:2710)
[0000672] [14:21:02:203125] [Tid0x0000144c] [debug] <--[C330] DL_GetCount
[0000673] [14:21:02:203125] [Tid0x0000144c] [debug] -->[C331] DL_Rom_GetInfoAll #./api/api.cpp (line:2875)
[0000674] [14:21:02:203125] [Tid0x0000144c] [debug] <--[C331] DL_Rom_GetInfoAll
[0000675] [14:21:02:218750] [Tid0x0000144c] [debug] -->[C332] DL_Rom_SetEnableAttr #./api/api.cpp (line:2929)
[0000676] [14:21:02:218750] [Tid0x0000144c] [debug] <--[C332] DL_Rom_SetEnableAttr
[0000677] [14:21:02:218750] [Tid0x0000144c] [debug] -->[C333] DL_GetCount #./api/api.cpp (line:2710)
[0000678] [14:21:02:218750] [Tid0x0000144c] [debug] <--[C333] DL_GetCount
[0000679] [14:21:02:218750] [Tid0x0000144c] [debug] -->[C334] DL_Rom_GetInfoAll #./api/api.cpp (line:2875)
[0000680] [14:21:02:218750] [Tid0x0000144c] [debug] <--[C334] DL_Rom_GetInfoAll
[0000681] [14:21:02:218750] [Tid0x0000144c] [debug] -->[C335] DL_Rom_SetEnableAttr #./api/api.cpp (line:2929)
[0000682] [14:21:02:218750] [Tid0x0000144c] [debug] <--[C335] DL_Rom_SetEnableAttr
[0000683] [14:21:02:218750] [Tid0x0000144c] [debug] -->[C336] DL_GetCount #./api/api.cpp (line:2710)
[0000684] [14:21:02:218750] [Tid0x0000144c] [debug] <--[C336] DL_GetCount
[0000685] [14:21:02:218750] [Tid0x0000144c] [debug] -->[C337] DL_Rom_GetInfoAll #./api/api.cpp (line:2875)
[0000686] [14:21:02:218750] [Tid0x0000144c] [debug] <--[C337] DL_Rom_GetInfoAll
[0000687] [14:21:02:234375] [Tid0x0000144c] [debug] -->[C338] DL_Rom_SetEnableAttr #./api/api.cpp (line:2929)
[0000688] [14:21:02:234375] [Tid0x0000144c] [debug] <--[C338] DL_Rom_SetEnableAttr
[0000689] [14:21:02:234375] [Tid0x0000144c] [debug] -->[C339] DL_GetCount #./api/api.cpp (line:2710)
[0000690] [14:21:02:234375] [Tid0x0000144c] [debug] <--[C339] DL_GetCount
[0000691] [14:21:02:234375] [Tid0x0000144c] [debug] -->[C340] DL_Rom_GetInfoAll #./api/api.cpp (line:2875)
[0000692] [14:21:02:234375] [Tid0x0000144c] [debug] <--[C340] DL_Rom_GetInfoAll
[0000693] [14:21:02:250000] [Tid0x0000144c] [debug] -->[C341] DL_Rom_SetEnableAttr #./api/api.cpp (line:2929)
[0000694] [14:21:02:250000] [Tid0x0000144c] [debug] <--[C341] DL_Rom_SetEnableAttr
[0000695] [14:21:02:250000] [Tid0x0000144c] [debug] -->[C342] DL_GetCount #./api/api.cpp (line:2710)
[0000696] [14:21:02:250000] [Tid0x0000144c] [debug] <--[C342] DL_GetCount
[0000697] [14:21:02:250000] [Tid0x0000144c] [debug] -->[C343] DL_Rom_GetInfoAll #./api/api.cpp (line:2875)
[0000698] [14:21:02:250000] [Tid0x0000144c] [debug] <--[C343] DL_Rom_GetInfoAll
[0000699] [14:21:02:265625] [Tid0x0000144c] [debug] -->[C344] DL_Rom_SetEnableAttr #./api/api.cpp (line:2929)
[0000700] [14:21:02:265625] [Tid0x0000144c] [debug] <--[C344] DL_Rom_SetEnableAttr
[0000701] [14:21:02:265625] [Tid0x0000144c] [debug] -->[C345] DL_GetCount #./api/api.cpp (line:2710)
[0000702] [14:21:02:265625] [Tid0x0000144c] [debug] <--[C345] DL_GetCount
[0000703] [14:21:02:281250] [Tid0x0000144c] [debug] -->[C346] DL_Rom_GetInfoAll #./api/api.cpp (line:2875)
[0000704] [14:21:02:281250] [Tid0x0000144c] [debug] <--[C346] DL_Rom_GetInfoAll
[0000705] [14:21:02:281250] [Tid0x0000144c] [debug] -->[C347] DL_Rom_SetEnableAttr #./api/api.cpp (line:2929)
[0000706] [14:21:02:281250] [Tid0x0000144c] [debug] <--[C347] DL_Rom_SetEnableAttr
[0000707] [14:21:02:281250] [Tid0x0000144c] [debug] -->[C348] DL_GetCount #./api/api.cpp (line:2710)
[0000708] [14:21:02:281250] [Tid0x0000144c] [debug] <--[C348] DL_GetCount
[0000709] [14:21:02:281250] [Tid0x0000144c] [debug] -->[C349] DL_Rom_GetInfoAll #./api/api.cpp (line:2875)
[0000710] [14:21:02:281250] [Tid0x0000144c] [debug] <--[C349] DL_Rom_GetInfoAll
[0000711] [14:21:02:296875] [Tid0x0000144c] [debug] -->[C350] DL_Rom_SetEnableAttr #./api/api.cpp (line:2929)
[0000712] [14:21:02:296875] [Tid0x0000144c] [debug] <--[C350] DL_Rom_SetEnableAttr
[0000713] [14:21:02:296875] [Tid0x0000144c] [debug] -->[C351] DL_GetCount #./api/api.cpp (line:2710)
[0000714] [14:21:02:296875] [Tid0x0000144c] [debug] <--[C351] DL_GetCount
[0000715] [14:21:02:296875] [Tid0x0000144c] [debug] -->[C352] DL_Rom_GetInfoAll #./api/api.cpp (line:2875)
[0000716] [14:21:02:296875] [Tid0x0000144c] [debug] <--[C352] DL_Rom_GetInfoAll
[0000717] [14:21:02:312500] [Tid0x0000144c] [debug] -->[C353] DL_Rom_SetEnableAttr #./api/api.cpp (line:2929)
[0000718] [14:21:02:312500] [Tid0x0000144c] [debug] <--[C353] DL_Rom_SetEnableAttr
[0000719] [14:21:02:312500] [Tid0x0000144c] [debug] -->[C354] DL_GetCount #./api/api.cpp (line:2710)
[0000720] [14:21:02:312500] [Tid0x0000144c] [debug] <--[C354] DL_GetCount
[0000721] [14:21:02:312500] [Tid0x0000144c] [debug] -->[C355] DL_Rom_GetInfoAll #./api/api.cpp (line:2875)
[0000722] [14:21:02:312500] [Tid0x0000144c] [debug] <--[C355] DL_Rom_GetInfoAll
[0000723] [14:21:02:328125] [Tid0x0000144c] [debug] -->[C356] DL_Rom_SetEnableAttr #./api/api.cpp (line:2929)
[0000724] [14:21:02:328125] [Tid0x0000144c] [debug] <--[C356] DL_Rom_SetEnableAttr
[0000725] [14:21:02:343750] [Tid0x0000144c] [debug] -->[C357] DL_GetCount #./api/api.cpp (line:2710)
[0000726] [14:21:02:343750] [Tid0x0000144c] [debug] <--[C357] DL_GetCount
[0000727] [14:21:02:343750] [Tid0x0000144c] [debug] -->[C358] DL_Rom_GetInfoAll #./api/api.cpp (line:2875)
[0000728] [14:21:02:343750] [Tid0x0000144c] [debug] <--[C358] DL_Rom_GetInfoAll
[0000729] [14:21:02:343750] [Tid0x0000144c] [debug] -->[C359] DL_Rom_SetEnableAttr #./api/api.cpp (line:2929)
[0000730] [14:21:02:343750] [Tid0x0000144c] [debug] <--[C359] DL_Rom_SetEnableAttr
[0000731] [14:21:02:343750] [Tid0x0000144c] [debug] -->[C360] DL_GetCount #./api/api.cpp (line:2710)
[0000732] [14:21:02:343750] [Tid0x0000144c] [debug] <--[C360] DL_GetCount
[0000733] [14:21:02:343750] [Tid0x0000144c] [debug] -->[C361] DL_Rom_GetInfoAll #./api/api.cpp (line:2875)
[0000734] [14:21:02:343750] [Tid0x0000144c] [debug] <--[C361] DL_Rom_GetInfoAll
[0000735] [14:21:02:359375] [Tid0x0000144c] [debug] -->[C362] DL_Rom_SetEnableAttr #./api/api.cpp (line:2929)
[0000736] [14:21:02:359375] [Tid0x0000144c] [debug] <--[C362] DL_Rom_SetEnableAttr
[0000737] [14:21:02:359375] [Tid0x0000144c] [debug] -->[C363] DL_GetCount #./api/api.cpp (line:2710)
[0000738] [14:21:02:359375] [Tid0x0000144c] [debug] <--[C363] DL_GetCount
[0000739] [14:21:02:359375] [Tid0x0000144c] [debug] -->[C364] DL_Rom_GetInfoAll #./api/api.cpp (line:2875)
[0000740] [14:21:02:359375] [Tid0x0000144c] [debug] <--[C364] DL_Rom_GetInfoAll
[0000741] [14:21:02:375000] [Tid0x0000144c] [debug] -->[C365] DL_Rom_SetEnableAttr #./api/api.cpp (line:2929)
[0000742] [14:21:02:375000] [Tid0x0000144c] [debug] <--[C365] DL_Rom_SetEnableAttr
[0000743] [14:21:02:375000] [Tid0x0000144c] [debug] -->[C366] DL_SetChecksumLevel #./api/api.cpp (line:2643)
[0000744] [14:21:02:375000] [Tid0x0000144c] [debug] <--[C366] DL_SetChecksumLevel
[0000745] [14:21:03:843750] [Tid0x0000144c] [debug] -->[C367] DL_GetCount #./api/api.cpp (line:2710)
[0000746] [14:21:03:843750] [Tid0x0000144c] [debug] <--[C367] DL_GetCount
[0000747] [14:21:03:843750] [Tid0x0000144c] [debug] -->[C368] DL_Rom_GetInfoAll #./api/api.cpp (line:2875)
[0000748] [14:21:03:843750] [Tid0x0000144c] [debug] <--[C368] DL_Rom_GetInfoAll
[0000749] [14:21:03:859375] [Tid0x0000144c] [debug] -->[C369] DL_GetCount #./api/api.cpp (line:2710)
[0000750] [14:21:03:859375] [Tid0x0000144c] [debug] <--[C369] DL_GetCount
[0000751] [14:21:03:859375] [Tid0x0000144c] [debug] -->[C370] DL_Rom_GetInfoAll #./api/api.cpp (line:2875)
[0000752] [14:21:03:859375] [Tid0x0000144c] [debug] <--[C370] DL_Rom_GetInfoAll
[0000753] [14:21:22:625000] [Tid0x000015dc] [debug] -->[C371] FlashTool_Connect_BROM_ByName #./api/api.cpp (line:2102)
[0000754] [14:21:22:625000] [Tid0x000015dc] [debug] -->[C372] FlashTool_Connect_BROM_Ex #./api/api.cpp (line:1862)
[0000755] [14:21:22:625000] [Tid0x000015dc] [debug] bCheckScatter: 1
[0000756] [14:21:22:625000] [Tid0x000015dc] [debug] have load scatter already
[0000757] [14:21:22:625000] [Tid0x000015dc] [debug] libversion 1
[0000758] [14:21:22:781250] [Tid0x000015dc] [debug] <--[C372] FlashTool_Connect_BROM_Ex
[0000759] [14:21:22:781250] [Tid0x000015dc] [debug] <--[C371] FlashTool_Connect_BROM_ByName
[0000760] [14:21:22:781250] [Tid0x000015dc] [debug] -->[C373] FlashTool_GetBootResult #./api/api.cpp (line:2114)
[0000761] [14:21:22:781250] [Tid0x000015dc] [debug] <--[C373] FlashTool_GetBootResult
[0000762] [14:21:22:781250] [Tid0x000015dc] [debug] -->[C374] FlashTool_Connect_Download_DA #./api/api.cpp (line:2134)
[0000763] [14:21:22:781250] [Tid0x000015dc] [debug] bCheckScatter: 1
[0000764] [14:21:26:406250] [Tid0x000015dc] [debug] <--[C374] FlashTool_Connect_Download_DA
[0000765] [14:21:26:406250] [Tid0x000015dc] [debug] -->[C375] FlashTool_CheckUSBStatus #./api/api.cpp (line:1140)
[0000766] [14:21:26:421875] [Tid0x000015dc] [debug] <--[C375] FlashTool_CheckUSBStatus
[0000767] [14:21:26:421875] [Tid0x000015dc] [debug] -->[C376] FlashTool_SetupUSBDL #./api/api.cpp (line:1101)
[0000768] [14:21:26:421875] [Tid0x000015dc] [debug] <--[C376] FlashTool_SetupUSBDL
[0000769] [14:21:28:906250] [Tid0x000015dc] [debug] -->[C377] FlashTool_ChangeCOM_Ex #./api/api.cpp (line:1079)
[0000770] [14:21:28:906250] [Tid0x000015dc] [debug] <--[C377] FlashTool_ChangeCOM_Ex
[0000771] [14:21:28:906250] [Tid0x000015dc] [debug] -->[C378] FlashTool_CheckUSBStatus #./api/api.cpp (line:1140)
[0000772] [14:21:28:906250] [Tid0x000015dc] [debug] <--[C378] FlashTool_CheckUSBStatus
[0000773] [14:21:28:906250] [Tid0x000015dc] [debug] -->[C379] FlashTool_GetReservedRomSize #./api/api.cpp (line:1663)
[0000774] [14:21:28:906250] [Tid0x000015dc] [debug] <--[C379] FlashTool_GetReservedRomSize
[0000775] [14:21:28:906250] [Tid0x000015dc] [debug] -->[C380] FlashTool_RomGetCount #./api/api.cpp (line:1688)
[0000776] [14:21:28:906250] [Tid0x000015dc] [debug] <--[C380] FlashTool_RomGetCount
[0000777] [14:21:28:906250] [Tid0x000015dc] [debug] -->[C381] FlashTool_RomGetInfoAll #./api/api.cpp (line:1705)
[0000778] [14:21:28:906250] [Tid0x000015dc] [debug] <--[C381] FlashTool_RomGetInfoAll
[0000779] [14:21:28:906250] [Tid0x000015dc] [debug] -->[C382] FlashTool_ReadPartitionCount #./api/api.cpp (line:1619)
[0000780] [14:21:28:937500] [Tid0x000015dc] [debug] <--[C382] FlashTool_ReadPartitionCount
[0000781] [14:21:28:937500] [Tid0x000015dc] [debug] -->[C383] FlashTool_ReadPartitionInfo #./api/api.cpp (line:1640)
[0000782] [14:21:28:937500] [Tid0x000015dc] [debug] <--[C383] FlashTool_ReadPartitionInfo
[0000783] [14:21:28:937500] [Tid0x000015dc] [debug] -->[C384] FlashTool_Download #./api/api.cpp (line:1286)
[0000784] [14:22:44:500000] [Tid0x000015dc] [debug] <--[C384] FlashTool_Download
[0000785] [14:22:44:500000] [Tid0x000015dc] [debug] -->[C385] DL_GetCount #./api/api.cpp (line:2710)
[0000786] [14:22:44:500000] [Tid0x000015dc] [debug] <--[C385] DL_GetCount
[0000787] [14:22:44:500000] [Tid0x000015dc] [debug] -->[C386] DL_Rom_GetInfoAll #./api/api.cpp (line:2875)
[0000788] [14:22:44:500000] [Tid0x000015dc] [debug] <--[C386] DL_Rom_GetInfoAll
[0000789] [14:22:44:500000] [Tid0x000015dc] [debug] -->[C387] FlashTool_Disconnect #./api/api.cpp (line:1019)
[0000790] [14:22:44:531250] [Tid0x000015dc] [debug] <--[C387] FlashTool_Disconnect
[0000791] [14:22:53:640625] [Tid0x0000144c] [debug] -->[C388] DL_GetCount #./api/api.cpp (line:2710)
[0000792] [14:22:53:640625] [Tid0x0000144c] [debug] <--[C388] DL_GetCount
[0000793] [14:22:53:640625] [Tid0x0000144c] [debug] -->[C389] DL_Rom_GetInfoAll #./api/api.cpp (line:2875)
[0000794] [14:22:53:640625] [Tid0x0000144c] [debug] <--[C389] DL_Rom_GetInfoAll
[0000795] [14:22:53:640625] [Tid0x0000144c] [debug] -->[C390] DL_GetCount #./api/api.cpp (line:2710)
[0000796] [14:22:53:640625] [Tid0x0000144c] [debug] <--[C390] DL_GetCount
[0000797] [14:22:53:640625] [Tid0x0000144c] [debug] -->[C391] DL_Rom_GetInfoAll #./api/api.cpp (line:2875)
[0000798] [14:22:53:640625] [Tid0x0000144c] [debug] <--[C391] DL_Rom_GetInfoAll
[0000799] [14:23:04:734375] [Tid0x000017d0] [debug] -->[C392] FlashTool_Disconnect_BROM #./api/api.cpp (line:1037)
[0000800] [14:23:04:734375] [Tid0x000017d0] [debug] <--[C392] FlashTool_Disconnect_BROM
[0000801] [14:23:05:968750] [Tid0x0000144c] [debug] -->[C393] DL_GetCount #./api/api.cpp (line:2710)
[0000802] [14:23:05:968750] [Tid0x0000144c] [debug] <--[C393] DL_GetCount
[0000803] [14:23:05:968750] [Tid0x0000144c] [debug] -->[C394] DL_Rom_GetInfoAll #./api/api.cpp (line:2875)
[0000804] [14:23:05:968750] [Tid0x0000144c] [debug] <--[C394] DL_Rom_GetInfoAll
[0000805] [14:23:05:968750] [Tid0x0000144c] [debug] -->[C395] DL_Rom_SetEnableAttr #./api/api.cpp (line:2929)
[0000806] [14:23:05:968750] [Tid0x0000144c] [debug] <--[C395] DL_Rom_SetEnableAttr
[0000807] [14:23:05:984375] [Tid0x0000144c] [debug] -->[C396] DL_GetCount #./api/api.cpp (line:2710)
[0000808] [14:23:05:984375] [Tid0x0000144c] [debug] <--[C396] DL_GetCount
[0000809] [14:23:05:984375] [Tid0x0000144c] [debug] -->[C397] DL_Rom_GetInfoAll #./api/api.cpp (line:2875)
[0000810] [14:23:05:984375] [Tid0x0000144c] [debug] <--[C397] DL_Rom_GetInfoAll
[0000811] [14:23:05:984375] [Tid0x0000144c] [debug] -->[C398] DL_Rom_SetEnableAttr #./api/api.cpp (line:2929)
[0000812] [14:23:05:984375] [Tid0x0000144c] [debug] <--[C398] DL_Rom_SetEnableAttr
[0000813] [14:23:05:984375] [Tid0x0000144c] [debug] -->[C399] DL_GetCount #./api/api.cpp (line:2710)
[0000814] [14:23:05:984375] [Tid0x0000144c] [debug] <--[C399] DL_GetCount
[0000815] [14:23:05:984375] [Tid0x0000144c] [debug] -->[C400] DL_Rom_GetInfoAll #./api/api.cpp (line:2875)
[0000816] [14:23:05:984375] [Tid0x0000144c] [debug] <--[C400] DL_Rom_GetInfoAll
[0000817] [14:23:06:000000] [Tid0x0000144c] [debug] -->[C401] DL_Rom_SetEnableAttr #./api/api.cpp (line:2929)
[0000818] [14:23:06:000000] [Tid0x0000144c] [debug] <--[C401] DL_Rom_SetEnableAttr
[0000819] [14:23:06:000000] [Tid0x0000144c] [debug] -->[C402] DL_GetCount #./api/api.cpp (line:2710)
[0000820] [14:23:06:000000] [Tid0x0000144c] [debug] <--[C402] DL_GetCount
[0000821] [14:23:06:000000] [Tid0x0000144c] [debug] -->[C403] DL_Rom_GetInfoAll #./api/api.cpp (line:2875)
[0000822] [14:23:06:000000] [Tid0x0000144c] [debug] <--[C403] DL_Rom_GetInfoAll
[0000823] [14:23:06:015625] [Tid0x0000144c] [debug] -->[C404] DL_Rom_SetEnableAttr #./api/api.cpp (line:2929)
[0000824] [14:23:06:015625] [Tid0x0000144c] [debug] <--[C404] DL_Rom_SetEnableAttr
[0000825] [14:23:06:015625] [Tid0x0000144c] [debug] -->[C405] DL_GetCount #./api/api.cpp (line:2710)
[0000826] [14:23:06:015625] [Tid0x0000144c] [debug] <--[C405] DL_GetCount
[0000827] [14:23:06:015625] [Tid0x0000144c] [debug] -->[C406] DL_Rom_GetInfoAll #./api/api.cpp (line:2875)
[0000828] [14:23:06:015625] [Tid0x0000144c] [debug] <--[C406] DL_Rom_GetInfoAll
[0000829] [14:23:06:015625] [Tid0x0000144c] [debug] -->[C407] DL_Rom_SetEnableAttr #./api/api.cpp (line:2929)
[0000830] [14:23:06:015625] [Tid0x0000144c] [debug] <--[C407] DL_Rom_SetEnableAttr
[0000831] [14:23:06:015625] [Tid0x0000144c] [debug] -->[C408] DL_GetCount #./api/api.cpp (line:2710)
[0000832] [14:23:06:015625] [Tid0x0000144c] [debug] <--[C408] DL_GetCount
[0000833] [14:23:06:015625] [Tid0x0000144c] [debug] -->[C409] DL_Rom_GetInfoAll #./api/api.cpp (line:2875)
[0000834] [14:23:06:015625] [Tid0x0000144c] [debug] <--[C409] DL_Rom_GetInfoAll
[0000835] [14:23:06:031250] [Tid0x0000144c] [debug] -->[C410] DL_Rom_SetEnableAttr #./api/api.cpp (line:2929)
[0000836] [14:23:06:031250] [Tid0x0000144c] [debug] <--[C410] DL_Rom_SetEnableAttr
[0000837] [14:23:06:031250] [Tid0x0000144c] [debug] -->[C411] DL_GetCount #./api/api.cpp (line:2710)
[0000838] [14:23:06:031250] [Tid0x0000144c] [debug] <--[C411] DL_GetCount
[0000839] [14:23:06:031250] [Tid0x0000144c] [debug] -->[C412] DL_Rom_GetInfoAll #./api/api.cpp (line:2875)
[0000840] [14:23:06:031250] [Tid0x0000144c] [debug] <--[C412] DL_Rom_GetInfoAll
[0000841] [14:23:06:031250] [Tid0x0000144c] [debug] -->[C413] DL_Rom_SetEnableAttr #./api/api.cpp (line:2929)
[0000842] [14:23:06:031250] [Tid0x0000144c] [debug] <--[C413] DL_Rom_SetEnableAttr
[0000843] [14:23:06:031250] [Tid0x0000144c] [debug] -->[C414] DL_GetCount #./api/api.cpp (line:2710)
[0000844] [14:23:06:031250] [Tid0x0000144c] [debug] <--[C414] DL_GetCount
[0000845] [14:23:06:031250] [Tid0x0000144c] [debug] -->[C415] DL_Rom_GetInfoAll #./api/api.cpp (line:2875)
[0000846] [14:23:06:031250] [Tid0x0000144c] [debug] <--[C415] DL_Rom_GetInfoAll
[0000847] [14:23:06:046875] [Tid0x0000144c] [debug] -->[C416] DL_Rom_SetEnableAttr #./api/api.cpp (line:2929)
[0000848] [14:23:06:046875] [Tid0x0000144c] [debug] <--[C416] DL_Rom_SetEnableAttr
[0000849] [14:23:06:046875] [Tid0x0000144c] [debug] -->[C417] DL_GetCount #./api/api.cpp (line:2710)
[0000850] [14:23:06:046875] [Tid0x0000144c] [debug] <--[C417] DL_GetCount
[0000851] [14:23:06:046875] [Tid0x0000144c] [debug] -->[C418] DL_Rom_GetInfoAll #./api/api.cpp (line:2875)
[0000852] [14:23:06:046875] [Tid0x0000144c] [debug] <--[C418] DL_Rom_GetInfoAll
[0000853] [14:23:06:046875] [Tid0x0000144c] [debug] -->[C419] DL_Rom_SetEnableAttr #./api/api.cpp (line:2929)
[0000854] [14:23:06:046875] [Tid0x0000144c] [debug] <--[C419] DL_Rom_SetEnableAttr
[0000855] [14:23:06:046875] [Tid0x0000144c] [debug] -->[C420] DL_GetCount #./api/api.cpp (line:2710)
[0000856] [14:23:06:046875] [Tid0x0000144c] [debug] <--[C420] DL_GetCount
[0000857] [14:23:06:046875] [Tid0x0000144c] [debug] -->[C421] DL_Rom_GetInfoAll #./api/api.cpp (line:2875)
[0000858] [14:23:06:046875] [Tid0x0000144c] [debug] <--[C421] DL_Rom_GetInfoAll
[0000859] [14:23:06:046875] [Tid0x0000144c] [debug] -->[C422] DL_Rom_SetEnableAttr #./api/api.cpp (line:2929)
[0000860] [14:23:06:046875] [Tid0x0000144c] [debug] <--[C422] DL_Rom_SetEnableAttr
[0000861] [14:23:06:046875] [Tid0x0000144c] [debug] -->[C423] DL_GetCount #./api/api.cpp (line:2710)
[0000862] [14:23:06:046875] [Tid0x0000144c] [debug] <--[C423] DL_GetCount
[0000863] [14:23:06:046875] [Tid0x0000144c] [debug] -->[C424] DL_Rom_GetInfoAll #./api/api.cpp (line:2875)
[0000864] [14:23:06:046875] [Tid0x0000144c] [debug] <--[C424] DL_Rom_GetInfoAll
[0000865] [14:23:06:062500] [Tid0x0000144c] [debug] -->[C425] DL_Rom_SetEnableAttr #./api/api.cpp (line:2929)
[0000866] [14:23:06:062500] [Tid0x0000144c] [debug] <--[C425] DL_Rom_SetEnableAttr
[0000867] [14:23:06:062500] [Tid0x0000144c] [debug] -->[C426] DL_GetCount #./api/api.cpp (line:2710)
[0000868] [14:23:06:062500] [Tid0x0000144c] [debug] <--[C426] DL_GetCount
[0000869] [14:23:06:062500] [Tid0x0000144c] [debug] -->[C427] DL_Rom_GetInfoAll #./api/api.cpp (line:2875)
[0000870] [14:23:06:062500] [Tid0x0000144c] [debug] <--[C427] DL_Rom_GetInfoAll
[0000871] [14:23:06:062500] [Tid0x0000144c] [debug] -->[C428] DL_Rom_SetEnableAttr #./api/api.cpp (line:2929)
[0000872] [14:23:06:062500] [Tid0x0000144c] [debug] <--[C428] DL_Rom_SetEnableAttr
[0000873] [14:23:06:062500] [Tid0x0000144c] [debug] -->[C429] DL_GetCount #./api/api.cpp (line:2710)
[0000874] [14:23:06:062500] [Tid0x0000144c] [debug] <--[C429] DL_GetCount
[0000875] [14:23:06:062500] [Tid0x0000144c] [debug] -->[C430] DL_Rom_GetInfoAll #./api/api.cpp (line:2875)
[0000876] [14:23:06:062500] [Tid0x0000144c] [debug] <--[C430] DL_Rom_GetInfoAll
[0000877] [14:23:06:062500] [Tid0x0000144c] [debug] -->[C431] DL_Rom_SetEnableAttr #./api/api.cpp (line:2929)
[0000878] [14:23:06:062500] [Tid0x0000144c] [debug] <--[C431] DL_Rom_SetEnableAttr
[0000879] [14:23:06:062500] [Tid0x0000144c] [debug] -->[C432] DL_GetCount #./api/api.cpp (line:2710)
[0000880] [14:23:06:062500] [Tid0x0000144c] [debug] <--[C432] DL_GetCount
[0000881] [14:23:06:062500] [Tid0x0000144c] [debug] -->[C433] DL_Rom_GetInfoAll #./api/api.cpp (line:2875)
[0000882] [14:23:06:062500] [Tid0x0000144c] [debug] <--[C433] DL_Rom_GetInfoAll
[0000883] [14:23:06:062500] [Tid0x0000144c] [debug] -->[C434] DL_Rom_SetEnableAttr #./api/api.cpp (line:2929)
[0000884] [14:23:06:062500] [Tid0x0000144c] [debug] <--[C434] DL_Rom_SetEnableAttr
[0000885] [14:23:06:062500] [Tid0x0000144c] [debug] -->[C435] DL_GetCount #./api/api.cpp (line:2710)
[0000886] [14:23:06:062500] [Tid0x0000144c] [debug] <--[C435] DL_GetCount
[0000887] [14:23:06:062500] [Tid0x0000144c] [debug] -->[C436] DL_Rom_GetInfoAll #./api/api.cpp (line:2875)
[0000888] [14:23:06:062500] [Tid0x0000144c] [debug] <--[C436] DL_Rom_GetInfoAll
[0000889] [14:23:06:062500] [Tid0x0000144c] [debug] -->[C437] DL_Rom_SetEnableAttr #./api/api.cpp (line:2929)
[0000890] [14:23:06:062500] [Tid0x0000144c] [debug] <--[C437] DL_Rom_SetEnableAttr
[0000891] [14:23:06:062500] [Tid0x0000144c] [debug] -->[C438] DL_GetCount #./api/api.cpp (line:2710)
[0000892] [14:23:06:062500] [Tid0x0000144c] [debug] <--[C438] DL_GetCount
[0000893] [14:23:06:062500] [Tid0x0000144c] [debug] -->[C439] DL_Rom_GetInfoAll #./api/api.cpp (line:2875)
[0000894] [14:23:06:062500] [Tid0x0000144c] [debug] <--[C439] DL_Rom_GetInfoAll
[0000895] [14:23:06:078125] [Tid0x0000144c] [debug] -->[C440] DL_Rom_SetEnableAttr #./api/api.cpp (line:2929)
[0000896] [14:23:06:078125] [Tid0x0000144c] [debug] <--[C440] DL_Rom_SetEnableAttr
[0000897] [14:23:06:078125] [Tid0x0000144c] [debug] -->[C441] DL_GetCount #./api/api.cpp (line:2710)
[0000898] [14:23:06:078125] [Tid0x0000144c] [debug] <--[C441] DL_GetCount
[0000899] [14:23:06:078125] [Tid0x0000144c] [debug] -->[C442] DL_Rom_GetInfoAll #./api/api.cpp (line:2875)
[0000900] [14:23:06:078125] [Tid0x0000144c] [debug] <--[C442] DL_Rom_GetInfoAll
[0000901] [14:23:06:078125] [Tid0x0000144c] [debug] -->[C443] DL_Rom_SetEnableAttr #./api/api.cpp (line:2929)
[0000902] [14:23:06:078125] [Tid0x0000144c] [debug] <--[C443] DL_Rom_SetEnableAttr
[0000903] [14:23:06:078125] [Tid0x0000144c] [debug] -->[C444] DL_GetCount #./api/api.cpp (line:2710)
[0000904] [14:23:06:078125] [Tid0x0000144c] [debug] <--[C444] DL_GetCount
[0000905] [14:23:06:078125] [Tid0x0000144c] [debug] -->[C445] DL_Rom_GetInfoAll #./api/api.cpp (line:2875)
[0000906] [14:23:06:078125] [Tid0x0000144c] [debug] <--[C445] DL_Rom_GetInfoAll
[0000907] [14:23:06:078125] [Tid0x0000144c] [debug] -->[C446] DL_Rom_SetEnableAttr #./api/api.cpp (line:2929)
[0000908] [14:23:06:078125] [Tid0x0000144c] [debug] <--[C446] DL_Rom_SetEnableAttr
[0000909] [14:23:06:078125] [Tid0x0000144c] [debug] -->[C447] DL_GetCount #./api/api.cpp (line:2710)
[0000910] [14:23:06:078125] [Tid0x0000144c] [debug] <--[C447] DL_GetCount
[0000911] [14:23:06:078125] [Tid0x0000144c] [debug] -->[C448] DL_Rom_GetInfoAll #./api/api.cpp (line:2875)
[0000912] [14:23:06:078125] [Tid0x0000144c] [debug] <--[C448] DL_Rom_GetInfoAll
[0000913] [14:23:06:093750] [Tid0x0000144c] [debug] -->[C449] DL_Rom_SetEnableAttr #./api/api.cpp (line:2929)
[0000914] [14:23:06:093750] [Tid0x0000144c] [debug] <--[C449] DL_Rom_SetEnableAttr
[0000915] [14:23:06:093750] [Tid0x0000144c] [debug] -->[C450] DL_GetCount #./api/api.cpp (line:2710)
[0000916] [14:23:06:093750] [Tid0x0000144c] [debug] <--[C450] DL_GetCount
[0000917] [14:23:06:093750] [Tid0x0000144c] [debug] -->[C451] DL_Rom_GetInfoAll #./api/api.cpp (line:2875)
[0000918] [14:23:06:093750] [Tid0x0000144c] [debug] <--[C451] DL_Rom_GetInfoAll
[0000919] [14:23:06:093750] [Tid0x0000144c] [debug] -->[C452] DL_Rom_SetEnableAttr #./api/api.cpp (line:2929)
[0000920] [14:23:06:093750] [Tid0x0000144c] [debug] <--[C452] DL_Rom_SetEnableAttr
[0000921] [14:23:06:093750] [Tid0x0000144c] [debug] -->[C453] DL_GetCount #./api/api.cpp (line:2710)
[0000922] [14:23:06:093750] [Tid0x0000144c] [debug] <--[C453] DL_GetCount
[0000923] [14:23:06:093750] [Tid0x0000144c] [debug] -->[C454] DL_Rom_GetInfoAll #./api/api.cpp (line:2875)
[0000924] [14:23:06:093750] [Tid0x0000144c] [debug] <--[C454] DL_Rom_GetInfoAll
[0000925] [14:23:06:109375] [Tid0x0000144c] [debug] -->[C455] DL_Rom_SetEnableAttr #./api/api.cpp (line:2929)
[0000926] [14:23:06:109375] [Tid0x0000144c] [debug] <--[C455] DL_Rom_SetEnableAttr
[0000927] [14:23:06:109375] [Tid0x0000144c] [debug] -->[C456] DL_GetCount #./api/api.cpp (line:2710)
[0000928] [14:23:06:109375] [Tid0x0000144c] [debug] <--[C456] DL_GetCount
[0000929] [14:23:06:109375] [Tid0x0000144c] [debug] -->[C457] DL_Rom_GetInfoAll #./api/api.cpp (line:2875)
[0000930] [14:23:06:109375] [Tid0x0000144c] [debug] <--[C457] DL_Rom_GetInfoAll
[0000931] [14:23:06:109375] [Tid0x0000144c] [debug] -->[C458] DL_Rom_SetEnableAttr #./api/api.cpp (line:2929)
[0000932] [14:23:06:109375] [Tid0x0000144c] [debug] <--[C458] DL_Rom_SetEnableAttr
[0000933] [14:23:06:109375] [Tid0x0000144c] [debug] -->[C459] DL_GetCount #./api/api.cpp (line:2710)
[0000934] [14:23:06:109375] [Tid0x0000144c] [debug] <--[C459] DL_GetCount
[0000935] [14:23:06:109375] [Tid0x0000144c] [debug] -->[C460] DL_Rom_GetInfoAll #./api/api.cpp (line:2875)
[0000936] [14:23:06:109375] [Tid0x0000144c] [debug] <--[C460] DL_Rom_GetInfoAll
[0000937] [14:23:06:125000] [Tid0x0000144c] [debug] -->[C461] DL_Rom_SetEnableAttr #./api/api.cpp (line:2929)
[0000938] [14:23:06:125000] [Tid0x0000144c] [debug] <--[C461] DL_Rom_SetEnableAttr
[0000939] [14:23:06:125000] [Tid0x0000144c] [debug] -->[C462] DL_GetCount #./api/api.cpp (line:2710)
[0000940] [14:23:06:125000] [Tid0x0000144c] [debug] <--[C462] DL_GetCount
[0000941] [14:23:06:125000] [Tid0x0000144c] [debug] -->[C463] DL_Rom_GetInfoAll #./api/api.cpp (line:2875)
[0000942] [14:23:06:125000] [Tid0x0000144c] [debug] <--[C463] DL_Rom_GetInfoAll
[0000943] [14:23:06:140625] [Tid0x0000144c] [debug] -->[C464] DL_Rom_SetEnableAttr #./api/api.cpp (line:2929)
[0000944] [14:23:06:140625] [Tid0x0000144c] [debug] <--[C464] DL_Rom_SetEnableAttr
[0000945] [14:23:06:671875] [Tid0x0000144c] [debug] -->[C465] DL_GetCount #./api/api.cpp (line:2710)
[0000946] [14:23:06:671875] [Tid0x0000144c] [debug] <--[C465] DL_GetCount
[0000947] [14:23:06:671875] [Tid0x0000144c] [debug] -->[C466] DL_Rom_GetInfoAll #./api/api.cpp (line:2875)
[0000948] [14:23:06:671875] [Tid0x0000144c] [debug] <--[C466] DL_Rom_GetInfoAll
[0000949] [14:23:06:687500] [Tid0x0000144c] [debug] -->[C467] DL_GetCount #./api/api.cpp (line:2710)
[0000950] [14:23:06:687500] [Tid0x0000144c] [debug] <--[C467] DL_GetCount
[0000951] [14:23:06:687500] [Tid0x0000144c] [debug] -->[C468] DL_Rom_GetInfoAll #./api/api.cpp (line:2875)
[0000952] [14:23:06:687500] [Tid0x0000144c] [debug] <--[C468] DL_Rom_GetInfoAll
[0000953] [14:23:22:968750] [Tid0x000014cc] [debug] -->[C469] FlashTool_Connect_BROM_ByName #./api/api.cpp (line:2102)
[0000954] [14:23:22:968750] [Tid0x000014cc] [debug] -->[C470] FlashTool_Connect_BROM_Ex #./api/api.cpp (line:1862)
[0000955] [14:23:22:984375] [Tid0x000014cc] [debug] bCheckScatter: 1
[0000956] [14:23:22:984375] [Tid0x000014cc] [debug] have load scatter already
[0000957] [14:23:22:984375] [Tid0x000014cc] [debug] libversion 1
[0000958] [14:23:23:125000] [Tid0x000014cc] [debug] <--[C470] FlashTool_Connect_BROM_Ex
[0000959] [14:23:23:125000] [Tid0x000014cc] [debug] <--[C469] FlashTool_Connect_BROM_ByName
[0000960] [14:23:23:125000] [Tid0x000014cc] [debug] -->[C471] FlashTool_GetBootResult #./api/api.cpp (line:2114)
[0000961] [14:23:23:125000] [Tid0x000014cc] [debug] <--[C471] FlashTool_GetBootResult
[0000962] [14:23:23:125000] [Tid0x000014cc] [debug] -->[C472] FlashTool_Connect_Download_DA #./api/api.cpp (line:2134)
[0000963] [14:23:23:125000] [Tid0x000014cc] [debug] bCheckScatter: 1
[0000964] [14:23:26:890625] [Tid0x000014cc] [debug] <--[C472] FlashTool_Connect_Download_DA
[0000965] [14:23:26:890625] [Tid0x000014cc] [debug] -->[C473] FlashTool_CheckUSBStatus #./api/api.cpp (line:1140)
[0000966] [14:23:26:890625] [Tid0x000014cc] [debug] <--[C473] FlashTool_CheckUSBStatus
[0000967] [14:23:26:890625] [Tid0x000014cc] [debug] -->[C474] FlashTool_SetupUSBDL #./api/api.cpp (line:1101)
[0000968] [14:23:26:890625] [Tid0x000014cc] [debug] <--[C474] FlashTool_SetupUSBDL
[0000969] [14:23:29:593750] [Tid0x000014cc] [debug] -->[C475] FlashTool_ChangeCOM_Ex #./api/api.cpp (line:1079)
[0000970] [14:23:29:593750] [Tid0x000014cc] [debug] <--[C475] FlashTool_ChangeCOM_Ex
[0000971] [14:23:29:593750] [Tid0x000014cc] [debug] -->[C476] FlashTool_CheckUSBStatus #./api/api.cpp (line:1140)
[0000972] [14:23:29:593750] [Tid0x000014cc] [debug] <--[C476] FlashTool_CheckUSBStatus
[0000973] [14:23:29:609375] [Tid0x000014cc] [debug] -->[C477] FlashTool_GetReservedRomSize #./api/api.cpp (line:1663)
[0000974] [14:23:29:609375] [Tid0x000014cc] [debug] <--[C477] FlashTool_GetReservedRomSize
[0000975] [14:23:29:609375] [Tid0x000014cc] [debug] -->[C478] FlashTool_Format #./api/api.cpp (line:1332)
[0000976] [14:23:29:828125] [Tid0x000014cc] [debug] <--[C478] FlashTool_Format
[0000977] [14:23:29:828125] [Tid0x000014cc] [debug] -->[C479] FlashTool_GetReservedRomSize #./api/api.cpp (line:1663)
[0000978] [14:23:29:828125] [Tid0x000014cc] [debug] <--[C479] FlashTool_GetReservedRomSize
[0000979] [14:23:29:828125] [Tid0x000014cc] [debug] -->[C480] FlashTool_Format #./api/api.cpp (line:1332)
[0000980] [14:23:30:046875] [Tid0x000014cc] [debug] <--[C480] FlashTool_Format
[0000981] [14:23:30:062500] [Tid0x000014cc] [debug] -->[C481] FlashTool_GetReservedRomSize #./api/api.cpp (line:1663)
[0000982] [14:23:30:062500] [Tid0x000014cc] [debug] <--[C481] FlashTool_GetReservedRomSize
[0000983] [14:23:30:062500] [Tid0x000014cc] [debug] -->[C482] FlashTool_Format #./api/api.cpp (line:1332)
[0000984] [14:23:30:281250] [Tid0x000014cc] [debug] <--[C482] FlashTool_Format
[0000985] [14:23:30:281250] [Tid0x000014cc] [debug] -->[C483] FlashTool_GetReservedRomSize #./api/api.cpp (line:1663)
[0000986] [14:23:30:281250] [Tid0x000014cc] [debug] <--[C483] FlashTool_GetReservedRomSize
[0000987] [14:23:30:281250] [Tid0x000014cc] [debug] -->[C484] FlashTool_Format #./api/api.cpp (line:1332)
[0000988] [14:23:30:765625] [Tid0x000014cc] [debug] <--[C484] FlashTool_Format
[0000989] [14:23:30:765625] [Tid0x000014cc] [debug] -->[C485] FlashTool_Download #./api/api.cpp (line:1286)
[0000990] [14:24:48:500000] [Tid0x000014cc] [debug] <--[C485] FlashTool_Download
[0000991] [14:24:48:500000] [Tid0x000014cc] [debug] -->[C486] DL_GetCount #./api/api.cpp (line:2710)
[0000992] [14:24:48:500000] [Tid0x000014cc] [debug] <--[C486] DL_GetCount
[0000993] [14:24:48:500000] [Tid0x000014cc] [debug] -->[C487] DL_Rom_GetInfoAll #./api/api.cpp (line:2875)
[0000994] [14:24:48:500000] [Tid0x000014cc] [debug] <--[C487] DL_Rom_GetInfoAll
[0000995] [14:24:48:500000] [Tid0x000014cc] [debug] -->[C488] FlashTool_Disconnect #./api/api.cpp (line:1019)
[0000996] [14:24:48:531250] [Tid0x000014cc] [debug] <--[C488] FlashTool_Disconnect
[0000997] [14:26:53:218750] [Tid0x0000144c] [debug] -->[C489] DL_Rom_UnloadAll #./api/api.cpp (line:2918)
[0000998] [14:26:53:218750] [Tid0x0000144c] [debug] <--[C489] DL_Rom_UnloadAll
