[0000001] [14:45:58:125000] [Tid0x00001a4c] [debug] -->[C1] DL_LoadScatter #./api/api.cpp (line:2601)
[0000002] [14:45:58:234375] [Tid0x00001a4c] [debug] used lib version: 1
[0000003] [14:45:58:234375] [Tid0x00001a4c] [debug] <--[C1] DL_LoadScatter
[0000004] [14:45:58:234375] [Tid0x00001a4c] [debug] -->[C2] DL_AutoLoadRomImages #./api/api.cpp (line:2790)
[0000005] [14:45:58:609375] [Tid0x00001a4c] [debug] <--[C2] DL_AutoLoadRomImages
[0000006] [14:45:58:718750] [Tid0x00002464] [debug] -->[C3] DL_GetCount #./api/api.cpp (line:2710)
[0000007] [14:45:58:718750] [Tid0x00002464] [debug] <--[C3] DL_GetCount
[0000008] [14:45:58:718750] [Tid0x00002464] [debug] -->[C4] DL_Rom_GetInfoAll #./api/api.cpp (line:2875)
[0000009] [14:45:58:718750] [Tid0x00002464] [debug] <--[C4] DL_Rom_GetInfoAll
[0000010] [14:45:58:718750] [Tid0x00002464] [debug] -->[C5] DL_GetScatterInfo #./api/api.cpp (line:2811)
[0000011] [14:45:58:718750] [Tid0x00002464] [debug] <--[C5] DL_GetScatterInfo
[0000012] [14:45:58:718750] [Tid0x00002464] [debug] -->[C6] DL_GetCount #./api/api.cpp (line:2710)
[0000013] [14:45:58:734375] [Tid0x00002464] [debug] <--[C6] DL_GetCount
[0000014] [14:45:58:734375] [Tid0x00002464] [debug] -->[C7] DL_Rom_GetInfoAll #./api/api.cpp (line:2875)
[0000015] [14:45:58:734375] [Tid0x00002464] [debug] <--[C7] DL_Rom_GetInfoAll
[0000016] [14:45:58:734375] [Tid0x00002464] [debug] -->[C8] DL_Rom_SetEnableAttr #./api/api.cpp (line:2929)
[0000017] [14:45:58:734375] [Tid0x00002464] [debug] <--[C8] DL_Rom_SetEnableAttr
[0000018] [14:45:58:734375] [Tid0x00002464] [debug] -->[C9] DL_GetCount #./api/api.cpp (line:2710)
[0000019] [14:45:58:734375] [Tid0x00002464] [debug] <--[C9] DL_GetCount
[0000020] [14:45:58:734375] [Tid0x00002464] [debug] -->[C10] DL_Rom_GetInfoAll #./api/api.cpp (line:2875)
[0000021] [14:45:58:734375] [Tid0x00002464] [debug] <--[C10] DL_Rom_GetInfoAll
[0000022] [14:45:58:734375] [Tid0x00002464] [debug] -->[C11] DL_Rom_SetEnableAttr #./api/api.cpp (line:2929)
[0000023] [14:45:58:734375] [Tid0x00002464] [debug] <--[C11] DL_Rom_SetEnableAttr
[0000024] [14:45:58:734375] [Tid0x00002464] [debug] -->[C12] DL_GetCount #./api/api.cpp (line:2710)
[0000025] [14:45:58:734375] [Tid0x00002464] [debug] <--[C12] DL_GetCount
[0000026] [14:45:58:734375] [Tid0x00002464] [debug] -->[C13] DL_Rom_GetInfoAll #./api/api.cpp (line:2875)
[0000027] [14:45:58:734375] [Tid0x00002464] [debug] <--[C13] DL_Rom_GetInfoAll
[0000028] [14:45:58:750000] [Tid0x00002464] [debug] -->[C14] DL_Rom_SetEnableAttr #./api/api.cpp (line:2929)
[0000029] [14:45:58:750000] [Tid0x00002464] [debug] <--[C14] DL_Rom_SetEnableAttr
[0000030] [14:45:58:750000] [Tid0x00002464] [debug] -->[C15] DL_GetCount #./api/api.cpp (line:2710)
[0000031] [14:45:58:750000] [Tid0x00002464] [debug] <--[C15] DL_GetCount
[0000032] [14:45:58:750000] [Tid0x00002464] [debug] -->[C16] DL_Rom_GetInfoAll #./api/api.cpp (line:2875)
[0000033] [14:45:58:750000] [Tid0x00002464] [debug] <--[C16] DL_Rom_GetInfoAll
[0000034] [14:45:58:765625] [Tid0x00002464] [debug] -->[C17] DL_Rom_SetEnableAttr #./api/api.cpp (line:2929)
[0000035] [14:45:58:765625] [Tid0x00002464] [debug] <--[C17] DL_Rom_SetEnableAttr
[0000036] [14:45:58:765625] [Tid0x00002464] [debug] -->[C18] DL_GetCount #./api/api.cpp (line:2710)
[0000037] [14:45:58:765625] [Tid0x00002464] [debug] <--[C18] DL_GetCount
[0000038] [14:45:58:765625] [Tid0x00002464] [debug] -->[C19] DL_Rom_GetInfoAll #./api/api.cpp (line:2875)
[0000039] [14:45:58:765625] [Tid0x00002464] [debug] <--[C19] DL_Rom_GetInfoAll
[0000040] [14:45:58:765625] [Tid0x00002464] [debug] -->[C20] DL_Rom_SetEnableAttr #./api/api.cpp (line:2929)
[0000041] [14:45:58:765625] [Tid0x00002464] [debug] <--[C20] DL_Rom_SetEnableAttr
[0000042] [14:45:58:765625] [Tid0x00002464] [debug] -->[C21] DL_GetCount #./api/api.cpp (line:2710)
[0000043] [14:45:58:765625] [Tid0x00002464] [debug] <--[C21] DL_GetCount
[0000044] [14:45:58:765625] [Tid0x00002464] [debug] -->[C22] DL_Rom_GetInfoAll #./api/api.cpp (line:2875)
[0000045] [14:45:58:765625] [Tid0x00002464] [debug] <--[C22] DL_Rom_GetInfoAll
[0000046] [14:45:58:781250] [Tid0x00002464] [debug] -->[C23] DL_Rom_SetEnableAttr #./api/api.cpp (line:2929)
[0000047] [14:45:58:781250] [Tid0x00002464] [debug] <--[C23] DL_Rom_SetEnableAttr
[0000048] [14:45:58:781250] [Tid0x00002464] [debug] -->[C24] DL_GetCount #./api/api.cpp (line:2710)
[0000049] [14:45:58:781250] [Tid0x00002464] [debug] <--[C24] DL_GetCount
[0000050] [14:45:58:781250] [Tid0x00002464] [debug] -->[C25] DL_Rom_GetInfoAll #./api/api.cpp (line:2875)
[0000051] [14:45:58:781250] [Tid0x00002464] [debug] <--[C25] DL_Rom_GetInfoAll
[0000052] [14:45:58:781250] [Tid0x00002464] [debug] -->[C26] DL_Rom_SetEnableAttr #./api/api.cpp (line:2929)
[0000053] [14:45:58:781250] [Tid0x00002464] [debug] <--[C26] DL_Rom_SetEnableAttr
[0000054] [14:45:58:781250] [Tid0x00002464] [debug] -->[C27] DL_GetCount #./api/api.cpp (line:2710)
[0000055] [14:45:58:781250] [Tid0x00002464] [debug] <--[C27] DL_GetCount
[0000056] [14:45:58:781250] [Tid0x00002464] [debug] -->[C28] DL_Rom_GetInfoAll #./api/api.cpp (line:2875)
[0000057] [14:45:58:796875] [Tid0x00002464] [debug] <--[C28] DL_Rom_GetInfoAll
[0000058] [14:45:58:796875] [Tid0x00002464] [debug] -->[C29] DL_Rom_SetEnableAttr #./api/api.cpp (line:2929)
[0000059] [14:45:58:796875] [Tid0x00002464] [debug] <--[C29] DL_Rom_SetEnableAttr
[0000060] [14:45:58:796875] [Tid0x00002464] [debug] -->[C30] DL_GetCount #./api/api.cpp (line:2710)
[0000061] [14:45:58:796875] [Tid0x00002464] [debug] <--[C30] DL_GetCount
[0000062] [14:45:58:796875] [Tid0x00002464] [debug] -->[C31] DL_Rom_GetInfoAll #./api/api.cpp (line:2875)
[0000063] [14:45:58:796875] [Tid0x00002464] [debug] <--[C31] DL_Rom_GetInfoAll
[0000064] [14:45:58:812500] [Tid0x00002464] [debug] -->[C32] DL_Rom_SetEnableAttr #./api/api.cpp (line:2929)
[0000065] [14:45:58:812500] [Tid0x00002464] [debug] <--[C32] DL_Rom_SetEnableAttr
[0000066] [14:45:58:812500] [Tid0x00002464] [debug] -->[C33] DL_GetCount #./api/api.cpp (line:2710)
[0000067] [14:45:58:812500] [Tid0x00002464] [debug] <--[C33] DL_GetCount
[0000068] [14:45:58:812500] [Tid0x00002464] [debug] -->[C34] DL_Rom_GetInfoAll #./api/api.cpp (line:2875)
[0000069] [14:45:58:812500] [Tid0x00002464] [debug] <--[C34] DL_Rom_GetInfoAll
[0000070] [14:45:58:812500] [Tid0x00002464] [debug] -->[C35] DL_Rom_SetEnableAttr #./api/api.cpp (line:2929)
[0000071] [14:45:58:812500] [Tid0x00002464] [debug] <--[C35] DL_Rom_SetEnableAttr
[0000072] [14:45:58:812500] [Tid0x00002464] [debug] -->[C36] DL_SetChecksumLevel #./api/api.cpp (line:2643)
[0000073] [14:45:58:812500] [Tid0x00002464] [debug] <--[C36] DL_SetChecksumLevel
[0000074] [14:46:05:156250] [Tid0x00002464] [debug] -->[C37] DL_GetCount #./api/api.cpp (line:2710)
[0000075] [14:46:05:156250] [Tid0x00002464] [debug] <--[C37] DL_GetCount
[0000076] [14:46:05:156250] [Tid0x00002464] [debug] -->[C38] DL_Rom_GetInfoAll #./api/api.cpp (line:2875)
[0000077] [14:46:05:156250] [Tid0x00002464] [debug] <--[C38] DL_Rom_GetInfoAll
[0000078] [14:46:05:171875] [Tid0x00002464] [debug] -->[C39] DL_GetCount #./api/api.cpp (line:2710)
[0000079] [14:46:05:171875] [Tid0x00002464] [debug] <--[C39] DL_GetCount
[0000080] [14:46:05:171875] [Tid0x00002464] [debug] -->[C40] DL_Rom_GetInfoAll #./api/api.cpp (line:2875)
[0000081] [14:46:05:171875] [Tid0x00002464] [debug] <--[C40] DL_Rom_GetInfoAll
[0000082] [14:46:07:531250] [Tid0x0000209c] [debug] -->[C41] FlashTool_Disconnect_BROM #./api/api.cpp (line:1037)
[0000083] [14:46:07:531250] [Tid0x0000209c] [debug] <--[C41] FlashTool_Disconnect_BROM
[0000084] [14:46:08:718750] [Tid0x00002464] [debug] -->[C42] DL_GetCount #./api/api.cpp (line:2710)
[0000085] [14:46:08:718750] [Tid0x00002464] [debug] <--[C42] DL_GetCount
[0000086] [14:46:08:718750] [Tid0x00002464] [debug] -->[C43] DL_Rom_GetInfoAll #./api/api.cpp (line:2875)
[0000087] [14:46:08:718750] [Tid0x00002464] [debug] <--[C43] DL_Rom_GetInfoAll
[0000088] [14:46:08:734375] [Tid0x00002464] [debug] -->[C44] DL_Rom_SetEnableAttr #./api/api.cpp (line:2929)
[0000089] [14:46:08:734375] [Tid0x00002464] [debug] <--[C44] DL_Rom_SetEnableAttr
[0000090] [14:46:08:734375] [Tid0x00002464] [debug] -->[C45] DL_GetCount #./api/api.cpp (line:2710)
[0000091] [14:46:08:734375] [Tid0x00002464] [debug] <--[C45] DL_GetCount
[0000092] [14:46:08:734375] [Tid0x00002464] [debug] -->[C46] DL_Rom_GetInfoAll #./api/api.cpp (line:2875)
[0000093] [14:46:08:734375] [Tid0x00002464] [debug] <--[C46] DL_Rom_GetInfoAll
[0000094] [14:46:08:734375] [Tid0x00002464] [debug] -->[C47] DL_Rom_SetEnableAttr #./api/api.cpp (line:2929)
[0000095] [14:46:08:734375] [Tid0x00002464] [debug] <--[C47] DL_Rom_SetEnableAttr
[0000096] [14:46:08:734375] [Tid0x00002464] [debug] -->[C48] DL_GetCount #./api/api.cpp (line:2710)
[0000097] [14:46:08:734375] [Tid0x00002464] [debug] <--[C48] DL_GetCount
[0000098] [14:46:08:734375] [Tid0x00002464] [debug] -->[C49] DL_Rom_GetInfoAll #./api/api.cpp (line:2875)
[0000099] [14:46:08:734375] [Tid0x00002464] [debug] <--[C49] DL_Rom_GetInfoAll
[0000100] [14:46:08:750000] [Tid0x00002464] [debug] -->[C50] DL_Rom_SetEnableAttr #./api/api.cpp (line:2929)
[0000101] [14:46:08:750000] [Tid0x00002464] [debug] <--[C50] DL_Rom_SetEnableAttr
[0000102] [14:46:08:750000] [Tid0x00002464] [debug] -->[C51] DL_GetCount #./api/api.cpp (line:2710)
[0000103] [14:46:08:750000] [Tid0x00002464] [debug] <--[C51] DL_GetCount
[0000104] [14:46:08:750000] [Tid0x00002464] [debug] -->[C52] DL_Rom_GetInfoAll #./api/api.cpp (line:2875)
[0000105] [14:46:08:750000] [Tid0x00002464] [debug] <--[C52] DL_Rom_GetInfoAll
[0000106] [14:46:08:750000] [Tid0x00002464] [debug] -->[C53] DL_Rom_SetEnableAttr #./api/api.cpp (line:2929)
[0000107] [14:46:08:750000] [Tid0x00002464] [debug] <--[C53] DL_Rom_SetEnableAttr
[0000108] [14:46:08:750000] [Tid0x00002464] [debug] -->[C54] DL_GetCount #./api/api.cpp (line:2710)
[0000109] [14:46:08:750000] [Tid0x00002464] [debug] <--[C54] DL_GetCount
[0000110] [14:46:08:750000] [Tid0x00002464] [debug] -->[C55] DL_Rom_GetInfoAll #./api/api.cpp (line:2875)
[0000111] [14:46:08:750000] [Tid0x00002464] [debug] <--[C55] DL_Rom_GetInfoAll
[0000112] [14:46:08:765625] [Tid0x00002464] [debug] -->[C56] DL_Rom_SetEnableAttr #./api/api.cpp (line:2929)
[0000113] [14:46:08:765625] [Tid0x00002464] [debug] <--[C56] DL_Rom_SetEnableAttr
[0000114] [14:46:08:765625] [Tid0x00002464] [debug] -->[C57] DL_GetCount #./api/api.cpp (line:2710)
[0000115] [14:46:08:765625] [Tid0x00002464] [debug] <--[C57] DL_GetCount
[0000116] [14:46:08:765625] [Tid0x00002464] [debug] -->[C58] DL_Rom_GetInfoAll #./api/api.cpp (line:2875)
[0000117] [14:46:08:765625] [Tid0x00002464] [debug] <--[C58] DL_Rom_GetInfoAll
[0000118] [14:46:08:765625] [Tid0x00002464] [debug] -->[C59] DL_Rom_SetEnableAttr #./api/api.cpp (line:2929)
[0000119] [14:46:08:765625] [Tid0x00002464] [debug] <--[C59] DL_Rom_SetEnableAttr
[0000120] [14:46:08:765625] [Tid0x00002464] [debug] -->[C60] DL_GetCount #./api/api.cpp (line:2710)
[0000121] [14:46:08:765625] [Tid0x00002464] [debug] <--[C60] DL_GetCount
[0000122] [14:46:08:765625] [Tid0x00002464] [debug] -->[C61] DL_Rom_GetInfoAll #./api/api.cpp (line:2875)
[0000123] [14:46:08:765625] [Tid0x00002464] [debug] <--[C61] DL_Rom_GetInfoAll
[0000124] [14:46:08:765625] [Tid0x00002464] [debug] -->[C62] DL_Rom_SetEnableAttr #./api/api.cpp (line:2929)
[0000125] [14:46:08:765625] [Tid0x00002464] [debug] <--[C62] DL_Rom_SetEnableAttr
[0000126] [14:46:08:765625] [Tid0x00002464] [debug] -->[C63] DL_GetCount #./api/api.cpp (line:2710)
[0000127] [14:46:08:765625] [Tid0x00002464] [debug] <--[C63] DL_GetCount
[0000128] [14:46:08:765625] [Tid0x00002464] [debug] -->[C64] DL_Rom_GetInfoAll #./api/api.cpp (line:2875)
[0000129] [14:46:08:765625] [Tid0x00002464] [debug] <--[C64] DL_Rom_GetInfoAll
[0000130] [14:46:08:781250] [Tid0x00002464] [debug] -->[C65] DL_Rom_SetEnableAttr #./api/api.cpp (line:2929)
[0000131] [14:46:08:781250] [Tid0x00002464] [debug] <--[C65] DL_Rom_SetEnableAttr
[0000132] [14:46:08:781250] [Tid0x00002464] [debug] -->[C66] DL_GetCount #./api/api.cpp (line:2710)
[0000133] [14:46:08:781250] [Tid0x00002464] [debug] <--[C66] DL_GetCount
[0000134] [14:46:08:781250] [Tid0x00002464] [debug] -->[C67] DL_Rom_GetInfoAll #./api/api.cpp (line:2875)
[0000135] [14:46:08:781250] [Tid0x00002464] [debug] <--[C67] DL_Rom_GetInfoAll
[0000136] [14:46:08:781250] [Tid0x00002464] [debug] -->[C68] DL_Rom_SetEnableAttr #./api/api.cpp (line:2929)
[0000137] [14:46:08:781250] [Tid0x00002464] [debug] <--[C68] DL_Rom_SetEnableAttr
[0000138] [14:46:08:781250] [Tid0x00002464] [debug] -->[C69] DL_GetCount #./api/api.cpp (line:2710)
[0000139] [14:46:08:781250] [Tid0x00002464] [debug] <--[C69] DL_GetCount
[0000140] [14:46:08:781250] [Tid0x00002464] [debug] -->[C70] DL_Rom_GetInfoAll #./api/api.cpp (line:2875)
[0000141] [14:46:08:781250] [Tid0x00002464] [debug] <--[C70] DL_Rom_GetInfoAll
[0000142] [14:46:08:781250] [Tid0x00002464] [debug] -->[C71] DL_Rom_SetEnableAttr #./api/api.cpp (line:2929)
[0000143] [14:46:08:781250] [Tid0x00002464] [debug] <--[C71] DL_Rom_SetEnableAttr
[0000144] [14:46:08:781250] [Tid0x00002464] [debug] -->[C72] DL_GetCount #./api/api.cpp (line:2710)
[0000145] [14:46:08:781250] [Tid0x00002464] [debug] <--[C72] DL_GetCount
[0000146] [14:46:08:781250] [Tid0x00002464] [debug] -->[C73] DL_Rom_GetInfoAll #./api/api.cpp (line:2875)
[0000147] [14:46:08:781250] [Tid0x00002464] [debug] <--[C73] DL_Rom_GetInfoAll
[0000148] [14:46:08:781250] [Tid0x00002464] [debug] -->[C74] DL_Rom_SetEnableAttr #./api/api.cpp (line:2929)
[0000149] [14:46:08:781250] [Tid0x00002464] [debug] <--[C74] DL_Rom_SetEnableAttr
[0000150] [14:46:08:781250] [Tid0x00002464] [debug] -->[C75] DL_GetCount #./api/api.cpp (line:2710)
[0000151] [14:46:08:781250] [Tid0x00002464] [debug] <--[C75] DL_GetCount
[0000152] [14:46:08:781250] [Tid0x00002464] [debug] -->[C76] DL_Rom_GetInfoAll #./api/api.cpp (line:2875)
[0000153] [14:46:08:781250] [Tid0x00002464] [debug] <--[C76] DL_Rom_GetInfoAll
[0000154] [14:46:08:781250] [Tid0x00002464] [debug] -->[C77] DL_Rom_SetEnableAttr #./api/api.cpp (line:2929)
[0000155] [14:46:08:781250] [Tid0x00002464] [debug] <--[C77] DL_Rom_SetEnableAttr
[0000156] [14:46:08:781250] [Tid0x00002464] [debug] -->[C78] DL_GetCount #./api/api.cpp (line:2710)
[0000157] [14:46:08:781250] [Tid0x00002464] [debug] <--[C78] DL_GetCount
[0000158] [14:46:08:781250] [Tid0x00002464] [debug] -->[C79] DL_Rom_GetInfoAll #./api/api.cpp (line:2875)
[0000159] [14:46:08:781250] [Tid0x00002464] [debug] <--[C79] DL_Rom_GetInfoAll
[0000160] [14:46:08:781250] [Tid0x00002464] [debug] -->[C80] DL_Rom_SetEnableAttr #./api/api.cpp (line:2929)
[0000161] [14:46:08:781250] [Tid0x00002464] [debug] <--[C80] DL_Rom_SetEnableAttr
[0000162] [14:46:08:796875] [Tid0x00002464] [debug] -->[C81] DL_GetCount #./api/api.cpp (line:2710)
[0000163] [14:46:08:796875] [Tid0x00002464] [debug] <--[C81] DL_GetCount
[0000164] [14:46:08:796875] [Tid0x00002464] [debug] -->[C82] DL_Rom_GetInfoAll #./api/api.cpp (line:2875)
[0000165] [14:46:08:796875] [Tid0x00002464] [debug] <--[C82] DL_Rom_GetInfoAll
[0000166] [14:46:08:796875] [Tid0x00002464] [debug] -->[C83] DL_Rom_SetEnableAttr #./api/api.cpp (line:2929)
[0000167] [14:46:08:796875] [Tid0x00002464] [debug] <--[C83] DL_Rom_SetEnableAttr
[0000168] [14:46:08:796875] [Tid0x00002464] [debug] -->[C84] DL_GetCount #./api/api.cpp (line:2710)
[0000169] [14:46:08:796875] [Tid0x00002464] [debug] <--[C84] DL_GetCount
[0000170] [14:46:08:796875] [Tid0x00002464] [debug] -->[C85] DL_Rom_GetInfoAll #./api/api.cpp (line:2875)
[0000171] [14:46:08:796875] [Tid0x00002464] [debug] <--[C85] DL_Rom_GetInfoAll
[0000172] [14:46:08:796875] [Tid0x00002464] [debug] -->[C86] DL_Rom_SetEnableAttr #./api/api.cpp (line:2929)
[0000173] [14:46:08:796875] [Tid0x00002464] [debug] <--[C86] DL_Rom_SetEnableAttr
[0000174] [14:46:08:796875] [Tid0x00002464] [debug] -->[C87] DL_GetCount #./api/api.cpp (line:2710)
[0000175] [14:46:08:796875] [Tid0x00002464] [debug] <--[C87] DL_GetCount
[0000176] [14:46:08:796875] [Tid0x00002464] [debug] -->[C88] DL_Rom_GetInfoAll #./api/api.cpp (line:2875)
[0000177] [14:46:08:796875] [Tid0x00002464] [debug] <--[C88] DL_Rom_GetInfoAll
[0000178] [14:46:08:796875] [Tid0x00002464] [debug] -->[C89] DL_Rom_SetEnableAttr #./api/api.cpp (line:2929)
[0000179] [14:46:08:796875] [Tid0x00002464] [debug] <--[C89] DL_Rom_SetEnableAttr
[0000180] [14:46:08:812500] [Tid0x00002464] [debug] -->[C90] DL_GetCount #./api/api.cpp (line:2710)
[0000181] [14:46:08:812500] [Tid0x00002464] [debug] <--[C90] DL_GetCount
[0000182] [14:46:08:812500] [Tid0x00002464] [debug] -->[C91] DL_Rom_GetInfoAll #./api/api.cpp (line:2875)
[0000183] [14:46:08:812500] [Tid0x00002464] [debug] <--[C91] DL_Rom_GetInfoAll
[0000184] [14:46:08:812500] [Tid0x00002464] [debug] -->[C92] DL_Rom_SetEnableAttr #./api/api.cpp (line:2929)
[0000185] [14:46:08:812500] [Tid0x00002464] [debug] <--[C92] DL_Rom_SetEnableAttr
[0000186] [14:46:08:812500] [Tid0x00002464] [debug] -->[C93] DL_GetCount #./api/api.cpp (line:2710)
[0000187] [14:46:08:812500] [Tid0x00002464] [debug] <--[C93] DL_GetCount
[0000188] [14:46:08:812500] [Tid0x00002464] [debug] -->[C94] DL_Rom_GetInfoAll #./api/api.cpp (line:2875)
[0000189] [14:46:08:812500] [Tid0x00002464] [debug] <--[C94] DL_Rom_GetInfoAll
[0000190] [14:46:08:812500] [Tid0x00002464] [debug] -->[C95] DL_Rom_SetEnableAttr #./api/api.cpp (line:2929)
[0000191] [14:46:08:812500] [Tid0x00002464] [debug] <--[C95] DL_Rom_SetEnableAttr
[0000192] [14:46:08:812500] [Tid0x00002464] [debug] -->[C96] DL_GetCount #./api/api.cpp (line:2710)
[0000193] [14:46:08:812500] [Tid0x00002464] [debug] <--[C96] DL_GetCount
[0000194] [14:46:08:812500] [Tid0x00002464] [debug] -->[C97] DL_Rom_GetInfoAll #./api/api.cpp (line:2875)
[0000195] [14:46:08:812500] [Tid0x00002464] [debug] <--[C97] DL_Rom_GetInfoAll
[0000196] [14:46:08:828125] [Tid0x00002464] [debug] -->[C98] DL_Rom_SetEnableAttr #./api/api.cpp (line:2929)
[0000197] [14:46:08:828125] [Tid0x00002464] [debug] <--[C98] DL_Rom_SetEnableAttr
[0000198] [14:46:08:828125] [Tid0x00002464] [debug] -->[C99] DL_GetCount #./api/api.cpp (line:2710)
[0000199] [14:46:08:828125] [Tid0x00002464] [debug] <--[C99] DL_GetCount
[0000200] [14:46:08:828125] [Tid0x00002464] [debug] -->[C100] DL_Rom_GetInfoAll #./api/api.cpp (line:2875)
[0000201] [14:46:08:828125] [Tid0x00002464] [debug] <--[C100] DL_Rom_GetInfoAll
[0000202] [14:46:08:828125] [Tid0x00002464] [debug] -->[C101] DL_Rom_SetEnableAttr #./api/api.cpp (line:2929)
[0000203] [14:46:08:828125] [Tid0x00002464] [debug] <--[C101] DL_Rom_SetEnableAttr
[0000204] [14:46:09:875000] [Tid0x00002464] [debug] -->[C102] DL_GetCount #./api/api.cpp (line:2710)
[0000205] [14:46:09:875000] [Tid0x00002464] [debug] <--[C102] DL_GetCount
[0000206] [14:46:09:875000] [Tid0x00002464] [debug] -->[C103] DL_Rom_GetInfoAll #./api/api.cpp (line:2875)
[0000207] [14:46:09:875000] [Tid0x00002464] [debug] <--[C103] DL_Rom_GetInfoAll
[0000208] [14:46:09:890625] [Tid0x00002464] [debug] -->[C104] DL_Rom_SetEnableAttr #./api/api.cpp (line:2929)
[0000209] [14:46:09:890625] [Tid0x00002464] [debug] <--[C104] DL_Rom_SetEnableAttr
[0000210] [14:46:09:890625] [Tid0x00002464] [debug] -->[C105] DL_GetCount #./api/api.cpp (line:2710)
[0000211] [14:46:09:890625] [Tid0x00002464] [debug] <--[C105] DL_GetCount
[0000212] [14:46:09:890625] [Tid0x00002464] [debug] -->[C106] DL_Rom_GetInfoAll #./api/api.cpp (line:2875)
[0000213] [14:46:09:890625] [Tid0x00002464] [debug] <--[C106] DL_Rom_GetInfoAll
[0000214] [14:46:09:890625] [Tid0x00002464] [debug] -->[C107] DL_Rom_SetEnableAttr #./api/api.cpp (line:2929)
[0000215] [14:46:09:890625] [Tid0x00002464] [debug] <--[C107] DL_Rom_SetEnableAttr
[0000216] [14:46:09:890625] [Tid0x00002464] [debug] -->[C108] DL_GetCount #./api/api.cpp (line:2710)
[0000217] [14:46:09:890625] [Tid0x00002464] [debug] <--[C108] DL_GetCount
[0000218] [14:46:09:890625] [Tid0x00002464] [debug] -->[C109] DL_Rom_GetInfoAll #./api/api.cpp (line:2875)
[0000219] [14:46:09:890625] [Tid0x00002464] [debug] <--[C109] DL_Rom_GetInfoAll
[0000220] [14:46:09:906250] [Tid0x00002464] [debug] -->[C110] DL_Rom_SetEnableAttr #./api/api.cpp (line:2929)
[0000221] [14:46:09:906250] [Tid0x00002464] [debug] <--[C110] DL_Rom_SetEnableAttr
[0000222] [14:46:09:906250] [Tid0x00002464] [debug] -->[C111] DL_GetCount #./api/api.cpp (line:2710)
[0000223] [14:46:09:906250] [Tid0x00002464] [debug] <--[C111] DL_GetCount
[0000224] [14:46:09:906250] [Tid0x00002464] [debug] -->[C112] DL_Rom_GetInfoAll #./api/api.cpp (line:2875)
[0000225] [14:46:09:906250] [Tid0x00002464] [debug] <--[C112] DL_Rom_GetInfoAll
[0000226] [14:46:09:906250] [Tid0x00002464] [debug] -->[C113] DL_Rom_SetEnableAttr #./api/api.cpp (line:2929)
[0000227] [14:46:09:906250] [Tid0x00002464] [debug] <--[C113] DL_Rom_SetEnableAttr
[0000228] [14:46:09:906250] [Tid0x00002464] [debug] -->[C114] DL_GetCount #./api/api.cpp (line:2710)
[0000229] [14:46:09:906250] [Tid0x00002464] [debug] <--[C114] DL_GetCount
[0000230] [14:46:09:906250] [Tid0x00002464] [debug] -->[C115] DL_Rom_GetInfoAll #./api/api.cpp (line:2875)
[0000231] [14:46:09:906250] [Tid0x00002464] [debug] <--[C115] DL_Rom_GetInfoAll
[0000232] [14:46:09:921875] [Tid0x00002464] [debug] -->[C116] DL_Rom_SetEnableAttr #./api/api.cpp (line:2929)
[0000233] [14:46:09:921875] [Tid0x00002464] [debug] <--[C116] DL_Rom_SetEnableAttr
[0000234] [14:46:09:921875] [Tid0x00002464] [debug] -->[C117] DL_GetCount #./api/api.cpp (line:2710)
[0000235] [14:46:09:921875] [Tid0x00002464] [debug] <--[C117] DL_GetCount
[0000236] [14:46:09:921875] [Tid0x00002464] [debug] -->[C118] DL_Rom_GetInfoAll #./api/api.cpp (line:2875)
[0000237] [14:46:09:921875] [Tid0x00002464] [debug] <--[C118] DL_Rom_GetInfoAll
[0000238] [14:46:09:921875] [Tid0x00002464] [debug] -->[C119] DL_Rom_SetEnableAttr #./api/api.cpp (line:2929)
[0000239] [14:46:09:921875] [Tid0x00002464] [debug] <--[C119] DL_Rom_SetEnableAttr
[0000240] [14:46:09:937500] [Tid0x00002464] [debug] -->[C120] DL_GetCount #./api/api.cpp (line:2710)
[0000241] [14:46:09:937500] [Tid0x00002464] [debug] <--[C120] DL_GetCount
[0000242] [14:46:09:937500] [Tid0x00002464] [debug] -->[C121] DL_Rom_GetInfoAll #./api/api.cpp (line:2875)
[0000243] [14:46:09:937500] [Tid0x00002464] [debug] <--[C121] DL_Rom_GetInfoAll
[0000244] [14:46:09:937500] [Tid0x00002464] [debug] -->[C122] DL_Rom_SetEnableAttr #./api/api.cpp (line:2929)
[0000245] [14:46:09:937500] [Tid0x00002464] [debug] <--[C122] DL_Rom_SetEnableAttr
[0000246] [14:46:09:937500] [Tid0x00002464] [debug] -->[C123] DL_GetCount #./api/api.cpp (line:2710)
[0000247] [14:46:09:937500] [Tid0x00002464] [debug] <--[C123] DL_GetCount
[0000248] [14:46:09:937500] [Tid0x00002464] [debug] -->[C124] DL_Rom_GetInfoAll #./api/api.cpp (line:2875)
[0000249] [14:46:09:937500] [Tid0x00002464] [debug] <--[C124] DL_Rom_GetInfoAll
[0000250] [14:46:09:937500] [Tid0x00002464] [debug] -->[C125] DL_Rom_SetEnableAttr #./api/api.cpp (line:2929)
[0000251] [14:46:09:937500] [Tid0x00002464] [debug] <--[C125] DL_Rom_SetEnableAttr
[0000252] [14:46:09:937500] [Tid0x00002464] [debug] -->[C126] DL_GetCount #./api/api.cpp (line:2710)
[0000253] [14:46:09:937500] [Tid0x00002464] [debug] <--[C126] DL_GetCount
[0000254] [14:46:09:937500] [Tid0x00002464] [debug] -->[C127] DL_Rom_GetInfoAll #./api/api.cpp (line:2875)
[0000255] [14:46:09:937500] [Tid0x00002464] [debug] <--[C127] DL_Rom_GetInfoAll
[0000256] [14:46:09:937500] [Tid0x00002464] [debug] -->[C128] DL_Rom_SetEnableAttr #./api/api.cpp (line:2929)
[0000257] [14:46:09:953125] [Tid0x00002464] [debug] <--[C128] DL_Rom_SetEnableAttr
[0000258] [14:46:09:953125] [Tid0x00002464] [debug] -->[C129] DL_GetCount #./api/api.cpp (line:2710)
[0000259] [14:46:09:953125] [Tid0x00002464] [debug] <--[C129] DL_GetCount
[0000260] [14:46:09:953125] [Tid0x00002464] [debug] -->[C130] DL_Rom_GetInfoAll #./api/api.cpp (line:2875)
[0000261] [14:46:09:953125] [Tid0x00002464] [debug] <--[C130] DL_Rom_GetInfoAll
[0000262] [14:46:09:953125] [Tid0x00002464] [debug] -->[C131] DL_Rom_SetEnableAttr #./api/api.cpp (line:2929)
[0000263] [14:46:09:953125] [Tid0x00002464] [debug] <--[C131] DL_Rom_SetEnableAttr
[0000264] [14:46:09:953125] [Tid0x00002464] [debug] -->[C132] DL_GetCount #./api/api.cpp (line:2710)
[0000265] [14:46:09:953125] [Tid0x00002464] [debug] <--[C132] DL_GetCount
[0000266] [14:46:09:953125] [Tid0x00002464] [debug] -->[C133] DL_Rom_GetInfoAll #./api/api.cpp (line:2875)
[0000267] [14:46:09:953125] [Tid0x00002464] [debug] <--[C133] DL_Rom_GetInfoAll
[0000268] [14:46:09:953125] [Tid0x00002464] [debug] -->[C134] DL_Rom_SetEnableAttr #./api/api.cpp (line:2929)
[0000269] [14:46:09:953125] [Tid0x00002464] [debug] <--[C134] DL_Rom_SetEnableAttr
[0000270] [14:46:09:953125] [Tid0x00002464] [debug] -->[C135] DL_GetCount #./api/api.cpp (line:2710)
[0000271] [14:46:09:953125] [Tid0x00002464] [debug] <--[C135] DL_GetCount
[0000272] [14:46:09:953125] [Tid0x00002464] [debug] -->[C136] DL_Rom_GetInfoAll #./api/api.cpp (line:2875)
[0000273] [14:46:09:953125] [Tid0x00002464] [debug] <--[C136] DL_Rom_GetInfoAll
[0000274] [14:46:09:953125] [Tid0x00002464] [debug] -->[C137] DL_Rom_SetEnableAttr #./api/api.cpp (line:2929)
[0000275] [14:46:09:953125] [Tid0x00002464] [debug] <--[C137] DL_Rom_SetEnableAttr
[0000276] [14:46:09:953125] [Tid0x00002464] [debug] -->[C138] DL_GetCount #./api/api.cpp (line:2710)
[0000277] [14:46:09:953125] [Tid0x00002464] [debug] <--[C138] DL_GetCount
[0000278] [14:46:09:953125] [Tid0x00002464] [debug] -->[C139] DL_Rom_GetInfoAll #./api/api.cpp (line:2875)
[0000279] [14:46:09:953125] [Tid0x00002464] [debug] <--[C139] DL_Rom_GetInfoAll
[0000280] [14:46:09:953125] [Tid0x00002464] [debug] -->[C140] DL_Rom_SetEnableAttr #./api/api.cpp (line:2929)
[0000281] [14:46:09:953125] [Tid0x00002464] [debug] <--[C140] DL_Rom_SetEnableAttr
[0000282] [14:46:09:953125] [Tid0x00002464] [debug] -->[C141] DL_GetCount #./api/api.cpp (line:2710)
[0000283] [14:46:09:953125] [Tid0x00002464] [debug] <--[C141] DL_GetCount
[0000284] [14:46:09:953125] [Tid0x00002464] [debug] -->[C142] DL_Rom_GetInfoAll #./api/api.cpp (line:2875)
[0000285] [14:46:09:953125] [Tid0x00002464] [debug] <--[C142] DL_Rom_GetInfoAll
[0000286] [14:46:09:968750] [Tid0x00002464] [debug] -->[C143] DL_Rom_SetEnableAttr #./api/api.cpp (line:2929)
[0000287] [14:46:09:968750] [Tid0x00002464] [debug] <--[C143] DL_Rom_SetEnableAttr
[0000288] [14:46:09:968750] [Tid0x00002464] [debug] -->[C144] DL_GetCount #./api/api.cpp (line:2710)
[0000289] [14:46:09:968750] [Tid0x00002464] [debug] <--[C144] DL_GetCount
[0000290] [14:46:09:968750] [Tid0x00002464] [debug] -->[C145] DL_Rom_GetInfoAll #./api/api.cpp (line:2875)
[0000291] [14:46:09:968750] [Tid0x00002464] [debug] <--[C145] DL_Rom_GetInfoAll
[0000292] [14:46:09:968750] [Tid0x00002464] [debug] -->[C146] DL_Rom_SetEnableAttr #./api/api.cpp (line:2929)
[0000293] [14:46:09:968750] [Tid0x00002464] [debug] <--[C146] DL_Rom_SetEnableAttr
[0000294] [14:46:09:968750] [Tid0x00002464] [debug] -->[C147] DL_GetCount #./api/api.cpp (line:2710)
[0000295] [14:46:09:968750] [Tid0x00002464] [debug] <--[C147] DL_GetCount
[0000296] [14:46:09:968750] [Tid0x00002464] [debug] -->[C148] DL_Rom_GetInfoAll #./api/api.cpp (line:2875)
[0000297] [14:46:09:968750] [Tid0x00002464] [debug] <--[C148] DL_Rom_GetInfoAll
[0000298] [14:46:09:984375] [Tid0x00002464] [debug] -->[C149] DL_Rom_SetEnableAttr #./api/api.cpp (line:2929)
[0000299] [14:46:09:984375] [Tid0x00002464] [debug] <--[C149] DL_Rom_SetEnableAttr
[0000300] [14:46:09:984375] [Tid0x00002464] [debug] -->[C150] DL_GetCount #./api/api.cpp (line:2710)
[0000301] [14:46:09:984375] [Tid0x00002464] [debug] <--[C150] DL_GetCount
[0000302] [14:46:09:984375] [Tid0x00002464] [debug] -->[C151] DL_Rom_GetInfoAll #./api/api.cpp (line:2875)
[0000303] [14:46:09:984375] [Tid0x00002464] [debug] <--[C151] DL_Rom_GetInfoAll
[0000304] [14:46:09:984375] [Tid0x00002464] [debug] -->[C152] DL_Rom_SetEnableAttr #./api/api.cpp (line:2929)
[0000305] [14:46:09:984375] [Tid0x00002464] [debug] <--[C152] DL_Rom_SetEnableAttr
[0000306] [14:46:10:000000] [Tid0x00002464] [debug] -->[C153] DL_GetCount #./api/api.cpp (line:2710)
[0000307] [14:46:10:000000] [Tid0x00002464] [debug] <--[C153] DL_GetCount
[0000308] [14:46:10:000000] [Tid0x00002464] [debug] -->[C154] DL_Rom_GetInfoAll #./api/api.cpp (line:2875)
[0000309] [14:46:10:000000] [Tid0x00002464] [debug] <--[C154] DL_Rom_GetInfoAll
[0000310] [14:46:10:000000] [Tid0x00002464] [debug] -->[C155] DL_Rom_SetEnableAttr #./api/api.cpp (line:2929)
[0000311] [14:46:10:000000] [Tid0x00002464] [debug] <--[C155] DL_Rom_SetEnableAttr
[0000312] [14:46:10:000000] [Tid0x00002464] [debug] -->[C156] DL_GetCount #./api/api.cpp (line:2710)
[0000313] [14:46:10:000000] [Tid0x00002464] [debug] <--[C156] DL_GetCount
[0000314] [14:46:10:000000] [Tid0x00002464] [debug] -->[C157] DL_Rom_GetInfoAll #./api/api.cpp (line:2875)
[0000315] [14:46:10:000000] [Tid0x00002464] [debug] <--[C157] DL_Rom_GetInfoAll
[0000316] [14:46:10:000000] [Tid0x00002464] [debug] -->[C158] DL_Rom_SetEnableAttr #./api/api.cpp (line:2929)
[0000317] [14:46:10:000000] [Tid0x00002464] [debug] <--[C158] DL_Rom_SetEnableAttr
[0000318] [14:46:10:015625] [Tid0x00002464] [debug] -->[C159] DL_GetCount #./api/api.cpp (line:2710)
[0000319] [14:46:10:015625] [Tid0x00002464] [debug] <--[C159] DL_GetCount
[0000320] [14:46:10:015625] [Tid0x00002464] [debug] -->[C160] DL_Rom_GetInfoAll #./api/api.cpp (line:2875)
[0000321] [14:46:10:015625] [Tid0x00002464] [debug] <--[C160] DL_Rom_GetInfoAll
[0000322] [14:46:10:031250] [Tid0x00002464] [debug] -->[C161] DL_Rom_SetEnableAttr #./api/api.cpp (line:2929)
[0000323] [14:46:10:031250] [Tid0x00002464] [debug] <--[C161] DL_Rom_SetEnableAttr
[0000324] [14:46:10:640625] [Tid0x00002464] [debug] -->[C162] DL_GetCount #./api/api.cpp (line:2710)
[0000325] [14:46:10:640625] [Tid0x00002464] [debug] <--[C162] DL_GetCount
[0000326] [14:46:10:640625] [Tid0x00002464] [debug] -->[C163] DL_Rom_GetInfoAll #./api/api.cpp (line:2875)
[0000327] [14:46:10:640625] [Tid0x00002464] [debug] <--[C163] DL_Rom_GetInfoAll
[0000328] [14:46:10:640625] [Tid0x00002464] [debug] -->[C164] DL_GetCount #./api/api.cpp (line:2710)
[0000329] [14:46:10:640625] [Tid0x00002464] [debug] <--[C164] DL_GetCount
[0000330] [14:46:10:640625] [Tid0x00002464] [debug] -->[C165] DL_Rom_GetInfoAll #./api/api.cpp (line:2875)
[0000331] [14:46:10:640625] [Tid0x00002464] [debug] <--[C165] DL_Rom_GetInfoAll
[0000332] [14:46:20:812500] [Tid0x00002354] [debug] -->[C166] FlashTool_Connect_BROM_ByName #./api/api.cpp (line:2102)
[0000333] [14:46:20:812500] [Tid0x00002354] [debug] -->[C167] FlashTool_Connect_BROM_Ex #./api/api.cpp (line:1862)
[0000334] [14:46:20:812500] [Tid0x00002354] [debug] bCheckScatter: 1
[0000335] [14:46:20:812500] [Tid0x00002354] [debug] have load scatter already
[0000336] [14:46:20:812500] [Tid0x00002354] [debug] libversion 1
[0000337] [14:46:20:953125] [Tid0x00002354] [debug] <--[C167] FlashTool_Connect_BROM_Ex
[0000338] [14:46:20:953125] [Tid0x00002354] [debug] <--[C166] FlashTool_Connect_BROM_ByName
[0000339] [14:46:20:953125] [Tid0x00002354] [debug] -->[C168] FlashTool_GetBootResult #./api/api.cpp (line:2114)
[0000340] [14:46:20:953125] [Tid0x00002354] [debug] <--[C168] FlashTool_GetBootResult
[0000341] [14:46:20:953125] [Tid0x00002354] [debug] -->[C169] FlashTool_Connect_Download_DA #./api/api.cpp (line:2134)
[0000342] [14:46:20:953125] [Tid0x00002354] [debug] bCheckScatter: 1
[0000343] [14:46:25:921875] [Tid0x00002354] [debug] <--[C169] FlashTool_Connect_Download_DA
[0000344] [14:46:25:921875] [Tid0x00002354] [debug] -->[C170] FlashTool_CheckUSBStatus #./api/api.cpp (line:1140)
[0000345] [14:46:25:921875] [Tid0x00002354] [debug] <--[C170] FlashTool_CheckUSBStatus
[0000346] [14:46:25:937500] [Tid0x00002354] [debug] -->[C171] FlashTool_SetupUSBDL #./api/api.cpp (line:1101)
[0000347] [14:46:25:937500] [Tid0x00002354] [debug] <--[C171] FlashTool_SetupUSBDL
[0000348] [14:47:04:562500] [Tid0x00002354] [debug] -->[C172] FlashTool_CheckUSBStatus #./api/api.cpp (line:1140)
[0000349] [14:47:04:562500] [Tid0x00002354] [debug] <--[C172] FlashTool_CheckUSBStatus
[0000350] [14:47:04:562500] [Tid0x00002354] [debug] -->[C173] FlashTool_Disconnect #./api/api.cpp (line:1019)
[0000351] [14:47:14:562500] [Tid0x00002354] [debug] <--[C173] FlashTool_Disconnect
[0000352] [14:47:23:328125] [Tid0x00002464] [debug] -->[C174] DL_GetCount #./api/api.cpp (line:2710)
[0000353] [14:47:23:328125] [Tid0x00002464] [debug] <--[C174] DL_GetCount
[0000354] [14:47:23:328125] [Tid0x00002464] [debug] -->[C175] DL_Rom_GetInfoAll #./api/api.cpp (line:2875)
[0000355] [14:47:23:328125] [Tid0x00002464] [debug] <--[C175] DL_Rom_GetInfoAll
[0000356] [14:47:23:343750] [Tid0x00002464] [debug] -->[C176] DL_GetCount #./api/api.cpp (line:2710)
[0000357] [14:47:23:343750] [Tid0x00002464] [debug] <--[C176] DL_GetCount
[0000358] [14:47:23:343750] [Tid0x00002464] [debug] -->[C177] DL_Rom_GetInfoAll #./api/api.cpp (line:2875)
[0000359] [14:47:23:343750] [Tid0x00002464] [debug] <--[C177] DL_Rom_GetInfoAll
[0000360] [14:47:29:515625] [Tid0x00001020] [debug] -->[C178] FlashTool_Connect_BROM_ByName #./api/api.cpp (line:2102)
[0000361] [14:47:29:515625] [Tid0x00001020] [debug] -->[C179] FlashTool_Connect_BROM_Ex #./api/api.cpp (line:1862)
[0000362] [14:47:29:515625] [Tid0x00001020] [debug] bCheckScatter: 1
[0000363] [14:47:29:515625] [Tid0x00001020] [debug] have load scatter already
[0000364] [14:47:29:515625] [Tid0x00001020] [debug] libversion 1
[0000365] [14:47:29:640625] [Tid0x00001020] [debug] <--[C179] FlashTool_Connect_BROM_Ex
[0000366] [14:47:29:640625] [Tid0x00001020] [debug] <--[C178] FlashTool_Connect_BROM_ByName
[0000367] [14:47:29:640625] [Tid0x00001020] [debug] -->[C180] FlashTool_GetBootResult #./api/api.cpp (line:2114)
[0000368] [14:47:29:640625] [Tid0x00001020] [debug] <--[C180] FlashTool_GetBootResult
[0000369] [14:47:29:640625] [Tid0x00001020] [debug] -->[C181] FlashTool_Connect_Download_DA #./api/api.cpp (line:2134)
[0000370] [14:47:29:640625] [Tid0x00001020] [debug] bCheckScatter: 1
[0000371] [14:47:33:843750] [Tid0x00001020] [debug] <--[C181] FlashTool_Connect_Download_DA
[0000372] [14:47:33:843750] [Tid0x00001020] [debug] -->[C182] FlashTool_CheckUSBStatus #./api/api.cpp (line:1140)
[0000373] [14:47:33:843750] [Tid0x00001020] [debug] <--[C182] FlashTool_CheckUSBStatus
[0000374] [14:47:33:843750] [Tid0x00001020] [debug] -->[C183] FlashTool_SetupUSBDL #./api/api.cpp (line:1101)
[0000375] [14:47:33:859375] [Tid0x00001020] [debug] <--[C183] FlashTool_SetupUSBDL
[0000376] [14:47:36:515625] [Tid0x00001020] [debug] -->[C184] FlashTool_ChangeCOM_Ex #./api/api.cpp (line:1079)
[0000377] [14:47:36:515625] [Tid0x00001020] [debug] <--[C184] FlashTool_ChangeCOM_Ex
[0000378] [14:47:36:515625] [Tid0x00001020] [debug] -->[C185] FlashTool_CheckUSBStatus #./api/api.cpp (line:1140)
[0000379] [14:47:36:515625] [Tid0x00001020] [debug] <--[C185] FlashTool_CheckUSBStatus
[0000380] [14:47:36:531250] [Tid0x00001020] [debug] -->[C186] FlashTool_GetReservedRomSize #./api/api.cpp (line:1663)
[0000381] [14:47:36:546875] [Tid0x00001020] [debug] <--[C186] FlashTool_GetReservedRomSize
[0000382] [14:47:36:546875] [Tid0x00001020] [debug] -->[C187] FlashTool_Format #./api/api.cpp (line:1332)
[0000383] [14:47:36:625000] [Tid0x00001020] [debug] <--[C187] FlashTool_Format
[0000384] [14:47:36:640625] [Tid0x00001020] [debug] -->[C188] FlashTool_GetReservedRomSize #./api/api.cpp (line:1663)
[0000385] [14:47:36:640625] [Tid0x00001020] [debug] <--[C188] FlashTool_GetReservedRomSize
[0000386] [14:47:36:640625] [Tid0x00001020] [debug] -->[C189] FlashTool_Format #./api/api.cpp (line:1332)
[0000387] [14:47:36:671875] [Tid0x00001020] [debug] <--[C189] FlashTool_Format
[0000388] [14:47:36:671875] [Tid0x00001020] [debug] -->[C190] FlashTool_GetReservedRomSize #./api/api.cpp (line:1663)
[0000389] [14:47:36:671875] [Tid0x00001020] [debug] <--[C190] FlashTool_GetReservedRomSize
[0000390] [14:47:36:671875] [Tid0x00001020] [debug] -->[C191] FlashTool_Format #./api/api.cpp (line:1332)
[0000391] [14:47:36:703125] [Tid0x00001020] [debug] <--[C191] FlashTool_Format
[0000392] [14:47:36:718750] [Tid0x00001020] [debug] -->[C192] FlashTool_GetReservedRomSize #./api/api.cpp (line:1663)
[0000393] [14:47:36:734375] [Tid0x00001020] [debug] <--[C192] FlashTool_GetReservedRomSize
[0000394] [14:47:36:734375] [Tid0x00001020] [debug] -->[C193] FlashTool_Format #./api/api.cpp (line:1332)
[0000395] [14:47:36:765625] [Tid0x00001020] [debug] <--[C193] FlashTool_Format
[0000396] [14:47:36:765625] [Tid0x00001020] [debug] -->[C194] FlashTool_Download #./api/api.cpp (line:1286)
[0000397] [14:47:39:531250] [Tid0x00001020] [debug] <--[C194] FlashTool_Download
[0000398] [14:47:39:531250] [Tid0x00001020] [debug] -->[C195] FlashTool_Disconnect #./api/api.cpp (line:1019)
[0000399] [14:47:39:937500] [Tid0x00001020] [debug] <--[C195] FlashTool_Disconnect
[0000400] [14:48:13:828125] [Tid0x00002464] [debug] -->[C196] DL_GetCount #./api/api.cpp (line:2710)
[0000401] [14:48:13:828125] [Tid0x00002464] [debug] <--[C196] DL_GetCount
[0000402] [14:48:13:828125] [Tid0x00002464] [debug] -->[C197] DL_Rom_GetInfoAll #./api/api.cpp (line:2875)
[0000403] [14:48:13:828125] [Tid0x00002464] [debug] <--[C197] DL_Rom_GetInfoAll
[0000404] [14:48:13:828125] [Tid0x00002464] [debug] -->[C198] DL_Rom_SetEnableAttr #./api/api.cpp (line:2929)
[0000405] [14:48:13:828125] [Tid0x00002464] [debug] <--[C198] DL_Rom_SetEnableAttr
[0000406] [14:48:13:828125] [Tid0x00002464] [debug] -->[C199] DL_GetCount #./api/api.cpp (line:2710)
[0000407] [14:48:13:828125] [Tid0x00002464] [debug] <--[C199] DL_GetCount
[0000408] [14:48:13:828125] [Tid0x00002464] [debug] -->[C200] DL_Rom_GetInfoAll #./api/api.cpp (line:2875)
[0000409] [14:48:13:828125] [Tid0x00002464] [debug] <--[C200] DL_Rom_GetInfoAll
[0000410] [14:48:13:843750] [Tid0x00002464] [debug] -->[C201] DL_Rom_SetEnableAttr #./api/api.cpp (line:2929)
[0000411] [14:48:13:843750] [Tid0x00002464] [debug] <--[C201] DL_Rom_SetEnableAttr
[0000412] [14:48:13:843750] [Tid0x00002464] [debug] -->[C202] DL_GetCount #./api/api.cpp (line:2710)
[0000413] [14:48:13:843750] [Tid0x00002464] [debug] <--[C202] DL_GetCount
[0000414] [14:48:13:843750] [Tid0x00002464] [debug] -->[C203] DL_Rom_GetInfoAll #./api/api.cpp (line:2875)
[0000415] [14:48:13:843750] [Tid0x00002464] [debug] <--[C203] DL_Rom_GetInfoAll
[0000416] [14:48:13:843750] [Tid0x00002464] [debug] -->[C204] DL_Rom_SetEnableAttr #./api/api.cpp (line:2929)
[0000417] [14:48:13:843750] [Tid0x00002464] [debug] <--[C204] DL_Rom_SetEnableAttr
[0000418] [14:48:13:843750] [Tid0x00002464] [debug] -->[C205] DL_GetCount #./api/api.cpp (line:2710)
[0000419] [14:48:13:843750] [Tid0x00002464] [debug] <--[C205] DL_GetCount
[0000420] [14:48:13:843750] [Tid0x00002464] [debug] -->[C206] DL_Rom_GetInfoAll #./api/api.cpp (line:2875)
[0000421] [14:48:13:843750] [Tid0x00002464] [debug] <--[C206] DL_Rom_GetInfoAll
[0000422] [14:48:13:843750] [Tid0x00002464] [debug] -->[C207] DL_Rom_SetEnableAttr #./api/api.cpp (line:2929)
[0000423] [14:48:13:843750] [Tid0x00002464] [debug] <--[C207] DL_Rom_SetEnableAttr
[0000424] [14:48:13:843750] [Tid0x00002464] [debug] -->[C208] DL_GetCount #./api/api.cpp (line:2710)
[0000425] [14:48:13:843750] [Tid0x00002464] [debug] <--[C208] DL_GetCount
[0000426] [14:48:13:843750] [Tid0x00002464] [debug] -->[C209] DL_Rom_GetInfoAll #./api/api.cpp (line:2875)
[0000427] [14:48:13:843750] [Tid0x00002464] [debug] <--[C209] DL_Rom_GetInfoAll
[0000428] [14:48:13:859375] [Tid0x00002464] [debug] -->[C210] DL_Rom_SetEnableAttr #./api/api.cpp (line:2929)
[0000429] [14:48:13:859375] [Tid0x00002464] [debug] <--[C210] DL_Rom_SetEnableAttr
[0000430] [14:48:13:859375] [Tid0x00002464] [debug] -->[C211] DL_GetCount #./api/api.cpp (line:2710)
[0000431] [14:48:13:859375] [Tid0x00002464] [debug] <--[C211] DL_GetCount
[0000432] [14:48:13:859375] [Tid0x00002464] [debug] -->[C212] DL_Rom_GetInfoAll #./api/api.cpp (line:2875)
[0000433] [14:48:13:859375] [Tid0x00002464] [debug] <--[C212] DL_Rom_GetInfoAll
[0000434] [14:48:13:859375] [Tid0x00002464] [debug] -->[C213] DL_Rom_SetEnableAttr #./api/api.cpp (line:2929)
[0000435] [14:48:13:859375] [Tid0x00002464] [debug] <--[C213] DL_Rom_SetEnableAttr
[0000436] [14:48:13:859375] [Tid0x00002464] [debug] -->[C214] DL_GetCount #./api/api.cpp (line:2710)
[0000437] [14:48:13:859375] [Tid0x00002464] [debug] <--[C214] DL_GetCount
[0000438] [14:48:13:859375] [Tid0x00002464] [debug] -->[C215] DL_Rom_GetInfoAll #./api/api.cpp (line:2875)
[0000439] [14:48:13:859375] [Tid0x00002464] [debug] <--[C215] DL_Rom_GetInfoAll
[0000440] [14:48:13:859375] [Tid0x00002464] [debug] -->[C216] DL_Rom_SetEnableAttr #./api/api.cpp (line:2929)
[0000441] [14:48:13:859375] [Tid0x00002464] [debug] <--[C216] DL_Rom_SetEnableAttr
[0000442] [14:48:13:859375] [Tid0x00002464] [debug] -->[C217] DL_GetCount #./api/api.cpp (line:2710)
[0000443] [14:48:13:859375] [Tid0x00002464] [debug] <--[C217] DL_GetCount
[0000444] [14:48:13:859375] [Tid0x00002464] [debug] -->[C218] DL_Rom_GetInfoAll #./api/api.cpp (line:2875)
[0000445] [14:48:13:859375] [Tid0x00002464] [debug] <--[C218] DL_Rom_GetInfoAll
[0000446] [14:48:13:859375] [Tid0x00002464] [debug] -->[C219] DL_Rom_SetEnableAttr #./api/api.cpp (line:2929)
[0000447] [14:48:13:859375] [Tid0x00002464] [debug] <--[C219] DL_Rom_SetEnableAttr
[0000448] [14:48:13:859375] [Tid0x00002464] [debug] -->[C220] DL_GetCount #./api/api.cpp (line:2710)
[0000449] [14:48:13:859375] [Tid0x00002464] [debug] <--[C220] DL_GetCount
[0000450] [14:48:13:859375] [Tid0x00002464] [debug] -->[C221] DL_Rom_GetInfoAll #./api/api.cpp (line:2875)
[0000451] [14:48:13:859375] [Tid0x00002464] [debug] <--[C221] DL_Rom_GetInfoAll
[0000452] [14:48:13:859375] [Tid0x00002464] [debug] -->[C222] DL_Rom_SetEnableAttr #./api/api.cpp (line:2929)
[0000453] [14:48:13:859375] [Tid0x00002464] [debug] <--[C222] DL_Rom_SetEnableAttr
[0000454] [14:48:13:859375] [Tid0x00002464] [debug] -->[C223] DL_GetCount #./api/api.cpp (line:2710)
[0000455] [14:48:13:859375] [Tid0x00002464] [debug] <--[C223] DL_GetCount
[0000456] [14:48:13:859375] [Tid0x00002464] [debug] -->[C224] DL_Rom_GetInfoAll #./api/api.cpp (line:2875)
[0000457] [14:48:13:859375] [Tid0x00002464] [debug] <--[C224] DL_Rom_GetInfoAll
[0000458] [14:48:13:875000] [Tid0x00002464] [debug] -->[C225] DL_Rom_SetEnableAttr #./api/api.cpp (line:2929)
[0000459] [14:48:13:875000] [Tid0x00002464] [debug] <--[C225] DL_Rom_SetEnableAttr
[0000460] [14:48:14:984375] [Tid0x00002464] [debug] -->[C226] DL_GetCount #./api/api.cpp (line:2710)
[0000461] [14:48:14:984375] [Tid0x00002464] [debug] <--[C226] DL_GetCount
[0000462] [14:48:14:984375] [Tid0x00002464] [debug] -->[C227] DL_Rom_GetInfoAll #./api/api.cpp (line:2875)
[0000463] [14:48:14:984375] [Tid0x00002464] [debug] <--[C227] DL_Rom_GetInfoAll
[0000464] [14:48:14:984375] [Tid0x00002464] [debug] -->[C228] DL_Rom_SetEnableAttr #./api/api.cpp (line:2929)
[0000465] [14:48:14:984375] [Tid0x00002464] [debug] <--[C228] DL_Rom_SetEnableAttr
[0000466] [14:48:15:937500] [Tid0x00002464] [debug] -->[C229] DL_GetCount #./api/api.cpp (line:2710)
[0000467] [14:48:15:937500] [Tid0x00002464] [debug] <--[C229] DL_GetCount
[0000468] [14:48:15:937500] [Tid0x00002464] [debug] -->[C230] DL_Rom_GetInfoAll #./api/api.cpp (line:2875)
[0000469] [14:48:15:937500] [Tid0x00002464] [debug] <--[C230] DL_Rom_GetInfoAll
[0000470] [14:48:15:937500] [Tid0x00002464] [debug] -->[C231] DL_Rom_SetEnableAttr #./api/api.cpp (line:2929)
[0000471] [14:48:15:937500] [Tid0x00002464] [debug] <--[C231] DL_Rom_SetEnableAttr
[0000472] [14:48:16:609375] [Tid0x00002464] [debug] -->[C232] DL_GetCount #./api/api.cpp (line:2710)
[0000473] [14:48:16:609375] [Tid0x00002464] [debug] <--[C232] DL_GetCount
[0000474] [14:48:16:609375] [Tid0x00002464] [debug] -->[C233] DL_Rom_GetInfoAll #./api/api.cpp (line:2875)
[0000475] [14:48:16:609375] [Tid0x00002464] [debug] <--[C233] DL_Rom_GetInfoAll
[0000476] [14:48:16:609375] [Tid0x00002464] [debug] -->[C234] DL_Rom_SetEnableAttr #./api/api.cpp (line:2929)
[0000477] [14:48:16:609375] [Tid0x00002464] [debug] <--[C234] DL_Rom_SetEnableAttr
[0000478] [14:48:17:640625] [Tid0x00002464] [debug] -->[C235] DL_GetCount #./api/api.cpp (line:2710)
[0000479] [14:48:17:656250] [Tid0x00002464] [debug] <--[C235] DL_GetCount
[0000480] [14:48:17:656250] [Tid0x00002464] [debug] -->[C236] DL_Rom_GetInfoAll #./api/api.cpp (line:2875)
[0000481] [14:48:17:656250] [Tid0x00002464] [debug] <--[C236] DL_Rom_GetInfoAll
[0000482] [14:48:17:656250] [Tid0x00002464] [debug] -->[C237] DL_GetCount #./api/api.cpp (line:2710)
[0000483] [14:48:17:656250] [Tid0x00002464] [debug] <--[C237] DL_GetCount
[0000484] [14:48:17:656250] [Tid0x00002464] [debug] -->[C238] DL_Rom_GetInfoAll #./api/api.cpp (line:2875)
[0000485] [14:48:17:656250] [Tid0x00002464] [debug] <--[C238] DL_Rom_GetInfoAll
[0000486] [14:48:26:859375] [Tid0x0000217c] [debug] -->[C239] FlashTool_Connect_BROM_ByName #./api/api.cpp (line:2102)
[0000487] [14:48:26:859375] [Tid0x0000217c] [debug] -->[C240] FlashTool_Connect_BROM_Ex #./api/api.cpp (line:1862)
[0000488] [14:48:26:859375] [Tid0x0000217c] [debug] bCheckScatter: 1
[0000489] [14:48:26:859375] [Tid0x0000217c] [debug] have load scatter already
[0000490] [14:48:26:859375] [Tid0x0000217c] [debug] libversion 1
[0000491] [14:48:27:046875] [Tid0x0000217c] [debug] <--[C240] FlashTool_Connect_BROM_Ex
[0000492] [14:48:27:046875] [Tid0x0000217c] [debug] <--[C239] FlashTool_Connect_BROM_ByName
[0000493] [14:48:27:046875] [Tid0x0000217c] [debug] -->[C241] FlashTool_GetBootResult #./api/api.cpp (line:2114)
[0000494] [14:48:27:046875] [Tid0x0000217c] [debug] <--[C241] FlashTool_GetBootResult
[0000495] [14:48:27:046875] [Tid0x0000217c] [debug] -->[C242] FlashTool_Connect_Download_DA #./api/api.cpp (line:2134)
[0000496] [14:48:27:046875] [Tid0x0000217c] [debug] bCheckScatter: 1
[0000497] [14:48:32:265625] [Tid0x0000217c] [debug] <--[C242] FlashTool_Connect_Download_DA
[0000498] [14:48:32:265625] [Tid0x0000217c] [debug] -->[C243] FlashTool_CheckUSBStatus #./api/api.cpp (line:1140)
[0000499] [14:48:32:265625] [Tid0x0000217c] [debug] <--[C243] FlashTool_CheckUSBStatus
[0000500] [14:48:32:265625] [Tid0x0000217c] [debug] -->[C244] FlashTool_SetupUSBDL #./api/api.cpp (line:1101)
[0000501] [14:48:32:265625] [Tid0x0000217c] [debug] <--[C244] FlashTool_SetupUSBDL
[0000502] [14:48:34:406250] [Tid0x0000217c] [debug] -->[C245] FlashTool_ChangeCOM_Ex #./api/api.cpp (line:1079)
[0000503] [14:48:34:437500] [Tid0x0000217c] [debug] <--[C245] FlashTool_ChangeCOM_Ex
[0000504] [14:48:34:437500] [Tid0x0000217c] [debug] -->[C246] FlashTool_CheckUSBStatus #./api/api.cpp (line:1140)
[0000505] [14:48:34:437500] [Tid0x0000217c] [debug] <--[C246] FlashTool_CheckUSBStatus
[0000506] [14:48:34:453125] [Tid0x0000217c] [debug] -->[C247] FlashTool_GetReservedRomSize #./api/api.cpp (line:1663)
[0000507] [14:48:34:453125] [Tid0x0000217c] [debug] <--[C247] FlashTool_GetReservedRomSize
[0000508] [14:48:34:453125] [Tid0x0000217c] [debug] -->[C248] FlashTool_RomGetCount #./api/api.cpp (line:1688)
[0000509] [14:48:34:453125] [Tid0x0000217c] [debug] <--[C248] FlashTool_RomGetCount
[0000510] [14:48:34:453125] [Tid0x0000217c] [debug] -->[C249] FlashTool_RomGetInfoAll #./api/api.cpp (line:1705)
[0000511] [14:48:34:453125] [Tid0x0000217c] [debug] <--[C249] FlashTool_RomGetInfoAll
[0000512] [14:48:34:453125] [Tid0x0000217c] [debug] -->[C250] FlashTool_ReadPartitionCount #./api/api.cpp (line:1619)
[0000513] [14:48:34:453125] [Tid0x0000217c] [debug] <--[C250] FlashTool_ReadPartitionCount
[0000514] [14:48:34:453125] [Tid0x0000217c] [debug] -->[C251] FlashTool_Download #./api/api.cpp (line:1286)
[0000515] [14:48:36:828125] [Tid0x0000217c] [debug] <--[C251] FlashTool_Download
[0000516] [14:48:36:828125] [Tid0x0000217c] [debug] -->[C252] DL_GetCount #./api/api.cpp (line:2710)
[0000517] [14:48:36:828125] [Tid0x0000217c] [debug] <--[C252] DL_GetCount
[0000518] [14:48:36:828125] [Tid0x0000217c] [debug] -->[C253] DL_Rom_GetInfoAll #./api/api.cpp (line:2875)
[0000519] [14:48:36:828125] [Tid0x0000217c] [debug] <--[C253] DL_Rom_GetInfoAll
[0000520] [14:48:36:828125] [Tid0x0000217c] [debug] -->[C254] FlashTool_Disconnect #./api/api.cpp (line:1019)
[0000521] [14:48:36:859375] [Tid0x0000217c] [debug] <--[C254] FlashTool_Disconnect
[0000522] [14:48:43:656250] [Tid0x00002464] [debug] -->[C255] DL_GetCount #./api/api.cpp (line:2710)
[0000523] [14:48:43:656250] [Tid0x00002464] [debug] <--[C255] DL_GetCount
[0000524] [14:48:43:656250] [Tid0x00002464] [debug] -->[C256] DL_Rom_GetInfoAll #./api/api.cpp (line:2875)
[0000525] [14:48:43:656250] [Tid0x00002464] [debug] <--[C256] DL_Rom_GetInfoAll
[0000526] [14:48:43:656250] [Tid0x00002464] [debug] -->[C257] DL_Rom_SetEnableAttr #./api/api.cpp (line:2929)
[0000527] [14:48:43:656250] [Tid0x00002464] [debug] <--[C257] DL_Rom_SetEnableAttr
[0000528] [14:48:44:203125] [Tid0x00002464] [debug] -->[C258] DL_GetCount #./api/api.cpp (line:2710)
[0000529] [14:48:44:203125] [Tid0x00002464] [debug] <--[C258] DL_GetCount
[0000530] [14:48:44:203125] [Tid0x00002464] [debug] -->[C259] DL_Rom_GetInfoAll #./api/api.cpp (line:2875)
[0000531] [14:48:44:203125] [Tid0x00002464] [debug] <--[C259] DL_Rom_GetInfoAll
[0000532] [14:48:44:203125] [Tid0x00002464] [debug] -->[C260] DL_Rom_SetEnableAttr #./api/api.cpp (line:2929)
[0000533] [14:48:44:203125] [Tid0x00002464] [debug] <--[C260] DL_Rom_SetEnableAttr
[0000534] [14:48:45:093750] [Tid0x00002464] [debug] -->[C261] DL_GetCount #./api/api.cpp (line:2710)
[0000535] [14:48:45:093750] [Tid0x00002464] [debug] <--[C261] DL_GetCount
[0000536] [14:48:45:093750] [Tid0x00002464] [debug] -->[C262] DL_Rom_GetInfoAll #./api/api.cpp (line:2875)
[0000537] [14:48:45:093750] [Tid0x00002464] [debug] <--[C262] DL_Rom_GetInfoAll
[0000538] [14:48:45:109375] [Tid0x00002464] [debug] -->[C263] DL_GetCount #./api/api.cpp (line:2710)
[0000539] [14:48:45:109375] [Tid0x00002464] [debug] <--[C263] DL_GetCount
[0000540] [14:48:45:109375] [Tid0x00002464] [debug] -->[C264] DL_Rom_GetInfoAll #./api/api.cpp (line:2875)
[0000541] [14:48:45:109375] [Tid0x00002464] [debug] <--[C264] DL_Rom_GetInfoAll
[0000542] [14:48:51:953125] [Tid0x000024bc] [debug] -->[C265] FlashTool_Connect_BROM_ByName #./api/api.cpp (line:2102)
[0000543] [14:48:51:953125] [Tid0x000024bc] [debug] -->[C266] FlashTool_Connect_BROM_Ex #./api/api.cpp (line:1862)
[0000544] [14:48:51:953125] [Tid0x000024bc] [debug] bCheckScatter: 1
[0000545] [14:48:51:953125] [Tid0x000024bc] [debug] have load scatter already
[0000546] [14:48:51:953125] [Tid0x000024bc] [debug] libversion 1
[0000547] [14:48:52:093750] [Tid0x000024bc] [debug] <--[C266] FlashTool_Connect_BROM_Ex
[0000548] [14:48:52:093750] [Tid0x000024bc] [debug] <--[C265] FlashTool_Connect_BROM_ByName
[0000549] [14:48:52:093750] [Tid0x000024bc] [debug] -->[C267] FlashTool_GetBootResult #./api/api.cpp (line:2114)
[0000550] [14:48:52:093750] [Tid0x000024bc] [debug] <--[C267] FlashTool_GetBootResult
[0000551] [14:48:52:093750] [Tid0x000024bc] [debug] -->[C268] FlashTool_Connect_Download_DA #./api/api.cpp (line:2134)
[0000552] [14:48:52:093750] [Tid0x000024bc] [debug] bCheckScatter: 1
[0000553] [14:48:57:109375] [Tid0x000024bc] [debug] <--[C268] FlashTool_Connect_Download_DA
[0000554] [14:48:57:109375] [Tid0x000024bc] [debug] -->[C269] FlashTool_CheckUSBStatus #./api/api.cpp (line:1140)
[0000555] [14:48:57:125000] [Tid0x000024bc] [debug] <--[C269] FlashTool_CheckUSBStatus
[0000556] [14:48:57:125000] [Tid0x000024bc] [debug] -->[C270] FlashTool_SetupUSBDL #./api/api.cpp (line:1101)
[0000557] [14:48:57:125000] [Tid0x000024bc] [debug] <--[C270] FlashTool_SetupUSBDL
[0000558] [14:48:59:828125] [Tid0x000024bc] [debug] -->[C271] FlashTool_ChangeCOM_Ex #./api/api.cpp (line:1079)
[0000559] [14:48:59:843750] [Tid0x000024bc] [debug] <--[C271] FlashTool_ChangeCOM_Ex
[0000560] [14:48:59:843750] [Tid0x000024bc] [debug] -->[C272] FlashTool_CheckUSBStatus #./api/api.cpp (line:1140)
[0000561] [14:48:59:843750] [Tid0x000024bc] [debug] <--[C272] FlashTool_CheckUSBStatus
[0000562] [14:48:59:843750] [Tid0x000024bc] [debug] -->[C273] FlashTool_GetReservedRomSize #./api/api.cpp (line:1663)
[0000563] [14:48:59:843750] [Tid0x000024bc] [debug] <--[C273] FlashTool_GetReservedRomSize
[0000564] [14:48:59:843750] [Tid0x000024bc] [debug] -->[C274] FlashTool_RomGetCount #./api/api.cpp (line:1688)
[0000565] [14:48:59:843750] [Tid0x000024bc] [debug] <--[C274] FlashTool_RomGetCount
[0000566] [14:48:59:843750] [Tid0x000024bc] [debug] -->[C275] FlashTool_RomGetInfoAll #./api/api.cpp (line:1705)
[0000567] [14:48:59:843750] [Tid0x000024bc] [debug] <--[C275] FlashTool_RomGetInfoAll
[0000568] [14:48:59:843750] [Tid0x000024bc] [debug] -->[C276] FlashTool_ReadPartitionCount #./api/api.cpp (line:1619)
[0000569] [14:48:59:843750] [Tid0x000024bc] [debug] <--[C276] FlashTool_ReadPartitionCount
[0000570] [14:48:59:843750] [Tid0x000024bc] [debug] -->[C277] FlashTool_Download #./api/api.cpp (line:1286)
[0000571] [14:48:59:890625] [Tid0x000024bc] [debug] <--[C277] FlashTool_Download
[0000572] [14:48:59:890625] [Tid0x000024bc] [debug] -->[C278] FlashTool_Disconnect #./api/api.cpp (line:1019)
[0000573] [14:48:59:937500] [Tid0x000024bc] [debug] <--[C278] FlashTool_Disconnect
[0000574] [15:01:02:859375] [Tid0x00002088] [debug] -->[C279] DL_LoadScatter #./api/api.cpp (line:2601)
[0000575] [15:01:02:875000] [Tid0x00002088] [debug] used lib version: 1
[0000576] [15:01:02:875000] [Tid0x00002088] [debug] <--[C279] DL_LoadScatter
[0000577] [15:01:02:875000] [Tid0x00002088] [debug] -->[C280] DL_AutoLoadRomImages #./api/api.cpp (line:2790)
[0000578] [15:01:02:984375] [Tid0x00002088] [debug] <--[C280] DL_AutoLoadRomImages
[0000579] [15:01:03:000000] [Tid0x00002464] [debug] -->[C281] DL_GetCount #./api/api.cpp (line:2710)
[0000580] [15:01:03:000000] [Tid0x00002464] [debug] <--[C281] DL_GetCount
[0000581] [15:01:03:000000] [Tid0x00002464] [debug] -->[C282] DL_Rom_GetInfoAll #./api/api.cpp (line:2875)
[0000582] [15:01:03:000000] [Tid0x00002464] [debug] <--[C282] DL_Rom_GetInfoAll
[0000583] [15:01:03:015625] [Tid0x00002464] [debug] -->[C283] DL_GetScatterInfo #./api/api.cpp (line:2811)
[0000584] [15:01:03:015625] [Tid0x00002464] [debug] <--[C283] DL_GetScatterInfo
[0000585] [15:01:03:015625] [Tid0x00002464] [debug] -->[C284] DL_GetCount #./api/api.cpp (line:2710)
[0000586] [15:01:03:015625] [Tid0x00002464] [debug] <--[C284] DL_GetCount
[0000587] [15:01:03:015625] [Tid0x00002464] [debug] -->[C285] DL_Rom_GetInfoAll #./api/api.cpp (line:2875)
[0000588] [15:01:03:015625] [Tid0x00002464] [debug] <--[C285] DL_Rom_GetInfoAll
[0000589] [15:01:03:031250] [Tid0x00002464] [debug] -->[C286] DL_Rom_SetEnableAttr #./api/api.cpp (line:2929)
[0000590] [15:01:03:031250] [Tid0x00002464] [debug] <--[C286] DL_Rom_SetEnableAttr
[0000591] [15:01:03:031250] [Tid0x00002464] [debug] -->[C287] DL_GetCount #./api/api.cpp (line:2710)
[0000592] [15:01:03:031250] [Tid0x00002464] [debug] <--[C287] DL_GetCount
[0000593] [15:01:03:031250] [Tid0x00002464] [debug] -->[C288] DL_Rom_GetInfoAll #./api/api.cpp (line:2875)
[0000594] [15:01:03:031250] [Tid0x00002464] [debug] <--[C288] DL_Rom_GetInfoAll
[0000595] [15:01:03:031250] [Tid0x00002464] [debug] -->[C289] DL_Rom_SetEnableAttr #./api/api.cpp (line:2929)
[0000596] [15:01:03:031250] [Tid0x00002464] [debug] <--[C289] DL_Rom_SetEnableAttr
[0000597] [15:01:03:031250] [Tid0x00002464] [debug] -->[C290] DL_GetCount #./api/api.cpp (line:2710)
[0000598] [15:01:03:031250] [Tid0x00002464] [debug] <--[C290] DL_GetCount
[0000599] [15:01:03:031250] [Tid0x00002464] [debug] -->[C291] DL_Rom_GetInfoAll #./api/api.cpp (line:2875)
[0000600] [15:01:03:031250] [Tid0x00002464] [debug] <--[C291] DL_Rom_GetInfoAll
[0000601] [15:01:03:031250] [Tid0x00002464] [debug] -->[C292] DL_Rom_SetEnableAttr #./api/api.cpp (line:2929)
[0000602] [15:01:03:031250] [Tid0x00002464] [debug] <--[C292] DL_Rom_SetEnableAttr
[0000603] [15:01:03:046875] [Tid0x00002464] [debug] -->[C293] DL_GetCount #./api/api.cpp (line:2710)
[0000604] [15:01:03:046875] [Tid0x00002464] [debug] <--[C293] DL_GetCount
[0000605] [15:01:03:046875] [Tid0x00002464] [debug] -->[C294] DL_Rom_GetInfoAll #./api/api.cpp (line:2875)
[0000606] [15:01:03:046875] [Tid0x00002464] [debug] <--[C294] DL_Rom_GetInfoAll
[0000607] [15:01:03:046875] [Tid0x00002464] [debug] -->[C295] DL_Rom_SetEnableAttr #./api/api.cpp (line:2929)
[0000608] [15:01:03:046875] [Tid0x00002464] [debug] <--[C295] DL_Rom_SetEnableAttr
[0000609] [15:01:03:046875] [Tid0x00002464] [debug] -->[C296] DL_GetCount #./api/api.cpp (line:2710)
[0000610] [15:01:03:046875] [Tid0x00002464] [debug] <--[C296] DL_GetCount
[0000611] [15:01:03:046875] [Tid0x00002464] [debug] -->[C297] DL_Rom_GetInfoAll #./api/api.cpp (line:2875)
[0000612] [15:01:03:046875] [Tid0x00002464] [debug] <--[C297] DL_Rom_GetInfoAll
[0000613] [15:01:03:062500] [Tid0x00002464] [debug] -->[C298] DL_Rom_SetEnableAttr #./api/api.cpp (line:2929)
[0000614] [15:01:03:062500] [Tid0x00002464] [debug] <--[C298] DL_Rom_SetEnableAttr
[0000615] [15:01:03:062500] [Tid0x00002464] [debug] -->[C299] DL_GetCount #./api/api.cpp (line:2710)
[0000616] [15:01:03:062500] [Tid0x00002464] [debug] <--[C299] DL_GetCount
[0000617] [15:01:03:062500] [Tid0x00002464] [debug] -->[C300] DL_Rom_GetInfoAll #./api/api.cpp (line:2875)
[0000618] [15:01:03:062500] [Tid0x00002464] [debug] <--[C300] DL_Rom_GetInfoAll
[0000619] [15:01:03:062500] [Tid0x00002464] [debug] -->[C301] DL_Rom_SetEnableAttr #./api/api.cpp (line:2929)
[0000620] [15:01:03:062500] [Tid0x00002464] [debug] <--[C301] DL_Rom_SetEnableAttr
[0000621] [15:01:03:062500] [Tid0x00002464] [debug] -->[C302] DL_GetCount #./api/api.cpp (line:2710)
[0000622] [15:01:03:062500] [Tid0x00002464] [debug] <--[C302] DL_GetCount
[0000623] [15:01:03:062500] [Tid0x00002464] [debug] -->[C303] DL_Rom_GetInfoAll #./api/api.cpp (line:2875)
[0000624] [15:01:03:062500] [Tid0x00002464] [debug] <--[C303] DL_Rom_GetInfoAll
[0000625] [15:01:03:078125] [Tid0x00002464] [debug] -->[C304] DL_Rom_SetEnableAttr #./api/api.cpp (line:2929)
[0000626] [15:01:03:078125] [Tid0x00002464] [debug] <--[C304] DL_Rom_SetEnableAttr
[0000627] [15:01:03:078125] [Tid0x00002464] [debug] -->[C305] DL_GetCount #./api/api.cpp (line:2710)
[0000628] [15:01:03:078125] [Tid0x00002464] [debug] <--[C305] DL_GetCount
[0000629] [15:01:03:078125] [Tid0x00002464] [debug] -->[C306] DL_Rom_GetInfoAll #./api/api.cpp (line:2875)
[0000630] [15:01:03:078125] [Tid0x00002464] [debug] <--[C306] DL_Rom_GetInfoAll
[0000631] [15:01:03:078125] [Tid0x00002464] [debug] -->[C307] DL_Rom_SetEnableAttr #./api/api.cpp (line:2929)
[0000632] [15:01:03:078125] [Tid0x00002464] [debug] <--[C307] DL_Rom_SetEnableAttr
[0000633] [15:01:03:078125] [Tid0x00002464] [debug] -->[C308] DL_GetCount #./api/api.cpp (line:2710)
[0000634] [15:01:03:078125] [Tid0x00002464] [debug] <--[C308] DL_GetCount
[0000635] [15:01:03:078125] [Tid0x00002464] [debug] -->[C309] DL_Rom_GetInfoAll #./api/api.cpp (line:2875)
[0000636] [15:01:03:078125] [Tid0x00002464] [debug] <--[C309] DL_Rom_GetInfoAll
[0000637] [15:01:03:093750] [Tid0x00002464] [debug] -->[C310] DL_Rom_SetEnableAttr #./api/api.cpp (line:2929)
[0000638] [15:01:03:093750] [Tid0x00002464] [debug] <--[C310] DL_Rom_SetEnableAttr
[0000639] [15:01:03:093750] [Tid0x00002464] [debug] -->[C311] DL_GetCount #./api/api.cpp (line:2710)
[0000640] [15:01:03:093750] [Tid0x00002464] [debug] <--[C311] DL_GetCount
[0000641] [15:01:03:093750] [Tid0x00002464] [debug] -->[C312] DL_Rom_GetInfoAll #./api/api.cpp (line:2875)
[0000642] [15:01:03:093750] [Tid0x00002464] [debug] <--[C312] DL_Rom_GetInfoAll
[0000643] [15:01:03:093750] [Tid0x00002464] [debug] -->[C313] DL_Rom_SetEnableAttr #./api/api.cpp (line:2929)
[0000644] [15:01:03:093750] [Tid0x00002464] [debug] <--[C313] DL_Rom_SetEnableAttr
[0000645] [15:01:03:109375] [Tid0x00002464] [debug] -->[C314] DL_SetChecksumLevel #./api/api.cpp (line:2643)
[0000646] [15:01:03:109375] [Tid0x00002464] [debug] <--[C314] DL_SetChecksumLevel
[0000647] [15:01:07:453125] [Tid0x00002464] [debug] -->[C315] DL_GetCount #./api/api.cpp (line:2710)
[0000648] [15:01:07:453125] [Tid0x00002464] [debug] <--[C315] DL_GetCount
[0000649] [15:01:07:453125] [Tid0x00002464] [debug] -->[C316] DL_Rom_GetInfoAll #./api/api.cpp (line:2875)
[0000650] [15:01:07:453125] [Tid0x00002464] [debug] <--[C316] DL_Rom_GetInfoAll
[0000651] [15:01:07:453125] [Tid0x00002464] [debug] -->[C317] DL_Rom_SetEnableAttr #./api/api.cpp (line:2929)
[0000652] [15:01:07:453125] [Tid0x00002464] [debug] <--[C317] DL_Rom_SetEnableAttr
[0000653] [15:01:07:453125] [Tid0x00002464] [debug] -->[C318] DL_GetCount #./api/api.cpp (line:2710)
[0000654] [15:01:07:453125] [Tid0x00002464] [debug] <--[C318] DL_GetCount
[0000655] [15:01:07:453125] [Tid0x00002464] [debug] -->[C319] DL_Rom_GetInfoAll #./api/api.cpp (line:2875)
[0000656] [15:01:07:453125] [Tid0x00002464] [debug] <--[C319] DL_Rom_GetInfoAll
[0000657] [15:01:07:468750] [Tid0x00002464] [debug] -->[C320] DL_Rom_SetEnableAttr #./api/api.cpp (line:2929)
[0000658] [15:01:07:468750] [Tid0x00002464] [debug] <--[C320] DL_Rom_SetEnableAttr
[0000659] [15:01:07:468750] [Tid0x00002464] [debug] -->[C321] DL_GetCount #./api/api.cpp (line:2710)
[0000660] [15:01:07:468750] [Tid0x00002464] [debug] <--[C321] DL_GetCount
[0000661] [15:01:07:468750] [Tid0x00002464] [debug] -->[C322] DL_Rom_GetInfoAll #./api/api.cpp (line:2875)
[0000662] [15:01:07:468750] [Tid0x00002464] [debug] <--[C322] DL_Rom_GetInfoAll
[0000663] [15:01:07:484375] [Tid0x00002464] [debug] -->[C323] DL_Rom_SetEnableAttr #./api/api.cpp (line:2929)
[0000664] [15:01:07:484375] [Tid0x00002464] [debug] <--[C323] DL_Rom_SetEnableAttr
[0000665] [15:01:07:484375] [Tid0x00002464] [debug] -->[C324] DL_GetCount #./api/api.cpp (line:2710)
[0000666] [15:01:07:484375] [Tid0x00002464] [debug] <--[C324] DL_GetCount
[0000667] [15:01:07:484375] [Tid0x00002464] [debug] -->[C325] DL_Rom_GetInfoAll #./api/api.cpp (line:2875)
[0000668] [15:01:07:484375] [Tid0x00002464] [debug] <--[C325] DL_Rom_GetInfoAll
[0000669] [15:01:07:484375] [Tid0x00002464] [debug] -->[C326] DL_Rom_SetEnableAttr #./api/api.cpp (line:2929)
[0000670] [15:01:07:484375] [Tid0x00002464] [debug] <--[C326] DL_Rom_SetEnableAttr
[0000671] [15:01:07:484375] [Tid0x00002464] [debug] -->[C327] DL_GetCount #./api/api.cpp (line:2710)
[0000672] [15:01:07:484375] [Tid0x00002464] [debug] <--[C327] DL_GetCount
[0000673] [15:01:07:484375] [Tid0x00002464] [debug] -->[C328] DL_Rom_GetInfoAll #./api/api.cpp (line:2875)
[0000674] [15:01:07:484375] [Tid0x00002464] [debug] <--[C328] DL_Rom_GetInfoAll
[0000675] [15:01:07:484375] [Tid0x00002464] [debug] -->[C329] DL_Rom_SetEnableAttr #./api/api.cpp (line:2929)
[0000676] [15:01:07:484375] [Tid0x00002464] [debug] <--[C329] DL_Rom_SetEnableAttr
[0000677] [15:01:07:484375] [Tid0x00002464] [debug] -->[C330] DL_GetCount #./api/api.cpp (line:2710)
[0000678] [15:01:07:484375] [Tid0x00002464] [debug] <--[C330] DL_GetCount
[0000679] [15:01:07:484375] [Tid0x00002464] [debug] -->[C331] DL_Rom_GetInfoAll #./api/api.cpp (line:2875)
[0000680] [15:01:07:500000] [Tid0x00002464] [debug] <--[C331] DL_Rom_GetInfoAll
[0000681] [15:01:07:500000] [Tid0x00002464] [debug] -->[C332] DL_Rom_SetEnableAttr #./api/api.cpp (line:2929)
[0000682] [15:01:07:500000] [Tid0x00002464] [debug] <--[C332] DL_Rom_SetEnableAttr
[0000683] [15:01:07:500000] [Tid0x00002464] [debug] -->[C333] DL_GetCount #./api/api.cpp (line:2710)
[0000684] [15:01:07:500000] [Tid0x00002464] [debug] <--[C333] DL_GetCount
[0000685] [15:01:07:500000] [Tid0x00002464] [debug] -->[C334] DL_Rom_GetInfoAll #./api/api.cpp (line:2875)
[0000686] [15:01:07:500000] [Tid0x00002464] [debug] <--[C334] DL_Rom_GetInfoAll
[0000687] [15:01:07:500000] [Tid0x00002464] [debug] -->[C335] DL_Rom_SetEnableAttr #./api/api.cpp (line:2929)
[0000688] [15:01:07:500000] [Tid0x00002464] [debug] <--[C335] DL_Rom_SetEnableAttr
[0000689] [15:01:07:500000] [Tid0x00002464] [debug] -->[C336] DL_GetCount #./api/api.cpp (line:2710)
[0000690] [15:01:07:500000] [Tid0x00002464] [debug] <--[C336] DL_GetCount
[0000691] [15:01:07:500000] [Tid0x00002464] [debug] -->[C337] DL_Rom_GetInfoAll #./api/api.cpp (line:2875)
[0000692] [15:01:07:500000] [Tid0x00002464] [debug] <--[C337] DL_Rom_GetInfoAll
[0000693] [15:01:07:500000] [Tid0x00002464] [debug] -->[C338] DL_Rom_SetEnableAttr #./api/api.cpp (line:2929)
[0000694] [15:01:07:500000] [Tid0x00002464] [debug] <--[C338] DL_Rom_SetEnableAttr
[0000695] [15:01:07:515625] [Tid0x00002464] [debug] -->[C339] DL_GetCount #./api/api.cpp (line:2710)
[0000696] [15:01:07:515625] [Tid0x00002464] [debug] <--[C339] DL_GetCount
[0000697] [15:01:07:515625] [Tid0x00002464] [debug] -->[C340] DL_Rom_GetInfoAll #./api/api.cpp (line:2875)
[0000698] [15:01:07:515625] [Tid0x00002464] [debug] <--[C340] DL_Rom_GetInfoAll
[0000699] [15:01:07:515625] [Tid0x00002464] [debug] -->[C341] DL_Rom_SetEnableAttr #./api/api.cpp (line:2929)
[0000700] [15:01:07:515625] [Tid0x00002464] [debug] <--[C341] DL_Rom_SetEnableAttr
[0000701] [15:01:07:515625] [Tid0x00002464] [debug] -->[C342] DL_GetCount #./api/api.cpp (line:2710)
[0000702] [15:01:07:515625] [Tid0x00002464] [debug] <--[C342] DL_GetCount
[0000703] [15:01:07:515625] [Tid0x00002464] [debug] -->[C343] DL_Rom_GetInfoAll #./api/api.cpp (line:2875)
[0000704] [15:01:07:515625] [Tid0x00002464] [debug] <--[C343] DL_Rom_GetInfoAll
[0000705] [15:01:07:531250] [Tid0x00002464] [debug] -->[C344] DL_Rom_SetEnableAttr #./api/api.cpp (line:2929)
[0000706] [15:01:07:531250] [Tid0x00002464] [debug] <--[C344] DL_Rom_SetEnableAttr
[0000707] [15:01:07:531250] [Tid0x00002464] [debug] -->[C345] DL_GetCount #./api/api.cpp (line:2710)
[0000708] [15:01:07:531250] [Tid0x00002464] [debug] <--[C345] DL_GetCount
[0000709] [15:01:07:531250] [Tid0x00002464] [debug] -->[C346] DL_Rom_GetInfoAll #./api/api.cpp (line:2875)
[0000710] [15:01:07:531250] [Tid0x00002464] [debug] <--[C346] DL_Rom_GetInfoAll
[0000711] [15:01:07:531250] [Tid0x00002464] [debug] -->[C347] DL_Rom_SetEnableAttr #./api/api.cpp (line:2929)
[0000712] [15:01:07:531250] [Tid0x00002464] [debug] <--[C347] DL_Rom_SetEnableAttr
[0000713] [15:01:07:531250] [Tid0x00002464] [debug] -->[C348] DL_GetCount #./api/api.cpp (line:2710)
[0000714] [15:01:07:531250] [Tid0x00002464] [debug] <--[C348] DL_GetCount
[0000715] [15:01:07:531250] [Tid0x00002464] [debug] -->[C349] DL_Rom_GetInfoAll #./api/api.cpp (line:2875)
[0000716] [15:01:07:531250] [Tid0x00002464] [debug] <--[C349] DL_Rom_GetInfoAll
[0000717] [15:01:07:531250] [Tid0x00002464] [debug] -->[C350] DL_Rom_SetEnableAttr #./api/api.cpp (line:2929)
[0000718] [15:01:07:531250] [Tid0x00002464] [debug] <--[C350] DL_Rom_SetEnableAttr
[0000719] [15:01:07:531250] [Tid0x00002464] [debug] -->[C351] DL_GetCount #./api/api.cpp (line:2710)
[0000720] [15:01:07:531250] [Tid0x00002464] [debug] <--[C351] DL_GetCount
[0000721] [15:01:07:531250] [Tid0x00002464] [debug] -->[C352] DL_Rom_GetInfoAll #./api/api.cpp (line:2875)
[0000722] [15:01:07:531250] [Tid0x00002464] [debug] <--[C352] DL_Rom_GetInfoAll
[0000723] [15:01:07:531250] [Tid0x00002464] [debug] -->[C353] DL_Rom_SetEnableAttr #./api/api.cpp (line:2929)
[0000724] [15:01:07:531250] [Tid0x00002464] [debug] <--[C353] DL_Rom_SetEnableAttr
[0000725] [15:01:07:531250] [Tid0x00002464] [debug] -->[C354] DL_GetCount #./api/api.cpp (line:2710)
[0000726] [15:01:07:531250] [Tid0x00002464] [debug] <--[C354] DL_GetCount
[0000727] [15:01:07:531250] [Tid0x00002464] [debug] -->[C355] DL_Rom_GetInfoAll #./api/api.cpp (line:2875)
[0000728] [15:01:07:531250] [Tid0x00002464] [debug] <--[C355] DL_Rom_GetInfoAll
[0000729] [15:01:07:531250] [Tid0x00002464] [debug] -->[C356] DL_Rom_SetEnableAttr #./api/api.cpp (line:2929)
[0000730] [15:01:07:531250] [Tid0x00002464] [debug] <--[C356] DL_Rom_SetEnableAttr
[0000731] [15:01:07:531250] [Tid0x00002464] [debug] -->[C357] DL_GetCount #./api/api.cpp (line:2710)
[0000732] [15:01:07:546875] [Tid0x00002464] [debug] <--[C357] DL_GetCount
[0000733] [15:01:07:546875] [Tid0x00002464] [debug] -->[C358] DL_Rom_GetInfoAll #./api/api.cpp (line:2875)
[0000734] [15:01:07:546875] [Tid0x00002464] [debug] <--[C358] DL_Rom_GetInfoAll
[0000735] [15:01:07:546875] [Tid0x00002464] [debug] -->[C359] DL_Rom_SetEnableAttr #./api/api.cpp (line:2929)
[0000736] [15:01:07:546875] [Tid0x00002464] [debug] <--[C359] DL_Rom_SetEnableAttr
[0000737] [15:01:07:546875] [Tid0x00002464] [debug] -->[C360] DL_GetCount #./api/api.cpp (line:2710)
[0000738] [15:01:07:546875] [Tid0x00002464] [debug] <--[C360] DL_GetCount
[0000739] [15:01:07:546875] [Tid0x00002464] [debug] -->[C361] DL_Rom_GetInfoAll #./api/api.cpp (line:2875)
[0000740] [15:01:07:546875] [Tid0x00002464] [debug] <--[C361] DL_Rom_GetInfoAll
[0000741] [15:01:07:546875] [Tid0x00002464] [debug] -->[C362] DL_Rom_SetEnableAttr #./api/api.cpp (line:2929)
[0000742] [15:01:07:546875] [Tid0x00002464] [debug] <--[C362] DL_Rom_SetEnableAttr
[0000743] [15:01:07:546875] [Tid0x00002464] [debug] -->[C363] DL_GetCount #./api/api.cpp (line:2710)
[0000744] [15:01:07:546875] [Tid0x00002464] [debug] <--[C363] DL_GetCount
[0000745] [15:01:07:546875] [Tid0x00002464] [debug] -->[C364] DL_Rom_GetInfoAll #./api/api.cpp (line:2875)
[0000746] [15:01:07:546875] [Tid0x00002464] [debug] <--[C364] DL_Rom_GetInfoAll
[0000747] [15:01:07:562500] [Tid0x00002464] [debug] -->[C365] DL_Rom_SetEnableAttr #./api/api.cpp (line:2929)
[0000748] [15:01:07:562500] [Tid0x00002464] [debug] <--[C365] DL_Rom_SetEnableAttr
[0000749] [15:01:07:562500] [Tid0x00002464] [debug] -->[C366] DL_GetCount #./api/api.cpp (line:2710)
[0000750] [15:01:07:562500] [Tid0x00002464] [debug] <--[C366] DL_GetCount
[0000751] [15:01:07:562500] [Tid0x00002464] [debug] -->[C367] DL_Rom_GetInfoAll #./api/api.cpp (line:2875)
[0000752] [15:01:07:562500] [Tid0x00002464] [debug] <--[C367] DL_Rom_GetInfoAll
[0000753] [15:01:07:562500] [Tid0x00002464] [debug] -->[C368] DL_Rom_SetEnableAttr #./api/api.cpp (line:2929)
[0000754] [15:01:07:562500] [Tid0x00002464] [debug] <--[C368] DL_Rom_SetEnableAttr
[0000755] [15:01:07:562500] [Tid0x00002464] [debug] -->[C369] DL_GetCount #./api/api.cpp (line:2710)
[0000756] [15:01:07:562500] [Tid0x00002464] [debug] <--[C369] DL_GetCount
[0000757] [15:01:07:562500] [Tid0x00002464] [debug] -->[C370] DL_Rom_GetInfoAll #./api/api.cpp (line:2875)
[0000758] [15:01:07:562500] [Tid0x00002464] [debug] <--[C370] DL_Rom_GetInfoAll
[0000759] [15:01:07:578125] [Tid0x00002464] [debug] -->[C371] DL_Rom_SetEnableAttr #./api/api.cpp (line:2929)
[0000760] [15:01:07:578125] [Tid0x00002464] [debug] <--[C371] DL_Rom_SetEnableAttr
[0000761] [15:01:07:578125] [Tid0x00002464] [debug] -->[C372] DL_GetCount #./api/api.cpp (line:2710)
[0000762] [15:01:07:578125] [Tid0x00002464] [debug] <--[C372] DL_GetCount
[0000763] [15:01:07:578125] [Tid0x00002464] [debug] -->[C373] DL_Rom_GetInfoAll #./api/api.cpp (line:2875)
[0000764] [15:01:07:578125] [Tid0x00002464] [debug] <--[C373] DL_Rom_GetInfoAll
[0000765] [15:01:07:578125] [Tid0x00002464] [debug] -->[C374] DL_Rom_SetEnableAttr #./api/api.cpp (line:2929)
[0000766] [15:01:07:578125] [Tid0x00002464] [debug] <--[C374] DL_Rom_SetEnableAttr
[0000767] [15:01:08:312500] [Tid0x00002464] [debug] -->[C375] DL_GetCount #./api/api.cpp (line:2710)
[0000768] [15:01:08:312500] [Tid0x00002464] [debug] <--[C375] DL_GetCount
[0000769] [15:01:08:312500] [Tid0x00002464] [debug] -->[C376] DL_Rom_GetInfoAll #./api/api.cpp (line:2875)
[0000770] [15:01:08:312500] [Tid0x00002464] [debug] <--[C376] DL_Rom_GetInfoAll
[0000771] [15:01:08:312500] [Tid0x00002464] [debug] -->[C377] DL_GetCount #./api/api.cpp (line:2710)
[0000772] [15:01:08:312500] [Tid0x00002464] [debug] <--[C377] DL_GetCount
[0000773] [15:01:08:312500] [Tid0x00002464] [debug] -->[C378] DL_Rom_GetInfoAll #./api/api.cpp (line:2875)
[0000774] [15:01:08:312500] [Tid0x00002464] [debug] <--[C378] DL_Rom_GetInfoAll
[0000775] [15:01:21:171875] [Tid0x00002388] [debug] -->[C379] FlashTool_Connect_BROM_ByName #./api/api.cpp (line:2102)
[0000776] [15:01:21:171875] [Tid0x00002388] [debug] -->[C380] FlashTool_Connect_BROM_Ex #./api/api.cpp (line:1862)
[0000777] [15:01:21:171875] [Tid0x00002388] [debug] bCheckScatter: 1
[0000778] [15:01:21:171875] [Tid0x00002388] [debug] have load scatter already
[0000779] [15:01:21:171875] [Tid0x00002388] [debug] libversion 1
[0000780] [15:01:21:375000] [Tid0x00002388] [debug] <--[C380] FlashTool_Connect_BROM_Ex
[0000781] [15:01:21:375000] [Tid0x00002388] [debug] <--[C379] FlashTool_Connect_BROM_ByName
[0000782] [15:01:21:375000] [Tid0x00002388] [debug] -->[C381] FlashTool_GetBootResult #./api/api.cpp (line:2114)
[0000783] [15:01:21:375000] [Tid0x00002388] [debug] <--[C381] FlashTool_GetBootResult
[0000784] [15:01:21:375000] [Tid0x00002388] [debug] -->[C382] FlashTool_Connect_Download_DA #./api/api.cpp (line:2134)
[0000785] [15:01:21:375000] [Tid0x00002388] [debug] bCheckScatter: 1
[0000786] [15:01:26:218750] [Tid0x00002388] [debug] <--[C382] FlashTool_Connect_Download_DA
[0000787] [15:01:26:218750] [Tid0x00002388] [debug] -->[C383] FlashTool_CheckUSBStatus #./api/api.cpp (line:1140)
[0000788] [15:01:26:218750] [Tid0x00002388] [debug] <--[C383] FlashTool_CheckUSBStatus
[0000789] [15:01:26:218750] [Tid0x00002388] [debug] -->[C384] FlashTool_SetupUSBDL #./api/api.cpp (line:1101)
[0000790] [15:01:26:234375] [Tid0x00002388] [debug] <--[C384] FlashTool_SetupUSBDL
[0000791] [15:02:01:109375] [Tid0x00002388] [debug] -->[C385] FlashTool_CheckUSBStatus #./api/api.cpp (line:1140)
[0000792] [15:02:01:109375] [Tid0x00002388] [debug] <--[C385] FlashTool_CheckUSBStatus
[0000793] [15:02:01:109375] [Tid0x00002388] [debug] -->[C386] FlashTool_Disconnect #./api/api.cpp (line:1019)
[0000794] [15:02:11:109375] [Tid0x00002388] [debug] <--[C386] FlashTool_Disconnect
[0000795] [15:02:12:625000] [Tid0x00002464] [debug] -->[C387] DL_GetCount #./api/api.cpp (line:2710)
[0000796] [15:02:12:625000] [Tid0x00002464] [debug] <--[C387] DL_GetCount
[0000797] [15:02:12:625000] [Tid0x00002464] [debug] -->[C388] DL_Rom_GetInfoAll #./api/api.cpp (line:2875)
[0000798] [15:02:12:625000] [Tid0x00002464] [debug] <--[C388] DL_Rom_GetInfoAll
[0000799] [15:02:12:625000] [Tid0x00002464] [debug] -->[C389] DL_GetCount #./api/api.cpp (line:2710)
[0000800] [15:02:12:625000] [Tid0x00002464] [debug] <--[C389] DL_GetCount
[0000801] [15:02:12:625000] [Tid0x00002464] [debug] -->[C390] DL_Rom_GetInfoAll #./api/api.cpp (line:2875)
[0000802] [15:02:12:625000] [Tid0x00002464] [debug] <--[C390] DL_Rom_GetInfoAll
[0000803] [15:02:22:484375] [Tid0x000022bc] [debug] -->[C391] FlashTool_Connect_BROM_ByName #./api/api.cpp (line:2102)
[0000804] [15:02:22:484375] [Tid0x000022bc] [debug] -->[C392] FlashTool_Connect_BROM_Ex #./api/api.cpp (line:1862)
[0000805] [15:02:22:484375] [Tid0x000022bc] [debug] bCheckScatter: 1
[0000806] [15:02:22:484375] [Tid0x000022bc] [debug] have load scatter already
[0000807] [15:02:22:484375] [Tid0x000022bc] [debug] libversion 1
[0000808] [15:02:22:609375] [Tid0x000022bc] [debug] <--[C392] FlashTool_Connect_BROM_Ex
[0000809] [15:02:22:609375] [Tid0x000022bc] [debug] <--[C391] FlashTool_Connect_BROM_ByName
[0000810] [15:02:22:609375] [Tid0x000022bc] [debug] -->[C393] FlashTool_GetBootResult #./api/api.cpp (line:2114)
[0000811] [15:02:22:609375] [Tid0x000022bc] [debug] <--[C393] FlashTool_GetBootResult
[0000812] [15:02:22:609375] [Tid0x000022bc] [debug] -->[C394] FlashTool_Connect_Download_DA #./api/api.cpp (line:2134)
[0000813] [15:02:22:609375] [Tid0x000022bc] [debug] bCheckScatter: 1
[0000814] [15:02:26:578125] [Tid0x000022bc] [debug] <--[C394] FlashTool_Connect_Download_DA
[0000815] [15:02:26:578125] [Tid0x000022bc] [debug] -->[C395] FlashTool_CheckUSBStatus #./api/api.cpp (line:1140)
[0000816] [15:02:26:593750] [Tid0x000022bc] [debug] <--[C395] FlashTool_CheckUSBStatus
[0000817] [15:02:26:593750] [Tid0x000022bc] [debug] -->[C396] FlashTool_SetupUSBDL #./api/api.cpp (line:1101)
[0000818] [15:02:26:593750] [Tid0x000022bc] [debug] <--[C396] FlashTool_SetupUSBDL
[0000819] [15:02:29:015625] [Tid0x000022bc] [debug] -->[C397] FlashTool_ChangeCOM_Ex #./api/api.cpp (line:1079)
[0000820] [15:02:29:031250] [Tid0x000022bc] [debug] <--[C397] FlashTool_ChangeCOM_Ex
[0000821] [15:02:29:031250] [Tid0x000022bc] [debug] -->[C398] FlashTool_CheckUSBStatus #./api/api.cpp (line:1140)
[0000822] [15:02:29:031250] [Tid0x000022bc] [debug] <--[C398] FlashTool_CheckUSBStatus
[0000823] [15:02:29:031250] [Tid0x000022bc] [debug] -->[C399] FlashTool_GetReservedRomSize #./api/api.cpp (line:1663)
[0000824] [15:02:29:031250] [Tid0x000022bc] [debug] <--[C399] FlashTool_GetReservedRomSize
[0000825] [15:02:29:031250] [Tid0x000022bc] [debug] -->[C400] FlashTool_Format #./api/api.cpp (line:1332)
[0000826] [15:02:29:062500] [Tid0x000022bc] [debug] <--[C400] FlashTool_Format
[0000827] [15:02:29:062500] [Tid0x000022bc] [debug] -->[C401] FlashTool_GetReservedRomSize #./api/api.cpp (line:1663)
[0000828] [15:02:29:062500] [Tid0x000022bc] [debug] <--[C401] FlashTool_GetReservedRomSize
[0000829] [15:02:29:062500] [Tid0x000022bc] [debug] -->[C402] FlashTool_Format #./api/api.cpp (line:1332)
[0000830] [15:02:29:109375] [Tid0x000022bc] [debug] <--[C402] FlashTool_Format
[0000831] [15:02:29:109375] [Tid0x000022bc] [debug] -->[C403] FlashTool_GetReservedRomSize #./api/api.cpp (line:1663)
[0000832] [15:02:29:109375] [Tid0x000022bc] [debug] <--[C403] FlashTool_GetReservedRomSize
[0000833] [15:02:29:109375] [Tid0x000022bc] [debug] -->[C404] FlashTool_Format #./api/api.cpp (line:1332)
[0000834] [15:02:29:156250] [Tid0x000022bc] [debug] <--[C404] FlashTool_Format
[0000835] [15:02:29:156250] [Tid0x000022bc] [debug] -->[C405] FlashTool_GetReservedRomSize #./api/api.cpp (line:1663)
[0000836] [15:02:29:156250] [Tid0x000022bc] [debug] <--[C405] FlashTool_GetReservedRomSize
[0000837] [15:02:29:156250] [Tid0x000022bc] [debug] -->[C406] FlashTool_Format #./api/api.cpp (line:1332)
[0000838] [15:02:29:203125] [Tid0x000022bc] [debug] <--[C406] FlashTool_Format
[0000839] [15:02:29:203125] [Tid0x000022bc] [debug] -->[C407] FlashTool_Download #./api/api.cpp (line:1286)
[0000840] [15:02:31:625000] [Tid0x000022bc] [debug] <--[C407] FlashTool_Download
[0000841] [15:02:31:625000] [Tid0x000022bc] [debug] -->[C408] FlashTool_Disconnect #./api/api.cpp (line:1019)
[0000842] [15:02:31:656250] [Tid0x000022bc] [debug] <--[C408] FlashTool_Disconnect
[0000843] [15:07:40:468750] [Tid0x00002710] [debug] -->[C409] DL_LoadScatter #./api/api.cpp (line:2601)
[0000844] [15:07:40:500000] [Tid0x00002710] [debug] used lib version: 1
[0000845] [15:07:40:500000] [Tid0x00002710] [debug] <--[C409] DL_LoadScatter
[0000846] [15:07:40:500000] [Tid0x00002710] [debug] -->[C410] DL_AutoLoadRomImages #./api/api.cpp (line:2790)
[0000847] [15:07:40:609375] [Tid0x00002710] [debug] <--[C410] DL_AutoLoadRomImages
[0000848] [15:07:40:640625] [Tid0x00002464] [debug] -->[C411] DL_GetCount #./api/api.cpp (line:2710)
[0000849] [15:07:40:640625] [Tid0x00002464] [debug] <--[C411] DL_GetCount
[0000850] [15:07:40:640625] [Tid0x00002464] [debug] -->[C412] DL_Rom_GetInfoAll #./api/api.cpp (line:2875)
[0000851] [15:07:40:640625] [Tid0x00002464] [debug] <--[C412] DL_Rom_GetInfoAll
[0000852] [15:07:40:656250] [Tid0x00002464] [debug] -->[C413] DL_GetScatterInfo #./api/api.cpp (line:2811)
[0000853] [15:07:40:656250] [Tid0x00002464] [debug] <--[C413] DL_GetScatterInfo
[0000854] [15:07:40:656250] [Tid0x00002464] [debug] -->[C414] DL_GetCount #./api/api.cpp (line:2710)
[0000855] [15:07:40:656250] [Tid0x00002464] [debug] <--[C414] DL_GetCount
[0000856] [15:07:40:656250] [Tid0x00002464] [debug] -->[C415] DL_Rom_GetInfoAll #./api/api.cpp (line:2875)
[0000857] [15:07:40:656250] [Tid0x00002464] [debug] <--[C415] DL_Rom_GetInfoAll
[0000858] [15:07:40:671875] [Tid0x00002464] [debug] -->[C416] DL_Rom_SetEnableAttr #./api/api.cpp (line:2929)
[0000859] [15:07:40:671875] [Tid0x00002464] [debug] <--[C416] DL_Rom_SetEnableAttr
[0000860] [15:07:40:671875] [Tid0x00002464] [debug] -->[C417] DL_GetCount #./api/api.cpp (line:2710)
[0000861] [15:07:40:671875] [Tid0x00002464] [debug] <--[C417] DL_GetCount
[0000862] [15:07:40:671875] [Tid0x00002464] [debug] -->[C418] DL_Rom_GetInfoAll #./api/api.cpp (line:2875)
[0000863] [15:07:40:671875] [Tid0x00002464] [debug] <--[C418] DL_Rom_GetInfoAll
[0000864] [15:07:40:671875] [Tid0x00002464] [debug] -->[C419] DL_Rom_SetEnableAttr #./api/api.cpp (line:2929)
[0000865] [15:07:40:671875] [Tid0x00002464] [debug] <--[C419] DL_Rom_SetEnableAttr
[0000866] [15:07:40:671875] [Tid0x00002464] [debug] -->[C420] DL_GetCount #./api/api.cpp (line:2710)
[0000867] [15:07:40:671875] [Tid0x00002464] [debug] <--[C420] DL_GetCount
[0000868] [15:07:40:671875] [Tid0x00002464] [debug] -->[C421] DL_Rom_GetInfoAll #./api/api.cpp (line:2875)
[0000869] [15:07:40:687500] [Tid0x00002464] [debug] <--[C421] DL_Rom_GetInfoAll
[0000870] [15:07:40:687500] [Tid0x00002464] [debug] -->[C422] DL_Rom_SetEnableAttr #./api/api.cpp (line:2929)
[0000871] [15:07:40:687500] [Tid0x00002464] [debug] <--[C422] DL_Rom_SetEnableAttr
[0000872] [15:07:40:687500] [Tid0x00002464] [debug] -->[C423] DL_GetCount #./api/api.cpp (line:2710)
[0000873] [15:07:40:687500] [Tid0x00002464] [debug] <--[C423] DL_GetCount
[0000874] [15:07:40:687500] [Tid0x00002464] [debug] -->[C424] DL_Rom_GetInfoAll #./api/api.cpp (line:2875)
[0000875] [15:07:40:687500] [Tid0x00002464] [debug] <--[C424] DL_Rom_GetInfoAll
[0000876] [15:07:40:703125] [Tid0x00002464] [debug] -->[C425] DL_Rom_SetEnableAttr #./api/api.cpp (line:2929)
[0000877] [15:07:40:703125] [Tid0x00002464] [debug] <--[C425] DL_Rom_SetEnableAttr
[0000878] [15:07:40:703125] [Tid0x00002464] [debug] -->[C426] DL_GetCount #./api/api.cpp (line:2710)
[0000879] [15:07:40:703125] [Tid0x00002464] [debug] <--[C426] DL_GetCount
[0000880] [15:07:40:703125] [Tid0x00002464] [debug] -->[C427] DL_Rom_GetInfoAll #./api/api.cpp (line:2875)
[0000881] [15:07:40:703125] [Tid0x00002464] [debug] <--[C427] DL_Rom_GetInfoAll
[0000882] [15:07:40:718750] [Tid0x00002464] [debug] -->[C428] DL_Rom_SetEnableAttr #./api/api.cpp (line:2929)
[0000883] [15:07:40:718750] [Tid0x00002464] [debug] <--[C428] DL_Rom_SetEnableAttr
[0000884] [15:07:40:718750] [Tid0x00002464] [debug] -->[C429] DL_GetCount #./api/api.cpp (line:2710)
[0000885] [15:07:40:718750] [Tid0x00002464] [debug] <--[C429] DL_GetCount
[0000886] [15:07:40:718750] [Tid0x00002464] [debug] -->[C430] DL_Rom_GetInfoAll #./api/api.cpp (line:2875)
[0000887] [15:07:40:718750] [Tid0x00002464] [debug] <--[C430] DL_Rom_GetInfoAll
[0000888] [15:07:40:718750] [Tid0x00002464] [debug] -->[C431] DL_Rom_SetEnableAttr #./api/api.cpp (line:2929)
[0000889] [15:07:40:718750] [Tid0x00002464] [debug] <--[C431] DL_Rom_SetEnableAttr
[0000890] [15:07:40:718750] [Tid0x00002464] [debug] -->[C432] DL_GetCount #./api/api.cpp (line:2710)
[0000891] [15:07:40:718750] [Tid0x00002464] [debug] <--[C432] DL_GetCount
[0000892] [15:07:40:718750] [Tid0x00002464] [debug] -->[C433] DL_Rom_GetInfoAll #./api/api.cpp (line:2875)
[0000893] [15:07:40:718750] [Tid0x00002464] [debug] <--[C433] DL_Rom_GetInfoAll
[0000894] [15:07:40:734375] [Tid0x00002464] [debug] -->[C434] DL_Rom_SetEnableAttr #./api/api.cpp (line:2929)
[0000895] [15:07:40:734375] [Tid0x00002464] [debug] <--[C434] DL_Rom_SetEnableAttr
[0000896] [15:07:40:734375] [Tid0x00002464] [debug] -->[C435] DL_GetCount #./api/api.cpp (line:2710)
[0000897] [15:07:40:734375] [Tid0x00002464] [debug] <--[C435] DL_GetCount
[0000898] [15:07:40:734375] [Tid0x00002464] [debug] -->[C436] DL_Rom_GetInfoAll #./api/api.cpp (line:2875)
[0000899] [15:07:40:734375] [Tid0x00002464] [debug] <--[C436] DL_Rom_GetInfoAll
[0000900] [15:07:40:750000] [Tid0x00002464] [debug] -->[C437] DL_Rom_SetEnableAttr #./api/api.cpp (line:2929)
[0000901] [15:07:40:750000] [Tid0x00002464] [debug] <--[C437] DL_Rom_SetEnableAttr
[0000902] [15:07:40:750000] [Tid0x00002464] [debug] -->[C438] DL_GetCount #./api/api.cpp (line:2710)
[0000903] [15:07:40:750000] [Tid0x00002464] [debug] <--[C438] DL_GetCount
[0000904] [15:07:40:750000] [Tid0x00002464] [debug] -->[C439] DL_Rom_GetInfoAll #./api/api.cpp (line:2875)
[0000905] [15:07:40:750000] [Tid0x00002464] [debug] <--[C439] DL_Rom_GetInfoAll
[0000906] [15:07:40:765625] [Tid0x00002464] [debug] -->[C440] DL_Rom_SetEnableAttr #./api/api.cpp (line:2929)
[0000907] [15:07:40:765625] [Tid0x00002464] [debug] <--[C440] DL_Rom_SetEnableAttr
[0000908] [15:07:40:765625] [Tid0x00002464] [debug] -->[C441] DL_GetCount #./api/api.cpp (line:2710)
[0000909] [15:07:40:765625] [Tid0x00002464] [debug] <--[C441] DL_GetCount
[0000910] [15:07:40:765625] [Tid0x00002464] [debug] -->[C442] DL_Rom_GetInfoAll #./api/api.cpp (line:2875)
[0000911] [15:07:40:765625] [Tid0x00002464] [debug] <--[C442] DL_Rom_GetInfoAll
[0000912] [15:07:40:781250] [Tid0x00002464] [debug] -->[C443] DL_Rom_SetEnableAttr #./api/api.cpp (line:2929)
[0000913] [15:07:40:781250] [Tid0x00002464] [debug] <--[C443] DL_Rom_SetEnableAttr
[0000914] [15:07:40:781250] [Tid0x00002464] [debug] -->[C444] DL_SetChecksumLevel #./api/api.cpp (line:2643)
[0000915] [15:07:40:781250] [Tid0x00002464] [debug] <--[C444] DL_SetChecksumLevel
[0000916] [15:07:44:203125] [Tid0x00002464] [debug] -->[C445] DL_Rom_UnloadAll #./api/api.cpp (line:2918)
[0000917] [15:07:44:203125] [Tid0x00002464] [debug] <--[C445] DL_Rom_UnloadAll
