[0000001] [15:20:05:687500] [Tid0x00002324] [debug] -->[C1] DL_LoadScatter #./api/api.cpp (line:2601)
[0000002] [15:20:05:750000] [Tid0x00002324] [debug] used lib version: 1
[0000003] [15:20:05:750000] [Tid0x00002324] [debug] <--[C1] DL_LoadScatter
[0000004] [15:20:05:750000] [Tid0x00002324] [debug] -->[C2] DL_AutoLoadRomImages #./api/api.cpp (line:2790)
[0000005] [15:20:08:234375] [Tid0x00002324] [debug] <--[C2] DL_AutoLoadRomImages
[0000006] [15:20:08:359375] [Tid0x000022a0] [debug] -->[C3] DL_GetCount #./api/api.cpp (line:2710)
[0000007] [15:20:08:359375] [Tid0x000022a0] [debug] <--[C3] DL_GetCount
[0000008] [15:20:08:359375] [Tid0x000022a0] [debug] -->[C4] DL_Rom_GetInfoAll #./api/api.cpp (line:2875)
[0000009] [15:20:08:359375] [Tid0x000022a0] [debug] <--[C4] DL_Rom_GetInfoAll
[0000010] [15:20:08:437500] [Tid0x000022a0] [debug] -->[C5] DL_GetScatterInfo #./api/api.cpp (line:2811)
[0000011] [15:20:08:437500] [Tid0x000022a0] [debug] <--[C5] DL_GetScatterInfo
[0000012] [15:20:08:437500] [Tid0x000022a0] [debug] -->[C6] DL_GetCount #./api/api.cpp (line:2710)
[0000013] [15:20:08:437500] [Tid0x000022a0] [debug] <--[C6] DL_GetCount
[0000014] [15:20:08:437500] [Tid0x000022a0] [debug] -->[C7] DL_Rom_GetInfoAll #./api/api.cpp (line:2875)
[0000015] [15:20:08:437500] [Tid0x000022a0] [debug] <--[C7] DL_Rom_GetInfoAll
[0000016] [15:20:08:484375] [Tid0x000022a0] [debug] -->[C8] DL_Rom_SetEnableAttr #./api/api.cpp (line:2929)
[0000017] [15:20:08:484375] [Tid0x000022a0] [debug] <--[C8] DL_Rom_SetEnableAttr
[0000018] [15:20:08:484375] [Tid0x000022a0] [debug] -->[C9] DL_GetCount #./api/api.cpp (line:2710)
[0000019] [15:20:08:484375] [Tid0x000022a0] [debug] <--[C9] DL_GetCount
[0000020] [15:20:08:484375] [Tid0x000022a0] [debug] -->[C10] DL_Rom_GetInfoAll #./api/api.cpp (line:2875)
[0000021] [15:20:08:484375] [Tid0x000022a0] [debug] <--[C10] DL_Rom_GetInfoAll
[0000022] [15:20:08:500000] [Tid0x000022a0] [debug] -->[C11] DL_Rom_SetEnableAttr #./api/api.cpp (line:2929)
[0000023] [15:20:08:500000] [Tid0x000022a0] [debug] <--[C11] DL_Rom_SetEnableAttr
[0000024] [15:20:08:500000] [Tid0x000022a0] [debug] -->[C12] DL_GetCount #./api/api.cpp (line:2710)
[0000025] [15:20:08:500000] [Tid0x000022a0] [debug] <--[C12] DL_GetCount
[0000026] [15:20:08:500000] [Tid0x000022a0] [debug] -->[C13] DL_Rom_GetInfoAll #./api/api.cpp (line:2875)
[0000027] [15:20:08:500000] [Tid0x000022a0] [debug] <--[C13] DL_Rom_GetInfoAll
[0000028] [15:20:08:500000] [Tid0x000022a0] [debug] -->[C14] DL_Rom_SetEnableAttr #./api/api.cpp (line:2929)
[0000029] [15:20:08:515625] [Tid0x000022a0] [debug] <--[C14] DL_Rom_SetEnableAttr
[0000030] [15:20:08:515625] [Tid0x000022a0] [debug] -->[C15] DL_GetCount #./api/api.cpp (line:2710)
[0000031] [15:20:08:515625] [Tid0x000022a0] [debug] <--[C15] DL_GetCount
[0000032] [15:20:08:515625] [Tid0x000022a0] [debug] -->[C16] DL_Rom_GetInfoAll #./api/api.cpp (line:2875)
[0000033] [15:20:08:515625] [Tid0x000022a0] [debug] <--[C16] DL_Rom_GetInfoAll
[0000034] [15:20:08:515625] [Tid0x000022a0] [debug] -->[C17] DL_Rom_SetEnableAttr #./api/api.cpp (line:2929)
[0000035] [15:20:08:515625] [Tid0x000022a0] [debug] <--[C17] DL_Rom_SetEnableAttr
[0000036] [15:20:08:515625] [Tid0x000022a0] [debug] -->[C18] DL_GetCount #./api/api.cpp (line:2710)
[0000037] [15:20:08:515625] [Tid0x000022a0] [debug] <--[C18] DL_GetCount
[0000038] [15:20:08:515625] [Tid0x000022a0] [debug] -->[C19] DL_Rom_GetInfoAll #./api/api.cpp (line:2875)
[0000039] [15:20:08:515625] [Tid0x000022a0] [debug] <--[C19] DL_Rom_GetInfoAll
[0000040] [15:20:08:531250] [Tid0x000022a0] [debug] -->[C20] DL_Rom_SetEnableAttr #./api/api.cpp (line:2929)
[0000041] [15:20:08:531250] [Tid0x000022a0] [debug] <--[C20] DL_Rom_SetEnableAttr
[0000042] [15:20:08:531250] [Tid0x000022a0] [debug] -->[C21] DL_GetCount #./api/api.cpp (line:2710)
[0000043] [15:20:08:531250] [Tid0x000022a0] [debug] <--[C21] DL_GetCount
[0000044] [15:20:08:531250] [Tid0x000022a0] [debug] -->[C22] DL_Rom_GetInfoAll #./api/api.cpp (line:2875)
[0000045] [15:20:08:531250] [Tid0x000022a0] [debug] <--[C22] DL_Rom_GetInfoAll
[0000046] [15:20:08:546875] [Tid0x000022a0] [debug] -->[C23] DL_Rom_SetEnableAttr #./api/api.cpp (line:2929)
[0000047] [15:20:08:546875] [Tid0x000022a0] [debug] <--[C23] DL_Rom_SetEnableAttr
[0000048] [15:20:08:546875] [Tid0x000022a0] [debug] -->[C24] DL_GetCount #./api/api.cpp (line:2710)
[0000049] [15:20:08:546875] [Tid0x000022a0] [debug] <--[C24] DL_GetCount
[0000050] [15:20:08:546875] [Tid0x000022a0] [debug] -->[C25] DL_Rom_GetInfoAll #./api/api.cpp (line:2875)
[0000051] [15:20:08:546875] [Tid0x000022a0] [debug] <--[C25] DL_Rom_GetInfoAll
[0000052] [15:20:08:562500] [Tid0x000022a0] [debug] -->[C26] DL_Rom_SetEnableAttr #./api/api.cpp (line:2929)
[0000053] [15:20:08:562500] [Tid0x000022a0] [debug] <--[C26] DL_Rom_SetEnableAttr
[0000054] [15:20:08:562500] [Tid0x000022a0] [debug] -->[C27] DL_GetCount #./api/api.cpp (line:2710)
[0000055] [15:20:08:562500] [Tid0x000022a0] [debug] <--[C27] DL_GetCount
[0000056] [15:20:08:562500] [Tid0x000022a0] [debug] -->[C28] DL_Rom_GetInfoAll #./api/api.cpp (line:2875)
[0000057] [15:20:08:562500] [Tid0x000022a0] [debug] <--[C28] DL_Rom_GetInfoAll
[0000058] [15:20:08:578125] [Tid0x000022a0] [debug] -->[C29] DL_Rom_SetEnableAttr #./api/api.cpp (line:2929)
[0000059] [15:20:08:578125] [Tid0x000022a0] [debug] <--[C29] DL_Rom_SetEnableAttr
[0000060] [15:20:08:578125] [Tid0x000022a0] [debug] -->[C30] DL_GetCount #./api/api.cpp (line:2710)
[0000061] [15:20:08:578125] [Tid0x000022a0] [debug] <--[C30] DL_GetCount
[0000062] [15:20:08:578125] [Tid0x000022a0] [debug] -->[C31] DL_Rom_GetInfoAll #./api/api.cpp (line:2875)
[0000063] [15:20:08:578125] [Tid0x000022a0] [debug] <--[C31] DL_Rom_GetInfoAll
[0000064] [15:20:08:578125] [Tid0x000022a0] [debug] -->[C32] DL_Rom_SetEnableAttr #./api/api.cpp (line:2929)
[0000065] [15:20:08:578125] [Tid0x000022a0] [debug] <--[C32] DL_Rom_SetEnableAttr
[0000066] [15:20:08:578125] [Tid0x000022a0] [debug] -->[C33] DL_GetCount #./api/api.cpp (line:2710)
[0000067] [15:20:08:578125] [Tid0x000022a0] [debug] <--[C33] DL_GetCount
[0000068] [15:20:08:578125] [Tid0x000022a0] [debug] -->[C34] DL_Rom_GetInfoAll #./api/api.cpp (line:2875)
[0000069] [15:20:08:578125] [Tid0x000022a0] [debug] <--[C34] DL_Rom_GetInfoAll
[0000070] [15:20:08:609375] [Tid0x000022a0] [debug] -->[C35] DL_Rom_SetEnableAttr #./api/api.cpp (line:2929)
[0000071] [15:20:08:609375] [Tid0x000022a0] [debug] <--[C35] DL_Rom_SetEnableAttr
[0000072] [15:20:08:609375] [Tid0x000022a0] [debug] -->[C36] DL_SetChecksumLevel #./api/api.cpp (line:2643)
[0000073] [15:20:08:609375] [Tid0x000022a0] [debug] <--[C36] DL_SetChecksumLevel
[0000074] [15:20:10:421875] [Tid0x000022a0] [debug] -->[C37] DL_GetCount #./api/api.cpp (line:2710)
[0000075] [15:20:10:421875] [Tid0x000022a0] [debug] <--[C37] DL_GetCount
[0000076] [15:20:10:421875] [Tid0x000022a0] [debug] -->[C38] DL_Rom_GetInfoAll #./api/api.cpp (line:2875)
[0000077] [15:20:10:421875] [Tid0x000022a0] [debug] <--[C38] DL_Rom_GetInfoAll
[0000078] [15:20:10:437500] [Tid0x000022a0] [debug] -->[C39] DL_Rom_SetEnableAttr #./api/api.cpp (line:2929)
[0000079] [15:20:10:437500] [Tid0x000022a0] [debug] <--[C39] DL_Rom_SetEnableAttr
[0000080] [15:20:10:437500] [Tid0x000022a0] [debug] -->[C40] DL_GetCount #./api/api.cpp (line:2710)
[0000081] [15:20:10:437500] [Tid0x000022a0] [debug] <--[C40] DL_GetCount
[0000082] [15:20:10:437500] [Tid0x000022a0] [debug] -->[C41] DL_Rom_GetInfoAll #./api/api.cpp (line:2875)
[0000083] [15:20:10:437500] [Tid0x000022a0] [debug] <--[C41] DL_Rom_GetInfoAll
[0000084] [15:20:10:453125] [Tid0x000022a0] [debug] -->[C42] DL_Rom_SetEnableAttr #./api/api.cpp (line:2929)
[0000085] [15:20:10:453125] [Tid0x000022a0] [debug] <--[C42] DL_Rom_SetEnableAttr
[0000086] [15:20:10:453125] [Tid0x000022a0] [debug] -->[C43] DL_GetCount #./api/api.cpp (line:2710)
[0000087] [15:20:10:453125] [Tid0x000022a0] [debug] <--[C43] DL_GetCount
[0000088] [15:20:10:453125] [Tid0x000022a0] [debug] -->[C44] DL_Rom_GetInfoAll #./api/api.cpp (line:2875)
[0000089] [15:20:10:453125] [Tid0x000022a0] [debug] <--[C44] DL_Rom_GetInfoAll
[0000090] [15:20:10:453125] [Tid0x000022a0] [debug] -->[C45] DL_Rom_SetEnableAttr #./api/api.cpp (line:2929)
[0000091] [15:20:10:453125] [Tid0x000022a0] [debug] <--[C45] DL_Rom_SetEnableAttr
[0000092] [15:20:10:453125] [Tid0x000022a0] [debug] -->[C46] DL_GetCount #./api/api.cpp (line:2710)
[0000093] [15:20:10:453125] [Tid0x000022a0] [debug] <--[C46] DL_GetCount
[0000094] [15:20:10:453125] [Tid0x000022a0] [debug] -->[C47] DL_Rom_GetInfoAll #./api/api.cpp (line:2875)
[0000095] [15:20:10:453125] [Tid0x000022a0] [debug] <--[C47] DL_Rom_GetInfoAll
[0000096] [15:20:10:468750] [Tid0x000022a0] [debug] -->[C48] DL_Rom_SetEnableAttr #./api/api.cpp (line:2929)
[0000097] [15:20:10:468750] [Tid0x000022a0] [debug] <--[C48] DL_Rom_SetEnableAttr
[0000098] [15:20:10:468750] [Tid0x000022a0] [debug] -->[C49] DL_GetCount #./api/api.cpp (line:2710)
[0000099] [15:20:10:468750] [Tid0x000022a0] [debug] <--[C49] DL_GetCount
[0000100] [15:20:10:468750] [Tid0x000022a0] [debug] -->[C50] DL_Rom_GetInfoAll #./api/api.cpp (line:2875)
[0000101] [15:20:10:468750] [Tid0x000022a0] [debug] <--[C50] DL_Rom_GetInfoAll
[0000102] [15:20:10:468750] [Tid0x000022a0] [debug] -->[C51] DL_Rom_SetEnableAttr #./api/api.cpp (line:2929)
[0000103] [15:20:10:468750] [Tid0x000022a0] [debug] <--[C51] DL_Rom_SetEnableAttr
[0000104] [15:20:10:468750] [Tid0x000022a0] [debug] -->[C52] DL_GetCount #./api/api.cpp (line:2710)
[0000105] [15:20:10:468750] [Tid0x000022a0] [debug] <--[C52] DL_GetCount
[0000106] [15:20:10:468750] [Tid0x000022a0] [debug] -->[C53] DL_Rom_GetInfoAll #./api/api.cpp (line:2875)
[0000107] [15:20:10:468750] [Tid0x000022a0] [debug] <--[C53] DL_Rom_GetInfoAll
[0000108] [15:20:10:484375] [Tid0x000022a0] [debug] -->[C54] DL_Rom_SetEnableAttr #./api/api.cpp (line:2929)
[0000109] [15:20:10:484375] [Tid0x000022a0] [debug] <--[C54] DL_Rom_SetEnableAttr
[0000110] [15:20:10:484375] [Tid0x000022a0] [debug] -->[C55] DL_GetCount #./api/api.cpp (line:2710)
[0000111] [15:20:10:484375] [Tid0x000022a0] [debug] <--[C55] DL_GetCount
[0000112] [15:20:10:484375] [Tid0x000022a0] [debug] -->[C56] DL_Rom_GetInfoAll #./api/api.cpp (line:2875)
[0000113] [15:20:10:484375] [Tid0x000022a0] [debug] <--[C56] DL_Rom_GetInfoAll
[0000114] [15:20:10:484375] [Tid0x000022a0] [debug] -->[C57] DL_Rom_SetEnableAttr #./api/api.cpp (line:2929)
[0000115] [15:20:10:484375] [Tid0x000022a0] [debug] <--[C57] DL_Rom_SetEnableAttr
[0000116] [15:20:10:484375] [Tid0x000022a0] [debug] -->[C58] DL_GetCount #./api/api.cpp (line:2710)
[0000117] [15:20:10:484375] [Tid0x000022a0] [debug] <--[C58] DL_GetCount
[0000118] [15:20:10:484375] [Tid0x000022a0] [debug] -->[C59] DL_Rom_GetInfoAll #./api/api.cpp (line:2875)
[0000119] [15:20:10:484375] [Tid0x000022a0] [debug] <--[C59] DL_Rom_GetInfoAll
[0000120] [15:20:10:484375] [Tid0x000022a0] [debug] -->[C60] DL_Rom_SetEnableAttr #./api/api.cpp (line:2929)
[0000121] [15:20:10:484375] [Tid0x000022a0] [debug] <--[C60] DL_Rom_SetEnableAttr
[0000122] [15:20:10:484375] [Tid0x000022a0] [debug] -->[C61] DL_GetCount #./api/api.cpp (line:2710)
[0000123] [15:20:10:484375] [Tid0x000022a0] [debug] <--[C61] DL_GetCount
[0000124] [15:20:10:484375] [Tid0x000022a0] [debug] -->[C62] DL_Rom_GetInfoAll #./api/api.cpp (line:2875)
[0000125] [15:20:10:484375] [Tid0x000022a0] [debug] <--[C62] DL_Rom_GetInfoAll
[0000126] [15:20:10:500000] [Tid0x000022a0] [debug] -->[C63] DL_Rom_SetEnableAttr #./api/api.cpp (line:2929)
[0000127] [15:20:10:500000] [Tid0x000022a0] [debug] <--[C63] DL_Rom_SetEnableAttr
[0000128] [15:20:10:500000] [Tid0x000022a0] [debug] -->[C64] DL_GetCount #./api/api.cpp (line:2710)
[0000129] [15:20:10:500000] [Tid0x000022a0] [debug] <--[C64] DL_GetCount
[0000130] [15:20:10:500000] [Tid0x000022a0] [debug] -->[C65] DL_Rom_GetInfoAll #./api/api.cpp (line:2875)
[0000131] [15:20:10:500000] [Tid0x000022a0] [debug] <--[C65] DL_Rom_GetInfoAll
[0000132] [15:20:10:500000] [Tid0x000022a0] [debug] -->[C66] DL_Rom_SetEnableAttr #./api/api.cpp (line:2929)
[0000133] [15:20:10:500000] [Tid0x000022a0] [debug] <--[C66] DL_Rom_SetEnableAttr
[0000134] [15:20:11:562500] [Tid0x000022a0] [debug] -->[C67] DL_GetCount #./api/api.cpp (line:2710)
[0000135] [15:20:11:562500] [Tid0x000022a0] [debug] <--[C67] DL_GetCount
[0000136] [15:20:11:562500] [Tid0x000022a0] [debug] -->[C68] DL_Rom_GetInfoAll #./api/api.cpp (line:2875)
[0000137] [15:20:11:562500] [Tid0x000022a0] [debug] <--[C68] DL_Rom_GetInfoAll
[0000138] [15:20:11:562500] [Tid0x000022a0] [debug] -->[C69] DL_Rom_SetEnableAttr #./api/api.cpp (line:2929)
[0000139] [15:20:11:562500] [Tid0x000022a0] [debug] <--[C69] DL_Rom_SetEnableAttr
[0000140] [15:20:11:562500] [Tid0x000022a0] [debug] -->[C70] DL_GetCount #./api/api.cpp (line:2710)
[0000141] [15:20:11:562500] [Tid0x000022a0] [debug] <--[C70] DL_GetCount
[0000142] [15:20:11:562500] [Tid0x000022a0] [debug] -->[C71] DL_Rom_GetInfoAll #./api/api.cpp (line:2875)
[0000143] [15:20:11:562500] [Tid0x000022a0] [debug] <--[C71] DL_Rom_GetInfoAll
[0000144] [15:20:11:562500] [Tid0x000022a0] [debug] -->[C72] DL_Rom_SetEnableAttr #./api/api.cpp (line:2929)
[0000145] [15:20:11:562500] [Tid0x000022a0] [debug] <--[C72] DL_Rom_SetEnableAttr
[0000146] [15:20:11:562500] [Tid0x000022a0] [debug] -->[C73] DL_GetCount #./api/api.cpp (line:2710)
[0000147] [15:20:11:578125] [Tid0x000022a0] [debug] <--[C73] DL_GetCount
[0000148] [15:20:11:578125] [Tid0x000022a0] [debug] -->[C74] DL_Rom_GetInfoAll #./api/api.cpp (line:2875)
[0000149] [15:20:11:578125] [Tid0x000022a0] [debug] <--[C74] DL_Rom_GetInfoAll
[0000150] [15:20:11:625000] [Tid0x000022a0] [debug] -->[C75] DL_Rom_SetEnableAttr #./api/api.cpp (line:2929)
[0000151] [15:20:11:625000] [Tid0x000022a0] [debug] <--[C75] DL_Rom_SetEnableAttr
[0000152] [15:20:11:625000] [Tid0x000022a0] [debug] -->[C76] DL_GetCount #./api/api.cpp (line:2710)
[0000153] [15:20:11:625000] [Tid0x000022a0] [debug] <--[C76] DL_GetCount
[0000154] [15:20:11:625000] [Tid0x000022a0] [debug] -->[C77] DL_Rom_GetInfoAll #./api/api.cpp (line:2875)
[0000155] [15:20:11:625000] [Tid0x000022a0] [debug] <--[C77] DL_Rom_GetInfoAll
[0000156] [15:20:11:625000] [Tid0x000022a0] [debug] -->[C78] DL_Rom_SetEnableAttr #./api/api.cpp (line:2929)
[0000157] [15:20:11:625000] [Tid0x000022a0] [debug] <--[C78] DL_Rom_SetEnableAttr
[0000158] [15:20:11:625000] [Tid0x000022a0] [debug] -->[C79] DL_GetCount #./api/api.cpp (line:2710)
[0000159] [15:20:11:625000] [Tid0x000022a0] [debug] <--[C79] DL_GetCount
[0000160] [15:20:11:625000] [Tid0x000022a0] [debug] -->[C80] DL_Rom_GetInfoAll #./api/api.cpp (line:2875)
[0000161] [15:20:11:625000] [Tid0x000022a0] [debug] <--[C80] DL_Rom_GetInfoAll
[0000162] [15:20:11:640625] [Tid0x000022a0] [debug] -->[C81] DL_Rom_SetEnableAttr #./api/api.cpp (line:2929)
[0000163] [15:20:11:640625] [Tid0x000022a0] [debug] <--[C81] DL_Rom_SetEnableAttr
[0000164] [15:20:11:640625] [Tid0x000022a0] [debug] -->[C82] DL_GetCount #./api/api.cpp (line:2710)
[0000165] [15:20:11:640625] [Tid0x000022a0] [debug] <--[C82] DL_GetCount
[0000166] [15:20:11:640625] [Tid0x000022a0] [debug] -->[C83] DL_Rom_GetInfoAll #./api/api.cpp (line:2875)
[0000167] [15:20:11:640625] [Tid0x000022a0] [debug] <--[C83] DL_Rom_GetInfoAll
[0000168] [15:20:11:640625] [Tid0x000022a0] [debug] -->[C84] DL_Rom_SetEnableAttr #./api/api.cpp (line:2929)
[0000169] [15:20:11:640625] [Tid0x000022a0] [debug] <--[C84] DL_Rom_SetEnableAttr
[0000170] [15:20:11:640625] [Tid0x000022a0] [debug] -->[C85] DL_GetCount #./api/api.cpp (line:2710)
[0000171] [15:20:11:640625] [Tid0x000022a0] [debug] <--[C85] DL_GetCount
[0000172] [15:20:11:640625] [Tid0x000022a0] [debug] -->[C86] DL_Rom_GetInfoAll #./api/api.cpp (line:2875)
[0000173] [15:20:11:640625] [Tid0x000022a0] [debug] <--[C86] DL_Rom_GetInfoAll
[0000174] [15:20:11:687500] [Tid0x000022a0] [debug] -->[C87] DL_Rom_SetEnableAttr #./api/api.cpp (line:2929)
[0000175] [15:20:11:687500] [Tid0x000022a0] [debug] <--[C87] DL_Rom_SetEnableAttr
[0000176] [15:20:11:687500] [Tid0x000022a0] [debug] -->[C88] DL_GetCount #./api/api.cpp (line:2710)
[0000177] [15:20:11:687500] [Tid0x000022a0] [debug] <--[C88] DL_GetCount
[0000178] [15:20:11:687500] [Tid0x000022a0] [debug] -->[C89] DL_Rom_GetInfoAll #./api/api.cpp (line:2875)
[0000179] [15:20:11:687500] [Tid0x000022a0] [debug] <--[C89] DL_Rom_GetInfoAll
[0000180] [15:20:11:703125] [Tid0x000022a0] [debug] -->[C90] DL_Rom_SetEnableAttr #./api/api.cpp (line:2929)
[0000181] [15:20:11:734375] [Tid0x000022a0] [debug] <--[C90] DL_Rom_SetEnableAttr
[0000182] [15:20:11:734375] [Tid0x000022a0] [debug] -->[C91] DL_GetCount #./api/api.cpp (line:2710)
[0000183] [15:20:11:734375] [Tid0x000022a0] [debug] <--[C91] DL_GetCount
[0000184] [15:20:11:734375] [Tid0x000022a0] [debug] -->[C92] DL_Rom_GetInfoAll #./api/api.cpp (line:2875)
[0000185] [15:20:11:734375] [Tid0x000022a0] [debug] <--[C92] DL_Rom_GetInfoAll
[0000186] [15:20:11:796875] [Tid0x000022a0] [debug] -->[C93] DL_Rom_SetEnableAttr #./api/api.cpp (line:2929)
[0000187] [15:20:11:796875] [Tid0x000022a0] [debug] <--[C93] DL_Rom_SetEnableAttr
[0000188] [15:20:11:796875] [Tid0x000022a0] [debug] -->[C94] DL_GetCount #./api/api.cpp (line:2710)
[0000189] [15:20:11:796875] [Tid0x000022a0] [debug] <--[C94] DL_GetCount
[0000190] [15:20:11:796875] [Tid0x000022a0] [debug] -->[C95] DL_Rom_GetInfoAll #./api/api.cpp (line:2875)
[0000191] [15:20:11:796875] [Tid0x000022a0] [debug] <--[C95] DL_Rom_GetInfoAll
[0000192] [15:20:11:812500] [Tid0x000022a0] [debug] -->[C96] DL_Rom_SetEnableAttr #./api/api.cpp (line:2929)
[0000193] [15:20:11:812500] [Tid0x000022a0] [debug] <--[C96] DL_Rom_SetEnableAttr
[0000194] [15:20:12:390625] [Tid0x000022a0] [debug] -->[C97] DL_GetCount #./api/api.cpp (line:2710)
[0000195] [15:20:12:390625] [Tid0x000022a0] [debug] <--[C97] DL_GetCount
[0000196] [15:20:12:390625] [Tid0x000022a0] [debug] -->[C98] DL_Rom_GetInfoAll #./api/api.cpp (line:2875)
[0000197] [15:20:12:390625] [Tid0x000022a0] [debug] <--[C98] DL_Rom_GetInfoAll
[0000198] [15:20:12:421875] [Tid0x000022a0] [debug] -->[C99] DL_Rom_SetEnableAttr #./api/api.cpp (line:2929)
[0000199] [15:20:12:421875] [Tid0x000022a0] [debug] <--[C99] DL_Rom_SetEnableAttr
[0000200] [15:20:13:687500] [Tid0x000022a0] [debug] -->[C100] DL_GetCount #./api/api.cpp (line:2710)
[0000201] [15:20:13:687500] [Tid0x000022a0] [debug] <--[C100] DL_GetCount
[0000202] [15:20:13:687500] [Tid0x000022a0] [debug] -->[C101] DL_Rom_GetInfoAll #./api/api.cpp (line:2875)
[0000203] [15:20:13:687500] [Tid0x000022a0] [debug] <--[C101] DL_Rom_GetInfoAll
[0000204] [15:20:13:687500] [Tid0x000022a0] [debug] -->[C102] DL_Rom_SetEnableAttr #./api/api.cpp (line:2929)
[0000205] [15:20:13:687500] [Tid0x000022a0] [debug] <--[C102] DL_Rom_SetEnableAttr
[0000206] [15:20:14:703125] [Tid0x000022a0] [debug] -->[C103] DL_GetCount #./api/api.cpp (line:2710)
[0000207] [15:20:14:703125] [Tid0x000022a0] [debug] <--[C103] DL_GetCount
[0000208] [15:20:14:703125] [Tid0x000022a0] [debug] -->[C104] DL_Rom_GetInfoAll #./api/api.cpp (line:2875)
[0000209] [15:20:14:703125] [Tid0x000022a0] [debug] <--[C104] DL_Rom_GetInfoAll
[0000210] [15:20:14:718750] [Tid0x000022a0] [debug] -->[C105] DL_GetCount #./api/api.cpp (line:2710)
[0000211] [15:20:14:718750] [Tid0x000022a0] [debug] <--[C105] DL_GetCount
[0000212] [15:20:14:718750] [Tid0x000022a0] [debug] -->[C106] DL_Rom_GetInfoAll #./api/api.cpp (line:2875)
[0000213] [15:20:14:718750] [Tid0x000022a0] [debug] <--[C106] DL_Rom_GetInfoAll
[0000214] [15:20:59:546875] [Tid0x000027bc] [debug] -->[C107] FlashTool_Connect_BROM_ByName #./api/api.cpp (line:2102)
[0000215] [15:20:59:546875] [Tid0x000027bc] [debug] -->[C108] FlashTool_Connect_BROM_Ex #./api/api.cpp (line:1862)
[0000216] [15:20:59:546875] [Tid0x000027bc] [debug] bCheckScatter: 1
[0000217] [15:20:59:546875] [Tid0x000027bc] [debug] have load scatter already
[0000218] [15:20:59:546875] [Tid0x000027bc] [debug] libversion 1
[0000219] [15:21:00:046875] [Tid0x000027bc] [debug] <--[C108] FlashTool_Connect_BROM_Ex
[0000220] [15:21:00:046875] [Tid0x000027bc] [debug] <--[C107] FlashTool_Connect_BROM_ByName
[0000221] [15:21:00:046875] [Tid0x000027bc] [debug] -->[C109] FlashTool_GetBootResult #./api/api.cpp (line:2114)
[0000222] [15:21:00:046875] [Tid0x000027bc] [debug] <--[C109] FlashTool_GetBootResult
[0000223] [15:21:00:046875] [Tid0x000027bc] [debug] -->[C110] FlashTool_Connect_Download_DA #./api/api.cpp (line:2134)
[0000224] [15:21:00:046875] [Tid0x000027bc] [debug] bCheckScatter: 1
[0000225] [15:21:02:093750] [Tid0x000027bc] [debug] <--[C110] FlashTool_Connect_Download_DA
[0000226] [15:21:02:093750] [Tid0x000027bc] [debug] -->[C111] FlashTool_CheckUSBStatus #./api/api.cpp (line:1140)
[0000227] [15:21:02:093750] [Tid0x000027bc] [debug] <--[C111] FlashTool_CheckUSBStatus
[0000228] [15:21:02:093750] [Tid0x000027bc] [debug] -->[C112] FlashTool_CheckUSBStatus #./api/api.cpp (line:1140)
[0000229] [15:21:02:093750] [Tid0x000027bc] [debug] <--[C112] FlashTool_CheckUSBStatus
[0000230] [15:21:02:093750] [Tid0x000027bc] [debug] -->[C113] FlashTool_GetReservedRomSize #./api/api.cpp (line:1663)
[0000231] [15:21:02:093750] [Tid0x000027bc] [debug] <--[C113] FlashTool_GetReservedRomSize
[0000232] [15:21:02:093750] [Tid0x000027bc] [debug] -->[C114] FlashTool_RomGetCount #./api/api.cpp (line:1688)
[0000233] [15:21:02:093750] [Tid0x000027bc] [debug] <--[C114] FlashTool_RomGetCount
[0000234] [15:21:02:093750] [Tid0x000027bc] [debug] -->[C115] FlashTool_RomGetInfoAll #./api/api.cpp (line:1705)
[0000235] [15:21:02:109375] [Tid0x000027bc] [debug] <--[C115] FlashTool_RomGetInfoAll
[0000236] [15:21:02:109375] [Tid0x000027bc] [debug] -->[C116] FlashTool_ReadPartitionCount #./api/api.cpp (line:1619)
[0000237] [15:21:02:125000] [Tid0x000027bc] [debug] <--[C116] FlashTool_ReadPartitionCount
[0000238] [15:21:02:125000] [Tid0x000027bc] [debug] -->[C117] FlashTool_ReadPartitionInfo #./api/api.cpp (line:1640)
[0000239] [15:21:02:125000] [Tid0x000027bc] [debug] <--[C117] FlashTool_ReadPartitionInfo
[0000240] [15:21:02:125000] [Tid0x000027bc] [debug] -->[C118] FlashTool_Download #./api/api.cpp (line:1286)
[0000241] [15:26:11:609375] [Tid0x000027bc] [debug] <--[C118] FlashTool_Download
[0000242] [15:26:11:609375] [Tid0x000027bc] [debug] -->[C119] DL_GetCount #./api/api.cpp (line:2710)
[0000243] [15:26:11:609375] [Tid0x000027bc] [debug] <--[C119] DL_GetCount
[0000244] [15:26:11:609375] [Tid0x000027bc] [debug] -->[C120] DL_Rom_GetInfoAll #./api/api.cpp (line:2875)
[0000245] [15:26:11:609375] [Tid0x000027bc] [debug] <--[C120] DL_Rom_GetInfoAll
[0000246] [15:26:11:609375] [Tid0x000027bc] [debug] -->[C121] FlashTool_Disconnect #./api/api.cpp (line:1019)
[0000247] [15:26:11:671875] [Tid0x000027bc] [debug] <--[C121] FlashTool_Disconnect
[0000248] [15:30:23:171875] [Tid0x000022a0] [debug] -->[C122] DL_Rom_UnloadAll #./api/api.cpp (line:2918)
[0000249] [15:30:23:171875] [Tid0x000022a0] [debug] <--[C122] DL_Rom_UnloadAll
