[0000001] [14:35:24:546875] [Tid0x00002640] [debug] -->[C1] DL_LoadScatter #./api/api.cpp (line:2601)
[0000002] [14:35:24:562500] [Tid0x00002640] [debug] used lib version: 1
[0000003] [14:35:24:562500] [Tid0x00002640] [debug] <--[C1] DL_LoadScatter
[0000004] [14:35:24:562500] [Tid0x00002640] [debug] -->[C2] DL_AutoLoadRomImages #./api/api.cpp (line:2790)
[0000005] [14:35:24:906250] [Tid0x00002640] [debug] <--[C2] DL_AutoLoadRomImages
[0000006] [14:35:24:937500] [Tid0x00002004] [debug] -->[C3] DL_GetCount #./api/api.cpp (line:2710)
[0000007] [14:35:24:937500] [Tid0x00002004] [debug] <--[C3] DL_GetCount
[0000008] [14:35:24:937500] [Tid0x00002004] [debug] -->[C4] DL_Rom_GetInfoAll #./api/api.cpp (line:2875)
[0000009] [14:35:24:937500] [Tid0x00002004] [debug] <--[C4] DL_Rom_GetInfoAll
[0000010] [14:35:24:953125] [Tid0x00002004] [debug] -->[C5] DL_GetScatterInfo #./api/api.cpp (line:2811)
[0000011] [14:35:24:953125] [Tid0x00002004] [debug] <--[C5] DL_GetScatterInfo
[0000012] [14:35:24:953125] [Tid0x00002004] [debug] -->[C6] DL_GetCount #./api/api.cpp (line:2710)
[0000013] [14:35:24:953125] [Tid0x00002004] [debug] <--[C6] DL_GetCount
[0000014] [14:35:24:953125] [Tid0x00002004] [debug] -->[C7] DL_Rom_GetInfoAll #./api/api.cpp (line:2875)
[0000015] [14:35:24:953125] [Tid0x00002004] [debug] <--[C7] DL_Rom_GetInfoAll
[0000016] [14:35:24:953125] [Tid0x00002004] [debug] -->[C8] DL_Rom_SetEnableAttr #./api/api.cpp (line:2929)
[0000017] [14:35:24:953125] [Tid0x00002004] [debug] <--[C8] DL_Rom_SetEnableAttr
[0000018] [14:35:24:953125] [Tid0x00002004] [debug] -->[C9] DL_GetCount #./api/api.cpp (line:2710)
[0000019] [14:35:24:953125] [Tid0x00002004] [debug] <--[C9] DL_GetCount
[0000020] [14:35:24:953125] [Tid0x00002004] [debug] -->[C10] DL_Rom_GetInfoAll #./api/api.cpp (line:2875)
[0000021] [14:35:24:953125] [Tid0x00002004] [debug] <--[C10] DL_Rom_GetInfoAll
[0000022] [14:35:24:968750] [Tid0x00002004] [debug] -->[C11] DL_Rom_SetEnableAttr #./api/api.cpp (line:2929)
[0000023] [14:35:24:968750] [Tid0x00002004] [debug] <--[C11] DL_Rom_SetEnableAttr
[0000024] [14:35:24:968750] [Tid0x00002004] [debug] -->[C12] DL_GetCount #./api/api.cpp (line:2710)
[0000025] [14:35:24:968750] [Tid0x00002004] [debug] <--[C12] DL_GetCount
[0000026] [14:35:24:968750] [Tid0x00002004] [debug] -->[C13] DL_Rom_GetInfoAll #./api/api.cpp (line:2875)
[0000027] [14:35:24:968750] [Tid0x00002004] [debug] <--[C13] DL_Rom_GetInfoAll
[0000028] [14:35:24:968750] [Tid0x00002004] [debug] -->[C14] DL_Rom_SetEnableAttr #./api/api.cpp (line:2929)
[0000029] [14:35:24:968750] [Tid0x00002004] [debug] <--[C14] DL_Rom_SetEnableAttr
[0000030] [14:35:24:968750] [Tid0x00002004] [debug] -->[C15] DL_GetCount #./api/api.cpp (line:2710)
[0000031] [14:35:24:968750] [Tid0x00002004] [debug] <--[C15] DL_GetCount
[0000032] [14:35:24:968750] [Tid0x00002004] [debug] -->[C16] DL_Rom_GetInfoAll #./api/api.cpp (line:2875)
[0000033] [14:35:24:968750] [Tid0x00002004] [debug] <--[C16] DL_Rom_GetInfoAll
[0000034] [14:35:24:984375] [Tid0x00002004] [debug] -->[C17] DL_Rom_SetEnableAttr #./api/api.cpp (line:2929)
[0000035] [14:35:24:984375] [Tid0x00002004] [debug] <--[C17] DL_Rom_SetEnableAttr
[0000036] [14:35:24:984375] [Tid0x00002004] [debug] -->[C18] DL_GetCount #./api/api.cpp (line:2710)
[0000037] [14:35:24:984375] [Tid0x00002004] [debug] <--[C18] DL_GetCount
[0000038] [14:35:24:984375] [Tid0x00002004] [debug] -->[C19] DL_Rom_GetInfoAll #./api/api.cpp (line:2875)
[0000039] [14:35:24:984375] [Tid0x00002004] [debug] <--[C19] DL_Rom_GetInfoAll
[0000040] [14:35:24:984375] [Tid0x00002004] [debug] -->[C20] DL_Rom_SetEnableAttr #./api/api.cpp (line:2929)
[0000041] [14:35:24:984375] [Tid0x00002004] [debug] <--[C20] DL_Rom_SetEnableAttr
[0000042] [14:35:24:984375] [Tid0x00002004] [debug] -->[C21] DL_GetCount #./api/api.cpp (line:2710)
[0000043] [14:35:24:984375] [Tid0x00002004] [debug] <--[C21] DL_GetCount
[0000044] [14:35:24:984375] [Tid0x00002004] [debug] -->[C22] DL_Rom_GetInfoAll #./api/api.cpp (line:2875)
[0000045] [14:35:24:984375] [Tid0x00002004] [debug] <--[C22] DL_Rom_GetInfoAll
[0000046] [14:35:24:984375] [Tid0x00002004] [debug] -->[C23] DL_Rom_SetEnableAttr #./api/api.cpp (line:2929)
[0000047] [14:35:24:984375] [Tid0x00002004] [debug] <--[C23] DL_Rom_SetEnableAttr
[0000048] [14:35:24:984375] [Tid0x00002004] [debug] -->[C24] DL_GetCount #./api/api.cpp (line:2710)
[0000049] [14:35:24:984375] [Tid0x00002004] [debug] <--[C24] DL_GetCount
[0000050] [14:35:24:984375] [Tid0x00002004] [debug] -->[C25] DL_Rom_GetInfoAll #./api/api.cpp (line:2875)
[0000051] [14:35:24:984375] [Tid0x00002004] [debug] <--[C25] DL_Rom_GetInfoAll
[0000052] [14:35:25:000000] [Tid0x00002004] [debug] -->[C26] DL_Rom_SetEnableAttr #./api/api.cpp (line:2929)
[0000053] [14:35:25:000000] [Tid0x00002004] [debug] <--[C26] DL_Rom_SetEnableAttr
[0000054] [14:35:25:000000] [Tid0x00002004] [debug] -->[C27] DL_GetCount #./api/api.cpp (line:2710)
[0000055] [14:35:25:000000] [Tid0x00002004] [debug] <--[C27] DL_GetCount
[0000056] [14:35:25:000000] [Tid0x00002004] [debug] -->[C28] DL_Rom_GetInfoAll #./api/api.cpp (line:2875)
[0000057] [14:35:25:000000] [Tid0x00002004] [debug] <--[C28] DL_Rom_GetInfoAll
[0000058] [14:35:25:000000] [Tid0x00002004] [debug] -->[C29] DL_Rom_SetEnableAttr #./api/api.cpp (line:2929)
[0000059] [14:35:25:000000] [Tid0x00002004] [debug] <--[C29] DL_Rom_SetEnableAttr
[0000060] [14:35:25:000000] [Tid0x00002004] [debug] -->[C30] DL_GetCount #./api/api.cpp (line:2710)
[0000061] [14:35:25:000000] [Tid0x00002004] [debug] <--[C30] DL_GetCount
[0000062] [14:35:25:000000] [Tid0x00002004] [debug] -->[C31] DL_Rom_GetInfoAll #./api/api.cpp (line:2875)
[0000063] [14:35:25:000000] [Tid0x00002004] [debug] <--[C31] DL_Rom_GetInfoAll
[0000064] [14:35:25:015625] [Tid0x00002004] [debug] -->[C32] DL_Rom_SetEnableAttr #./api/api.cpp (line:2929)
[0000065] [14:35:25:015625] [Tid0x00002004] [debug] <--[C32] DL_Rom_SetEnableAttr
[0000066] [14:35:25:015625] [Tid0x00002004] [debug] -->[C33] DL_GetCount #./api/api.cpp (line:2710)
[0000067] [14:35:25:015625] [Tid0x00002004] [debug] <--[C33] DL_GetCount
[0000068] [14:35:25:015625] [Tid0x00002004] [debug] -->[C34] DL_Rom_GetInfoAll #./api/api.cpp (line:2875)
[0000069] [14:35:25:015625] [Tid0x00002004] [debug] <--[C34] DL_Rom_GetInfoAll
[0000070] [14:35:25:015625] [Tid0x00002004] [debug] -->[C35] DL_Rom_SetEnableAttr #./api/api.cpp (line:2929)
[0000071] [14:35:25:015625] [Tid0x00002004] [debug] <--[C35] DL_Rom_SetEnableAttr
[0000072] [14:35:25:015625] [Tid0x00002004] [debug] -->[C36] DL_SetChecksumLevel #./api/api.cpp (line:2643)
[0000073] [14:35:25:015625] [Tid0x00002004] [debug] <--[C36] DL_SetChecksumLevel
[0000074] [14:35:41:656250] [Tid0x00002640] [debug] -->[C37] DL_LoadScatter #./api/api.cpp (line:2601)
[0000075] [14:35:41:703125] [Tid0x00002640] [debug] used lib version: 1
[0000076] [14:35:41:703125] [Tid0x00002640] [debug] <--[C37] DL_LoadScatter
[0000077] [14:35:41:703125] [Tid0x00002640] [debug] -->[C38] DL_AutoLoadRomImages #./api/api.cpp (line:2790)
[0000078] [14:35:42:125000] [Tid0x00002640] [debug] <--[C38] DL_AutoLoadRomImages
[0000079] [14:35:42:140625] [Tid0x00002004] [debug] -->[C39] DL_GetCount #./api/api.cpp (line:2710)
[0000080] [14:35:42:140625] [Tid0x00002004] [debug] <--[C39] DL_GetCount
[0000081] [14:35:42:140625] [Tid0x00002004] [debug] -->[C40] DL_Rom_GetInfoAll #./api/api.cpp (line:2875)
[0000082] [14:35:42:140625] [Tid0x00002004] [debug] <--[C40] DL_Rom_GetInfoAll
[0000083] [14:35:42:140625] [Tid0x00002004] [debug] -->[C41] DL_GetScatterInfo #./api/api.cpp (line:2811)
[0000084] [14:35:42:140625] [Tid0x00002004] [debug] <--[C41] DL_GetScatterInfo
[0000085] [14:35:42:156250] [Tid0x00002004] [debug] -->[C42] DL_GetCount #./api/api.cpp (line:2710)
[0000086] [14:35:42:156250] [Tid0x00002004] [debug] <--[C42] DL_GetCount
[0000087] [14:35:42:156250] [Tid0x00002004] [debug] -->[C43] DL_Rom_GetInfoAll #./api/api.cpp (line:2875)
[0000088] [14:35:42:156250] [Tid0x00002004] [debug] <--[C43] DL_Rom_GetInfoAll
[0000089] [14:35:42:156250] [Tid0x00002004] [debug] -->[C44] DL_Rom_SetEnableAttr #./api/api.cpp (line:2929)
[0000090] [14:35:42:156250] [Tid0x00002004] [debug] <--[C44] DL_Rom_SetEnableAttr
[0000091] [14:35:42:171875] [Tid0x00002004] [debug] -->[C45] DL_GetCount #./api/api.cpp (line:2710)
[0000092] [14:35:42:171875] [Tid0x00002004] [debug] <--[C45] DL_GetCount
[0000093] [14:35:42:171875] [Tid0x00002004] [debug] -->[C46] DL_Rom_GetInfoAll #./api/api.cpp (line:2875)
[0000094] [14:35:42:171875] [Tid0x00002004] [debug] <--[C46] DL_Rom_GetInfoAll
[0000095] [14:35:42:171875] [Tid0x00002004] [debug] -->[C47] DL_Rom_SetEnableAttr #./api/api.cpp (line:2929)
[0000096] [14:35:42:171875] [Tid0x00002004] [debug] <--[C47] DL_Rom_SetEnableAttr
[0000097] [14:35:42:187500] [Tid0x00002004] [debug] -->[C48] DL_GetCount #./api/api.cpp (line:2710)
[0000098] [14:35:42:187500] [Tid0x00002004] [debug] <--[C48] DL_GetCount
[0000099] [14:35:42:187500] [Tid0x00002004] [debug] -->[C49] DL_Rom_GetInfoAll #./api/api.cpp (line:2875)
[0000100] [14:35:42:187500] [Tid0x00002004] [debug] <--[C49] DL_Rom_GetInfoAll
[0000101] [14:35:42:203125] [Tid0x00002004] [debug] -->[C50] DL_Rom_SetEnableAttr #./api/api.cpp (line:2929)
[0000102] [14:35:42:203125] [Tid0x00002004] [debug] <--[C50] DL_Rom_SetEnableAttr
[0000103] [14:35:42:203125] [Tid0x00002004] [debug] -->[C51] DL_GetCount #./api/api.cpp (line:2710)
[0000104] [14:35:42:203125] [Tid0x00002004] [debug] <--[C51] DL_GetCount
[0000105] [14:35:42:203125] [Tid0x00002004] [debug] -->[C52] DL_Rom_GetInfoAll #./api/api.cpp (line:2875)
[0000106] [14:35:42:203125] [Tid0x00002004] [debug] <--[C52] DL_Rom_GetInfoAll
[0000107] [14:35:42:203125] [Tid0x00002004] [debug] -->[C53] DL_Rom_SetEnableAttr #./api/api.cpp (line:2929)
[0000108] [14:35:42:203125] [Tid0x00002004] [debug] <--[C53] DL_Rom_SetEnableAttr
[0000109] [14:35:42:218750] [Tid0x00002004] [debug] -->[C54] DL_GetCount #./api/api.cpp (line:2710)
[0000110] [14:35:42:218750] [Tid0x00002004] [debug] <--[C54] DL_GetCount
[0000111] [14:35:42:218750] [Tid0x00002004] [debug] -->[C55] DL_Rom_GetInfoAll #./api/api.cpp (line:2875)
[0000112] [14:35:42:218750] [Tid0x00002004] [debug] <--[C55] DL_Rom_GetInfoAll
[0000113] [14:35:42:218750] [Tid0x00002004] [debug] -->[C56] DL_Rom_SetEnableAttr #./api/api.cpp (line:2929)
[0000114] [14:35:42:218750] [Tid0x00002004] [debug] <--[C56] DL_Rom_SetEnableAttr
[0000115] [14:35:42:234375] [Tid0x00002004] [debug] -->[C57] DL_GetCount #./api/api.cpp (line:2710)
[0000116] [14:35:42:234375] [Tid0x00002004] [debug] <--[C57] DL_GetCount
[0000117] [14:35:42:234375] [Tid0x00002004] [debug] -->[C58] DL_Rom_GetInfoAll #./api/api.cpp (line:2875)
[0000118] [14:35:42:234375] [Tid0x00002004] [debug] <--[C58] DL_Rom_GetInfoAll
[0000119] [14:35:42:234375] [Tid0x00002004] [debug] -->[C59] DL_Rom_SetEnableAttr #./api/api.cpp (line:2929)
[0000120] [14:35:42:234375] [Tid0x00002004] [debug] <--[C59] DL_Rom_SetEnableAttr
[0000121] [14:35:42:234375] [Tid0x00002004] [debug] -->[C60] DL_GetCount #./api/api.cpp (line:2710)
[0000122] [14:35:42:250000] [Tid0x00002004] [debug] <--[C60] DL_GetCount
[0000123] [14:35:42:250000] [Tid0x00002004] [debug] -->[C61] DL_Rom_GetInfoAll #./api/api.cpp (line:2875)
[0000124] [14:35:42:250000] [Tid0x00002004] [debug] <--[C61] DL_Rom_GetInfoAll
[0000125] [14:35:42:250000] [Tid0x00002004] [debug] -->[C62] DL_Rom_SetEnableAttr #./api/api.cpp (line:2929)
[0000126] [14:35:42:250000] [Tid0x00002004] [debug] <--[C62] DL_Rom_SetEnableAttr
[0000127] [14:35:42:265625] [Tid0x00002004] [debug] -->[C63] DL_GetCount #./api/api.cpp (line:2710)
[0000128] [14:35:42:265625] [Tid0x00002004] [debug] <--[C63] DL_GetCount
[0000129] [14:35:42:265625] [Tid0x00002004] [debug] -->[C64] DL_Rom_GetInfoAll #./api/api.cpp (line:2875)
[0000130] [14:35:42:265625] [Tid0x00002004] [debug] <--[C64] DL_Rom_GetInfoAll
[0000131] [14:35:42:265625] [Tid0x00002004] [debug] -->[C65] DL_Rom_SetEnableAttr #./api/api.cpp (line:2929)
[0000132] [14:35:42:265625] [Tid0x00002004] [debug] <--[C65] DL_Rom_SetEnableAttr
[0000133] [14:35:42:281250] [Tid0x00002004] [debug] -->[C66] DL_GetCount #./api/api.cpp (line:2710)
[0000134] [14:35:42:281250] [Tid0x00002004] [debug] <--[C66] DL_GetCount
[0000135] [14:35:42:281250] [Tid0x00002004] [debug] -->[C67] DL_Rom_GetInfoAll #./api/api.cpp (line:2875)
[0000136] [14:35:42:281250] [Tid0x00002004] [debug] <--[C67] DL_Rom_GetInfoAll
[0000137] [14:35:42:281250] [Tid0x00002004] [debug] -->[C68] DL_Rom_SetEnableAttr #./api/api.cpp (line:2929)
[0000138] [14:35:42:281250] [Tid0x00002004] [debug] <--[C68] DL_Rom_SetEnableAttr
[0000139] [14:35:42:281250] [Tid0x00002004] [debug] -->[C69] DL_GetCount #./api/api.cpp (line:2710)
[0000140] [14:35:42:281250] [Tid0x00002004] [debug] <--[C69] DL_GetCount
[0000141] [14:35:42:281250] [Tid0x00002004] [debug] -->[C70] DL_Rom_GetInfoAll #./api/api.cpp (line:2875)
[0000142] [14:35:42:281250] [Tid0x00002004] [debug] <--[C70] DL_Rom_GetInfoAll
[0000143] [14:35:42:296875] [Tid0x00002004] [debug] -->[C71] DL_Rom_SetEnableAttr #./api/api.cpp (line:2929)
[0000144] [14:35:42:296875] [Tid0x00002004] [debug] <--[C71] DL_Rom_SetEnableAttr
[0000145] [14:35:42:312500] [Tid0x00002004] [debug] -->[C72] DL_GetCount #./api/api.cpp (line:2710)
[0000146] [14:35:42:312500] [Tid0x00002004] [debug] <--[C72] DL_GetCount
[0000147] [14:35:42:312500] [Tid0x00002004] [debug] -->[C73] DL_Rom_GetInfoAll #./api/api.cpp (line:2875)
[0000148] [14:35:42:312500] [Tid0x00002004] [debug] <--[C73] DL_Rom_GetInfoAll
[0000149] [14:35:42:312500] [Tid0x00002004] [debug] -->[C74] DL_Rom_SetEnableAttr #./api/api.cpp (line:2929)
[0000150] [14:35:42:312500] [Tid0x00002004] [debug] <--[C74] DL_Rom_SetEnableAttr
[0000151] [14:35:42:328125] [Tid0x00002004] [debug] -->[C75] DL_GetCount #./api/api.cpp (line:2710)
[0000152] [14:35:42:328125] [Tid0x00002004] [debug] <--[C75] DL_GetCount
[0000153] [14:35:42:328125] [Tid0x00002004] [debug] -->[C76] DL_Rom_GetInfoAll #./api/api.cpp (line:2875)
[0000154] [14:35:42:328125] [Tid0x00002004] [debug] <--[C76] DL_Rom_GetInfoAll
[0000155] [14:35:42:328125] [Tid0x00002004] [debug] -->[C77] DL_Rom_SetEnableAttr #./api/api.cpp (line:2929)
[0000156] [14:35:42:328125] [Tid0x00002004] [debug] <--[C77] DL_Rom_SetEnableAttr
[0000157] [14:35:42:328125] [Tid0x00002004] [debug] -->[C78] DL_GetCount #./api/api.cpp (line:2710)
[0000158] [14:35:42:328125] [Tid0x00002004] [debug] <--[C78] DL_GetCount
[0000159] [14:35:42:328125] [Tid0x00002004] [debug] -->[C79] DL_Rom_GetInfoAll #./api/api.cpp (line:2875)
[0000160] [14:35:42:328125] [Tid0x00002004] [debug] <--[C79] DL_Rom_GetInfoAll
[0000161] [14:35:42:343750] [Tid0x00002004] [debug] -->[C80] DL_Rom_SetEnableAttr #./api/api.cpp (line:2929)
[0000162] [14:35:42:343750] [Tid0x00002004] [debug] <--[C80] DL_Rom_SetEnableAttr
[0000163] [14:35:42:359375] [Tid0x00002004] [debug] -->[C81] DL_GetCount #./api/api.cpp (line:2710)
[0000164] [14:35:42:359375] [Tid0x00002004] [debug] <--[C81] DL_GetCount
[0000165] [14:35:42:359375] [Tid0x00002004] [debug] -->[C82] DL_Rom_GetInfoAll #./api/api.cpp (line:2875)
[0000166] [14:35:42:359375] [Tid0x00002004] [debug] <--[C82] DL_Rom_GetInfoAll
[0000167] [14:35:42:359375] [Tid0x00002004] [debug] -->[C83] DL_Rom_SetEnableAttr #./api/api.cpp (line:2929)
[0000168] [14:35:42:359375] [Tid0x00002004] [debug] <--[C83] DL_Rom_SetEnableAttr
[0000169] [14:35:42:375000] [Tid0x00002004] [debug] -->[C84] DL_GetCount #./api/api.cpp (line:2710)
[0000170] [14:35:42:375000] [Tid0x00002004] [debug] <--[C84] DL_GetCount
[0000171] [14:35:42:375000] [Tid0x00002004] [debug] -->[C85] DL_Rom_GetInfoAll #./api/api.cpp (line:2875)
[0000172] [14:35:42:375000] [Tid0x00002004] [debug] <--[C85] DL_Rom_GetInfoAll
[0000173] [14:35:42:375000] [Tid0x00002004] [debug] -->[C86] DL_Rom_SetEnableAttr #./api/api.cpp (line:2929)
[0000174] [14:35:42:375000] [Tid0x00002004] [debug] <--[C86] DL_Rom_SetEnableAttr
[0000175] [14:35:42:375000] [Tid0x00002004] [debug] -->[C87] DL_GetCount #./api/api.cpp (line:2710)
[0000176] [14:35:42:375000] [Tid0x00002004] [debug] <--[C87] DL_GetCount
[0000177] [14:35:42:375000] [Tid0x00002004] [debug] -->[C88] DL_Rom_GetInfoAll #./api/api.cpp (line:2875)
[0000178] [14:35:42:375000] [Tid0x00002004] [debug] <--[C88] DL_Rom_GetInfoAll
[0000179] [14:35:42:390625] [Tid0x00002004] [debug] -->[C89] DL_Rom_SetEnableAttr #./api/api.cpp (line:2929)
[0000180] [14:35:42:390625] [Tid0x00002004] [debug] <--[C89] DL_Rom_SetEnableAttr
[0000181] [14:35:42:406250] [Tid0x00002004] [debug] -->[C90] DL_GetCount #./api/api.cpp (line:2710)
[0000182] [14:35:42:406250] [Tid0x00002004] [debug] <--[C90] DL_GetCount
[0000183] [14:35:42:406250] [Tid0x00002004] [debug] -->[C91] DL_Rom_GetInfoAll #./api/api.cpp (line:2875)
[0000184] [14:35:42:406250] [Tid0x00002004] [debug] <--[C91] DL_Rom_GetInfoAll
[0000185] [14:35:42:406250] [Tid0x00002004] [debug] -->[C92] DL_Rom_SetEnableAttr #./api/api.cpp (line:2929)
[0000186] [14:35:42:406250] [Tid0x00002004] [debug] <--[C92] DL_Rom_SetEnableAttr
[0000187] [14:35:42:421875] [Tid0x00002004] [debug] -->[C93] DL_GetCount #./api/api.cpp (line:2710)
[0000188] [14:35:42:421875] [Tid0x00002004] [debug] <--[C93] DL_GetCount
[0000189] [14:35:42:421875] [Tid0x00002004] [debug] -->[C94] DL_Rom_GetInfoAll #./api/api.cpp (line:2875)
[0000190] [14:35:42:421875] [Tid0x00002004] [debug] <--[C94] DL_Rom_GetInfoAll
[0000191] [14:35:42:421875] [Tid0x00002004] [debug] -->[C95] DL_Rom_SetEnableAttr #./api/api.cpp (line:2929)
[0000192] [14:35:42:421875] [Tid0x00002004] [debug] <--[C95] DL_Rom_SetEnableAttr
[0000193] [14:35:42:437500] [Tid0x00002004] [debug] -->[C96] DL_GetCount #./api/api.cpp (line:2710)
[0000194] [14:35:42:437500] [Tid0x00002004] [debug] <--[C96] DL_GetCount
[0000195] [14:35:42:437500] [Tid0x00002004] [debug] -->[C97] DL_Rom_GetInfoAll #./api/api.cpp (line:2875)
[0000196] [14:35:42:437500] [Tid0x00002004] [debug] <--[C97] DL_Rom_GetInfoAll
[0000197] [14:35:42:437500] [Tid0x00002004] [debug] -->[C98] DL_Rom_SetEnableAttr #./api/api.cpp (line:2929)
[0000198] [14:35:42:453125] [Tid0x00002004] [debug] <--[C98] DL_Rom_SetEnableAttr
[0000199] [14:35:42:453125] [Tid0x00002004] [debug] -->[C99] DL_GetCount #./api/api.cpp (line:2710)
[0000200] [14:35:42:453125] [Tid0x00002004] [debug] <--[C99] DL_GetCount
[0000201] [14:35:42:453125] [Tid0x00002004] [debug] -->[C100] DL_Rom_GetInfoAll #./api/api.cpp (line:2875)
[0000202] [14:35:42:453125] [Tid0x00002004] [debug] <--[C100] DL_Rom_GetInfoAll
[0000203] [14:35:42:453125] [Tid0x00002004] [debug] -->[C101] DL_Rom_SetEnableAttr #./api/api.cpp (line:2929)
[0000204] [14:35:42:453125] [Tid0x00002004] [debug] <--[C101] DL_Rom_SetEnableAttr
[0000205] [14:35:42:468750] [Tid0x00002004] [debug] -->[C102] DL_GetCount #./api/api.cpp (line:2710)
[0000206] [14:35:42:468750] [Tid0x00002004] [debug] <--[C102] DL_GetCount
[0000207] [14:35:42:468750] [Tid0x00002004] [debug] -->[C103] DL_Rom_GetInfoAll #./api/api.cpp (line:2875)
[0000208] [14:35:42:468750] [Tid0x00002004] [debug] <--[C103] DL_Rom_GetInfoAll
[0000209] [14:35:42:468750] [Tid0x00002004] [debug] -->[C104] DL_Rom_SetEnableAttr #./api/api.cpp (line:2929)
[0000210] [14:35:42:468750] [Tid0x00002004] [debug] <--[C104] DL_Rom_SetEnableAttr
[0000211] [14:35:42:484375] [Tid0x00002004] [debug] -->[C105] DL_GetCount #./api/api.cpp (line:2710)
[0000212] [14:35:42:484375] [Tid0x00002004] [debug] <--[C105] DL_GetCount
[0000213] [14:35:42:484375] [Tid0x00002004] [debug] -->[C106] DL_Rom_GetInfoAll #./api/api.cpp (line:2875)
[0000214] [14:35:42:484375] [Tid0x00002004] [debug] <--[C106] DL_Rom_GetInfoAll
[0000215] [14:35:42:484375] [Tid0x00002004] [debug] -->[C107] DL_Rom_SetEnableAttr #./api/api.cpp (line:2929)
[0000216] [14:35:42:484375] [Tid0x00002004] [debug] <--[C107] DL_Rom_SetEnableAttr
[0000217] [14:35:42:500000] [Tid0x00002004] [debug] -->[C108] DL_GetCount #./api/api.cpp (line:2710)
[0000218] [14:35:42:500000] [Tid0x00002004] [debug] <--[C108] DL_GetCount
[0000219] [14:35:42:500000] [Tid0x00002004] [debug] -->[C109] DL_Rom_GetInfoAll #./api/api.cpp (line:2875)
[0000220] [14:35:42:500000] [Tid0x00002004] [debug] <--[C109] DL_Rom_GetInfoAll
[0000221] [14:35:42:515625] [Tid0x00002004] [debug] -->[C110] DL_Rom_SetEnableAttr #./api/api.cpp (line:2929)
[0000222] [14:35:42:515625] [Tid0x00002004] [debug] <--[C110] DL_Rom_SetEnableAttr
[0000223] [14:35:42:515625] [Tid0x00002004] [debug] -->[C111] DL_GetCount #./api/api.cpp (line:2710)
[0000224] [14:35:42:515625] [Tid0x00002004] [debug] <--[C111] DL_GetCount
[0000225] [14:35:42:515625] [Tid0x00002004] [debug] -->[C112] DL_Rom_GetInfoAll #./api/api.cpp (line:2875)
[0000226] [14:35:42:515625] [Tid0x00002004] [debug] <--[C112] DL_Rom_GetInfoAll
[0000227] [14:35:42:515625] [Tid0x00002004] [debug] -->[C113] DL_Rom_SetEnableAttr #./api/api.cpp (line:2929)
[0000228] [14:35:42:515625] [Tid0x00002004] [debug] <--[C113] DL_Rom_SetEnableAttr
[0000229] [14:35:42:531250] [Tid0x00002004] [debug] -->[C114] DL_GetCount #./api/api.cpp (line:2710)
[0000230] [14:35:42:531250] [Tid0x00002004] [debug] <--[C114] DL_GetCount
[0000231] [14:35:42:531250] [Tid0x00002004] [debug] -->[C115] DL_Rom_GetInfoAll #./api/api.cpp (line:2875)
[0000232] [14:35:42:531250] [Tid0x00002004] [debug] <--[C115] DL_Rom_GetInfoAll
[0000233] [14:35:42:531250] [Tid0x00002004] [debug] -->[C116] DL_Rom_SetEnableAttr #./api/api.cpp (line:2929)
[0000234] [14:35:42:531250] [Tid0x00002004] [debug] <--[C116] DL_Rom_SetEnableAttr
[0000235] [14:35:42:546875] [Tid0x00002004] [debug] -->[C117] DL_GetCount #./api/api.cpp (line:2710)
[0000236] [14:35:42:546875] [Tid0x00002004] [debug] <--[C117] DL_GetCount
[0000237] [14:35:42:546875] [Tid0x00002004] [debug] -->[C118] DL_Rom_GetInfoAll #./api/api.cpp (line:2875)
[0000238] [14:35:42:546875] [Tid0x00002004] [debug] <--[C118] DL_Rom_GetInfoAll
[0000239] [14:35:42:562500] [Tid0x00002004] [debug] -->[C119] DL_Rom_SetEnableAttr #./api/api.cpp (line:2929)
[0000240] [14:35:42:562500] [Tid0x00002004] [debug] <--[C119] DL_Rom_SetEnableAttr
[0000241] [14:35:42:562500] [Tid0x00002004] [debug] -->[C120] DL_GetCount #./api/api.cpp (line:2710)
[0000242] [14:35:42:562500] [Tid0x00002004] [debug] <--[C120] DL_GetCount
[0000243] [14:35:42:562500] [Tid0x00002004] [debug] -->[C121] DL_Rom_GetInfoAll #./api/api.cpp (line:2875)
[0000244] [14:35:42:562500] [Tid0x00002004] [debug] <--[C121] DL_Rom_GetInfoAll
[0000245] [14:35:42:578125] [Tid0x00002004] [debug] -->[C122] DL_Rom_SetEnableAttr #./api/api.cpp (line:2929)
[0000246] [14:35:42:578125] [Tid0x00002004] [debug] <--[C122] DL_Rom_SetEnableAttr
[0000247] [14:35:42:578125] [Tid0x00002004] [debug] -->[C123] DL_GetCount #./api/api.cpp (line:2710)
[0000248] [14:35:42:578125] [Tid0x00002004] [debug] <--[C123] DL_GetCount
[0000249] [14:35:42:578125] [Tid0x00002004] [debug] -->[C124] DL_Rom_GetInfoAll #./api/api.cpp (line:2875)
[0000250] [14:35:42:578125] [Tid0x00002004] [debug] <--[C124] DL_Rom_GetInfoAll
[0000251] [14:35:42:578125] [Tid0x00002004] [debug] -->[C125] DL_Rom_SetEnableAttr #./api/api.cpp (line:2929)
[0000252] [14:35:42:578125] [Tid0x00002004] [debug] <--[C125] DL_Rom_SetEnableAttr
[0000253] [14:35:42:593750] [Tid0x00002004] [debug] -->[C126] DL_GetCount #./api/api.cpp (line:2710)
[0000254] [14:35:42:593750] [Tid0x00002004] [debug] <--[C126] DL_GetCount
[0000255] [14:35:42:593750] [Tid0x00002004] [debug] -->[C127] DL_Rom_GetInfoAll #./api/api.cpp (line:2875)
[0000256] [14:35:42:593750] [Tid0x00002004] [debug] <--[C127] DL_Rom_GetInfoAll
[0000257] [14:35:42:609375] [Tid0x00002004] [debug] -->[C128] DL_Rom_SetEnableAttr #./api/api.cpp (line:2929)
[0000258] [14:35:42:609375] [Tid0x00002004] [debug] <--[C128] DL_Rom_SetEnableAttr
[0000259] [14:35:42:609375] [Tid0x00002004] [debug] -->[C129] DL_GetCount #./api/api.cpp (line:2710)
[0000260] [14:35:42:609375] [Tid0x00002004] [debug] <--[C129] DL_GetCount
[0000261] [14:35:42:609375] [Tid0x00002004] [debug] -->[C130] DL_Rom_GetInfoAll #./api/api.cpp (line:2875)
[0000262] [14:35:42:609375] [Tid0x00002004] [debug] <--[C130] DL_Rom_GetInfoAll
[0000263] [14:35:42:625000] [Tid0x00002004] [debug] -->[C131] DL_Rom_SetEnableAttr #./api/api.cpp (line:2929)
[0000264] [14:35:42:625000] [Tid0x00002004] [debug] <--[C131] DL_Rom_SetEnableAttr
[0000265] [14:35:42:625000] [Tid0x00002004] [debug] -->[C132] DL_GetCount #./api/api.cpp (line:2710)
[0000266] [14:35:42:625000] [Tid0x00002004] [debug] <--[C132] DL_GetCount
[0000267] [14:35:42:640625] [Tid0x00002004] [debug] -->[C133] DL_Rom_GetInfoAll #./api/api.cpp (line:2875)
[0000268] [14:35:42:640625] [Tid0x00002004] [debug] <--[C133] DL_Rom_GetInfoAll
[0000269] [14:35:42:640625] [Tid0x00002004] [debug] -->[C134] DL_Rom_SetEnableAttr #./api/api.cpp (line:2929)
[0000270] [14:35:42:640625] [Tid0x00002004] [debug] <--[C134] DL_Rom_SetEnableAttr
[0000271] [14:35:42:640625] [Tid0x00002004] [debug] -->[C135] DL_GetCount #./api/api.cpp (line:2710)
[0000272] [14:35:42:640625] [Tid0x00002004] [debug] <--[C135] DL_GetCount
[0000273] [14:35:42:640625] [Tid0x00002004] [debug] -->[C136] DL_Rom_GetInfoAll #./api/api.cpp (line:2875)
[0000274] [14:35:42:640625] [Tid0x00002004] [debug] <--[C136] DL_Rom_GetInfoAll
[0000275] [14:35:42:640625] [Tid0x00002004] [debug] -->[C137] DL_Rom_SetEnableAttr #./api/api.cpp (line:2929)
[0000276] [14:35:42:640625] [Tid0x00002004] [debug] <--[C137] DL_Rom_SetEnableAttr
[0000277] [14:35:42:656250] [Tid0x00002004] [debug] -->[C138] DL_GetCount #./api/api.cpp (line:2710)
[0000278] [14:35:42:656250] [Tid0x00002004] [debug] <--[C138] DL_GetCount
[0000279] [14:35:42:656250] [Tid0x00002004] [debug] -->[C139] DL_Rom_GetInfoAll #./api/api.cpp (line:2875)
[0000280] [14:35:42:656250] [Tid0x00002004] [debug] <--[C139] DL_Rom_GetInfoAll
[0000281] [14:35:42:671875] [Tid0x00002004] [debug] -->[C140] DL_Rom_SetEnableAttr #./api/api.cpp (line:2929)
[0000282] [14:35:42:671875] [Tid0x00002004] [debug] <--[C140] DL_Rom_SetEnableAttr
[0000283] [14:35:42:671875] [Tid0x00002004] [debug] -->[C141] DL_GetCount #./api/api.cpp (line:2710)
[0000284] [14:35:42:671875] [Tid0x00002004] [debug] <--[C141] DL_GetCount
[0000285] [14:35:42:671875] [Tid0x00002004] [debug] -->[C142] DL_Rom_GetInfoAll #./api/api.cpp (line:2875)
[0000286] [14:35:42:671875] [Tid0x00002004] [debug] <--[C142] DL_Rom_GetInfoAll
[0000287] [14:35:42:687500] [Tid0x00002004] [debug] -->[C143] DL_Rom_SetEnableAttr #./api/api.cpp (line:2929)
[0000288] [14:35:42:687500] [Tid0x00002004] [debug] <--[C143] DL_Rom_SetEnableAttr
[0000289] [14:35:42:703125] [Tid0x00002004] [debug] -->[C144] DL_GetCount #./api/api.cpp (line:2710)
[0000290] [14:35:42:703125] [Tid0x00002004] [debug] <--[C144] DL_GetCount
[0000291] [14:35:42:703125] [Tid0x00002004] [debug] -->[C145] DL_Rom_GetInfoAll #./api/api.cpp (line:2875)
[0000292] [14:35:42:703125] [Tid0x00002004] [debug] <--[C145] DL_Rom_GetInfoAll
[0000293] [14:35:42:703125] [Tid0x00002004] [debug] -->[C146] DL_Rom_SetEnableAttr #./api/api.cpp (line:2929)
[0000294] [14:35:42:703125] [Tid0x00002004] [debug] <--[C146] DL_Rom_SetEnableAttr
[0000295] [14:35:42:703125] [Tid0x00002004] [debug] -->[C147] DL_GetCount #./api/api.cpp (line:2710)
[0000296] [14:35:42:703125] [Tid0x00002004] [debug] <--[C147] DL_GetCount
[0000297] [14:35:42:703125] [Tid0x00002004] [debug] -->[C148] DL_Rom_GetInfoAll #./api/api.cpp (line:2875)
[0000298] [14:35:42:703125] [Tid0x00002004] [debug] <--[C148] DL_Rom_GetInfoAll
[0000299] [14:35:42:718750] [Tid0x00002004] [debug] -->[C149] DL_Rom_SetEnableAttr #./api/api.cpp (line:2929)
[0000300] [14:35:42:718750] [Tid0x00002004] [debug] <--[C149] DL_Rom_SetEnableAttr
[0000301] [14:35:42:718750] [Tid0x00002004] [debug] -->[C150] DL_SetChecksumLevel #./api/api.cpp (line:2643)
[0000302] [14:35:42:718750] [Tid0x00002004] [debug] <--[C150] DL_SetChecksumLevel
[0000303] [14:35:58:593750] [Tid0x00002004] [debug] -->[C151] DL_GetCount #./api/api.cpp (line:2710)
[0000304] [14:35:58:593750] [Tid0x00002004] [debug] <--[C151] DL_GetCount
[0000305] [14:35:58:593750] [Tid0x00002004] [debug] -->[C152] DL_Rom_GetInfoAll #./api/api.cpp (line:2875)
[0000306] [14:35:58:593750] [Tid0x00002004] [debug] <--[C152] DL_Rom_GetInfoAll
[0000307] [14:35:58:609375] [Tid0x00002640] [debug] -->[C153] DL_Rom_Unload #./api/api.cpp (line:2907)
[0000308] [14:35:58:609375] [Tid0x00002640] [debug] <--[C153] DL_Rom_Unload
[0000309] [14:35:58:609375] [Tid0x00002640] [debug] -->[C154] DL_Rom_Load #./api/api.cpp (line:2896)
[0000310] [14:35:58:609375] [Tid0x00002640] [debug] <--[C154] DL_Rom_Load
[0000311] [14:35:58:640625] [Tid0x00002004] [debug] -->[C155] DL_GetCount #./api/api.cpp (line:2710)
[0000312] [14:35:58:640625] [Tid0x00002004] [debug] <--[C155] DL_GetCount
[0000313] [14:35:58:640625] [Tid0x00002004] [debug] -->[C156] DL_Rom_GetInfoAll #./api/api.cpp (line:2875)
[0000314] [14:35:58:640625] [Tid0x00002004] [debug] <--[C156] DL_Rom_GetInfoAll
[0000315] [14:35:58:656250] [Tid0x00002004] [debug] -->[C157] DL_GetScatterInfo #./api/api.cpp (line:2811)
[0000316] [14:35:58:656250] [Tid0x00002004] [debug] <--[C157] DL_GetScatterInfo
[0000317] [14:35:58:656250] [Tid0x00002004] [debug] -->[C158] DL_GetCount #./api/api.cpp (line:2710)
[0000318] [14:35:58:656250] [Tid0x00002004] [debug] <--[C158] DL_GetCount
[0000319] [14:35:58:656250] [Tid0x00002004] [debug] -->[C159] DL_Rom_GetInfoAll #./api/api.cpp (line:2875)
[0000320] [14:35:58:656250] [Tid0x00002004] [debug] <--[C159] DL_Rom_GetInfoAll
[0000321] [14:35:58:656250] [Tid0x00002004] [debug] -->[C160] DL_Rom_SetEnableAttr #./api/api.cpp (line:2929)
[0000322] [14:35:58:656250] [Tid0x00002004] [debug] <--[C160] DL_Rom_SetEnableAttr
[0000323] [14:35:58:671875] [Tid0x00002004] [debug] -->[C161] DL_GetCount #./api/api.cpp (line:2710)
[0000324] [14:35:58:671875] [Tid0x00002004] [debug] <--[C161] DL_GetCount
[0000325] [14:35:58:671875] [Tid0x00002004] [debug] -->[C162] DL_Rom_GetInfoAll #./api/api.cpp (line:2875)
[0000326] [14:35:58:671875] [Tid0x00002004] [debug] <--[C162] DL_Rom_GetInfoAll
[0000327] [14:35:58:687500] [Tid0x00002004] [debug] -->[C163] DL_Rom_SetEnableAttr #./api/api.cpp (line:2929)
[0000328] [14:35:58:687500] [Tid0x00002004] [debug] <--[C163] DL_Rom_SetEnableAttr
[0000329] [14:35:58:687500] [Tid0x00002004] [debug] -->[C164] DL_GetCount #./api/api.cpp (line:2710)
[0000330] [14:35:58:687500] [Tid0x00002004] [debug] <--[C164] DL_GetCount
[0000331] [14:35:58:687500] [Tid0x00002004] [debug] -->[C165] DL_Rom_GetInfoAll #./api/api.cpp (line:2875)
[0000332] [14:35:58:687500] [Tid0x00002004] [debug] <--[C165] DL_Rom_GetInfoAll
[0000333] [14:35:58:703125] [Tid0x00002004] [debug] -->[C166] DL_Rom_SetEnableAttr #./api/api.cpp (line:2929)
[0000334] [14:35:58:703125] [Tid0x00002004] [debug] <--[C166] DL_Rom_SetEnableAttr
[0000335] [14:35:58:703125] [Tid0x00002004] [debug] -->[C167] DL_GetCount #./api/api.cpp (line:2710)
[0000336] [14:35:58:703125] [Tid0x00002004] [debug] <--[C167] DL_GetCount
[0000337] [14:35:58:703125] [Tid0x00002004] [debug] -->[C168] DL_Rom_GetInfoAll #./api/api.cpp (line:2875)
[0000338] [14:35:58:703125] [Tid0x00002004] [debug] <--[C168] DL_Rom_GetInfoAll
[0000339] [14:35:58:703125] [Tid0x00002004] [debug] -->[C169] DL_Rom_SetEnableAttr #./api/api.cpp (line:2929)
[0000340] [14:35:58:703125] [Tid0x00002004] [debug] <--[C169] DL_Rom_SetEnableAttr
[0000341] [14:35:58:703125] [Tid0x00002004] [debug] -->[C170] DL_GetCount #./api/api.cpp (line:2710)
[0000342] [14:35:58:703125] [Tid0x00002004] [debug] <--[C170] DL_GetCount
[0000343] [14:35:58:703125] [Tid0x00002004] [debug] -->[C171] DL_Rom_GetInfoAll #./api/api.cpp (line:2875)
[0000344] [14:35:58:703125] [Tid0x00002004] [debug] <--[C171] DL_Rom_GetInfoAll
[0000345] [14:35:58:718750] [Tid0x00002004] [debug] -->[C172] DL_Rom_SetEnableAttr #./api/api.cpp (line:2929)
[0000346] [14:35:58:718750] [Tid0x00002004] [debug] <--[C172] DL_Rom_SetEnableAttr
[0000347] [14:35:58:718750] [Tid0x00002004] [debug] -->[C173] DL_GetCount #./api/api.cpp (line:2710)
[0000348] [14:35:58:718750] [Tid0x00002004] [debug] <--[C173] DL_GetCount
[0000349] [14:35:58:718750] [Tid0x00002004] [debug] -->[C174] DL_Rom_GetInfoAll #./api/api.cpp (line:2875)
[0000350] [14:35:58:718750] [Tid0x00002004] [debug] <--[C174] DL_Rom_GetInfoAll
[0000351] [14:35:58:734375] [Tid0x00002004] [debug] -->[C175] DL_Rom_SetEnableAttr #./api/api.cpp (line:2929)
[0000352] [14:35:58:734375] [Tid0x00002004] [debug] <--[C175] DL_Rom_SetEnableAttr
[0000353] [14:35:58:734375] [Tid0x00002004] [debug] -->[C176] DL_GetCount #./api/api.cpp (line:2710)
[0000354] [14:35:58:734375] [Tid0x00002004] [debug] <--[C176] DL_GetCount
[0000355] [14:35:58:734375] [Tid0x00002004] [debug] -->[C177] DL_Rom_GetInfoAll #./api/api.cpp (line:2875)
[0000356] [14:35:58:734375] [Tid0x00002004] [debug] <--[C177] DL_Rom_GetInfoAll
[0000357] [14:35:58:734375] [Tid0x00002004] [debug] -->[C178] DL_Rom_SetEnableAttr #./api/api.cpp (line:2929)
[0000358] [14:35:58:734375] [Tid0x00002004] [debug] <--[C178] DL_Rom_SetEnableAttr
[0000359] [14:35:58:734375] [Tid0x00002004] [debug] -->[C179] DL_GetCount #./api/api.cpp (line:2710)
[0000360] [14:35:58:734375] [Tid0x00002004] [debug] <--[C179] DL_GetCount
[0000361] [14:35:58:734375] [Tid0x00002004] [debug] -->[C180] DL_Rom_GetInfoAll #./api/api.cpp (line:2875)
[0000362] [14:35:58:734375] [Tid0x00002004] [debug] <--[C180] DL_Rom_GetInfoAll
[0000363] [14:35:58:750000] [Tid0x00002004] [debug] -->[C181] DL_Rom_SetEnableAttr #./api/api.cpp (line:2929)
[0000364] [14:35:58:750000] [Tid0x00002004] [debug] <--[C181] DL_Rom_SetEnableAttr
[0000365] [14:35:58:750000] [Tid0x00002004] [debug] -->[C182] DL_GetCount #./api/api.cpp (line:2710)
[0000366] [14:35:58:750000] [Tid0x00002004] [debug] <--[C182] DL_GetCount
[0000367] [14:35:58:750000] [Tid0x00002004] [debug] -->[C183] DL_Rom_GetInfoAll #./api/api.cpp (line:2875)
[0000368] [14:35:58:750000] [Tid0x00002004] [debug] <--[C183] DL_Rom_GetInfoAll
[0000369] [14:35:58:750000] [Tid0x00002004] [debug] -->[C184] DL_Rom_SetEnableAttr #./api/api.cpp (line:2929)
[0000370] [14:35:58:750000] [Tid0x00002004] [debug] <--[C184] DL_Rom_SetEnableAttr
[0000371] [14:35:58:750000] [Tid0x00002004] [debug] -->[C185] DL_GetCount #./api/api.cpp (line:2710)
[0000372] [14:35:58:750000] [Tid0x00002004] [debug] <--[C185] DL_GetCount
[0000373] [14:35:58:750000] [Tid0x00002004] [debug] -->[C186] DL_Rom_GetInfoAll #./api/api.cpp (line:2875)
[0000374] [14:35:58:750000] [Tid0x00002004] [debug] <--[C186] DL_Rom_GetInfoAll
[0000375] [14:35:58:765625] [Tid0x00002004] [debug] -->[C187] DL_Rom_SetEnableAttr #./api/api.cpp (line:2929)
[0000376] [14:35:58:765625] [Tid0x00002004] [debug] <--[C187] DL_Rom_SetEnableAttr
[0000377] [14:35:58:765625] [Tid0x00002004] [debug] -->[C188] DL_GetCount #./api/api.cpp (line:2710)
[0000378] [14:35:58:765625] [Tid0x00002004] [debug] <--[C188] DL_GetCount
[0000379] [14:35:58:765625] [Tid0x00002004] [debug] -->[C189] DL_Rom_GetInfoAll #./api/api.cpp (line:2875)
[0000380] [14:35:58:765625] [Tid0x00002004] [debug] <--[C189] DL_Rom_GetInfoAll
[0000381] [14:35:58:765625] [Tid0x00002004] [debug] -->[C190] DL_Rom_SetEnableAttr #./api/api.cpp (line:2929)
[0000382] [14:35:58:765625] [Tid0x00002004] [debug] <--[C190] DL_Rom_SetEnableAttr
[0000383] [14:35:58:765625] [Tid0x00002004] [debug] -->[C191] DL_GetCount #./api/api.cpp (line:2710)
[0000384] [14:35:58:765625] [Tid0x00002004] [debug] <--[C191] DL_GetCount
[0000385] [14:35:58:765625] [Tid0x00002004] [debug] -->[C192] DL_Rom_GetInfoAll #./api/api.cpp (line:2875)
[0000386] [14:35:58:765625] [Tid0x00002004] [debug] <--[C192] DL_Rom_GetInfoAll
[0000387] [14:35:58:781250] [Tid0x00002004] [debug] -->[C193] DL_Rom_SetEnableAttr #./api/api.cpp (line:2929)
[0000388] [14:35:58:781250] [Tid0x00002004] [debug] <--[C193] DL_Rom_SetEnableAttr
[0000389] [14:35:58:781250] [Tid0x00002004] [debug] -->[C194] DL_GetCount #./api/api.cpp (line:2710)
[0000390] [14:35:58:781250] [Tid0x00002004] [debug] <--[C194] DL_GetCount
[0000391] [14:35:58:781250] [Tid0x00002004] [debug] -->[C195] DL_Rom_GetInfoAll #./api/api.cpp (line:2875)
[0000392] [14:35:58:781250] [Tid0x00002004] [debug] <--[C195] DL_Rom_GetInfoAll
[0000393] [14:35:58:781250] [Tid0x00002004] [debug] -->[C196] DL_Rom_SetEnableAttr #./api/api.cpp (line:2929)
[0000394] [14:35:58:796875] [Tid0x00002004] [debug] <--[C196] DL_Rom_SetEnableAttr
[0000395] [14:35:58:796875] [Tid0x00002004] [debug] -->[C197] DL_SetChecksumLevel #./api/api.cpp (line:2643)
[0000396] [14:35:58:796875] [Tid0x00002004] [debug] <--[C197] DL_SetChecksumLevel
[0000397] [14:36:00:937500] [Tid0x00002004] [debug] -->[C198] DL_GetCount #./api/api.cpp (line:2710)
[0000398] [14:36:00:937500] [Tid0x00002004] [debug] <--[C198] DL_GetCount
[0000399] [14:36:00:937500] [Tid0x00002004] [debug] -->[C199] DL_Rom_GetInfoAll #./api/api.cpp (line:2875)
[0000400] [14:36:00:937500] [Tid0x00002004] [debug] <--[C199] DL_Rom_GetInfoAll
[0000401] [14:36:00:953125] [Tid0x00002004] [debug] -->[C200] DL_Rom_SetEnableAttr #./api/api.cpp (line:2929)
[0000402] [14:36:00:953125] [Tid0x00002004] [debug] <--[C200] DL_Rom_SetEnableAttr
[0000403] [14:36:00:953125] [Tid0x00002004] [debug] -->[C201] DL_GetCount #./api/api.cpp (line:2710)
[0000404] [14:36:00:953125] [Tid0x00002004] [debug] <--[C201] DL_GetCount
[0000405] [14:36:00:953125] [Tid0x00002004] [debug] -->[C202] DL_Rom_GetInfoAll #./api/api.cpp (line:2875)
[0000406] [14:36:00:953125] [Tid0x00002004] [debug] <--[C202] DL_Rom_GetInfoAll
[0000407] [14:36:00:953125] [Tid0x00002004] [debug] -->[C203] DL_Rom_SetEnableAttr #./api/api.cpp (line:2929)
[0000408] [14:36:00:953125] [Tid0x00002004] [debug] <--[C203] DL_Rom_SetEnableAttr
[0000409] [14:36:00:953125] [Tid0x00002004] [debug] -->[C204] DL_GetCount #./api/api.cpp (line:2710)
[0000410] [14:36:00:953125] [Tid0x00002004] [debug] <--[C204] DL_GetCount
[0000411] [14:36:00:953125] [Tid0x00002004] [debug] -->[C205] DL_Rom_GetInfoAll #./api/api.cpp (line:2875)
[0000412] [14:36:00:953125] [Tid0x00002004] [debug] <--[C205] DL_Rom_GetInfoAll
[0000413] [14:36:00:968750] [Tid0x00002004] [debug] -->[C206] DL_Rom_SetEnableAttr #./api/api.cpp (line:2929)
[0000414] [14:36:00:968750] [Tid0x00002004] [debug] <--[C206] DL_Rom_SetEnableAttr
[0000415] [14:36:00:968750] [Tid0x00002004] [debug] -->[C207] DL_GetCount #./api/api.cpp (line:2710)
[0000416] [14:36:00:968750] [Tid0x00002004] [debug] <--[C207] DL_GetCount
[0000417] [14:36:00:968750] [Tid0x00002004] [debug] -->[C208] DL_Rom_GetInfoAll #./api/api.cpp (line:2875)
[0000418] [14:36:00:968750] [Tid0x00002004] [debug] <--[C208] DL_Rom_GetInfoAll
[0000419] [14:36:00:968750] [Tid0x00002004] [debug] -->[C209] DL_Rom_SetEnableAttr #./api/api.cpp (line:2929)
[0000420] [14:36:00:968750] [Tid0x00002004] [debug] <--[C209] DL_Rom_SetEnableAttr
[0000421] [14:36:00:968750] [Tid0x00002004] [debug] -->[C210] DL_GetCount #./api/api.cpp (line:2710)
[0000422] [14:36:00:968750] [Tid0x00002004] [debug] <--[C210] DL_GetCount
[0000423] [14:36:00:968750] [Tid0x00002004] [debug] -->[C211] DL_Rom_GetInfoAll #./api/api.cpp (line:2875)
[0000424] [14:36:00:968750] [Tid0x00002004] [debug] <--[C211] DL_Rom_GetInfoAll
[0000425] [14:36:00:984375] [Tid0x00002004] [debug] -->[C212] DL_Rom_SetEnableAttr #./api/api.cpp (line:2929)
[0000426] [14:36:00:984375] [Tid0x00002004] [debug] <--[C212] DL_Rom_SetEnableAttr
[0000427] [14:36:00:984375] [Tid0x00002004] [debug] -->[C213] DL_GetCount #./api/api.cpp (line:2710)
[0000428] [14:36:00:984375] [Tid0x00002004] [debug] <--[C213] DL_GetCount
[0000429] [14:36:00:984375] [Tid0x00002004] [debug] -->[C214] DL_Rom_GetInfoAll #./api/api.cpp (line:2875)
[0000430] [14:36:00:984375] [Tid0x00002004] [debug] <--[C214] DL_Rom_GetInfoAll
[0000431] [14:36:00:984375] [Tid0x00002004] [debug] -->[C215] DL_Rom_SetEnableAttr #./api/api.cpp (line:2929)
[0000432] [14:36:00:984375] [Tid0x00002004] [debug] <--[C215] DL_Rom_SetEnableAttr
[0000433] [14:36:00:984375] [Tid0x00002004] [debug] -->[C216] DL_GetCount #./api/api.cpp (line:2710)
[0000434] [14:36:00:984375] [Tid0x00002004] [debug] <--[C216] DL_GetCount
[0000435] [14:36:00:984375] [Tid0x00002004] [debug] -->[C217] DL_Rom_GetInfoAll #./api/api.cpp (line:2875)
[0000436] [14:36:00:984375] [Tid0x00002004] [debug] <--[C217] DL_Rom_GetInfoAll
[0000437] [14:36:00:984375] [Tid0x00002004] [debug] -->[C218] DL_Rom_SetEnableAttr #./api/api.cpp (line:2929)
[0000438] [14:36:00:984375] [Tid0x00002004] [debug] <--[C218] DL_Rom_SetEnableAttr
[0000439] [14:36:00:984375] [Tid0x00002004] [debug] -->[C219] DL_GetCount #./api/api.cpp (line:2710)
[0000440] [14:36:00:984375] [Tid0x00002004] [debug] <--[C219] DL_GetCount
[0000441] [14:36:00:984375] [Tid0x00002004] [debug] -->[C220] DL_Rom_GetInfoAll #./api/api.cpp (line:2875)
[0000442] [14:36:00:984375] [Tid0x00002004] [debug] <--[C220] DL_Rom_GetInfoAll
[0000443] [14:36:00:984375] [Tid0x00002004] [debug] -->[C221] DL_Rom_SetEnableAttr #./api/api.cpp (line:2929)
[0000444] [14:36:00:984375] [Tid0x00002004] [debug] <--[C221] DL_Rom_SetEnableAttr
[0000445] [14:36:00:984375] [Tid0x00002004] [debug] -->[C222] DL_GetCount #./api/api.cpp (line:2710)
[0000446] [14:36:00:984375] [Tid0x00002004] [debug] <--[C222] DL_GetCount
[0000447] [14:36:00:984375] [Tid0x00002004] [debug] -->[C223] DL_Rom_GetInfoAll #./api/api.cpp (line:2875)
[0000448] [14:36:00:984375] [Tid0x00002004] [debug] <--[C223] DL_Rom_GetInfoAll
[0000449] [14:36:00:984375] [Tid0x00002004] [debug] -->[C224] DL_Rom_SetEnableAttr #./api/api.cpp (line:2929)
[0000450] [14:36:00:984375] [Tid0x00002004] [debug] <--[C224] DL_Rom_SetEnableAttr
[0000451] [14:36:01:000000] [Tid0x00002004] [debug] -->[C225] DL_GetCount #./api/api.cpp (line:2710)
[0000452] [14:36:01:000000] [Tid0x00002004] [debug] <--[C225] DL_GetCount
[0000453] [14:36:01:000000] [Tid0x00002004] [debug] -->[C226] DL_Rom_GetInfoAll #./api/api.cpp (line:2875)
[0000454] [14:36:01:000000] [Tid0x00002004] [debug] <--[C226] DL_Rom_GetInfoAll
[0000455] [14:36:01:000000] [Tid0x00002004] [debug] -->[C227] DL_Rom_SetEnableAttr #./api/api.cpp (line:2929)
[0000456] [14:36:01:000000] [Tid0x00002004] [debug] <--[C227] DL_Rom_SetEnableAttr
[0000457] [14:36:01:000000] [Tid0x00002004] [debug] -->[C228] DL_GetCount #./api/api.cpp (line:2710)
[0000458] [14:36:01:000000] [Tid0x00002004] [debug] <--[C228] DL_GetCount
[0000459] [14:36:01:000000] [Tid0x00002004] [debug] -->[C229] DL_Rom_GetInfoAll #./api/api.cpp (line:2875)
[0000460] [14:36:01:000000] [Tid0x00002004] [debug] <--[C229] DL_Rom_GetInfoAll
[0000461] [14:36:01:000000] [Tid0x00002004] [debug] -->[C230] DL_Rom_SetEnableAttr #./api/api.cpp (line:2929)
[0000462] [14:36:01:000000] [Tid0x00002004] [debug] <--[C230] DL_Rom_SetEnableAttr
[0000463] [14:36:01:437500] [Tid0x00002004] [debug] -->[C231] DL_GetCount #./api/api.cpp (line:2710)
[0000464] [14:36:01:437500] [Tid0x00002004] [debug] <--[C231] DL_GetCount
[0000465] [14:36:01:437500] [Tid0x00002004] [debug] -->[C232] DL_Rom_GetInfoAll #./api/api.cpp (line:2875)
[0000466] [14:36:01:437500] [Tid0x00002004] [debug] <--[C232] DL_Rom_GetInfoAll
[0000467] [14:36:01:437500] [Tid0x00002004] [debug] -->[C233] DL_Rom_SetEnableAttr #./api/api.cpp (line:2929)
[0000468] [14:36:01:437500] [Tid0x00002004] [debug] <--[C233] DL_Rom_SetEnableAttr
[0000469] [14:36:02:515625] [Tid0x00002004] [debug] -->[C234] DL_GetCount #./api/api.cpp (line:2710)
[0000470] [14:36:02:515625] [Tid0x00002004] [debug] <--[C234] DL_GetCount
[0000471] [14:36:02:515625] [Tid0x00002004] [debug] -->[C235] DL_Rom_GetInfoAll #./api/api.cpp (line:2875)
[0000472] [14:36:02:515625] [Tid0x00002004] [debug] <--[C235] DL_Rom_GetInfoAll
[0000473] [14:36:02:515625] [Tid0x00002004] [debug] -->[C236] DL_GetCount #./api/api.cpp (line:2710)
[0000474] [14:36:02:515625] [Tid0x00002004] [debug] <--[C236] DL_GetCount
[0000475] [14:36:02:515625] [Tid0x00002004] [debug] -->[C237] DL_Rom_GetInfoAll #./api/api.cpp (line:2875)
[0000476] [14:36:02:515625] [Tid0x00002004] [debug] <--[C237] DL_Rom_GetInfoAll
[0000477] [14:36:10:437500] [Tid0x00002674] [debug] -->[C238] FlashTool_Connect_BROM_ByName #./api/api.cpp (line:2102)
[0000478] [14:36:10:437500] [Tid0x00002674] [debug] -->[C239] FlashTool_Connect_BROM_Ex #./api/api.cpp (line:1862)
[0000479] [14:36:10:437500] [Tid0x00002674] [debug] bCheckScatter: 1
[0000480] [14:36:10:437500] [Tid0x00002674] [debug] have load scatter already
[0000481] [14:36:10:437500] [Tid0x00002674] [debug] libversion 1
[0000482] [14:36:10:625000] [Tid0x00002674] [debug] <--[C239] FlashTool_Connect_BROM_Ex
[0000483] [14:36:10:625000] [Tid0x00002674] [debug] <--[C238] FlashTool_Connect_BROM_ByName
[0000484] [14:36:10:625000] [Tid0x00002674] [debug] -->[C240] FlashTool_GetBootResult #./api/api.cpp (line:2114)
[0000485] [14:36:10:625000] [Tid0x00002674] [debug] <--[C240] FlashTool_GetBootResult
[0000486] [14:36:10:625000] [Tid0x00002674] [debug] -->[C241] FlashTool_Connect_Download_DA #./api/api.cpp (line:2134)
[0000487] [14:36:10:625000] [Tid0x00002674] [debug] bCheckScatter: 1
[0000488] [14:36:10:640625] [Tid0x00002674] [debug] <--[C241] FlashTool_Connect_Download_DA
[0000489] [14:36:10:640625] [Tid0x00002674] [debug] -->[C242] FlashTool_Disconnect #./api/api.cpp (line:1019)
[0000490] [14:36:10:656250] [Tid0x00002674] [debug] <--[C242] FlashTool_Disconnect
[0000491] [14:36:19:500000] [Tid0x00002004] [debug] -->[C243] DL_GetCount #./api/api.cpp (line:2710)
[0000492] [14:36:19:500000] [Tid0x00002004] [debug] <--[C243] DL_GetCount
[0000493] [14:36:19:500000] [Tid0x00002004] [debug] -->[C244] DL_Rom_GetInfoAll #./api/api.cpp (line:2875)
[0000494] [14:36:19:500000] [Tid0x00002004] [debug] <--[C244] DL_Rom_GetInfoAll
[0000495] [14:36:19:500000] [Tid0x00002004] [debug] -->[C245] DL_GetCount #./api/api.cpp (line:2710)
[0000496] [14:36:19:500000] [Tid0x00002004] [debug] <--[C245] DL_GetCount
[0000497] [14:36:19:500000] [Tid0x00002004] [debug] -->[C246] DL_Rom_GetInfoAll #./api/api.cpp (line:2875)
[0000498] [14:36:19:500000] [Tid0x00002004] [debug] <--[C246] DL_Rom_GetInfoAll
[0000499] [14:36:27:250000] [Tid0x00002204] [debug] -->[C247] FlashTool_Connect_BROM_ByName #./api/api.cpp (line:2102)
[0000500] [14:36:27:250000] [Tid0x00002204] [debug] -->[C248] FlashTool_Connect_BROM_Ex #./api/api.cpp (line:1862)
[0000501] [14:36:27:250000] [Tid0x00002204] [debug] bCheckScatter: 1
[0000502] [14:36:27:250000] [Tid0x00002204] [debug] have load scatter already
[0000503] [14:36:27:250000] [Tid0x00002204] [debug] libversion 1
[0000504] [14:36:27:437500] [Tid0x00002204] [debug] <--[C248] FlashTool_Connect_BROM_Ex
[0000505] [14:36:27:437500] [Tid0x00002204] [debug] <--[C247] FlashTool_Connect_BROM_ByName
[0000506] [14:36:27:437500] [Tid0x00002204] [debug] -->[C249] FlashTool_GetBootResult #./api/api.cpp (line:2114)
[0000507] [14:36:27:437500] [Tid0x00002204] [debug] <--[C249] FlashTool_GetBootResult
[0000508] [14:36:27:437500] [Tid0x00002204] [debug] -->[C250] FlashTool_Connect_Download_DA #./api/api.cpp (line:2134)
[0000509] [14:36:27:437500] [Tid0x00002204] [debug] bCheckScatter: 1
[0000510] [14:36:32:187500] [Tid0x00002204] [debug] <--[C250] FlashTool_Connect_Download_DA
[0000511] [14:36:32:187500] [Tid0x00002204] [debug] -->[C251] FlashTool_CheckUSBStatus #./api/api.cpp (line:1140)
[0000512] [14:36:32:187500] [Tid0x00002204] [debug] <--[C251] FlashTool_CheckUSBStatus
[0000513] [14:36:32:187500] [Tid0x00002204] [debug] -->[C252] FlashTool_SetupUSBDL #./api/api.cpp (line:1101)
[0000514] [14:36:32:187500] [Tid0x00002204] [debug] <--[C252] FlashTool_SetupUSBDL
[0000515] [14:36:34:546875] [Tid0x00002204] [debug] -->[C253] FlashTool_ChangeCOM_Ex #./api/api.cpp (line:1079)
[0000516] [14:36:34:562500] [Tid0x00002204] [debug] <--[C253] FlashTool_ChangeCOM_Ex
[0000517] [14:36:34:562500] [Tid0x00002204] [debug] -->[C254] FlashTool_CheckUSBStatus #./api/api.cpp (line:1140)
[0000518] [14:36:34:578125] [Tid0x00002204] [debug] <--[C254] FlashTool_CheckUSBStatus
[0000519] [14:36:34:578125] [Tid0x00002204] [debug] -->[C255] FlashTool_GetReservedRomSize #./api/api.cpp (line:1663)
[0000520] [14:36:34:578125] [Tid0x00002204] [debug] <--[C255] FlashTool_GetReservedRomSize
[0000521] [14:36:34:578125] [Tid0x00002204] [debug] -->[C256] FlashTool_RomGetCount #./api/api.cpp (line:1688)
[0000522] [14:36:34:578125] [Tid0x00002204] [debug] <--[C256] FlashTool_RomGetCount
[0000523] [14:36:34:578125] [Tid0x00002204] [debug] -->[C257] FlashTool_RomGetInfoAll #./api/api.cpp (line:1705)
[0000524] [14:36:34:578125] [Tid0x00002204] [debug] <--[C257] FlashTool_RomGetInfoAll
[0000525] [14:36:34:578125] [Tid0x00002204] [debug] -->[C258] FlashTool_ReadPartitionCount #./api/api.cpp (line:1619)
[0000526] [14:36:34:625000] [Tid0x00002204] [debug] <--[C258] FlashTool_ReadPartitionCount
[0000527] [14:36:34:625000] [Tid0x00002204] [debug] -->[C259] FlashTool_ReadPartitionInfo #./api/api.cpp (line:1640)
[0000528] [14:36:34:625000] [Tid0x00002204] [debug] <--[C259] FlashTool_ReadPartitionInfo
[0000529] [14:36:34:625000] [Tid0x00002204] [debug] -->[C260] FlashTool_Download #./api/api.cpp (line:1286)
[0000530] [14:36:34:718750] [Tid0x00002204] [debug] <--[C260] FlashTool_Download
[0000531] [14:36:34:718750] [Tid0x00002204] [debug] -->[C261] FlashTool_Disconnect #./api/api.cpp (line:1019)
[0000532] [14:36:34:750000] [Tid0x00002204] [debug] <--[C261] FlashTool_Disconnect
[0000533] [18:39:53:187500] [Tid0x00002004] [debug] -->[C262] DL_Rom_UnloadAll #./api/api.cpp (line:2918)
[0000534] [18:39:53:187500] [Tid0x00002004] [debug] <--[C262] DL_Rom_UnloadAll
