[0000001] [11:29:14:687500] [Tid0x00000c34] [debug] -->[C1] DL_LoadScatter #./api/api.cpp (line:2601)
[0000002] [11:29:14:859375] [Tid0x00000c34] [debug] used lib version: 1
[0000003] [11:29:14:859375] [Tid0x00000c34] [debug] <--[C1] DL_LoadScatter
[0000004] [11:29:14:859375] [Tid0x00000c34] [debug] -->[C2] DL_AutoLoadRomImages #./api/api.cpp (line:2790)
[0000005] [11:29:18:593750] [Tid0x00000c34] [debug] <--[C2] DL_AutoLoadRomImages
[0000006] [11:29:18:671875] [Tid0x00000ca0] [debug] -->[C3] DL_GetCount #./api/api.cpp (line:2710)
[0000007] [11:29:18:671875] [Tid0x00000ca0] [debug] <--[C3] DL_GetCount
[0000008] [11:29:18:671875] [Tid0x00000ca0] [debug] -->[C4] DL_Rom_GetInfoAll #./api/api.cpp (line:2875)
[0000009] [11:29:18:671875] [Tid0x00000ca0] [debug] <--[C4] DL_Rom_GetInfoAll
[0000010] [11:29:18:718750] [Tid0x00000ca0] [debug] -->[C5] DL_GetScatterInfo #./api/api.cpp (line:2811)
[0000011] [11:29:18:718750] [Tid0x00000ca0] [debug] <--[C5] DL_GetScatterInfo
[0000012] [11:29:18:718750] [Tid0x00000ca0] [debug] -->[C6] DL_GetCount #./api/api.cpp (line:2710)
[0000013] [11:29:18:718750] [Tid0x00000ca0] [debug] <--[C6] DL_GetCount
[0000014] [11:29:18:718750] [Tid0x00000ca0] [debug] -->[C7] DL_Rom_GetInfoAll #./api/api.cpp (line:2875)
[0000015] [11:29:18:718750] [Tid0x00000ca0] [debug] <--[C7] DL_Rom_GetInfoAll
[0000016] [11:29:18:718750] [Tid0x00000ca0] [debug] -->[C8] DL_Rom_SetEnableAttr #./api/api.cpp (line:2929)
[0000017] [11:29:18:718750] [Tid0x00000ca0] [debug] <--[C8] DL_Rom_SetEnableAttr
[0000018] [11:29:18:718750] [Tid0x00000ca0] [debug] -->[C9] DL_GetCount #./api/api.cpp (line:2710)
[0000019] [11:29:18:718750] [Tid0x00000ca0] [debug] <--[C9] DL_GetCount
[0000020] [11:29:18:718750] [Tid0x00000ca0] [debug] -->[C10] DL_Rom_GetInfoAll #./api/api.cpp (line:2875)
[0000021] [11:29:18:718750] [Tid0x00000ca0] [debug] <--[C10] DL_Rom_GetInfoAll
[0000022] [11:29:18:734375] [Tid0x00000ca0] [debug] -->[C11] DL_Rom_SetEnableAttr #./api/api.cpp (line:2929)
[0000023] [11:29:18:734375] [Tid0x00000ca0] [debug] <--[C11] DL_Rom_SetEnableAttr
[0000024] [11:29:18:734375] [Tid0x00000ca0] [debug] -->[C12] DL_GetCount #./api/api.cpp (line:2710)
[0000025] [11:29:18:734375] [Tid0x00000ca0] [debug] <--[C12] DL_GetCount
[0000026] [11:29:18:734375] [Tid0x00000ca0] [debug] -->[C13] DL_Rom_GetInfoAll #./api/api.cpp (line:2875)
[0000027] [11:29:18:734375] [Tid0x00000ca0] [debug] <--[C13] DL_Rom_GetInfoAll
[0000028] [11:29:18:734375] [Tid0x00000ca0] [debug] -->[C14] DL_Rom_SetEnableAttr #./api/api.cpp (line:2929)
[0000029] [11:29:18:734375] [Tid0x00000ca0] [debug] <--[C14] DL_Rom_SetEnableAttr
[0000030] [11:29:18:734375] [Tid0x00000ca0] [debug] -->[C15] DL_GetCount #./api/api.cpp (line:2710)
[0000031] [11:29:18:734375] [Tid0x00000ca0] [debug] <--[C15] DL_GetCount
[0000032] [11:29:18:734375] [Tid0x00000ca0] [debug] -->[C16] DL_Rom_GetInfoAll #./api/api.cpp (line:2875)
[0000033] [11:29:18:734375] [Tid0x00000ca0] [debug] <--[C16] DL_Rom_GetInfoAll
[0000034] [11:29:18:750000] [Tid0x00000ca0] [debug] -->[C17] DL_Rom_SetEnableAttr #./api/api.cpp (line:2929)
[0000035] [11:29:18:750000] [Tid0x00000ca0] [debug] <--[C17] DL_Rom_SetEnableAttr
[0000036] [11:29:18:750000] [Tid0x00000ca0] [debug] -->[C18] DL_GetCount #./api/api.cpp (line:2710)
[0000037] [11:29:18:750000] [Tid0x00000ca0] [debug] <--[C18] DL_GetCount
[0000038] [11:29:18:750000] [Tid0x00000ca0] [debug] -->[C19] DL_Rom_GetInfoAll #./api/api.cpp (line:2875)
[0000039] [11:29:18:750000] [Tid0x00000ca0] [debug] <--[C19] DL_Rom_GetInfoAll
[0000040] [11:29:18:750000] [Tid0x00000ca0] [debug] -->[C20] DL_Rom_SetEnableAttr #./api/api.cpp (line:2929)
[0000041] [11:29:18:750000] [Tid0x00000ca0] [debug] <--[C20] DL_Rom_SetEnableAttr
[0000042] [11:29:18:750000] [Tid0x00000ca0] [debug] -->[C21] DL_GetCount #./api/api.cpp (line:2710)
[0000043] [11:29:18:750000] [Tid0x00000ca0] [debug] <--[C21] DL_GetCount
[0000044] [11:29:18:750000] [Tid0x00000ca0] [debug] -->[C22] DL_Rom_GetInfoAll #./api/api.cpp (line:2875)
[0000045] [11:29:18:750000] [Tid0x00000ca0] [debug] <--[C22] DL_Rom_GetInfoAll
[0000046] [11:29:18:765625] [Tid0x00000ca0] [debug] -->[C23] DL_Rom_SetEnableAttr #./api/api.cpp (line:2929)
[0000047] [11:29:18:765625] [Tid0x00000ca0] [debug] <--[C23] DL_Rom_SetEnableAttr
[0000048] [11:29:18:765625] [Tid0x00000ca0] [debug] -->[C24] DL_GetCount #./api/api.cpp (line:2710)
[0000049] [11:29:18:765625] [Tid0x00000ca0] [debug] <--[C24] DL_GetCount
[0000050] [11:29:18:765625] [Tid0x00000ca0] [debug] -->[C25] DL_Rom_GetInfoAll #./api/api.cpp (line:2875)
[0000051] [11:29:18:765625] [Tid0x00000ca0] [debug] <--[C25] DL_Rom_GetInfoAll
[0000052] [11:29:18:765625] [Tid0x00000ca0] [debug] -->[C26] DL_Rom_SetEnableAttr #./api/api.cpp (line:2929)
[0000053] [11:29:18:765625] [Tid0x00000ca0] [debug] <--[C26] DL_Rom_SetEnableAttr
[0000054] [11:29:18:765625] [Tid0x00000ca0] [debug] -->[C27] DL_GetCount #./api/api.cpp (line:2710)
[0000055] [11:29:18:765625] [Tid0x00000ca0] [debug] <--[C27] DL_GetCount
[0000056] [11:29:18:765625] [Tid0x00000ca0] [debug] -->[C28] DL_Rom_GetInfoAll #./api/api.cpp (line:2875)
[0000057] [11:29:18:765625] [Tid0x00000ca0] [debug] <--[C28] DL_Rom_GetInfoAll
[0000058] [11:29:18:765625] [Tid0x00000ca0] [debug] -->[C29] DL_Rom_SetEnableAttr #./api/api.cpp (line:2929)
[0000059] [11:29:18:765625] [Tid0x00000ca0] [debug] <--[C29] DL_Rom_SetEnableAttr
[0000060] [11:29:18:765625] [Tid0x00000ca0] [debug] -->[C30] DL_GetCount #./api/api.cpp (line:2710)
[0000061] [11:29:18:765625] [Tid0x00000ca0] [debug] <--[C30] DL_GetCount
[0000062] [11:29:18:765625] [Tid0x00000ca0] [debug] -->[C31] DL_Rom_GetInfoAll #./api/api.cpp (line:2875)
[0000063] [11:29:18:765625] [Tid0x00000ca0] [debug] <--[C31] DL_Rom_GetInfoAll
[0000064] [11:29:18:781250] [Tid0x00000ca0] [debug] -->[C32] DL_Rom_SetEnableAttr #./api/api.cpp (line:2929)
[0000065] [11:29:18:781250] [Tid0x00000ca0] [debug] <--[C32] DL_Rom_SetEnableAttr
[0000066] [11:29:18:781250] [Tid0x00000ca0] [debug] -->[C33] DL_GetCount #./api/api.cpp (line:2710)
[0000067] [11:29:18:781250] [Tid0x00000ca0] [debug] <--[C33] DL_GetCount
[0000068] [11:29:18:781250] [Tid0x00000ca0] [debug] -->[C34] DL_Rom_GetInfoAll #./api/api.cpp (line:2875)
[0000069] [11:29:18:781250] [Tid0x00000ca0] [debug] <--[C34] DL_Rom_GetInfoAll
[0000070] [11:29:18:781250] [Tid0x00000ca0] [debug] -->[C35] DL_Rom_SetEnableAttr #./api/api.cpp (line:2929)
[0000071] [11:29:18:781250] [Tid0x00000ca0] [debug] <--[C35] DL_Rom_SetEnableAttr
[0000072] [11:29:18:781250] [Tid0x00000ca0] [debug] -->[C36] DL_GetCount #./api/api.cpp (line:2710)
[0000073] [11:29:18:781250] [Tid0x00000ca0] [debug] <--[C36] DL_GetCount
[0000074] [11:29:18:781250] [Tid0x00000ca0] [debug] -->[C37] DL_Rom_GetInfoAll #./api/api.cpp (line:2875)
[0000075] [11:29:18:781250] [Tid0x00000ca0] [debug] <--[C37] DL_Rom_GetInfoAll
[0000076] [11:29:18:796875] [Tid0x00000ca0] [debug] -->[C38] DL_Rom_SetEnableAttr #./api/api.cpp (line:2929)
[0000077] [11:29:18:796875] [Tid0x00000ca0] [debug] <--[C38] DL_Rom_SetEnableAttr
[0000078] [11:29:18:796875] [Tid0x00000ca0] [debug] -->[C39] DL_SetChecksumLevel #./api/api.cpp (line:2643)
[0000079] [11:29:18:796875] [Tid0x00000ca0] [debug] <--[C39] DL_SetChecksumLevel
[0000080] [11:29:21:031250] [Tid0x00000ca0] [debug] -->[C40] DL_GetCount #./api/api.cpp (line:2710)
[0000081] [11:29:21:031250] [Tid0x00000ca0] [debug] <--[C40] DL_GetCount
[0000082] [11:29:21:031250] [Tid0x00000ca0] [debug] -->[C41] DL_Rom_GetInfoAll #./api/api.cpp (line:2875)
[0000083] [11:29:21:031250] [Tid0x00000ca0] [debug] <--[C41] DL_Rom_GetInfoAll
[0000084] [11:29:21:031250] [Tid0x00000ca0] [debug] -->[C42] DL_Rom_SetEnableAttr #./api/api.cpp (line:2929)
[0000085] [11:29:21:031250] [Tid0x00000ca0] [debug] <--[C42] DL_Rom_SetEnableAttr
[0000086] [11:29:21:031250] [Tid0x00000ca0] [debug] -->[C43] DL_GetCount #./api/api.cpp (line:2710)
[0000087] [11:29:21:031250] [Tid0x00000ca0] [debug] <--[C43] DL_GetCount
[0000088] [11:29:21:031250] [Tid0x00000ca0] [debug] -->[C44] DL_Rom_GetInfoAll #./api/api.cpp (line:2875)
[0000089] [11:29:21:031250] [Tid0x00000ca0] [debug] <--[C44] DL_Rom_GetInfoAll
[0000090] [11:29:21:046875] [Tid0x00000ca0] [debug] -->[C45] DL_Rom_SetEnableAttr #./api/api.cpp (line:2929)
[0000091] [11:29:21:046875] [Tid0x00000ca0] [debug] <--[C45] DL_Rom_SetEnableAttr
[0000092] [11:29:21:046875] [Tid0x00000ca0] [debug] -->[C46] DL_GetCount #./api/api.cpp (line:2710)
[0000093] [11:29:21:046875] [Tid0x00000ca0] [debug] <--[C46] DL_GetCount
[0000094] [11:29:21:046875] [Tid0x00000ca0] [debug] -->[C47] DL_Rom_GetInfoAll #./api/api.cpp (line:2875)
[0000095] [11:29:21:046875] [Tid0x00000ca0] [debug] <--[C47] DL_Rom_GetInfoAll
[0000096] [11:29:21:046875] [Tid0x00000ca0] [debug] -->[C48] DL_Rom_SetEnableAttr #./api/api.cpp (line:2929)
[0000097] [11:29:21:046875] [Tid0x00000ca0] [debug] <--[C48] DL_Rom_SetEnableAttr
[0000098] [11:29:21:046875] [Tid0x00000ca0] [debug] -->[C49] DL_GetCount #./api/api.cpp (line:2710)
[0000099] [11:29:21:046875] [Tid0x00000ca0] [debug] <--[C49] DL_GetCount
[0000100] [11:29:21:046875] [Tid0x00000ca0] [debug] -->[C50] DL_Rom_GetInfoAll #./api/api.cpp (line:2875)
[0000101] [11:29:21:046875] [Tid0x00000ca0] [debug] <--[C50] DL_Rom_GetInfoAll
[0000102] [11:29:21:062500] [Tid0x00000ca0] [debug] -->[C51] DL_Rom_SetEnableAttr #./api/api.cpp (line:2929)
[0000103] [11:29:21:062500] [Tid0x00000ca0] [debug] <--[C51] DL_Rom_SetEnableAttr
[0000104] [11:29:21:062500] [Tid0x00000ca0] [debug] -->[C52] DL_GetCount #./api/api.cpp (line:2710)
[0000105] [11:29:21:062500] [Tid0x00000ca0] [debug] <--[C52] DL_GetCount
[0000106] [11:29:21:062500] [Tid0x00000ca0] [debug] -->[C53] DL_Rom_GetInfoAll #./api/api.cpp (line:2875)
[0000107] [11:29:21:062500] [Tid0x00000ca0] [debug] <--[C53] DL_Rom_GetInfoAll
[0000108] [11:29:21:062500] [Tid0x00000ca0] [debug] -->[C54] DL_Rom_SetEnableAttr #./api/api.cpp (line:2929)
[0000109] [11:29:21:062500] [Tid0x00000ca0] [debug] <--[C54] DL_Rom_SetEnableAttr
[0000110] [11:29:21:062500] [Tid0x00000ca0] [debug] -->[C55] DL_GetCount #./api/api.cpp (line:2710)
[0000111] [11:29:21:062500] [Tid0x00000ca0] [debug] <--[C55] DL_GetCount
[0000112] [11:29:21:062500] [Tid0x00000ca0] [debug] -->[C56] DL_Rom_GetInfoAll #./api/api.cpp (line:2875)
[0000113] [11:29:21:062500] [Tid0x00000ca0] [debug] <--[C56] DL_Rom_GetInfoAll
[0000114] [11:29:21:078125] [Tid0x00000ca0] [debug] -->[C57] DL_Rom_SetEnableAttr #./api/api.cpp (line:2929)
[0000115] [11:29:21:078125] [Tid0x00000ca0] [debug] <--[C57] DL_Rom_SetEnableAttr
[0000116] [11:29:21:078125] [Tid0x00000ca0] [debug] -->[C58] DL_GetCount #./api/api.cpp (line:2710)
[0000117] [11:29:21:078125] [Tid0x00000ca0] [debug] <--[C58] DL_GetCount
[0000118] [11:29:21:078125] [Tid0x00000ca0] [debug] -->[C59] DL_Rom_GetInfoAll #./api/api.cpp (line:2875)
[0000119] [11:29:21:078125] [Tid0x00000ca0] [debug] <--[C59] DL_Rom_GetInfoAll
[0000120] [11:29:21:078125] [Tid0x00000ca0] [debug] -->[C60] DL_Rom_SetEnableAttr #./api/api.cpp (line:2929)
[0000121] [11:29:21:078125] [Tid0x00000ca0] [debug] <--[C60] DL_Rom_SetEnableAttr
[0000122] [11:29:21:078125] [Tid0x00000ca0] [debug] -->[C61] DL_GetCount #./api/api.cpp (line:2710)
[0000123] [11:29:21:078125] [Tid0x00000ca0] [debug] <--[C61] DL_GetCount
[0000124] [11:29:21:078125] [Tid0x00000ca0] [debug] -->[C62] DL_Rom_GetInfoAll #./api/api.cpp (line:2875)
[0000125] [11:29:21:078125] [Tid0x00000ca0] [debug] <--[C62] DL_Rom_GetInfoAll
[0000126] [11:29:21:078125] [Tid0x00000ca0] [debug] -->[C63] DL_Rom_SetEnableAttr #./api/api.cpp (line:2929)
[0000127] [11:29:21:078125] [Tid0x00000ca0] [debug] <--[C63] DL_Rom_SetEnableAttr
[0000128] [11:29:21:078125] [Tid0x00000ca0] [debug] -->[C64] DL_GetCount #./api/api.cpp (line:2710)
[0000129] [11:29:21:078125] [Tid0x00000ca0] [debug] <--[C64] DL_GetCount
[0000130] [11:29:21:078125] [Tid0x00000ca0] [debug] -->[C65] DL_Rom_GetInfoAll #./api/api.cpp (line:2875)
[0000131] [11:29:21:078125] [Tid0x00000ca0] [debug] <--[C65] DL_Rom_GetInfoAll
[0000132] [11:29:21:093750] [Tid0x00000ca0] [debug] -->[C66] DL_Rom_SetEnableAttr #./api/api.cpp (line:2929)
[0000133] [11:29:21:093750] [Tid0x00000ca0] [debug] <--[C66] DL_Rom_SetEnableAttr
[0000134] [11:29:21:093750] [Tid0x00000ca0] [debug] -->[C67] DL_GetCount #./api/api.cpp (line:2710)
[0000135] [11:29:21:093750] [Tid0x00000ca0] [debug] <--[C67] DL_GetCount
[0000136] [11:29:21:093750] [Tid0x00000ca0] [debug] -->[C68] DL_Rom_GetInfoAll #./api/api.cpp (line:2875)
[0000137] [11:29:21:093750] [Tid0x00000ca0] [debug] <--[C68] DL_Rom_GetInfoAll
[0000138] [11:29:21:093750] [Tid0x00000ca0] [debug] -->[C69] DL_Rom_SetEnableAttr #./api/api.cpp (line:2929)
[0000139] [11:29:21:093750] [Tid0x00000ca0] [debug] <--[C69] DL_Rom_SetEnableAttr
[0000140] [11:29:21:093750] [Tid0x00000ca0] [debug] -->[C70] DL_GetCount #./api/api.cpp (line:2710)
[0000141] [11:29:21:093750] [Tid0x00000ca0] [debug] <--[C70] DL_GetCount
[0000142] [11:29:21:093750] [Tid0x00000ca0] [debug] -->[C71] DL_Rom_GetInfoAll #./api/api.cpp (line:2875)
[0000143] [11:29:21:093750] [Tid0x00000ca0] [debug] <--[C71] DL_Rom_GetInfoAll
[0000144] [11:29:21:093750] [Tid0x00000ca0] [debug] -->[C72] DL_Rom_SetEnableAttr #./api/api.cpp (line:2929)
[0000145] [11:29:21:093750] [Tid0x00000ca0] [debug] <--[C72] DL_Rom_SetEnableAttr
[0000146] [11:29:21:093750] [Tid0x00000ca0] [debug] -->[C73] DL_GetCount #./api/api.cpp (line:2710)
[0000147] [11:29:21:093750] [Tid0x00000ca0] [debug] <--[C73] DL_GetCount
[0000148] [11:29:21:093750] [Tid0x00000ca0] [debug] -->[C74] DL_Rom_GetInfoAll #./api/api.cpp (line:2875)
[0000149] [11:29:21:093750] [Tid0x00000ca0] [debug] <--[C74] DL_Rom_GetInfoAll
[0000150] [11:29:21:093750] [Tid0x00000ca0] [debug] -->[C75] DL_Rom_SetEnableAttr #./api/api.cpp (line:2929)
[0000151] [11:29:21:093750] [Tid0x00000ca0] [debug] <--[C75] DL_Rom_SetEnableAttr
[0000152] [11:29:21:093750] [Tid0x00000ca0] [debug] -->[C76] DL_GetCount #./api/api.cpp (line:2710)
[0000153] [11:29:21:093750] [Tid0x00000ca0] [debug] <--[C76] DL_GetCount
[0000154] [11:29:21:093750] [Tid0x00000ca0] [debug] -->[C77] DL_Rom_GetInfoAll #./api/api.cpp (line:2875)
[0000155] [11:29:21:093750] [Tid0x00000ca0] [debug] <--[C77] DL_Rom_GetInfoAll
[0000156] [11:29:21:093750] [Tid0x00000ca0] [debug] -->[C78] DL_Rom_SetEnableAttr #./api/api.cpp (line:2929)
[0000157] [11:29:21:093750] [Tid0x00000ca0] [debug] <--[C78] DL_Rom_SetEnableAttr
[0000158] [11:29:21:093750] [Tid0x00000ca0] [debug] -->[C79] DL_GetCount #./api/api.cpp (line:2710)
[0000159] [11:29:21:093750] [Tid0x00000ca0] [debug] <--[C79] DL_GetCount
[0000160] [11:29:21:093750] [Tid0x00000ca0] [debug] -->[C80] DL_Rom_GetInfoAll #./api/api.cpp (line:2875)
[0000161] [11:29:21:093750] [Tid0x00000ca0] [debug] <--[C80] DL_Rom_GetInfoAll
[0000162] [11:29:21:093750] [Tid0x00000ca0] [debug] -->[C81] DL_Rom_SetEnableAttr #./api/api.cpp (line:2929)
[0000163] [11:29:21:093750] [Tid0x00000ca0] [debug] <--[C81] DL_Rom_SetEnableAttr
[0000164] [11:29:21:093750] [Tid0x00000ca0] [debug] -->[C82] DL_GetCount #./api/api.cpp (line:2710)
[0000165] [11:29:21:093750] [Tid0x00000ca0] [debug] <--[C82] DL_GetCount
[0000166] [11:29:21:093750] [Tid0x00000ca0] [debug] -->[C83] DL_Rom_GetInfoAll #./api/api.cpp (line:2875)
[0000167] [11:29:21:093750] [Tid0x00000ca0] [debug] <--[C83] DL_Rom_GetInfoAll
[0000168] [11:29:21:109375] [Tid0x00000ca0] [debug] -->[C84] DL_Rom_SetEnableAttr #./api/api.cpp (line:2929)
[0000169] [11:29:21:109375] [Tid0x00000ca0] [debug] <--[C84] DL_Rom_SetEnableAttr
[0000170] [11:29:21:109375] [Tid0x00000ca0] [debug] -->[C85] DL_GetCount #./api/api.cpp (line:2710)
[0000171] [11:29:21:109375] [Tid0x00000ca0] [debug] <--[C85] DL_GetCount
[0000172] [11:29:21:109375] [Tid0x00000ca0] [debug] -->[C86] DL_Rom_GetInfoAll #./api/api.cpp (line:2875)
[0000173] [11:29:21:109375] [Tid0x00000ca0] [debug] <--[C86] DL_Rom_GetInfoAll
[0000174] [11:29:21:109375] [Tid0x00000ca0] [debug] -->[C87] DL_Rom_SetEnableAttr #./api/api.cpp (line:2929)
[0000175] [11:29:21:109375] [Tid0x00000ca0] [debug] <--[C87] DL_Rom_SetEnableAttr
[0000176] [11:29:21:109375] [Tid0x00000ca0] [debug] -->[C88] DL_GetCount #./api/api.cpp (line:2710)
[0000177] [11:29:21:109375] [Tid0x00000ca0] [debug] <--[C88] DL_GetCount
[0000178] [11:29:21:109375] [Tid0x00000ca0] [debug] -->[C89] DL_Rom_GetInfoAll #./api/api.cpp (line:2875)
[0000179] [11:29:21:109375] [Tid0x00000ca0] [debug] <--[C89] DL_Rom_GetInfoAll
[0000180] [11:29:21:109375] [Tid0x00000ca0] [debug] -->[C90] DL_Rom_SetEnableAttr #./api/api.cpp (line:2929)
[0000181] [11:29:21:109375] [Tid0x00000ca0] [debug] <--[C90] DL_Rom_SetEnableAttr
[0000182] [11:29:21:109375] [Tid0x00000ca0] [debug] -->[C91] DL_GetCount #./api/api.cpp (line:2710)
[0000183] [11:29:21:109375] [Tid0x00000ca0] [debug] <--[C91] DL_GetCount
[0000184] [11:29:21:109375] [Tid0x00000ca0] [debug] -->[C92] DL_Rom_GetInfoAll #./api/api.cpp (line:2875)
[0000185] [11:29:21:109375] [Tid0x00000ca0] [debug] <--[C92] DL_Rom_GetInfoAll
[0000186] [11:29:21:125000] [Tid0x00000ca0] [debug] -->[C93] DL_Rom_SetEnableAttr #./api/api.cpp (line:2929)
[0000187] [11:29:21:125000] [Tid0x00000ca0] [debug] <--[C93] DL_Rom_SetEnableAttr
[0000188] [11:29:21:125000] [Tid0x00000ca0] [debug] -->[C94] DL_GetCount #./api/api.cpp (line:2710)
[0000189] [11:29:21:125000] [Tid0x00000ca0] [debug] <--[C94] DL_GetCount
[0000190] [11:29:21:125000] [Tid0x00000ca0] [debug] -->[C95] DL_Rom_GetInfoAll #./api/api.cpp (line:2875)
[0000191] [11:29:21:125000] [Tid0x00000ca0] [debug] <--[C95] DL_Rom_GetInfoAll
[0000192] [11:29:21:125000] [Tid0x00000ca0] [debug] -->[C96] DL_Rom_SetEnableAttr #./api/api.cpp (line:2929)
[0000193] [11:29:21:125000] [Tid0x00000ca0] [debug] <--[C96] DL_Rom_SetEnableAttr
[0000194] [11:29:21:125000] [Tid0x00000ca0] [debug] -->[C97] DL_GetCount #./api/api.cpp (line:2710)
[0000195] [11:29:21:125000] [Tid0x00000ca0] [debug] <--[C97] DL_GetCount
[0000196] [11:29:21:125000] [Tid0x00000ca0] [debug] -->[C98] DL_Rom_GetInfoAll #./api/api.cpp (line:2875)
[0000197] [11:29:21:125000] [Tid0x00000ca0] [debug] <--[C98] DL_Rom_GetInfoAll
[0000198] [11:29:21:125000] [Tid0x00000ca0] [debug] -->[C99] DL_Rom_SetEnableAttr #./api/api.cpp (line:2929)
[0000199] [11:29:21:125000] [Tid0x00000ca0] [debug] <--[C99] DL_Rom_SetEnableAttr
[0000200] [11:29:21:125000] [Tid0x00000ca0] [debug] -->[C100] DL_GetCount #./api/api.cpp (line:2710)
[0000201] [11:29:21:125000] [Tid0x00000ca0] [debug] <--[C100] DL_GetCount
[0000202] [11:29:21:125000] [Tid0x00000ca0] [debug] -->[C101] DL_Rom_GetInfoAll #./api/api.cpp (line:2875)
[0000203] [11:29:21:125000] [Tid0x00000ca0] [debug] <--[C101] DL_Rom_GetInfoAll
[0000204] [11:29:21:140625] [Tid0x00000ca0] [debug] -->[C102] DL_Rom_SetEnableAttr #./api/api.cpp (line:2929)
[0000205] [11:29:21:140625] [Tid0x00000ca0] [debug] <--[C102] DL_Rom_SetEnableAttr
[0000206] [11:29:21:140625] [Tid0x00000ca0] [debug] -->[C103] DL_GetCount #./api/api.cpp (line:2710)
[0000207] [11:29:21:140625] [Tid0x00000ca0] [debug] <--[C103] DL_GetCount
[0000208] [11:29:21:140625] [Tid0x00000ca0] [debug] -->[C104] DL_Rom_GetInfoAll #./api/api.cpp (line:2875)
[0000209] [11:29:21:140625] [Tid0x00000ca0] [debug] <--[C104] DL_Rom_GetInfoAll
[0000210] [11:29:21:140625] [Tid0x00000ca0] [debug] -->[C105] DL_Rom_SetEnableAttr #./api/api.cpp (line:2929)
[0000211] [11:29:21:140625] [Tid0x00000ca0] [debug] <--[C105] DL_Rom_SetEnableAttr
[0000212] [11:29:29:843750] [Tid0x00000ca0] [debug] -->[C106] DL_GetCount #./api/api.cpp (line:2710)
[0000213] [11:29:29:843750] [Tid0x00000ca0] [debug] <--[C106] DL_GetCount
[0000214] [11:29:29:843750] [Tid0x00000ca0] [debug] -->[C107] DL_Rom_GetInfoAll #./api/api.cpp (line:2875)
[0000215] [11:29:29:843750] [Tid0x00000ca0] [debug] <--[C107] DL_Rom_GetInfoAll
[0000216] [11:29:29:859375] [Tid0x00000ca0] [debug] -->[C108] DL_GetCount #./api/api.cpp (line:2710)
[0000217] [11:29:29:859375] [Tid0x00000ca0] [debug] <--[C108] DL_GetCount
[0000218] [11:29:29:859375] [Tid0x00000ca0] [debug] -->[C109] DL_Rom_GetInfoAll #./api/api.cpp (line:2875)
[0000219] [11:29:29:859375] [Tid0x00000ca0] [debug] <--[C109] DL_Rom_GetInfoAll
[0000220] [11:29:38:921875] [Tid0x000010dc] [debug] -->[C110] FlashTool_Connect_BROM_ByName #./api/api.cpp (line:2102)
[0000221] [11:29:38:921875] [Tid0x000010dc] [debug] -->[C111] FlashTool_Connect_BROM_Ex #./api/api.cpp (line:1862)
[0000222] [11:29:38:921875] [Tid0x000010dc] [debug] bCheckScatter: 1
[0000223] [11:29:38:921875] [Tid0x000010dc] [debug] have load scatter already
[0000224] [11:29:38:921875] [Tid0x000010dc] [debug] libversion 1
[0000225] [11:29:39:640625] [Tid0x000010dc] [debug] <--[C111] FlashTool_Connect_BROM_Ex
[0000226] [11:29:39:640625] [Tid0x000010dc] [debug] <--[C110] FlashTool_Connect_BROM_ByName
[0000227] [11:29:39:640625] [Tid0x000010dc] [debug] -->[C112] FlashTool_GetBootResult #./api/api.cpp (line:2114)
[0000228] [11:29:39:640625] [Tid0x000010dc] [debug] <--[C112] FlashTool_GetBootResult
[0000229] [11:29:39:640625] [Tid0x000010dc] [debug] -->[C113] FlashTool_Connect_Download_DA #./api/api.cpp (line:2134)
[0000230] [11:29:39:640625] [Tid0x000010dc] [debug] bCheckScatter: 1
[0000231] [11:29:39:843750] [Tid0x000010dc] [debug] <--[C113] FlashTool_Connect_Download_DA
[0000232] [11:29:39:890625] [Tid0x000010dc] [debug] -->[C114] FlashTool_Disconnect #./api/api.cpp (line:1019)
[0000233] [11:29:45:531250] [Tid0x000010dc] [debug] <--[C114] FlashTool_Disconnect
[0000234] [11:31:45:453125] [Tid0x00000ca0] [debug] -->[C115] DL_GetCount #./api/api.cpp (line:2710)
[0000235] [11:31:45:453125] [Tid0x00000ca0] [debug] <--[C115] DL_GetCount
[0000236] [11:31:45:453125] [Tid0x00000ca0] [debug] -->[C116] DL_Rom_GetInfoAll #./api/api.cpp (line:2875)
[0000237] [11:31:45:453125] [Tid0x00000ca0] [debug] <--[C116] DL_Rom_GetInfoAll
[0000238] [11:31:45:468750] [Tid0x00000ca0] [debug] -->[C117] DL_GetCount #./api/api.cpp (line:2710)
[0000239] [11:31:45:468750] [Tid0x00000ca0] [debug] <--[C117] DL_GetCount
[0000240] [11:31:45:468750] [Tid0x00000ca0] [debug] -->[C118] DL_Rom_GetInfoAll #./api/api.cpp (line:2875)
[0000241] [11:31:45:468750] [Tid0x00000ca0] [debug] <--[C118] DL_Rom_GetInfoAll
[0000242] [11:31:51:828125] [Tid0x00000f50] [debug] -->[C119] FlashTool_Connect_BROM_ByName #./api/api.cpp (line:2102)
[0000243] [11:31:51:828125] [Tid0x00000f50] [debug] -->[C120] FlashTool_Connect_BROM_Ex #./api/api.cpp (line:1862)
[0000244] [11:31:51:828125] [Tid0x00000f50] [debug] bCheckScatter: 1
[0000245] [11:31:51:828125] [Tid0x00000f50] [debug] have load scatter already
[0000246] [11:31:51:828125] [Tid0x00000f50] [debug] libversion 1
[0000247] [11:31:52:343750] [Tid0x00000f50] [debug] <--[C120] FlashTool_Connect_BROM_Ex
[0000248] [11:31:52:343750] [Tid0x00000f50] [debug] <--[C119] FlashTool_Connect_BROM_ByName
[0000249] [11:31:52:343750] [Tid0x00000f50] [debug] -->[C121] FlashTool_GetBootResult #./api/api.cpp (line:2114)
[0000250] [11:31:52:343750] [Tid0x00000f50] [debug] <--[C121] FlashTool_GetBootResult
[0000251] [11:31:52:343750] [Tid0x00000f50] [debug] -->[C122] FlashTool_Connect_Download_DA #./api/api.cpp (line:2134)
[0000252] [11:31:52:343750] [Tid0x00000f50] [debug] bCheckScatter: 1
[0000253] [11:31:52:500000] [Tid0x00000f50] [debug] <--[C122] FlashTool_Connect_Download_DA
[0000254] [11:31:52:500000] [Tid0x00000f50] [debug] -->[C123] FlashTool_Disconnect #./api/api.cpp (line:1019)
[0000255] [11:32:02:703125] [Tid0x00000f50] [debug] <--[C123] FlashTool_Disconnect
[0000256] [11:32:37:468750] [Tid0x00000ca0] [debug] -->[C124] DL_Rom_UnloadAll #./api/api.cpp (line:2918)
[0000257] [11:32:37:468750] [Tid0x00000ca0] [debug] <--[C124] DL_Rom_UnloadAll
