[0000001] [11:15:16:234375] [Tid0x00002cb4] [debug] -->[C1] DL_LoadScatter #./api/api.cpp (line:2601)
[0000002] [11:15:16:328125] [Tid0x00002cb4] [debug] used lib version: 1
[0000003] [11:15:16:328125] [Tid0x00002cb4] [debug] <--[C1] DL_LoadScatter
[0000004] [11:15:16:328125] [Tid0x00002cb4] [debug] -->[C2] DL_AutoLoadRomImages #./api/api.cpp (line:2790)
[0000005] [11:15:17:593750] [Tid0x00002cb4] [debug] <--[C2] DL_AutoLoadRomImages
[0000006] [11:15:17:671875] [Tid0x00002b2c] [debug] -->[C3] DL_GetCount #./api/api.cpp (line:2710)
[0000007] [11:15:17:671875] [Tid0x00002b2c] [debug] <--[C3] DL_GetCount
[0000008] [11:15:17:671875] [Tid0x00002b2c] [debug] -->[C4] DL_Rom_GetInfoAll #./api/api.cpp (line:2875)
[0000009] [11:15:17:671875] [Tid0x00002b2c] [debug] <--[C4] DL_Rom_GetInfoAll
[0000010] [11:15:17:671875] [Tid0x00002b2c] [debug] -->[C5] DL_GetScatterInfo #./api/api.cpp (line:2811)
[0000011] [11:15:17:671875] [Tid0x00002b2c] [debug] <--[C5] DL_GetScatterInfo
[0000012] [11:15:17:687500] [Tid0x00002b2c] [debug] -->[C6] DL_GetCount #./api/api.cpp (line:2710)
[0000013] [11:15:17:687500] [Tid0x00002b2c] [debug] <--[C6] DL_GetCount
[0000014] [11:15:17:687500] [Tid0x00002b2c] [debug] -->[C7] DL_Rom_GetInfoAll #./api/api.cpp (line:2875)
[0000015] [11:15:17:687500] [Tid0x00002b2c] [debug] <--[C7] DL_Rom_GetInfoAll
[0000016] [11:15:17:703125] [Tid0x00002b2c] [debug] -->[C8] DL_Rom_SetEnableAttr #./api/api.cpp (line:2929)
[0000017] [11:15:17:703125] [Tid0x00002b2c] [debug] <--[C8] DL_Rom_SetEnableAttr
[0000018] [11:15:17:703125] [Tid0x00002b2c] [debug] -->[C9] DL_GetCount #./api/api.cpp (line:2710)
[0000019] [11:15:17:703125] [Tid0x00002b2c] [debug] <--[C9] DL_GetCount
[0000020] [11:15:17:703125] [Tid0x00002b2c] [debug] -->[C10] DL_Rom_GetInfoAll #./api/api.cpp (line:2875)
[0000021] [11:15:17:703125] [Tid0x00002b2c] [debug] <--[C10] DL_Rom_GetInfoAll
[0000022] [11:15:17:703125] [Tid0x00002b2c] [debug] -->[C11] DL_Rom_SetEnableAttr #./api/api.cpp (line:2929)
[0000023] [11:15:17:703125] [Tid0x00002b2c] [debug] <--[C11] DL_Rom_SetEnableAttr
[0000024] [11:15:17:703125] [Tid0x00002b2c] [debug] -->[C12] DL_GetCount #./api/api.cpp (line:2710)
[0000025] [11:15:17:703125] [Tid0x00002b2c] [debug] <--[C12] DL_GetCount
[0000026] [11:15:17:703125] [Tid0x00002b2c] [debug] -->[C13] DL_Rom_GetInfoAll #./api/api.cpp (line:2875)
[0000027] [11:15:17:703125] [Tid0x00002b2c] [debug] <--[C13] DL_Rom_GetInfoAll
[0000028] [11:15:17:718750] [Tid0x00002b2c] [debug] -->[C14] DL_Rom_SetEnableAttr #./api/api.cpp (line:2929)
[0000029] [11:15:17:718750] [Tid0x00002b2c] [debug] <--[C14] DL_Rom_SetEnableAttr
[0000030] [11:15:17:718750] [Tid0x00002b2c] [debug] -->[C15] DL_GetCount #./api/api.cpp (line:2710)
[0000031] [11:15:17:718750] [Tid0x00002b2c] [debug] <--[C15] DL_GetCount
[0000032] [11:15:17:718750] [Tid0x00002b2c] [debug] -->[C16] DL_Rom_GetInfoAll #./api/api.cpp (line:2875)
[0000033] [11:15:17:718750] [Tid0x00002b2c] [debug] <--[C16] DL_Rom_GetInfoAll
[0000034] [11:15:17:734375] [Tid0x00002b2c] [debug] -->[C17] DL_Rom_SetEnableAttr #./api/api.cpp (line:2929)
[0000035] [11:15:17:734375] [Tid0x00002b2c] [debug] <--[C17] DL_Rom_SetEnableAttr
[0000036] [11:15:17:734375] [Tid0x00002b2c] [debug] -->[C18] DL_GetCount #./api/api.cpp (line:2710)
[0000037] [11:15:17:734375] [Tid0x00002b2c] [debug] <--[C18] DL_GetCount
[0000038] [11:15:17:734375] [Tid0x00002b2c] [debug] -->[C19] DL_Rom_GetInfoAll #./api/api.cpp (line:2875)
[0000039] [11:15:17:734375] [Tid0x00002b2c] [debug] <--[C19] DL_Rom_GetInfoAll
[0000040] [11:15:17:750000] [Tid0x00002b2c] [debug] -->[C20] DL_Rom_SetEnableAttr #./api/api.cpp (line:2929)
[0000041] [11:15:17:750000] [Tid0x00002b2c] [debug] <--[C20] DL_Rom_SetEnableAttr
[0000042] [11:15:17:750000] [Tid0x00002b2c] [debug] -->[C21] DL_GetCount #./api/api.cpp (line:2710)
[0000043] [11:15:17:750000] [Tid0x00002b2c] [debug] <--[C21] DL_GetCount
[0000044] [11:15:17:750000] [Tid0x00002b2c] [debug] -->[C22] DL_Rom_GetInfoAll #./api/api.cpp (line:2875)
[0000045] [11:15:17:750000] [Tid0x00002b2c] [debug] <--[C22] DL_Rom_GetInfoAll
[0000046] [11:15:17:781250] [Tid0x00002b2c] [debug] -->[C23] DL_Rom_SetEnableAttr #./api/api.cpp (line:2929)
[0000047] [11:15:17:781250] [Tid0x00002b2c] [debug] <--[C23] DL_Rom_SetEnableAttr
[0000048] [11:15:17:781250] [Tid0x00002b2c] [debug] -->[C24] DL_GetCount #./api/api.cpp (line:2710)
[0000049] [11:15:17:781250] [Tid0x00002b2c] [debug] <--[C24] DL_GetCount
[0000050] [11:15:17:781250] [Tid0x00002b2c] [debug] -->[C25] DL_Rom_GetInfoAll #./api/api.cpp (line:2875)
[0000051] [11:15:17:781250] [Tid0x00002b2c] [debug] <--[C25] DL_Rom_GetInfoAll
[0000052] [11:15:17:796875] [Tid0x00002b2c] [debug] -->[C26] DL_Rom_SetEnableAttr #./api/api.cpp (line:2929)
[0000053] [11:15:17:796875] [Tid0x00002b2c] [debug] <--[C26] DL_Rom_SetEnableAttr
[0000054] [11:15:17:796875] [Tid0x00002b2c] [debug] -->[C27] DL_GetCount #./api/api.cpp (line:2710)
[0000055] [11:15:17:796875] [Tid0x00002b2c] [debug] <--[C27] DL_GetCount
[0000056] [11:15:17:796875] [Tid0x00002b2c] [debug] -->[C28] DL_Rom_GetInfoAll #./api/api.cpp (line:2875)
[0000057] [11:15:17:796875] [Tid0x00002b2c] [debug] <--[C28] DL_Rom_GetInfoAll
[0000058] [11:15:17:812500] [Tid0x00002b2c] [debug] -->[C29] DL_Rom_SetEnableAttr #./api/api.cpp (line:2929)
[0000059] [11:15:17:812500] [Tid0x00002b2c] [debug] <--[C29] DL_Rom_SetEnableAttr
[0000060] [11:15:17:812500] [Tid0x00002b2c] [debug] -->[C30] DL_GetCount #./api/api.cpp (line:2710)
[0000061] [11:15:17:812500] [Tid0x00002b2c] [debug] <--[C30] DL_GetCount
[0000062] [11:15:17:812500] [Tid0x00002b2c] [debug] -->[C31] DL_Rom_GetInfoAll #./api/api.cpp (line:2875)
[0000063] [11:15:17:812500] [Tid0x00002b2c] [debug] <--[C31] DL_Rom_GetInfoAll
[0000064] [11:15:17:812500] [Tid0x00002b2c] [debug] -->[C32] DL_Rom_SetEnableAttr #./api/api.cpp (line:2929)
[0000065] [11:15:17:812500] [Tid0x00002b2c] [debug] <--[C32] DL_Rom_SetEnableAttr
[0000066] [11:15:17:812500] [Tid0x00002b2c] [debug] -->[C33] DL_GetCount #./api/api.cpp (line:2710)
[0000067] [11:15:17:812500] [Tid0x00002b2c] [debug] <--[C33] DL_GetCount
[0000068] [11:15:17:812500] [Tid0x00002b2c] [debug] -->[C34] DL_Rom_GetInfoAll #./api/api.cpp (line:2875)
[0000069] [11:15:17:812500] [Tid0x00002b2c] [debug] <--[C34] DL_Rom_GetInfoAll
[0000070] [11:15:17:828125] [Tid0x00002b2c] [debug] -->[C35] DL_Rom_SetEnableAttr #./api/api.cpp (line:2929)
[0000071] [11:15:17:828125] [Tid0x00002b2c] [debug] <--[C35] DL_Rom_SetEnableAttr
[0000072] [11:15:17:828125] [Tid0x00002b2c] [debug] -->[C36] DL_GetCount #./api/api.cpp (line:2710)
[0000073] [11:15:17:828125] [Tid0x00002b2c] [debug] <--[C36] DL_GetCount
[0000074] [11:15:17:828125] [Tid0x00002b2c] [debug] -->[C37] DL_Rom_GetInfoAll #./api/api.cpp (line:2875)
[0000075] [11:15:17:828125] [Tid0x00002b2c] [debug] <--[C37] DL_Rom_GetInfoAll
[0000076] [11:15:17:843750] [Tid0x00002b2c] [debug] -->[C38] DL_Rom_SetEnableAttr #./api/api.cpp (line:2929)
[0000077] [11:15:17:843750] [Tid0x00002b2c] [debug] <--[C38] DL_Rom_SetEnableAttr
[0000078] [11:15:17:843750] [Tid0x00002b2c] [debug] -->[C39] DL_GetCount #./api/api.cpp (line:2710)
[0000079] [11:15:17:843750] [Tid0x00002b2c] [debug] <--[C39] DL_GetCount
[0000080] [11:15:17:843750] [Tid0x00002b2c] [debug] -->[C40] DL_Rom_GetInfoAll #./api/api.cpp (line:2875)
[0000081] [11:15:17:843750] [Tid0x00002b2c] [debug] <--[C40] DL_Rom_GetInfoAll
[0000082] [11:15:17:843750] [Tid0x00002b2c] [debug] -->[C41] DL_Rom_SetEnableAttr #./api/api.cpp (line:2929)
[0000083] [11:15:17:843750] [Tid0x00002b2c] [debug] <--[C41] DL_Rom_SetEnableAttr
[0000084] [11:15:17:843750] [Tid0x00002b2c] [debug] -->[C42] DL_GetCount #./api/api.cpp (line:2710)
[0000085] [11:15:17:843750] [Tid0x00002b2c] [debug] <--[C42] DL_GetCount
[0000086] [11:15:17:843750] [Tid0x00002b2c] [debug] -->[C43] DL_Rom_GetInfoAll #./api/api.cpp (line:2875)
[0000087] [11:15:17:843750] [Tid0x00002b2c] [debug] <--[C43] DL_Rom_GetInfoAll
[0000088] [11:15:17:859375] [Tid0x00002b2c] [debug] -->[C44] DL_Rom_SetEnableAttr #./api/api.cpp (line:2929)
[0000089] [11:15:17:859375] [Tid0x00002b2c] [debug] <--[C44] DL_Rom_SetEnableAttr
[0000090] [11:15:17:859375] [Tid0x00002b2c] [debug] -->[C45] DL_SetChecksumLevel #./api/api.cpp (line:2643)
[0000091] [11:15:17:859375] [Tid0x00002b2c] [debug] <--[C45] DL_SetChecksumLevel
[0000092] [11:15:35:968750] [Tid0x00002b2c] [debug] -->[C46] DL_GetCount #./api/api.cpp (line:2710)
[0000093] [11:15:35:968750] [Tid0x00002b2c] [debug] <--[C46] DL_GetCount
[0000094] [11:15:35:968750] [Tid0x00002b2c] [debug] -->[C47] DL_Rom_GetInfoAll #./api/api.cpp (line:2875)
[0000095] [11:15:35:968750] [Tid0x00002b2c] [debug] <--[C47] DL_Rom_GetInfoAll
[0000096] [11:15:35:984375] [Tid0x00002cb4] [debug] -->[C48] DL_Rom_Unload #./api/api.cpp (line:2907)
[0000097] [11:15:36:000000] [Tid0x00002cb4] [debug] <--[C48] DL_Rom_Unload
[0000098] [11:15:36:000000] [Tid0x00002cb4] [debug] -->[C49] DL_Rom_Load #./api/api.cpp (line:2896)
[0000099] [11:15:36:015625] [Tid0x00002cb4] [debug] <--[C49] DL_Rom_Load
[0000100] [11:15:36:031250] [Tid0x00002b2c] [debug] -->[C50] DL_GetCount #./api/api.cpp (line:2710)
[0000101] [11:15:36:031250] [Tid0x00002b2c] [debug] <--[C50] DL_GetCount
[0000102] [11:15:36:031250] [Tid0x00002b2c] [debug] -->[C51] DL_Rom_GetInfoAll #./api/api.cpp (line:2875)
[0000103] [11:15:36:031250] [Tid0x00002b2c] [debug] <--[C51] DL_Rom_GetInfoAll
[0000104] [11:15:36:046875] [Tid0x00002b2c] [debug] -->[C52] DL_GetScatterInfo #./api/api.cpp (line:2811)
[0000105] [11:15:36:046875] [Tid0x00002b2c] [debug] <--[C52] DL_GetScatterInfo
[0000106] [11:15:36:046875] [Tid0x00002b2c] [debug] -->[C53] DL_GetCount #./api/api.cpp (line:2710)
[0000107] [11:15:36:046875] [Tid0x00002b2c] [debug] <--[C53] DL_GetCount
[0000108] [11:15:36:046875] [Tid0x00002b2c] [debug] -->[C54] DL_Rom_GetInfoAll #./api/api.cpp (line:2875)
[0000109] [11:15:36:046875] [Tid0x00002b2c] [debug] <--[C54] DL_Rom_GetInfoAll
[0000110] [11:15:36:062500] [Tid0x00002b2c] [debug] -->[C55] DL_Rom_SetEnableAttr #./api/api.cpp (line:2929)
[0000111] [11:15:36:062500] [Tid0x00002b2c] [debug] <--[C55] DL_Rom_SetEnableAttr
[0000112] [11:15:36:062500] [Tid0x00002b2c] [debug] -->[C56] DL_GetCount #./api/api.cpp (line:2710)
[0000113] [11:15:36:062500] [Tid0x00002b2c] [debug] <--[C56] DL_GetCount
[0000114] [11:15:36:062500] [Tid0x00002b2c] [debug] -->[C57] DL_Rom_GetInfoAll #./api/api.cpp (line:2875)
[0000115] [11:15:36:062500] [Tid0x00002b2c] [debug] <--[C57] DL_Rom_GetInfoAll
[0000116] [11:15:36:078125] [Tid0x00002b2c] [debug] -->[C58] DL_Rom_SetEnableAttr #./api/api.cpp (line:2929)
[0000117] [11:15:36:078125] [Tid0x00002b2c] [debug] <--[C58] DL_Rom_SetEnableAttr
[0000118] [11:15:36:093750] [Tid0x00002b2c] [debug] -->[C59] DL_GetCount #./api/api.cpp (line:2710)
[0000119] [11:15:36:093750] [Tid0x00002b2c] [debug] <--[C59] DL_GetCount
[0000120] [11:15:36:093750] [Tid0x00002b2c] [debug] -->[C60] DL_Rom_GetInfoAll #./api/api.cpp (line:2875)
[0000121] [11:15:36:093750] [Tid0x00002b2c] [debug] <--[C60] DL_Rom_GetInfoAll
[0000122] [11:15:36:109375] [Tid0x00002b2c] [debug] -->[C61] DL_Rom_SetEnableAttr #./api/api.cpp (line:2929)
[0000123] [11:15:36:109375] [Tid0x00002b2c] [debug] <--[C61] DL_Rom_SetEnableAttr
[0000124] [11:15:36:109375] [Tid0x00002b2c] [debug] -->[C62] DL_GetCount #./api/api.cpp (line:2710)
[0000125] [11:15:36:109375] [Tid0x00002b2c] [debug] <--[C62] DL_GetCount
[0000126] [11:15:36:109375] [Tid0x00002b2c] [debug] -->[C63] DL_Rom_GetInfoAll #./api/api.cpp (line:2875)
[0000127] [11:15:36:109375] [Tid0x00002b2c] [debug] <--[C63] DL_Rom_GetInfoAll
[0000128] [11:15:36:125000] [Tid0x00002b2c] [debug] -->[C64] DL_Rom_SetEnableAttr #./api/api.cpp (line:2929)
[0000129] [11:15:36:125000] [Tid0x00002b2c] [debug] <--[C64] DL_Rom_SetEnableAttr
[0000130] [11:15:36:125000] [Tid0x00002b2c] [debug] -->[C65] DL_GetCount #./api/api.cpp (line:2710)
[0000131] [11:15:36:125000] [Tid0x00002b2c] [debug] <--[C65] DL_GetCount
[0000132] [11:15:36:125000] [Tid0x00002b2c] [debug] -->[C66] DL_Rom_GetInfoAll #./api/api.cpp (line:2875)
[0000133] [11:15:36:125000] [Tid0x00002b2c] [debug] <--[C66] DL_Rom_GetInfoAll
[0000134] [11:15:36:140625] [Tid0x00002b2c] [debug] -->[C67] DL_Rom_SetEnableAttr #./api/api.cpp (line:2929)
[0000135] [11:15:36:140625] [Tid0x00002b2c] [debug] <--[C67] DL_Rom_SetEnableAttr
[0000136] [11:15:36:140625] [Tid0x00002b2c] [debug] -->[C68] DL_GetCount #./api/api.cpp (line:2710)
[0000137] [11:15:36:140625] [Tid0x00002b2c] [debug] <--[C68] DL_GetCount
[0000138] [11:15:36:140625] [Tid0x00002b2c] [debug] -->[C69] DL_Rom_GetInfoAll #./api/api.cpp (line:2875)
[0000139] [11:15:36:140625] [Tid0x00002b2c] [debug] <--[C69] DL_Rom_GetInfoAll
[0000140] [11:15:36:156250] [Tid0x00002b2c] [debug] -->[C70] DL_Rom_SetEnableAttr #./api/api.cpp (line:2929)
[0000141] [11:15:36:156250] [Tid0x00002b2c] [debug] <--[C70] DL_Rom_SetEnableAttr
[0000142] [11:15:36:156250] [Tid0x00002b2c] [debug] -->[C71] DL_GetCount #./api/api.cpp (line:2710)
[0000143] [11:15:36:156250] [Tid0x00002b2c] [debug] <--[C71] DL_GetCount
[0000144] [11:15:36:156250] [Tid0x00002b2c] [debug] -->[C72] DL_Rom_GetInfoAll #./api/api.cpp (line:2875)
[0000145] [11:15:36:156250] [Tid0x00002b2c] [debug] <--[C72] DL_Rom_GetInfoAll
[0000146] [11:15:36:171875] [Tid0x00002b2c] [debug] -->[C73] DL_Rom_SetEnableAttr #./api/api.cpp (line:2929)
[0000147] [11:15:36:171875] [Tid0x00002b2c] [debug] <--[C73] DL_Rom_SetEnableAttr
[0000148] [11:15:36:171875] [Tid0x00002b2c] [debug] -->[C74] DL_GetCount #./api/api.cpp (line:2710)
[0000149] [11:15:36:171875] [Tid0x00002b2c] [debug] <--[C74] DL_GetCount
[0000150] [11:15:36:171875] [Tid0x00002b2c] [debug] -->[C75] DL_Rom_GetInfoAll #./api/api.cpp (line:2875)
[0000151] [11:15:36:171875] [Tid0x00002b2c] [debug] <--[C75] DL_Rom_GetInfoAll
[0000152] [11:15:36:171875] [Tid0x00002b2c] [debug] -->[C76] DL_Rom_SetEnableAttr #./api/api.cpp (line:2929)
[0000153] [11:15:36:171875] [Tid0x00002b2c] [debug] <--[C76] DL_Rom_SetEnableAttr
[0000154] [11:15:36:171875] [Tid0x00002b2c] [debug] -->[C77] DL_GetCount #./api/api.cpp (line:2710)
[0000155] [11:15:36:171875] [Tid0x00002b2c] [debug] <--[C77] DL_GetCount
[0000156] [11:15:36:171875] [Tid0x00002b2c] [debug] -->[C78] DL_Rom_GetInfoAll #./api/api.cpp (line:2875)
[0000157] [11:15:36:171875] [Tid0x00002b2c] [debug] <--[C78] DL_Rom_GetInfoAll
[0000158] [11:15:36:187500] [Tid0x00002b2c] [debug] -->[C79] DL_Rom_SetEnableAttr #./api/api.cpp (line:2929)
[0000159] [11:15:36:187500] [Tid0x00002b2c] [debug] <--[C79] DL_Rom_SetEnableAttr
[0000160] [11:15:36:187500] [Tid0x00002b2c] [debug] -->[C80] DL_GetCount #./api/api.cpp (line:2710)
[0000161] [11:15:36:187500] [Tid0x00002b2c] [debug] <--[C80] DL_GetCount
[0000162] [11:15:36:187500] [Tid0x00002b2c] [debug] -->[C81] DL_Rom_GetInfoAll #./api/api.cpp (line:2875)
[0000163] [11:15:36:187500] [Tid0x00002b2c] [debug] <--[C81] DL_Rom_GetInfoAll
[0000164] [11:15:36:203125] [Tid0x00002b2c] [debug] -->[C82] DL_Rom_SetEnableAttr #./api/api.cpp (line:2929)
[0000165] [11:15:36:203125] [Tid0x00002b2c] [debug] <--[C82] DL_Rom_SetEnableAttr
[0000166] [11:15:36:203125] [Tid0x00002b2c] [debug] -->[C83] DL_GetCount #./api/api.cpp (line:2710)
[0000167] [11:15:36:203125] [Tid0x00002b2c] [debug] <--[C83] DL_GetCount
[0000168] [11:15:36:203125] [Tid0x00002b2c] [debug] -->[C84] DL_Rom_GetInfoAll #./api/api.cpp (line:2875)
[0000169] [11:15:36:203125] [Tid0x00002b2c] [debug] <--[C84] DL_Rom_GetInfoAll
[0000170] [11:15:36:203125] [Tid0x00002b2c] [debug] -->[C85] DL_Rom_SetEnableAttr #./api/api.cpp (line:2929)
[0000171] [11:15:36:203125] [Tid0x00002b2c] [debug] <--[C85] DL_Rom_SetEnableAttr
[0000172] [11:15:36:203125] [Tid0x00002b2c] [debug] -->[C86] DL_GetCount #./api/api.cpp (line:2710)
[0000173] [11:15:36:203125] [Tid0x00002b2c] [debug] <--[C86] DL_GetCount
[0000174] [11:15:36:203125] [Tid0x00002b2c] [debug] -->[C87] DL_Rom_GetInfoAll #./api/api.cpp (line:2875)
[0000175] [11:15:36:203125] [Tid0x00002b2c] [debug] <--[C87] DL_Rom_GetInfoAll
[0000176] [11:15:36:218750] [Tid0x00002b2c] [debug] -->[C88] DL_Rom_SetEnableAttr #./api/api.cpp (line:2929)
[0000177] [11:15:36:218750] [Tid0x00002b2c] [debug] <--[C88] DL_Rom_SetEnableAttr
[0000178] [11:15:36:218750] [Tid0x00002b2c] [debug] -->[C89] DL_GetCount #./api/api.cpp (line:2710)
[0000179] [11:15:36:218750] [Tid0x00002b2c] [debug] <--[C89] DL_GetCount
[0000180] [11:15:36:218750] [Tid0x00002b2c] [debug] -->[C90] DL_Rom_GetInfoAll #./api/api.cpp (line:2875)
[0000181] [11:15:36:218750] [Tid0x00002b2c] [debug] <--[C90] DL_Rom_GetInfoAll
[0000182] [11:15:36:234375] [Tid0x00002b2c] [debug] -->[C91] DL_Rom_SetEnableAttr #./api/api.cpp (line:2929)
[0000183] [11:15:36:234375] [Tid0x00002b2c] [debug] <--[C91] DL_Rom_SetEnableAttr
[0000184] [11:15:36:234375] [Tid0x00002b2c] [debug] -->[C92] DL_GetCount #./api/api.cpp (line:2710)
[0000185] [11:15:36:234375] [Tid0x00002b2c] [debug] <--[C92] DL_GetCount
[0000186] [11:15:36:234375] [Tid0x00002b2c] [debug] -->[C93] DL_Rom_GetInfoAll #./api/api.cpp (line:2875)
[0000187] [11:15:36:234375] [Tid0x00002b2c] [debug] <--[C93] DL_Rom_GetInfoAll
[0000188] [11:15:36:250000] [Tid0x00002b2c] [debug] -->[C94] DL_Rom_SetEnableAttr #./api/api.cpp (line:2929)
[0000189] [11:15:36:250000] [Tid0x00002b2c] [debug] <--[C94] DL_Rom_SetEnableAttr
[0000190] [11:15:36:250000] [Tid0x00002b2c] [debug] -->[C95] DL_SetChecksumLevel #./api/api.cpp (line:2643)
[0000191] [11:15:36:250000] [Tid0x00002b2c] [debug] <--[C95] DL_SetChecksumLevel
[0000192] [11:15:37:984375] [Tid0x00002b2c] [debug] -->[C96] DL_GetCount #./api/api.cpp (line:2710)
[0000193] [11:15:37:984375] [Tid0x00002b2c] [debug] <--[C96] DL_GetCount
[0000194] [11:15:37:984375] [Tid0x00002b2c] [debug] -->[C97] DL_Rom_GetInfoAll #./api/api.cpp (line:2875)
[0000195] [11:15:37:984375] [Tid0x00002b2c] [debug] <--[C97] DL_Rom_GetInfoAll
[0000196] [11:15:38:000000] [Tid0x00002b2c] [debug] -->[C98] DL_Rom_SetEnableAttr #./api/api.cpp (line:2929)
[0000197] [11:15:38:000000] [Tid0x00002b2c] [debug] <--[C98] DL_Rom_SetEnableAttr
[0000198] [11:15:38:000000] [Tid0x00002b2c] [debug] -->[C99] DL_GetCount #./api/api.cpp (line:2710)
[0000199] [11:15:38:000000] [Tid0x00002b2c] [debug] <--[C99] DL_GetCount
[0000200] [11:15:38:000000] [Tid0x00002b2c] [debug] -->[C100] DL_Rom_GetInfoAll #./api/api.cpp (line:2875)
[0000201] [11:15:38:000000] [Tid0x00002b2c] [debug] <--[C100] DL_Rom_GetInfoAll
[0000202] [11:15:38:000000] [Tid0x00002b2c] [debug] -->[C101] DL_Rom_SetEnableAttr #./api/api.cpp (line:2929)
[0000203] [11:15:38:000000] [Tid0x00002b2c] [debug] <--[C101] DL_Rom_SetEnableAttr
[0000204] [11:15:38:000000] [Tid0x00002b2c] [debug] -->[C102] DL_GetCount #./api/api.cpp (line:2710)
[0000205] [11:15:38:000000] [Tid0x00002b2c] [debug] <--[C102] DL_GetCount
[0000206] [11:15:38:000000] [Tid0x00002b2c] [debug] -->[C103] DL_Rom_GetInfoAll #./api/api.cpp (line:2875)
[0000207] [11:15:38:000000] [Tid0x00002b2c] [debug] <--[C103] DL_Rom_GetInfoAll
[0000208] [11:15:38:015625] [Tid0x00002b2c] [debug] -->[C104] DL_Rom_SetEnableAttr #./api/api.cpp (line:2929)
[0000209] [11:15:38:015625] [Tid0x00002b2c] [debug] <--[C104] DL_Rom_SetEnableAttr
[0000210] [11:15:38:015625] [Tid0x00002b2c] [debug] -->[C105] DL_GetCount #./api/api.cpp (line:2710)
[0000211] [11:15:38:015625] [Tid0x00002b2c] [debug] <--[C105] DL_GetCount
[0000212] [11:15:38:015625] [Tid0x00002b2c] [debug] -->[C106] DL_Rom_GetInfoAll #./api/api.cpp (line:2875)
[0000213] [11:15:38:015625] [Tid0x00002b2c] [debug] <--[C106] DL_Rom_GetInfoAll
[0000214] [11:15:38:031250] [Tid0x00002b2c] [debug] -->[C107] DL_Rom_SetEnableAttr #./api/api.cpp (line:2929)
[0000215] [11:15:38:031250] [Tid0x00002b2c] [debug] <--[C107] DL_Rom_SetEnableAttr
[0000216] [11:15:38:031250] [Tid0x00002b2c] [debug] -->[C108] DL_GetCount #./api/api.cpp (line:2710)
[0000217] [11:15:38:031250] [Tid0x00002b2c] [debug] <--[C108] DL_GetCount
[0000218] [11:15:38:031250] [Tid0x00002b2c] [debug] -->[C109] DL_Rom_GetInfoAll #./api/api.cpp (line:2875)
[0000219] [11:15:38:031250] [Tid0x00002b2c] [debug] <--[C109] DL_Rom_GetInfoAll
[0000220] [11:15:38:031250] [Tid0x00002b2c] [debug] -->[C110] DL_Rom_SetEnableAttr #./api/api.cpp (line:2929)
[0000221] [11:15:38:031250] [Tid0x00002b2c] [debug] <--[C110] DL_Rom_SetEnableAttr
[0000222] [11:15:38:031250] [Tid0x00002b2c] [debug] -->[C111] DL_GetCount #./api/api.cpp (line:2710)
[0000223] [11:15:38:031250] [Tid0x00002b2c] [debug] <--[C111] DL_GetCount
[0000224] [11:15:38:031250] [Tid0x00002b2c] [debug] -->[C112] DL_Rom_GetInfoAll #./api/api.cpp (line:2875)
[0000225] [11:15:38:031250] [Tid0x00002b2c] [debug] <--[C112] DL_Rom_GetInfoAll
[0000226] [11:15:38:046875] [Tid0x00002b2c] [debug] -->[C113] DL_Rom_SetEnableAttr #./api/api.cpp (line:2929)
[0000227] [11:15:38:046875] [Tid0x00002b2c] [debug] <--[C113] DL_Rom_SetEnableAttr
[0000228] [11:15:38:046875] [Tid0x00002b2c] [debug] -->[C114] DL_GetCount #./api/api.cpp (line:2710)
[0000229] [11:15:38:046875] [Tid0x00002b2c] [debug] <--[C114] DL_GetCount
[0000230] [11:15:38:046875] [Tid0x00002b2c] [debug] -->[C115] DL_Rom_GetInfoAll #./api/api.cpp (line:2875)
[0000231] [11:15:38:046875] [Tid0x00002b2c] [debug] <--[C115] DL_Rom_GetInfoAll
[0000232] [11:15:38:046875] [Tid0x00002b2c] [debug] -->[C116] DL_Rom_SetEnableAttr #./api/api.cpp (line:2929)
[0000233] [11:15:38:046875] [Tid0x00002b2c] [debug] <--[C116] DL_Rom_SetEnableAttr
[0000234] [11:15:38:046875] [Tid0x00002b2c] [debug] -->[C117] DL_GetCount #./api/api.cpp (line:2710)
[0000235] [11:15:38:046875] [Tid0x00002b2c] [debug] <--[C117] DL_GetCount
[0000236] [11:15:38:046875] [Tid0x00002b2c] [debug] -->[C118] DL_Rom_GetInfoAll #./api/api.cpp (line:2875)
[0000237] [11:15:38:046875] [Tid0x00002b2c] [debug] <--[C118] DL_Rom_GetInfoAll
[0000238] [11:15:38:046875] [Tid0x00002b2c] [debug] -->[C119] DL_Rom_SetEnableAttr #./api/api.cpp (line:2929)
[0000239] [11:15:38:046875] [Tid0x00002b2c] [debug] <--[C119] DL_Rom_SetEnableAttr
[0000240] [11:15:38:046875] [Tid0x00002b2c] [debug] -->[C120] DL_GetCount #./api/api.cpp (line:2710)
[0000241] [11:15:38:046875] [Tid0x00002b2c] [debug] <--[C120] DL_GetCount
[0000242] [11:15:38:046875] [Tid0x00002b2c] [debug] -->[C121] DL_Rom_GetInfoAll #./api/api.cpp (line:2875)
[0000243] [11:15:38:046875] [Tid0x00002b2c] [debug] <--[C121] DL_Rom_GetInfoAll
[0000244] [11:15:38:062500] [Tid0x00002b2c] [debug] -->[C122] DL_Rom_SetEnableAttr #./api/api.cpp (line:2929)
[0000245] [11:15:38:062500] [Tid0x00002b2c] [debug] <--[C122] DL_Rom_SetEnableAttr
[0000246] [11:15:38:062500] [Tid0x00002b2c] [debug] -->[C123] DL_GetCount #./api/api.cpp (line:2710)
[0000247] [11:15:38:062500] [Tid0x00002b2c] [debug] <--[C123] DL_GetCount
[0000248] [11:15:38:062500] [Tid0x00002b2c] [debug] -->[C124] DL_Rom_GetInfoAll #./api/api.cpp (line:2875)
[0000249] [11:15:38:062500] [Tid0x00002b2c] [debug] <--[C124] DL_Rom_GetInfoAll
[0000250] [11:15:38:062500] [Tid0x00002b2c] [debug] -->[C125] DL_Rom_SetEnableAttr #./api/api.cpp (line:2929)
[0000251] [11:15:38:062500] [Tid0x00002b2c] [debug] <--[C125] DL_Rom_SetEnableAttr
[0000252] [11:15:38:062500] [Tid0x00002b2c] [debug] -->[C126] DL_GetCount #./api/api.cpp (line:2710)
[0000253] [11:15:38:062500] [Tid0x00002b2c] [debug] <--[C126] DL_GetCount
[0000254] [11:15:38:062500] [Tid0x00002b2c] [debug] -->[C127] DL_Rom_GetInfoAll #./api/api.cpp (line:2875)
[0000255] [11:15:38:062500] [Tid0x00002b2c] [debug] <--[C127] DL_Rom_GetInfoAll
[0000256] [11:15:38:062500] [Tid0x00002b2c] [debug] -->[C128] DL_Rom_SetEnableAttr #./api/api.cpp (line:2929)
[0000257] [11:15:38:062500] [Tid0x00002b2c] [debug] <--[C128] DL_Rom_SetEnableAttr
[0000258] [11:15:38:062500] [Tid0x00002b2c] [debug] -->[C129] DL_GetCount #./api/api.cpp (line:2710)
[0000259] [11:15:38:062500] [Tid0x00002b2c] [debug] <--[C129] DL_GetCount
[0000260] [11:15:38:062500] [Tid0x00002b2c] [debug] -->[C130] DL_Rom_GetInfoAll #./api/api.cpp (line:2875)
[0000261] [11:15:38:062500] [Tid0x00002b2c] [debug] <--[C130] DL_Rom_GetInfoAll
[0000262] [11:15:38:062500] [Tid0x00002b2c] [debug] -->[C131] DL_Rom_SetEnableAttr #./api/api.cpp (line:2929)
[0000263] [11:15:38:062500] [Tid0x00002b2c] [debug] <--[C131] DL_Rom_SetEnableAttr
[0000264] [11:15:38:062500] [Tid0x00002b2c] [debug] -->[C132] DL_GetCount #./api/api.cpp (line:2710)
[0000265] [11:15:38:062500] [Tid0x00002b2c] [debug] <--[C132] DL_GetCount
[0000266] [11:15:38:062500] [Tid0x00002b2c] [debug] -->[C133] DL_Rom_GetInfoAll #./api/api.cpp (line:2875)
[0000267] [11:15:38:062500] [Tid0x00002b2c] [debug] <--[C133] DL_Rom_GetInfoAll
[0000268] [11:15:38:062500] [Tid0x00002b2c] [debug] -->[C134] DL_Rom_SetEnableAttr #./api/api.cpp (line:2929)
[0000269] [11:15:38:062500] [Tid0x00002b2c] [debug] <--[C134] DL_Rom_SetEnableAttr
[0000270] [11:15:38:593750] [Tid0x00002b2c] [debug] -->[C135] DL_GetCount #./api/api.cpp (line:2710)
[0000271] [11:15:38:593750] [Tid0x00002b2c] [debug] <--[C135] DL_GetCount
[0000272] [11:15:38:593750] [Tid0x00002b2c] [debug] -->[C136] DL_Rom_GetInfoAll #./api/api.cpp (line:2875)
[0000273] [11:15:38:593750] [Tid0x00002b2c] [debug] <--[C136] DL_Rom_GetInfoAll
[0000274] [11:15:38:593750] [Tid0x00002b2c] [debug] -->[C137] DL_Rom_SetEnableAttr #./api/api.cpp (line:2929)
[0000275] [11:15:38:593750] [Tid0x00002b2c] [debug] <--[C137] DL_Rom_SetEnableAttr
[0000276] [11:15:39:625000] [Tid0x00002b2c] [debug] -->[C138] DL_GetCount #./api/api.cpp (line:2710)
[0000277] [11:15:39:625000] [Tid0x00002b2c] [debug] <--[C138] DL_GetCount
[0000278] [11:15:39:625000] [Tid0x00002b2c] [debug] -->[C139] DL_Rom_GetInfoAll #./api/api.cpp (line:2875)
[0000279] [11:15:39:625000] [Tid0x00002b2c] [debug] <--[C139] DL_Rom_GetInfoAll
[0000280] [11:15:39:625000] [Tid0x00002b2c] [debug] -->[C140] DL_GetCount #./api/api.cpp (line:2710)
[0000281] [11:15:39:625000] [Tid0x00002b2c] [debug] <--[C140] DL_GetCount
[0000282] [11:15:39:625000] [Tid0x00002b2c] [debug] -->[C141] DL_Rom_GetInfoAll #./api/api.cpp (line:2875)
[0000283] [11:15:39:625000] [Tid0x00002b2c] [debug] <--[C141] DL_Rom_GetInfoAll
[0000284] [11:16:11:031250] [Tid0x00002298] [debug] -->[C142] FlashTool_Connect_BROM_ByName #./api/api.cpp (line:2102)
[0000285] [11:16:11:031250] [Tid0x00002298] [debug] -->[C143] FlashTool_Connect_BROM_Ex #./api/api.cpp (line:1862)
[0000286] [11:16:11:031250] [Tid0x00002298] [debug] bCheckScatter: 1
[0000287] [11:16:11:031250] [Tid0x00002298] [debug] have load scatter already
[0000288] [11:16:11:031250] [Tid0x00002298] [debug] libversion 1
[0000289] [11:16:11:625000] [Tid0x00002298] [debug] <--[C143] FlashTool_Connect_BROM_Ex
[0000290] [11:16:11:625000] [Tid0x00002298] [debug] <--[C142] FlashTool_Connect_BROM_ByName
[0000291] [11:16:11:625000] [Tid0x00002298] [debug] -->[C144] FlashTool_GetBootResult #./api/api.cpp (line:2114)
[0000292] [11:16:11:625000] [Tid0x00002298] [debug] <--[C144] FlashTool_GetBootResult
[0000293] [11:16:11:625000] [Tid0x00002298] [debug] -->[C145] FlashTool_Connect_Download_DA #./api/api.cpp (line:2134)
[0000294] [11:16:11:625000] [Tid0x00002298] [debug] bCheckScatter: 1
[0000295] [11:16:11:906250] [Tid0x00002298] [debug] <--[C145] FlashTool_Connect_Download_DA
[0000296] [11:16:11:906250] [Tid0x00002298] [debug] -->[C146] FlashTool_Disconnect #./api/api.cpp (line:1019)
[0000297] [11:16:22:203125] [Tid0x00002298] [debug] <--[C146] FlashTool_Disconnect
[0000298] [11:16:27:687500] [Tid0x00002b2c] [debug] -->[C147] DL_GetCount #./api/api.cpp (line:2710)
[0000299] [11:16:27:703125] [Tid0x00002b2c] [debug] <--[C147] DL_GetCount
[0000300] [11:16:27:703125] [Tid0x00002b2c] [debug] -->[C148] DL_Rom_GetInfoAll #./api/api.cpp (line:2875)
[0000301] [11:16:27:703125] [Tid0x00002b2c] [debug] <--[C148] DL_Rom_GetInfoAll
[0000302] [11:16:27:703125] [Tid0x00002b2c] [debug] -->[C149] DL_GetCount #./api/api.cpp (line:2710)
[0000303] [11:16:27:703125] [Tid0x00002b2c] [debug] <--[C149] DL_GetCount
[0000304] [11:16:27:703125] [Tid0x00002b2c] [debug] -->[C150] DL_Rom_GetInfoAll #./api/api.cpp (line:2875)
[0000305] [11:16:27:703125] [Tid0x00002b2c] [debug] <--[C150] DL_Rom_GetInfoAll
[0000306] [11:16:46:718750] [Tid0x00002d74] [debug] -->[C151] FlashTool_Connect_BROM_ByName #./api/api.cpp (line:2102)
[0000307] [11:16:46:718750] [Tid0x00002d74] [debug] -->[C152] FlashTool_Connect_BROM_Ex #./api/api.cpp (line:1862)
[0000308] [11:16:46:718750] [Tid0x00002d74] [debug] bCheckScatter: 1
[0000309] [11:16:46:718750] [Tid0x00002d74] [debug] have load scatter already
[0000310] [11:16:46:718750] [Tid0x00002d74] [debug] libversion 1
[0000311] [11:16:47:281250] [Tid0x00002d74] [debug] <--[C152] FlashTool_Connect_BROM_Ex
[0000312] [11:16:47:281250] [Tid0x00002d74] [debug] <--[C151] FlashTool_Connect_BROM_ByName
[0000313] [11:16:47:281250] [Tid0x00002d74] [debug] -->[C153] FlashTool_GetBootResult #./api/api.cpp (line:2114)
[0000314] [11:16:47:281250] [Tid0x00002d74] [debug] <--[C153] FlashTool_GetBootResult
[0000315] [11:16:47:281250] [Tid0x00002d74] [debug] -->[C154] FlashTool_Connect_Download_DA #./api/api.cpp (line:2134)
[0000316] [11:16:47:281250] [Tid0x00002d74] [debug] bCheckScatter: 1
[0000317] [11:16:47:500000] [Tid0x00002d74] [debug] <--[C154] FlashTool_Connect_Download_DA
[0000318] [11:16:47:500000] [Tid0x00002d74] [debug] -->[C155] FlashTool_Disconnect #./api/api.cpp (line:1019)
[0000319] [11:16:57:781250] [Tid0x00002d74] [debug] <--[C155] FlashTool_Disconnect
[0000320] [11:17:01:843750] [Tid0x00002b2c] [debug] -->[C156] DL_GetCount #./api/api.cpp (line:2710)
[0000321] [11:17:01:843750] [Tid0x00002b2c] [debug] <--[C156] DL_GetCount
[0000322] [11:17:01:843750] [Tid0x00002b2c] [debug] -->[C157] DL_Rom_GetInfoAll #./api/api.cpp (line:2875)
[0000323] [11:17:01:843750] [Tid0x00002b2c] [debug] <--[C157] DL_Rom_GetInfoAll
[0000324] [11:17:01:859375] [Tid0x00002b2c] [debug] -->[C158] DL_GetCount #./api/api.cpp (line:2710)
[0000325] [11:17:01:859375] [Tid0x00002b2c] [debug] <--[C158] DL_GetCount
[0000326] [11:17:01:859375] [Tid0x00002b2c] [debug] -->[C159] DL_Rom_GetInfoAll #./api/api.cpp (line:2875)
[0000327] [11:17:01:859375] [Tid0x00002b2c] [debug] <--[C159] DL_Rom_GetInfoAll
[0000328] [11:17:24:500000] [Tid0x00002d4c] [debug] -->[C160] FlashTool_Connect_BROM_ByName #./api/api.cpp (line:2102)
[0000329] [11:17:24:500000] [Tid0x00002d4c] [debug] -->[C161] FlashTool_Connect_BROM_Ex #./api/api.cpp (line:1862)
[0000330] [11:17:24:500000] [Tid0x00002d4c] [debug] bCheckScatter: 1
[0000331] [11:17:24:500000] [Tid0x00002d4c] [debug] have load scatter already
[0000332] [11:17:24:500000] [Tid0x00002d4c] [debug] libversion 1
[0000333] [11:17:25:078125] [Tid0x00002d4c] [debug] <--[C161] FlashTool_Connect_BROM_Ex
[0000334] [11:17:25:078125] [Tid0x00002d4c] [debug] <--[C160] FlashTool_Connect_BROM_ByName
[0000335] [11:17:25:078125] [Tid0x00002d4c] [debug] -->[C162] FlashTool_GetBootResult #./api/api.cpp (line:2114)
[0000336] [11:17:25:078125] [Tid0x00002d4c] [debug] <--[C162] FlashTool_GetBootResult
[0000337] [11:17:25:078125] [Tid0x00002d4c] [debug] -->[C163] FlashTool_Connect_Download_DA #./api/api.cpp (line:2134)
[0000338] [11:17:25:078125] [Tid0x00002d4c] [debug] bCheckScatter: 1
[0000339] [11:17:25:312500] [Tid0x00002d4c] [debug] <--[C163] FlashTool_Connect_Download_DA
[0000340] [11:17:25:312500] [Tid0x00002d4c] [debug] -->[C164] FlashTool_Disconnect #./api/api.cpp (line:1019)
[0000341] [11:17:32:843750] [Tid0x00002d4c] [debug] <--[C164] FlashTool_Disconnect
[0000342] [11:17:33:031250] [Tid0x00002b2c] [debug] -->[C165] DL_Rom_UnloadAll #./api/api.cpp (line:2918)
[0000343] [11:17:33:031250] [Tid0x00002b2c] [debug] <--[C165] DL_Rom_UnloadAll
