[0000001] [11:07:06:046875] [Tid0x00000e00] [debug] -->[C1] DL_LoadScatter #./api/api.cpp (line:2601)
[0000002] [11:07:06:093750] [Tid0x00000e00] [debug] used lib version: 1
[0000003] [11:07:06:093750] [Tid0x00000e00] [debug] <--[C1] DL_LoadScatter
[0000004] [11:07:06:093750] [Tid0x00000e00] [debug] -->[C2] DL_AutoLoadRomImages #./api/api.cpp (line:2790)
[0000005] [11:07:06:656250] [Tid0x00000e00] [debug] <--[C2] DL_AutoLoadRomImages
[0000006] [11:07:06:671875] [Tid0x00001b88] [debug] -->[C3] DL_GetCount #./api/api.cpp (line:2710)
[0000007] [11:07:06:671875] [Tid0x00001b88] [debug] <--[C3] DL_GetCount
[0000008] [11:07:06:671875] [Tid0x00001b88] [debug] -->[C4] DL_Rom_GetInfoAll #./api/api.cpp (line:2875)
[0000009] [11:07:06:671875] [Tid0x00001b88] [debug] <--[C4] DL_Rom_GetInfoAll
[0000010] [11:07:06:687500] [Tid0x00001b88] [debug] -->[C5] DL_GetScatterInfo #./api/api.cpp (line:2811)
[0000011] [11:07:06:687500] [Tid0x00001b88] [debug] <--[C5] DL_GetScatterInfo
[0000012] [11:07:06:687500] [Tid0x00001b88] [debug] -->[C6] DL_GetCount #./api/api.cpp (line:2710)
[0000013] [11:07:06:687500] [Tid0x00001b88] [debug] <--[C6] DL_GetCount
[0000014] [11:07:06:687500] [Tid0x00001b88] [debug] -->[C7] DL_Rom_GetInfoAll #./api/api.cpp (line:2875)
[0000015] [11:07:06:687500] [Tid0x00001b88] [debug] <--[C7] DL_Rom_GetInfoAll
[0000016] [11:07:06:703125] [Tid0x00001b88] [debug] -->[C8] DL_Rom_SetEnableAttr #./api/api.cpp (line:2929)
[0000017] [11:07:06:703125] [Tid0x00001b88] [debug] <--[C8] DL_Rom_SetEnableAttr
[0000018] [11:07:06:703125] [Tid0x00001b88] [debug] -->[C9] DL_GetCount #./api/api.cpp (line:2710)
[0000019] [11:07:06:703125] [Tid0x00001b88] [debug] <--[C9] DL_GetCount
[0000020] [11:07:06:703125] [Tid0x00001b88] [debug] -->[C10] DL_Rom_GetInfoAll #./api/api.cpp (line:2875)
[0000021] [11:07:06:703125] [Tid0x00001b88] [debug] <--[C10] DL_Rom_GetInfoAll
[0000022] [11:07:06:703125] [Tid0x00001b88] [debug] -->[C11] DL_Rom_SetEnableAttr #./api/api.cpp (line:2929)
[0000023] [11:07:06:703125] [Tid0x00001b88] [debug] <--[C11] DL_Rom_SetEnableAttr
[0000024] [11:07:06:703125] [Tid0x00001b88] [debug] -->[C12] DL_GetCount #./api/api.cpp (line:2710)
[0000025] [11:07:06:703125] [Tid0x00001b88] [debug] <--[C12] DL_GetCount
[0000026] [11:07:06:703125] [Tid0x00001b88] [debug] -->[C13] DL_Rom_GetInfoAll #./api/api.cpp (line:2875)
[0000027] [11:07:06:703125] [Tid0x00001b88] [debug] <--[C13] DL_Rom_GetInfoAll
[0000028] [11:07:06:718750] [Tid0x00001b88] [debug] -->[C14] DL_Rom_SetEnableAttr #./api/api.cpp (line:2929)
[0000029] [11:07:06:718750] [Tid0x00001b88] [debug] <--[C14] DL_Rom_SetEnableAttr
[0000030] [11:07:06:718750] [Tid0x00001b88] [debug] -->[C15] DL_GetCount #./api/api.cpp (line:2710)
[0000031] [11:07:06:718750] [Tid0x00001b88] [debug] <--[C15] DL_GetCount
[0000032] [11:07:06:718750] [Tid0x00001b88] [debug] -->[C16] DL_Rom_GetInfoAll #./api/api.cpp (line:2875)
[0000033] [11:07:06:718750] [Tid0x00001b88] [debug] <--[C16] DL_Rom_GetInfoAll
[0000034] [11:07:06:734375] [Tid0x00001b88] [debug] -->[C17] DL_Rom_SetEnableAttr #./api/api.cpp (line:2929)
[0000035] [11:07:06:734375] [Tid0x00001b88] [debug] <--[C17] DL_Rom_SetEnableAttr
[0000036] [11:07:06:734375] [Tid0x00001b88] [debug] -->[C18] DL_GetCount #./api/api.cpp (line:2710)
[0000037] [11:07:06:734375] [Tid0x00001b88] [debug] <--[C18] DL_GetCount
[0000038] [11:07:06:734375] [Tid0x00001b88] [debug] -->[C19] DL_Rom_GetInfoAll #./api/api.cpp (line:2875)
[0000039] [11:07:06:734375] [Tid0x00001b88] [debug] <--[C19] DL_Rom_GetInfoAll
[0000040] [11:07:06:734375] [Tid0x00001b88] [debug] -->[C20] DL_Rom_SetEnableAttr #./api/api.cpp (line:2929)
[0000041] [11:07:06:734375] [Tid0x00001b88] [debug] <--[C20] DL_Rom_SetEnableAttr
[0000042] [11:07:06:734375] [Tid0x00001b88] [debug] -->[C21] DL_GetCount #./api/api.cpp (line:2710)
[0000043] [11:07:06:734375] [Tid0x00001b88] [debug] <--[C21] DL_GetCount
[0000044] [11:07:06:734375] [Tid0x00001b88] [debug] -->[C22] DL_Rom_GetInfoAll #./api/api.cpp (line:2875)
[0000045] [11:07:06:734375] [Tid0x00001b88] [debug] <--[C22] DL_Rom_GetInfoAll
[0000046] [11:07:06:750000] [Tid0x00001b88] [debug] -->[C23] DL_Rom_SetEnableAttr #./api/api.cpp (line:2929)
[0000047] [11:07:06:750000] [Tid0x00001b88] [debug] <--[C23] DL_Rom_SetEnableAttr
[0000048] [11:07:06:750000] [Tid0x00001b88] [debug] -->[C24] DL_GetCount #./api/api.cpp (line:2710)
[0000049] [11:07:06:750000] [Tid0x00001b88] [debug] <--[C24] DL_GetCount
[0000050] [11:07:06:750000] [Tid0x00001b88] [debug] -->[C25] DL_Rom_GetInfoAll #./api/api.cpp (line:2875)
[0000051] [11:07:06:750000] [Tid0x00001b88] [debug] <--[C25] DL_Rom_GetInfoAll
[0000052] [11:07:06:765625] [Tid0x00001b88] [debug] -->[C26] DL_Rom_SetEnableAttr #./api/api.cpp (line:2929)
[0000053] [11:07:06:765625] [Tid0x00001b88] [debug] <--[C26] DL_Rom_SetEnableAttr
[0000054] [11:07:06:765625] [Tid0x00001b88] [debug] -->[C27] DL_GetCount #./api/api.cpp (line:2710)
[0000055] [11:07:06:765625] [Tid0x00001b88] [debug] <--[C27] DL_GetCount
[0000056] [11:07:06:765625] [Tid0x00001b88] [debug] -->[C28] DL_Rom_GetInfoAll #./api/api.cpp (line:2875)
[0000057] [11:07:06:765625] [Tid0x00001b88] [debug] <--[C28] DL_Rom_GetInfoAll
[0000058] [11:07:06:765625] [Tid0x00001b88] [debug] -->[C29] DL_Rom_SetEnableAttr #./api/api.cpp (line:2929)
[0000059] [11:07:06:765625] [Tid0x00001b88] [debug] <--[C29] DL_Rom_SetEnableAttr
[0000060] [11:07:06:765625] [Tid0x00001b88] [debug] -->[C30] DL_GetCount #./api/api.cpp (line:2710)
[0000061] [11:07:06:765625] [Tid0x00001b88] [debug] <--[C30] DL_GetCount
[0000062] [11:07:06:765625] [Tid0x00001b88] [debug] -->[C31] DL_Rom_GetInfoAll #./api/api.cpp (line:2875)
[0000063] [11:07:06:765625] [Tid0x00001b88] [debug] <--[C31] DL_Rom_GetInfoAll
[0000064] [11:07:06:781250] [Tid0x00001b88] [debug] -->[C32] DL_Rom_SetEnableAttr #./api/api.cpp (line:2929)
[0000065] [11:07:06:781250] [Tid0x00001b88] [debug] <--[C32] DL_Rom_SetEnableAttr
[0000066] [11:07:06:781250] [Tid0x00001b88] [debug] -->[C33] DL_GetCount #./api/api.cpp (line:2710)
[0000067] [11:07:06:781250] [Tid0x00001b88] [debug] <--[C33] DL_GetCount
[0000068] [11:07:06:781250] [Tid0x00001b88] [debug] -->[C34] DL_Rom_GetInfoAll #./api/api.cpp (line:2875)
[0000069] [11:07:06:781250] [Tid0x00001b88] [debug] <--[C34] DL_Rom_GetInfoAll
[0000070] [11:07:06:796875] [Tid0x00001b88] [debug] -->[C35] DL_Rom_SetEnableAttr #./api/api.cpp (line:2929)
[0000071] [11:07:06:796875] [Tid0x00001b88] [debug] <--[C35] DL_Rom_SetEnableAttr
[0000072] [11:07:06:796875] [Tid0x00001b88] [debug] -->[C36] DL_GetCount #./api/api.cpp (line:2710)
[0000073] [11:07:06:796875] [Tid0x00001b88] [debug] <--[C36] DL_GetCount
[0000074] [11:07:06:796875] [Tid0x00001b88] [debug] -->[C37] DL_Rom_GetInfoAll #./api/api.cpp (line:2875)
[0000075] [11:07:06:796875] [Tid0x00001b88] [debug] <--[C37] DL_Rom_GetInfoAll
[0000076] [11:07:06:812500] [Tid0x00001b88] [debug] -->[C38] DL_Rom_SetEnableAttr #./api/api.cpp (line:2929)
[0000077] [11:07:06:812500] [Tid0x00001b88] [debug] <--[C38] DL_Rom_SetEnableAttr
[0000078] [11:07:06:812500] [Tid0x00001b88] [debug] -->[C39] DL_GetCount #./api/api.cpp (line:2710)
[0000079] [11:07:06:812500] [Tid0x00001b88] [debug] <--[C39] DL_GetCount
[0000080] [11:07:06:812500] [Tid0x00001b88] [debug] -->[C40] DL_Rom_GetInfoAll #./api/api.cpp (line:2875)
[0000081] [11:07:06:812500] [Tid0x00001b88] [debug] <--[C40] DL_Rom_GetInfoAll
[0000082] [11:07:06:812500] [Tid0x00001b88] [debug] -->[C41] DL_Rom_SetEnableAttr #./api/api.cpp (line:2929)
[0000083] [11:07:06:812500] [Tid0x00001b88] [debug] <--[C41] DL_Rom_SetEnableAttr
[0000084] [11:07:06:812500] [Tid0x00001b88] [debug] -->[C42] DL_GetCount #./api/api.cpp (line:2710)
[0000085] [11:07:06:812500] [Tid0x00001b88] [debug] <--[C42] DL_GetCount
[0000086] [11:07:06:812500] [Tid0x00001b88] [debug] -->[C43] DL_Rom_GetInfoAll #./api/api.cpp (line:2875)
[0000087] [11:07:06:812500] [Tid0x00001b88] [debug] <--[C43] DL_Rom_GetInfoAll
[0000088] [11:07:06:828125] [Tid0x00001b88] [debug] -->[C44] DL_Rom_SetEnableAttr #./api/api.cpp (line:2929)
[0000089] [11:07:06:828125] [Tid0x00001b88] [debug] <--[C44] DL_Rom_SetEnableAttr
[0000090] [11:07:06:828125] [Tid0x00001b88] [debug] -->[C45] DL_SetChecksumLevel #./api/api.cpp (line:2643)
[0000091] [11:07:06:828125] [Tid0x00001b88] [debug] <--[C45] DL_SetChecksumLevel
[0000092] [11:07:17:843750] [Tid0x00001b88] [debug] -->[C46] DL_GetCount #./api/api.cpp (line:2710)
[0000093] [11:07:17:843750] [Tid0x00001b88] [debug] <--[C46] DL_GetCount
[0000094] [11:07:17:843750] [Tid0x00001b88] [debug] -->[C47] DL_Rom_GetInfoAll #./api/api.cpp (line:2875)
[0000095] [11:07:17:843750] [Tid0x00001b88] [debug] <--[C47] DL_Rom_GetInfoAll
[0000096] [11:07:17:843750] [Tid0x00001b88] [debug] -->[C48] DL_Rom_SetEnableAttr #./api/api.cpp (line:2929)
[0000097] [11:07:17:843750] [Tid0x00001b88] [debug] <--[C48] DL_Rom_SetEnableAttr
[0000098] [11:07:18:718750] [Tid0x00001b88] [debug] -->[C49] DL_GetCount #./api/api.cpp (line:2710)
[0000099] [11:07:18:718750] [Tid0x00001b88] [debug] <--[C49] DL_GetCount
[0000100] [11:07:18:718750] [Tid0x00001b88] [debug] -->[C50] DL_Rom_GetInfoAll #./api/api.cpp (line:2875)
[0000101] [11:07:18:718750] [Tid0x00001b88] [debug] <--[C50] DL_Rom_GetInfoAll
[0000102] [11:07:18:718750] [Tid0x00001b88] [debug] -->[C51] DL_Rom_SetEnableAttr #./api/api.cpp (line:2929)
[0000103] [11:07:18:718750] [Tid0x00001b88] [debug] <--[C51] DL_Rom_SetEnableAttr
[0000104] [11:07:21:765625] [Tid0x00001b88] [debug] -->[C52] DL_GetCount #./api/api.cpp (line:2710)
[0000105] [11:07:21:765625] [Tid0x00001b88] [debug] <--[C52] DL_GetCount
[0000106] [11:07:21:765625] [Tid0x00001b88] [debug] -->[C53] DL_Rom_GetInfoAll #./api/api.cpp (line:2875)
[0000107] [11:07:21:765625] [Tid0x00001b88] [debug] <--[C53] DL_Rom_GetInfoAll
[0000108] [11:07:21:781250] [Tid0x00001b88] [debug] -->[C54] DL_GetCount #./api/api.cpp (line:2710)
[0000109] [11:07:21:781250] [Tid0x00001b88] [debug] <--[C54] DL_GetCount
[0000110] [11:07:21:781250] [Tid0x00001b88] [debug] -->[C55] DL_Rom_GetInfoAll #./api/api.cpp (line:2875)
[0000111] [11:07:21:781250] [Tid0x00001b88] [debug] <--[C55] DL_Rom_GetInfoAll
[0000112] [11:07:34:812500] [Tid0x00001df8] [debug] -->[C56] FlashTool_Connect_BROM_ByName #./api/api.cpp (line:2102)
[0000113] [11:07:34:812500] [Tid0x00001df8] [debug] -->[C57] FlashTool_Connect_BROM_Ex #./api/api.cpp (line:1862)
[0000114] [11:07:34:812500] [Tid0x00001df8] [debug] bCheckScatter: 1
[0000115] [11:07:34:812500] [Tid0x00001df8] [debug] have load scatter already
[0000116] [11:07:34:812500] [Tid0x00001df8] [debug] libversion 1
[0000117] [11:07:35:359375] [Tid0x00001df8] [debug] <--[C57] FlashTool_Connect_BROM_Ex
[0000118] [11:07:35:359375] [Tid0x00001df8] [debug] <--[C56] FlashTool_Connect_BROM_ByName
[0000119] [11:07:35:359375] [Tid0x00001df8] [debug] -->[C58] FlashTool_GetBootResult #./api/api.cpp (line:2114)
[0000120] [11:07:35:359375] [Tid0x00001df8] [debug] <--[C58] FlashTool_GetBootResult
[0000121] [11:07:35:359375] [Tid0x00001df8] [debug] -->[C59] FlashTool_Connect_Download_DA #./api/api.cpp (line:2134)
[0000122] [11:07:35:359375] [Tid0x00001df8] [debug] bCheckScatter: 1
[0000123] [11:07:37:578125] [Tid0x00001df8] [debug] <--[C59] FlashTool_Connect_Download_DA
[0000124] [11:07:37:578125] [Tid0x00001df8] [debug] -->[C60] FlashTool_CheckUSBStatus #./api/api.cpp (line:1140)
[0000125] [11:07:37:578125] [Tid0x00001df8] [debug] <--[C60] FlashTool_CheckUSBStatus
[0000126] [11:07:37:578125] [Tid0x00001df8] [debug] -->[C61] FlashTool_CheckUSBStatus #./api/api.cpp (line:1140)
[0000127] [11:07:37:578125] [Tid0x00001df8] [debug] <--[C61] FlashTool_CheckUSBStatus
[0000128] [11:07:37:578125] [Tid0x00001df8] [debug] -->[C62] FlashTool_GetReservedRomSize #./api/api.cpp (line:1663)
[0000129] [11:07:37:578125] [Tid0x00001df8] [debug] <--[C62] FlashTool_GetReservedRomSize
[0000130] [11:07:37:578125] [Tid0x00001df8] [debug] -->[C63] FlashTool_RomGetCount #./api/api.cpp (line:1688)
[0000131] [11:07:37:578125] [Tid0x00001df8] [debug] <--[C63] FlashTool_RomGetCount
[0000132] [11:07:37:578125] [Tid0x00001df8] [debug] -->[C64] FlashTool_RomGetInfoAll #./api/api.cpp (line:1705)
[0000133] [11:07:37:578125] [Tid0x00001df8] [debug] <--[C64] FlashTool_RomGetInfoAll
[0000134] [11:07:37:578125] [Tid0x00001df8] [debug] -->[C65] FlashTool_ReadPartitionCount #./api/api.cpp (line:1619)
[0000135] [11:07:37:609375] [Tid0x00001df8] [debug] <--[C65] FlashTool_ReadPartitionCount
[0000136] [11:07:37:609375] [Tid0x00001df8] [debug] -->[C66] FlashTool_ReadPartitionInfo #./api/api.cpp (line:1640)
[0000137] [11:07:37:609375] [Tid0x00001df8] [debug] <--[C66] FlashTool_ReadPartitionInfo
[0000138] [11:07:37:609375] [Tid0x00001df8] [debug] -->[C67] FlashTool_Download #./api/api.cpp (line:1286)
[0000139] [11:10:39:765625] [Tid0x00001df8] [debug] <--[C67] FlashTool_Download
[0000140] [11:10:39:765625] [Tid0x00001df8] [debug] -->[C68] DL_GetCount #./api/api.cpp (line:2710)
[0000141] [11:10:39:765625] [Tid0x00001df8] [debug] <--[C68] DL_GetCount
[0000142] [11:10:39:765625] [Tid0x00001df8] [debug] -->[C69] DL_Rom_GetInfoAll #./api/api.cpp (line:2875)
[0000143] [11:10:39:765625] [Tid0x00001df8] [debug] <--[C69] DL_Rom_GetInfoAll
[0000144] [11:10:39:765625] [Tid0x00001df8] [debug] -->[C70] FlashTool_Disconnect #./api/api.cpp (line:1019)
[0000145] [11:10:39:812500] [Tid0x00001df8] [debug] <--[C70] FlashTool_Disconnect
[0000146] [13:35:38:781250] [Tid0x00001b88] [debug] -->[C71] DL_Rom_UnloadAll #./api/api.cpp (line:2918)
[0000147] [13:35:39:359375] [Tid0x00001b88] [debug] <--[C71] DL_Rom_UnloadAll
