[0000001] [16:54:36:265625] [Tid0x0000187c] [debug] -->[C1] DL_LoadScatter #./api/api.cpp (line:2601)
[0000002] [16:54:36:531250] [Tid0x0000187c] [debug] used lib version: 1
[0000003] [16:54:36:531250] [Tid0x0000187c] [debug] <--[C1] DL_LoadScatter
[0000004] [16:54:36:531250] [Tid0x0000187c] [debug] -->[C2] DL_AutoLoadRomImages #./api/api.cpp (line:2790)
[0000005] [16:54:38:625000] [Tid0x0000187c] [debug] <--[C2] DL_AutoLoadRomImages
[0000006] [16:54:38:765625] [Tid0x00002738] [debug] -->[C3] DL_GetCount #./api/api.cpp (line:2710)
[0000007] [16:54:38:765625] [Tid0x00002738] [debug] <--[C3] DL_GetCount
[0000008] [16:54:38:812500] [Tid0x00002738] [debug] -->[C4] DL_Rom_GetInfoAll #./api/api.cpp (line:2875)
[0000009] [16:54:38:812500] [Tid0x00002738] [debug] <--[C4] DL_Rom_GetInfoAll
[0000010] [16:54:38:890625] [Tid0x00002738] [debug] -->[C5] DL_GetScatterInfo #./api/api.cpp (line:2811)
[0000011] [16:54:38:890625] [Tid0x00002738] [debug] <--[C5] DL_GetScatterInfo
[0000012] [16:54:38:906250] [Tid0x00002738] [debug] -->[C6] DL_GetCount #./api/api.cpp (line:2710)
[0000013] [16:54:38:906250] [Tid0x00002738] [debug] <--[C6] DL_GetCount
[0000014] [16:54:38:906250] [Tid0x00002738] [debug] -->[C7] DL_Rom_GetInfoAll #./api/api.cpp (line:2875)
[0000015] [16:54:38:906250] [Tid0x00002738] [debug] <--[C7] DL_Rom_GetInfoAll
[0000016] [16:54:38:921875] [Tid0x00002738] [debug] -->[C8] DL_Rom_SetEnableAttr #./api/api.cpp (line:2929)
[0000017] [16:54:38:921875] [Tid0x00002738] [debug] <--[C8] DL_Rom_SetEnableAttr
[0000018] [16:54:38:921875] [Tid0x00002738] [debug] -->[C9] DL_GetCount #./api/api.cpp (line:2710)
[0000019] [16:54:38:921875] [Tid0x00002738] [debug] <--[C9] DL_GetCount
[0000020] [16:54:38:921875] [Tid0x00002738] [debug] -->[C10] DL_Rom_GetInfoAll #./api/api.cpp (line:2875)
[0000021] [16:54:38:921875] [Tid0x00002738] [debug] <--[C10] DL_Rom_GetInfoAll
[0000022] [16:54:38:953125] [Tid0x00002738] [debug] -->[C11] DL_Rom_SetEnableAttr #./api/api.cpp (line:2929)
[0000023] [16:54:38:953125] [Tid0x00002738] [debug] <--[C11] DL_Rom_SetEnableAttr
[0000024] [16:54:38:953125] [Tid0x00002738] [debug] -->[C12] DL_GetCount #./api/api.cpp (line:2710)
[0000025] [16:54:38:953125] [Tid0x00002738] [debug] <--[C12] DL_GetCount
[0000026] [16:54:38:953125] [Tid0x00002738] [debug] -->[C13] DL_Rom_GetInfoAll #./api/api.cpp (line:2875)
[0000027] [16:54:38:953125] [Tid0x00002738] [debug] <--[C13] DL_Rom_GetInfoAll
[0000028] [16:54:38:968750] [Tid0x00002738] [debug] -->[C14] DL_Rom_SetEnableAttr #./api/api.cpp (line:2929)
[0000029] [16:54:38:968750] [Tid0x00002738] [debug] <--[C14] DL_Rom_SetEnableAttr
[0000030] [16:54:38:968750] [Tid0x00002738] [debug] -->[C15] DL_GetCount #./api/api.cpp (line:2710)
[0000031] [16:54:38:968750] [Tid0x00002738] [debug] <--[C15] DL_GetCount
[0000032] [16:54:38:968750] [Tid0x00002738] [debug] -->[C16] DL_Rom_GetInfoAll #./api/api.cpp (line:2875)
[0000033] [16:54:38:968750] [Tid0x00002738] [debug] <--[C16] DL_Rom_GetInfoAll
[0000034] [16:54:38:984375] [Tid0x00002738] [debug] -->[C17] DL_Rom_SetEnableAttr #./api/api.cpp (line:2929)
[0000035] [16:54:38:984375] [Tid0x00002738] [debug] <--[C17] DL_Rom_SetEnableAttr
[0000036] [16:54:38:984375] [Tid0x00002738] [debug] -->[C18] DL_GetCount #./api/api.cpp (line:2710)
[0000037] [16:54:38:984375] [Tid0x00002738] [debug] <--[C18] DL_GetCount
[0000038] [16:54:38:984375] [Tid0x00002738] [debug] -->[C19] DL_Rom_GetInfoAll #./api/api.cpp (line:2875)
[0000039] [16:54:38:984375] [Tid0x00002738] [debug] <--[C19] DL_Rom_GetInfoAll
[0000040] [16:54:39:000000] [Tid0x00002738] [debug] -->[C20] DL_Rom_SetEnableAttr #./api/api.cpp (line:2929)
[0000041] [16:54:39:000000] [Tid0x00002738] [debug] <--[C20] DL_Rom_SetEnableAttr
[0000042] [16:54:39:000000] [Tid0x00002738] [debug] -->[C21] DL_GetCount #./api/api.cpp (line:2710)
[0000043] [16:54:39:000000] [Tid0x00002738] [debug] <--[C21] DL_GetCount
[0000044] [16:54:39:000000] [Tid0x00002738] [debug] -->[C22] DL_Rom_GetInfoAll #./api/api.cpp (line:2875)
[0000045] [16:54:39:000000] [Tid0x00002738] [debug] <--[C22] DL_Rom_GetInfoAll
[0000046] [16:54:39:031250] [Tid0x00002738] [debug] -->[C23] DL_Rom_SetEnableAttr #./api/api.cpp (line:2929)
[0000047] [16:54:39:031250] [Tid0x00002738] [debug] <--[C23] DL_Rom_SetEnableAttr
[0000048] [16:54:39:031250] [Tid0x00002738] [debug] -->[C24] DL_GetCount #./api/api.cpp (line:2710)
[0000049] [16:54:39:031250] [Tid0x00002738] [debug] <--[C24] DL_GetCount
[0000050] [16:54:39:031250] [Tid0x00002738] [debug] -->[C25] DL_Rom_GetInfoAll #./api/api.cpp (line:2875)
[0000051] [16:54:39:031250] [Tid0x00002738] [debug] <--[C25] DL_Rom_GetInfoAll
[0000052] [16:54:39:031250] [Tid0x00002738] [debug] -->[C26] DL_Rom_SetEnableAttr #./api/api.cpp (line:2929)
[0000053] [16:54:39:046875] [Tid0x00002738] [debug] <--[C26] DL_Rom_SetEnableAttr
[0000054] [16:54:39:046875] [Tid0x00002738] [debug] -->[C27] DL_GetCount #./api/api.cpp (line:2710)
[0000055] [16:54:39:046875] [Tid0x00002738] [debug] <--[C27] DL_GetCount
[0000056] [16:54:39:046875] [Tid0x00002738] [debug] -->[C28] DL_Rom_GetInfoAll #./api/api.cpp (line:2875)
[0000057] [16:54:39:046875] [Tid0x00002738] [debug] <--[C28] DL_Rom_GetInfoAll
[0000058] [16:54:39:046875] [Tid0x00002738] [debug] -->[C29] DL_Rom_SetEnableAttr #./api/api.cpp (line:2929)
[0000059] [16:54:39:046875] [Tid0x00002738] [debug] <--[C29] DL_Rom_SetEnableAttr
[0000060] [16:54:39:046875] [Tid0x00002738] [debug] -->[C30] DL_GetCount #./api/api.cpp (line:2710)
[0000061] [16:54:39:046875] [Tid0x00002738] [debug] <--[C30] DL_GetCount
[0000062] [16:54:39:046875] [Tid0x00002738] [debug] -->[C31] DL_Rom_GetInfoAll #./api/api.cpp (line:2875)
[0000063] [16:54:39:046875] [Tid0x00002738] [debug] <--[C31] DL_Rom_GetInfoAll
[0000064] [16:54:39:062500] [Tid0x00002738] [debug] -->[C32] DL_Rom_SetEnableAttr #./api/api.cpp (line:2929)
[0000065] [16:54:39:062500] [Tid0x00002738] [debug] <--[C32] DL_Rom_SetEnableAttr
[0000066] [16:54:39:062500] [Tid0x00002738] [debug] -->[C33] DL_GetCount #./api/api.cpp (line:2710)
[0000067] [16:54:39:062500] [Tid0x00002738] [debug] <--[C33] DL_GetCount
[0000068] [16:54:39:062500] [Tid0x00002738] [debug] -->[C34] DL_Rom_GetInfoAll #./api/api.cpp (line:2875)
[0000069] [16:54:39:062500] [Tid0x00002738] [debug] <--[C34] DL_Rom_GetInfoAll
[0000070] [16:54:39:078125] [Tid0x00002738] [debug] -->[C35] DL_Rom_SetEnableAttr #./api/api.cpp (line:2929)
[0000071] [16:54:39:078125] [Tid0x00002738] [debug] <--[C35] DL_Rom_SetEnableAttr
[0000072] [16:54:39:078125] [Tid0x00002738] [debug] -->[C36] DL_SetChecksumLevel #./api/api.cpp (line:2643)
[0000073] [16:54:39:078125] [Tid0x00002738] [debug] <--[C36] DL_SetChecksumLevel
[0000074] [16:55:20:734375] [Tid0x000022f4] [debug] -->[C37] DL_LoadScatter #./api/api.cpp (line:2601)
[0000075] [16:55:20:765625] [Tid0x000022f4] [debug] used lib version: 1
[0000076] [16:55:20:765625] [Tid0x000022f4] [debug] <--[C37] DL_LoadScatter
[0000077] [16:55:20:765625] [Tid0x000022f4] [debug] -->[C38] DL_AutoLoadRomImages #./api/api.cpp (line:2790)
[0000078] [16:55:21:109375] [Tid0x000022f4] [debug] <--[C38] DL_AutoLoadRomImages
[0000079] [16:55:21:140625] [Tid0x00002738] [debug] -->[C39] DL_GetCount #./api/api.cpp (line:2710)
[0000080] [16:55:21:140625] [Tid0x00002738] [debug] <--[C39] DL_GetCount
[0000081] [16:55:21:140625] [Tid0x00002738] [debug] -->[C40] DL_Rom_GetInfoAll #./api/api.cpp (line:2875)
[0000082] [16:55:21:140625] [Tid0x00002738] [debug] <--[C40] DL_Rom_GetInfoAll
[0000083] [16:55:21:156250] [Tid0x00002738] [debug] -->[C41] DL_GetScatterInfo #./api/api.cpp (line:2811)
[0000084] [16:55:21:156250] [Tid0x00002738] [debug] <--[C41] DL_GetScatterInfo
[0000085] [16:55:21:156250] [Tid0x00002738] [debug] -->[C42] DL_GetCount #./api/api.cpp (line:2710)
[0000086] [16:55:21:156250] [Tid0x00002738] [debug] <--[C42] DL_GetCount
[0000087] [16:55:21:156250] [Tid0x00002738] [debug] -->[C43] DL_Rom_GetInfoAll #./api/api.cpp (line:2875)
[0000088] [16:55:21:156250] [Tid0x00002738] [debug] <--[C43] DL_Rom_GetInfoAll
[0000089] [16:55:21:156250] [Tid0x00002738] [debug] -->[C44] DL_Rom_SetEnableAttr #./api/api.cpp (line:2929)
[0000090] [16:55:21:156250] [Tid0x00002738] [debug] <--[C44] DL_Rom_SetEnableAttr
[0000091] [16:55:21:203125] [Tid0x00002738] [debug] -->[C45] DL_GetCount #./api/api.cpp (line:2710)
[0000092] [16:55:21:203125] [Tid0x00002738] [debug] <--[C45] DL_GetCount
[0000093] [16:55:21:203125] [Tid0x00002738] [debug] -->[C46] DL_Rom_GetInfoAll #./api/api.cpp (line:2875)
[0000094] [16:55:21:203125] [Tid0x00002738] [debug] <--[C46] DL_Rom_GetInfoAll
[0000095] [16:55:21:218750] [Tid0x00002738] [debug] -->[C47] DL_Rom_SetEnableAttr #./api/api.cpp (line:2929)
[0000096] [16:55:21:218750] [Tid0x00002738] [debug] <--[C47] DL_Rom_SetEnableAttr
[0000097] [16:55:21:218750] [Tid0x00002738] [debug] -->[C48] DL_GetCount #./api/api.cpp (line:2710)
[0000098] [16:55:21:218750] [Tid0x00002738] [debug] <--[C48] DL_GetCount
[0000099] [16:55:21:218750] [Tid0x00002738] [debug] -->[C49] DL_Rom_GetInfoAll #./api/api.cpp (line:2875)
[0000100] [16:55:21:218750] [Tid0x00002738] [debug] <--[C49] DL_Rom_GetInfoAll
[0000101] [16:55:21:218750] [Tid0x00002738] [debug] -->[C50] DL_Rom_SetEnableAttr #./api/api.cpp (line:2929)
[0000102] [16:55:21:218750] [Tid0x00002738] [debug] <--[C50] DL_Rom_SetEnableAttr
[0000103] [16:55:21:218750] [Tid0x00002738] [debug] -->[C51] DL_GetCount #./api/api.cpp (line:2710)
[0000104] [16:55:21:218750] [Tid0x00002738] [debug] <--[C51] DL_GetCount
[0000105] [16:55:21:218750] [Tid0x00002738] [debug] -->[C52] DL_Rom_GetInfoAll #./api/api.cpp (line:2875)
[0000106] [16:55:21:218750] [Tid0x00002738] [debug] <--[C52] DL_Rom_GetInfoAll
[0000107] [16:55:21:234375] [Tid0x00002738] [debug] -->[C53] DL_Rom_SetEnableAttr #./api/api.cpp (line:2929)
[0000108] [16:55:21:234375] [Tid0x00002738] [debug] <--[C53] DL_Rom_SetEnableAttr
[0000109] [16:55:21:250000] [Tid0x00002738] [debug] -->[C54] DL_GetCount #./api/api.cpp (line:2710)
[0000110] [16:55:21:250000] [Tid0x00002738] [debug] <--[C54] DL_GetCount
[0000111] [16:55:21:250000] [Tid0x00002738] [debug] -->[C55] DL_Rom_GetInfoAll #./api/api.cpp (line:2875)
[0000112] [16:55:21:250000] [Tid0x00002738] [debug] <--[C55] DL_Rom_GetInfoAll
[0000113] [16:55:21:250000] [Tid0x00002738] [debug] -->[C56] DL_Rom_SetEnableAttr #./api/api.cpp (line:2929)
[0000114] [16:55:21:250000] [Tid0x00002738] [debug] <--[C56] DL_Rom_SetEnableAttr
[0000115] [16:55:21:250000] [Tid0x00002738] [debug] -->[C57] DL_GetCount #./api/api.cpp (line:2710)
[0000116] [16:55:21:250000] [Tid0x00002738] [debug] <--[C57] DL_GetCount
[0000117] [16:55:21:250000] [Tid0x00002738] [debug] -->[C58] DL_Rom_GetInfoAll #./api/api.cpp (line:2875)
[0000118] [16:55:21:250000] [Tid0x00002738] [debug] <--[C58] DL_Rom_GetInfoAll
[0000119] [16:55:21:265625] [Tid0x00002738] [debug] -->[C59] DL_Rom_SetEnableAttr #./api/api.cpp (line:2929)
[0000120] [16:55:21:265625] [Tid0x00002738] [debug] <--[C59] DL_Rom_SetEnableAttr
[0000121] [16:55:21:265625] [Tid0x00002738] [debug] -->[C60] DL_GetCount #./api/api.cpp (line:2710)
[0000122] [16:55:21:265625] [Tid0x00002738] [debug] <--[C60] DL_GetCount
[0000123] [16:55:21:265625] [Tid0x00002738] [debug] -->[C61] DL_Rom_GetInfoAll #./api/api.cpp (line:2875)
[0000124] [16:55:21:281250] [Tid0x00002738] [debug] <--[C61] DL_Rom_GetInfoAll
[0000125] [16:55:21:281250] [Tid0x00002738] [debug] -->[C62] DL_Rom_SetEnableAttr #./api/api.cpp (line:2929)
[0000126] [16:55:21:281250] [Tid0x00002738] [debug] <--[C62] DL_Rom_SetEnableAttr
[0000127] [16:55:21:281250] [Tid0x00002738] [debug] -->[C63] DL_GetCount #./api/api.cpp (line:2710)
[0000128] [16:55:21:281250] [Tid0x00002738] [debug] <--[C63] DL_GetCount
[0000129] [16:55:21:281250] [Tid0x00002738] [debug] -->[C64] DL_Rom_GetInfoAll #./api/api.cpp (line:2875)
[0000130] [16:55:21:281250] [Tid0x00002738] [debug] <--[C64] DL_Rom_GetInfoAll
[0000131] [16:55:21:296875] [Tid0x00002738] [debug] -->[C65] DL_Rom_SetEnableAttr #./api/api.cpp (line:2929)
[0000132] [16:55:21:296875] [Tid0x00002738] [debug] <--[C65] DL_Rom_SetEnableAttr
[0000133] [16:55:21:296875] [Tid0x00002738] [debug] -->[C66] DL_GetCount #./api/api.cpp (line:2710)
[0000134] [16:55:21:296875] [Tid0x00002738] [debug] <--[C66] DL_GetCount
[0000135] [16:55:21:312500] [Tid0x00002738] [debug] -->[C67] DL_Rom_GetInfoAll #./api/api.cpp (line:2875)
[0000136] [16:55:21:312500] [Tid0x00002738] [debug] <--[C67] DL_Rom_GetInfoAll
[0000137] [16:55:21:312500] [Tid0x00002738] [debug] -->[C68] DL_Rom_SetEnableAttr #./api/api.cpp (line:2929)
[0000138] [16:55:21:312500] [Tid0x00002738] [debug] <--[C68] DL_Rom_SetEnableAttr
[0000139] [16:55:21:312500] [Tid0x00002738] [debug] -->[C69] DL_GetCount #./api/api.cpp (line:2710)
[0000140] [16:55:21:312500] [Tid0x00002738] [debug] <--[C69] DL_GetCount
[0000141] [16:55:21:312500] [Tid0x00002738] [debug] -->[C70] DL_Rom_GetInfoAll #./api/api.cpp (line:2875)
[0000142] [16:55:21:312500] [Tid0x00002738] [debug] <--[C70] DL_Rom_GetInfoAll
[0000143] [16:55:21:328125] [Tid0x00002738] [debug] -->[C71] DL_Rom_SetEnableAttr #./api/api.cpp (line:2929)
[0000144] [16:55:21:328125] [Tid0x00002738] [debug] <--[C71] DL_Rom_SetEnableAttr
[0000145] [16:55:21:328125] [Tid0x00002738] [debug] -->[C72] DL_GetCount #./api/api.cpp (line:2710)
[0000146] [16:55:21:328125] [Tid0x00002738] [debug] <--[C72] DL_GetCount
[0000147] [16:55:21:328125] [Tid0x00002738] [debug] -->[C73] DL_Rom_GetInfoAll #./api/api.cpp (line:2875)
[0000148] [16:55:21:328125] [Tid0x00002738] [debug] <--[C73] DL_Rom_GetInfoAll
[0000149] [16:55:21:343750] [Tid0x00002738] [debug] -->[C74] DL_Rom_SetEnableAttr #./api/api.cpp (line:2929)
[0000150] [16:55:21:343750] [Tid0x00002738] [debug] <--[C74] DL_Rom_SetEnableAttr
[0000151] [16:55:21:343750] [Tid0x00002738] [debug] -->[C75] DL_GetCount #./api/api.cpp (line:2710)
[0000152] [16:55:21:343750] [Tid0x00002738] [debug] <--[C75] DL_GetCount
[0000153] [16:55:21:343750] [Tid0x00002738] [debug] -->[C76] DL_Rom_GetInfoAll #./api/api.cpp (line:2875)
[0000154] [16:55:21:343750] [Tid0x00002738] [debug] <--[C76] DL_Rom_GetInfoAll
[0000155] [16:55:21:343750] [Tid0x00002738] [debug] -->[C77] DL_Rom_SetEnableAttr #./api/api.cpp (line:2929)
[0000156] [16:55:21:343750] [Tid0x00002738] [debug] <--[C77] DL_Rom_SetEnableAttr
[0000157] [16:55:21:343750] [Tid0x00002738] [debug] -->[C78] DL_GetCount #./api/api.cpp (line:2710)
[0000158] [16:55:21:343750] [Tid0x00002738] [debug] <--[C78] DL_GetCount
[0000159] [16:55:21:343750] [Tid0x00002738] [debug] -->[C79] DL_Rom_GetInfoAll #./api/api.cpp (line:2875)
[0000160] [16:55:21:343750] [Tid0x00002738] [debug] <--[C79] DL_Rom_GetInfoAll
[0000161] [16:55:21:359375] [Tid0x00002738] [debug] -->[C80] DL_Rom_SetEnableAttr #./api/api.cpp (line:2929)
[0000162] [16:55:21:359375] [Tid0x00002738] [debug] <--[C80] DL_Rom_SetEnableAttr
[0000163] [16:55:21:375000] [Tid0x00002738] [debug] -->[C81] DL_GetCount #./api/api.cpp (line:2710)
[0000164] [16:55:21:375000] [Tid0x00002738] [debug] <--[C81] DL_GetCount
[0000165] [16:55:21:375000] [Tid0x00002738] [debug] -->[C82] DL_Rom_GetInfoAll #./api/api.cpp (line:2875)
[0000166] [16:55:21:375000] [Tid0x00002738] [debug] <--[C82] DL_Rom_GetInfoAll
[0000167] [16:55:21:375000] [Tid0x00002738] [debug] -->[C83] DL_Rom_SetEnableAttr #./api/api.cpp (line:2929)
[0000168] [16:55:21:375000] [Tid0x00002738] [debug] <--[C83] DL_Rom_SetEnableAttr
[0000169] [16:55:21:375000] [Tid0x00002738] [debug] -->[C84] DL_GetCount #./api/api.cpp (line:2710)
[0000170] [16:55:21:375000] [Tid0x00002738] [debug] <--[C84] DL_GetCount
[0000171] [16:55:21:375000] [Tid0x00002738] [debug] -->[C85] DL_Rom_GetInfoAll #./api/api.cpp (line:2875)
[0000172] [16:55:21:375000] [Tid0x00002738] [debug] <--[C85] DL_Rom_GetInfoAll
[0000173] [16:55:21:390625] [Tid0x00002738] [debug] -->[C86] DL_Rom_SetEnableAttr #./api/api.cpp (line:2929)
[0000174] [16:55:21:390625] [Tid0x00002738] [debug] <--[C86] DL_Rom_SetEnableAttr
[0000175] [16:55:21:390625] [Tid0x00002738] [debug] -->[C87] DL_GetCount #./api/api.cpp (line:2710)
[0000176] [16:55:21:390625] [Tid0x00002738] [debug] <--[C87] DL_GetCount
[0000177] [16:55:21:390625] [Tid0x00002738] [debug] -->[C88] DL_Rom_GetInfoAll #./api/api.cpp (line:2875)
[0000178] [16:55:21:390625] [Tid0x00002738] [debug] <--[C88] DL_Rom_GetInfoAll
[0000179] [16:55:21:406250] [Tid0x00002738] [debug] -->[C89] DL_Rom_SetEnableAttr #./api/api.cpp (line:2929)
[0000180] [16:55:21:406250] [Tid0x00002738] [debug] <--[C89] DL_Rom_SetEnableAttr
[0000181] [16:55:21:421875] [Tid0x00002738] [debug] -->[C90] DL_GetCount #./api/api.cpp (line:2710)
[0000182] [16:55:21:421875] [Tid0x00002738] [debug] <--[C90] DL_GetCount
[0000183] [16:55:21:421875] [Tid0x00002738] [debug] -->[C91] DL_Rom_GetInfoAll #./api/api.cpp (line:2875)
[0000184] [16:55:21:421875] [Tid0x00002738] [debug] <--[C91] DL_Rom_GetInfoAll
[0000185] [16:55:21:437500] [Tid0x00002738] [debug] -->[C92] DL_Rom_SetEnableAttr #./api/api.cpp (line:2929)
[0000186] [16:55:21:437500] [Tid0x00002738] [debug] <--[C92] DL_Rom_SetEnableAttr
[0000187] [16:55:21:437500] [Tid0x00002738] [debug] -->[C93] DL_SetChecksumLevel #./api/api.cpp (line:2643)
[0000188] [16:55:21:437500] [Tid0x00002738] [debug] <--[C93] DL_SetChecksumLevel
[0000189] [16:55:25:062500] [Tid0x00002738] [debug] -->[C94] DL_GetCount #./api/api.cpp (line:2710)
[0000190] [16:55:25:062500] [Tid0x00002738] [debug] <--[C94] DL_GetCount
[0000191] [16:55:25:062500] [Tid0x00002738] [debug] -->[C95] DL_Rom_GetInfoAll #./api/api.cpp (line:2875)
[0000192] [16:55:25:062500] [Tid0x00002738] [debug] <--[C95] DL_Rom_GetInfoAll
[0000193] [16:55:25:078125] [Tid0x00002738] [debug] -->[C96] DL_Rom_SetEnableAttr #./api/api.cpp (line:2929)
[0000194] [16:55:25:078125] [Tid0x00002738] [debug] <--[C96] DL_Rom_SetEnableAttr
[0000195] [16:55:25:078125] [Tid0x00002738] [debug] -->[C97] DL_GetCount #./api/api.cpp (line:2710)
[0000196] [16:55:25:078125] [Tid0x00002738] [debug] <--[C97] DL_GetCount
[0000197] [16:55:25:078125] [Tid0x00002738] [debug] -->[C98] DL_Rom_GetInfoAll #./api/api.cpp (line:2875)
[0000198] [16:55:25:078125] [Tid0x00002738] [debug] <--[C98] DL_Rom_GetInfoAll
[0000199] [16:55:25:078125] [Tid0x00002738] [debug] -->[C99] DL_Rom_SetEnableAttr #./api/api.cpp (line:2929)
[0000200] [16:55:25:078125] [Tid0x00002738] [debug] <--[C99] DL_Rom_SetEnableAttr
[0000201] [16:55:25:093750] [Tid0x00002738] [debug] -->[C100] DL_GetCount #./api/api.cpp (line:2710)
[0000202] [16:55:25:093750] [Tid0x00002738] [debug] <--[C100] DL_GetCount
[0000203] [16:55:25:093750] [Tid0x00002738] [debug] -->[C101] DL_Rom_GetInfoAll #./api/api.cpp (line:2875)
[0000204] [16:55:25:093750] [Tid0x00002738] [debug] <--[C101] DL_Rom_GetInfoAll
[0000205] [16:55:25:093750] [Tid0x00002738] [debug] -->[C102] DL_Rom_SetEnableAttr #./api/api.cpp (line:2929)
[0000206] [16:55:25:093750] [Tid0x00002738] [debug] <--[C102] DL_Rom_SetEnableAttr
[0000207] [16:55:25:093750] [Tid0x00002738] [debug] -->[C103] DL_GetCount #./api/api.cpp (line:2710)
[0000208] [16:55:25:093750] [Tid0x00002738] [debug] <--[C103] DL_GetCount
[0000209] [16:55:25:093750] [Tid0x00002738] [debug] -->[C104] DL_Rom_GetInfoAll #./api/api.cpp (line:2875)
[0000210] [16:55:25:093750] [Tid0x00002738] [debug] <--[C104] DL_Rom_GetInfoAll
[0000211] [16:55:25:093750] [Tid0x00002738] [debug] -->[C105] DL_Rom_SetEnableAttr #./api/api.cpp (line:2929)
[0000212] [16:55:25:093750] [Tid0x00002738] [debug] <--[C105] DL_Rom_SetEnableAttr
[0000213] [16:55:25:093750] [Tid0x00002738] [debug] -->[C106] DL_GetCount #./api/api.cpp (line:2710)
[0000214] [16:55:25:093750] [Tid0x00002738] [debug] <--[C106] DL_GetCount
[0000215] [16:55:25:093750] [Tid0x00002738] [debug] -->[C107] DL_Rom_GetInfoAll #./api/api.cpp (line:2875)
[0000216] [16:55:25:093750] [Tid0x00002738] [debug] <--[C107] DL_Rom_GetInfoAll
[0000217] [16:55:25:109375] [Tid0x00002738] [debug] -->[C108] DL_Rom_SetEnableAttr #./api/api.cpp (line:2929)
[0000218] [16:55:25:109375] [Tid0x00002738] [debug] <--[C108] DL_Rom_SetEnableAttr
[0000219] [16:55:25:109375] [Tid0x00002738] [debug] -->[C109] DL_GetCount #./api/api.cpp (line:2710)
[0000220] [16:55:25:109375] [Tid0x00002738] [debug] <--[C109] DL_GetCount
[0000221] [16:55:25:109375] [Tid0x00002738] [debug] -->[C110] DL_Rom_GetInfoAll #./api/api.cpp (line:2875)
[0000222] [16:55:25:109375] [Tid0x00002738] [debug] <--[C110] DL_Rom_GetInfoAll
[0000223] [16:55:25:109375] [Tid0x00002738] [debug] -->[C111] DL_Rom_SetEnableAttr #./api/api.cpp (line:2929)
[0000224] [16:55:25:109375] [Tid0x00002738] [debug] <--[C111] DL_Rom_SetEnableAttr
[0000225] [16:55:25:109375] [Tid0x00002738] [debug] -->[C112] DL_GetCount #./api/api.cpp (line:2710)
[0000226] [16:55:25:109375] [Tid0x00002738] [debug] <--[C112] DL_GetCount
[0000227] [16:55:25:109375] [Tid0x00002738] [debug] -->[C113] DL_Rom_GetInfoAll #./api/api.cpp (line:2875)
[0000228] [16:55:25:109375] [Tid0x00002738] [debug] <--[C113] DL_Rom_GetInfoAll
[0000229] [16:55:25:109375] [Tid0x00002738] [debug] -->[C114] DL_Rom_SetEnableAttr #./api/api.cpp (line:2929)
[0000230] [16:55:25:109375] [Tid0x00002738] [debug] <--[C114] DL_Rom_SetEnableAttr
[0000231] [16:55:25:109375] [Tid0x00002738] [debug] -->[C115] DL_GetCount #./api/api.cpp (line:2710)
[0000232] [16:55:25:109375] [Tid0x00002738] [debug] <--[C115] DL_GetCount
[0000233] [16:55:25:109375] [Tid0x00002738] [debug] -->[C116] DL_Rom_GetInfoAll #./api/api.cpp (line:2875)
[0000234] [16:55:25:109375] [Tid0x00002738] [debug] <--[C116] DL_Rom_GetInfoAll
[0000235] [16:55:25:125000] [Tid0x00002738] [debug] -->[C117] DL_Rom_SetEnableAttr #./api/api.cpp (line:2929)
[0000236] [16:55:25:125000] [Tid0x00002738] [debug] <--[C117] DL_Rom_SetEnableAttr
[0000237] [16:55:25:125000] [Tid0x00002738] [debug] -->[C118] DL_GetCount #./api/api.cpp (line:2710)
[0000238] [16:55:25:125000] [Tid0x00002738] [debug] <--[C118] DL_GetCount
[0000239] [16:55:25:125000] [Tid0x00002738] [debug] -->[C119] DL_Rom_GetInfoAll #./api/api.cpp (line:2875)
[0000240] [16:55:25:125000] [Tid0x00002738] [debug] <--[C119] DL_Rom_GetInfoAll
[0000241] [16:55:25:125000] [Tid0x00002738] [debug] -->[C120] DL_Rom_SetEnableAttr #./api/api.cpp (line:2929)
[0000242] [16:55:25:125000] [Tid0x00002738] [debug] <--[C120] DL_Rom_SetEnableAttr
[0000243] [16:55:25:125000] [Tid0x00002738] [debug] -->[C121] DL_GetCount #./api/api.cpp (line:2710)
[0000244] [16:55:25:125000] [Tid0x00002738] [debug] <--[C121] DL_GetCount
[0000245] [16:55:25:125000] [Tid0x00002738] [debug] -->[C122] DL_Rom_GetInfoAll #./api/api.cpp (line:2875)
[0000246] [16:55:25:125000] [Tid0x00002738] [debug] <--[C122] DL_Rom_GetInfoAll
[0000247] [16:55:25:125000] [Tid0x00002738] [debug] -->[C123] DL_Rom_SetEnableAttr #./api/api.cpp (line:2929)
[0000248] [16:55:25:125000] [Tid0x00002738] [debug] <--[C123] DL_Rom_SetEnableAttr
[0000249] [16:55:25:125000] [Tid0x00002738] [debug] -->[C124] DL_GetCount #./api/api.cpp (line:2710)
[0000250] [16:55:25:125000] [Tid0x00002738] [debug] <--[C124] DL_GetCount
[0000251] [16:55:25:125000] [Tid0x00002738] [debug] -->[C125] DL_Rom_GetInfoAll #./api/api.cpp (line:2875)
[0000252] [16:55:25:125000] [Tid0x00002738] [debug] <--[C125] DL_Rom_GetInfoAll
[0000253] [16:55:25:125000] [Tid0x00002738] [debug] -->[C126] DL_Rom_SetEnableAttr #./api/api.cpp (line:2929)
[0000254] [16:55:25:125000] [Tid0x00002738] [debug] <--[C126] DL_Rom_SetEnableAttr
[0000255] [16:55:25:125000] [Tid0x00002738] [debug] -->[C127] DL_GetCount #./api/api.cpp (line:2710)
[0000256] [16:55:25:125000] [Tid0x00002738] [debug] <--[C127] DL_GetCount
[0000257] [16:55:25:125000] [Tid0x00002738] [debug] -->[C128] DL_Rom_GetInfoAll #./api/api.cpp (line:2875)
[0000258] [16:55:25:125000] [Tid0x00002738] [debug] <--[C128] DL_Rom_GetInfoAll
[0000259] [16:55:25:125000] [Tid0x00002738] [debug] -->[C129] DL_Rom_SetEnableAttr #./api/api.cpp (line:2929)
[0000260] [16:55:25:125000] [Tid0x00002738] [debug] <--[C129] DL_Rom_SetEnableAttr
[0000261] [16:55:25:125000] [Tid0x00002738] [debug] -->[C130] DL_GetCount #./api/api.cpp (line:2710)
[0000262] [16:55:25:125000] [Tid0x00002738] [debug] <--[C130] DL_GetCount
[0000263] [16:55:25:125000] [Tid0x00002738] [debug] -->[C131] DL_Rom_GetInfoAll #./api/api.cpp (line:2875)
[0000264] [16:55:25:125000] [Tid0x00002738] [debug] <--[C131] DL_Rom_GetInfoAll
[0000265] [16:55:25:125000] [Tid0x00002738] [debug] -->[C132] DL_Rom_SetEnableAttr #./api/api.cpp (line:2929)
[0000266] [16:55:25:125000] [Tid0x00002738] [debug] <--[C132] DL_Rom_SetEnableAttr
[0000267] [16:55:25:140625] [Tid0x00002738] [debug] -->[C133] DL_GetCount #./api/api.cpp (line:2710)
[0000268] [16:55:25:140625] [Tid0x00002738] [debug] <--[C133] DL_GetCount
[0000269] [16:55:25:140625] [Tid0x00002738] [debug] -->[C134] DL_Rom_GetInfoAll #./api/api.cpp (line:2875)
[0000270] [16:55:25:140625] [Tid0x00002738] [debug] <--[C134] DL_Rom_GetInfoAll
[0000271] [16:55:25:140625] [Tid0x00002738] [debug] -->[C135] DL_Rom_SetEnableAttr #./api/api.cpp (line:2929)
[0000272] [16:55:25:140625] [Tid0x00002738] [debug] <--[C135] DL_Rom_SetEnableAttr
[0000273] [16:55:25:140625] [Tid0x00002738] [debug] -->[C136] DL_GetCount #./api/api.cpp (line:2710)
[0000274] [16:55:25:140625] [Tid0x00002738] [debug] <--[C136] DL_GetCount
[0000275] [16:55:25:140625] [Tid0x00002738] [debug] -->[C137] DL_Rom_GetInfoAll #./api/api.cpp (line:2875)
[0000276] [16:55:25:140625] [Tid0x00002738] [debug] <--[C137] DL_Rom_GetInfoAll
[0000277] [16:55:25:140625] [Tid0x00002738] [debug] -->[C138] DL_Rom_SetEnableAttr #./api/api.cpp (line:2929)
[0000278] [16:55:25:140625] [Tid0x00002738] [debug] <--[C138] DL_Rom_SetEnableAttr
[0000279] [16:55:25:140625] [Tid0x00002738] [debug] -->[C139] DL_GetCount #./api/api.cpp (line:2710)
[0000280] [16:55:25:140625] [Tid0x00002738] [debug] <--[C139] DL_GetCount
[0000281] [16:55:25:140625] [Tid0x00002738] [debug] -->[C140] DL_Rom_GetInfoAll #./api/api.cpp (line:2875)
[0000282] [16:55:25:140625] [Tid0x00002738] [debug] <--[C140] DL_Rom_GetInfoAll
[0000283] [16:55:25:140625] [Tid0x00002738] [debug] -->[C141] DL_Rom_SetEnableAttr #./api/api.cpp (line:2929)
[0000284] [16:55:25:140625] [Tid0x00002738] [debug] <--[C141] DL_Rom_SetEnableAttr
[0000285] [16:55:25:140625] [Tid0x00002738] [debug] -->[C142] DL_GetCount #./api/api.cpp (line:2710)
[0000286] [16:55:25:140625] [Tid0x00002738] [debug] <--[C142] DL_GetCount
[0000287] [16:55:25:140625] [Tid0x00002738] [debug] -->[C143] DL_Rom_GetInfoAll #./api/api.cpp (line:2875)
[0000288] [16:55:25:140625] [Tid0x00002738] [debug] <--[C143] DL_Rom_GetInfoAll
[0000289] [16:55:25:156250] [Tid0x00002738] [debug] -->[C144] DL_Rom_SetEnableAttr #./api/api.cpp (line:2929)
[0000290] [16:55:25:156250] [Tid0x00002738] [debug] <--[C144] DL_Rom_SetEnableAttr
[0000291] [16:55:25:156250] [Tid0x00002738] [debug] -->[C145] DL_GetCount #./api/api.cpp (line:2710)
[0000292] [16:55:25:156250] [Tid0x00002738] [debug] <--[C145] DL_GetCount
[0000293] [16:55:25:156250] [Tid0x00002738] [debug] -->[C146] DL_Rom_GetInfoAll #./api/api.cpp (line:2875)
[0000294] [16:55:25:156250] [Tid0x00002738] [debug] <--[C146] DL_Rom_GetInfoAll
[0000295] [16:55:25:156250] [Tid0x00002738] [debug] -->[C147] DL_Rom_SetEnableAttr #./api/api.cpp (line:2929)
[0000296] [16:55:25:156250] [Tid0x00002738] [debug] <--[C147] DL_Rom_SetEnableAttr
[0000297] [16:55:25:156250] [Tid0x00002738] [debug] -->[C148] DL_GetCount #./api/api.cpp (line:2710)
[0000298] [16:55:25:156250] [Tid0x00002738] [debug] <--[C148] DL_GetCount
[0000299] [16:55:25:156250] [Tid0x00002738] [debug] -->[C149] DL_Rom_GetInfoAll #./api/api.cpp (line:2875)
[0000300] [16:55:25:156250] [Tid0x00002738] [debug] <--[C149] DL_Rom_GetInfoAll
[0000301] [16:55:25:171875] [Tid0x00002738] [debug] -->[C150] DL_Rom_SetEnableAttr #./api/api.cpp (line:2929)
[0000302] [16:55:25:171875] [Tid0x00002738] [debug] <--[C150] DL_Rom_SetEnableAttr
[0000303] [16:55:25:171875] [Tid0x00002738] [debug] -->[C151] DL_GetCount #./api/api.cpp (line:2710)
[0000304] [16:55:25:171875] [Tid0x00002738] [debug] <--[C151] DL_GetCount
[0000305] [16:55:25:171875] [Tid0x00002738] [debug] -->[C152] DL_Rom_GetInfoAll #./api/api.cpp (line:2875)
[0000306] [16:55:25:171875] [Tid0x00002738] [debug] <--[C152] DL_Rom_GetInfoAll
[0000307] [16:55:25:171875] [Tid0x00002738] [debug] -->[C153] DL_Rom_SetEnableAttr #./api/api.cpp (line:2929)
[0000308] [16:55:25:171875] [Tid0x00002738] [debug] <--[C153] DL_Rom_SetEnableAttr
[0000309] [16:56:08:562500] [Tid0x00002738] [debug] -->[C154] DL_GetCount #./api/api.cpp (line:2710)
[0000310] [16:56:08:562500] [Tid0x00002738] [debug] <--[C154] DL_GetCount
[0000311] [16:56:08:562500] [Tid0x00002738] [debug] -->[C155] DL_Rom_GetInfoAll #./api/api.cpp (line:2875)
[0000312] [16:56:08:562500] [Tid0x00002738] [debug] <--[C155] DL_Rom_GetInfoAll
[0000313] [16:56:08:578125] [Tid0x00002738] [debug] -->[C156] DL_GetCount #./api/api.cpp (line:2710)
[0000314] [16:56:08:578125] [Tid0x00002738] [debug] <--[C156] DL_GetCount
[0000315] [16:56:08:578125] [Tid0x00002738] [debug] -->[C157] DL_Rom_GetInfoAll #./api/api.cpp (line:2875)
[0000316] [16:56:08:578125] [Tid0x00002738] [debug] <--[C157] DL_Rom_GetInfoAll
[0000317] [16:57:46:078125] [Tid0x00001af0] [debug] -->[C158] FlashTool_Connect_BROM_ByName #./api/api.cpp (line:2102)
[0000318] [16:57:46:078125] [Tid0x00001af0] [debug] -->[C159] FlashTool_Connect_BROM_Ex #./api/api.cpp (line:1862)
[0000319] [16:57:46:078125] [Tid0x00001af0] [debug] bCheckScatter: 1
[0000320] [16:57:46:078125] [Tid0x00001af0] [debug] have load scatter already
[0000321] [16:57:46:078125] [Tid0x00001af0] [debug] libversion 1
[0000322] [16:57:46:609375] [Tid0x00001af0] [debug] <--[C159] FlashTool_Connect_BROM_Ex
[0000323] [16:57:46:609375] [Tid0x00001af0] [debug] <--[C158] FlashTool_Connect_BROM_ByName
[0000324] [16:57:46:625000] [Tid0x00001af0] [debug] -->[C160] FlashTool_Disconnect_BROM #./api/api.cpp (line:1037)
[0000325] [16:57:46:625000] [Tid0x00001af0] [debug] <--[C160] FlashTool_Disconnect_BROM
[0000326] [16:57:46:625000] [Tid0x00001af0] [debug] -->[C161] FlashTool_GetLastErrorMessage #./api/api.cpp (line:3992)
[0000327] [16:57:46:625000] [Tid0x00001af0] [debug] <--[C161] FlashTool_GetLastErrorMessage
[0000328] [16:57:46:625000] [Tid0x00001af0] [debug] -->[C162] FlashTool_GetLastErrorMessage #./api/api.cpp (line:3992)
[0000329] [16:57:46:625000] [Tid0x00001af0] [debug] <--[C162] FlashTool_GetLastErrorMessage
[0000330] [16:58:15:171875] [Tid0x00002738] [debug] -->[C163] DL_GetCount #./api/api.cpp (line:2710)
[0000331] [16:58:15:171875] [Tid0x00002738] [debug] <--[C163] DL_GetCount
[0000332] [16:58:15:171875] [Tid0x00002738] [debug] -->[C164] DL_Rom_GetInfoAll #./api/api.cpp (line:2875)
[0000333] [16:58:15:171875] [Tid0x00002738] [debug] <--[C164] DL_Rom_GetInfoAll
[0000334] [16:58:15:187500] [Tid0x00002738] [debug] -->[C165] DL_GetCount #./api/api.cpp (line:2710)
[0000335] [16:58:15:187500] [Tid0x00002738] [debug] <--[C165] DL_GetCount
[0000336] [16:58:15:187500] [Tid0x00002738] [debug] -->[C166] DL_Rom_GetInfoAll #./api/api.cpp (line:2875)
[0000337] [16:58:15:187500] [Tid0x00002738] [debug] <--[C166] DL_Rom_GetInfoAll
[0000338] [16:58:21:140625] [Tid0x00001454] [debug] -->[C167] FlashTool_Connect_BROM_ByName #./api/api.cpp (line:2102)
[0000339] [16:58:21:140625] [Tid0x00001454] [debug] -->[C168] FlashTool_Connect_BROM_Ex #./api/api.cpp (line:1862)
[0000340] [16:58:21:140625] [Tid0x00001454] [debug] bCheckScatter: 1
[0000341] [16:58:21:140625] [Tid0x00001454] [debug] have load scatter already
[0000342] [16:58:21:140625] [Tid0x00001454] [debug] libversion 1
[0000343] [16:58:21:265625] [Tid0x00001454] [debug] <--[C168] FlashTool_Connect_BROM_Ex
[0000344] [16:58:21:265625] [Tid0x00001454] [debug] <--[C167] FlashTool_Connect_BROM_ByName
[0000345] [16:58:21:265625] [Tid0x00001454] [debug] -->[C169] FlashTool_GetBootResult #./api/api.cpp (line:2114)
[0000346] [16:58:21:265625] [Tid0x00001454] [debug] <--[C169] FlashTool_GetBootResult
[0000347] [16:58:21:265625] [Tid0x00001454] [debug] -->[C170] FlashTool_Connect_Download_DA #./api/api.cpp (line:2134)
[0000348] [16:58:21:265625] [Tid0x00001454] [debug] bCheckScatter: 1
[0000349] [16:58:24:250000] [Tid0x00001454] [debug] <--[C170] FlashTool_Connect_Download_DA
[0000350] [16:58:24:250000] [Tid0x00001454] [debug] -->[C171] FlashTool_CheckUSBStatus #./api/api.cpp (line:1140)
[0000351] [16:58:24:250000] [Tid0x00001454] [debug] <--[C171] FlashTool_CheckUSBStatus
[0000352] [16:58:24:250000] [Tid0x00001454] [debug] -->[C172] FlashTool_SetupUSBDL #./api/api.cpp (line:1101)
[0000353] [16:58:24:250000] [Tid0x00001454] [debug] <--[C172] FlashTool_SetupUSBDL
[0000354] [16:58:26:375000] [Tid0x00001454] [debug] -->[C173] FlashTool_ChangeCOM_Ex #./api/api.cpp (line:1079)
