[0000001] [15:40:57:484375] [Tid0x00001df0] [debug] -->[C1] DL_LoadScatter #./api/api.cpp (line:2601)
[0000002] [15:40:57:515625] [Tid0x00001df0] [debug] used lib version: 1
[0000003] [15:40:57:515625] [Tid0x00001df0] [debug] <--[C1] DL_LoadScatter
[0000004] [15:40:57:515625] [Tid0x00001df0] [debug] -->[C2] DL_AutoLoadRomImages #./api/api.cpp (line:2790)
[0000005] [15:40:58:156250] [Tid0x00001df0] [debug] <--[C2] DL_AutoLoadRomImages
[0000006] [15:40:58:156250] [Tid0x00001e0c] [debug] -->[C3] DL_GetCount #./api/api.cpp (line:2710)
[0000007] [15:40:58:156250] [Tid0x00001e0c] [debug] <--[C3] DL_GetCount
[0000008] [15:40:58:156250] [Tid0x00001e0c] [debug] -->[C4] DL_Rom_GetInfoAll #./api/api.cpp (line:2875)
[0000009] [15:40:58:156250] [Tid0x00001e0c] [debug] <--[C4] DL_Rom_GetInfoAll
[0000010] [15:40:58:187500] [Tid0x00001e0c] [debug] -->[C5] DL_GetScatterInfo #./api/api.cpp (line:2811)
[0000011] [15:40:58:187500] [Tid0x00001e0c] [debug] <--[C5] DL_GetScatterInfo
[0000012] [15:40:58:187500] [Tid0x00001e0c] [debug] -->[C6] DL_GetCount #./api/api.cpp (line:2710)
[0000013] [15:40:58:187500] [Tid0x00001e0c] [debug] <--[C6] DL_GetCount
[0000014] [15:40:58:187500] [Tid0x00001e0c] [debug] -->[C7] DL_Rom_GetInfoAll #./api/api.cpp (line:2875)
[0000015] [15:40:58:187500] [Tid0x00001e0c] [debug] <--[C7] DL_Rom_GetInfoAll
[0000016] [15:40:58:203125] [Tid0x00001e0c] [debug] -->[C8] DL_Rom_SetEnableAttr #./api/api.cpp (line:2929)
[0000017] [15:40:58:203125] [Tid0x00001e0c] [debug] <--[C8] DL_Rom_SetEnableAttr
[0000018] [15:40:58:203125] [Tid0x00001e0c] [debug] -->[C9] DL_GetCount #./api/api.cpp (line:2710)
[0000019] [15:40:58:203125] [Tid0x00001e0c] [debug] <--[C9] DL_GetCount
[0000020] [15:40:58:203125] [Tid0x00001e0c] [debug] -->[C10] DL_Rom_GetInfoAll #./api/api.cpp (line:2875)
[0000021] [15:40:58:203125] [Tid0x00001e0c] [debug] <--[C10] DL_Rom_GetInfoAll
[0000022] [15:40:58:203125] [Tid0x00001e0c] [debug] -->[C11] DL_Rom_SetEnableAttr #./api/api.cpp (line:2929)
[0000023] [15:40:58:203125] [Tid0x00001e0c] [debug] <--[C11] DL_Rom_SetEnableAttr
[0000024] [15:40:58:203125] [Tid0x00001e0c] [debug] -->[C12] DL_GetCount #./api/api.cpp (line:2710)
[0000025] [15:40:58:203125] [Tid0x00001e0c] [debug] <--[C12] DL_GetCount
[0000026] [15:40:58:203125] [Tid0x00001e0c] [debug] -->[C13] DL_Rom_GetInfoAll #./api/api.cpp (line:2875)
[0000027] [15:40:58:203125] [Tid0x00001e0c] [debug] <--[C13] DL_Rom_GetInfoAll
[0000028] [15:40:58:218750] [Tid0x00001e0c] [debug] -->[C14] DL_Rom_SetEnableAttr #./api/api.cpp (line:2929)
[0000029] [15:40:58:218750] [Tid0x00001e0c] [debug] <--[C14] DL_Rom_SetEnableAttr
[0000030] [15:40:58:218750] [Tid0x00001e0c] [debug] -->[C15] DL_GetCount #./api/api.cpp (line:2710)
[0000031] [15:40:58:218750] [Tid0x00001e0c] [debug] <--[C15] DL_GetCount
[0000032] [15:40:58:218750] [Tid0x00001e0c] [debug] -->[C16] DL_Rom_GetInfoAll #./api/api.cpp (line:2875)
[0000033] [15:40:58:218750] [Tid0x00001e0c] [debug] <--[C16] DL_Rom_GetInfoAll
[0000034] [15:40:58:218750] [Tid0x00001e0c] [debug] -->[C17] DL_Rom_SetEnableAttr #./api/api.cpp (line:2929)
[0000035] [15:40:58:218750] [Tid0x00001e0c] [debug] <--[C17] DL_Rom_SetEnableAttr
[0000036] [15:40:58:218750] [Tid0x00001e0c] [debug] -->[C18] DL_GetCount #./api/api.cpp (line:2710)
[0000037] [15:40:58:218750] [Tid0x00001e0c] [debug] <--[C18] DL_GetCount
[0000038] [15:40:58:218750] [Tid0x00001e0c] [debug] -->[C19] DL_Rom_GetInfoAll #./api/api.cpp (line:2875)
[0000039] [15:40:58:218750] [Tid0x00001e0c] [debug] <--[C19] DL_Rom_GetInfoAll
[0000040] [15:40:58:234375] [Tid0x00001e0c] [debug] -->[C20] DL_Rom_SetEnableAttr #./api/api.cpp (line:2929)
[0000041] [15:40:58:234375] [Tid0x00001e0c] [debug] <--[C20] DL_Rom_SetEnableAttr
[0000042] [15:40:58:234375] [Tid0x00001e0c] [debug] -->[C21] DL_GetCount #./api/api.cpp (line:2710)
[0000043] [15:40:58:234375] [Tid0x00001e0c] [debug] <--[C21] DL_GetCount
[0000044] [15:40:58:234375] [Tid0x00001e0c] [debug] -->[C22] DL_Rom_GetInfoAll #./api/api.cpp (line:2875)
[0000045] [15:40:58:234375] [Tid0x00001e0c] [debug] <--[C22] DL_Rom_GetInfoAll
[0000046] [15:40:58:234375] [Tid0x00001e0c] [debug] -->[C23] DL_Rom_SetEnableAttr #./api/api.cpp (line:2929)
[0000047] [15:40:58:234375] [Tid0x00001e0c] [debug] <--[C23] DL_Rom_SetEnableAttr
[0000048] [15:40:58:234375] [Tid0x00001e0c] [debug] -->[C24] DL_GetCount #./api/api.cpp (line:2710)
[0000049] [15:40:58:234375] [Tid0x00001e0c] [debug] <--[C24] DL_GetCount
[0000050] [15:40:58:234375] [Tid0x00001e0c] [debug] -->[C25] DL_Rom_GetInfoAll #./api/api.cpp (line:2875)
[0000051] [15:40:58:234375] [Tid0x00001e0c] [debug] <--[C25] DL_Rom_GetInfoAll
[0000052] [15:40:58:250000] [Tid0x00001e0c] [debug] -->[C26] DL_Rom_SetEnableAttr #./api/api.cpp (line:2929)
[0000053] [15:40:58:250000] [Tid0x00001e0c] [debug] <--[C26] DL_Rom_SetEnableAttr
[0000054] [15:40:58:250000] [Tid0x00001e0c] [debug] -->[C27] DL_GetCount #./api/api.cpp (line:2710)
[0000055] [15:40:58:250000] [Tid0x00001e0c] [debug] <--[C27] DL_GetCount
[0000056] [15:40:58:250000] [Tid0x00001e0c] [debug] -->[C28] DL_Rom_GetInfoAll #./api/api.cpp (line:2875)
[0000057] [15:40:58:250000] [Tid0x00001e0c] [debug] <--[C28] DL_Rom_GetInfoAll
[0000058] [15:40:58:250000] [Tid0x00001e0c] [debug] -->[C29] DL_Rom_SetEnableAttr #./api/api.cpp (line:2929)
[0000059] [15:40:58:250000] [Tid0x00001e0c] [debug] <--[C29] DL_Rom_SetEnableAttr
[0000060] [15:40:58:250000] [Tid0x00001e0c] [debug] -->[C30] DL_GetCount #./api/api.cpp (line:2710)
[0000061] [15:40:58:250000] [Tid0x00001e0c] [debug] <--[C30] DL_GetCount
[0000062] [15:40:58:250000] [Tid0x00001e0c] [debug] -->[C31] DL_Rom_GetInfoAll #./api/api.cpp (line:2875)
[0000063] [15:40:58:250000] [Tid0x00001e0c] [debug] <--[C31] DL_Rom_GetInfoAll
[0000064] [15:40:58:265625] [Tid0x00001e0c] [debug] -->[C32] DL_Rom_SetEnableAttr #./api/api.cpp (line:2929)
[0000065] [15:40:58:265625] [Tid0x00001e0c] [debug] <--[C32] DL_Rom_SetEnableAttr
[0000066] [15:40:58:265625] [Tid0x00001e0c] [debug] -->[C33] DL_GetCount #./api/api.cpp (line:2710)
[0000067] [15:40:58:265625] [Tid0x00001e0c] [debug] <--[C33] DL_GetCount
[0000068] [15:40:58:265625] [Tid0x00001e0c] [debug] -->[C34] DL_Rom_GetInfoAll #./api/api.cpp (line:2875)
[0000069] [15:40:58:265625] [Tid0x00001e0c] [debug] <--[C34] DL_Rom_GetInfoAll
[0000070] [15:40:58:265625] [Tid0x00001e0c] [debug] -->[C35] DL_Rom_SetEnableAttr #./api/api.cpp (line:2929)
[0000071] [15:40:58:265625] [Tid0x00001e0c] [debug] <--[C35] DL_Rom_SetEnableAttr
[0000072] [15:40:58:265625] [Tid0x00001e0c] [debug] -->[C36] DL_GetCount #./api/api.cpp (line:2710)
[0000073] [15:40:58:265625] [Tid0x00001e0c] [debug] <--[C36] DL_GetCount
[0000074] [15:40:58:265625] [Tid0x00001e0c] [debug] -->[C37] DL_Rom_GetInfoAll #./api/api.cpp (line:2875)
[0000075] [15:40:58:265625] [Tid0x00001e0c] [debug] <--[C37] DL_Rom_GetInfoAll
[0000076] [15:40:58:281250] [Tid0x00001e0c] [debug] -->[C38] DL_Rom_SetEnableAttr #./api/api.cpp (line:2929)
[0000077] [15:40:58:281250] [Tid0x00001e0c] [debug] <--[C38] DL_Rom_SetEnableAttr
[0000078] [15:40:58:281250] [Tid0x00001e0c] [debug] -->[C39] DL_SetChecksumLevel #./api/api.cpp (line:2643)
[0000079] [15:40:58:281250] [Tid0x00001e0c] [debug] <--[C39] DL_SetChecksumLevel
[0000080] [15:41:05:703125] [Tid0x00001e0c] [debug] -->[C40] DL_GetCount #./api/api.cpp (line:2710)
[0000081] [15:41:05:703125] [Tid0x00001e0c] [debug] <--[C40] DL_GetCount
[0000082] [15:41:05:703125] [Tid0x00001e0c] [debug] -->[C41] DL_Rom_GetInfoAll #./api/api.cpp (line:2875)
[0000083] [15:41:05:703125] [Tid0x00001e0c] [debug] <--[C41] DL_Rom_GetInfoAll
[0000084] [15:41:05:718750] [Tid0x00001e0c] [debug] -->[C42] DL_Rom_SetEnableAttr #./api/api.cpp (line:2929)
[0000085] [15:41:05:718750] [Tid0x00001e0c] [debug] <--[C42] DL_Rom_SetEnableAttr
[0000086] [15:41:05:718750] [Tid0x00001e0c] [debug] -->[C43] DL_GetCount #./api/api.cpp (line:2710)
[0000087] [15:41:05:718750] [Tid0x00001e0c] [debug] <--[C43] DL_GetCount
[0000088] [15:41:05:718750] [Tid0x00001e0c] [debug] -->[C44] DL_Rom_GetInfoAll #./api/api.cpp (line:2875)
[0000089] [15:41:05:718750] [Tid0x00001e0c] [debug] <--[C44] DL_Rom_GetInfoAll
[0000090] [15:41:05:718750] [Tid0x00001e0c] [debug] -->[C45] DL_Rom_SetEnableAttr #./api/api.cpp (line:2929)
[0000091] [15:41:05:718750] [Tid0x00001e0c] [debug] <--[C45] DL_Rom_SetEnableAttr
[0000092] [15:41:05:734375] [Tid0x00001e0c] [debug] -->[C46] DL_GetCount #./api/api.cpp (line:2710)
[0000093] [15:41:05:734375] [Tid0x00001e0c] [debug] <--[C46] DL_GetCount
[0000094] [15:41:05:734375] [Tid0x00001e0c] [debug] -->[C47] DL_Rom_GetInfoAll #./api/api.cpp (line:2875)
[0000095] [15:41:05:734375] [Tid0x00001e0c] [debug] <--[C47] DL_Rom_GetInfoAll
[0000096] [15:41:05:734375] [Tid0x00001e0c] [debug] -->[C48] DL_Rom_SetEnableAttr #./api/api.cpp (line:2929)
[0000097] [15:41:05:734375] [Tid0x00001e0c] [debug] <--[C48] DL_Rom_SetEnableAttr
[0000098] [15:41:05:734375] [Tid0x00001e0c] [debug] -->[C49] DL_GetCount #./api/api.cpp (line:2710)
[0000099] [15:41:05:734375] [Tid0x00001e0c] [debug] <--[C49] DL_GetCount
[0000100] [15:41:05:734375] [Tid0x00001e0c] [debug] -->[C50] DL_Rom_GetInfoAll #./api/api.cpp (line:2875)
[0000101] [15:41:05:734375] [Tid0x00001e0c] [debug] <--[C50] DL_Rom_GetInfoAll
[0000102] [15:41:05:734375] [Tid0x00001e0c] [debug] -->[C51] DL_Rom_SetEnableAttr #./api/api.cpp (line:2929)
[0000103] [15:41:05:734375] [Tid0x00001e0c] [debug] <--[C51] DL_Rom_SetEnableAttr
[0000104] [15:41:05:734375] [Tid0x00001e0c] [debug] -->[C52] DL_GetCount #./api/api.cpp (line:2710)
[0000105] [15:41:05:734375] [Tid0x00001e0c] [debug] <--[C52] DL_GetCount
[0000106] [15:41:05:734375] [Tid0x00001e0c] [debug] -->[C53] DL_Rom_GetInfoAll #./api/api.cpp (line:2875)
[0000107] [15:41:05:734375] [Tid0x00001e0c] [debug] <--[C53] DL_Rom_GetInfoAll
[0000108] [15:41:05:750000] [Tid0x00001e0c] [debug] -->[C54] DL_Rom_SetEnableAttr #./api/api.cpp (line:2929)
[0000109] [15:41:05:750000] [Tid0x00001e0c] [debug] <--[C54] DL_Rom_SetEnableAttr
[0000110] [15:41:05:750000] [Tid0x00001e0c] [debug] -->[C55] DL_GetCount #./api/api.cpp (line:2710)
[0000111] [15:41:05:750000] [Tid0x00001e0c] [debug] <--[C55] DL_GetCount
[0000112] [15:41:05:750000] [Tid0x00001e0c] [debug] -->[C56] DL_Rom_GetInfoAll #./api/api.cpp (line:2875)
[0000113] [15:41:05:750000] [Tid0x00001e0c] [debug] <--[C56] DL_Rom_GetInfoAll
[0000114] [15:41:05:750000] [Tid0x00001e0c] [debug] -->[C57] DL_Rom_SetEnableAttr #./api/api.cpp (line:2929)
[0000115] [15:41:05:750000] [Tid0x00001e0c] [debug] <--[C57] DL_Rom_SetEnableAttr
[0000116] [15:41:05:750000] [Tid0x00001e0c] [debug] -->[C58] DL_GetCount #./api/api.cpp (line:2710)
[0000117] [15:41:05:750000] [Tid0x00001e0c] [debug] <--[C58] DL_GetCount
[0000118] [15:41:05:750000] [Tid0x00001e0c] [debug] -->[C59] DL_Rom_GetInfoAll #./api/api.cpp (line:2875)
[0000119] [15:41:05:750000] [Tid0x00001e0c] [debug] <--[C59] DL_Rom_GetInfoAll
[0000120] [15:41:05:750000] [Tid0x00001e0c] [debug] -->[C60] DL_Rom_SetEnableAttr #./api/api.cpp (line:2929)
[0000121] [15:41:05:750000] [Tid0x00001e0c] [debug] <--[C60] DL_Rom_SetEnableAttr
[0000122] [15:41:05:765625] [Tid0x00001e0c] [debug] -->[C61] DL_GetCount #./api/api.cpp (line:2710)
[0000123] [15:41:05:765625] [Tid0x00001e0c] [debug] <--[C61] DL_GetCount
[0000124] [15:41:05:765625] [Tid0x00001e0c] [debug] -->[C62] DL_Rom_GetInfoAll #./api/api.cpp (line:2875)
[0000125] [15:41:05:765625] [Tid0x00001e0c] [debug] <--[C62] DL_Rom_GetInfoAll
[0000126] [15:41:05:765625] [Tid0x00001e0c] [debug] -->[C63] DL_Rom_SetEnableAttr #./api/api.cpp (line:2929)
[0000127] [15:41:05:765625] [Tid0x00001e0c] [debug] <--[C63] DL_Rom_SetEnableAttr
[0000128] [15:41:05:765625] [Tid0x00001e0c] [debug] -->[C64] DL_GetCount #./api/api.cpp (line:2710)
[0000129] [15:41:05:765625] [Tid0x00001e0c] [debug] <--[C64] DL_GetCount
[0000130] [15:41:05:765625] [Tid0x00001e0c] [debug] -->[C65] DL_Rom_GetInfoAll #./api/api.cpp (line:2875)
[0000131] [15:41:05:765625] [Tid0x00001e0c] [debug] <--[C65] DL_Rom_GetInfoAll
[0000132] [15:41:05:765625] [Tid0x00001e0c] [debug] -->[C66] DL_Rom_SetEnableAttr #./api/api.cpp (line:2929)
[0000133] [15:41:05:765625] [Tid0x00001e0c] [debug] <--[C66] DL_Rom_SetEnableAttr
[0000134] [15:41:05:765625] [Tid0x00001e0c] [debug] -->[C67] DL_GetCount #./api/api.cpp (line:2710)
[0000135] [15:41:05:765625] [Tid0x00001e0c] [debug] <--[C67] DL_GetCount
[0000136] [15:41:05:765625] [Tid0x00001e0c] [debug] -->[C68] DL_Rom_GetInfoAll #./api/api.cpp (line:2875)
[0000137] [15:41:05:765625] [Tid0x00001e0c] [debug] <--[C68] DL_Rom_GetInfoAll
[0000138] [15:41:05:765625] [Tid0x00001e0c] [debug] -->[C69] DL_Rom_SetEnableAttr #./api/api.cpp (line:2929)
[0000139] [15:41:05:765625] [Tid0x00001e0c] [debug] <--[C69] DL_Rom_SetEnableAttr
[0000140] [15:41:05:765625] [Tid0x00001e0c] [debug] -->[C70] DL_GetCount #./api/api.cpp (line:2710)
[0000141] [15:41:05:765625] [Tid0x00001e0c] [debug] <--[C70] DL_GetCount
[0000142] [15:41:05:765625] [Tid0x00001e0c] [debug] -->[C71] DL_Rom_GetInfoAll #./api/api.cpp (line:2875)
[0000143] [15:41:05:765625] [Tid0x00001e0c] [debug] <--[C71] DL_Rom_GetInfoAll
[0000144] [15:41:05:765625] [Tid0x00001e0c] [debug] -->[C72] DL_Rom_SetEnableAttr #./api/api.cpp (line:2929)
[0000145] [15:41:05:765625] [Tid0x00001e0c] [debug] <--[C72] DL_Rom_SetEnableAttr
[0000146] [15:41:05:765625] [Tid0x00001e0c] [debug] -->[C73] DL_GetCount #./api/api.cpp (line:2710)
[0000147] [15:41:05:765625] [Tid0x00001e0c] [debug] <--[C73] DL_GetCount
[0000148] [15:41:05:765625] [Tid0x00001e0c] [debug] -->[C74] DL_Rom_GetInfoAll #./api/api.cpp (line:2875)
[0000149] [15:41:05:765625] [Tid0x00001e0c] [debug] <--[C74] DL_Rom_GetInfoAll
[0000150] [15:41:05:781250] [Tid0x00001e0c] [debug] -->[C75] DL_Rom_SetEnableAttr #./api/api.cpp (line:2929)
[0000151] [15:41:05:781250] [Tid0x00001e0c] [debug] <--[C75] DL_Rom_SetEnableAttr
[0000152] [15:41:05:781250] [Tid0x00001e0c] [debug] -->[C76] DL_GetCount #./api/api.cpp (line:2710)
[0000153] [15:41:05:781250] [Tid0x00001e0c] [debug] <--[C76] DL_GetCount
[0000154] [15:41:05:781250] [Tid0x00001e0c] [debug] -->[C77] DL_Rom_GetInfoAll #./api/api.cpp (line:2875)
[0000155] [15:41:05:781250] [Tid0x00001e0c] [debug] <--[C77] DL_Rom_GetInfoAll
[0000156] [15:41:05:781250] [Tid0x00001e0c] [debug] -->[C78] DL_Rom_SetEnableAttr #./api/api.cpp (line:2929)
[0000157] [15:41:05:781250] [Tid0x00001e0c] [debug] <--[C78] DL_Rom_SetEnableAttr
[0000158] [15:41:05:781250] [Tid0x00001e0c] [debug] -->[C79] DL_GetCount #./api/api.cpp (line:2710)
[0000159] [15:41:05:781250] [Tid0x00001e0c] [debug] <--[C79] DL_GetCount
[0000160] [15:41:05:781250] [Tid0x00001e0c] [debug] -->[C80] DL_Rom_GetInfoAll #./api/api.cpp (line:2875)
[0000161] [15:41:05:781250] [Tid0x00001e0c] [debug] <--[C80] DL_Rom_GetInfoAll
[0000162] [15:41:05:781250] [Tid0x00001e0c] [debug] -->[C81] DL_Rom_SetEnableAttr #./api/api.cpp (line:2929)
[0000163] [15:41:05:781250] [Tid0x00001e0c] [debug] <--[C81] DL_Rom_SetEnableAttr
[0000164] [15:41:05:781250] [Tid0x00001e0c] [debug] -->[C82] DL_GetCount #./api/api.cpp (line:2710)
[0000165] [15:41:05:781250] [Tid0x00001e0c] [debug] <--[C82] DL_GetCount
[0000166] [15:41:05:781250] [Tid0x00001e0c] [debug] -->[C83] DL_Rom_GetInfoAll #./api/api.cpp (line:2875)
[0000167] [15:41:05:781250] [Tid0x00001e0c] [debug] <--[C83] DL_Rom_GetInfoAll
[0000168] [15:41:05:781250] [Tid0x00001e0c] [debug] -->[C84] DL_Rom_SetEnableAttr #./api/api.cpp (line:2929)
[0000169] [15:41:05:781250] [Tid0x00001e0c] [debug] <--[C84] DL_Rom_SetEnableAttr
[0000170] [15:41:05:781250] [Tid0x00001e0c] [debug] -->[C85] DL_GetCount #./api/api.cpp (line:2710)
[0000171] [15:41:05:781250] [Tid0x00001e0c] [debug] <--[C85] DL_GetCount
[0000172] [15:41:05:781250] [Tid0x00001e0c] [debug] -->[C86] DL_Rom_GetInfoAll #./api/api.cpp (line:2875)
[0000173] [15:41:05:781250] [Tid0x00001e0c] [debug] <--[C86] DL_Rom_GetInfoAll
[0000174] [15:41:05:781250] [Tid0x00001e0c] [debug] -->[C87] DL_Rom_SetEnableAttr #./api/api.cpp (line:2929)
[0000175] [15:41:05:781250] [Tid0x00001e0c] [debug] <--[C87] DL_Rom_SetEnableAttr
[0000176] [15:41:05:796875] [Tid0x00001e0c] [debug] -->[C88] DL_GetCount #./api/api.cpp (line:2710)
[0000177] [15:41:05:796875] [Tid0x00001e0c] [debug] <--[C88] DL_GetCount
[0000178] [15:41:05:796875] [Tid0x00001e0c] [debug] -->[C89] DL_Rom_GetInfoAll #./api/api.cpp (line:2875)
[0000179] [15:41:05:812500] [Tid0x00001e0c] [debug] <--[C89] DL_Rom_GetInfoAll
[0000180] [15:41:05:812500] [Tid0x00001e0c] [debug] -->[C90] DL_Rom_SetEnableAttr #./api/api.cpp (line:2929)
[0000181] [15:41:05:812500] [Tid0x00001e0c] [debug] <--[C90] DL_Rom_SetEnableAttr
[0000182] [15:41:05:812500] [Tid0x00001e0c] [debug] -->[C91] DL_GetCount #./api/api.cpp (line:2710)
[0000183] [15:41:05:812500] [Tid0x00001e0c] [debug] <--[C91] DL_GetCount
[0000184] [15:41:05:812500] [Tid0x00001e0c] [debug] -->[C92] DL_Rom_GetInfoAll #./api/api.cpp (line:2875)
[0000185] [15:41:05:812500] [Tid0x00001e0c] [debug] <--[C92] DL_Rom_GetInfoAll
[0000186] [15:41:05:812500] [Tid0x00001e0c] [debug] -->[C93] DL_Rom_SetEnableAttr #./api/api.cpp (line:2929)
[0000187] [15:41:05:812500] [Tid0x00001e0c] [debug] <--[C93] DL_Rom_SetEnableAttr
[0000188] [15:41:05:812500] [Tid0x00001e0c] [debug] -->[C94] DL_GetCount #./api/api.cpp (line:2710)
[0000189] [15:41:05:812500] [Tid0x00001e0c] [debug] <--[C94] DL_GetCount
[0000190] [15:41:05:812500] [Tid0x00001e0c] [debug] -->[C95] DL_Rom_GetInfoAll #./api/api.cpp (line:2875)
[0000191] [15:41:05:812500] [Tid0x00001e0c] [debug] <--[C95] DL_Rom_GetInfoAll
[0000192] [15:41:05:828125] [Tid0x00001e0c] [debug] -->[C96] DL_Rom_SetEnableAttr #./api/api.cpp (line:2929)
[0000193] [15:41:05:828125] [Tid0x00001e0c] [debug] <--[C96] DL_Rom_SetEnableAttr
[0000194] [15:41:05:828125] [Tid0x00001e0c] [debug] -->[C97] DL_GetCount #./api/api.cpp (line:2710)
[0000195] [15:41:05:828125] [Tid0x00001e0c] [debug] <--[C97] DL_GetCount
[0000196] [15:41:05:828125] [Tid0x00001e0c] [debug] -->[C98] DL_Rom_GetInfoAll #./api/api.cpp (line:2875)
[0000197] [15:41:05:828125] [Tid0x00001e0c] [debug] <--[C98] DL_Rom_GetInfoAll
[0000198] [15:41:05:828125] [Tid0x00001e0c] [debug] -->[C99] DL_Rom_SetEnableAttr #./api/api.cpp (line:2929)
[0000199] [15:41:05:828125] [Tid0x00001e0c] [debug] <--[C99] DL_Rom_SetEnableAttr
[0000200] [15:41:05:828125] [Tid0x00001e0c] [debug] -->[C100] DL_GetCount #./api/api.cpp (line:2710)
[0000201] [15:41:05:828125] [Tid0x00001e0c] [debug] <--[C100] DL_GetCount
[0000202] [15:41:05:828125] [Tid0x00001e0c] [debug] -->[C101] DL_Rom_GetInfoAll #./api/api.cpp (line:2875)
[0000203] [15:41:05:828125] [Tid0x00001e0c] [debug] <--[C101] DL_Rom_GetInfoAll
[0000204] [15:41:05:843750] [Tid0x00001e0c] [debug] -->[C102] DL_Rom_SetEnableAttr #./api/api.cpp (line:2929)
[0000205] [15:41:05:843750] [Tid0x00001e0c] [debug] <--[C102] DL_Rom_SetEnableAttr
[0000206] [15:41:05:843750] [Tid0x00001e0c] [debug] -->[C103] DL_GetCount #./api/api.cpp (line:2710)
[0000207] [15:41:05:843750] [Tid0x00001e0c] [debug] <--[C103] DL_GetCount
[0000208] [15:41:05:843750] [Tid0x00001e0c] [debug] -->[C104] DL_Rom_GetInfoAll #./api/api.cpp (line:2875)
[0000209] [15:41:05:843750] [Tid0x00001e0c] [debug] <--[C104] DL_Rom_GetInfoAll
[0000210] [15:41:05:843750] [Tid0x00001e0c] [debug] -->[C105] DL_Rom_SetEnableAttr #./api/api.cpp (line:2929)
[0000211] [15:41:05:843750] [Tid0x00001e0c] [debug] <--[C105] DL_Rom_SetEnableAttr
[0000212] [15:41:12:718750] [Tid0x00001e0c] [debug] -->[C106] DL_GetCount #./api/api.cpp (line:2710)
[0000213] [15:41:12:718750] [Tid0x00001e0c] [debug] <--[C106] DL_GetCount
[0000214] [15:41:12:718750] [Tid0x00001e0c] [debug] -->[C107] DL_Rom_GetInfoAll #./api/api.cpp (line:2875)
[0000215] [15:41:12:718750] [Tid0x00001e0c] [debug] <--[C107] DL_Rom_GetInfoAll
[0000216] [15:41:12:734375] [Tid0x00001e0c] [debug] -->[C108] DL_GetCount #./api/api.cpp (line:2710)
[0000217] [15:41:12:734375] [Tid0x00001e0c] [debug] <--[C108] DL_GetCount
[0000218] [15:41:12:734375] [Tid0x00001e0c] [debug] -->[C109] DL_Rom_GetInfoAll #./api/api.cpp (line:2875)
[0000219] [15:41:12:734375] [Tid0x00001e0c] [debug] <--[C109] DL_Rom_GetInfoAll
[0000220] [15:41:23:921875] [Tid0x00001380] [debug] -->[C110] FlashTool_Connect_BROM_ByName #./api/api.cpp (line:2102)
[0000221] [15:41:23:921875] [Tid0x00001380] [debug] -->[C111] FlashTool_Connect_BROM_Ex #./api/api.cpp (line:1862)
[0000222] [15:41:23:921875] [Tid0x00001380] [debug] bCheckScatter: 1
[0000223] [15:41:23:921875] [Tid0x00001380] [debug] have load scatter already
[0000224] [15:41:23:921875] [Tid0x00001380] [debug] libversion 1
[0000225] [15:41:24:140625] [Tid0x00001380] [debug] <--[C111] FlashTool_Connect_BROM_Ex
[0000226] [15:41:24:140625] [Tid0x00001380] [debug] <--[C110] FlashTool_Connect_BROM_ByName
[0000227] [15:41:24:140625] [Tid0x00001380] [debug] -->[C112] FlashTool_GetBootResult #./api/api.cpp (line:2114)
[0000228] [15:41:24:140625] [Tid0x00001380] [debug] <--[C112] FlashTool_GetBootResult
[0000229] [15:41:24:140625] [Tid0x00001380] [debug] -->[C113] FlashTool_Connect_Download_DA #./api/api.cpp (line:2134)
[0000230] [15:41:24:140625] [Tid0x00001380] [debug] bCheckScatter: 1
[0000231] [15:41:28:515625] [Tid0x00001380] [debug] <--[C113] FlashTool_Connect_Download_DA
[0000232] [15:41:28:515625] [Tid0x00001380] [debug] -->[C114] FlashTool_CheckUSBStatus #./api/api.cpp (line:1140)
[0000233] [15:41:28:515625] [Tid0x00001380] [debug] <--[C114] FlashTool_CheckUSBStatus
[0000234] [15:41:28:515625] [Tid0x00001380] [debug] -->[C115] FlashTool_SetupUSBDL #./api/api.cpp (line:1101)
[0000235] [15:41:28:515625] [Tid0x00001380] [debug] <--[C115] FlashTool_SetupUSBDL
[0000236] [15:41:31:078125] [Tid0x00001380] [debug] -->[C116] FlashTool_ChangeCOM_Ex #./api/api.cpp (line:1079)
[0000237] [15:41:31:093750] [Tid0x00001380] [debug] <--[C116] FlashTool_ChangeCOM_Ex
[0000238] [15:41:31:093750] [Tid0x00001380] [debug] -->[C117] FlashTool_CheckUSBStatus #./api/api.cpp (line:1140)
[0000239] [15:41:31:093750] [Tid0x00001380] [debug] <--[C117] FlashTool_CheckUSBStatus
[0000240] [15:41:31:093750] [Tid0x00001380] [debug] -->[C118] FlashTool_GetReservedRomSize #./api/api.cpp (line:1663)
[0000241] [15:41:31:093750] [Tid0x00001380] [debug] <--[C118] FlashTool_GetReservedRomSize
[0000242] [15:41:31:093750] [Tid0x00001380] [debug] -->[C119] FlashTool_Format #./api/api.cpp (line:1332)
[0000243] [15:41:31:343750] [Tid0x00001380] [debug] <--[C119] FlashTool_Format
[0000244] [15:41:31:343750] [Tid0x00001380] [debug] -->[C120] FlashTool_GetReservedRomSize #./api/api.cpp (line:1663)
[0000245] [15:41:31:343750] [Tid0x00001380] [debug] <--[C120] FlashTool_GetReservedRomSize
[0000246] [15:41:31:343750] [Tid0x00001380] [debug] -->[C121] FlashTool_Format #./api/api.cpp (line:1332)
[0000247] [15:41:31:578125] [Tid0x00001380] [debug] <--[C121] FlashTool_Format
[0000248] [15:41:31:578125] [Tid0x00001380] [debug] -->[C122] FlashTool_GetReservedRomSize #./api/api.cpp (line:1663)
[0000249] [15:41:31:578125] [Tid0x00001380] [debug] <--[C122] FlashTool_GetReservedRomSize
[0000250] [15:41:31:578125] [Tid0x00001380] [debug] -->[C123] FlashTool_Format #./api/api.cpp (line:1332)
[0000251] [15:41:31:796875] [Tid0x00001380] [debug] <--[C123] FlashTool_Format
[0000252] [15:41:31:796875] [Tid0x00001380] [debug] -->[C124] FlashTool_GetReservedRomSize #./api/api.cpp (line:1663)
[0000253] [15:41:31:796875] [Tid0x00001380] [debug] <--[C124] FlashTool_GetReservedRomSize
[0000254] [15:41:31:796875] [Tid0x00001380] [debug] -->[C125] FlashTool_Format #./api/api.cpp (line:1332)
[0000255] [15:41:32:515625] [Tid0x00001380] [debug] <--[C125] FlashTool_Format
[0000256] [15:41:32:515625] [Tid0x00001380] [debug] -->[C126] FlashTool_Download #./api/api.cpp (line:1286)
[0000257] [15:41:32:671875] [Tid0x00001380] [debug] <--[C126] FlashTool_Download
[0000258] [15:41:32:671875] [Tid0x00001380] [debug] -->[C127] FlashTool_Disconnect #./api/api.cpp (line:1019)
[0000259] [15:41:32:703125] [Tid0x00001380] [debug] <--[C127] FlashTool_Disconnect
[0000260] [15:42:02:468750] [Tid0x00001ea8] [debug] -->[C128] DL_LoadScatter #./api/api.cpp (line:2601)
[0000261] [15:42:02:515625] [Tid0x00001ea8] [debug] used lib version: 1
[0000262] [15:42:02:515625] [Tid0x00001ea8] [debug] <--[C128] DL_LoadScatter
[0000263] [15:42:02:515625] [Tid0x00001ea8] [debug] -->[C129] DL_AutoLoadRomImages #./api/api.cpp (line:2790)
[0000264] [15:42:03:234375] [Tid0x00001ea8] [debug] <--[C129] DL_AutoLoadRomImages
[0000265] [15:42:03:250000] [Tid0x00001e0c] [debug] -->[C130] DL_GetCount #./api/api.cpp (line:2710)
[0000266] [15:42:03:250000] [Tid0x00001e0c] [debug] <--[C130] DL_GetCount
[0000267] [15:42:03:250000] [Tid0x00001e0c] [debug] -->[C131] DL_Rom_GetInfoAll #./api/api.cpp (line:2875)
[0000268] [15:42:03:250000] [Tid0x00001e0c] [debug] <--[C131] DL_Rom_GetInfoAll
[0000269] [15:42:03:265625] [Tid0x00001e0c] [debug] -->[C132] DL_GetScatterInfo #./api/api.cpp (line:2811)
[0000270] [15:42:03:265625] [Tid0x00001e0c] [debug] <--[C132] DL_GetScatterInfo
[0000271] [15:42:03:265625] [Tid0x00001e0c] [debug] -->[C133] DL_GetCount #./api/api.cpp (line:2710)
[0000272] [15:42:03:265625] [Tid0x00001e0c] [debug] <--[C133] DL_GetCount
[0000273] [15:42:03:265625] [Tid0x00001e0c] [debug] -->[C134] DL_Rom_GetInfoAll #./api/api.cpp (line:2875)
[0000274] [15:42:03:265625] [Tid0x00001e0c] [debug] <--[C134] DL_Rom_GetInfoAll
[0000275] [15:42:03:281250] [Tid0x00001e0c] [debug] -->[C135] DL_Rom_SetEnableAttr #./api/api.cpp (line:2929)
[0000276] [15:42:03:281250] [Tid0x00001e0c] [debug] <--[C135] DL_Rom_SetEnableAttr
[0000277] [15:42:03:296875] [Tid0x00001e0c] [debug] -->[C136] DL_GetCount #./api/api.cpp (line:2710)
[0000278] [15:42:03:296875] [Tid0x00001e0c] [debug] <--[C136] DL_GetCount
[0000279] [15:42:03:296875] [Tid0x00001e0c] [debug] -->[C137] DL_Rom_GetInfoAll #./api/api.cpp (line:2875)
[0000280] [15:42:03:296875] [Tid0x00001e0c] [debug] <--[C137] DL_Rom_GetInfoAll
[0000281] [15:42:03:312500] [Tid0x00001e0c] [debug] -->[C138] DL_Rom_SetEnableAttr #./api/api.cpp (line:2929)
[0000282] [15:42:03:312500] [Tid0x00001e0c] [debug] <--[C138] DL_Rom_SetEnableAttr
[0000283] [15:42:03:328125] [Tid0x00001e0c] [debug] -->[C139] DL_GetCount #./api/api.cpp (line:2710)
[0000284] [15:42:03:328125] [Tid0x00001e0c] [debug] <--[C139] DL_GetCount
[0000285] [15:42:03:328125] [Tid0x00001e0c] [debug] -->[C140] DL_Rom_GetInfoAll #./api/api.cpp (line:2875)
[0000286] [15:42:03:328125] [Tid0x00001e0c] [debug] <--[C140] DL_Rom_GetInfoAll
[0000287] [15:42:03:343750] [Tid0x00001e0c] [debug] -->[C141] DL_Rom_SetEnableAttr #./api/api.cpp (line:2929)
[0000288] [15:42:03:343750] [Tid0x00001e0c] [debug] <--[C141] DL_Rom_SetEnableAttr
[0000289] [15:42:03:343750] [Tid0x00001e0c] [debug] -->[C142] DL_GetCount #./api/api.cpp (line:2710)
[0000290] [15:42:03:343750] [Tid0x00001e0c] [debug] <--[C142] DL_GetCount
[0000291] [15:42:03:343750] [Tid0x00001e0c] [debug] -->[C143] DL_Rom_GetInfoAll #./api/api.cpp (line:2875)
[0000292] [15:42:03:343750] [Tid0x00001e0c] [debug] <--[C143] DL_Rom_GetInfoAll
[0000293] [15:42:03:359375] [Tid0x00001e0c] [debug] -->[C144] DL_Rom_SetEnableAttr #./api/api.cpp (line:2929)
[0000294] [15:42:03:359375] [Tid0x00001e0c] [debug] <--[C144] DL_Rom_SetEnableAttr
[0000295] [15:42:03:375000] [Tid0x00001e0c] [debug] -->[C145] DL_GetCount #./api/api.cpp (line:2710)
[0000296] [15:42:03:375000] [Tid0x00001e0c] [debug] <--[C145] DL_GetCount
[0000297] [15:42:03:375000] [Tid0x00001e0c] [debug] -->[C146] DL_Rom_GetInfoAll #./api/api.cpp (line:2875)
[0000298] [15:42:03:375000] [Tid0x00001e0c] [debug] <--[C146] DL_Rom_GetInfoAll
[0000299] [15:42:03:390625] [Tid0x00001e0c] [debug] -->[C147] DL_Rom_SetEnableAttr #./api/api.cpp (line:2929)
[0000300] [15:42:03:390625] [Tid0x00001e0c] [debug] <--[C147] DL_Rom_SetEnableAttr
[0000301] [15:42:03:390625] [Tid0x00001e0c] [debug] -->[C148] DL_GetCount #./api/api.cpp (line:2710)
[0000302] [15:42:03:390625] [Tid0x00001e0c] [debug] <--[C148] DL_GetCount
[0000303] [15:42:03:390625] [Tid0x00001e0c] [debug] -->[C149] DL_Rom_GetInfoAll #./api/api.cpp (line:2875)
[0000304] [15:42:03:390625] [Tid0x00001e0c] [debug] <--[C149] DL_Rom_GetInfoAll
[0000305] [15:42:03:406250] [Tid0x00001e0c] [debug] -->[C150] DL_Rom_SetEnableAttr #./api/api.cpp (line:2929)
[0000306] [15:42:03:406250] [Tid0x00001e0c] [debug] <--[C150] DL_Rom_SetEnableAttr
[0000307] [15:42:03:421875] [Tid0x00001e0c] [debug] -->[C151] DL_GetCount #./api/api.cpp (line:2710)
[0000308] [15:42:03:421875] [Tid0x00001e0c] [debug] <--[C151] DL_GetCount
[0000309] [15:42:03:421875] [Tid0x00001e0c] [debug] -->[C152] DL_Rom_GetInfoAll #./api/api.cpp (line:2875)
[0000310] [15:42:03:421875] [Tid0x00001e0c] [debug] <--[C152] DL_Rom_GetInfoAll
[0000311] [15:42:03:421875] [Tid0x00001e0c] [debug] -->[C153] DL_Rom_SetEnableAttr #./api/api.cpp (line:2929)
[0000312] [15:42:03:421875] [Tid0x00001e0c] [debug] <--[C153] DL_Rom_SetEnableAttr
[0000313] [15:42:03:421875] [Tid0x00001e0c] [debug] -->[C154] DL_GetCount #./api/api.cpp (line:2710)
[0000314] [15:42:03:421875] [Tid0x00001e0c] [debug] <--[C154] DL_GetCount
[0000315] [15:42:03:421875] [Tid0x00001e0c] [debug] -->[C155] DL_Rom_GetInfoAll #./api/api.cpp (line:2875)
[0000316] [15:42:03:421875] [Tid0x00001e0c] [debug] <--[C155] DL_Rom_GetInfoAll
[0000317] [15:42:03:437500] [Tid0x00001e0c] [debug] -->[C156] DL_Rom_SetEnableAttr #./api/api.cpp (line:2929)
[0000318] [15:42:03:437500] [Tid0x00001e0c] [debug] <--[C156] DL_Rom_SetEnableAttr
[0000319] [15:42:03:453125] [Tid0x00001e0c] [debug] -->[C157] DL_GetCount #./api/api.cpp (line:2710)
[0000320] [15:42:03:453125] [Tid0x00001e0c] [debug] <--[C157] DL_GetCount
[0000321] [15:42:03:468750] [Tid0x00001e0c] [debug] -->[C158] DL_Rom_GetInfoAll #./api/api.cpp (line:2875)
[0000322] [15:42:03:468750] [Tid0x00001e0c] [debug] <--[C158] DL_Rom_GetInfoAll
[0000323] [15:42:03:468750] [Tid0x00001e0c] [debug] -->[C159] DL_Rom_SetEnableAttr #./api/api.cpp (line:2929)
[0000324] [15:42:03:468750] [Tid0x00001e0c] [debug] <--[C159] DL_Rom_SetEnableAttr
[0000325] [15:42:03:468750] [Tid0x00001e0c] [debug] -->[C160] DL_GetCount #./api/api.cpp (line:2710)
[0000326] [15:42:03:468750] [Tid0x00001e0c] [debug] <--[C160] DL_GetCount
[0000327] [15:42:03:468750] [Tid0x00001e0c] [debug] -->[C161] DL_Rom_GetInfoAll #./api/api.cpp (line:2875)
[0000328] [15:42:03:468750] [Tid0x00001e0c] [debug] <--[C161] DL_Rom_GetInfoAll
[0000329] [15:42:03:484375] [Tid0x00001e0c] [debug] -->[C162] DL_Rom_SetEnableAttr #./api/api.cpp (line:2929)
[0000330] [15:42:03:484375] [Tid0x00001e0c] [debug] <--[C162] DL_Rom_SetEnableAttr
[0000331] [15:42:03:515625] [Tid0x00001e0c] [debug] -->[C163] DL_GetCount #./api/api.cpp (line:2710)
[0000332] [15:42:03:515625] [Tid0x00001e0c] [debug] <--[C163] DL_GetCount
[0000333] [15:42:03:515625] [Tid0x00001e0c] [debug] -->[C164] DL_Rom_GetInfoAll #./api/api.cpp (line:2875)
[0000334] [15:42:03:515625] [Tid0x00001e0c] [debug] <--[C164] DL_Rom_GetInfoAll
[0000335] [15:42:03:531250] [Tid0x00001e0c] [debug] -->[C165] DL_Rom_SetEnableAttr #./api/api.cpp (line:2929)
[0000336] [15:42:03:531250] [Tid0x00001e0c] [debug] <--[C165] DL_Rom_SetEnableAttr
[0000337] [15:42:03:531250] [Tid0x00001e0c] [debug] -->[C166] DL_GetCount #./api/api.cpp (line:2710)
[0000338] [15:42:03:531250] [Tid0x00001e0c] [debug] <--[C166] DL_GetCount
[0000339] [15:42:03:531250] [Tid0x00001e0c] [debug] -->[C167] DL_Rom_GetInfoAll #./api/api.cpp (line:2875)
[0000340] [15:42:03:531250] [Tid0x00001e0c] [debug] <--[C167] DL_Rom_GetInfoAll
[0000341] [15:42:03:531250] [Tid0x00001e0c] [debug] -->[C168] DL_Rom_SetEnableAttr #./api/api.cpp (line:2929)
[0000342] [15:42:03:546875] [Tid0x00001e0c] [debug] <--[C168] DL_Rom_SetEnableAttr
[0000343] [15:42:03:562500] [Tid0x00001e0c] [debug] -->[C169] DL_GetCount #./api/api.cpp (line:2710)
[0000344] [15:42:03:562500] [Tid0x00001e0c] [debug] <--[C169] DL_GetCount
[0000345] [15:42:03:562500] [Tid0x00001e0c] [debug] -->[C170] DL_Rom_GetInfoAll #./api/api.cpp (line:2875)
[0000346] [15:42:03:562500] [Tid0x00001e0c] [debug] <--[C170] DL_Rom_GetInfoAll
[0000347] [15:42:03:562500] [Tid0x00001e0c] [debug] -->[C171] DL_Rom_SetEnableAttr #./api/api.cpp (line:2929)
[0000348] [15:42:03:562500] [Tid0x00001e0c] [debug] <--[C171] DL_Rom_SetEnableAttr
[0000349] [15:42:03:562500] [Tid0x00001e0c] [debug] -->[C172] DL_GetCount #./api/api.cpp (line:2710)
[0000350] [15:42:03:562500] [Tid0x00001e0c] [debug] <--[C172] DL_GetCount
[0000351] [15:42:03:562500] [Tid0x00001e0c] [debug] -->[C173] DL_Rom_GetInfoAll #./api/api.cpp (line:2875)
[0000352] [15:42:03:562500] [Tid0x00001e0c] [debug] <--[C173] DL_Rom_GetInfoAll
[0000353] [15:42:03:593750] [Tid0x00001e0c] [debug] -->[C174] DL_Rom_SetEnableAttr #./api/api.cpp (line:2929)
[0000354] [15:42:03:593750] [Tid0x00001e0c] [debug] <--[C174] DL_Rom_SetEnableAttr
[0000355] [15:42:03:609375] [Tid0x00001e0c] [debug] -->[C175] DL_GetCount #./api/api.cpp (line:2710)
[0000356] [15:42:03:609375] [Tid0x00001e0c] [debug] <--[C175] DL_GetCount
[0000357] [15:42:03:609375] [Tid0x00001e0c] [debug] -->[C176] DL_Rom_GetInfoAll #./api/api.cpp (line:2875)
[0000358] [15:42:03:609375] [Tid0x00001e0c] [debug] <--[C176] DL_Rom_GetInfoAll
[0000359] [15:42:03:625000] [Tid0x00001e0c] [debug] -->[C177] DL_Rom_SetEnableAttr #./api/api.cpp (line:2929)
[0000360] [15:42:03:625000] [Tid0x00001e0c] [debug] <--[C177] DL_Rom_SetEnableAttr
[0000361] [15:42:03:625000] [Tid0x00001e0c] [debug] -->[C178] DL_GetCount #./api/api.cpp (line:2710)
[0000362] [15:42:03:625000] [Tid0x00001e0c] [debug] <--[C178] DL_GetCount
[0000363] [15:42:03:625000] [Tid0x00001e0c] [debug] -->[C179] DL_Rom_GetInfoAll #./api/api.cpp (line:2875)
[0000364] [15:42:03:625000] [Tid0x00001e0c] [debug] <--[C179] DL_Rom_GetInfoAll
[0000365] [15:42:03:640625] [Tid0x00001e0c] [debug] -->[C180] DL_Rom_SetEnableAttr #./api/api.cpp (line:2929)
[0000366] [15:42:03:640625] [Tid0x00001e0c] [debug] <--[C180] DL_Rom_SetEnableAttr
[0000367] [15:42:03:656250] [Tid0x00001e0c] [debug] -->[C181] DL_GetCount #./api/api.cpp (line:2710)
[0000368] [15:42:03:656250] [Tid0x00001e0c] [debug] <--[C181] DL_GetCount
[0000369] [15:42:03:656250] [Tid0x00001e0c] [debug] -->[C182] DL_Rom_GetInfoAll #./api/api.cpp (line:2875)
[0000370] [15:42:03:656250] [Tid0x00001e0c] [debug] <--[C182] DL_Rom_GetInfoAll
[0000371] [15:42:03:671875] [Tid0x00001e0c] [debug] -->[C183] DL_Rom_SetEnableAttr #./api/api.cpp (line:2929)
[0000372] [15:42:03:671875] [Tid0x00001e0c] [debug] <--[C183] DL_Rom_SetEnableAttr
[0000373] [15:42:03:671875] [Tid0x00001e0c] [debug] -->[C184] DL_GetCount #./api/api.cpp (line:2710)
[0000374] [15:42:03:671875] [Tid0x00001e0c] [debug] <--[C184] DL_GetCount
[0000375] [15:42:03:671875] [Tid0x00001e0c] [debug] -->[C185] DL_Rom_GetInfoAll #./api/api.cpp (line:2875)
[0000376] [15:42:03:671875] [Tid0x00001e0c] [debug] <--[C185] DL_Rom_GetInfoAll
[0000377] [15:42:03:671875] [Tid0x00001e0c] [debug] -->[C186] DL_Rom_SetEnableAttr #./api/api.cpp (line:2929)
[0000378] [15:42:03:671875] [Tid0x00001e0c] [debug] <--[C186] DL_Rom_SetEnableAttr
[0000379] [15:42:03:703125] [Tid0x00001e0c] [debug] -->[C187] DL_GetCount #./api/api.cpp (line:2710)
[0000380] [15:42:03:703125] [Tid0x00001e0c] [debug] <--[C187] DL_GetCount
[0000381] [15:42:03:703125] [Tid0x00001e0c] [debug] -->[C188] DL_Rom_GetInfoAll #./api/api.cpp (line:2875)
[0000382] [15:42:03:703125] [Tid0x00001e0c] [debug] <--[C188] DL_Rom_GetInfoAll
[0000383] [15:42:03:703125] [Tid0x00001e0c] [debug] -->[C189] DL_Rom_SetEnableAttr #./api/api.cpp (line:2929)
[0000384] [15:42:03:703125] [Tid0x00001e0c] [debug] <--[C189] DL_Rom_SetEnableAttr
[0000385] [15:42:03:718750] [Tid0x00001e0c] [debug] -->[C190] DL_GetCount #./api/api.cpp (line:2710)
[0000386] [15:42:03:718750] [Tid0x00001e0c] [debug] <--[C190] DL_GetCount
[0000387] [15:42:03:718750] [Tid0x00001e0c] [debug] -->[C191] DL_Rom_GetInfoAll #./api/api.cpp (line:2875)
[0000388] [15:42:03:718750] [Tid0x00001e0c] [debug] <--[C191] DL_Rom_GetInfoAll
[0000389] [15:42:03:734375] [Tid0x00001e0c] [debug] -->[C192] DL_Rom_SetEnableAttr #./api/api.cpp (line:2929)
[0000390] [15:42:03:734375] [Tid0x00001e0c] [debug] <--[C192] DL_Rom_SetEnableAttr
[0000391] [15:42:03:750000] [Tid0x00001e0c] [debug] -->[C193] DL_GetCount #./api/api.cpp (line:2710)
[0000392] [15:42:03:750000] [Tid0x00001e0c] [debug] <--[C193] DL_GetCount
[0000393] [15:42:03:750000] [Tid0x00001e0c] [debug] -->[C194] DL_Rom_GetInfoAll #./api/api.cpp (line:2875)
[0000394] [15:42:03:750000] [Tid0x00001e0c] [debug] <--[C194] DL_Rom_GetInfoAll
[0000395] [15:42:03:765625] [Tid0x00001e0c] [debug] -->[C195] DL_Rom_SetEnableAttr #./api/api.cpp (line:2929)
[0000396] [15:42:03:765625] [Tid0x00001e0c] [debug] <--[C195] DL_Rom_SetEnableAttr
[0000397] [15:42:03:765625] [Tid0x00001e0c] [debug] -->[C196] DL_GetCount #./api/api.cpp (line:2710)
[0000398] [15:42:03:765625] [Tid0x00001e0c] [debug] <--[C196] DL_GetCount
[0000399] [15:42:03:765625] [Tid0x00001e0c] [debug] -->[C197] DL_Rom_GetInfoAll #./api/api.cpp (line:2875)
[0000400] [15:42:03:765625] [Tid0x00001e0c] [debug] <--[C197] DL_Rom_GetInfoAll
[0000401] [15:42:03:781250] [Tid0x00001e0c] [debug] -->[C198] DL_Rom_SetEnableAttr #./api/api.cpp (line:2929)
[0000402] [15:42:03:781250] [Tid0x00001e0c] [debug] <--[C198] DL_Rom_SetEnableAttr
[0000403] [15:42:03:796875] [Tid0x00001e0c] [debug] -->[C199] DL_GetCount #./api/api.cpp (line:2710)
[0000404] [15:42:03:796875] [Tid0x00001e0c] [debug] <--[C199] DL_GetCount
[0000405] [15:42:03:796875] [Tid0x00001e0c] [debug] -->[C200] DL_Rom_GetInfoAll #./api/api.cpp (line:2875)
[0000406] [15:42:03:796875] [Tid0x00001e0c] [debug] <--[C200] DL_Rom_GetInfoAll
[0000407] [15:42:03:812500] [Tid0x00001e0c] [debug] -->[C201] DL_Rom_SetEnableAttr #./api/api.cpp (line:2929)
[0000408] [15:42:03:812500] [Tid0x00001e0c] [debug] <--[C201] DL_Rom_SetEnableAttr
[0000409] [15:42:03:828125] [Tid0x00001e0c] [debug] -->[C202] DL_GetCount #./api/api.cpp (line:2710)
[0000410] [15:42:03:828125] [Tid0x00001e0c] [debug] <--[C202] DL_GetCount
[0000411] [15:42:03:828125] [Tid0x00001e0c] [debug] -->[C203] DL_Rom_GetInfoAll #./api/api.cpp (line:2875)
[0000412] [15:42:03:828125] [Tid0x00001e0c] [debug] <--[C203] DL_Rom_GetInfoAll
[0000413] [15:42:03:843750] [Tid0x00001e0c] [debug] -->[C204] DL_Rom_SetEnableAttr #./api/api.cpp (line:2929)
[0000414] [15:42:03:843750] [Tid0x00001e0c] [debug] <--[C204] DL_Rom_SetEnableAttr
[0000415] [15:42:03:859375] [Tid0x00001e0c] [debug] -->[C205] DL_GetCount #./api/api.cpp (line:2710)
[0000416] [15:42:03:859375] [Tid0x00001e0c] [debug] <--[C205] DL_GetCount
[0000417] [15:42:03:859375] [Tid0x00001e0c] [debug] -->[C206] DL_Rom_GetInfoAll #./api/api.cpp (line:2875)
[0000418] [15:42:03:859375] [Tid0x00001e0c] [debug] <--[C206] DL_Rom_GetInfoAll
[0000419] [15:42:03:859375] [Tid0x00001e0c] [debug] -->[C207] DL_Rom_SetEnableAttr #./api/api.cpp (line:2929)
[0000420] [15:42:03:875000] [Tid0x00001e0c] [debug] <--[C207] DL_Rom_SetEnableAttr
[0000421] [15:42:03:875000] [Tid0x00001e0c] [debug] -->[C208] DL_GetCount #./api/api.cpp (line:2710)
[0000422] [15:42:03:875000] [Tid0x00001e0c] [debug] <--[C208] DL_GetCount
[0000423] [15:42:03:875000] [Tid0x00001e0c] [debug] -->[C209] DL_Rom_GetInfoAll #./api/api.cpp (line:2875)
[0000424] [15:42:03:875000] [Tid0x00001e0c] [debug] <--[C209] DL_Rom_GetInfoAll
[0000425] [15:42:03:875000] [Tid0x00001e0c] [debug] -->[C210] DL_Rom_SetEnableAttr #./api/api.cpp (line:2929)
[0000426] [15:42:03:875000] [Tid0x00001e0c] [debug] <--[C210] DL_Rom_SetEnableAttr
[0000427] [15:42:03:890625] [Tid0x00001e0c] [debug] -->[C211] DL_GetCount #./api/api.cpp (line:2710)
[0000428] [15:42:03:890625] [Tid0x00001e0c] [debug] <--[C211] DL_GetCount
[0000429] [15:42:03:890625] [Tid0x00001e0c] [debug] -->[C212] DL_Rom_GetInfoAll #./api/api.cpp (line:2875)
[0000430] [15:42:03:890625] [Tid0x00001e0c] [debug] <--[C212] DL_Rom_GetInfoAll
[0000431] [15:42:03:906250] [Tid0x00001e0c] [debug] -->[C213] DL_Rom_SetEnableAttr #./api/api.cpp (line:2929)
[0000432] [15:42:03:906250] [Tid0x00001e0c] [debug] <--[C213] DL_Rom_SetEnableAttr
[0000433] [15:42:03:921875] [Tid0x00001e0c] [debug] -->[C214] DL_GetCount #./api/api.cpp (line:2710)
[0000434] [15:42:03:921875] [Tid0x00001e0c] [debug] <--[C214] DL_GetCount
[0000435] [15:42:03:921875] [Tid0x00001e0c] [debug] -->[C215] DL_Rom_GetInfoAll #./api/api.cpp (line:2875)
[0000436] [15:42:03:921875] [Tid0x00001e0c] [debug] <--[C215] DL_Rom_GetInfoAll
[0000437] [15:42:03:937500] [Tid0x00001e0c] [debug] -->[C216] DL_Rom_SetEnableAttr #./api/api.cpp (line:2929)
[0000438] [15:42:03:937500] [Tid0x00001e0c] [debug] <--[C216] DL_Rom_SetEnableAttr
[0000439] [15:42:03:968750] [Tid0x00001e0c] [debug] -->[C217] DL_GetCount #./api/api.cpp (line:2710)
[0000440] [15:42:03:968750] [Tid0x00001e0c] [debug] <--[C217] DL_GetCount
[0000441] [15:42:03:968750] [Tid0x00001e0c] [debug] -->[C218] DL_Rom_GetInfoAll #./api/api.cpp (line:2875)
[0000442] [15:42:03:968750] [Tid0x00001e0c] [debug] <--[C218] DL_Rom_GetInfoAll
[0000443] [15:42:03:968750] [Tid0x00001e0c] [debug] -->[C219] DL_Rom_SetEnableAttr #./api/api.cpp (line:2929)
[0000444] [15:42:03:968750] [Tid0x00001e0c] [debug] <--[C219] DL_Rom_SetEnableAttr
[0000445] [15:42:03:968750] [Tid0x00001e0c] [debug] -->[C220] DL_GetCount #./api/api.cpp (line:2710)
[0000446] [15:42:03:968750] [Tid0x00001e0c] [debug] <--[C220] DL_GetCount
[0000447] [15:42:03:968750] [Tid0x00001e0c] [debug] -->[C221] DL_Rom_GetInfoAll #./api/api.cpp (line:2875)
[0000448] [15:42:03:984375] [Tid0x00001e0c] [debug] <--[C221] DL_Rom_GetInfoAll
[0000449] [15:42:03:984375] [Tid0x00001e0c] [debug] -->[C222] DL_Rom_SetEnableAttr #./api/api.cpp (line:2929)
[0000450] [15:42:03:984375] [Tid0x00001e0c] [debug] <--[C222] DL_Rom_SetEnableAttr
[0000451] [15:42:03:984375] [Tid0x00001e0c] [debug] -->[C223] DL_SetChecksumLevel #./api/api.cpp (line:2643)
[0000452] [15:42:04:000000] [Tid0x00001e0c] [debug] <--[C223] DL_SetChecksumLevel
[0000453] [15:42:11:125000] [Tid0x00001e0c] [debug] -->[C224] DL_GetCount #./api/api.cpp (line:2710)
[0000454] [15:42:11:125000] [Tid0x00001e0c] [debug] <--[C224] DL_GetCount
[0000455] [15:42:11:125000] [Tid0x00001e0c] [debug] -->[C225] DL_Rom_GetInfoAll #./api/api.cpp (line:2875)
[0000456] [15:42:11:125000] [Tid0x00001e0c] [debug] <--[C225] DL_Rom_GetInfoAll
[0000457] [15:42:11:140625] [Tid0x00001e0c] [debug] -->[C226] DL_Rom_SetEnableAttr #./api/api.cpp (line:2929)
[0000458] [15:42:11:140625] [Tid0x00001e0c] [debug] <--[C226] DL_Rom_SetEnableAttr
[0000459] [15:42:11:140625] [Tid0x00001e0c] [debug] -->[C227] DL_GetCount #./api/api.cpp (line:2710)
[0000460] [15:42:11:140625] [Tid0x00001e0c] [debug] <--[C227] DL_GetCount
[0000461] [15:42:11:140625] [Tid0x00001e0c] [debug] -->[C228] DL_Rom_GetInfoAll #./api/api.cpp (line:2875)
[0000462] [15:42:11:140625] [Tid0x00001e0c] [debug] <--[C228] DL_Rom_GetInfoAll
[0000463] [15:42:11:156250] [Tid0x00001e0c] [debug] -->[C229] DL_Rom_SetEnableAttr #./api/api.cpp (line:2929)
[0000464] [15:42:11:156250] [Tid0x00001e0c] [debug] <--[C229] DL_Rom_SetEnableAttr
[0000465] [15:42:11:156250] [Tid0x00001e0c] [debug] -->[C230] DL_GetCount #./api/api.cpp (line:2710)
[0000466] [15:42:11:156250] [Tid0x00001e0c] [debug] <--[C230] DL_GetCount
[0000467] [15:42:11:156250] [Tid0x00001e0c] [debug] -->[C231] DL_Rom_GetInfoAll #./api/api.cpp (line:2875)
[0000468] [15:42:11:156250] [Tid0x00001e0c] [debug] <--[C231] DL_Rom_GetInfoAll
[0000469] [15:42:11:171875] [Tid0x00001e0c] [debug] -->[C232] DL_Rom_SetEnableAttr #./api/api.cpp (line:2929)
[0000470] [15:42:11:171875] [Tid0x00001e0c] [debug] <--[C232] DL_Rom_SetEnableAttr
[0000471] [15:42:11:171875] [Tid0x00001e0c] [debug] -->[C233] DL_GetCount #./api/api.cpp (line:2710)
[0000472] [15:42:11:171875] [Tid0x00001e0c] [debug] <--[C233] DL_GetCount
[0000473] [15:42:11:171875] [Tid0x00001e0c] [debug] -->[C234] DL_Rom_GetInfoAll #./api/api.cpp (line:2875)
[0000474] [15:42:11:171875] [Tid0x00001e0c] [debug] <--[C234] DL_Rom_GetInfoAll
[0000475] [15:42:11:187500] [Tid0x00001e0c] [debug] -->[C235] DL_Rom_SetEnableAttr #./api/api.cpp (line:2929)
[0000476] [15:42:11:187500] [Tid0x00001e0c] [debug] <--[C235] DL_Rom_SetEnableAttr
[0000477] [15:42:11:187500] [Tid0x00001e0c] [debug] -->[C236] DL_GetCount #./api/api.cpp (line:2710)
[0000478] [15:42:11:187500] [Tid0x00001e0c] [debug] <--[C236] DL_GetCount
[0000479] [15:42:11:187500] [Tid0x00001e0c] [debug] -->[C237] DL_Rom_GetInfoAll #./api/api.cpp (line:2875)
[0000480] [15:42:11:187500] [Tid0x00001e0c] [debug] <--[C237] DL_Rom_GetInfoAll
[0000481] [15:42:11:203125] [Tid0x00001e0c] [debug] -->[C238] DL_Rom_SetEnableAttr #./api/api.cpp (line:2929)
[0000482] [15:42:11:203125] [Tid0x00001e0c] [debug] <--[C238] DL_Rom_SetEnableAttr
[0000483] [15:42:11:203125] [Tid0x00001e0c] [debug] -->[C239] DL_GetCount #./api/api.cpp (line:2710)
[0000484] [15:42:11:203125] [Tid0x00001e0c] [debug] <--[C239] DL_GetCount
[0000485] [15:42:11:203125] [Tid0x00001e0c] [debug] -->[C240] DL_Rom_GetInfoAll #./api/api.cpp (line:2875)
[0000486] [15:42:11:203125] [Tid0x00001e0c] [debug] <--[C240] DL_Rom_GetInfoAll
[0000487] [15:42:11:218750] [Tid0x00001e0c] [debug] -->[C241] DL_Rom_SetEnableAttr #./api/api.cpp (line:2929)
[0000488] [15:42:11:218750] [Tid0x00001e0c] [debug] <--[C241] DL_Rom_SetEnableAttr
[0000489] [15:42:11:218750] [Tid0x00001e0c] [debug] -->[C242] DL_GetCount #./api/api.cpp (line:2710)
[0000490] [15:42:11:218750] [Tid0x00001e0c] [debug] <--[C242] DL_GetCount
[0000491] [15:42:11:218750] [Tid0x00001e0c] [debug] -->[C243] DL_Rom_GetInfoAll #./api/api.cpp (line:2875)
[0000492] [15:42:11:218750] [Tid0x00001e0c] [debug] <--[C243] DL_Rom_GetInfoAll
[0000493] [15:42:11:218750] [Tid0x00001e0c] [debug] -->[C244] DL_Rom_SetEnableAttr #./api/api.cpp (line:2929)
[0000494] [15:42:11:218750] [Tid0x00001e0c] [debug] <--[C244] DL_Rom_SetEnableAttr
[0000495] [15:42:11:218750] [Tid0x00001e0c] [debug] -->[C245] DL_GetCount #./api/api.cpp (line:2710)
[0000496] [15:42:11:218750] [Tid0x00001e0c] [debug] <--[C245] DL_GetCount
[0000497] [15:42:11:218750] [Tid0x00001e0c] [debug] -->[C246] DL_Rom_GetInfoAll #./api/api.cpp (line:2875)
[0000498] [15:42:11:218750] [Tid0x00001e0c] [debug] <--[C246] DL_Rom_GetInfoAll
[0000499] [15:42:11:234375] [Tid0x00001e0c] [debug] -->[C247] DL_Rom_SetEnableAttr #./api/api.cpp (line:2929)
[0000500] [15:42:11:234375] [Tid0x00001e0c] [debug] <--[C247] DL_Rom_SetEnableAttr
[0000501] [15:42:11:234375] [Tid0x00001e0c] [debug] -->[C248] DL_GetCount #./api/api.cpp (line:2710)
[0000502] [15:42:11:234375] [Tid0x00001e0c] [debug] <--[C248] DL_GetCount
[0000503] [15:42:11:234375] [Tid0x00001e0c] [debug] -->[C249] DL_Rom_GetInfoAll #./api/api.cpp (line:2875)
[0000504] [15:42:11:234375] [Tid0x00001e0c] [debug] <--[C249] DL_Rom_GetInfoAll
[0000505] [15:42:11:234375] [Tid0x00001e0c] [debug] -->[C250] DL_Rom_SetEnableAttr #./api/api.cpp (line:2929)
[0000506] [15:42:11:234375] [Tid0x00001e0c] [debug] <--[C250] DL_Rom_SetEnableAttr
[0000507] [15:42:11:234375] [Tid0x00001e0c] [debug] -->[C251] DL_GetCount #./api/api.cpp (line:2710)
[0000508] [15:42:11:234375] [Tid0x00001e0c] [debug] <--[C251] DL_GetCount
[0000509] [15:42:11:234375] [Tid0x00001e0c] [debug] -->[C252] DL_Rom_GetInfoAll #./api/api.cpp (line:2875)
[0000510] [15:42:11:234375] [Tid0x00001e0c] [debug] <--[C252] DL_Rom_GetInfoAll
[0000511] [15:42:11:250000] [Tid0x00001e0c] [debug] -->[C253] DL_Rom_SetEnableAttr #./api/api.cpp (line:2929)
[0000512] [15:42:11:250000] [Tid0x00001e0c] [debug] <--[C253] DL_Rom_SetEnableAttr
[0000513] [15:42:11:250000] [Tid0x00001e0c] [debug] -->[C254] DL_GetCount #./api/api.cpp (line:2710)
[0000514] [15:42:11:250000] [Tid0x00001e0c] [debug] <--[C254] DL_GetCount
[0000515] [15:42:11:250000] [Tid0x00001e0c] [debug] -->[C255] DL_Rom_GetInfoAll #./api/api.cpp (line:2875)
[0000516] [15:42:11:250000] [Tid0x00001e0c] [debug] <--[C255] DL_Rom_GetInfoAll
[0000517] [15:42:11:250000] [Tid0x00001e0c] [debug] -->[C256] DL_Rom_SetEnableAttr #./api/api.cpp (line:2929)
[0000518] [15:42:11:250000] [Tid0x00001e0c] [debug] <--[C256] DL_Rom_SetEnableAttr
[0000519] [15:42:11:250000] [Tid0x00001e0c] [debug] -->[C257] DL_GetCount #./api/api.cpp (line:2710)
[0000520] [15:42:11:250000] [Tid0x00001e0c] [debug] <--[C257] DL_GetCount
[0000521] [15:42:11:250000] [Tid0x00001e0c] [debug] -->[C258] DL_Rom_GetInfoAll #./api/api.cpp (line:2875)
[0000522] [15:42:11:250000] [Tid0x00001e0c] [debug] <--[C258] DL_Rom_GetInfoAll
[0000523] [15:42:11:250000] [Tid0x00001e0c] [debug] -->[C259] DL_Rom_SetEnableAttr #./api/api.cpp (line:2929)
[0000524] [15:42:11:250000] [Tid0x00001e0c] [debug] <--[C259] DL_Rom_SetEnableAttr
[0000525] [15:42:11:250000] [Tid0x00001e0c] [debug] -->[C260] DL_GetCount #./api/api.cpp (line:2710)
[0000526] [15:42:11:250000] [Tid0x00001e0c] [debug] <--[C260] DL_GetCount
[0000527] [15:42:11:250000] [Tid0x00001e0c] [debug] -->[C261] DL_Rom_GetInfoAll #./api/api.cpp (line:2875)
[0000528] [15:42:11:250000] [Tid0x00001e0c] [debug] <--[C261] DL_Rom_GetInfoAll
[0000529] [15:42:11:265625] [Tid0x00001e0c] [debug] -->[C262] DL_Rom_SetEnableAttr #./api/api.cpp (line:2929)
[0000530] [15:42:11:265625] [Tid0x00001e0c] [debug] <--[C262] DL_Rom_SetEnableAttr
[0000531] [15:42:11:265625] [Tid0x00001e0c] [debug] -->[C263] DL_GetCount #./api/api.cpp (line:2710)
[0000532] [15:42:11:265625] [Tid0x00001e0c] [debug] <--[C263] DL_GetCount
[0000533] [15:42:11:265625] [Tid0x00001e0c] [debug] -->[C264] DL_Rom_GetInfoAll #./api/api.cpp (line:2875)
[0000534] [15:42:11:265625] [Tid0x00001e0c] [debug] <--[C264] DL_Rom_GetInfoAll
[0000535] [15:42:11:265625] [Tid0x00001e0c] [debug] -->[C265] DL_Rom_SetEnableAttr #./api/api.cpp (line:2929)
[0000536] [15:42:11:265625] [Tid0x00001e0c] [debug] <--[C265] DL_Rom_SetEnableAttr
[0000537] [15:42:11:265625] [Tid0x00001e0c] [debug] -->[C266] DL_GetCount #./api/api.cpp (line:2710)
[0000538] [15:42:11:265625] [Tid0x00001e0c] [debug] <--[C266] DL_GetCount
[0000539] [15:42:11:265625] [Tid0x00001e0c] [debug] -->[C267] DL_Rom_GetInfoAll #./api/api.cpp (line:2875)
[0000540] [15:42:11:265625] [Tid0x00001e0c] [debug] <--[C267] DL_Rom_GetInfoAll
[0000541] [15:42:11:265625] [Tid0x00001e0c] [debug] -->[C268] DL_Rom_SetEnableAttr #./api/api.cpp (line:2929)
[0000542] [15:42:11:265625] [Tid0x00001e0c] [debug] <--[C268] DL_Rom_SetEnableAttr
[0000543] [15:42:11:265625] [Tid0x00001e0c] [debug] -->[C269] DL_GetCount #./api/api.cpp (line:2710)
[0000544] [15:42:11:265625] [Tid0x00001e0c] [debug] <--[C269] DL_GetCount
[0000545] [15:42:11:265625] [Tid0x00001e0c] [debug] -->[C270] DL_Rom_GetInfoAll #./api/api.cpp (line:2875)
[0000546] [15:42:11:265625] [Tid0x00001e0c] [debug] <--[C270] DL_Rom_GetInfoAll
[0000547] [15:42:11:281250] [Tid0x00001e0c] [debug] -->[C271] DL_Rom_SetEnableAttr #./api/api.cpp (line:2929)
[0000548] [15:42:11:281250] [Tid0x00001e0c] [debug] <--[C271] DL_Rom_SetEnableAttr
[0000549] [15:42:11:281250] [Tid0x00001e0c] [debug] -->[C272] DL_GetCount #./api/api.cpp (line:2710)
[0000550] [15:42:11:281250] [Tid0x00001e0c] [debug] <--[C272] DL_GetCount
[0000551] [15:42:11:281250] [Tid0x00001e0c] [debug] -->[C273] DL_Rom_GetInfoAll #./api/api.cpp (line:2875)
[0000552] [15:42:11:281250] [Tid0x00001e0c] [debug] <--[C273] DL_Rom_GetInfoAll
[0000553] [15:42:11:281250] [Tid0x00001e0c] [debug] -->[C274] DL_Rom_SetEnableAttr #./api/api.cpp (line:2929)
[0000554] [15:42:11:281250] [Tid0x00001e0c] [debug] <--[C274] DL_Rom_SetEnableAttr
[0000555] [15:42:11:281250] [Tid0x00001e0c] [debug] -->[C275] DL_GetCount #./api/api.cpp (line:2710)
[0000556] [15:42:11:281250] [Tid0x00001e0c] [debug] <--[C275] DL_GetCount
[0000557] [15:42:11:281250] [Tid0x00001e0c] [debug] -->[C276] DL_Rom_GetInfoAll #./api/api.cpp (line:2875)
[0000558] [15:42:11:281250] [Tid0x00001e0c] [debug] <--[C276] DL_Rom_GetInfoAll
[0000559] [15:42:11:296875] [Tid0x00001e0c] [debug] -->[C277] DL_Rom_SetEnableAttr #./api/api.cpp (line:2929)
[0000560] [15:42:11:296875] [Tid0x00001e0c] [debug] <--[C277] DL_Rom_SetEnableAttr
[0000561] [15:42:11:296875] [Tid0x00001e0c] [debug] -->[C278] DL_GetCount #./api/api.cpp (line:2710)
[0000562] [15:42:11:296875] [Tid0x00001e0c] [debug] <--[C278] DL_GetCount
[0000563] [15:42:11:296875] [Tid0x00001e0c] [debug] -->[C279] DL_Rom_GetInfoAll #./api/api.cpp (line:2875)
[0000564] [15:42:11:296875] [Tid0x00001e0c] [debug] <--[C279] DL_Rom_GetInfoAll
[0000565] [15:42:11:296875] [Tid0x00001e0c] [debug] -->[C280] DL_Rom_SetEnableAttr #./api/api.cpp (line:2929)
[0000566] [15:42:11:296875] [Tid0x00001e0c] [debug] <--[C280] DL_Rom_SetEnableAttr
[0000567] [15:42:11:312500] [Tid0x00001e0c] [debug] -->[C281] DL_GetCount #./api/api.cpp (line:2710)
[0000568] [15:42:11:312500] [Tid0x00001e0c] [debug] <--[C281] DL_GetCount
[0000569] [15:42:11:312500] [Tid0x00001e0c] [debug] -->[C282] DL_Rom_GetInfoAll #./api/api.cpp (line:2875)
[0000570] [15:42:11:312500] [Tid0x00001e0c] [debug] <--[C282] DL_Rom_GetInfoAll
[0000571] [15:42:11:312500] [Tid0x00001e0c] [debug] -->[C283] DL_Rom_SetEnableAttr #./api/api.cpp (line:2929)
[0000572] [15:42:11:312500] [Tid0x00001e0c] [debug] <--[C283] DL_Rom_SetEnableAttr
[0000573] [15:42:11:312500] [Tid0x00001e0c] [debug] -->[C284] DL_GetCount #./api/api.cpp (line:2710)
[0000574] [15:42:11:312500] [Tid0x00001e0c] [debug] <--[C284] DL_GetCount
[0000575] [15:42:11:312500] [Tid0x00001e0c] [debug] -->[C285] DL_Rom_GetInfoAll #./api/api.cpp (line:2875)
[0000576] [15:42:11:312500] [Tid0x00001e0c] [debug] <--[C285] DL_Rom_GetInfoAll
[0000577] [15:42:11:328125] [Tid0x00001e0c] [debug] -->[C286] DL_Rom_SetEnableAttr #./api/api.cpp (line:2929)
[0000578] [15:42:11:328125] [Tid0x00001e0c] [debug] <--[C286] DL_Rom_SetEnableAttr
[0000579] [15:42:11:328125] [Tid0x00001e0c] [debug] -->[C287] DL_GetCount #./api/api.cpp (line:2710)
[0000580] [15:42:11:328125] [Tid0x00001e0c] [debug] <--[C287] DL_GetCount
[0000581] [15:42:11:328125] [Tid0x00001e0c] [debug] -->[C288] DL_Rom_GetInfoAll #./api/api.cpp (line:2875)
[0000582] [15:42:11:328125] [Tid0x00001e0c] [debug] <--[C288] DL_Rom_GetInfoAll
[0000583] [15:42:11:343750] [Tid0x00001e0c] [debug] -->[C289] DL_Rom_SetEnableAttr #./api/api.cpp (line:2929)
[0000584] [15:42:11:343750] [Tid0x00001e0c] [debug] <--[C289] DL_Rom_SetEnableAttr
[0000585] [15:42:11:343750] [Tid0x00001e0c] [debug] -->[C290] DL_GetCount #./api/api.cpp (line:2710)
[0000586] [15:42:11:343750] [Tid0x00001e0c] [debug] <--[C290] DL_GetCount
[0000587] [15:42:11:343750] [Tid0x00001e0c] [debug] -->[C291] DL_Rom_GetInfoAll #./api/api.cpp (line:2875)
[0000588] [15:42:11:343750] [Tid0x00001e0c] [debug] <--[C291] DL_Rom_GetInfoAll
[0000589] [15:42:11:359375] [Tid0x00001e0c] [debug] -->[C292] DL_Rom_SetEnableAttr #./api/api.cpp (line:2929)
[0000590] [15:42:11:359375] [Tid0x00001e0c] [debug] <--[C292] DL_Rom_SetEnableAttr
[0000591] [15:42:11:359375] [Tid0x00001e0c] [debug] -->[C293] DL_GetCount #./api/api.cpp (line:2710)
[0000592] [15:42:11:359375] [Tid0x00001e0c] [debug] <--[C293] DL_GetCount
[0000593] [15:42:11:359375] [Tid0x00001e0c] [debug] -->[C294] DL_Rom_GetInfoAll #./api/api.cpp (line:2875)
[0000594] [15:42:11:359375] [Tid0x00001e0c] [debug] <--[C294] DL_Rom_GetInfoAll
[0000595] [15:42:11:375000] [Tid0x00001e0c] [debug] -->[C295] DL_Rom_SetEnableAttr #./api/api.cpp (line:2929)
[0000596] [15:42:11:375000] [Tid0x00001e0c] [debug] <--[C295] DL_Rom_SetEnableAttr
[0000597] [15:42:12:000000] [Tid0x00001e0c] [debug] -->[C296] DL_GetCount #./api/api.cpp (line:2710)
[0000598] [15:42:12:000000] [Tid0x00001e0c] [debug] <--[C296] DL_GetCount
[0000599] [15:42:12:000000] [Tid0x00001e0c] [debug] -->[C297] DL_Rom_GetInfoAll #./api/api.cpp (line:2875)
[0000600] [15:42:12:000000] [Tid0x00001e0c] [debug] <--[C297] DL_Rom_GetInfoAll
[0000601] [15:42:12:015625] [Tid0x00001e0c] [debug] -->[C298] DL_GetCount #./api/api.cpp (line:2710)
[0000602] [15:42:12:015625] [Tid0x00001e0c] [debug] <--[C298] DL_GetCount
[0000603] [15:42:12:015625] [Tid0x00001e0c] [debug] -->[C299] DL_Rom_GetInfoAll #./api/api.cpp (line:2875)
[0000604] [15:42:12:015625] [Tid0x00001e0c] [debug] <--[C299] DL_Rom_GetInfoAll
[0000605] [15:42:20:390625] [Tid0x00001484] [debug] -->[C300] FlashTool_Connect_BROM_ByName #./api/api.cpp (line:2102)
[0000606] [15:42:20:390625] [Tid0x00001484] [debug] -->[C301] FlashTool_Connect_BROM_Ex #./api/api.cpp (line:1862)
[0000607] [15:42:20:390625] [Tid0x00001484] [debug] bCheckScatter: 1
[0000608] [15:42:20:390625] [Tid0x00001484] [debug] have load scatter already
[0000609] [15:42:20:390625] [Tid0x00001484] [debug] libversion 1
[0000610] [15:42:20:609375] [Tid0x00001484] [debug] <--[C301] FlashTool_Connect_BROM_Ex
[0000611] [15:42:20:609375] [Tid0x00001484] [debug] <--[C300] FlashTool_Connect_BROM_ByName
[0000612] [15:42:20:609375] [Tid0x00001484] [debug] -->[C302] FlashTool_GetBootResult #./api/api.cpp (line:2114)
[0000613] [15:42:20:609375] [Tid0x00001484] [debug] <--[C302] FlashTool_GetBootResult
[0000614] [15:42:20:609375] [Tid0x00001484] [debug] -->[C303] FlashTool_Connect_Download_DA #./api/api.cpp (line:2134)
[0000615] [15:42:20:609375] [Tid0x00001484] [debug] bCheckScatter: 1
[0000616] [15:42:24:718750] [Tid0x00001484] [debug] <--[C303] FlashTool_Connect_Download_DA
[0000617] [15:42:24:718750] [Tid0x00001484] [debug] -->[C304] FlashTool_CheckUSBStatus #./api/api.cpp (line:1140)
[0000618] [15:42:24:718750] [Tid0x00001484] [debug] <--[C304] FlashTool_CheckUSBStatus
[0000619] [15:42:24:718750] [Tid0x00001484] [debug] -->[C305] FlashTool_SetupUSBDL #./api/api.cpp (line:1101)
[0000620] [15:42:24:734375] [Tid0x00001484] [debug] <--[C305] FlashTool_SetupUSBDL
[0000621] [15:42:27:078125] [Tid0x00001484] [debug] -->[C306] FlashTool_ChangeCOM_Ex #./api/api.cpp (line:1079)
[0000622] [15:42:27:109375] [Tid0x00001484] [debug] <--[C306] FlashTool_ChangeCOM_Ex
[0000623] [15:42:27:109375] [Tid0x00001484] [debug] -->[C307] FlashTool_CheckUSBStatus #./api/api.cpp (line:1140)
[0000624] [15:42:27:109375] [Tid0x00001484] [debug] <--[C307] FlashTool_CheckUSBStatus
[0000625] [15:42:27:109375] [Tid0x00001484] [debug] -->[C308] FlashTool_GetReservedRomSize #./api/api.cpp (line:1663)
[0000626] [15:42:27:109375] [Tid0x00001484] [debug] <--[C308] FlashTool_GetReservedRomSize
[0000627] [15:42:27:109375] [Tid0x00001484] [debug] -->[C309] FlashTool_Format #./api/api.cpp (line:1332)
[0000628] [15:42:27:390625] [Tid0x00001484] [debug] <--[C309] FlashTool_Format
[0000629] [15:42:27:390625] [Tid0x00001484] [debug] -->[C310] FlashTool_GetReservedRomSize #./api/api.cpp (line:1663)
[0000630] [15:42:27:390625] [Tid0x00001484] [debug] <--[C310] FlashTool_GetReservedRomSize
[0000631] [15:42:27:390625] [Tid0x00001484] [debug] -->[C311] FlashTool_Format #./api/api.cpp (line:1332)
[0000632] [15:42:27:609375] [Tid0x00001484] [debug] <--[C311] FlashTool_Format
[0000633] [15:42:27:609375] [Tid0x00001484] [debug] -->[C312] FlashTool_GetReservedRomSize #./api/api.cpp (line:1663)
[0000634] [15:42:27:609375] [Tid0x00001484] [debug] <--[C312] FlashTool_GetReservedRomSize
[0000635] [15:42:27:609375] [Tid0x00001484] [debug] -->[C313] FlashTool_Format #./api/api.cpp (line:1332)
[0000636] [15:42:27:828125] [Tid0x00001484] [debug] <--[C313] FlashTool_Format
[0000637] [15:42:27:828125] [Tid0x00001484] [debug] -->[C314] FlashTool_GetReservedRomSize #./api/api.cpp (line:1663)
[0000638] [15:42:27:828125] [Tid0x00001484] [debug] <--[C314] FlashTool_GetReservedRomSize
[0000639] [15:42:27:828125] [Tid0x00001484] [debug] -->[C315] FlashTool_Format #./api/api.cpp (line:1332)
[0000640] [15:42:27:921875] [Tid0x00001484] [debug] <--[C315] FlashTool_Format
[0000641] [15:42:27:921875] [Tid0x00001484] [debug] -->[C316] FlashTool_Download #./api/api.cpp (line:1286)
[0000642] [15:45:23:890625] [Tid0x00001484] [debug] <--[C316] FlashTool_Download
[0000643] [15:45:23:890625] [Tid0x00001484] [debug] -->[C317] DL_GetCount #./api/api.cpp (line:2710)
[0000644] [15:45:23:906250] [Tid0x00001484] [debug] <--[C317] DL_GetCount
[0000645] [15:45:23:906250] [Tid0x00001484] [debug] -->[C318] DL_Rom_GetInfoAll #./api/api.cpp (line:2875)
[0000646] [15:45:23:906250] [Tid0x00001484] [debug] <--[C318] DL_Rom_GetInfoAll
[0000647] [15:45:23:906250] [Tid0x00001484] [debug] -->[C319] FlashTool_Disconnect #./api/api.cpp (line:1019)
[0000648] [15:45:23:937500] [Tid0x00001484] [debug] <--[C319] FlashTool_Disconnect
[0000649] [18:31:13:062500] [Tid0x00001e0c] [debug] -->[C320] DL_Rom_UnloadAll #./api/api.cpp (line:2918)
[0000650] [18:31:14:281250] [Tid0x00001e0c] [debug] <--[C320] DL_Rom_UnloadAll
