[0000001] [13:22:42:093750] [Tid0x00000830] [debug] -->[C1] DL_LoadScatter #./api/api.cpp (line:2601)
[0000002] [13:22:42:234375] [Tid0x00000830] [debug] used lib version: 1
[0000003] [13:22:42:234375] [Tid0x00000830] [debug] <--[C1] DL_LoadScatter
[0000004] [13:22:42:234375] [Tid0x00000830] [debug] -->[C2] DL_AutoLoadRomImages #./api/api.cpp (line:2790)
[0000005] [13:22:42:703125] [Tid0x00000830] [debug] <--[C2] DL_AutoLoadRomImages
[0000006] [13:22:42:765625] [Tid0x00001150] [debug] -->[C3] DL_GetCount #./api/api.cpp (line:2710)
[0000007] [13:22:42:765625] [Tid0x00001150] [debug] <--[C3] DL_GetCount
[0000008] [13:22:42:765625] [Tid0x00001150] [debug] -->[C4] DL_Rom_GetInfoAll #./api/api.cpp (line:2875)
[0000009] [13:22:42:765625] [Tid0x00001150] [debug] <--[C4] DL_Rom_GetInfoAll
[0000010] [13:22:42:765625] [Tid0x00001150] [debug] -->[C5] DL_GetScatterInfo #./api/api.cpp (line:2811)
[0000011] [13:22:42:765625] [Tid0x00001150] [debug] <--[C5] DL_GetScatterInfo
[0000012] [13:22:42:781250] [Tid0x00001150] [debug] -->[C6] DL_GetCount #./api/api.cpp (line:2710)
[0000013] [13:22:42:781250] [Tid0x00001150] [debug] <--[C6] DL_GetCount
[0000014] [13:22:42:781250] [Tid0x00001150] [debug] -->[C7] DL_Rom_GetInfoAll #./api/api.cpp (line:2875)
[0000015] [13:22:42:781250] [Tid0x00001150] [debug] <--[C7] DL_Rom_GetInfoAll
[0000016] [13:22:42:781250] [Tid0x00001150] [debug] -->[C8] DL_Rom_SetEnableAttr #./api/api.cpp (line:2929)
[0000017] [13:22:42:781250] [Tid0x00001150] [debug] <--[C8] DL_Rom_SetEnableAttr
[0000018] [13:22:42:781250] [Tid0x00001150] [debug] -->[C9] DL_GetCount #./api/api.cpp (line:2710)
[0000019] [13:22:42:781250] [Tid0x00001150] [debug] <--[C9] DL_GetCount
[0000020] [13:22:42:781250] [Tid0x00001150] [debug] -->[C10] DL_Rom_GetInfoAll #./api/api.cpp (line:2875)
[0000021] [13:22:42:781250] [Tid0x00001150] [debug] <--[C10] DL_Rom_GetInfoAll
[0000022] [13:22:42:796875] [Tid0x00001150] [debug] -->[C11] DL_Rom_SetEnableAttr #./api/api.cpp (line:2929)
[0000023] [13:22:42:796875] [Tid0x00001150] [debug] <--[C11] DL_Rom_SetEnableAttr
[0000024] [13:22:42:796875] [Tid0x00001150] [debug] -->[C12] DL_GetCount #./api/api.cpp (line:2710)
[0000025] [13:22:42:796875] [Tid0x00001150] [debug] <--[C12] DL_GetCount
[0000026] [13:22:42:796875] [Tid0x00001150] [debug] -->[C13] DL_Rom_GetInfoAll #./api/api.cpp (line:2875)
[0000027] [13:22:42:796875] [Tid0x00001150] [debug] <--[C13] DL_Rom_GetInfoAll
[0000028] [13:22:42:796875] [Tid0x00001150] [debug] -->[C14] DL_Rom_SetEnableAttr #./api/api.cpp (line:2929)
[0000029] [13:22:42:796875] [Tid0x00001150] [debug] <--[C14] DL_Rom_SetEnableAttr
[0000030] [13:22:42:796875] [Tid0x00001150] [debug] -->[C15] DL_GetCount #./api/api.cpp (line:2710)
[0000031] [13:22:42:796875] [Tid0x00001150] [debug] <--[C15] DL_GetCount
[0000032] [13:22:42:796875] [Tid0x00001150] [debug] -->[C16] DL_Rom_GetInfoAll #./api/api.cpp (line:2875)
[0000033] [13:22:42:796875] [Tid0x00001150] [debug] <--[C16] DL_Rom_GetInfoAll
[0000034] [13:22:42:812500] [Tid0x00001150] [debug] -->[C17] DL_Rom_SetEnableAttr #./api/api.cpp (line:2929)
[0000035] [13:22:42:812500] [Tid0x00001150] [debug] <--[C17] DL_Rom_SetEnableAttr
[0000036] [13:22:42:812500] [Tid0x00001150] [debug] -->[C18] DL_GetCount #./api/api.cpp (line:2710)
[0000037] [13:22:42:812500] [Tid0x00001150] [debug] <--[C18] DL_GetCount
[0000038] [13:22:42:812500] [Tid0x00001150] [debug] -->[C19] DL_Rom_GetInfoAll #./api/api.cpp (line:2875)
[0000039] [13:22:42:812500] [Tid0x00001150] [debug] <--[C19] DL_Rom_GetInfoAll
[0000040] [13:22:42:812500] [Tid0x00001150] [debug] -->[C20] DL_Rom_SetEnableAttr #./api/api.cpp (line:2929)
[0000041] [13:22:42:812500] [Tid0x00001150] [debug] <--[C20] DL_Rom_SetEnableAttr
[0000042] [13:22:42:812500] [Tid0x00001150] [debug] -->[C21] DL_GetCount #./api/api.cpp (line:2710)
[0000043] [13:22:42:812500] [Tid0x00001150] [debug] <--[C21] DL_GetCount
[0000044] [13:22:42:812500] [Tid0x00001150] [debug] -->[C22] DL_Rom_GetInfoAll #./api/api.cpp (line:2875)
[0000045] [13:22:42:812500] [Tid0x00001150] [debug] <--[C22] DL_Rom_GetInfoAll
[0000046] [13:22:42:828125] [Tid0x00001150] [debug] -->[C23] DL_Rom_SetEnableAttr #./api/api.cpp (line:2929)
[0000047] [13:22:42:828125] [Tid0x00001150] [debug] <--[C23] DL_Rom_SetEnableAttr
[0000048] [13:22:42:828125] [Tid0x00001150] [debug] -->[C24] DL_GetCount #./api/api.cpp (line:2710)
[0000049] [13:22:42:828125] [Tid0x00001150] [debug] <--[C24] DL_GetCount
[0000050] [13:22:42:828125] [Tid0x00001150] [debug] -->[C25] DL_Rom_GetInfoAll #./api/api.cpp (line:2875)
[0000051] [13:22:42:828125] [Tid0x00001150] [debug] <--[C25] DL_Rom_GetInfoAll
[0000052] [13:22:42:828125] [Tid0x00001150] [debug] -->[C26] DL_Rom_SetEnableAttr #./api/api.cpp (line:2929)
[0000053] [13:22:42:828125] [Tid0x00001150] [debug] <--[C26] DL_Rom_SetEnableAttr
[0000054] [13:22:42:828125] [Tid0x00001150] [debug] -->[C27] DL_GetCount #./api/api.cpp (line:2710)
[0000055] [13:22:42:828125] [Tid0x00001150] [debug] <--[C27] DL_GetCount
[0000056] [13:22:42:828125] [Tid0x00001150] [debug] -->[C28] DL_Rom_GetInfoAll #./api/api.cpp (line:2875)
[0000057] [13:22:42:828125] [Tid0x00001150] [debug] <--[C28] DL_Rom_GetInfoAll
[0000058] [13:22:42:843750] [Tid0x00001150] [debug] -->[C29] DL_Rom_SetEnableAttr #./api/api.cpp (line:2929)
[0000059] [13:22:42:843750] [Tid0x00001150] [debug] <--[C29] DL_Rom_SetEnableAttr
[0000060] [13:22:42:843750] [Tid0x00001150] [debug] -->[C30] DL_GetCount #./api/api.cpp (line:2710)
[0000061] [13:22:42:843750] [Tid0x00001150] [debug] <--[C30] DL_GetCount
[0000062] [13:22:42:843750] [Tid0x00001150] [debug] -->[C31] DL_Rom_GetInfoAll #./api/api.cpp (line:2875)
[0000063] [13:22:42:843750] [Tid0x00001150] [debug] <--[C31] DL_Rom_GetInfoAll
[0000064] [13:22:42:843750] [Tid0x00001150] [debug] -->[C32] DL_Rom_SetEnableAttr #./api/api.cpp (line:2929)
[0000065] [13:22:42:843750] [Tid0x00001150] [debug] <--[C32] DL_Rom_SetEnableAttr
[0000066] [13:22:42:843750] [Tid0x00001150] [debug] -->[C33] DL_GetCount #./api/api.cpp (line:2710)
[0000067] [13:22:42:843750] [Tid0x00001150] [debug] <--[C33] DL_GetCount
[0000068] [13:22:42:843750] [Tid0x00001150] [debug] -->[C34] DL_Rom_GetInfoAll #./api/api.cpp (line:2875)
[0000069] [13:22:42:843750] [Tid0x00001150] [debug] <--[C34] DL_Rom_GetInfoAll
[0000070] [13:22:42:859375] [Tid0x00001150] [debug] -->[C35] DL_Rom_SetEnableAttr #./api/api.cpp (line:2929)
[0000071] [13:22:42:859375] [Tid0x00001150] [debug] <--[C35] DL_Rom_SetEnableAttr
[0000072] [13:22:42:859375] [Tid0x00001150] [debug] -->[C36] DL_GetCount #./api/api.cpp (line:2710)
[0000073] [13:22:42:859375] [Tid0x00001150] [debug] <--[C36] DL_GetCount
[0000074] [13:22:42:859375] [Tid0x00001150] [debug] -->[C37] DL_Rom_GetInfoAll #./api/api.cpp (line:2875)
[0000075] [13:22:42:859375] [Tid0x00001150] [debug] <--[C37] DL_Rom_GetInfoAll
[0000076] [13:22:42:859375] [Tid0x00001150] [debug] -->[C38] DL_Rom_SetEnableAttr #./api/api.cpp (line:2929)
[0000077] [13:22:42:859375] [Tid0x00001150] [debug] <--[C38] DL_Rom_SetEnableAttr
[0000078] [13:22:42:859375] [Tid0x00001150] [debug] -->[C39] DL_GetCount #./api/api.cpp (line:2710)
[0000079] [13:22:42:875000] [Tid0x00001150] [debug] <--[C39] DL_GetCount
[0000080] [13:22:42:875000] [Tid0x00001150] [debug] -->[C40] DL_Rom_GetInfoAll #./api/api.cpp (line:2875)
[0000081] [13:22:42:875000] [Tid0x00001150] [debug] <--[C40] DL_Rom_GetInfoAll
[0000082] [13:22:42:875000] [Tid0x00001150] [debug] -->[C41] DL_Rom_SetEnableAttr #./api/api.cpp (line:2929)
[0000083] [13:22:42:875000] [Tid0x00001150] [debug] <--[C41] DL_Rom_SetEnableAttr
[0000084] [13:22:42:875000] [Tid0x00001150] [debug] -->[C42] DL_SetChecksumLevel #./api/api.cpp (line:2643)
[0000085] [13:22:42:875000] [Tid0x00001150] [debug] <--[C42] DL_SetChecksumLevel
[0000086] [13:23:12:390625] [Tid0x000013b0] [debug] -->[C43] FlashTool_Connect_BROM_ByName #./api/api.cpp (line:2102)
[0000087] [13:23:12:390625] [Tid0x000013b0] [debug] -->[C44] FlashTool_Connect_BROM_Ex #./api/api.cpp (line:1862)
[0000088] [13:23:12:390625] [Tid0x000013b0] [debug] bCheckScatter: 1
[0000089] [13:23:12:390625] [Tid0x000013b0] [debug] have load scatter already
[0000090] [13:23:12:390625] [Tid0x000013b0] [debug] libversion 1
[0000091] [13:23:12:546875] [Tid0x000013b0] [debug] <--[C44] FlashTool_Connect_BROM_Ex
[0000092] [13:23:12:546875] [Tid0x000013b0] [debug] <--[C43] FlashTool_Connect_BROM_ByName
[0000093] [13:23:12:546875] [Tid0x000013b0] [debug] -->[C45] FlashTool_GetBootResult #./api/api.cpp (line:2114)
[0000094] [13:23:12:546875] [Tid0x000013b0] [debug] <--[C45] FlashTool_GetBootResult
[0000095] [13:23:12:546875] [Tid0x000013b0] [debug] -->[C46] FlashTool_Connect_Download_DA #./api/api.cpp (line:2134)
[0000096] [13:23:12:546875] [Tid0x000013b0] [debug] bCheckScatter: 1
[0000097] [13:23:16:375000] [Tid0x000013b0] [debug] <--[C46] FlashTool_Connect_Download_DA
[0000098] [13:23:16:375000] [Tid0x000013b0] [debug] -->[C47] FlashTool_CheckUSBStatus #./api/api.cpp (line:1140)
[0000099] [13:23:16:375000] [Tid0x000013b0] [debug] <--[C47] FlashTool_CheckUSBStatus
[0000100] [13:23:16:375000] [Tid0x000013b0] [debug] -->[C48] FlashTool_SetupUSBDL #./api/api.cpp (line:1101)
[0000101] [13:23:16:375000] [Tid0x000013b0] [debug] <--[C48] FlashTool_SetupUSBDL
[0000102] [13:23:18:375000] [Tid0x000013b0] [debug] -->[C49] FlashTool_ChangeCOM_Ex #./api/api.cpp (line:1079)
[0000103] [13:23:18:375000] [Tid0x000013b0] [debug] <--[C49] FlashTool_ChangeCOM_Ex
[0000104] [13:23:18:375000] [Tid0x000013b0] [debug] -->[C50] FlashTool_CheckUSBStatus #./api/api.cpp (line:1140)
[0000105] [13:23:18:375000] [Tid0x000013b0] [debug] <--[C50] FlashTool_CheckUSBStatus
[0000106] [13:23:18:375000] [Tid0x000013b0] [debug] -->[C51] FlashTool_GetReservedRomSize #./api/api.cpp (line:1663)
[0000107] [13:23:18:390625] [Tid0x000013b0] [debug] <--[C51] FlashTool_GetReservedRomSize
[0000108] [13:23:18:390625] [Tid0x000013b0] [debug] -->[C52] FlashTool_Format #./api/api.cpp (line:1332)
[0000109] [13:23:18:609375] [Tid0x000013b0] [debug] <--[C52] FlashTool_Format
[0000110] [13:23:18:656250] [Tid0x000013b0] [debug] -->[C53] FlashTool_GetReservedRomSize #./api/api.cpp (line:1663)
[0000111] [13:23:18:687500] [Tid0x000013b0] [debug] <--[C53] FlashTool_GetReservedRomSize
[0000112] [13:23:18:703125] [Tid0x000013b0] [debug] -->[C54] FlashTool_Format #./api/api.cpp (line:1332)
[0000113] [13:23:18:937500] [Tid0x000013b0] [debug] <--[C54] FlashTool_Format
[0000114] [13:23:18:937500] [Tid0x000013b0] [debug] -->[C55] FlashTool_GetReservedRomSize #./api/api.cpp (line:1663)
[0000115] [13:23:18:937500] [Tid0x000013b0] [debug] <--[C55] FlashTool_GetReservedRomSize
[0000116] [13:23:18:937500] [Tid0x000013b0] [debug] -->[C56] FlashTool_Format #./api/api.cpp (line:1332)
[0000117] [13:23:19:140625] [Tid0x000013b0] [debug] <--[C56] FlashTool_Format
[0000118] [13:23:19:140625] [Tid0x000013b0] [debug] -->[C57] FlashTool_GetReservedRomSize #./api/api.cpp (line:1663)
[0000119] [13:23:19:156250] [Tid0x000013b0] [debug] <--[C57] FlashTool_GetReservedRomSize
[0000120] [13:23:19:156250] [Tid0x000013b0] [debug] -->[C58] FlashTool_Format #./api/api.cpp (line:1332)
[0000121] [13:23:19:921875] [Tid0x000013b0] [debug] <--[C58] FlashTool_Format
[0000122] [13:23:19:921875] [Tid0x000013b0] [debug] -->[C59] FlashTool_Disconnect #./api/api.cpp (line:1019)
[0000123] [13:23:19:953125] [Tid0x000013b0] [debug] <--[C59] FlashTool_Disconnect
[0000124] [13:23:48:796875] [Tid0x000015c4] [debug] -->[C60] DL_LoadScatter #./api/api.cpp (line:2601)
[0000125] [13:23:48:859375] [Tid0x000015c4] [debug] used lib version: 1
[0000126] [13:23:48:859375] [Tid0x000015c4] [debug] <--[C60] DL_LoadScatter
[0000127] [13:23:48:859375] [Tid0x000015c4] [debug] -->[C61] DL_AutoLoadRomImages #./api/api.cpp (line:2790)
[0000128] [13:23:49:578125] [Tid0x000015c4] [debug] <--[C61] DL_AutoLoadRomImages
[0000129] [13:23:49:593750] [Tid0x00001150] [debug] -->[C62] DL_GetCount #./api/api.cpp (line:2710)
[0000130] [13:23:49:593750] [Tid0x00001150] [debug] <--[C62] DL_GetCount
[0000131] [13:23:49:593750] [Tid0x00001150] [debug] -->[C63] DL_Rom_GetInfoAll #./api/api.cpp (line:2875)
[0000132] [13:23:49:593750] [Tid0x00001150] [debug] <--[C63] DL_Rom_GetInfoAll
[0000133] [13:23:49:609375] [Tid0x00001150] [debug] -->[C64] DL_GetScatterInfo #./api/api.cpp (line:2811)
[0000134] [13:23:49:609375] [Tid0x00001150] [debug] <--[C64] DL_GetScatterInfo
[0000135] [13:23:49:609375] [Tid0x00001150] [debug] -->[C65] DL_GetCount #./api/api.cpp (line:2710)
[0000136] [13:23:49:609375] [Tid0x00001150] [debug] <--[C65] DL_GetCount
[0000137] [13:23:49:609375] [Tid0x00001150] [debug] -->[C66] DL_Rom_GetInfoAll #./api/api.cpp (line:2875)
[0000138] [13:23:49:609375] [Tid0x00001150] [debug] <--[C66] DL_Rom_GetInfoAll
[0000139] [13:23:49:625000] [Tid0x00001150] [debug] -->[C67] DL_Rom_SetEnableAttr #./api/api.cpp (line:2929)
[0000140] [13:23:49:625000] [Tid0x00001150] [debug] <--[C67] DL_Rom_SetEnableAttr
[0000141] [13:23:49:765625] [Tid0x00001150] [debug] -->[C68] DL_GetCount #./api/api.cpp (line:2710)
[0000142] [13:23:49:765625] [Tid0x00001150] [debug] <--[C68] DL_GetCount
[0000143] [13:23:49:765625] [Tid0x00001150] [debug] -->[C69] DL_Rom_GetInfoAll #./api/api.cpp (line:2875)
[0000144] [13:23:49:765625] [Tid0x00001150] [debug] <--[C69] DL_Rom_GetInfoAll
[0000145] [13:23:49:765625] [Tid0x00001150] [debug] -->[C70] DL_Rom_SetEnableAttr #./api/api.cpp (line:2929)
[0000146] [13:23:49:765625] [Tid0x00001150] [debug] <--[C70] DL_Rom_SetEnableAttr
[0000147] [13:23:49:765625] [Tid0x00001150] [debug] -->[C71] DL_GetCount #./api/api.cpp (line:2710)
[0000148] [13:23:49:765625] [Tid0x00001150] [debug] <--[C71] DL_GetCount
[0000149] [13:23:49:765625] [Tid0x00001150] [debug] -->[C72] DL_Rom_GetInfoAll #./api/api.cpp (line:2875)
[0000150] [13:23:49:765625] [Tid0x00001150] [debug] <--[C72] DL_Rom_GetInfoAll
[0000151] [13:23:49:781250] [Tid0x00001150] [debug] -->[C73] DL_Rom_SetEnableAttr #./api/api.cpp (line:2929)
[0000152] [13:23:49:781250] [Tid0x00001150] [debug] <--[C73] DL_Rom_SetEnableAttr
[0000153] [13:23:49:781250] [Tid0x00001150] [debug] -->[C74] DL_GetCount #./api/api.cpp (line:2710)
[0000154] [13:23:49:781250] [Tid0x00001150] [debug] <--[C74] DL_GetCount
[0000155] [13:23:49:781250] [Tid0x00001150] [debug] -->[C75] DL_Rom_GetInfoAll #./api/api.cpp (line:2875)
[0000156] [13:23:49:781250] [Tid0x00001150] [debug] <--[C75] DL_Rom_GetInfoAll
[0000157] [13:23:49:781250] [Tid0x00001150] [debug] -->[C76] DL_Rom_SetEnableAttr #./api/api.cpp (line:2929)
[0000158] [13:23:49:781250] [Tid0x00001150] [debug] <--[C76] DL_Rom_SetEnableAttr
[0000159] [13:23:49:781250] [Tid0x00001150] [debug] -->[C77] DL_GetCount #./api/api.cpp (line:2710)
[0000160] [13:23:49:781250] [Tid0x00001150] [debug] <--[C77] DL_GetCount
[0000161] [13:23:49:781250] [Tid0x00001150] [debug] -->[C78] DL_Rom_GetInfoAll #./api/api.cpp (line:2875)
[0000162] [13:23:49:781250] [Tid0x00001150] [debug] <--[C78] DL_Rom_GetInfoAll
[0000163] [13:23:49:796875] [Tid0x00001150] [debug] -->[C79] DL_Rom_SetEnableAttr #./api/api.cpp (line:2929)
[0000164] [13:23:49:796875] [Tid0x00001150] [debug] <--[C79] DL_Rom_SetEnableAttr
[0000165] [13:23:49:796875] [Tid0x00001150] [debug] -->[C80] DL_GetCount #./api/api.cpp (line:2710)
[0000166] [13:23:49:796875] [Tid0x00001150] [debug] <--[C80] DL_GetCount
[0000167] [13:23:49:796875] [Tid0x00001150] [debug] -->[C81] DL_Rom_GetInfoAll #./api/api.cpp (line:2875)
[0000168] [13:23:49:796875] [Tid0x00001150] [debug] <--[C81] DL_Rom_GetInfoAll
[0000169] [13:23:49:812500] [Tid0x00001150] [debug] -->[C82] DL_Rom_SetEnableAttr #./api/api.cpp (line:2929)
[0000170] [13:23:49:812500] [Tid0x00001150] [debug] <--[C82] DL_Rom_SetEnableAttr
[0000171] [13:23:49:812500] [Tid0x00001150] [debug] -->[C83] DL_GetCount #./api/api.cpp (line:2710)
[0000172] [13:23:49:812500] [Tid0x00001150] [debug] <--[C83] DL_GetCount
[0000173] [13:23:49:812500] [Tid0x00001150] [debug] -->[C84] DL_Rom_GetInfoAll #./api/api.cpp (line:2875)
[0000174] [13:23:49:812500] [Tid0x00001150] [debug] <--[C84] DL_Rom_GetInfoAll
[0000175] [13:23:49:812500] [Tid0x00001150] [debug] -->[C85] DL_Rom_SetEnableAttr #./api/api.cpp (line:2929)
[0000176] [13:23:49:812500] [Tid0x00001150] [debug] <--[C85] DL_Rom_SetEnableAttr
[0000177] [13:23:49:812500] [Tid0x00001150] [debug] -->[C86] DL_GetCount #./api/api.cpp (line:2710)
[0000178] [13:23:49:828125] [Tid0x00001150] [debug] <--[C86] DL_GetCount
[0000179] [13:23:49:828125] [Tid0x00001150] [debug] -->[C87] DL_Rom_GetInfoAll #./api/api.cpp (line:2875)
[0000180] [13:23:49:828125] [Tid0x00001150] [debug] <--[C87] DL_Rom_GetInfoAll
[0000181] [13:23:49:843750] [Tid0x00001150] [debug] -->[C88] DL_Rom_SetEnableAttr #./api/api.cpp (line:2929)
[0000182] [13:23:49:843750] [Tid0x00001150] [debug] <--[C88] DL_Rom_SetEnableAttr
[0000183] [13:23:49:843750] [Tid0x00001150] [debug] -->[C89] DL_GetCount #./api/api.cpp (line:2710)
[0000184] [13:23:49:843750] [Tid0x00001150] [debug] <--[C89] DL_GetCount
[0000185] [13:23:49:843750] [Tid0x00001150] [debug] -->[C90] DL_Rom_GetInfoAll #./api/api.cpp (line:2875)
[0000186] [13:23:49:843750] [Tid0x00001150] [debug] <--[C90] DL_Rom_GetInfoAll
[0000187] [13:23:49:843750] [Tid0x00001150] [debug] -->[C91] DL_Rom_SetEnableAttr #./api/api.cpp (line:2929)
[0000188] [13:23:49:843750] [Tid0x00001150] [debug] <--[C91] DL_Rom_SetEnableAttr
[0000189] [13:23:49:859375] [Tid0x00001150] [debug] -->[C92] DL_GetCount #./api/api.cpp (line:2710)
[0000190] [13:23:49:859375] [Tid0x00001150] [debug] <--[C92] DL_GetCount
[0000191] [13:23:49:859375] [Tid0x00001150] [debug] -->[C93] DL_Rom_GetInfoAll #./api/api.cpp (line:2875)
[0000192] [13:23:49:859375] [Tid0x00001150] [debug] <--[C93] DL_Rom_GetInfoAll
[0000193] [13:23:49:859375] [Tid0x00001150] [debug] -->[C94] DL_Rom_SetEnableAttr #./api/api.cpp (line:2929)
[0000194] [13:23:49:859375] [Tid0x00001150] [debug] <--[C94] DL_Rom_SetEnableAttr
[0000195] [13:23:49:859375] [Tid0x00001150] [debug] -->[C95] DL_GetCount #./api/api.cpp (line:2710)
[0000196] [13:23:49:859375] [Tid0x00001150] [debug] <--[C95] DL_GetCount
[0000197] [13:23:49:859375] [Tid0x00001150] [debug] -->[C96] DL_Rom_GetInfoAll #./api/api.cpp (line:2875)
[0000198] [13:23:49:859375] [Tid0x00001150] [debug] <--[C96] DL_Rom_GetInfoAll
[0000199] [13:23:49:875000] [Tid0x00001150] [debug] -->[C97] DL_Rom_SetEnableAttr #./api/api.cpp (line:2929)
[0000200] [13:23:49:875000] [Tid0x00001150] [debug] <--[C97] DL_Rom_SetEnableAttr
[0000201] [13:23:49:875000] [Tid0x00001150] [debug] -->[C98] DL_GetCount #./api/api.cpp (line:2710)
[0000202] [13:23:49:875000] [Tid0x00001150] [debug] <--[C98] DL_GetCount
[0000203] [13:23:49:875000] [Tid0x00001150] [debug] -->[C99] DL_Rom_GetInfoAll #./api/api.cpp (line:2875)
[0000204] [13:23:49:875000] [Tid0x00001150] [debug] <--[C99] DL_Rom_GetInfoAll
[0000205] [13:23:49:890625] [Tid0x00001150] [debug] -->[C100] DL_Rom_SetEnableAttr #./api/api.cpp (line:2929)
[0000206] [13:23:49:890625] [Tid0x00001150] [debug] <--[C100] DL_Rom_SetEnableAttr
[0000207] [13:23:49:890625] [Tid0x00001150] [debug] -->[C101] DL_GetCount #./api/api.cpp (line:2710)
[0000208] [13:23:49:890625] [Tid0x00001150] [debug] <--[C101] DL_GetCount
[0000209] [13:23:49:890625] [Tid0x00001150] [debug] -->[C102] DL_Rom_GetInfoAll #./api/api.cpp (line:2875)
[0000210] [13:23:49:890625] [Tid0x00001150] [debug] <--[C102] DL_Rom_GetInfoAll
[0000211] [13:23:49:890625] [Tid0x00001150] [debug] -->[C103] DL_Rom_SetEnableAttr #./api/api.cpp (line:2929)
[0000212] [13:23:49:890625] [Tid0x00001150] [debug] <--[C103] DL_Rom_SetEnableAttr
[0000213] [13:23:49:890625] [Tid0x00001150] [debug] -->[C104] DL_SetChecksumLevel #./api/api.cpp (line:2643)
[0000214] [13:23:49:890625] [Tid0x00001150] [debug] <--[C104] DL_SetChecksumLevel
[0000215] [13:23:52:765625] [Tid0x00001150] [debug] -->[C105] DL_GetCount #./api/api.cpp (line:2710)
[0000216] [13:23:52:765625] [Tid0x00001150] [debug] <--[C105] DL_GetCount
[0000217] [13:23:52:765625] [Tid0x00001150] [debug] -->[C106] DL_Rom_GetInfoAll #./api/api.cpp (line:2875)
[0000218] [13:23:52:765625] [Tid0x00001150] [debug] <--[C106] DL_Rom_GetInfoAll
[0000219] [13:23:52:765625] [Tid0x00001150] [debug] -->[C107] DL_Rom_SetEnableAttr #./api/api.cpp (line:2929)
[0000220] [13:23:52:765625] [Tid0x00001150] [debug] <--[C107] DL_Rom_SetEnableAttr
[0000221] [13:23:52:765625] [Tid0x00001150] [debug] -->[C108] DL_GetCount #./api/api.cpp (line:2710)
[0000222] [13:23:52:765625] [Tid0x00001150] [debug] <--[C108] DL_GetCount
[0000223] [13:23:52:765625] [Tid0x00001150] [debug] -->[C109] DL_Rom_GetInfoAll #./api/api.cpp (line:2875)
[0000224] [13:23:52:765625] [Tid0x00001150] [debug] <--[C109] DL_Rom_GetInfoAll
[0000225] [13:23:52:781250] [Tid0x00001150] [debug] -->[C110] DL_Rom_SetEnableAttr #./api/api.cpp (line:2929)
[0000226] [13:23:52:781250] [Tid0x00001150] [debug] <--[C110] DL_Rom_SetEnableAttr
[0000227] [13:23:52:781250] [Tid0x00001150] [debug] -->[C111] DL_GetCount #./api/api.cpp (line:2710)
[0000228] [13:23:52:781250] [Tid0x00001150] [debug] <--[C111] DL_GetCount
[0000229] [13:23:52:781250] [Tid0x00001150] [debug] -->[C112] DL_Rom_GetInfoAll #./api/api.cpp (line:2875)
[0000230] [13:23:52:781250] [Tid0x00001150] [debug] <--[C112] DL_Rom_GetInfoAll
[0000231] [13:23:52:781250] [Tid0x00001150] [debug] -->[C113] DL_Rom_SetEnableAttr #./api/api.cpp (line:2929)
[0000232] [13:23:52:781250] [Tid0x00001150] [debug] <--[C113] DL_Rom_SetEnableAttr
[0000233] [13:23:52:796875] [Tid0x00001150] [debug] -->[C114] DL_GetCount #./api/api.cpp (line:2710)
[0000234] [13:23:52:796875] [Tid0x00001150] [debug] <--[C114] DL_GetCount
[0000235] [13:23:52:796875] [Tid0x00001150] [debug] -->[C115] DL_Rom_GetInfoAll #./api/api.cpp (line:2875)
[0000236] [13:23:52:796875] [Tid0x00001150] [debug] <--[C115] DL_Rom_GetInfoAll
[0000237] [13:23:52:796875] [Tid0x00001150] [debug] -->[C116] DL_Rom_SetEnableAttr #./api/api.cpp (line:2929)
[0000238] [13:23:52:796875] [Tid0x00001150] [debug] <--[C116] DL_Rom_SetEnableAttr
[0000239] [13:23:52:796875] [Tid0x00001150] [debug] -->[C117] DL_GetCount #./api/api.cpp (line:2710)
[0000240] [13:23:52:796875] [Tid0x00001150] [debug] <--[C117] DL_GetCount
[0000241] [13:23:52:796875] [Tid0x00001150] [debug] -->[C118] DL_Rom_GetInfoAll #./api/api.cpp (line:2875)
[0000242] [13:23:52:796875] [Tid0x00001150] [debug] <--[C118] DL_Rom_GetInfoAll
[0000243] [13:23:52:796875] [Tid0x00001150] [debug] -->[C119] DL_Rom_SetEnableAttr #./api/api.cpp (line:2929)
[0000244] [13:23:52:796875] [Tid0x00001150] [debug] <--[C119] DL_Rom_SetEnableAttr
[0000245] [13:23:52:796875] [Tid0x00001150] [debug] -->[C120] DL_GetCount #./api/api.cpp (line:2710)
[0000246] [13:23:52:796875] [Tid0x00001150] [debug] <--[C120] DL_GetCount
[0000247] [13:23:52:796875] [Tid0x00001150] [debug] -->[C121] DL_Rom_GetInfoAll #./api/api.cpp (line:2875)
[0000248] [13:23:52:796875] [Tid0x00001150] [debug] <--[C121] DL_Rom_GetInfoAll
[0000249] [13:23:52:812500] [Tid0x00001150] [debug] -->[C122] DL_Rom_SetEnableAttr #./api/api.cpp (line:2929)
[0000250] [13:23:52:812500] [Tid0x00001150] [debug] <--[C122] DL_Rom_SetEnableAttr
[0000251] [13:23:52:812500] [Tid0x00001150] [debug] -->[C123] DL_GetCount #./api/api.cpp (line:2710)
[0000252] [13:23:52:812500] [Tid0x00001150] [debug] <--[C123] DL_GetCount
[0000253] [13:23:52:812500] [Tid0x00001150] [debug] -->[C124] DL_Rom_GetInfoAll #./api/api.cpp (line:2875)
[0000254] [13:23:52:812500] [Tid0x00001150] [debug] <--[C124] DL_Rom_GetInfoAll
[0000255] [13:23:52:812500] [Tid0x00001150] [debug] -->[C125] DL_Rom_SetEnableAttr #./api/api.cpp (line:2929)
[0000256] [13:23:52:812500] [Tid0x00001150] [debug] <--[C125] DL_Rom_SetEnableAttr
[0000257] [13:23:52:812500] [Tid0x00001150] [debug] -->[C126] DL_GetCount #./api/api.cpp (line:2710)
[0000258] [13:23:52:812500] [Tid0x00001150] [debug] <--[C126] DL_GetCount
[0000259] [13:23:52:812500] [Tid0x00001150] [debug] -->[C127] DL_Rom_GetInfoAll #./api/api.cpp (line:2875)
[0000260] [13:23:52:812500] [Tid0x00001150] [debug] <--[C127] DL_Rom_GetInfoAll
[0000261] [13:23:52:828125] [Tid0x00001150] [debug] -->[C128] DL_Rom_SetEnableAttr #./api/api.cpp (line:2929)
[0000262] [13:23:52:828125] [Tid0x00001150] [debug] <--[C128] DL_Rom_SetEnableAttr
[0000263] [13:23:52:828125] [Tid0x00001150] [debug] -->[C129] DL_GetCount #./api/api.cpp (line:2710)
[0000264] [13:23:52:828125] [Tid0x00001150] [debug] <--[C129] DL_GetCount
[0000265] [13:23:52:828125] [Tid0x00001150] [debug] -->[C130] DL_Rom_GetInfoAll #./api/api.cpp (line:2875)
[0000266] [13:23:52:828125] [Tid0x00001150] [debug] <--[C130] DL_Rom_GetInfoAll
[0000267] [13:23:52:828125] [Tid0x00001150] [debug] -->[C131] DL_Rom_SetEnableAttr #./api/api.cpp (line:2929)
[0000268] [13:23:52:828125] [Tid0x00001150] [debug] <--[C131] DL_Rom_SetEnableAttr
[0000269] [13:23:52:828125] [Tid0x00001150] [debug] -->[C132] DL_GetCount #./api/api.cpp (line:2710)
[0000270] [13:23:52:828125] [Tid0x00001150] [debug] <--[C132] DL_GetCount
[0000271] [13:23:52:828125] [Tid0x00001150] [debug] -->[C133] DL_Rom_GetInfoAll #./api/api.cpp (line:2875)
[0000272] [13:23:52:828125] [Tid0x00001150] [debug] <--[C133] DL_Rom_GetInfoAll
[0000273] [13:23:52:828125] [Tid0x00001150] [debug] -->[C134] DL_Rom_SetEnableAttr #./api/api.cpp (line:2929)
[0000274] [13:23:52:828125] [Tid0x00001150] [debug] <--[C134] DL_Rom_SetEnableAttr
[0000275] [13:23:52:828125] [Tid0x00001150] [debug] -->[C135] DL_GetCount #./api/api.cpp (line:2710)
[0000276] [13:23:52:828125] [Tid0x00001150] [debug] <--[C135] DL_GetCount
[0000277] [13:23:52:828125] [Tid0x00001150] [debug] -->[C136] DL_Rom_GetInfoAll #./api/api.cpp (line:2875)
[0000278] [13:23:52:828125] [Tid0x00001150] [debug] <--[C136] DL_Rom_GetInfoAll
[0000279] [13:23:52:828125] [Tid0x00001150] [debug] -->[C137] DL_Rom_SetEnableAttr #./api/api.cpp (line:2929)
[0000280] [13:23:52:828125] [Tid0x00001150] [debug] <--[C137] DL_Rom_SetEnableAttr
[0000281] [13:23:52:828125] [Tid0x00001150] [debug] -->[C138] DL_GetCount #./api/api.cpp (line:2710)
[0000282] [13:23:52:828125] [Tid0x00001150] [debug] <--[C138] DL_GetCount
[0000283] [13:23:52:828125] [Tid0x00001150] [debug] -->[C139] DL_Rom_GetInfoAll #./api/api.cpp (line:2875)
[0000284] [13:23:52:828125] [Tid0x00001150] [debug] <--[C139] DL_Rom_GetInfoAll
[0000285] [13:23:52:828125] [Tid0x00001150] [debug] -->[C140] DL_Rom_SetEnableAttr #./api/api.cpp (line:2929)
[0000286] [13:23:52:828125] [Tid0x00001150] [debug] <--[C140] DL_Rom_SetEnableAttr
[0000287] [13:23:52:843750] [Tid0x00001150] [debug] -->[C141] DL_GetCount #./api/api.cpp (line:2710)
[0000288] [13:23:52:843750] [Tid0x00001150] [debug] <--[C141] DL_GetCount
[0000289] [13:23:52:843750] [Tid0x00001150] [debug] -->[C142] DL_Rom_GetInfoAll #./api/api.cpp (line:2875)
[0000290] [13:23:52:843750] [Tid0x00001150] [debug] <--[C142] DL_Rom_GetInfoAll
[0000291] [13:23:52:843750] [Tid0x00001150] [debug] -->[C143] DL_Rom_SetEnableAttr #./api/api.cpp (line:2929)
[0000292] [13:23:52:843750] [Tid0x00001150] [debug] <--[C143] DL_Rom_SetEnableAttr
[0000293] [13:23:52:843750] [Tid0x00001150] [debug] -->[C144] DL_GetCount #./api/api.cpp (line:2710)
[0000294] [13:23:52:843750] [Tid0x00001150] [debug] <--[C144] DL_GetCount
[0000295] [13:23:52:843750] [Tid0x00001150] [debug] -->[C145] DL_Rom_GetInfoAll #./api/api.cpp (line:2875)
[0000296] [13:23:52:843750] [Tid0x00001150] [debug] <--[C145] DL_Rom_GetInfoAll
[0000297] [13:23:52:843750] [Tid0x00001150] [debug] -->[C146] DL_Rom_SetEnableAttr #./api/api.cpp (line:2929)
[0000298] [13:23:52:843750] [Tid0x00001150] [debug] <--[C146] DL_Rom_SetEnableAttr
[0000299] [13:23:52:843750] [Tid0x00001150] [debug] -->[C147] DL_GetCount #./api/api.cpp (line:2710)
[0000300] [13:23:52:843750] [Tid0x00001150] [debug] <--[C147] DL_GetCount
[0000301] [13:23:52:843750] [Tid0x00001150] [debug] -->[C148] DL_Rom_GetInfoAll #./api/api.cpp (line:2875)
[0000302] [13:23:52:843750] [Tid0x00001150] [debug] <--[C148] DL_Rom_GetInfoAll
[0000303] [13:23:52:843750] [Tid0x00001150] [debug] -->[C149] DL_Rom_SetEnableAttr #./api/api.cpp (line:2929)
[0000304] [13:23:52:843750] [Tid0x00001150] [debug] <--[C149] DL_Rom_SetEnableAttr
[0000305] [13:23:52:843750] [Tid0x00001150] [debug] -->[C150] DL_GetCount #./api/api.cpp (line:2710)
[0000306] [13:23:52:843750] [Tid0x00001150] [debug] <--[C150] DL_GetCount
[0000307] [13:23:52:843750] [Tid0x00001150] [debug] -->[C151] DL_Rom_GetInfoAll #./api/api.cpp (line:2875)
[0000308] [13:23:52:843750] [Tid0x00001150] [debug] <--[C151] DL_Rom_GetInfoAll
[0000309] [13:23:52:843750] [Tid0x00001150] [debug] -->[C152] DL_Rom_SetEnableAttr #./api/api.cpp (line:2929)
[0000310] [13:23:52:843750] [Tid0x00001150] [debug] <--[C152] DL_Rom_SetEnableAttr
[0000311] [13:23:52:843750] [Tid0x00001150] [debug] -->[C153] DL_GetCount #./api/api.cpp (line:2710)
[0000312] [13:23:52:843750] [Tid0x00001150] [debug] <--[C153] DL_GetCount
[0000313] [13:23:52:843750] [Tid0x00001150] [debug] -->[C154] DL_Rom_GetInfoAll #./api/api.cpp (line:2875)
[0000314] [13:23:52:843750] [Tid0x00001150] [debug] <--[C154] DL_Rom_GetInfoAll
[0000315] [13:23:52:859375] [Tid0x00001150] [debug] -->[C155] DL_Rom_SetEnableAttr #./api/api.cpp (line:2929)
[0000316] [13:23:52:859375] [Tid0x00001150] [debug] <--[C155] DL_Rom_SetEnableAttr
[0000317] [13:23:52:859375] [Tid0x00001150] [debug] -->[C156] DL_GetCount #./api/api.cpp (line:2710)
[0000318] [13:23:52:859375] [Tid0x00001150] [debug] <--[C156] DL_GetCount
[0000319] [13:23:52:859375] [Tid0x00001150] [debug] -->[C157] DL_Rom_GetInfoAll #./api/api.cpp (line:2875)
[0000320] [13:23:52:859375] [Tid0x00001150] [debug] <--[C157] DL_Rom_GetInfoAll
[0000321] [13:23:52:859375] [Tid0x00001150] [debug] -->[C158] DL_Rom_SetEnableAttr #./api/api.cpp (line:2929)
[0000322] [13:23:52:859375] [Tid0x00001150] [debug] <--[C158] DL_Rom_SetEnableAttr
[0000323] [13:23:52:859375] [Tid0x00001150] [debug] -->[C159] DL_GetCount #./api/api.cpp (line:2710)
[0000324] [13:23:52:859375] [Tid0x00001150] [debug] <--[C159] DL_GetCount
[0000325] [13:23:52:859375] [Tid0x00001150] [debug] -->[C160] DL_Rom_GetInfoAll #./api/api.cpp (line:2875)
[0000326] [13:23:52:859375] [Tid0x00001150] [debug] <--[C160] DL_Rom_GetInfoAll
[0000327] [13:23:52:875000] [Tid0x00001150] [debug] -->[C161] DL_Rom_SetEnableAttr #./api/api.cpp (line:2929)
[0000328] [13:23:52:875000] [Tid0x00001150] [debug] <--[C161] DL_Rom_SetEnableAttr
[0000329] [13:23:52:875000] [Tid0x00001150] [debug] -->[C162] DL_GetCount #./api/api.cpp (line:2710)
[0000330] [13:23:52:875000] [Tid0x00001150] [debug] <--[C162] DL_GetCount
[0000331] [13:23:52:875000] [Tid0x00001150] [debug] -->[C163] DL_Rom_GetInfoAll #./api/api.cpp (line:2875)
[0000332] [13:23:52:875000] [Tid0x00001150] [debug] <--[C163] DL_Rom_GetInfoAll
[0000333] [13:23:52:875000] [Tid0x00001150] [debug] -->[C164] DL_Rom_SetEnableAttr #./api/api.cpp (line:2929)
[0000334] [13:23:52:875000] [Tid0x00001150] [debug] <--[C164] DL_Rom_SetEnableAttr
[0000335] [13:23:52:875000] [Tid0x00001150] [debug] -->[C165] DL_GetCount #./api/api.cpp (line:2710)
[0000336] [13:23:52:875000] [Tid0x00001150] [debug] <--[C165] DL_GetCount
[0000337] [13:23:52:875000] [Tid0x00001150] [debug] -->[C166] DL_Rom_GetInfoAll #./api/api.cpp (line:2875)
[0000338] [13:23:52:875000] [Tid0x00001150] [debug] <--[C166] DL_Rom_GetInfoAll
[0000339] [13:23:52:875000] [Tid0x00001150] [debug] -->[C167] DL_Rom_SetEnableAttr #./api/api.cpp (line:2929)
[0000340] [13:23:52:875000] [Tid0x00001150] [debug] <--[C167] DL_Rom_SetEnableAttr
[0000341] [13:23:52:890625] [Tid0x00001150] [debug] -->[C168] DL_GetCount #./api/api.cpp (line:2710)
[0000342] [13:23:52:890625] [Tid0x00001150] [debug] <--[C168] DL_GetCount
[0000343] [13:23:52:890625] [Tid0x00001150] [debug] -->[C169] DL_Rom_GetInfoAll #./api/api.cpp (line:2875)
[0000344] [13:23:52:890625] [Tid0x00001150] [debug] <--[C169] DL_Rom_GetInfoAll
[0000345] [13:23:52:890625] [Tid0x00001150] [debug] -->[C170] DL_Rom_SetEnableAttr #./api/api.cpp (line:2929)
[0000346] [13:23:52:890625] [Tid0x00001150] [debug] <--[C170] DL_Rom_SetEnableAttr
[0000347] [13:23:52:890625] [Tid0x00001150] [debug] -->[C171] DL_GetCount #./api/api.cpp (line:2710)
[0000348] [13:23:52:890625] [Tid0x00001150] [debug] <--[C171] DL_GetCount
[0000349] [13:23:52:890625] [Tid0x00001150] [debug] -->[C172] DL_Rom_GetInfoAll #./api/api.cpp (line:2875)
[0000350] [13:23:52:890625] [Tid0x00001150] [debug] <--[C172] DL_Rom_GetInfoAll
[0000351] [13:23:52:906250] [Tid0x00001150] [debug] -->[C173] DL_Rom_SetEnableAttr #./api/api.cpp (line:2929)
[0000352] [13:23:52:906250] [Tid0x00001150] [debug] <--[C173] DL_Rom_SetEnableAttr
[0000353] [13:23:52:921875] [Tid0x00001150] [debug] -->[C174] DL_GetCount #./api/api.cpp (line:2710)
[0000354] [13:23:52:921875] [Tid0x00001150] [debug] <--[C174] DL_GetCount
[0000355] [13:23:52:921875] [Tid0x00001150] [debug] -->[C175] DL_Rom_GetInfoAll #./api/api.cpp (line:2875)
[0000356] [13:23:52:921875] [Tid0x00001150] [debug] <--[C175] DL_Rom_GetInfoAll
[0000357] [13:23:52:921875] [Tid0x00001150] [debug] -->[C176] DL_Rom_SetEnableAttr #./api/api.cpp (line:2929)
[0000358] [13:23:52:921875] [Tid0x00001150] [debug] <--[C176] DL_Rom_SetEnableAttr
[0000359] [13:23:54:937500] [Tid0x00001150] [debug] -->[C177] DL_GetCount #./api/api.cpp (line:2710)
[0000360] [13:23:54:937500] [Tid0x00001150] [debug] <--[C177] DL_GetCount
[0000361] [13:23:54:937500] [Tid0x00001150] [debug] -->[C178] DL_Rom_GetInfoAll #./api/api.cpp (line:2875)
[0000362] [13:23:54:937500] [Tid0x00001150] [debug] <--[C178] DL_Rom_GetInfoAll
[0000363] [13:23:54:937500] [Tid0x00001150] [debug] -->[C179] DL_GetCount #./api/api.cpp (line:2710)
[0000364] [13:23:54:937500] [Tid0x00001150] [debug] <--[C179] DL_GetCount
[0000365] [13:23:54:937500] [Tid0x00001150] [debug] -->[C180] DL_Rom_GetInfoAll #./api/api.cpp (line:2875)
[0000366] [13:23:54:937500] [Tid0x00001150] [debug] <--[C180] DL_Rom_GetInfoAll
[0000367] [13:24:05:125000] [Tid0x0000094c] [debug] -->[C181] FlashTool_Connect_BROM_ByName #./api/api.cpp (line:2102)
[0000368] [13:24:05:125000] [Tid0x0000094c] [debug] -->[C182] FlashTool_Connect_BROM_Ex #./api/api.cpp (line:1862)
[0000369] [13:24:05:125000] [Tid0x0000094c] [debug] bCheckScatter: 1
[0000370] [13:24:05:125000] [Tid0x0000094c] [debug] have load scatter already
[0000371] [13:24:05:125000] [Tid0x0000094c] [debug] libversion 1
[0000372] [13:24:05:296875] [Tid0x0000094c] [debug] <--[C182] FlashTool_Connect_BROM_Ex
[0000373] [13:24:05:296875] [Tid0x0000094c] [debug] <--[C181] FlashTool_Connect_BROM_ByName
[0000374] [13:24:05:296875] [Tid0x0000094c] [debug] -->[C183] FlashTool_GetBootResult #./api/api.cpp (line:2114)
[0000375] [13:24:05:296875] [Tid0x0000094c] [debug] <--[C183] FlashTool_GetBootResult
[0000376] [13:24:05:296875] [Tid0x0000094c] [debug] -->[C184] FlashTool_Connect_Download_DA #./api/api.cpp (line:2134)
[0000377] [13:24:05:296875] [Tid0x0000094c] [debug] bCheckScatter: 1
[0000378] [13:24:09:156250] [Tid0x0000094c] [debug] <--[C184] FlashTool_Connect_Download_DA
[0000379] [13:24:09:156250] [Tid0x0000094c] [debug] -->[C185] FlashTool_CheckUSBStatus #./api/api.cpp (line:1140)
[0000380] [13:24:09:156250] [Tid0x0000094c] [debug] <--[C185] FlashTool_CheckUSBStatus
[0000381] [13:24:09:156250] [Tid0x0000094c] [debug] -->[C186] FlashTool_SetupUSBDL #./api/api.cpp (line:1101)
[0000382] [13:24:09:156250] [Tid0x0000094c] [debug] <--[C186] FlashTool_SetupUSBDL
[0000383] [13:24:12:093750] [Tid0x0000094c] [debug] -->[C187] FlashTool_ChangeCOM_Ex #./api/api.cpp (line:1079)
[0000384] [13:24:12:093750] [Tid0x0000094c] [debug] <--[C187] FlashTool_ChangeCOM_Ex
[0000385] [13:24:12:093750] [Tid0x0000094c] [debug] -->[C188] FlashTool_CheckUSBStatus #./api/api.cpp (line:1140)
[0000386] [13:24:12:093750] [Tid0x0000094c] [debug] <--[C188] FlashTool_CheckUSBStatus
[0000387] [13:24:12:093750] [Tid0x0000094c] [debug] -->[C189] FlashTool_GetReservedRomSize #./api/api.cpp (line:1663)
[0000388] [13:24:12:093750] [Tid0x0000094c] [debug] <--[C189] FlashTool_GetReservedRomSize
[0000389] [13:24:12:093750] [Tid0x0000094c] [debug] -->[C190] FlashTool_Format #./api/api.cpp (line:1332)
[0000390] [13:24:12:312500] [Tid0x0000094c] [debug] <--[C190] FlashTool_Format
[0000391] [13:24:12:312500] [Tid0x0000094c] [debug] -->[C191] FlashTool_GetReservedRomSize #./api/api.cpp (line:1663)
[0000392] [13:24:12:312500] [Tid0x0000094c] [debug] <--[C191] FlashTool_GetReservedRomSize
[0000393] [13:24:12:312500] [Tid0x0000094c] [debug] -->[C192] FlashTool_Format #./api/api.cpp (line:1332)
[0000394] [13:24:12:515625] [Tid0x0000094c] [debug] <--[C192] FlashTool_Format
[0000395] [13:24:12:515625] [Tid0x0000094c] [debug] -->[C193] FlashTool_GetReservedRomSize #./api/api.cpp (line:1663)
[0000396] [13:24:12:515625] [Tid0x0000094c] [debug] <--[C193] FlashTool_GetReservedRomSize
[0000397] [13:24:12:515625] [Tid0x0000094c] [debug] -->[C194] FlashTool_Format #./api/api.cpp (line:1332)
[0000398] [13:24:12:718750] [Tid0x0000094c] [debug] <--[C194] FlashTool_Format
[0000399] [13:24:12:718750] [Tid0x0000094c] [debug] -->[C195] FlashTool_GetReservedRomSize #./api/api.cpp (line:1663)
[0000400] [13:24:12:718750] [Tid0x0000094c] [debug] <--[C195] FlashTool_GetReservedRomSize
[0000401] [13:24:12:718750] [Tid0x0000094c] [debug] -->[C196] FlashTool_Format #./api/api.cpp (line:1332)
[0000402] [13:24:12:828125] [Tid0x0000094c] [debug] <--[C196] FlashTool_Format
[0000403] [13:24:12:828125] [Tid0x0000094c] [debug] -->[C197] FlashTool_Download #./api/api.cpp (line:1286)
[0000404] [13:27:08:968750] [Tid0x0000094c] [debug] <--[C197] FlashTool_Download
[0000405] [13:27:08:968750] [Tid0x0000094c] [debug] -->[C198] DL_GetCount #./api/api.cpp (line:2710)
[0000406] [13:27:08:968750] [Tid0x0000094c] [debug] <--[C198] DL_GetCount
[0000407] [13:27:08:968750] [Tid0x0000094c] [debug] -->[C199] DL_Rom_GetInfoAll #./api/api.cpp (line:2875)
[0000408] [13:27:08:968750] [Tid0x0000094c] [debug] <--[C199] DL_Rom_GetInfoAll
[0000409] [13:27:08:968750] [Tid0x0000094c] [debug] -->[C200] FlashTool_Disconnect #./api/api.cpp (line:1019)
[0000410] [13:27:09:000000] [Tid0x0000094c] [debug] <--[C200] FlashTool_Disconnect
