[0000001] [14:58:33:984375] [Tid0x000018d0] [debug] -->[C1] DL_LoadScatter #./api/api.cpp (line:2601)
[0000002] [14:58:34:140625] [Tid0x000018d0] [debug] used lib version: 1
[0000003] [14:58:34:140625] [Tid0x000018d0] [debug] <--[C1] DL_LoadScatter
[0000004] [14:58:34:140625] [Tid0x000018d0] [debug] -->[C2] DL_AutoLoadRomImages #./api/api.cpp (line:2790)
[0000005] [14:58:35:031250] [Tid0x000018d0] [debug] <--[C2] DL_AutoLoadRomImages
[0000006] [14:58:35:140625] [Tid0x0000082c] [debug] -->[C3] DL_GetCount #./api/api.cpp (line:2710)
[0000007] [14:58:35:140625] [Tid0x0000082c] [debug] <--[C3] DL_GetCount
[0000008] [14:58:35:156250] [Tid0x0000082c] [debug] -->[C4] DL_Rom_GetInfoAll #./api/api.cpp (line:2875)
[0000009] [14:58:35:156250] [Tid0x0000082c] [debug] <--[C4] DL_Rom_GetInfoAll
[0000010] [14:58:35:203125] [Tid0x0000082c] [debug] -->[C5] DL_GetScatterInfo #./api/api.cpp (line:2811)
[0000011] [14:58:35:203125] [Tid0x0000082c] [debug] <--[C5] DL_GetScatterInfo
[0000012] [14:58:35:203125] [Tid0x0000082c] [debug] -->[C6] DL_GetCount #./api/api.cpp (line:2710)
[0000013] [14:58:35:203125] [Tid0x0000082c] [debug] <--[C6] DL_GetCount
[0000014] [14:58:35:203125] [Tid0x0000082c] [debug] -->[C7] DL_Rom_GetInfoAll #./api/api.cpp (line:2875)
[0000015] [14:58:35:203125] [Tid0x0000082c] [debug] <--[C7] DL_Rom_GetInfoAll
[0000016] [14:58:35:218750] [Tid0x0000082c] [debug] -->[C8] DL_Rom_SetEnableAttr #./api/api.cpp (line:2929)
[0000017] [14:58:35:218750] [Tid0x0000082c] [debug] <--[C8] DL_Rom_SetEnableAttr
[0000018] [14:58:35:218750] [Tid0x0000082c] [debug] -->[C9] DL_GetCount #./api/api.cpp (line:2710)
[0000019] [14:58:35:218750] [Tid0x0000082c] [debug] <--[C9] DL_GetCount
[0000020] [14:58:35:218750] [Tid0x0000082c] [debug] -->[C10] DL_Rom_GetInfoAll #./api/api.cpp (line:2875)
[0000021] [14:58:35:218750] [Tid0x0000082c] [debug] <--[C10] DL_Rom_GetInfoAll
[0000022] [14:58:35:218750] [Tid0x0000082c] [debug] -->[C11] DL_Rom_SetEnableAttr #./api/api.cpp (line:2929)
[0000023] [14:58:35:218750] [Tid0x0000082c] [debug] <--[C11] DL_Rom_SetEnableAttr
[0000024] [14:58:35:218750] [Tid0x0000082c] [debug] -->[C12] DL_GetCount #./api/api.cpp (line:2710)
[0000025] [14:58:35:218750] [Tid0x0000082c] [debug] <--[C12] DL_GetCount
[0000026] [14:58:35:218750] [Tid0x0000082c] [debug] -->[C13] DL_Rom_GetInfoAll #./api/api.cpp (line:2875)
[0000027] [14:58:35:218750] [Tid0x0000082c] [debug] <--[C13] DL_Rom_GetInfoAll
[0000028] [14:58:35:234375] [Tid0x0000082c] [debug] -->[C14] DL_Rom_SetEnableAttr #./api/api.cpp (line:2929)
[0000029] [14:58:35:234375] [Tid0x0000082c] [debug] <--[C14] DL_Rom_SetEnableAttr
[0000030] [14:58:35:234375] [Tid0x0000082c] [debug] -->[C15] DL_GetCount #./api/api.cpp (line:2710)
[0000031] [14:58:35:234375] [Tid0x0000082c] [debug] <--[C15] DL_GetCount
[0000032] [14:58:35:234375] [Tid0x0000082c] [debug] -->[C16] DL_Rom_GetInfoAll #./api/api.cpp (line:2875)
[0000033] [14:58:35:234375] [Tid0x0000082c] [debug] <--[C16] DL_Rom_GetInfoAll
[0000034] [14:58:35:234375] [Tid0x0000082c] [debug] -->[C17] DL_Rom_SetEnableAttr #./api/api.cpp (line:2929)
[0000035] [14:58:35:234375] [Tid0x0000082c] [debug] <--[C17] DL_Rom_SetEnableAttr
[0000036] [14:58:35:234375] [Tid0x0000082c] [debug] -->[C18] DL_GetCount #./api/api.cpp (line:2710)
[0000037] [14:58:35:234375] [Tid0x0000082c] [debug] <--[C18] DL_GetCount
[0000038] [14:58:35:234375] [Tid0x0000082c] [debug] -->[C19] DL_Rom_GetInfoAll #./api/api.cpp (line:2875)
[0000039] [14:58:35:234375] [Tid0x0000082c] [debug] <--[C19] DL_Rom_GetInfoAll
[0000040] [14:58:35:250000] [Tid0x0000082c] [debug] -->[C20] DL_Rom_SetEnableAttr #./api/api.cpp (line:2929)
[0000041] [14:58:35:250000] [Tid0x0000082c] [debug] <--[C20] DL_Rom_SetEnableAttr
[0000042] [14:58:35:250000] [Tid0x0000082c] [debug] -->[C21] DL_GetCount #./api/api.cpp (line:2710)
[0000043] [14:58:35:250000] [Tid0x0000082c] [debug] <--[C21] DL_GetCount
[0000044] [14:58:35:250000] [Tid0x0000082c] [debug] -->[C22] DL_Rom_GetInfoAll #./api/api.cpp (line:2875)
[0000045] [14:58:35:250000] [Tid0x0000082c] [debug] <--[C22] DL_Rom_GetInfoAll
[0000046] [14:58:35:250000] [Tid0x0000082c] [debug] -->[C23] DL_Rom_SetEnableAttr #./api/api.cpp (line:2929)
[0000047] [14:58:35:250000] [Tid0x0000082c] [debug] <--[C23] DL_Rom_SetEnableAttr
[0000048] [14:58:35:250000] [Tid0x0000082c] [debug] -->[C24] DL_GetCount #./api/api.cpp (line:2710)
[0000049] [14:58:35:250000] [Tid0x0000082c] [debug] <--[C24] DL_GetCount
[0000050] [14:58:35:250000] [Tid0x0000082c] [debug] -->[C25] DL_Rom_GetInfoAll #./api/api.cpp (line:2875)
[0000051] [14:58:35:250000] [Tid0x0000082c] [debug] <--[C25] DL_Rom_GetInfoAll
[0000052] [14:58:35:265625] [Tid0x0000082c] [debug] -->[C26] DL_Rom_SetEnableAttr #./api/api.cpp (line:2929)
[0000053] [14:58:35:265625] [Tid0x0000082c] [debug] <--[C26] DL_Rom_SetEnableAttr
[0000054] [14:58:35:265625] [Tid0x0000082c] [debug] -->[C27] DL_GetCount #./api/api.cpp (line:2710)
[0000055] [14:58:35:265625] [Tid0x0000082c] [debug] <--[C27] DL_GetCount
[0000056] [14:58:35:265625] [Tid0x0000082c] [debug] -->[C28] DL_Rom_GetInfoAll #./api/api.cpp (line:2875)
[0000057] [14:58:35:265625] [Tid0x0000082c] [debug] <--[C28] DL_Rom_GetInfoAll
[0000058] [14:58:35:265625] [Tid0x0000082c] [debug] -->[C29] DL_Rom_SetEnableAttr #./api/api.cpp (line:2929)
[0000059] [14:58:35:265625] [Tid0x0000082c] [debug] <--[C29] DL_Rom_SetEnableAttr
[0000060] [14:58:35:265625] [Tid0x0000082c] [debug] -->[C30] DL_GetCount #./api/api.cpp (line:2710)
[0000061] [14:58:35:265625] [Tid0x0000082c] [debug] <--[C30] DL_GetCount
[0000062] [14:58:35:265625] [Tid0x0000082c] [debug] -->[C31] DL_Rom_GetInfoAll #./api/api.cpp (line:2875)
[0000063] [14:58:35:265625] [Tid0x0000082c] [debug] <--[C31] DL_Rom_GetInfoAll
[0000064] [14:58:35:281250] [Tid0x0000082c] [debug] -->[C32] DL_Rom_SetEnableAttr #./api/api.cpp (line:2929)
[0000065] [14:58:35:281250] [Tid0x0000082c] [debug] <--[C32] DL_Rom_SetEnableAttr
[0000066] [14:58:35:281250] [Tid0x0000082c] [debug] -->[C33] DL_GetCount #./api/api.cpp (line:2710)
[0000067] [14:58:35:281250] [Tid0x0000082c] [debug] <--[C33] DL_GetCount
[0000068] [14:58:35:281250] [Tid0x0000082c] [debug] -->[C34] DL_Rom_GetInfoAll #./api/api.cpp (line:2875)
[0000069] [14:58:35:281250] [Tid0x0000082c] [debug] <--[C34] DL_Rom_GetInfoAll
[0000070] [14:58:35:281250] [Tid0x0000082c] [debug] -->[C35] DL_Rom_SetEnableAttr #./api/api.cpp (line:2929)
[0000071] [14:58:35:281250] [Tid0x0000082c] [debug] <--[C35] DL_Rom_SetEnableAttr
[0000072] [14:58:35:281250] [Tid0x0000082c] [debug] -->[C36] DL_GetCount #./api/api.cpp (line:2710)
[0000073] [14:58:35:281250] [Tid0x0000082c] [debug] <--[C36] DL_GetCount
[0000074] [14:58:35:281250] [Tid0x0000082c] [debug] -->[C37] DL_Rom_GetInfoAll #./api/api.cpp (line:2875)
[0000075] [14:58:35:281250] [Tid0x0000082c] [debug] <--[C37] DL_Rom_GetInfoAll
[0000076] [14:58:35:296875] [Tid0x0000082c] [debug] -->[C38] DL_Rom_SetEnableAttr #./api/api.cpp (line:2929)
[0000077] [14:58:35:296875] [Tid0x0000082c] [debug] <--[C38] DL_Rom_SetEnableAttr
[0000078] [14:58:35:296875] [Tid0x0000082c] [debug] -->[C39] DL_SetChecksumLevel #./api/api.cpp (line:2643)
[0000079] [14:58:35:296875] [Tid0x0000082c] [debug] <--[C39] DL_SetChecksumLevel
[0000080] [14:58:55:890625] [Tid0x0000082c] [debug] -->[C40] DL_GetCount #./api/api.cpp (line:2710)
[0000081] [14:58:55:890625] [Tid0x0000082c] [debug] <--[C40] DL_GetCount
[0000082] [14:58:55:890625] [Tid0x0000082c] [debug] -->[C41] DL_Rom_GetInfoAll #./api/api.cpp (line:2875)
[0000083] [14:58:55:890625] [Tid0x0000082c] [debug] <--[C41] DL_Rom_GetInfoAll
[0000084] [14:58:55:890625] [Tid0x000018d0] [debug] -->[C42] DL_Rom_Unload #./api/api.cpp (line:2907)
[0000085] [14:58:55:890625] [Tid0x000018d0] [debug] <--[C42] DL_Rom_Unload
[0000086] [14:58:55:890625] [Tid0x000018d0] [debug] -->[C43] DL_Rom_Load #./api/api.cpp (line:2896)
[0000087] [14:58:55:984375] [Tid0x000018d0] [debug] <--[C43] DL_Rom_Load
[0000088] [14:58:56:000000] [Tid0x0000082c] [debug] -->[C44] DL_GetCount #./api/api.cpp (line:2710)
[0000089] [14:58:56:000000] [Tid0x0000082c] [debug] <--[C44] DL_GetCount
[0000090] [14:58:56:000000] [Tid0x0000082c] [debug] -->[C45] DL_Rom_GetInfoAll #./api/api.cpp (line:2875)
[0000091] [14:58:56:000000] [Tid0x0000082c] [debug] <--[C45] DL_Rom_GetInfoAll
[0000092] [14:58:56:000000] [Tid0x0000082c] [debug] -->[C46] DL_GetScatterInfo #./api/api.cpp (line:2811)
[0000093] [14:58:56:000000] [Tid0x0000082c] [debug] <--[C46] DL_GetScatterInfo
[0000094] [14:58:56:015625] [Tid0x0000082c] [debug] -->[C47] DL_GetCount #./api/api.cpp (line:2710)
[0000095] [14:58:56:015625] [Tid0x0000082c] [debug] <--[C47] DL_GetCount
[0000096] [14:58:56:015625] [Tid0x0000082c] [debug] -->[C48] DL_Rom_GetInfoAll #./api/api.cpp (line:2875)
[0000097] [14:58:56:015625] [Tid0x0000082c] [debug] <--[C48] DL_Rom_GetInfoAll
[0000098] [14:58:56:015625] [Tid0x0000082c] [debug] -->[C49] DL_Rom_SetEnableAttr #./api/api.cpp (line:2929)
[0000099] [14:58:56:015625] [Tid0x0000082c] [debug] <--[C49] DL_Rom_SetEnableAttr
[0000100] [14:58:56:015625] [Tid0x0000082c] [debug] -->[C50] DL_GetCount #./api/api.cpp (line:2710)
[0000101] [14:58:56:015625] [Tid0x0000082c] [debug] <--[C50] DL_GetCount
[0000102] [14:58:56:015625] [Tid0x0000082c] [debug] -->[C51] DL_Rom_GetInfoAll #./api/api.cpp (line:2875)
[0000103] [14:58:56:015625] [Tid0x0000082c] [debug] <--[C51] DL_Rom_GetInfoAll
[0000104] [14:58:56:015625] [Tid0x0000082c] [debug] -->[C52] DL_Rom_SetEnableAttr #./api/api.cpp (line:2929)
[0000105] [14:58:56:015625] [Tid0x0000082c] [debug] <--[C52] DL_Rom_SetEnableAttr
[0000106] [14:58:56:031250] [Tid0x0000082c] [debug] -->[C53] DL_GetCount #./api/api.cpp (line:2710)
[0000107] [14:58:56:031250] [Tid0x0000082c] [debug] <--[C53] DL_GetCount
[0000108] [14:58:56:031250] [Tid0x0000082c] [debug] -->[C54] DL_Rom_GetInfoAll #./api/api.cpp (line:2875)
[0000109] [14:58:56:031250] [Tid0x0000082c] [debug] <--[C54] DL_Rom_GetInfoAll
[0000110] [14:58:56:031250] [Tid0x0000082c] [debug] -->[C55] DL_Rom_SetEnableAttr #./api/api.cpp (line:2929)
[0000111] [14:58:56:031250] [Tid0x0000082c] [debug] <--[C55] DL_Rom_SetEnableAttr
[0000112] [14:58:56:046875] [Tid0x0000082c] [debug] -->[C56] DL_GetCount #./api/api.cpp (line:2710)
[0000113] [14:58:56:046875] [Tid0x0000082c] [debug] <--[C56] DL_GetCount
[0000114] [14:58:56:046875] [Tid0x0000082c] [debug] -->[C57] DL_Rom_GetInfoAll #./api/api.cpp (line:2875)
[0000115] [14:58:56:046875] [Tid0x0000082c] [debug] <--[C57] DL_Rom_GetInfoAll
[0000116] [14:58:56:046875] [Tid0x0000082c] [debug] -->[C58] DL_Rom_SetEnableAttr #./api/api.cpp (line:2929)
[0000117] [14:58:56:046875] [Tid0x0000082c] [debug] <--[C58] DL_Rom_SetEnableAttr
[0000118] [14:58:56:046875] [Tid0x0000082c] [debug] -->[C59] DL_GetCount #./api/api.cpp (line:2710)
[0000119] [14:58:56:046875] [Tid0x0000082c] [debug] <--[C59] DL_GetCount
[0000120] [14:58:56:046875] [Tid0x0000082c] [debug] -->[C60] DL_Rom_GetInfoAll #./api/api.cpp (line:2875)
[0000121] [14:58:56:046875] [Tid0x0000082c] [debug] <--[C60] DL_Rom_GetInfoAll
[0000122] [14:58:56:062500] [Tid0x0000082c] [debug] -->[C61] DL_Rom_SetEnableAttr #./api/api.cpp (line:2929)
[0000123] [14:58:56:062500] [Tid0x0000082c] [debug] <--[C61] DL_Rom_SetEnableAttr
[0000124] [14:58:56:062500] [Tid0x0000082c] [debug] -->[C62] DL_GetCount #./api/api.cpp (line:2710)
[0000125] [14:58:56:062500] [Tid0x0000082c] [debug] <--[C62] DL_GetCount
[0000126] [14:58:56:062500] [Tid0x0000082c] [debug] -->[C63] DL_Rom_GetInfoAll #./api/api.cpp (line:2875)
[0000127] [14:58:56:062500] [Tid0x0000082c] [debug] <--[C63] DL_Rom_GetInfoAll
[0000128] [14:58:56:062500] [Tid0x0000082c] [debug] -->[C64] DL_Rom_SetEnableAttr #./api/api.cpp (line:2929)
[0000129] [14:58:56:062500] [Tid0x0000082c] [debug] <--[C64] DL_Rom_SetEnableAttr
[0000130] [14:58:56:062500] [Tid0x0000082c] [debug] -->[C65] DL_GetCount #./api/api.cpp (line:2710)
[0000131] [14:58:56:062500] [Tid0x0000082c] [debug] <--[C65] DL_GetCount
[0000132] [14:58:56:062500] [Tid0x0000082c] [debug] -->[C66] DL_Rom_GetInfoAll #./api/api.cpp (line:2875)
[0000133] [14:58:56:062500] [Tid0x0000082c] [debug] <--[C66] DL_Rom_GetInfoAll
[0000134] [14:58:56:078125] [Tid0x0000082c] [debug] -->[C67] DL_Rom_SetEnableAttr #./api/api.cpp (line:2929)
[0000135] [14:58:56:078125] [Tid0x0000082c] [debug] <--[C67] DL_Rom_SetEnableAttr
[0000136] [14:58:56:078125] [Tid0x0000082c] [debug] -->[C68] DL_GetCount #./api/api.cpp (line:2710)
[0000137] [14:58:56:078125] [Tid0x0000082c] [debug] <--[C68] DL_GetCount
[0000138] [14:58:56:078125] [Tid0x0000082c] [debug] -->[C69] DL_Rom_GetInfoAll #./api/api.cpp (line:2875)
[0000139] [14:58:56:078125] [Tid0x0000082c] [debug] <--[C69] DL_Rom_GetInfoAll
[0000140] [14:58:56:078125] [Tid0x0000082c] [debug] -->[C70] DL_Rom_SetEnableAttr #./api/api.cpp (line:2929)
[0000141] [14:58:56:078125] [Tid0x0000082c] [debug] <--[C70] DL_Rom_SetEnableAttr
[0000142] [14:58:56:078125] [Tid0x0000082c] [debug] -->[C71] DL_GetCount #./api/api.cpp (line:2710)
[0000143] [14:58:56:078125] [Tid0x0000082c] [debug] <--[C71] DL_GetCount
[0000144] [14:58:56:078125] [Tid0x0000082c] [debug] -->[C72] DL_Rom_GetInfoAll #./api/api.cpp (line:2875)
[0000145] [14:58:56:078125] [Tid0x0000082c] [debug] <--[C72] DL_Rom_GetInfoAll
[0000146] [14:58:56:093750] [Tid0x0000082c] [debug] -->[C73] DL_Rom_SetEnableAttr #./api/api.cpp (line:2929)
[0000147] [14:58:56:093750] [Tid0x0000082c] [debug] <--[C73] DL_Rom_SetEnableAttr
[0000148] [14:58:56:093750] [Tid0x0000082c] [debug] -->[C74] DL_GetCount #./api/api.cpp (line:2710)
[0000149] [14:58:56:093750] [Tid0x0000082c] [debug] <--[C74] DL_GetCount
[0000150] [14:58:56:093750] [Tid0x0000082c] [debug] -->[C75] DL_Rom_GetInfoAll #./api/api.cpp (line:2875)
[0000151] [14:58:56:093750] [Tid0x0000082c] [debug] <--[C75] DL_Rom_GetInfoAll
[0000152] [14:58:56:093750] [Tid0x0000082c] [debug] -->[C76] DL_Rom_SetEnableAttr #./api/api.cpp (line:2929)
[0000153] [14:58:56:093750] [Tid0x0000082c] [debug] <--[C76] DL_Rom_SetEnableAttr
[0000154] [14:58:56:093750] [Tid0x0000082c] [debug] -->[C77] DL_GetCount #./api/api.cpp (line:2710)
[0000155] [14:58:56:093750] [Tid0x0000082c] [debug] <--[C77] DL_GetCount
[0000156] [14:58:56:093750] [Tid0x0000082c] [debug] -->[C78] DL_Rom_GetInfoAll #./api/api.cpp (line:2875)
[0000157] [14:58:56:093750] [Tid0x0000082c] [debug] <--[C78] DL_Rom_GetInfoAll
[0000158] [14:58:56:109375] [Tid0x0000082c] [debug] -->[C79] DL_Rom_SetEnableAttr #./api/api.cpp (line:2929)
[0000159] [14:58:56:109375] [Tid0x0000082c] [debug] <--[C79] DL_Rom_SetEnableAttr
[0000160] [14:58:56:109375] [Tid0x0000082c] [debug] -->[C80] DL_GetCount #./api/api.cpp (line:2710)
[0000161] [14:58:56:109375] [Tid0x0000082c] [debug] <--[C80] DL_GetCount
[0000162] [14:58:56:109375] [Tid0x0000082c] [debug] -->[C81] DL_Rom_GetInfoAll #./api/api.cpp (line:2875)
[0000163] [14:58:56:109375] [Tid0x0000082c] [debug] <--[C81] DL_Rom_GetInfoAll
[0000164] [14:58:56:109375] [Tid0x0000082c] [debug] -->[C82] DL_Rom_SetEnableAttr #./api/api.cpp (line:2929)
[0000165] [14:58:56:109375] [Tid0x0000082c] [debug] <--[C82] DL_Rom_SetEnableAttr
[0000166] [14:58:56:109375] [Tid0x0000082c] [debug] -->[C83] DL_SetChecksumLevel #./api/api.cpp (line:2643)
[0000167] [14:58:56:109375] [Tid0x0000082c] [debug] <--[C83] DL_SetChecksumLevel
[0000168] [14:58:58:031250] [Tid0x0000082c] [debug] -->[C84] DL_GetCount #./api/api.cpp (line:2710)
[0000169] [14:58:58:031250] [Tid0x0000082c] [debug] <--[C84] DL_GetCount
[0000170] [14:58:58:031250] [Tid0x0000082c] [debug] -->[C85] DL_Rom_GetInfoAll #./api/api.cpp (line:2875)
[0000171] [14:58:58:031250] [Tid0x0000082c] [debug] <--[C85] DL_Rom_GetInfoAll
[0000172] [14:58:58:046875] [Tid0x0000082c] [debug] -->[C86] DL_Rom_SetEnableAttr #./api/api.cpp (line:2929)
[0000173] [14:58:58:046875] [Tid0x0000082c] [debug] <--[C86] DL_Rom_SetEnableAttr
[0000174] [14:58:58:046875] [Tid0x0000082c] [debug] -->[C87] DL_GetCount #./api/api.cpp (line:2710)
[0000175] [14:58:58:046875] [Tid0x0000082c] [debug] <--[C87] DL_GetCount
[0000176] [14:58:58:046875] [Tid0x0000082c] [debug] -->[C88] DL_Rom_GetInfoAll #./api/api.cpp (line:2875)
[0000177] [14:58:58:046875] [Tid0x0000082c] [debug] <--[C88] DL_Rom_GetInfoAll
[0000178] [14:58:58:046875] [Tid0x0000082c] [debug] -->[C89] DL_Rom_SetEnableAttr #./api/api.cpp (line:2929)
[0000179] [14:58:58:062500] [Tid0x0000082c] [debug] <--[C89] DL_Rom_SetEnableAttr
[0000180] [14:58:58:062500] [Tid0x0000082c] [debug] -->[C90] DL_GetCount #./api/api.cpp (line:2710)
[0000181] [14:58:58:062500] [Tid0x0000082c] [debug] <--[C90] DL_GetCount
[0000182] [14:58:58:062500] [Tid0x0000082c] [debug] -->[C91] DL_Rom_GetInfoAll #./api/api.cpp (line:2875)
[0000183] [14:58:58:062500] [Tid0x0000082c] [debug] <--[C91] DL_Rom_GetInfoAll
[0000184] [14:58:58:062500] [Tid0x0000082c] [debug] -->[C92] DL_Rom_SetEnableAttr #./api/api.cpp (line:2929)
[0000185] [14:58:58:062500] [Tid0x0000082c] [debug] <--[C92] DL_Rom_SetEnableAttr
[0000186] [14:58:58:062500] [Tid0x0000082c] [debug] -->[C93] DL_GetCount #./api/api.cpp (line:2710)
[0000187] [14:58:58:062500] [Tid0x0000082c] [debug] <--[C93] DL_GetCount
[0000188] [14:58:58:062500] [Tid0x0000082c] [debug] -->[C94] DL_Rom_GetInfoAll #./api/api.cpp (line:2875)
[0000189] [14:58:58:062500] [Tid0x0000082c] [debug] <--[C94] DL_Rom_GetInfoAll
[0000190] [14:58:58:078125] [Tid0x0000082c] [debug] -->[C95] DL_Rom_SetEnableAttr #./api/api.cpp (line:2929)
[0000191] [14:58:58:078125] [Tid0x0000082c] [debug] <--[C95] DL_Rom_SetEnableAttr
[0000192] [14:58:58:078125] [Tid0x0000082c] [debug] -->[C96] DL_GetCount #./api/api.cpp (line:2710)
[0000193] [14:58:58:078125] [Tid0x0000082c] [debug] <--[C96] DL_GetCount
[0000194] [14:58:58:078125] [Tid0x0000082c] [debug] -->[C97] DL_Rom_GetInfoAll #./api/api.cpp (line:2875)
[0000195] [14:58:58:078125] [Tid0x0000082c] [debug] <--[C97] DL_Rom_GetInfoAll
[0000196] [14:58:58:078125] [Tid0x0000082c] [debug] -->[C98] DL_Rom_SetEnableAttr #./api/api.cpp (line:2929)
[0000197] [14:58:58:078125] [Tid0x0000082c] [debug] <--[C98] DL_Rom_SetEnableAttr
[0000198] [14:58:58:078125] [Tid0x0000082c] [debug] -->[C99] DL_GetCount #./api/api.cpp (line:2710)
[0000199] [14:58:58:078125] [Tid0x0000082c] [debug] <--[C99] DL_GetCount
[0000200] [14:58:58:078125] [Tid0x0000082c] [debug] -->[C100] DL_Rom_GetInfoAll #./api/api.cpp (line:2875)
[0000201] [14:58:58:078125] [Tid0x0000082c] [debug] <--[C100] DL_Rom_GetInfoAll
[0000202] [14:58:58:078125] [Tid0x0000082c] [debug] -->[C101] DL_Rom_SetEnableAttr #./api/api.cpp (line:2929)
[0000203] [14:58:58:078125] [Tid0x0000082c] [debug] <--[C101] DL_Rom_SetEnableAttr
[0000204] [14:58:58:078125] [Tid0x0000082c] [debug] -->[C102] DL_GetCount #./api/api.cpp (line:2710)
[0000205] [14:58:58:078125] [Tid0x0000082c] [debug] <--[C102] DL_GetCount
[0000206] [14:58:58:078125] [Tid0x0000082c] [debug] -->[C103] DL_Rom_GetInfoAll #./api/api.cpp (line:2875)
[0000207] [14:58:58:078125] [Tid0x0000082c] [debug] <--[C103] DL_Rom_GetInfoAll
[0000208] [14:58:58:093750] [Tid0x0000082c] [debug] -->[C104] DL_Rom_SetEnableAttr #./api/api.cpp (line:2929)
[0000209] [14:58:58:093750] [Tid0x0000082c] [debug] <--[C104] DL_Rom_SetEnableAttr
[0000210] [14:58:58:093750] [Tid0x0000082c] [debug] -->[C105] DL_GetCount #./api/api.cpp (line:2710)
[0000211] [14:58:58:093750] [Tid0x0000082c] [debug] <--[C105] DL_GetCount
[0000212] [14:58:58:093750] [Tid0x0000082c] [debug] -->[C106] DL_Rom_GetInfoAll #./api/api.cpp (line:2875)
[0000213] [14:58:58:093750] [Tid0x0000082c] [debug] <--[C106] DL_Rom_GetInfoAll
[0000214] [14:58:58:093750] [Tid0x0000082c] [debug] -->[C107] DL_Rom_SetEnableAttr #./api/api.cpp (line:2929)
[0000215] [14:58:58:093750] [Tid0x0000082c] [debug] <--[C107] DL_Rom_SetEnableAttr
[0000216] [14:58:58:093750] [Tid0x0000082c] [debug] -->[C108] DL_GetCount #./api/api.cpp (line:2710)
[0000217] [14:58:58:093750] [Tid0x0000082c] [debug] <--[C108] DL_GetCount
[0000218] [14:58:58:093750] [Tid0x0000082c] [debug] -->[C109] DL_Rom_GetInfoAll #./api/api.cpp (line:2875)
[0000219] [14:58:58:093750] [Tid0x0000082c] [debug] <--[C109] DL_Rom_GetInfoAll
[0000220] [14:58:58:093750] [Tid0x0000082c] [debug] -->[C110] DL_Rom_SetEnableAttr #./api/api.cpp (line:2929)
[0000221] [14:58:58:093750] [Tid0x0000082c] [debug] <--[C110] DL_Rom_SetEnableAttr
[0000222] [14:58:58:093750] [Tid0x0000082c] [debug] -->[C111] DL_GetCount #./api/api.cpp (line:2710)
[0000223] [14:58:58:093750] [Tid0x0000082c] [debug] <--[C111] DL_GetCount
[0000224] [14:58:58:093750] [Tid0x0000082c] [debug] -->[C112] DL_Rom_GetInfoAll #./api/api.cpp (line:2875)
[0000225] [14:58:58:093750] [Tid0x0000082c] [debug] <--[C112] DL_Rom_GetInfoAll
[0000226] [14:58:58:093750] [Tid0x0000082c] [debug] -->[C113] DL_Rom_SetEnableAttr #./api/api.cpp (line:2929)
[0000227] [14:58:58:093750] [Tid0x0000082c] [debug] <--[C113] DL_Rom_SetEnableAttr
[0000228] [14:58:58:093750] [Tid0x0000082c] [debug] -->[C114] DL_GetCount #./api/api.cpp (line:2710)
[0000229] [14:58:58:093750] [Tid0x0000082c] [debug] <--[C114] DL_GetCount
[0000230] [14:58:58:093750] [Tid0x0000082c] [debug] -->[C115] DL_Rom_GetInfoAll #./api/api.cpp (line:2875)
[0000231] [14:58:58:093750] [Tid0x0000082c] [debug] <--[C115] DL_Rom_GetInfoAll
[0000232] [14:58:58:093750] [Tid0x0000082c] [debug] -->[C116] DL_Rom_SetEnableAttr #./api/api.cpp (line:2929)
[0000233] [14:58:58:093750] [Tid0x0000082c] [debug] <--[C116] DL_Rom_SetEnableAttr
[0000234] [14:59:00:375000] [Tid0x0000082c] [debug] -->[C117] DL_GetCount #./api/api.cpp (line:2710)
[0000235] [14:59:00:375000] [Tid0x0000082c] [debug] <--[C117] DL_GetCount
[0000236] [14:59:00:375000] [Tid0x0000082c] [debug] -->[C118] DL_Rom_GetInfoAll #./api/api.cpp (line:2875)
[0000237] [14:59:00:375000] [Tid0x0000082c] [debug] <--[C118] DL_Rom_GetInfoAll
[0000238] [14:59:00:375000] [Tid0x0000082c] [debug] -->[C119] DL_Rom_SetEnableAttr #./api/api.cpp (line:2929)
[0000239] [14:59:00:375000] [Tid0x0000082c] [debug] <--[C119] DL_Rom_SetEnableAttr
[0000240] [14:59:05:718750] [Tid0x0000082c] [debug] -->[C120] DL_GetCount #./api/api.cpp (line:2710)
[0000241] [14:59:05:718750] [Tid0x0000082c] [debug] <--[C120] DL_GetCount
[0000242] [14:59:05:718750] [Tid0x0000082c] [debug] -->[C121] DL_Rom_GetInfoAll #./api/api.cpp (line:2875)
[0000243] [14:59:05:718750] [Tid0x0000082c] [debug] <--[C121] DL_Rom_GetInfoAll
[0000244] [14:59:05:718750] [Tid0x0000082c] [debug] -->[C122] DL_GetCount #./api/api.cpp (line:2710)
[0000245] [14:59:05:718750] [Tid0x0000082c] [debug] <--[C122] DL_GetCount
[0000246] [14:59:05:718750] [Tid0x0000082c] [debug] -->[C123] DL_Rom_GetInfoAll #./api/api.cpp (line:2875)
[0000247] [14:59:05:718750] [Tid0x0000082c] [debug] <--[C123] DL_Rom_GetInfoAll
[0000248] [14:59:29:343750] [Tid0x000016a4] [debug] -->[C124] FlashTool_Connect_BROM_ByName #./api/api.cpp (line:2102)
[0000249] [14:59:29:343750] [Tid0x000016a4] [debug] -->[C125] FlashTool_Connect_BROM_Ex #./api/api.cpp (line:1862)
[0000250] [14:59:29:343750] [Tid0x000016a4] [debug] bCheckScatter: 1
[0000251] [14:59:29:343750] [Tid0x000016a4] [debug] have load scatter already
[0000252] [14:59:29:343750] [Tid0x000016a4] [debug] libversion 1
[0000253] [14:59:29:546875] [Tid0x000016a4] [debug] <--[C125] FlashTool_Connect_BROM_Ex
[0000254] [14:59:29:546875] [Tid0x000016a4] [debug] <--[C124] FlashTool_Connect_BROM_ByName
[0000255] [14:59:29:546875] [Tid0x000016a4] [debug] -->[C126] FlashTool_GetBootResult #./api/api.cpp (line:2114)
[0000256] [14:59:29:546875] [Tid0x000016a4] [debug] <--[C126] FlashTool_GetBootResult
[0000257] [14:59:29:546875] [Tid0x000016a4] [debug] -->[C127] FlashTool_Connect_Download_DA #./api/api.cpp (line:2134)
[0000258] [14:59:29:546875] [Tid0x000016a4] [debug] bCheckScatter: 1
[0000259] [14:59:34:328125] [Tid0x000016a4] [debug] <--[C127] FlashTool_Connect_Download_DA
[0000260] [14:59:34:328125] [Tid0x000016a4] [debug] -->[C128] FlashTool_CheckUSBStatus #./api/api.cpp (line:1140)
[0000261] [14:59:34:328125] [Tid0x000016a4] [debug] <--[C128] FlashTool_CheckUSBStatus
[0000262] [14:59:34:328125] [Tid0x000016a4] [debug] -->[C129] FlashTool_SetupUSBDL #./api/api.cpp (line:1101)
[0000263] [14:59:34:328125] [Tid0x000016a4] [debug] <--[C129] FlashTool_SetupUSBDL
[0000264] [14:59:36:875000] [Tid0x000016a4] [debug] -->[C130] FlashTool_ChangeCOM_Ex #./api/api.cpp (line:1079)
[0000265] [14:59:36:875000] [Tid0x000016a4] [debug] <--[C130] FlashTool_ChangeCOM_Ex
[0000266] [14:59:36:875000] [Tid0x000016a4] [debug] -->[C131] FlashTool_CheckUSBStatus #./api/api.cpp (line:1140)
[0000267] [14:59:36:875000] [Tid0x000016a4] [debug] <--[C131] FlashTool_CheckUSBStatus
[0000268] [14:59:36:875000] [Tid0x000016a4] [debug] -->[C132] FlashTool_GetReservedRomSize #./api/api.cpp (line:1663)
[0000269] [14:59:36:890625] [Tid0x000016a4] [debug] <--[C132] FlashTool_GetReservedRomSize
[0000270] [14:59:36:890625] [Tid0x000016a4] [debug] -->[C133] FlashTool_RomGetCount #./api/api.cpp (line:1688)
[0000271] [14:59:36:890625] [Tid0x000016a4] [debug] <--[C133] FlashTool_RomGetCount
[0000272] [14:59:36:890625] [Tid0x000016a4] [debug] -->[C134] FlashTool_RomGetInfoAll #./api/api.cpp (line:1705)
[0000273] [14:59:36:890625] [Tid0x000016a4] [debug] <--[C134] FlashTool_RomGetInfoAll
[0000274] [14:59:36:890625] [Tid0x000016a4] [debug] -->[C135] FlashTool_ReadPartitionCount #./api/api.cpp (line:1619)
[0000275] [14:59:36:937500] [Tid0x000016a4] [debug] <--[C135] FlashTool_ReadPartitionCount
[0000276] [14:59:36:937500] [Tid0x000016a4] [debug] -->[C136] FlashTool_ReadPartitionInfo #./api/api.cpp (line:1640)
[0000277] [14:59:36:937500] [Tid0x000016a4] [debug] <--[C136] FlashTool_ReadPartitionInfo
[0000278] [14:59:36:937500] [Tid0x000016a4] [debug] -->[C137] FlashTool_Download #./api/api.cpp (line:1286)
[0000279] [14:59:37:187500] [Tid0x000016a4] [debug] <--[C137] FlashTool_Download
[0000280] [14:59:37:203125] [Tid0x000016a4] [debug] -->[C138] FlashTool_Disconnect #./api/api.cpp (line:1019)
[0000281] [14:59:37:234375] [Tid0x000016a4] [debug] <--[C138] FlashTool_Disconnect
[0000282] [15:03:20:453125] [Tid0x0000082c] [debug] -->[C139] DL_GetCount #./api/api.cpp (line:2710)
[0000283] [15:03:20:453125] [Tid0x0000082c] [debug] <--[C139] DL_GetCount
[0000284] [15:03:20:453125] [Tid0x0000082c] [debug] -->[C140] DL_Rom_GetInfoAll #./api/api.cpp (line:2875)
[0000285] [15:03:20:453125] [Tid0x0000082c] [debug] <--[C140] DL_Rom_GetInfoAll
[0000286] [15:03:20:453125] [Tid0x0000082c] [debug] -->[C141] DL_Rom_SetEnableAttr #./api/api.cpp (line:2929)
[0000287] [15:03:20:453125] [Tid0x0000082c] [debug] <--[C141] DL_Rom_SetEnableAttr
[0000288] [15:03:22:203125] [Tid0x0000082c] [debug] -->[C142] DL_GetCount #./api/api.cpp (line:2710)
[0000289] [15:03:22:203125] [Tid0x0000082c] [debug] <--[C142] DL_GetCount
[0000290] [15:03:22:203125] [Tid0x0000082c] [debug] -->[C143] DL_Rom_GetInfoAll #./api/api.cpp (line:2875)
[0000291] [15:03:22:203125] [Tid0x0000082c] [debug] <--[C143] DL_Rom_GetInfoAll
[0000292] [15:03:22:203125] [Tid0x0000082c] [debug] -->[C144] DL_Rom_SetEnableAttr #./api/api.cpp (line:2929)
[0000293] [15:03:22:203125] [Tid0x0000082c] [debug] <--[C144] DL_Rom_SetEnableAttr
[0000294] [15:03:28:390625] [Tid0x0000082c] [debug] -->[C145] DL_GetCount #./api/api.cpp (line:2710)
[0000295] [15:03:28:390625] [Tid0x0000082c] [debug] <--[C145] DL_GetCount
[0000296] [15:03:28:390625] [Tid0x0000082c] [debug] -->[C146] DL_Rom_GetInfoAll #./api/api.cpp (line:2875)
[0000297] [15:03:28:390625] [Tid0x0000082c] [debug] <--[C146] DL_Rom_GetInfoAll
[0000298] [15:03:28:390625] [Tid0x0000082c] [debug] -->[C147] DL_GetCount #./api/api.cpp (line:2710)
[0000299] [15:03:28:390625] [Tid0x0000082c] [debug] <--[C147] DL_GetCount
[0000300] [15:03:28:390625] [Tid0x0000082c] [debug] -->[C148] DL_Rom_GetInfoAll #./api/api.cpp (line:2875)
[0000301] [15:03:28:390625] [Tid0x0000082c] [debug] <--[C148] DL_Rom_GetInfoAll
[0000302] [15:03:44:484375] [Tid0x000018e0] [debug] -->[C149] FlashTool_Connect_BROM_ByName #./api/api.cpp (line:2102)
[0000303] [15:03:44:484375] [Tid0x000018e0] [debug] -->[C150] FlashTool_Connect_BROM_Ex #./api/api.cpp (line:1862)
[0000304] [15:03:44:484375] [Tid0x000018e0] [debug] bCheckScatter: 1
[0000305] [15:03:44:484375] [Tid0x000018e0] [debug] have load scatter already
[0000306] [15:03:44:484375] [Tid0x000018e0] [debug] libversion 1
[0000307] [15:03:44:656250] [Tid0x000018e0] [debug] <--[C150] FlashTool_Connect_BROM_Ex
[0000308] [15:03:44:656250] [Tid0x000018e0] [debug] <--[C149] FlashTool_Connect_BROM_ByName
[0000309] [15:03:44:656250] [Tid0x000018e0] [debug] -->[C151] FlashTool_GetBootResult #./api/api.cpp (line:2114)
[0000310] [15:03:44:656250] [Tid0x000018e0] [debug] <--[C151] FlashTool_GetBootResult
[0000311] [15:03:44:656250] [Tid0x000018e0] [debug] -->[C152] FlashTool_Connect_Download_DA #./api/api.cpp (line:2134)
[0000312] [15:03:44:656250] [Tid0x000018e0] [debug] bCheckScatter: 1
[0000313] [15:03:48:468750] [Tid0x000018e0] [debug] <--[C152] FlashTool_Connect_Download_DA
[0000314] [15:03:48:468750] [Tid0x000018e0] [debug] -->[C153] FlashTool_CheckUSBStatus #./api/api.cpp (line:1140)
[0000315] [15:03:48:468750] [Tid0x000018e0] [debug] <--[C153] FlashTool_CheckUSBStatus
[0000316] [15:03:48:468750] [Tid0x000018e0] [debug] -->[C154] FlashTool_SetupUSBDL #./api/api.cpp (line:1101)
[0000317] [15:03:48:484375] [Tid0x000018e0] [debug] <--[C154] FlashTool_SetupUSBDL
[0000318] [15:03:51:562500] [Tid0x000018e0] [debug] -->[C155] FlashTool_ChangeCOM_Ex #./api/api.cpp (line:1079)
[0000319] [15:03:51:562500] [Tid0x000018e0] [debug] <--[C155] FlashTool_ChangeCOM_Ex
[0000320] [15:03:51:562500] [Tid0x000018e0] [debug] -->[C156] FlashTool_CheckUSBStatus #./api/api.cpp (line:1140)
[0000321] [15:03:51:562500] [Tid0x000018e0] [debug] <--[C156] FlashTool_CheckUSBStatus
[0000322] [15:03:51:562500] [Tid0x000018e0] [debug] -->[C157] FlashTool_GetReservedRomSize #./api/api.cpp (line:1663)
[0000323] [15:03:51:562500] [Tid0x000018e0] [debug] <--[C157] FlashTool_GetReservedRomSize
[0000324] [15:03:51:562500] [Tid0x000018e0] [debug] -->[C158] FlashTool_RomGetCount #./api/api.cpp (line:1688)
[0000325] [15:03:51:578125] [Tid0x000018e0] [debug] <--[C158] FlashTool_RomGetCount
[0000326] [15:03:51:578125] [Tid0x000018e0] [debug] -->[C159] FlashTool_RomGetInfoAll #./api/api.cpp (line:1705)
[0000327] [15:03:51:578125] [Tid0x000018e0] [debug] <--[C159] FlashTool_RomGetInfoAll
[0000328] [15:03:51:578125] [Tid0x000018e0] [debug] -->[C160] FlashTool_ReadPartitionCount #./api/api.cpp (line:1619)
[0000329] [15:03:51:609375] [Tid0x000018e0] [debug] <--[C160] FlashTool_ReadPartitionCount
[0000330] [15:03:51:609375] [Tid0x000018e0] [debug] -->[C161] FlashTool_ReadPartitionInfo #./api/api.cpp (line:1640)
[0000331] [15:03:51:625000] [Tid0x000018e0] [debug] <--[C161] FlashTool_ReadPartitionInfo
[0000332] [15:03:51:625000] [Tid0x000018e0] [debug] -->[C162] FlashTool_Download #./api/api.cpp (line:1286)
[0000333] [15:03:52:468750] [Tid0x000018e0] [debug] <--[C162] FlashTool_Download
[0000334] [15:03:52:468750] [Tid0x000018e0] [debug] -->[C163] DL_GetCount #./api/api.cpp (line:2710)
[0000335] [15:03:52:468750] [Tid0x000018e0] [debug] <--[C163] DL_GetCount
[0000336] [15:03:52:468750] [Tid0x000018e0] [debug] -->[C164] DL_Rom_GetInfoAll #./api/api.cpp (line:2875)
[0000337] [15:03:52:468750] [Tid0x000018e0] [debug] <--[C164] DL_Rom_GetInfoAll
[0000338] [15:03:52:468750] [Tid0x000018e0] [debug] -->[C165] FlashTool_Disconnect #./api/api.cpp (line:1019)
[0000339] [15:03:52:500000] [Tid0x000018e0] [debug] <--[C165] FlashTool_Disconnect
[0000340] [16:44:20:437500] [Tid0x0000082c] [debug] -->[C166] DL_Rom_UnloadAll #./api/api.cpp (line:2918)
[0000341] [16:44:20:484375] [Tid0x0000082c] [debug] <--[C166] DL_Rom_UnloadAll
