[0000001] [17:52:48:265625] [Tid0x00001cb8] [debug] -->[C1] DL_LoadScatter #./api/api.cpp (line:2601)
[0000001] [17:52:48:265625] [Tid0x000011fc] [debug] -->[C1] DL_LoadScatter #./api/api.cpp (line:2601)
[0000002] [17:52:48:281250] [Tid0x00001cb8] [debug] used lib version: 1
[0000003] [17:52:48:281250] [Tid0x00001cb8] [debug] <--[C1] DL_LoadScatter
[0000004] [17:52:48:281250] [Tid0x00001cb8] [debug] -->[C2] DL_AutoLoadRomImages #./api/api.cpp (line:2790)
[0000002] [17:52:48:296875] [Tid0x000011fc] [debug] used lib version: 1
[0000003] [17:52:48:296875] [Tid0x000011fc] [debug] <--[C1] DL_LoadScatter
[0000004] [17:52:48:296875] [Tid0x000011fc] [debug] -->[C2] DL_AutoLoadRomImages #./api/api.cpp (line:2790)
[0000005] [17:52:48:406250] [Tid0x00001cb8] [debug] <--[C2] DL_AutoLoadRomImages
[0000005] [17:52:48:406250] [Tid0x000011fc] [debug] <--[C2] DL_AutoLoadRomImages
[0000006] [17:52:49:406250] [Tid0x00001da0] [debug] -->[C3] DL_GetCount #./api/api.cpp (line:2710)
[0000007] [17:52:49:406250] [Tid0x00001da0] [debug] <--[C3] DL_GetCount
[0000008] [17:52:49:406250] [Tid0x00001da0] [debug] -->[C4] DL_Rom_GetInfoAll #./api/api.cpp (line:2875)
[0000009] [17:52:49:406250] [Tid0x00001da0] [debug] <--[C4] DL_Rom_GetInfoAll
[0000010] [17:52:49:421875] [Tid0x00001da0] [debug] -->[C5] DL_GetScatterInfo #./api/api.cpp (line:2811)
[0000011] [17:52:49:421875] [Tid0x00001da0] [debug] <--[C5] DL_GetScatterInfo
[0000006] [17:52:49:437500] [Tid0x00001748] [debug] -->[C3] DL_GetCount #./api/api.cpp (line:2710)
[0000007] [17:52:49:437500] [Tid0x00001748] [debug] <--[C3] DL_GetCount
[0000008] [17:52:49:437500] [Tid0x00001748] [debug] -->[C4] DL_Rom_GetInfoAll #./api/api.cpp (line:2875)
[0000009] [17:52:49:437500] [Tid0x00001748] [debug] <--[C4] DL_Rom_GetInfoAll
[0000010] [17:52:49:437500] [Tid0x00001748] [debug] -->[C5] DL_GetScatterInfo #./api/api.cpp (line:2811)
[0000011] [17:52:49:437500] [Tid0x00001748] [debug] <--[C5] DL_GetScatterInfo
[0000012] [17:52:49:437500] [Tid0x00001748] [debug] -->[C6] DL_GetCount #./api/api.cpp (line:2710)
[0000013] [17:52:49:437500] [Tid0x00001da0] [debug] <--[C6] DL_GetCount
[0000013] [17:52:49:437500] [Tid0x00001748] [debug] <--[C6] DL_GetCount
[0000014] [17:52:49:437500] [Tid0x00001da0] [debug] -->[C7] DL_Rom_GetInfoAll #./api/api.cpp (line:2875)
[0000014] [17:52:49:437500] [Tid0x00001748] [debug] -->[C7] DL_Rom_GetInfoAll #./api/api.cpp (line:2875)
[0000015] [17:52:49:437500] [Tid0x00001da0] [debug] <--[C7] DL_Rom_GetInfoAll
[0000015] [17:52:49:437500] [Tid0x00001748] [debug] <--[C7] DL_Rom_GetInfoAll
[0000016] [17:52:49:453125] [Tid0x00001da0] [debug] -->[C8] DL_Rom_SetEnableAttr #./api/api.cpp (line:2929)
[0000017] [17:52:49:453125] [Tid0x00001da0] [debug] <--[C8] DL_Rom_SetEnableAttr
[0000018] [17:52:49:453125] [Tid0x00001da0] [debug] -->[C9] DL_GetCount #./api/api.cpp (line:2710)
[0000019] [17:52:49:453125] [Tid0x00001da0] [debug] <--[C9] DL_GetCount
[0000020] [17:52:49:453125] [Tid0x00001da0] [debug] -->[C10] DL_Rom_GetInfoAll #./api/api.cpp (line:2875)
[0000021] [17:52:49:453125] [Tid0x00001da0] [debug] <--[C10] DL_Rom_GetInfoAll
[0000016] [17:52:49:453125] [Tid0x00001748] [debug] -->[C8] DL_Rom_SetEnableAttr #./api/api.cpp (line:2929)
[0000017] [17:52:49:453125] [Tid0x00001748] [debug] <--[C8] DL_Rom_SetEnableAttr
[0000018] [17:52:49:453125] [Tid0x00001748] [debug] -->[C9] DL_GetCount #./api/api.cpp (line:2710)
[0000019] [17:52:49:453125] [Tid0x00001748] [debug] <--[C9] DL_GetCount
[0000020] [17:52:49:453125] [Tid0x00001748] [debug] -->[C10] DL_Rom_GetInfoAll #./api/api.cpp (line:2875)
[0000021] [17:52:49:453125] [Tid0x00001748] [debug] <--[C10] DL_Rom_GetInfoAll
[0000022] [17:52:49:453125] [Tid0x00001da0] [debug] -->[C11] DL_Rom_SetEnableAttr #./api/api.cpp (line:2929)
[0000023] [17:52:49:453125] [Tid0x00001da0] [debug] <--[C11] DL_Rom_SetEnableAttr
[0000024] [17:52:49:453125] [Tid0x00001da0] [debug] -->[C12] DL_GetCount #./api/api.cpp (line:2710)
[0000025] [17:52:49:453125] [Tid0x00001da0] [debug] <--[C12] DL_GetCount
[0000026] [17:52:49:453125] [Tid0x00001da0] [debug] -->[C13] DL_Rom_GetInfoAll #./api/api.cpp (line:2875)
[0000027] [17:52:49:453125] [Tid0x00001da0] [debug] <--[C13] DL_Rom_GetInfoAll
[0000022] [17:52:49:453125] [Tid0x00001748] [debug] -->[C11] DL_Rom_SetEnableAttr #./api/api.cpp (line:2929)
[0000023] [17:52:49:453125] [Tid0x00001748] [debug] <--[C11] DL_Rom_SetEnableAttr
[0000024] [17:52:49:453125] [Tid0x00001748] [debug] -->[C12] DL_GetCount #./api/api.cpp (line:2710)
[0000025] [17:52:49:453125] [Tid0x00001748] [debug] <--[C12] DL_GetCount
[0000026] [17:52:49:453125] [Tid0x00001748] [debug] -->[C13] DL_Rom_GetInfoAll #./api/api.cpp (line:2875)
[0000027] [17:52:49:453125] [Tid0x00001748] [debug] <--[C13] DL_Rom_GetInfoAll
[0000028] [17:52:49:468750] [Tid0x00001da0] [debug] -->[C14] DL_Rom_SetEnableAttr #./api/api.cpp (line:2929)
[0000029] [17:52:49:468750] [Tid0x00001da0] [debug] <--[C14] DL_Rom_SetEnableAttr
[0000030] [17:52:49:468750] [Tid0x00001da0] [debug] -->[C15] DL_GetCount #./api/api.cpp (line:2710)
[0000031] [17:52:49:468750] [Tid0x00001da0] [debug] <--[C15] DL_GetCount
[0000032] [17:52:49:468750] [Tid0x00001da0] [debug] -->[C16] DL_Rom_GetInfoAll #./api/api.cpp (line:2875)
[0000033] [17:52:49:468750] [Tid0x00001da0] [debug] <--[C16] DL_Rom_GetInfoAll
[0000028] [17:52:49:468750] [Tid0x00001748] [debug] -->[C14] DL_Rom_SetEnableAttr #./api/api.cpp (line:2929)
[0000029] [17:52:49:468750] [Tid0x00001748] [debug] <--[C14] DL_Rom_SetEnableAttr
[0000030] [17:52:49:468750] [Tid0x00001748] [debug] -->[C15] DL_GetCount #./api/api.cpp (line:2710)
[0000031] [17:52:49:468750] [Tid0x00001748] [debug] <--[C15] DL_GetCount
[0000032] [17:52:49:468750] [Tid0x00001748] [debug] -->[C16] DL_Rom_GetInfoAll #./api/api.cpp (line:2875)
[0000033] [17:52:49:468750] [Tid0x00001748] [debug] <--[C16] DL_Rom_GetInfoAll
[0000034] [17:52:49:468750] [Tid0x00001da0] [debug] -->[C17] DL_Rom_SetEnableAttr #./api/api.cpp (line:2929)
[0000035] [17:52:49:468750] [Tid0x00001da0] [debug] <--[C17] DL_Rom_SetEnableAttr
[0000036] [17:52:49:468750] [Tid0x00001da0] [debug] -->[C18] DL_GetCount #./api/api.cpp (line:2710)
[0000037] [17:52:49:468750] [Tid0x00001da0] [debug] <--[C18] DL_GetCount
[0000038] [17:52:49:468750] [Tid0x00001da0] [debug] -->[C19] DL_Rom_GetInfoAll #./api/api.cpp (line:2875)
[0000039] [17:52:49:468750] [Tid0x00001da0] [debug] <--[C19] DL_Rom_GetInfoAll
[0000034] [17:52:49:468750] [Tid0x00001748] [debug] -->[C17] DL_Rom_SetEnableAttr #./api/api.cpp (line:2929)
[0000035] [17:52:49:468750] [Tid0x00001748] [debug] <--[C17] DL_Rom_SetEnableAttr
[0000036] [17:52:49:468750] [Tid0x00001748] [debug] -->[C18] DL_GetCount #./api/api.cpp (line:2710)
[0000037] [17:52:49:468750] [Tid0x00001748] [debug] <--[C18] DL_GetCount
[0000038] [17:52:49:468750] [Tid0x00001748] [debug] -->[C19] DL_Rom_GetInfoAll #./api/api.cpp (line:2875)
[0000039] [17:52:49:468750] [Tid0x00001748] [debug] <--[C19] DL_Rom_GetInfoAll
[0000040] [17:52:49:484375] [Tid0x00001da0] [debug] -->[C20] DL_Rom_SetEnableAttr #./api/api.cpp (line:2929)
[0000041] [17:52:49:484375] [Tid0x00001da0] [debug] <--[C20] DL_Rom_SetEnableAttr
[0000042] [17:52:49:484375] [Tid0x00001da0] [debug] -->[C21] DL_GetCount #./api/api.cpp (line:2710)
[0000043] [17:52:49:484375] [Tid0x00001da0] [debug] <--[C21] DL_GetCount
[0000044] [17:52:49:484375] [Tid0x00001da0] [debug] -->[C22] DL_Rom_GetInfoAll #./api/api.cpp (line:2875)
[0000045] [17:52:49:484375] [Tid0x00001da0] [debug] <--[C22] DL_Rom_GetInfoAll
[0000040] [17:52:49:484375] [Tid0x00001748] [debug] -->[C20] DL_Rom_SetEnableAttr #./api/api.cpp (line:2929)
[0000041] [17:52:49:484375] [Tid0x00001748] [debug] <--[C20] DL_Rom_SetEnableAttr
[0000042] [17:52:49:484375] [Tid0x00001748] [debug] -->[C21] DL_GetCount #./api/api.cpp (line:2710)
[0000043] [17:52:49:484375] [Tid0x00001748] [debug] <--[C21] DL_GetCount
[0000044] [17:52:49:484375] [Tid0x00001748] [debug] -->[C22] DL_Rom_GetInfoAll #./api/api.cpp (line:2875)
[0000045] [17:52:49:484375] [Tid0x00001748] [debug] <--[C22] DL_Rom_GetInfoAll
[0000046] [17:52:49:484375] [Tid0x00001da0] [debug] -->[C23] DL_Rom_SetEnableAttr #./api/api.cpp (line:2929)
[0000046] [17:52:49:484375] [Tid0x00001748] [debug] -->[C23] DL_Rom_SetEnableAttr #./api/api.cpp (line:2929)
[0000047] [17:52:49:500000] [Tid0x00001da0] [debug] <--[C23] DL_Rom_SetEnableAttr
[0000047] [17:52:49:500000] [Tid0x00001748] [debug] <--[C23] DL_Rom_SetEnableAttr
[0000048] [17:52:49:500000] [Tid0x00001da0] [debug] -->[C24] DL_GetCount #./api/api.cpp (line:2710)
[0000048] [17:52:49:500000] [Tid0x00001748] [debug] -->[C24] DL_GetCount #./api/api.cpp (line:2710)
[0000049] [17:52:49:500000] [Tid0x00001da0] [debug] <--[C24] DL_GetCount
[0000049] [17:52:49:500000] [Tid0x00001748] [debug] <--[C24] DL_GetCount
[0000050] [17:52:49:500000] [Tid0x00001da0] [debug] -->[C25] DL_Rom_GetInfoAll #./api/api.cpp (line:2875)
[0000050] [17:52:49:500000] [Tid0x00001748] [debug] -->[C25] DL_Rom_GetInfoAll #./api/api.cpp (line:2875)
[0000051] [17:52:49:500000] [Tid0x00001748] [debug] <--[C25] DL_Rom_GetInfoAll
[0000052] [17:52:49:515625] [Tid0x00001da0] [debug] -->[C26] DL_Rom_SetEnableAttr #./api/api.cpp (line:2929)
[0000053] [17:52:49:515625] [Tid0x00001da0] [debug] <--[C26] DL_Rom_SetEnableAttr
[0000054] [17:52:49:515625] [Tid0x00001da0] [debug] -->[C27] DL_GetCount #./api/api.cpp (line:2710)
[0000055] [17:52:49:515625] [Tid0x00001da0] [debug] <--[C27] DL_GetCount
[0000056] [17:52:49:515625] [Tid0x00001da0] [debug] -->[C28] DL_Rom_GetInfoAll #./api/api.cpp (line:2875)
[0000057] [17:52:49:515625] [Tid0x00001da0] [debug] <--[C28] DL_Rom_GetInfoAll
[0000052] [17:52:49:515625] [Tid0x00001748] [debug] -->[C26] DL_Rom_SetEnableAttr #./api/api.cpp (line:2929)
[0000053] [17:52:49:515625] [Tid0x00001748] [debug] <--[C26] DL_Rom_SetEnableAttr
[0000054] [17:52:49:515625] [Tid0x00001748] [debug] -->[C27] DL_GetCount #./api/api.cpp (line:2710)
[0000055] [17:52:49:515625] [Tid0x00001748] [debug] <--[C27] DL_GetCount
[0000056] [17:52:49:515625] [Tid0x00001748] [debug] -->[C28] DL_Rom_GetInfoAll #./api/api.cpp (line:2875)
[0000057] [17:52:49:515625] [Tid0x00001748] [debug] <--[C28] DL_Rom_GetInfoAll
[0000058] [17:52:49:515625] [Tid0x00001da0] [debug] -->[C29] DL_Rom_SetEnableAttr #./api/api.cpp (line:2929)
[0000059] [17:52:49:515625] [Tid0x00001da0] [debug] <--[C29] DL_Rom_SetEnableAttr
[0000060] [17:52:49:515625] [Tid0x00001da0] [debug] -->[C30] DL_GetCount #./api/api.cpp (line:2710)
[0000061] [17:52:49:515625] [Tid0x00001da0] [debug] <--[C30] DL_GetCount
[0000062] [17:52:49:515625] [Tid0x00001da0] [debug] -->[C31] DL_Rom_GetInfoAll #./api/api.cpp (line:2875)
[0000063] [17:52:49:515625] [Tid0x00001da0] [debug] <--[C31] DL_Rom_GetInfoAll
[0000058] [17:52:49:515625] [Tid0x00001748] [debug] -->[C29] DL_Rom_SetEnableAttr #./api/api.cpp (line:2929)
[0000059] [17:52:49:515625] [Tid0x00001748] [debug] <--[C29] DL_Rom_SetEnableAttr
[0000060] [17:52:49:515625] [Tid0x00001748] [debug] -->[C30] DL_GetCount #./api/api.cpp (line:2710)
[0000061] [17:52:49:515625] [Tid0x00001748] [debug] <--[C30] DL_GetCount
[0000062] [17:52:49:515625] [Tid0x00001748] [debug] -->[C31] DL_Rom_GetInfoAll #./api/api.cpp (line:2875)
[0000063] [17:52:49:515625] [Tid0x00001748] [debug] <--[C31] DL_Rom_GetInfoAll
[0000064] [17:52:49:531250] [Tid0x00001da0] [debug] -->[C32] DL_Rom_SetEnableAttr #./api/api.cpp (line:2929)
[0000065] [17:52:49:531250] [Tid0x00001da0] [debug] <--[C32] DL_Rom_SetEnableAttr
[0000066] [17:52:49:531250] [Tid0x00001da0] [debug] -->[C33] DL_GetCount #./api/api.cpp (line:2710)
[0000067] [17:52:49:531250] [Tid0x00001da0] [debug] <--[C33] DL_GetCount
[0000068] [17:52:49:531250] [Tid0x00001da0] [debug] -->[C34] DL_Rom_GetInfoAll #./api/api.cpp (line:2875)
[0000069] [17:52:49:531250] [Tid0x00001da0] [debug] <--[C34] DL_Rom_GetInfoAll
[0000064] [17:52:49:531250] [Tid0x00001748] [debug] -->[C32] DL_Rom_SetEnableAttr #./api/api.cpp (line:2929)
[0000065] [17:52:49:531250] [Tid0x00001748] [debug] <--[C32] DL_Rom_SetEnableAttr
[0000066] [17:52:49:531250] [Tid0x00001748] [debug] -->[C33] DL_GetCount #./api/api.cpp (line:2710)
[0000067] [17:52:49:531250] [Tid0x00001748] [debug] <--[C33] DL_GetCount
[0000068] [17:52:49:531250] [Tid0x00001748] [debug] -->[C34] DL_Rom_GetInfoAll #./api/api.cpp (line:2875)
[0000069] [17:52:49:531250] [Tid0x00001748] [debug] <--[C34] DL_Rom_GetInfoAll
[0000070] [17:52:49:531250] [Tid0x00001da0] [debug] -->[C35] DL_Rom_SetEnableAttr #./api/api.cpp (line:2929)
[0000071] [17:52:49:531250] [Tid0x00001da0] [debug] <--[C35] DL_Rom_SetEnableAttr
[0000072] [17:52:49:531250] [Tid0x00001da0] [debug] -->[C36] DL_SetChecksumLevel #./api/api.cpp (line:2643)
[0000070] [17:52:49:531250] [Tid0x00001748] [debug] -->[C35] DL_Rom_SetEnableAttr #./api/api.cpp (line:2929)
[0000073] [17:52:49:531250] [Tid0x00001da0] [debug] <--[C36] DL_SetChecksumLevel
[0000071] [17:52:49:531250] [Tid0x00001748] [debug] <--[C35] DL_Rom_SetEnableAttr
[0000072] [17:52:49:546875] [Tid0x00001748] [debug] -->[C36] DL_SetChecksumLevel #./api/api.cpp (line:2643)
[0000073] [17:52:49:546875] [Tid0x00001748] [debug] <--[C36] DL_SetChecksumLevel
[0000074] [17:53:04:343750] [Tid0x00001748] [debug] -->[C37] DL_Rom_UnloadAll #./api/api.cpp (line:2918)
[0000075] [17:53:04:343750] [Tid0x00001748] [debug] <--[C37] DL_Rom_UnloadAll
[0000074] [17:53:10:000000] [Tid0x00001da0] [debug] -->[C37] DL_Rom_UnloadAll #./api/api.cpp (line:2918)
[0000075] [17:53:10:000000] [Tid0x00001da0] [debug] <--[C37] DL_Rom_UnloadAll
