[0000001] [11:08:35:953125] [Tid0x000000cc] [debug] -->[C1] DL_LoadScatter #./api/api.cpp (line:2601)
[0000002] [11:08:36:062500] [Tid0x000000cc] [debug] used lib version: 1
[0000003] [11:08:36:062500] [Tid0x000000cc] [debug] <--[C1] DL_LoadScatter
[0000004] [11:08:36:062500] [Tid0x000000cc] [debug] -->[C2] DL_AutoLoadRomImages #./api/api.cpp (line:2790)
[0000005] [11:08:36:875000] [Tid0x000000cc] [debug] <--[C2] DL_AutoLoadRomImages
[0000006] [11:08:36:968750] [Tid0x00001510] [debug] -->[C3] DL_GetCount #./api/api.cpp (line:2710)
[0000007] [11:08:36:984375] [Tid0x00001510] [debug] <--[C3] DL_GetCount
[0000008] [11:08:37:015625] [Tid0x00001510] [debug] -->[C4] DL_Rom_GetInfoAll #./api/api.cpp (line:2875)
[0000009] [11:08:37:015625] [Tid0x00001510] [debug] <--[C4] DL_Rom_GetInfoAll
[0000010] [11:08:37:046875] [Tid0x00001510] [debug] -->[C5] DL_GetScatterInfo #./api/api.cpp (line:2811)
[0000011] [11:08:37:046875] [Tid0x00001510] [debug] <--[C5] DL_GetScatterInfo
[0000012] [11:08:37:062500] [Tid0x00001510] [debug] -->[C6] DL_GetCount #./api/api.cpp (line:2710)
[0000013] [11:08:37:062500] [Tid0x00001510] [debug] <--[C6] DL_GetCount
[0000014] [11:08:37:062500] [Tid0x00001510] [debug] -->[C7] DL_Rom_GetInfoAll #./api/api.cpp (line:2875)
[0000015] [11:08:37:062500] [Tid0x00001510] [debug] <--[C7] DL_Rom_GetInfoAll
[0000016] [11:08:37:062500] [Tid0x00001510] [debug] -->[C8] DL_Rom_SetEnableAttr #./api/api.cpp (line:2929)
[0000017] [11:08:37:062500] [Tid0x00001510] [debug] <--[C8] DL_Rom_SetEnableAttr
[0000018] [11:08:37:062500] [Tid0x00001510] [debug] -->[C9] DL_GetCount #./api/api.cpp (line:2710)
[0000019] [11:08:37:062500] [Tid0x00001510] [debug] <--[C9] DL_GetCount
[0000020] [11:08:37:062500] [Tid0x00001510] [debug] -->[C10] DL_Rom_GetInfoAll #./api/api.cpp (line:2875)
[0000021] [11:08:37:062500] [Tid0x00001510] [debug] <--[C10] DL_Rom_GetInfoAll
[0000022] [11:08:37:078125] [Tid0x00001510] [debug] -->[C11] DL_Rom_SetEnableAttr #./api/api.cpp (line:2929)
[0000023] [11:08:37:078125] [Tid0x00001510] [debug] <--[C11] DL_Rom_SetEnableAttr
[0000024] [11:08:37:078125] [Tid0x00001510] [debug] -->[C12] DL_GetCount #./api/api.cpp (line:2710)
[0000025] [11:08:37:078125] [Tid0x00001510] [debug] <--[C12] DL_GetCount
[0000026] [11:08:37:078125] [Tid0x00001510] [debug] -->[C13] DL_Rom_GetInfoAll #./api/api.cpp (line:2875)
[0000027] [11:08:37:078125] [Tid0x00001510] [debug] <--[C13] DL_Rom_GetInfoAll
[0000028] [11:08:37:093750] [Tid0x00001510] [debug] -->[C14] DL_Rom_SetEnableAttr #./api/api.cpp (line:2929)
[0000029] [11:08:37:093750] [Tid0x00001510] [debug] <--[C14] DL_Rom_SetEnableAttr
[0000030] [11:08:37:093750] [Tid0x00001510] [debug] -->[C15] DL_GetCount #./api/api.cpp (line:2710)
[0000031] [11:08:37:093750] [Tid0x00001510] [debug] <--[C15] DL_GetCount
[0000032] [11:08:37:093750] [Tid0x00001510] [debug] -->[C16] DL_Rom_GetInfoAll #./api/api.cpp (line:2875)
[0000033] [11:08:37:093750] [Tid0x00001510] [debug] <--[C16] DL_Rom_GetInfoAll
[0000034] [11:08:37:093750] [Tid0x00001510] [debug] -->[C17] DL_Rom_SetEnableAttr #./api/api.cpp (line:2929)
[0000035] [11:08:37:093750] [Tid0x00001510] [debug] <--[C17] DL_Rom_SetEnableAttr
[0000036] [11:08:37:093750] [Tid0x00001510] [debug] -->[C18] DL_GetCount #./api/api.cpp (line:2710)
[0000037] [11:08:37:093750] [Tid0x00001510] [debug] <--[C18] DL_GetCount
[0000038] [11:08:37:093750] [Tid0x00001510] [debug] -->[C19] DL_Rom_GetInfoAll #./api/api.cpp (line:2875)
[0000039] [11:08:37:093750] [Tid0x00001510] [debug] <--[C19] DL_Rom_GetInfoAll
[0000040] [11:08:37:109375] [Tid0x00001510] [debug] -->[C20] DL_Rom_SetEnableAttr #./api/api.cpp (line:2929)
[0000041] [11:08:37:109375] [Tid0x00001510] [debug] <--[C20] DL_Rom_SetEnableAttr
[0000042] [11:08:37:109375] [Tid0x00001510] [debug] -->[C21] DL_GetCount #./api/api.cpp (line:2710)
[0000043] [11:08:37:109375] [Tid0x00001510] [debug] <--[C21] DL_GetCount
[0000044] [11:08:37:109375] [Tid0x00001510] [debug] -->[C22] DL_Rom_GetInfoAll #./api/api.cpp (line:2875)
[0000045] [11:08:37:109375] [Tid0x00001510] [debug] <--[C22] DL_Rom_GetInfoAll
[0000046] [11:08:37:125000] [Tid0x00001510] [debug] -->[C23] DL_Rom_SetEnableAttr #./api/api.cpp (line:2929)
[0000047] [11:08:37:125000] [Tid0x00001510] [debug] <--[C23] DL_Rom_SetEnableAttr
[0000048] [11:08:37:125000] [Tid0x00001510] [debug] -->[C24] DL_GetCount #./api/api.cpp (line:2710)
[0000049] [11:08:37:125000] [Tid0x00001510] [debug] <--[C24] DL_GetCount
[0000050] [11:08:37:125000] [Tid0x00001510] [debug] -->[C25] DL_Rom_GetInfoAll #./api/api.cpp (line:2875)
[0000051] [11:08:37:125000] [Tid0x00001510] [debug] <--[C25] DL_Rom_GetInfoAll
[0000052] [11:08:37:140625] [Tid0x00001510] [debug] -->[C26] DL_Rom_SetEnableAttr #./api/api.cpp (line:2929)
[0000053] [11:08:37:140625] [Tid0x00001510] [debug] <--[C26] DL_Rom_SetEnableAttr
[0000054] [11:08:37:140625] [Tid0x00001510] [debug] -->[C27] DL_GetCount #./api/api.cpp (line:2710)
[0000055] [11:08:37:140625] [Tid0x00001510] [debug] <--[C27] DL_GetCount
[0000056] [11:08:37:140625] [Tid0x00001510] [debug] -->[C28] DL_Rom_GetInfoAll #./api/api.cpp (line:2875)
[0000057] [11:08:37:140625] [Tid0x00001510] [debug] <--[C28] DL_Rom_GetInfoAll
[0000058] [11:08:37:156250] [Tid0x00001510] [debug] -->[C29] DL_Rom_SetEnableAttr #./api/api.cpp (line:2929)
[0000059] [11:08:37:156250] [Tid0x00001510] [debug] <--[C29] DL_Rom_SetEnableAttr
[0000060] [11:08:37:156250] [Tid0x00001510] [debug] -->[C30] DL_GetCount #./api/api.cpp (line:2710)
[0000061] [11:08:37:156250] [Tid0x00001510] [debug] <--[C30] DL_GetCount
[0000062] [11:08:37:156250] [Tid0x00001510] [debug] -->[C31] DL_Rom_GetInfoAll #./api/api.cpp (line:2875)
[0000063] [11:08:37:156250] [Tid0x00001510] [debug] <--[C31] DL_Rom_GetInfoAll
[0000064] [11:08:37:156250] [Tid0x00001510] [debug] -->[C32] DL_Rom_SetEnableAttr #./api/api.cpp (line:2929)
[0000065] [11:08:37:156250] [Tid0x00001510] [debug] <--[C32] DL_Rom_SetEnableAttr
[0000066] [11:08:37:156250] [Tid0x00001510] [debug] -->[C33] DL_GetCount #./api/api.cpp (line:2710)
[0000067] [11:08:37:156250] [Tid0x00001510] [debug] <--[C33] DL_GetCount
[0000068] [11:08:37:156250] [Tid0x00001510] [debug] -->[C34] DL_Rom_GetInfoAll #./api/api.cpp (line:2875)
[0000069] [11:08:37:156250] [Tid0x00001510] [debug] <--[C34] DL_Rom_GetInfoAll
[0000070] [11:08:37:171875] [Tid0x00001510] [debug] -->[C35] DL_Rom_SetEnableAttr #./api/api.cpp (line:2929)
[0000071] [11:08:37:171875] [Tid0x00001510] [debug] <--[C35] DL_Rom_SetEnableAttr
[0000072] [11:08:37:171875] [Tid0x00001510] [debug] -->[C36] DL_GetCount #./api/api.cpp (line:2710)
[0000073] [11:08:37:171875] [Tid0x00001510] [debug] <--[C36] DL_GetCount
[0000074] [11:08:37:171875] [Tid0x00001510] [debug] -->[C37] DL_Rom_GetInfoAll #./api/api.cpp (line:2875)
[0000075] [11:08:37:171875] [Tid0x00001510] [debug] <--[C37] DL_Rom_GetInfoAll
[0000076] [11:08:37:187500] [Tid0x00001510] [debug] -->[C38] DL_Rom_SetEnableAttr #./api/api.cpp (line:2929)
[0000077] [11:08:37:187500] [Tid0x00001510] [debug] <--[C38] DL_Rom_SetEnableAttr
[0000078] [11:08:37:187500] [Tid0x00001510] [debug] -->[C39] DL_GetCount #./api/api.cpp (line:2710)
[0000079] [11:08:37:187500] [Tid0x00001510] [debug] <--[C39] DL_GetCount
[0000080] [11:08:37:187500] [Tid0x00001510] [debug] -->[C40] DL_Rom_GetInfoAll #./api/api.cpp (line:2875)
[0000081] [11:08:37:187500] [Tid0x00001510] [debug] <--[C40] DL_Rom_GetInfoAll
[0000082] [11:08:37:187500] [Tid0x00001510] [debug] -->[C41] DL_Rom_SetEnableAttr #./api/api.cpp (line:2929)
[0000083] [11:08:37:187500] [Tid0x00001510] [debug] <--[C41] DL_Rom_SetEnableAttr
[0000084] [11:08:37:187500] [Tid0x00001510] [debug] -->[C42] DL_SetChecksumLevel #./api/api.cpp (line:2643)
[0000085] [11:08:37:187500] [Tid0x00001510] [debug] <--[C42] DL_SetChecksumLevel
[0000086] [11:08:50:250000] [Tid0x000000cc] [debug] -->[C43] DL_LoadScatter #./api/api.cpp (line:2601)
[0000087] [11:08:50:281250] [Tid0x000000cc] [debug] used lib version: 1
[0000088] [11:08:50:281250] [Tid0x000000cc] [debug] <--[C43] DL_LoadScatter
[0000089] [11:08:50:281250] [Tid0x000000cc] [debug] -->[C44] DL_AutoLoadRomImages #./api/api.cpp (line:2790)
[0000090] [11:08:50:984375] [Tid0x000000cc] [debug] <--[C44] DL_AutoLoadRomImages
[0000091] [11:08:50:984375] [Tid0x00001510] [debug] -->[C45] DL_GetCount #./api/api.cpp (line:2710)
[0000092] [11:08:50:984375] [Tid0x00001510] [debug] <--[C45] DL_GetCount
[0000093] [11:08:50:984375] [Tid0x00001510] [debug] -->[C46] DL_Rom_GetInfoAll #./api/api.cpp (line:2875)
[0000094] [11:08:50:984375] [Tid0x00001510] [debug] <--[C46] DL_Rom_GetInfoAll
[0000095] [11:08:51:000000] [Tid0x00001510] [debug] -->[C47] DL_GetScatterInfo #./api/api.cpp (line:2811)
[0000096] [11:08:51:000000] [Tid0x00001510] [debug] <--[C47] DL_GetScatterInfo
[0000097] [11:08:51:000000] [Tid0x00001510] [debug] -->[C48] DL_GetCount #./api/api.cpp (line:2710)
[0000098] [11:08:51:000000] [Tid0x00001510] [debug] <--[C48] DL_GetCount
[0000099] [11:08:51:000000] [Tid0x00001510] [debug] -->[C49] DL_Rom_GetInfoAll #./api/api.cpp (line:2875)
[0000100] [11:08:51:000000] [Tid0x00001510] [debug] <--[C49] DL_Rom_GetInfoAll
[0000101] [11:08:51:015625] [Tid0x00001510] [debug] -->[C50] DL_Rom_SetEnableAttr #./api/api.cpp (line:2929)
[0000102] [11:08:51:015625] [Tid0x00001510] [debug] <--[C50] DL_Rom_SetEnableAttr
[0000103] [11:08:51:015625] [Tid0x00001510] [debug] -->[C51] DL_GetCount #./api/api.cpp (line:2710)
[0000104] [11:08:51:015625] [Tid0x00001510] [debug] <--[C51] DL_GetCount
[0000105] [11:08:51:015625] [Tid0x00001510] [debug] -->[C52] DL_Rom_GetInfoAll #./api/api.cpp (line:2875)
[0000106] [11:08:51:015625] [Tid0x00001510] [debug] <--[C52] DL_Rom_GetInfoAll
[0000107] [11:08:51:031250] [Tid0x00001510] [debug] -->[C53] DL_Rom_SetEnableAttr #./api/api.cpp (line:2929)
[0000108] [11:08:51:031250] [Tid0x00001510] [debug] <--[C53] DL_Rom_SetEnableAttr
[0000109] [11:08:51:046875] [Tid0x00001510] [debug] -->[C54] DL_GetCount #./api/api.cpp (line:2710)
[0000110] [11:08:51:046875] [Tid0x00001510] [debug] <--[C54] DL_GetCount
[0000111] [11:08:51:046875] [Tid0x00001510] [debug] -->[C55] DL_Rom_GetInfoAll #./api/api.cpp (line:2875)
[0000112] [11:08:51:046875] [Tid0x00001510] [debug] <--[C55] DL_Rom_GetInfoAll
[0000113] [11:08:51:046875] [Tid0x00001510] [debug] -->[C56] DL_Rom_SetEnableAttr #./api/api.cpp (line:2929)
[0000114] [11:08:51:046875] [Tid0x00001510] [debug] <--[C56] DL_Rom_SetEnableAttr
[0000115] [11:08:51:046875] [Tid0x00001510] [debug] -->[C57] DL_GetCount #./api/api.cpp (line:2710)
[0000116] [11:08:51:046875] [Tid0x00001510] [debug] <--[C57] DL_GetCount
[0000117] [11:08:51:046875] [Tid0x00001510] [debug] -->[C58] DL_Rom_GetInfoAll #./api/api.cpp (line:2875)
[0000118] [11:08:51:046875] [Tid0x00001510] [debug] <--[C58] DL_Rom_GetInfoAll
[0000119] [11:08:51:046875] [Tid0x00001510] [debug] -->[C59] DL_Rom_SetEnableAttr #./api/api.cpp (line:2929)
[0000120] [11:08:51:046875] [Tid0x00001510] [debug] <--[C59] DL_Rom_SetEnableAttr
[0000121] [11:08:51:062500] [Tid0x00001510] [debug] -->[C60] DL_GetCount #./api/api.cpp (line:2710)
[0000122] [11:08:51:062500] [Tid0x00001510] [debug] <--[C60] DL_GetCount
[0000123] [11:08:51:062500] [Tid0x00001510] [debug] -->[C61] DL_Rom_GetInfoAll #./api/api.cpp (line:2875)
[0000124] [11:08:51:062500] [Tid0x00001510] [debug] <--[C61] DL_Rom_GetInfoAll
[0000125] [11:08:51:078125] [Tid0x00001510] [debug] -->[C62] DL_Rom_SetEnableAttr #./api/api.cpp (line:2929)
[0000126] [11:08:51:078125] [Tid0x00001510] [debug] <--[C62] DL_Rom_SetEnableAttr
[0000127] [11:08:51:078125] [Tid0x00001510] [debug] -->[C63] DL_GetCount #./api/api.cpp (line:2710)
[0000128] [11:08:51:078125] [Tid0x00001510] [debug] <--[C63] DL_GetCount
[0000129] [11:08:51:078125] [Tid0x00001510] [debug] -->[C64] DL_Rom_GetInfoAll #./api/api.cpp (line:2875)
[0000130] [11:08:51:078125] [Tid0x00001510] [debug] <--[C64] DL_Rom_GetInfoAll
[0000131] [11:08:51:078125] [Tid0x00001510] [debug] -->[C65] DL_Rom_SetEnableAttr #./api/api.cpp (line:2929)
[0000132] [11:08:51:078125] [Tid0x00001510] [debug] <--[C65] DL_Rom_SetEnableAttr
[0000133] [11:08:51:093750] [Tid0x00001510] [debug] -->[C66] DL_GetCount #./api/api.cpp (line:2710)
[0000134] [11:08:51:093750] [Tid0x00001510] [debug] <--[C66] DL_GetCount
[0000135] [11:08:51:093750] [Tid0x00001510] [debug] -->[C67] DL_Rom_GetInfoAll #./api/api.cpp (line:2875)
[0000136] [11:08:51:093750] [Tid0x00001510] [debug] <--[C67] DL_Rom_GetInfoAll
[0000137] [11:08:51:109375] [Tid0x00001510] [debug] -->[C68] DL_Rom_SetEnableAttr #./api/api.cpp (line:2929)
[0000138] [11:08:51:109375] [Tid0x00001510] [debug] <--[C68] DL_Rom_SetEnableAttr
[0000139] [11:08:51:109375] [Tid0x00001510] [debug] -->[C69] DL_GetCount #./api/api.cpp (line:2710)
[0000140] [11:08:51:109375] [Tid0x00001510] [debug] <--[C69] DL_GetCount
[0000141] [11:08:51:109375] [Tid0x00001510] [debug] -->[C70] DL_Rom_GetInfoAll #./api/api.cpp (line:2875)
[0000142] [11:08:51:109375] [Tid0x00001510] [debug] <--[C70] DL_Rom_GetInfoAll
[0000143] [11:08:51:109375] [Tid0x00001510] [debug] -->[C71] DL_Rom_SetEnableAttr #./api/api.cpp (line:2929)
[0000144] [11:08:51:109375] [Tid0x00001510] [debug] <--[C71] DL_Rom_SetEnableAttr
[0000145] [11:08:51:125000] [Tid0x00001510] [debug] -->[C72] DL_GetCount #./api/api.cpp (line:2710)
[0000146] [11:08:51:125000] [Tid0x00001510] [debug] <--[C72] DL_GetCount
[0000147] [11:08:51:125000] [Tid0x00001510] [debug] -->[C73] DL_Rom_GetInfoAll #./api/api.cpp (line:2875)
[0000148] [11:08:51:125000] [Tid0x00001510] [debug] <--[C73] DL_Rom_GetInfoAll
[0000149] [11:08:51:125000] [Tid0x00001510] [debug] -->[C74] DL_Rom_SetEnableAttr #./api/api.cpp (line:2929)
[0000150] [11:08:51:125000] [Tid0x00001510] [debug] <--[C74] DL_Rom_SetEnableAttr
[0000151] [11:08:51:125000] [Tid0x00001510] [debug] -->[C75] DL_GetCount #./api/api.cpp (line:2710)
[0000152] [11:08:51:125000] [Tid0x00001510] [debug] <--[C75] DL_GetCount
[0000153] [11:08:51:125000] [Tid0x00001510] [debug] -->[C76] DL_Rom_GetInfoAll #./api/api.cpp (line:2875)
[0000154] [11:08:51:125000] [Tid0x00001510] [debug] <--[C76] DL_Rom_GetInfoAll
[0000155] [11:08:51:140625] [Tid0x00001510] [debug] -->[C77] DL_Rom_SetEnableAttr #./api/api.cpp (line:2929)
[0000156] [11:08:51:140625] [Tid0x00001510] [debug] <--[C77] DL_Rom_SetEnableAttr
[0000157] [11:08:51:156250] [Tid0x00001510] [debug] -->[C78] DL_GetCount #./api/api.cpp (line:2710)
[0000158] [11:08:51:156250] [Tid0x00001510] [debug] <--[C78] DL_GetCount
[0000159] [11:08:51:156250] [Tid0x00001510] [debug] -->[C79] DL_Rom_GetInfoAll #./api/api.cpp (line:2875)
[0000160] [11:08:51:156250] [Tid0x00001510] [debug] <--[C79] DL_Rom_GetInfoAll
[0000161] [11:08:51:156250] [Tid0x00001510] [debug] -->[C80] DL_Rom_SetEnableAttr #./api/api.cpp (line:2929)
[0000162] [11:08:51:156250] [Tid0x00001510] [debug] <--[C80] DL_Rom_SetEnableAttr
[0000163] [11:08:51:156250] [Tid0x00001510] [debug] -->[C81] DL_GetCount #./api/api.cpp (line:2710)
[0000164] [11:08:51:156250] [Tid0x00001510] [debug] <--[C81] DL_GetCount
[0000165] [11:08:51:156250] [Tid0x00001510] [debug] -->[C82] DL_Rom_GetInfoAll #./api/api.cpp (line:2875)
[0000166] [11:08:51:156250] [Tid0x00001510] [debug] <--[C82] DL_Rom_GetInfoAll
[0000167] [11:08:51:171875] [Tid0x00001510] [debug] -->[C83] DL_Rom_SetEnableAttr #./api/api.cpp (line:2929)
[0000168] [11:08:51:171875] [Tid0x00001510] [debug] <--[C83] DL_Rom_SetEnableAttr
[0000169] [11:08:51:187500] [Tid0x00001510] [debug] -->[C84] DL_GetCount #./api/api.cpp (line:2710)
[0000170] [11:08:51:187500] [Tid0x00001510] [debug] <--[C84] DL_GetCount
[0000171] [11:08:51:187500] [Tid0x00001510] [debug] -->[C85] DL_Rom_GetInfoAll #./api/api.cpp (line:2875)
[0000172] [11:08:51:187500] [Tid0x00001510] [debug] <--[C85] DL_Rom_GetInfoAll
[0000173] [11:08:51:187500] [Tid0x00001510] [debug] -->[C86] DL_Rom_SetEnableAttr #./api/api.cpp (line:2929)
[0000174] [11:08:51:187500] [Tid0x00001510] [debug] <--[C86] DL_Rom_SetEnableAttr
[0000175] [11:08:51:187500] [Tid0x00001510] [debug] -->[C87] DL_GetCount #./api/api.cpp (line:2710)
[0000176] [11:08:51:187500] [Tid0x00001510] [debug] <--[C87] DL_GetCount
[0000177] [11:08:51:187500] [Tid0x00001510] [debug] -->[C88] DL_Rom_GetInfoAll #./api/api.cpp (line:2875)
[0000178] [11:08:51:187500] [Tid0x00001510] [debug] <--[C88] DL_Rom_GetInfoAll
[0000179] [11:08:51:203125] [Tid0x00001510] [debug] -->[C89] DL_Rom_SetEnableAttr #./api/api.cpp (line:2929)
[0000180] [11:08:51:203125] [Tid0x00001510] [debug] <--[C89] DL_Rom_SetEnableAttr
[0000181] [11:08:51:218750] [Tid0x00001510] [debug] -->[C90] DL_GetCount #./api/api.cpp (line:2710)
[0000182] [11:08:51:218750] [Tid0x00001510] [debug] <--[C90] DL_GetCount
[0000183] [11:08:51:218750] [Tid0x00001510] [debug] -->[C91] DL_Rom_GetInfoAll #./api/api.cpp (line:2875)
[0000184] [11:08:51:218750] [Tid0x00001510] [debug] <--[C91] DL_Rom_GetInfoAll
[0000185] [11:08:51:234375] [Tid0x00001510] [debug] -->[C92] DL_Rom_SetEnableAttr #./api/api.cpp (line:2929)
[0000186] [11:08:51:234375] [Tid0x00001510] [debug] <--[C92] DL_Rom_SetEnableAttr
[0000187] [11:08:51:234375] [Tid0x00001510] [debug] -->[C93] DL_GetCount #./api/api.cpp (line:2710)
[0000188] [11:08:51:234375] [Tid0x00001510] [debug] <--[C93] DL_GetCount
[0000189] [11:08:51:234375] [Tid0x00001510] [debug] -->[C94] DL_Rom_GetInfoAll #./api/api.cpp (line:2875)
[0000190] [11:08:51:234375] [Tid0x00001510] [debug] <--[C94] DL_Rom_GetInfoAll
[0000191] [11:08:51:234375] [Tid0x00001510] [debug] -->[C95] DL_Rom_SetEnableAttr #./api/api.cpp (line:2929)
[0000192] [11:08:51:234375] [Tid0x00001510] [debug] <--[C95] DL_Rom_SetEnableAttr
[0000193] [11:08:51:250000] [Tid0x00001510] [debug] -->[C96] DL_GetCount #./api/api.cpp (line:2710)
[0000194] [11:08:51:250000] [Tid0x00001510] [debug] <--[C96] DL_GetCount
[0000195] [11:08:51:250000] [Tid0x00001510] [debug] -->[C97] DL_Rom_GetInfoAll #./api/api.cpp (line:2875)
[0000196] [11:08:51:250000] [Tid0x00001510] [debug] <--[C97] DL_Rom_GetInfoAll
[0000197] [11:08:51:250000] [Tid0x00001510] [debug] -->[C98] DL_Rom_SetEnableAttr #./api/api.cpp (line:2929)
[0000198] [11:08:51:250000] [Tid0x00001510] [debug] <--[C98] DL_Rom_SetEnableAttr
[0000199] [11:08:51:250000] [Tid0x00001510] [debug] -->[C99] DL_GetCount #./api/api.cpp (line:2710)
[0000200] [11:08:51:250000] [Tid0x00001510] [debug] <--[C99] DL_GetCount
[0000201] [11:08:51:250000] [Tid0x00001510] [debug] -->[C100] DL_Rom_GetInfoAll #./api/api.cpp (line:2875)
[0000202] [11:08:51:250000] [Tid0x00001510] [debug] <--[C100] DL_Rom_GetInfoAll
[0000203] [11:08:51:265625] [Tid0x00001510] [debug] -->[C101] DL_Rom_SetEnableAttr #./api/api.cpp (line:2929)
[0000204] [11:08:51:265625] [Tid0x00001510] [debug] <--[C101] DL_Rom_SetEnableAttr
[0000205] [11:08:51:281250] [Tid0x00001510] [debug] -->[C102] DL_GetCount #./api/api.cpp (line:2710)
[0000206] [11:08:51:281250] [Tid0x00001510] [debug] <--[C102] DL_GetCount
[0000207] [11:08:51:281250] [Tid0x00001510] [debug] -->[C103] DL_Rom_GetInfoAll #./api/api.cpp (line:2875)
[0000208] [11:08:51:281250] [Tid0x00001510] [debug] <--[C103] DL_Rom_GetInfoAll
[0000209] [11:08:51:281250] [Tid0x00001510] [debug] -->[C104] DL_Rom_SetEnableAttr #./api/api.cpp (line:2929)
[0000210] [11:08:51:281250] [Tid0x00001510] [debug] <--[C104] DL_Rom_SetEnableAttr
[0000211] [11:08:51:296875] [Tid0x00001510] [debug] -->[C105] DL_GetCount #./api/api.cpp (line:2710)
[0000212] [11:08:51:296875] [Tid0x00001510] [debug] <--[C105] DL_GetCount
[0000213] [11:08:51:296875] [Tid0x00001510] [debug] -->[C106] DL_Rom_GetInfoAll #./api/api.cpp (line:2875)
[0000214] [11:08:51:296875] [Tid0x00001510] [debug] <--[C106] DL_Rom_GetInfoAll
[0000215] [11:08:51:296875] [Tid0x00001510] [debug] -->[C107] DL_Rom_SetEnableAttr #./api/api.cpp (line:2929)
[0000216] [11:08:51:296875] [Tid0x00001510] [debug] <--[C107] DL_Rom_SetEnableAttr
[0000217] [11:08:51:312500] [Tid0x00001510] [debug] -->[C108] DL_GetCount #./api/api.cpp (line:2710)
[0000218] [11:08:51:312500] [Tid0x00001510] [debug] <--[C108] DL_GetCount
[0000219] [11:08:51:312500] [Tid0x00001510] [debug] -->[C109] DL_Rom_GetInfoAll #./api/api.cpp (line:2875)
[0000220] [11:08:51:312500] [Tid0x00001510] [debug] <--[C109] DL_Rom_GetInfoAll
[0000221] [11:08:51:328125] [Tid0x00001510] [debug] -->[C110] DL_Rom_SetEnableAttr #./api/api.cpp (line:2929)
[0000222] [11:08:51:328125] [Tid0x00001510] [debug] <--[C110] DL_Rom_SetEnableAttr
[0000223] [11:08:51:328125] [Tid0x00001510] [debug] -->[C111] DL_GetCount #./api/api.cpp (line:2710)
[0000224] [11:08:51:328125] [Tid0x00001510] [debug] <--[C111] DL_GetCount
[0000225] [11:08:51:328125] [Tid0x00001510] [debug] -->[C112] DL_Rom_GetInfoAll #./api/api.cpp (line:2875)
[0000226] [11:08:51:328125] [Tid0x00001510] [debug] <--[C112] DL_Rom_GetInfoAll
[0000227] [11:08:51:328125] [Tid0x00001510] [debug] -->[C113] DL_Rom_SetEnableAttr #./api/api.cpp (line:2929)
[0000228] [11:08:51:328125] [Tid0x00001510] [debug] <--[C113] DL_Rom_SetEnableAttr
[0000229] [11:08:51:343750] [Tid0x00001510] [debug] -->[C114] DL_GetCount #./api/api.cpp (line:2710)
[0000230] [11:08:51:343750] [Tid0x00001510] [debug] <--[C114] DL_GetCount
[0000231] [11:08:51:343750] [Tid0x00001510] [debug] -->[C115] DL_Rom_GetInfoAll #./api/api.cpp (line:2875)
[0000232] [11:08:51:343750] [Tid0x00001510] [debug] <--[C115] DL_Rom_GetInfoAll
[0000233] [11:08:51:343750] [Tid0x00001510] [debug] -->[C116] DL_Rom_SetEnableAttr #./api/api.cpp (line:2929)
[0000234] [11:08:51:343750] [Tid0x00001510] [debug] <--[C116] DL_Rom_SetEnableAttr
[0000235] [11:08:51:359375] [Tid0x00001510] [debug] -->[C117] DL_GetCount #./api/api.cpp (line:2710)
[0000236] [11:08:51:359375] [Tid0x00001510] [debug] <--[C117] DL_GetCount
[0000237] [11:08:51:359375] [Tid0x00001510] [debug] -->[C118] DL_Rom_GetInfoAll #./api/api.cpp (line:2875)
[0000238] [11:08:51:359375] [Tid0x00001510] [debug] <--[C118] DL_Rom_GetInfoAll
[0000239] [11:08:51:375000] [Tid0x00001510] [debug] -->[C119] DL_Rom_SetEnableAttr #./api/api.cpp (line:2929)
[0000240] [11:08:51:375000] [Tid0x00001510] [debug] <--[C119] DL_Rom_SetEnableAttr
[0000241] [11:08:51:375000] [Tid0x00001510] [debug] -->[C120] DL_GetCount #./api/api.cpp (line:2710)
[0000242] [11:08:51:375000] [Tid0x00001510] [debug] <--[C120] DL_GetCount
[0000243] [11:08:51:375000] [Tid0x00001510] [debug] -->[C121] DL_Rom_GetInfoAll #./api/api.cpp (line:2875)
[0000244] [11:08:51:390625] [Tid0x00001510] [debug] <--[C121] DL_Rom_GetInfoAll
[0000245] [11:08:51:390625] [Tid0x00001510] [debug] -->[C122] DL_Rom_SetEnableAttr #./api/api.cpp (line:2929)
[0000246] [11:08:51:390625] [Tid0x00001510] [debug] <--[C122] DL_Rom_SetEnableAttr
[0000247] [11:08:51:390625] [Tid0x00001510] [debug] -->[C123] DL_GetCount #./api/api.cpp (line:2710)
[0000248] [11:08:51:390625] [Tid0x00001510] [debug] <--[C123] DL_GetCount
[0000249] [11:08:51:390625] [Tid0x00001510] [debug] -->[C124] DL_Rom_GetInfoAll #./api/api.cpp (line:2875)
[0000250] [11:08:51:390625] [Tid0x00001510] [debug] <--[C124] DL_Rom_GetInfoAll
[0000251] [11:08:51:406250] [Tid0x00001510] [debug] -->[C125] DL_Rom_SetEnableAttr #./api/api.cpp (line:2929)
[0000252] [11:08:51:406250] [Tid0x00001510] [debug] <--[C125] DL_Rom_SetEnableAttr
[0000253] [11:08:51:406250] [Tid0x00001510] [debug] -->[C126] DL_GetCount #./api/api.cpp (line:2710)
[0000254] [11:08:51:406250] [Tid0x00001510] [debug] <--[C126] DL_GetCount
[0000255] [11:08:51:406250] [Tid0x00001510] [debug] -->[C127] DL_Rom_GetInfoAll #./api/api.cpp (line:2875)
[0000256] [11:08:51:406250] [Tid0x00001510] [debug] <--[C127] DL_Rom_GetInfoAll
[0000257] [11:08:51:421875] [Tid0x00001510] [debug] -->[C128] DL_Rom_SetEnableAttr #./api/api.cpp (line:2929)
[0000258] [11:08:51:421875] [Tid0x00001510] [debug] <--[C128] DL_Rom_SetEnableAttr
[0000259] [11:08:51:437500] [Tid0x00001510] [debug] -->[C129] DL_GetCount #./api/api.cpp (line:2710)
[0000260] [11:08:51:437500] [Tid0x00001510] [debug] <--[C129] DL_GetCount
[0000261] [11:08:51:437500] [Tid0x00001510] [debug] -->[C130] DL_Rom_GetInfoAll #./api/api.cpp (line:2875)
[0000262] [11:08:51:437500] [Tid0x00001510] [debug] <--[C130] DL_Rom_GetInfoAll
[0000263] [11:08:51:453125] [Tid0x00001510] [debug] -->[C131] DL_Rom_SetEnableAttr #./api/api.cpp (line:2929)
[0000264] [11:08:51:453125] [Tid0x00001510] [debug] <--[C131] DL_Rom_SetEnableAttr
[0000265] [11:08:51:468750] [Tid0x00001510] [debug] -->[C132] DL_GetCount #./api/api.cpp (line:2710)
[0000266] [11:08:51:468750] [Tid0x00001510] [debug] <--[C132] DL_GetCount
[0000267] [11:08:51:468750] [Tid0x00001510] [debug] -->[C133] DL_Rom_GetInfoAll #./api/api.cpp (line:2875)
[0000268] [11:08:51:468750] [Tid0x00001510] [debug] <--[C133] DL_Rom_GetInfoAll
[0000269] [11:08:51:484375] [Tid0x00001510] [debug] -->[C134] DL_Rom_SetEnableAttr #./api/api.cpp (line:2929)
[0000270] [11:08:51:484375] [Tid0x00001510] [debug] <--[C134] DL_Rom_SetEnableAttr
[0000271] [11:08:51:484375] [Tid0x00001510] [debug] -->[C135] DL_SetChecksumLevel #./api/api.cpp (line:2643)
[0000272] [11:08:51:484375] [Tid0x00001510] [debug] <--[C135] DL_SetChecksumLevel
[0000273] [11:08:52:656250] [Tid0x00001510] [debug] -->[C136] DL_GetCount #./api/api.cpp (line:2710)
[0000274] [11:08:52:656250] [Tid0x00001510] [debug] <--[C136] DL_GetCount
[0000275] [11:08:52:656250] [Tid0x00001510] [debug] -->[C137] DL_Rom_GetInfoAll #./api/api.cpp (line:2875)
[0000276] [11:08:52:656250] [Tid0x00001510] [debug] <--[C137] DL_Rom_GetInfoAll
[0000277] [11:08:52:671875] [Tid0x00001510] [debug] -->[C138] DL_Rom_SetEnableAttr #./api/api.cpp (line:2929)
[0000278] [11:08:52:671875] [Tid0x00001510] [debug] <--[C138] DL_Rom_SetEnableAttr
[0000279] [11:08:52:671875] [Tid0x00001510] [debug] -->[C139] DL_GetCount #./api/api.cpp (line:2710)
[0000280] [11:08:52:671875] [Tid0x00001510] [debug] <--[C139] DL_GetCount
[0000281] [11:08:52:671875] [Tid0x00001510] [debug] -->[C140] DL_Rom_GetInfoAll #./api/api.cpp (line:2875)
[0000282] [11:08:52:671875] [Tid0x00001510] [debug] <--[C140] DL_Rom_GetInfoAll
[0000283] [11:08:52:671875] [Tid0x00001510] [debug] -->[C141] DL_Rom_SetEnableAttr #./api/api.cpp (line:2929)
[0000284] [11:08:52:671875] [Tid0x00001510] [debug] <--[C141] DL_Rom_SetEnableAttr
[0000285] [11:08:52:671875] [Tid0x00001510] [debug] -->[C142] DL_GetCount #./api/api.cpp (line:2710)
[0000286] [11:08:52:687500] [Tid0x00001510] [debug] <--[C142] DL_GetCount
[0000287] [11:08:52:687500] [Tid0x00001510] [debug] -->[C143] DL_Rom_GetInfoAll #./api/api.cpp (line:2875)
[0000288] [11:08:52:687500] [Tid0x00001510] [debug] <--[C143] DL_Rom_GetInfoAll
[0000289] [11:08:52:687500] [Tid0x00001510] [debug] -->[C144] DL_Rom_SetEnableAttr #./api/api.cpp (line:2929)
[0000290] [11:08:52:687500] [Tid0x00001510] [debug] <--[C144] DL_Rom_SetEnableAttr
[0000291] [11:08:52:687500] [Tid0x00001510] [debug] -->[C145] DL_GetCount #./api/api.cpp (line:2710)
[0000292] [11:08:52:687500] [Tid0x00001510] [debug] <--[C145] DL_GetCount
[0000293] [11:08:52:687500] [Tid0x00001510] [debug] -->[C146] DL_Rom_GetInfoAll #./api/api.cpp (line:2875)
[0000294] [11:08:52:687500] [Tid0x00001510] [debug] <--[C146] DL_Rom_GetInfoAll
[0000295] [11:08:52:687500] [Tid0x00001510] [debug] -->[C147] DL_Rom_SetEnableAttr #./api/api.cpp (line:2929)
[0000296] [11:08:52:687500] [Tid0x00001510] [debug] <--[C147] DL_Rom_SetEnableAttr
[0000297] [11:08:52:687500] [Tid0x00001510] [debug] -->[C148] DL_GetCount #./api/api.cpp (line:2710)
[0000298] [11:08:52:687500] [Tid0x00001510] [debug] <--[C148] DL_GetCount
[0000299] [11:08:52:687500] [Tid0x00001510] [debug] -->[C149] DL_Rom_GetInfoAll #./api/api.cpp (line:2875)
[0000300] [11:08:52:703125] [Tid0x00001510] [debug] <--[C149] DL_Rom_GetInfoAll
[0000301] [11:08:52:703125] [Tid0x00001510] [debug] -->[C150] DL_Rom_SetEnableAttr #./api/api.cpp (line:2929)
[0000302] [11:08:52:703125] [Tid0x00001510] [debug] <--[C150] DL_Rom_SetEnableAttr
[0000303] [11:08:52:703125] [Tid0x00001510] [debug] -->[C151] DL_GetCount #./api/api.cpp (line:2710)
[0000304] [11:08:52:703125] [Tid0x00001510] [debug] <--[C151] DL_GetCount
[0000305] [11:08:52:703125] [Tid0x00001510] [debug] -->[C152] DL_Rom_GetInfoAll #./api/api.cpp (line:2875)
[0000306] [11:08:52:703125] [Tid0x00001510] [debug] <--[C152] DL_Rom_GetInfoAll
[0000307] [11:08:52:703125] [Tid0x00001510] [debug] -->[C153] DL_Rom_SetEnableAttr #./api/api.cpp (line:2929)
[0000308] [11:08:52:703125] [Tid0x00001510] [debug] <--[C153] DL_Rom_SetEnableAttr
[0000309] [11:08:52:703125] [Tid0x00001510] [debug] -->[C154] DL_GetCount #./api/api.cpp (line:2710)
[0000310] [11:08:52:703125] [Tid0x00001510] [debug] <--[C154] DL_GetCount
[0000311] [11:08:52:703125] [Tid0x00001510] [debug] -->[C155] DL_Rom_GetInfoAll #./api/api.cpp (line:2875)
[0000312] [11:08:52:703125] [Tid0x00001510] [debug] <--[C155] DL_Rom_GetInfoAll
[0000313] [11:08:52:718750] [Tid0x00001510] [debug] -->[C156] DL_Rom_SetEnableAttr #./api/api.cpp (line:2929)
[0000314] [11:08:52:718750] [Tid0x00001510] [debug] <--[C156] DL_Rom_SetEnableAttr
[0000315] [11:08:52:718750] [Tid0x00001510] [debug] -->[C157] DL_GetCount #./api/api.cpp (line:2710)
[0000316] [11:08:52:718750] [Tid0x00001510] [debug] <--[C157] DL_GetCount
[0000317] [11:08:52:718750] [Tid0x00001510] [debug] -->[C158] DL_Rom_GetInfoAll #./api/api.cpp (line:2875)
[0000318] [11:08:52:718750] [Tid0x00001510] [debug] <--[C158] DL_Rom_GetInfoAll
[0000319] [11:08:52:718750] [Tid0x00001510] [debug] -->[C159] DL_Rom_SetEnableAttr #./api/api.cpp (line:2929)
[0000320] [11:08:52:718750] [Tid0x00001510] [debug] <--[C159] DL_Rom_SetEnableAttr
[0000321] [11:08:52:718750] [Tid0x00001510] [debug] -->[C160] DL_GetCount #./api/api.cpp (line:2710)
[0000322] [11:08:52:718750] [Tid0x00001510] [debug] <--[C160] DL_GetCount
[0000323] [11:08:52:718750] [Tid0x00001510] [debug] -->[C161] DL_Rom_GetInfoAll #./api/api.cpp (line:2875)
[0000324] [11:08:52:718750] [Tid0x00001510] [debug] <--[C161] DL_Rom_GetInfoAll
[0000325] [11:08:52:718750] [Tid0x00001510] [debug] -->[C162] DL_Rom_SetEnableAttr #./api/api.cpp (line:2929)
[0000326] [11:08:52:718750] [Tid0x00001510] [debug] <--[C162] DL_Rom_SetEnableAttr
[0000327] [11:08:52:718750] [Tid0x00001510] [debug] -->[C163] DL_GetCount #./api/api.cpp (line:2710)
[0000328] [11:08:52:718750] [Tid0x00001510] [debug] <--[C163] DL_GetCount
[0000329] [11:08:52:718750] [Tid0x00001510] [debug] -->[C164] DL_Rom_GetInfoAll #./api/api.cpp (line:2875)
[0000330] [11:08:52:718750] [Tid0x00001510] [debug] <--[C164] DL_Rom_GetInfoAll
[0000331] [11:08:52:718750] [Tid0x00001510] [debug] -->[C165] DL_Rom_SetEnableAttr #./api/api.cpp (line:2929)
[0000332] [11:08:52:718750] [Tid0x00001510] [debug] <--[C165] DL_Rom_SetEnableAttr
[0000333] [11:08:52:718750] [Tid0x00001510] [debug] -->[C166] DL_GetCount #./api/api.cpp (line:2710)
[0000334] [11:08:52:718750] [Tid0x00001510] [debug] <--[C166] DL_GetCount
[0000335] [11:08:52:718750] [Tid0x00001510] [debug] -->[C167] DL_Rom_GetInfoAll #./api/api.cpp (line:2875)
[0000336] [11:08:52:718750] [Tid0x00001510] [debug] <--[C167] DL_Rom_GetInfoAll
[0000337] [11:08:52:734375] [Tid0x00001510] [debug] -->[C168] DL_Rom_SetEnableAttr #./api/api.cpp (line:2929)
[0000338] [11:08:52:734375] [Tid0x00001510] [debug] <--[C168] DL_Rom_SetEnableAttr
[0000339] [11:08:52:734375] [Tid0x00001510] [debug] -->[C169] DL_GetCount #./api/api.cpp (line:2710)
[0000340] [11:08:52:734375] [Tid0x00001510] [debug] <--[C169] DL_GetCount
[0000341] [11:08:52:734375] [Tid0x00001510] [debug] -->[C170] DL_Rom_GetInfoAll #./api/api.cpp (line:2875)
[0000342] [11:08:52:734375] [Tid0x00001510] [debug] <--[C170] DL_Rom_GetInfoAll
[0000343] [11:08:52:734375] [Tid0x00001510] [debug] -->[C171] DL_Rom_SetEnableAttr #./api/api.cpp (line:2929)
[0000344] [11:08:52:734375] [Tid0x00001510] [debug] <--[C171] DL_Rom_SetEnableAttr
[0000345] [11:08:52:734375] [Tid0x00001510] [debug] -->[C172] DL_GetCount #./api/api.cpp (line:2710)
[0000346] [11:08:52:734375] [Tid0x00001510] [debug] <--[C172] DL_GetCount
[0000347] [11:08:52:734375] [Tid0x00001510] [debug] -->[C173] DL_Rom_GetInfoAll #./api/api.cpp (line:2875)
[0000348] [11:08:52:734375] [Tid0x00001510] [debug] <--[C173] DL_Rom_GetInfoAll
[0000349] [11:08:52:734375] [Tid0x00001510] [debug] -->[C174] DL_Rom_SetEnableAttr #./api/api.cpp (line:2929)
[0000350] [11:08:52:734375] [Tid0x00001510] [debug] <--[C174] DL_Rom_SetEnableAttr
[0000351] [11:08:52:734375] [Tid0x00001510] [debug] -->[C175] DL_GetCount #./api/api.cpp (line:2710)
[0000352] [11:08:52:734375] [Tid0x00001510] [debug] <--[C175] DL_GetCount
[0000353] [11:08:52:734375] [Tid0x00001510] [debug] -->[C176] DL_Rom_GetInfoAll #./api/api.cpp (line:2875)
[0000354] [11:08:52:734375] [Tid0x00001510] [debug] <--[C176] DL_Rom_GetInfoAll
[0000355] [11:08:52:734375] [Tid0x00001510] [debug] -->[C177] DL_Rom_SetEnableAttr #./api/api.cpp (line:2929)
[0000356] [11:08:52:734375] [Tid0x00001510] [debug] <--[C177] DL_Rom_SetEnableAttr
[0000357] [11:08:52:734375] [Tid0x00001510] [debug] -->[C178] DL_GetCount #./api/api.cpp (line:2710)
[0000358] [11:08:52:734375] [Tid0x00001510] [debug] <--[C178] DL_GetCount
[0000359] [11:08:52:734375] [Tid0x00001510] [debug] -->[C179] DL_Rom_GetInfoAll #./api/api.cpp (line:2875)
[0000360] [11:08:52:734375] [Tid0x00001510] [debug] <--[C179] DL_Rom_GetInfoAll
[0000361] [11:08:52:734375] [Tid0x00001510] [debug] -->[C180] DL_Rom_SetEnableAttr #./api/api.cpp (line:2929)
[0000362] [11:08:52:734375] [Tid0x00001510] [debug] <--[C180] DL_Rom_SetEnableAttr
[0000363] [11:08:52:734375] [Tid0x00001510] [debug] -->[C181] DL_GetCount #./api/api.cpp (line:2710)
[0000364] [11:08:52:734375] [Tid0x00001510] [debug] <--[C181] DL_GetCount
[0000365] [11:08:52:734375] [Tid0x00001510] [debug] -->[C182] DL_Rom_GetInfoAll #./api/api.cpp (line:2875)
[0000366] [11:08:52:734375] [Tid0x00001510] [debug] <--[C182] DL_Rom_GetInfoAll
[0000367] [11:08:52:750000] [Tid0x00001510] [debug] -->[C183] DL_Rom_SetEnableAttr #./api/api.cpp (line:2929)
[0000368] [11:08:52:750000] [Tid0x00001510] [debug] <--[C183] DL_Rom_SetEnableAttr
[0000369] [11:08:52:750000] [Tid0x00001510] [debug] -->[C184] DL_GetCount #./api/api.cpp (line:2710)
[0000370] [11:08:52:750000] [Tid0x00001510] [debug] <--[C184] DL_GetCount
[0000371] [11:08:52:750000] [Tid0x00001510] [debug] -->[C185] DL_Rom_GetInfoAll #./api/api.cpp (line:2875)
[0000372] [11:08:52:750000] [Tid0x00001510] [debug] <--[C185] DL_Rom_GetInfoAll
[0000373] [11:08:52:750000] [Tid0x00001510] [debug] -->[C186] DL_Rom_SetEnableAttr #./api/api.cpp (line:2929)
[0000374] [11:08:52:750000] [Tid0x00001510] [debug] <--[C186] DL_Rom_SetEnableAttr
[0000375] [11:08:52:750000] [Tid0x00001510] [debug] -->[C187] DL_GetCount #./api/api.cpp (line:2710)
[0000376] [11:08:52:750000] [Tid0x00001510] [debug] <--[C187] DL_GetCount
[0000377] [11:08:52:750000] [Tid0x00001510] [debug] -->[C188] DL_Rom_GetInfoAll #./api/api.cpp (line:2875)
[0000378] [11:08:52:750000] [Tid0x00001510] [debug] <--[C188] DL_Rom_GetInfoAll
[0000379] [11:08:52:765625] [Tid0x00001510] [debug] -->[C189] DL_Rom_SetEnableAttr #./api/api.cpp (line:2929)
[0000380] [11:08:52:765625] [Tid0x00001510] [debug] <--[C189] DL_Rom_SetEnableAttr
[0000381] [11:08:52:765625] [Tid0x00001510] [debug] -->[C190] DL_GetCount #./api/api.cpp (line:2710)
[0000382] [11:08:52:765625] [Tid0x00001510] [debug] <--[C190] DL_GetCount
[0000383] [11:08:52:765625] [Tid0x00001510] [debug] -->[C191] DL_Rom_GetInfoAll #./api/api.cpp (line:2875)
[0000384] [11:08:52:765625] [Tid0x00001510] [debug] <--[C191] DL_Rom_GetInfoAll
[0000385] [11:08:52:765625] [Tid0x00001510] [debug] -->[C192] DL_Rom_SetEnableAttr #./api/api.cpp (line:2929)
[0000386] [11:08:52:765625] [Tid0x00001510] [debug] <--[C192] DL_Rom_SetEnableAttr
[0000387] [11:08:52:765625] [Tid0x00001510] [debug] -->[C193] DL_GetCount #./api/api.cpp (line:2710)
[0000388] [11:08:52:765625] [Tid0x00001510] [debug] <--[C193] DL_GetCount
[0000389] [11:08:52:765625] [Tid0x00001510] [debug] -->[C194] DL_Rom_GetInfoAll #./api/api.cpp (line:2875)
[0000390] [11:08:52:765625] [Tid0x00001510] [debug] <--[C194] DL_Rom_GetInfoAll
[0000391] [11:08:52:781250] [Tid0x00001510] [debug] -->[C195] DL_Rom_SetEnableAttr #./api/api.cpp (line:2929)
[0000392] [11:08:52:781250] [Tid0x00001510] [debug] <--[C195] DL_Rom_SetEnableAttr
[0000393] [11:08:52:781250] [Tid0x00001510] [debug] -->[C196] DL_GetCount #./api/api.cpp (line:2710)
[0000394] [11:08:52:781250] [Tid0x00001510] [debug] <--[C196] DL_GetCount
[0000395] [11:08:52:781250] [Tid0x00001510] [debug] -->[C197] DL_Rom_GetInfoAll #./api/api.cpp (line:2875)
[0000396] [11:08:52:781250] [Tid0x00001510] [debug] <--[C197] DL_Rom_GetInfoAll
[0000397] [11:08:52:781250] [Tid0x00001510] [debug] -->[C198] DL_Rom_SetEnableAttr #./api/api.cpp (line:2929)
[0000398] [11:08:52:781250] [Tid0x00001510] [debug] <--[C198] DL_Rom_SetEnableAttr
[0000399] [11:08:52:781250] [Tid0x00001510] [debug] -->[C199] DL_GetCount #./api/api.cpp (line:2710)
[0000400] [11:08:52:781250] [Tid0x00001510] [debug] <--[C199] DL_GetCount
[0000401] [11:08:52:781250] [Tid0x00001510] [debug] -->[C200] DL_Rom_GetInfoAll #./api/api.cpp (line:2875)
[0000402] [11:08:52:781250] [Tid0x00001510] [debug] <--[C200] DL_Rom_GetInfoAll
[0000403] [11:08:52:796875] [Tid0x00001510] [debug] -->[C201] DL_Rom_SetEnableAttr #./api/api.cpp (line:2929)
[0000404] [11:08:52:796875] [Tid0x00001510] [debug] <--[C201] DL_Rom_SetEnableAttr
[0000405] [11:08:53:562500] [Tid0x00001510] [debug] -->[C202] DL_GetCount #./api/api.cpp (line:2710)
[0000406] [11:08:53:562500] [Tid0x00001510] [debug] <--[C202] DL_GetCount
[0000407] [11:08:53:562500] [Tid0x00001510] [debug] -->[C203] DL_Rom_GetInfoAll #./api/api.cpp (line:2875)
[0000408] [11:08:53:562500] [Tid0x00001510] [debug] <--[C203] DL_Rom_GetInfoAll
[0000409] [11:09:13:750000] [Tid0x0000115c] [debug] -->[C204] FlashTool_Connect_BROM_ByName #./api/api.cpp (line:2102)
[0000410] [11:09:13:750000] [Tid0x0000115c] [debug] -->[C205] FlashTool_Connect_BROM_Ex #./api/api.cpp (line:1862)
[0000411] [11:09:13:750000] [Tid0x0000115c] [debug] bCheckScatter: 1
[0000412] [11:09:13:750000] [Tid0x0000115c] [debug] have load scatter already
[0000413] [11:09:13:750000] [Tid0x0000115c] [debug] libversion 1
[0000414] [11:09:14:312500] [Tid0x0000115c] [debug] <--[C205] FlashTool_Connect_BROM_Ex
[0000415] [11:09:14:312500] [Tid0x0000115c] [debug] <--[C204] FlashTool_Connect_BROM_ByName
[0000416] [11:09:14:312500] [Tid0x0000115c] [debug] -->[C206] FlashTool_GetBootResult #./api/api.cpp (line:2114)
[0000417] [11:09:14:312500] [Tid0x0000115c] [debug] <--[C206] FlashTool_GetBootResult
[0000418] [11:09:14:312500] [Tid0x0000115c] [debug] -->[C207] FlashTool_Connect_Download_DA #./api/api.cpp (line:2134)
[0000419] [11:09:14:312500] [Tid0x0000115c] [debug] bCheckScatter: 1
[0000420] [11:09:16:703125] [Tid0x0000115c] [debug] <--[C207] FlashTool_Connect_Download_DA
[0000421] [11:09:16:703125] [Tid0x0000115c] [debug] -->[C208] FlashTool_CheckUSBStatus #./api/api.cpp (line:1140)
[0000422] [11:09:16:703125] [Tid0x0000115c] [debug] <--[C208] FlashTool_CheckUSBStatus
[0000423] [11:09:16:703125] [Tid0x0000115c] [debug] -->[C209] FlashTool_CheckUSBStatus #./api/api.cpp (line:1140)
[0000424] [11:09:16:703125] [Tid0x0000115c] [debug] <--[C209] FlashTool_CheckUSBStatus
[0000425] [11:09:16:703125] [Tid0x0000115c] [debug] -->[C210] FlashTool_GetReservedRomSize #./api/api.cpp (line:1663)
[0000426] [11:09:16:703125] [Tid0x0000115c] [debug] <--[C210] FlashTool_GetReservedRomSize
[0000427] [11:09:16:703125] [Tid0x0000115c] [debug] -->[C211] FlashTool_RomGetCount #./api/api.cpp (line:1688)
[0000428] [11:09:16:703125] [Tid0x0000115c] [debug] <--[C211] FlashTool_RomGetCount
[0000429] [11:09:16:703125] [Tid0x0000115c] [debug] -->[C212] FlashTool_RomGetInfoAll #./api/api.cpp (line:1705)
[0000430] [11:09:16:703125] [Tid0x0000115c] [debug] <--[C212] FlashTool_RomGetInfoAll
[0000431] [11:09:16:703125] [Tid0x0000115c] [debug] -->[C213] DL_GetCount #./api/api.cpp (line:2710)
[0000432] [11:09:16:703125] [Tid0x0000115c] [debug] <--[C213] DL_GetCount
[0000433] [11:09:16:703125] [Tid0x0000115c] [debug] -->[C214] DL_Rom_GetInfoAll #./api/api.cpp (line:2875)
[0000434] [11:09:16:703125] [Tid0x0000115c] [debug] <--[C214] DL_Rom_GetInfoAll
[0000435] [11:09:16:703125] [Tid0x0000115c] [debug] -->[C215] FlashTool_RomGetCount #./api/api.cpp (line:1688)
[0000436] [11:09:16:703125] [Tid0x0000115c] [debug] <--[C215] FlashTool_RomGetCount
[0000437] [11:09:16:703125] [Tid0x0000115c] [debug] -->[C216] FlashTool_ReadPartitionCount #./api/api.cpp (line:1619)
[0000438] [11:09:16:734375] [Tid0x0000115c] [debug] <--[C216] FlashTool_ReadPartitionCount
[0000439] [11:09:16:734375] [Tid0x0000115c] [debug] -->[C217] FlashTool_ReadPartitionInfo #./api/api.cpp (line:1640)
[0000440] [11:09:16:734375] [Tid0x0000115c] [debug] <--[C217] FlashTool_ReadPartitionInfo
[0000441] [11:09:16:734375] [Tid0x0000115c] [debug] -->[C218] FlashTool_ReadPartitionCount #./api/api.cpp (line:1619)
[0000442] [11:09:16:734375] [Tid0x0000115c] [debug] <--[C218] FlashTool_ReadPartitionCount
[0000443] [11:09:16:734375] [Tid0x0000115c] [debug] -->[C219] FlashTool_ReadPartitionInfo #./api/api.cpp (line:1640)
[0000444] [11:09:16:734375] [Tid0x0000115c] [debug] <--[C219] FlashTool_ReadPartitionInfo
[0000445] [11:09:16:734375] [Tid0x0000115c] [debug] -->[C220] FlashTool_GetReservedRomSize #./api/api.cpp (line:1663)
[0000446] [11:09:16:734375] [Tid0x0000115c] [debug] <--[C220] FlashTool_GetReservedRomSize
[0000447] [11:09:16:734375] [Tid0x0000115c] [debug] -->[C221] FlashTool_Format #./api/api.cpp (line:1332)
[0000448] [11:09:17:437500] [Tid0x0000115c] [debug] <--[C221] FlashTool_Format
[0000449] [11:09:17:437500] [Tid0x0000115c] [debug] -->[C222] FlashTool_Download #./api/api.cpp (line:1286)
[0000450] [11:11:55:156250] [Tid0x0000115c] [debug] <--[C222] FlashTool_Download
[0000451] [11:11:55:156250] [Tid0x0000115c] [debug] -->[C223] DL_GetCount #./api/api.cpp (line:2710)
[0000452] [11:11:55:156250] [Tid0x0000115c] [debug] <--[C223] DL_GetCount
[0000453] [11:11:55:156250] [Tid0x0000115c] [debug] -->[C224] DL_Rom_GetInfoAll #./api/api.cpp (line:2875)
[0000454] [11:11:55:156250] [Tid0x0000115c] [debug] <--[C224] DL_Rom_GetInfoAll
[0000455] [11:11:55:187500] [Tid0x0000115c] [debug] -->[C225] FlashTool_Disconnect #./api/api.cpp (line:1019)
[0000456] [11:11:55:218750] [Tid0x0000115c] [debug] <--[C225] FlashTool_Disconnect
