[0000001] [10:34:48:421875] [Tid0x00000174] [debug] -->[C1] DL_LoadScatter #./api/api.cpp (line:2601)
[0000002] [10:34:48:609375] [Tid0x00000174] [debug] used lib version: 1
[0000003] [10:34:48:609375] [Tid0x00000174] [debug] <--[C1] DL_LoadScatter
[0000004] [10:34:48:609375] [Tid0x00000174] [debug] -->[C2] DL_AutoLoadRomImages #./api/api.cpp (line:2790)
[0000005] [10:34:49:328125] [Tid0x00000174] [debug] <--[C2] DL_AutoLoadRomImages
[0000006] [10:34:49:421875] [Tid0x00000a4c] [debug] -->[C3] DL_GetCount #./api/api.cpp (line:2710)
[0000007] [10:34:49:421875] [Tid0x00000a4c] [debug] <--[C3] DL_GetCount
[0000008] [10:34:49:437500] [Tid0x00000a4c] [debug] -->[C4] DL_Rom_GetInfoAll #./api/api.cpp (line:2875)
[0000009] [10:34:49:437500] [Tid0x00000a4c] [debug] <--[C4] DL_Rom_GetInfoAll
[0000010] [10:34:49:468750] [Tid0x00000a4c] [debug] -->[C5] DL_GetScatterInfo #./api/api.cpp (line:2811)
[0000011] [10:34:49:468750] [Tid0x00000a4c] [debug] <--[C5] DL_GetScatterInfo
[0000012] [10:34:49:468750] [Tid0x00000a4c] [debug] -->[C6] DL_GetCount #./api/api.cpp (line:2710)
[0000013] [10:34:49:468750] [Tid0x00000a4c] [debug] <--[C6] DL_GetCount
[0000014] [10:34:49:468750] [Tid0x00000a4c] [debug] -->[C7] DL_Rom_GetInfoAll #./api/api.cpp (line:2875)
[0000015] [10:34:49:468750] [Tid0x00000a4c] [debug] <--[C7] DL_Rom_GetInfoAll
[0000016] [10:34:49:484375] [Tid0x00000a4c] [debug] -->[C8] DL_Rom_SetEnableAttr #./api/api.cpp (line:2929)
[0000017] [10:34:49:484375] [Tid0x00000a4c] [debug] <--[C8] DL_Rom_SetEnableAttr
[0000018] [10:34:49:484375] [Tid0x00000a4c] [debug] -->[C9] DL_GetCount #./api/api.cpp (line:2710)
[0000019] [10:34:49:484375] [Tid0x00000a4c] [debug] <--[C9] DL_GetCount
[0000020] [10:34:49:484375] [Tid0x00000a4c] [debug] -->[C10] DL_Rom_GetInfoAll #./api/api.cpp (line:2875)
[0000021] [10:34:49:484375] [Tid0x00000a4c] [debug] <--[C10] DL_Rom_GetInfoAll
[0000022] [10:34:49:484375] [Tid0x00000a4c] [debug] -->[C11] DL_Rom_SetEnableAttr #./api/api.cpp (line:2929)
[0000023] [10:34:49:484375] [Tid0x00000a4c] [debug] <--[C11] DL_Rom_SetEnableAttr
[0000024] [10:34:49:484375] [Tid0x00000a4c] [debug] -->[C12] DL_GetCount #./api/api.cpp (line:2710)
[0000025] [10:34:49:484375] [Tid0x00000a4c] [debug] <--[C12] DL_GetCount
[0000026] [10:34:49:484375] [Tid0x00000a4c] [debug] -->[C13] DL_Rom_GetInfoAll #./api/api.cpp (line:2875)
[0000027] [10:34:49:484375] [Tid0x00000a4c] [debug] <--[C13] DL_Rom_GetInfoAll
[0000028] [10:34:49:500000] [Tid0x00000a4c] [debug] -->[C14] DL_Rom_SetEnableAttr #./api/api.cpp (line:2929)
[0000029] [10:34:49:500000] [Tid0x00000a4c] [debug] <--[C14] DL_Rom_SetEnableAttr
[0000030] [10:34:49:500000] [Tid0x00000a4c] [debug] -->[C15] DL_GetCount #./api/api.cpp (line:2710)
[0000031] [10:34:49:500000] [Tid0x00000a4c] [debug] <--[C15] DL_GetCount
[0000032] [10:34:49:500000] [Tid0x00000a4c] [debug] -->[C16] DL_Rom_GetInfoAll #./api/api.cpp (line:2875)
[0000033] [10:34:49:500000] [Tid0x00000a4c] [debug] <--[C16] DL_Rom_GetInfoAll
[0000034] [10:34:49:515625] [Tid0x00000a4c] [debug] -->[C17] DL_Rom_SetEnableAttr #./api/api.cpp (line:2929)
[0000035] [10:34:49:515625] [Tid0x00000a4c] [debug] <--[C17] DL_Rom_SetEnableAttr
[0000036] [10:34:49:515625] [Tid0x00000a4c] [debug] -->[C18] DL_GetCount #./api/api.cpp (line:2710)
[0000037] [10:34:49:515625] [Tid0x00000a4c] [debug] <--[C18] DL_GetCount
[0000038] [10:34:49:515625] [Tid0x00000a4c] [debug] -->[C19] DL_Rom_GetInfoAll #./api/api.cpp (line:2875)
[0000039] [10:34:49:515625] [Tid0x00000a4c] [debug] <--[C19] DL_Rom_GetInfoAll
[0000040] [10:34:49:515625] [Tid0x00000a4c] [debug] -->[C20] DL_Rom_SetEnableAttr #./api/api.cpp (line:2929)
[0000041] [10:34:49:515625] [Tid0x00000a4c] [debug] <--[C20] DL_Rom_SetEnableAttr
[0000042] [10:34:49:515625] [Tid0x00000a4c] [debug] -->[C21] DL_GetCount #./api/api.cpp (line:2710)
[0000043] [10:34:49:515625] [Tid0x00000a4c] [debug] <--[C21] DL_GetCount
[0000044] [10:34:49:515625] [Tid0x00000a4c] [debug] -->[C22] DL_Rom_GetInfoAll #./api/api.cpp (line:2875)
[0000045] [10:34:49:515625] [Tid0x00000a4c] [debug] <--[C22] DL_Rom_GetInfoAll
[0000046] [10:34:49:546875] [Tid0x00000a4c] [debug] -->[C23] DL_Rom_SetEnableAttr #./api/api.cpp (line:2929)
[0000047] [10:34:49:546875] [Tid0x00000a4c] [debug] <--[C23] DL_Rom_SetEnableAttr
[0000048] [10:34:49:546875] [Tid0x00000a4c] [debug] -->[C24] DL_GetCount #./api/api.cpp (line:2710)
[0000049] [10:34:49:546875] [Tid0x00000a4c] [debug] <--[C24] DL_GetCount
[0000050] [10:34:49:546875] [Tid0x00000a4c] [debug] -->[C25] DL_Rom_GetInfoAll #./api/api.cpp (line:2875)
[0000051] [10:34:49:546875] [Tid0x00000a4c] [debug] <--[C25] DL_Rom_GetInfoAll
[0000052] [10:34:49:562500] [Tid0x00000a4c] [debug] -->[C26] DL_Rom_SetEnableAttr #./api/api.cpp (line:2929)
[0000053] [10:34:49:562500] [Tid0x00000a4c] [debug] <--[C26] DL_Rom_SetEnableAttr
[0000054] [10:34:49:562500] [Tid0x00000a4c] [debug] -->[C27] DL_GetCount #./api/api.cpp (line:2710)
[0000055] [10:34:49:562500] [Tid0x00000a4c] [debug] <--[C27] DL_GetCount
[0000056] [10:34:49:562500] [Tid0x00000a4c] [debug] -->[C28] DL_Rom_GetInfoAll #./api/api.cpp (line:2875)
[0000057] [10:34:49:562500] [Tid0x00000a4c] [debug] <--[C28] DL_Rom_GetInfoAll
[0000058] [10:34:49:578125] [Tid0x00000a4c] [debug] -->[C29] DL_Rom_SetEnableAttr #./api/api.cpp (line:2929)
[0000059] [10:34:49:578125] [Tid0x00000a4c] [debug] <--[C29] DL_Rom_SetEnableAttr
[0000060] [10:34:49:578125] [Tid0x00000a4c] [debug] -->[C30] DL_GetCount #./api/api.cpp (line:2710)
[0000061] [10:34:49:578125] [Tid0x00000a4c] [debug] <--[C30] DL_GetCount
[0000062] [10:34:49:578125] [Tid0x00000a4c] [debug] -->[C31] DL_Rom_GetInfoAll #./api/api.cpp (line:2875)
[0000063] [10:34:49:578125] [Tid0x00000a4c] [debug] <--[C31] DL_Rom_GetInfoAll
[0000064] [10:34:49:578125] [Tid0x00000a4c] [debug] -->[C32] DL_Rom_SetEnableAttr #./api/api.cpp (line:2929)
[0000065] [10:34:49:578125] [Tid0x00000a4c] [debug] <--[C32] DL_Rom_SetEnableAttr
[0000066] [10:34:49:578125] [Tid0x00000a4c] [debug] -->[C33] DL_GetCount #./api/api.cpp (line:2710)
[0000067] [10:34:49:578125] [Tid0x00000a4c] [debug] <--[C33] DL_GetCount
[0000068] [10:34:49:578125] [Tid0x00000a4c] [debug] -->[C34] DL_Rom_GetInfoAll #./api/api.cpp (line:2875)
[0000069] [10:34:49:578125] [Tid0x00000a4c] [debug] <--[C34] DL_Rom_GetInfoAll
[0000070] [10:34:49:593750] [Tid0x00000a4c] [debug] -->[C35] DL_Rom_SetEnableAttr #./api/api.cpp (line:2929)
[0000071] [10:34:49:593750] [Tid0x00000a4c] [debug] <--[C35] DL_Rom_SetEnableAttr
[0000072] [10:34:49:593750] [Tid0x00000a4c] [debug] -->[C36] DL_GetCount #./api/api.cpp (line:2710)
[0000073] [10:34:49:593750] [Tid0x00000a4c] [debug] <--[C36] DL_GetCount
[0000074] [10:34:49:593750] [Tid0x00000a4c] [debug] -->[C37] DL_Rom_GetInfoAll #./api/api.cpp (line:2875)
[0000075] [10:34:49:593750] [Tid0x00000a4c] [debug] <--[C37] DL_Rom_GetInfoAll
[0000076] [10:34:49:609375] [Tid0x00000a4c] [debug] -->[C38] DL_Rom_SetEnableAttr #./api/api.cpp (line:2929)
[0000077] [10:34:49:609375] [Tid0x00000a4c] [debug] <--[C38] DL_Rom_SetEnableAttr
[0000078] [10:34:49:609375] [Tid0x00000a4c] [debug] -->[C39] DL_GetCount #./api/api.cpp (line:2710)
[0000079] [10:34:49:609375] [Tid0x00000a4c] [debug] <--[C39] DL_GetCount
[0000080] [10:34:49:609375] [Tid0x00000a4c] [debug] -->[C40] DL_Rom_GetInfoAll #./api/api.cpp (line:2875)
[0000081] [10:34:49:609375] [Tid0x00000a4c] [debug] <--[C40] DL_Rom_GetInfoAll
[0000082] [10:34:49:609375] [Tid0x00000a4c] [debug] -->[C41] DL_Rom_SetEnableAttr #./api/api.cpp (line:2929)
[0000083] [10:34:49:609375] [Tid0x00000a4c] [debug] <--[C41] DL_Rom_SetEnableAttr
[0000084] [10:34:49:609375] [Tid0x00000a4c] [debug] -->[C42] DL_GetCount #./api/api.cpp (line:2710)
[0000085] [10:34:49:609375] [Tid0x00000a4c] [debug] <--[C42] DL_GetCount
[0000086] [10:34:49:609375] [Tid0x00000a4c] [debug] -->[C43] DL_Rom_GetInfoAll #./api/api.cpp (line:2875)
[0000087] [10:34:49:609375] [Tid0x00000a4c] [debug] <--[C43] DL_Rom_GetInfoAll
[0000088] [10:34:49:625000] [Tid0x00000a4c] [debug] -->[C44] DL_Rom_SetEnableAttr #./api/api.cpp (line:2929)
[0000089] [10:34:49:625000] [Tid0x00000a4c] [debug] <--[C44] DL_Rom_SetEnableAttr
[0000090] [10:34:49:625000] [Tid0x00000a4c] [debug] -->[C45] DL_SetChecksumLevel #./api/api.cpp (line:2643)
[0000091] [10:34:49:625000] [Tid0x00000a4c] [debug] <--[C45] DL_SetChecksumLevel
[0000092] [10:35:06:781250] [Tid0x00000a4c] [debug] -->[C46] DL_GetCount #./api/api.cpp (line:2710)
[0000093] [10:35:06:781250] [Tid0x00000a4c] [debug] <--[C46] DL_GetCount
[0000094] [10:35:06:781250] [Tid0x00000a4c] [debug] -->[C47] DL_Rom_GetInfoAll #./api/api.cpp (line:2875)
[0000095] [10:35:06:781250] [Tid0x00000a4c] [debug] <--[C47] DL_Rom_GetInfoAll
[0000096] [10:35:06:796875] [Tid0x00000174] [debug] -->[C48] DL_Rom_Unload #./api/api.cpp (line:2907)
[0000097] [10:35:06:796875] [Tid0x00000174] [debug] <--[C48] DL_Rom_Unload
[0000098] [10:35:06:796875] [Tid0x00000174] [debug] -->[C49] DL_Rom_Load #./api/api.cpp (line:2896)
[0000099] [10:35:06:812500] [Tid0x00000174] [debug] <--[C49] DL_Rom_Load
[0000100] [10:35:06:843750] [Tid0x00000a4c] [debug] -->[C50] DL_GetCount #./api/api.cpp (line:2710)
[0000101] [10:35:06:843750] [Tid0x00000a4c] [debug] <--[C50] DL_GetCount
[0000102] [10:35:06:843750] [Tid0x00000a4c] [debug] -->[C51] DL_Rom_GetInfoAll #./api/api.cpp (line:2875)
[0000103] [10:35:06:843750] [Tid0x00000a4c] [debug] <--[C51] DL_Rom_GetInfoAll
[0000104] [10:35:06:843750] [Tid0x00000a4c] [debug] -->[C52] DL_GetScatterInfo #./api/api.cpp (line:2811)
[0000105] [10:35:06:843750] [Tid0x00000a4c] [debug] <--[C52] DL_GetScatterInfo
[0000106] [10:35:06:843750] [Tid0x00000a4c] [debug] -->[C53] DL_GetCount #./api/api.cpp (line:2710)
[0000107] [10:35:06:843750] [Tid0x00000a4c] [debug] <--[C53] DL_GetCount
[0000108] [10:35:06:843750] [Tid0x00000a4c] [debug] -->[C54] DL_Rom_GetInfoAll #./api/api.cpp (line:2875)
[0000109] [10:35:06:859375] [Tid0x00000a4c] [debug] <--[C54] DL_Rom_GetInfoAll
[0000110] [10:35:06:859375] [Tid0x00000a4c] [debug] -->[C55] DL_Rom_SetEnableAttr #./api/api.cpp (line:2929)
[0000111] [10:35:06:859375] [Tid0x00000a4c] [debug] <--[C55] DL_Rom_SetEnableAttr
[0000112] [10:35:06:859375] [Tid0x00000a4c] [debug] -->[C56] DL_GetCount #./api/api.cpp (line:2710)
[0000113] [10:35:06:859375] [Tid0x00000a4c] [debug] <--[C56] DL_GetCount
[0000114] [10:35:06:859375] [Tid0x00000a4c] [debug] -->[C57] DL_Rom_GetInfoAll #./api/api.cpp (line:2875)
[0000115] [10:35:06:859375] [Tid0x00000a4c] [debug] <--[C57] DL_Rom_GetInfoAll
[0000116] [10:35:06:875000] [Tid0x00000a4c] [debug] -->[C58] DL_Rom_SetEnableAttr #./api/api.cpp (line:2929)
[0000117] [10:35:06:875000] [Tid0x00000a4c] [debug] <--[C58] DL_Rom_SetEnableAttr
[0000118] [10:35:06:875000] [Tid0x00000a4c] [debug] -->[C59] DL_GetCount #./api/api.cpp (line:2710)
[0000119] [10:35:06:875000] [Tid0x00000a4c] [debug] <--[C59] DL_GetCount
[0000120] [10:35:06:875000] [Tid0x00000a4c] [debug] -->[C60] DL_Rom_GetInfoAll #./api/api.cpp (line:2875)
[0000121] [10:35:06:875000] [Tid0x00000a4c] [debug] <--[C60] DL_Rom_GetInfoAll
[0000122] [10:35:06:890625] [Tid0x00000a4c] [debug] -->[C61] DL_Rom_SetEnableAttr #./api/api.cpp (line:2929)
[0000123] [10:35:06:890625] [Tid0x00000a4c] [debug] <--[C61] DL_Rom_SetEnableAttr
[0000124] [10:35:06:890625] [Tid0x00000a4c] [debug] -->[C62] DL_GetCount #./api/api.cpp (line:2710)
[0000125] [10:35:06:890625] [Tid0x00000a4c] [debug] <--[C62] DL_GetCount
[0000126] [10:35:06:890625] [Tid0x00000a4c] [debug] -->[C63] DL_Rom_GetInfoAll #./api/api.cpp (line:2875)
[0000127] [10:35:06:890625] [Tid0x00000a4c] [debug] <--[C63] DL_Rom_GetInfoAll
[0000128] [10:35:06:906250] [Tid0x00000a4c] [debug] -->[C64] DL_Rom_SetEnableAttr #./api/api.cpp (line:2929)
[0000129] [10:35:06:906250] [Tid0x00000a4c] [debug] <--[C64] DL_Rom_SetEnableAttr
[0000130] [10:35:06:906250] [Tid0x00000a4c] [debug] -->[C65] DL_GetCount #./api/api.cpp (line:2710)
[0000131] [10:35:06:906250] [Tid0x00000a4c] [debug] <--[C65] DL_GetCount
[0000132] [10:35:06:906250] [Tid0x00000a4c] [debug] -->[C66] DL_Rom_GetInfoAll #./api/api.cpp (line:2875)
[0000133] [10:35:06:906250] [Tid0x00000a4c] [debug] <--[C66] DL_Rom_GetInfoAll
[0000134] [10:35:06:906250] [Tid0x00000a4c] [debug] -->[C67] DL_Rom_SetEnableAttr #./api/api.cpp (line:2929)
[0000135] [10:35:06:906250] [Tid0x00000a4c] [debug] <--[C67] DL_Rom_SetEnableAttr
[0000136] [10:35:06:906250] [Tid0x00000a4c] [debug] -->[C68] DL_GetCount #./api/api.cpp (line:2710)
[0000137] [10:35:06:906250] [Tid0x00000a4c] [debug] <--[C68] DL_GetCount
[0000138] [10:35:06:906250] [Tid0x00000a4c] [debug] -->[C69] DL_Rom_GetInfoAll #./api/api.cpp (line:2875)
[0000139] [10:35:06:906250] [Tid0x00000a4c] [debug] <--[C69] DL_Rom_GetInfoAll
[0000140] [10:35:06:921875] [Tid0x00000a4c] [debug] -->[C70] DL_Rom_SetEnableAttr #./api/api.cpp (line:2929)
[0000141] [10:35:06:921875] [Tid0x00000a4c] [debug] <--[C70] DL_Rom_SetEnableAttr
[0000142] [10:35:06:921875] [Tid0x00000a4c] [debug] -->[C71] DL_GetCount #./api/api.cpp (line:2710)
[0000143] [10:35:06:921875] [Tid0x00000a4c] [debug] <--[C71] DL_GetCount
[0000144] [10:35:06:921875] [Tid0x00000a4c] [debug] -->[C72] DL_Rom_GetInfoAll #./api/api.cpp (line:2875)
[0000145] [10:35:06:921875] [Tid0x00000a4c] [debug] <--[C72] DL_Rom_GetInfoAll
[0000146] [10:35:06:937500] [Tid0x00000a4c] [debug] -->[C73] DL_Rom_SetEnableAttr #./api/api.cpp (line:2929)
[0000147] [10:35:06:937500] [Tid0x00000a4c] [debug] <--[C73] DL_Rom_SetEnableAttr
[0000148] [10:35:06:937500] [Tid0x00000a4c] [debug] -->[C74] DL_GetCount #./api/api.cpp (line:2710)
[0000149] [10:35:06:937500] [Tid0x00000a4c] [debug] <--[C74] DL_GetCount
[0000150] [10:35:06:937500] [Tid0x00000a4c] [debug] -->[C75] DL_Rom_GetInfoAll #./api/api.cpp (line:2875)
[0000151] [10:35:06:937500] [Tid0x00000a4c] [debug] <--[C75] DL_Rom_GetInfoAll
[0000152] [10:35:06:953125] [Tid0x00000a4c] [debug] -->[C76] DL_Rom_SetEnableAttr #./api/api.cpp (line:2929)
[0000153] [10:35:06:953125] [Tid0x00000a4c] [debug] <--[C76] DL_Rom_SetEnableAttr
[0000154] [10:35:06:953125] [Tid0x00000a4c] [debug] -->[C77] DL_GetCount #./api/api.cpp (line:2710)
[0000155] [10:35:06:953125] [Tid0x00000a4c] [debug] <--[C77] DL_GetCount
[0000156] [10:35:06:953125] [Tid0x00000a4c] [debug] -->[C78] DL_Rom_GetInfoAll #./api/api.cpp (line:2875)
[0000157] [10:35:06:953125] [Tid0x00000a4c] [debug] <--[C78] DL_Rom_GetInfoAll
[0000158] [10:35:06:953125] [Tid0x00000a4c] [debug] -->[C79] DL_Rom_SetEnableAttr #./api/api.cpp (line:2929)
[0000159] [10:35:06:953125] [Tid0x00000a4c] [debug] <--[C79] DL_Rom_SetEnableAttr
[0000160] [10:35:06:953125] [Tid0x00000a4c] [debug] -->[C80] DL_GetCount #./api/api.cpp (line:2710)
[0000161] [10:35:06:968750] [Tid0x00000a4c] [debug] <--[C80] DL_GetCount
[0000162] [10:35:06:968750] [Tid0x00000a4c] [debug] -->[C81] DL_Rom_GetInfoAll #./api/api.cpp (line:2875)
[0000163] [10:35:06:968750] [Tid0x00000a4c] [debug] <--[C81] DL_Rom_GetInfoAll
[0000164] [10:35:06:968750] [Tid0x00000a4c] [debug] -->[C82] DL_Rom_SetEnableAttr #./api/api.cpp (line:2929)
[0000165] [10:35:06:968750] [Tid0x00000a4c] [debug] <--[C82] DL_Rom_SetEnableAttr
[0000166] [10:35:06:968750] [Tid0x00000a4c] [debug] -->[C83] DL_GetCount #./api/api.cpp (line:2710)
[0000167] [10:35:06:968750] [Tid0x00000a4c] [debug] <--[C83] DL_GetCount
[0000168] [10:35:06:968750] [Tid0x00000a4c] [debug] -->[C84] DL_Rom_GetInfoAll #./api/api.cpp (line:2875)
[0000169] [10:35:06:968750] [Tid0x00000a4c] [debug] <--[C84] DL_Rom_GetInfoAll
[0000170] [10:35:06:984375] [Tid0x00000a4c] [debug] -->[C85] DL_Rom_SetEnableAttr #./api/api.cpp (line:2929)
[0000171] [10:35:06:984375] [Tid0x00000a4c] [debug] <--[C85] DL_Rom_SetEnableAttr
[0000172] [10:35:06:984375] [Tid0x00000a4c] [debug] -->[C86] DL_GetCount #./api/api.cpp (line:2710)
[0000173] [10:35:06:984375] [Tid0x00000a4c] [debug] <--[C86] DL_GetCount
[0000174] [10:35:06:984375] [Tid0x00000a4c] [debug] -->[C87] DL_Rom_GetInfoAll #./api/api.cpp (line:2875)
[0000175] [10:35:06:984375] [Tid0x00000a4c] [debug] <--[C87] DL_Rom_GetInfoAll
[0000176] [10:35:07:000000] [Tid0x00000a4c] [debug] -->[C88] DL_Rom_SetEnableAttr #./api/api.cpp (line:2929)
[0000177] [10:35:07:000000] [Tid0x00000a4c] [debug] <--[C88] DL_Rom_SetEnableAttr
[0000178] [10:35:07:000000] [Tid0x00000a4c] [debug] -->[C89] DL_GetCount #./api/api.cpp (line:2710)
[0000179] [10:35:07:000000] [Tid0x00000a4c] [debug] <--[C89] DL_GetCount
[0000180] [10:35:07:000000] [Tid0x00000a4c] [debug] -->[C90] DL_Rom_GetInfoAll #./api/api.cpp (line:2875)
[0000181] [10:35:07:000000] [Tid0x00000a4c] [debug] <--[C90] DL_Rom_GetInfoAll
[0000182] [10:35:07:015625] [Tid0x00000a4c] [debug] -->[C91] DL_Rom_SetEnableAttr #./api/api.cpp (line:2929)
[0000183] [10:35:07:015625] [Tid0x00000a4c] [debug] <--[C91] DL_Rom_SetEnableAttr
[0000184] [10:35:07:015625] [Tid0x00000a4c] [debug] -->[C92] DL_SetChecksumLevel #./api/api.cpp (line:2643)
[0000185] [10:35:07:015625] [Tid0x00000a4c] [debug] <--[C92] DL_SetChecksumLevel
[0000186] [10:35:08:812500] [Tid0x00000a4c] [debug] -->[C93] DL_GetCount #./api/api.cpp (line:2710)
[0000187] [10:35:08:812500] [Tid0x00000a4c] [debug] <--[C93] DL_GetCount
[0000188] [10:35:08:812500] [Tid0x00000a4c] [debug] -->[C94] DL_Rom_GetInfoAll #./api/api.cpp (line:2875)
[0000189] [10:35:08:812500] [Tid0x00000a4c] [debug] <--[C94] DL_Rom_GetInfoAll
[0000190] [10:35:08:828125] [Tid0x00000a4c] [debug] -->[C95] DL_Rom_SetEnableAttr #./api/api.cpp (line:2929)
[0000191] [10:35:08:828125] [Tid0x00000a4c] [debug] <--[C95] DL_Rom_SetEnableAttr
[0000192] [10:35:08:828125] [Tid0x00000a4c] [debug] -->[C96] DL_GetCount #./api/api.cpp (line:2710)
[0000193] [10:35:08:828125] [Tid0x00000a4c] [debug] <--[C96] DL_GetCount
[0000194] [10:35:08:828125] [Tid0x00000a4c] [debug] -->[C97] DL_Rom_GetInfoAll #./api/api.cpp (line:2875)
[0000195] [10:35:08:828125] [Tid0x00000a4c] [debug] <--[C97] DL_Rom_GetInfoAll
[0000196] [10:35:08:828125] [Tid0x00000a4c] [debug] -->[C98] DL_Rom_SetEnableAttr #./api/api.cpp (line:2929)
[0000197] [10:35:08:828125] [Tid0x00000a4c] [debug] <--[C98] DL_Rom_SetEnableAttr
[0000198] [10:35:08:828125] [Tid0x00000a4c] [debug] -->[C99] DL_GetCount #./api/api.cpp (line:2710)
[0000199] [10:35:08:828125] [Tid0x00000a4c] [debug] <--[C99] DL_GetCount
[0000200] [10:35:08:828125] [Tid0x00000a4c] [debug] -->[C100] DL_Rom_GetInfoAll #./api/api.cpp (line:2875)
[0000201] [10:35:08:828125] [Tid0x00000a4c] [debug] <--[C100] DL_Rom_GetInfoAll
[0000202] [10:35:08:843750] [Tid0x00000a4c] [debug] -->[C101] DL_Rom_SetEnableAttr #./api/api.cpp (line:2929)
[0000203] [10:35:08:843750] [Tid0x00000a4c] [debug] <--[C101] DL_Rom_SetEnableAttr
[0000204] [10:35:08:843750] [Tid0x00000a4c] [debug] -->[C102] DL_GetCount #./api/api.cpp (line:2710)
[0000205] [10:35:08:843750] [Tid0x00000a4c] [debug] <--[C102] DL_GetCount
[0000206] [10:35:08:843750] [Tid0x00000a4c] [debug] -->[C103] DL_Rom_GetInfoAll #./api/api.cpp (line:2875)
[0000207] [10:35:08:843750] [Tid0x00000a4c] [debug] <--[C103] DL_Rom_GetInfoAll
[0000208] [10:35:08:843750] [Tid0x00000a4c] [debug] -->[C104] DL_Rom_SetEnableAttr #./api/api.cpp (line:2929)
[0000209] [10:35:08:843750] [Tid0x00000a4c] [debug] <--[C104] DL_Rom_SetEnableAttr
[0000210] [10:35:08:843750] [Tid0x00000a4c] [debug] -->[C105] DL_GetCount #./api/api.cpp (line:2710)
[0000211] [10:35:08:843750] [Tid0x00000a4c] [debug] <--[C105] DL_GetCount
[0000212] [10:35:08:843750] [Tid0x00000a4c] [debug] -->[C106] DL_Rom_GetInfoAll #./api/api.cpp (line:2875)
[0000213] [10:35:08:843750] [Tid0x00000a4c] [debug] <--[C106] DL_Rom_GetInfoAll
[0000214] [10:35:08:859375] [Tid0x00000a4c] [debug] -->[C107] DL_Rom_SetEnableAttr #./api/api.cpp (line:2929)
[0000215] [10:35:08:859375] [Tid0x00000a4c] [debug] <--[C107] DL_Rom_SetEnableAttr
[0000216] [10:35:08:859375] [Tid0x00000a4c] [debug] -->[C108] DL_GetCount #./api/api.cpp (line:2710)
[0000217] [10:35:08:859375] [Tid0x00000a4c] [debug] <--[C108] DL_GetCount
[0000218] [10:35:08:859375] [Tid0x00000a4c] [debug] -->[C109] DL_Rom_GetInfoAll #./api/api.cpp (line:2875)
[0000219] [10:35:08:859375] [Tid0x00000a4c] [debug] <--[C109] DL_Rom_GetInfoAll
[0000220] [10:35:08:859375] [Tid0x00000a4c] [debug] -->[C110] DL_Rom_SetEnableAttr #./api/api.cpp (line:2929)
[0000221] [10:35:08:859375] [Tid0x00000a4c] [debug] <--[C110] DL_Rom_SetEnableAttr
[0000222] [10:35:08:859375] [Tid0x00000a4c] [debug] -->[C111] DL_GetCount #./api/api.cpp (line:2710)
[0000223] [10:35:08:859375] [Tid0x00000a4c] [debug] <--[C111] DL_GetCount
[0000224] [10:35:08:859375] [Tid0x00000a4c] [debug] -->[C112] DL_Rom_GetInfoAll #./api/api.cpp (line:2875)
[0000225] [10:35:08:859375] [Tid0x00000a4c] [debug] <--[C112] DL_Rom_GetInfoAll
[0000226] [10:35:08:875000] [Tid0x00000a4c] [debug] -->[C113] DL_Rom_SetEnableAttr #./api/api.cpp (line:2929)
[0000227] [10:35:08:875000] [Tid0x00000a4c] [debug] <--[C113] DL_Rom_SetEnableAttr
[0000228] [10:35:08:875000] [Tid0x00000a4c] [debug] -->[C114] DL_GetCount #./api/api.cpp (line:2710)
[0000229] [10:35:08:875000] [Tid0x00000a4c] [debug] <--[C114] DL_GetCount
[0000230] [10:35:08:875000] [Tid0x00000a4c] [debug] -->[C115] DL_Rom_GetInfoAll #./api/api.cpp (line:2875)
[0000231] [10:35:08:875000] [Tid0x00000a4c] [debug] <--[C115] DL_Rom_GetInfoAll
[0000232] [10:35:08:875000] [Tid0x00000a4c] [debug] -->[C116] DL_Rom_SetEnableAttr #./api/api.cpp (line:2929)
[0000233] [10:35:08:875000] [Tid0x00000a4c] [debug] <--[C116] DL_Rom_SetEnableAttr
[0000234] [10:35:08:875000] [Tid0x00000a4c] [debug] -->[C117] DL_GetCount #./api/api.cpp (line:2710)
[0000235] [10:35:08:875000] [Tid0x00000a4c] [debug] <--[C117] DL_GetCount
[0000236] [10:35:08:875000] [Tid0x00000a4c] [debug] -->[C118] DL_Rom_GetInfoAll #./api/api.cpp (line:2875)
[0000237] [10:35:08:875000] [Tid0x00000a4c] [debug] <--[C118] DL_Rom_GetInfoAll
[0000238] [10:35:08:875000] [Tid0x00000a4c] [debug] -->[C119] DL_Rom_SetEnableAttr #./api/api.cpp (line:2929)
[0000239] [10:35:08:875000] [Tid0x00000a4c] [debug] <--[C119] DL_Rom_SetEnableAttr
[0000240] [10:35:08:875000] [Tid0x00000a4c] [debug] -->[C120] DL_GetCount #./api/api.cpp (line:2710)
[0000241] [10:35:08:875000] [Tid0x00000a4c] [debug] <--[C120] DL_GetCount
[0000242] [10:35:08:875000] [Tid0x00000a4c] [debug] -->[C121] DL_Rom_GetInfoAll #./api/api.cpp (line:2875)
[0000243] [10:35:08:875000] [Tid0x00000a4c] [debug] <--[C121] DL_Rom_GetInfoAll
[0000244] [10:35:08:890625] [Tid0x00000a4c] [debug] -->[C122] DL_Rom_SetEnableAttr #./api/api.cpp (line:2929)
[0000245] [10:35:08:890625] [Tid0x00000a4c] [debug] <--[C122] DL_Rom_SetEnableAttr
[0000246] [10:35:08:890625] [Tid0x00000a4c] [debug] -->[C123] DL_GetCount #./api/api.cpp (line:2710)
[0000247] [10:35:08:890625] [Tid0x00000a4c] [debug] <--[C123] DL_GetCount
[0000248] [10:35:08:890625] [Tid0x00000a4c] [debug] -->[C124] DL_Rom_GetInfoAll #./api/api.cpp (line:2875)
[0000249] [10:35:08:890625] [Tid0x00000a4c] [debug] <--[C124] DL_Rom_GetInfoAll
[0000250] [10:35:08:890625] [Tid0x00000a4c] [debug] -->[C125] DL_Rom_SetEnableAttr #./api/api.cpp (line:2929)
[0000251] [10:35:08:890625] [Tid0x00000a4c] [debug] <--[C125] DL_Rom_SetEnableAttr
[0000252] [10:35:08:890625] [Tid0x00000a4c] [debug] -->[C126] DL_GetCount #./api/api.cpp (line:2710)
[0000253] [10:35:08:890625] [Tid0x00000a4c] [debug] <--[C126] DL_GetCount
[0000254] [10:35:08:890625] [Tid0x00000a4c] [debug] -->[C127] DL_Rom_GetInfoAll #./api/api.cpp (line:2875)
[0000255] [10:35:08:890625] [Tid0x00000a4c] [debug] <--[C127] DL_Rom_GetInfoAll
[0000256] [10:35:08:890625] [Tid0x00000a4c] [debug] -->[C128] DL_Rom_SetEnableAttr #./api/api.cpp (line:2929)
[0000257] [10:35:08:890625] [Tid0x00000a4c] [debug] <--[C128] DL_Rom_SetEnableAttr
[0000258] [10:35:08:890625] [Tid0x00000a4c] [debug] -->[C129] DL_GetCount #./api/api.cpp (line:2710)
[0000259] [10:35:08:890625] [Tid0x00000a4c] [debug] <--[C129] DL_GetCount
[0000260] [10:35:08:890625] [Tid0x00000a4c] [debug] -->[C130] DL_Rom_GetInfoAll #./api/api.cpp (line:2875)
[0000261] [10:35:08:890625] [Tid0x00000a4c] [debug] <--[C130] DL_Rom_GetInfoAll
[0000262] [10:35:08:890625] [Tid0x00000a4c] [debug] -->[C131] DL_Rom_SetEnableAttr #./api/api.cpp (line:2929)
[0000263] [10:35:08:890625] [Tid0x00000a4c] [debug] <--[C131] DL_Rom_SetEnableAttr
[0000264] [10:35:09:406250] [Tid0x00000a4c] [debug] -->[C132] DL_GetCount #./api/api.cpp (line:2710)
[0000265] [10:35:09:406250] [Tid0x00000a4c] [debug] <--[C132] DL_GetCount
[0000266] [10:35:09:406250] [Tid0x00000a4c] [debug] -->[C133] DL_Rom_GetInfoAll #./api/api.cpp (line:2875)
[0000267] [10:35:09:406250] [Tid0x00000a4c] [debug] <--[C133] DL_Rom_GetInfoAll
[0000268] [10:35:09:406250] [Tid0x00000a4c] [debug] -->[C134] DL_Rom_SetEnableAttr #./api/api.cpp (line:2929)
[0000269] [10:35:09:406250] [Tid0x00000a4c] [debug] <--[C134] DL_Rom_SetEnableAttr
[0000270] [10:35:10:875000] [Tid0x00000a4c] [debug] -->[C135] DL_GetCount #./api/api.cpp (line:2710)
[0000271] [10:35:10:875000] [Tid0x00000a4c] [debug] <--[C135] DL_GetCount
[0000272] [10:35:10:875000] [Tid0x00000a4c] [debug] -->[C136] DL_Rom_GetInfoAll #./api/api.cpp (line:2875)
[0000273] [10:35:10:875000] [Tid0x00000a4c] [debug] <--[C136] DL_Rom_GetInfoAll
[0000274] [10:35:10:875000] [Tid0x00000a4c] [debug] -->[C137] DL_GetCount #./api/api.cpp (line:2710)
[0000275] [10:35:10:875000] [Tid0x00000a4c] [debug] <--[C137] DL_GetCount
[0000276] [10:35:10:875000] [Tid0x00000a4c] [debug] -->[C138] DL_Rom_GetInfoAll #./api/api.cpp (line:2875)
[0000277] [10:35:10:875000] [Tid0x00000a4c] [debug] <--[C138] DL_Rom_GetInfoAll
[0000278] [10:35:24:031250] [Tid0x0000160c] [debug] -->[C139] FlashTool_Connect_BROM_ByName #./api/api.cpp (line:2102)
[0000279] [10:35:24:031250] [Tid0x0000160c] [debug] -->[C140] FlashTool_Connect_BROM_Ex #./api/api.cpp (line:1862)
[0000280] [10:35:24:031250] [Tid0x0000160c] [debug] bCheckScatter: 1
[0000281] [10:35:24:031250] [Tid0x0000160c] [debug] have load scatter already
[0000282] [10:35:24:031250] [Tid0x0000160c] [debug] libversion 1
[0000283] [10:35:24:593750] [Tid0x0000160c] [debug] <--[C140] FlashTool_Connect_BROM_Ex
[0000284] [10:35:24:593750] [Tid0x0000160c] [debug] <--[C139] FlashTool_Connect_BROM_ByName
[0000285] [10:35:24:593750] [Tid0x0000160c] [debug] -->[C141] FlashTool_GetBootResult #./api/api.cpp (line:2114)
[0000286] [10:35:24:593750] [Tid0x0000160c] [debug] <--[C141] FlashTool_GetBootResult
[0000287] [10:35:24:593750] [Tid0x0000160c] [debug] -->[C142] FlashTool_Connect_Download_DA #./api/api.cpp (line:2134)
[0000288] [10:35:24:593750] [Tid0x0000160c] [debug] bCheckScatter: 1
[0000289] [10:35:26:812500] [Tid0x0000160c] [debug] <--[C142] FlashTool_Connect_Download_DA
[0000290] [10:35:26:828125] [Tid0x0000160c] [debug] -->[C143] FlashTool_CheckUSBStatus #./api/api.cpp (line:1140)
[0000291] [10:35:26:828125] [Tid0x0000160c] [debug] <--[C143] FlashTool_CheckUSBStatus
[0000292] [10:35:26:828125] [Tid0x0000160c] [debug] -->[C144] FlashTool_CheckUSBStatus #./api/api.cpp (line:1140)
[0000293] [10:35:26:828125] [Tid0x0000160c] [debug] <--[C144] FlashTool_CheckUSBStatus
[0000294] [10:35:26:828125] [Tid0x0000160c] [debug] -->[C145] FlashTool_GetReservedRomSize #./api/api.cpp (line:1663)
[0000295] [10:35:26:828125] [Tid0x0000160c] [debug] <--[C145] FlashTool_GetReservedRomSize
[0000296] [10:35:26:828125] [Tid0x0000160c] [debug] -->[C146] FlashTool_RomGetCount #./api/api.cpp (line:1688)
[0000297] [10:35:26:828125] [Tid0x0000160c] [debug] <--[C146] FlashTool_RomGetCount
[0000298] [10:35:26:828125] [Tid0x0000160c] [debug] -->[C147] FlashTool_RomGetInfoAll #./api/api.cpp (line:1705)
[0000299] [10:35:26:828125] [Tid0x0000160c] [debug] <--[C147] FlashTool_RomGetInfoAll
[0000300] [10:35:26:828125] [Tid0x0000160c] [debug] -->[C148] FlashTool_ReadPartitionCount #./api/api.cpp (line:1619)
[0000301] [10:35:26:859375] [Tid0x0000160c] [debug] <--[C148] FlashTool_ReadPartitionCount
[0000302] [10:35:26:859375] [Tid0x0000160c] [debug] -->[C149] FlashTool_ReadPartitionInfo #./api/api.cpp (line:1640)
[0000303] [10:35:26:859375] [Tid0x0000160c] [debug] <--[C149] FlashTool_ReadPartitionInfo
[0000304] [10:35:26:859375] [Tid0x0000160c] [debug] -->[C150] FlashTool_Download #./api/api.cpp (line:1286)
[0000305] [10:35:27:359375] [Tid0x0000160c] [debug] <--[C150] FlashTool_Download
[0000306] [10:35:27:359375] [Tid0x0000160c] [debug] -->[C151] DL_GetCount #./api/api.cpp (line:2710)
[0000307] [10:35:27:375000] [Tid0x0000160c] [debug] <--[C151] DL_GetCount
[0000308] [10:35:27:375000] [Tid0x0000160c] [debug] -->[C152] DL_Rom_GetInfoAll #./api/api.cpp (line:2875)
[0000309] [10:35:27:375000] [Tid0x0000160c] [debug] <--[C152] DL_Rom_GetInfoAll
[0000310] [10:35:27:375000] [Tid0x0000160c] [debug] -->[C153] FlashTool_Disconnect #./api/api.cpp (line:1019)
[0000311] [10:35:27:406250] [Tid0x0000160c] [debug] <--[C153] FlashTool_Disconnect
[0000312] [11:12:39:515625] [Tid0x00000a4c] [debug] -->[C154] DL_GetCount #./api/api.cpp (line:2710)
[0000313] [11:12:39:515625] [Tid0x00000a4c] [debug] <--[C154] DL_GetCount
[0000314] [11:12:39:515625] [Tid0x00000a4c] [debug] -->[C155] DL_Rom_GetInfoAll #./api/api.cpp (line:2875)
[0000315] [11:12:39:515625] [Tid0x00000a4c] [debug] <--[C155] DL_Rom_GetInfoAll
[0000316] [11:12:39:515625] [Tid0x000019a0] [debug] -->[C156] DL_Rom_Unload #./api/api.cpp (line:2907)
[0000317] [11:12:39:515625] [Tid0x000019a0] [debug] <--[C156] DL_Rom_Unload
[0000318] [11:12:39:515625] [Tid0x000019a0] [debug] -->[C157] DL_Rom_Load #./api/api.cpp (line:2896)
[0000319] [11:12:39:562500] [Tid0x000019a0] [debug] <--[C157] DL_Rom_Load
[0000320] [11:12:39:578125] [Tid0x00000a4c] [debug] -->[C158] DL_GetCount #./api/api.cpp (line:2710)
[0000321] [11:12:39:578125] [Tid0x00000a4c] [debug] <--[C158] DL_GetCount
[0000322] [11:12:39:578125] [Tid0x00000a4c] [debug] -->[C159] DL_Rom_GetInfoAll #./api/api.cpp (line:2875)
[0000323] [11:12:39:578125] [Tid0x00000a4c] [debug] <--[C159] DL_Rom_GetInfoAll
[0000324] [11:12:39:578125] [Tid0x00000a4c] [debug] -->[C160] DL_GetScatterInfo #./api/api.cpp (line:2811)
[0000325] [11:12:39:578125] [Tid0x00000a4c] [debug] <--[C160] DL_GetScatterInfo
[0000326] [11:12:39:578125] [Tid0x00000a4c] [debug] -->[C161] DL_GetCount #./api/api.cpp (line:2710)
[0000327] [11:12:39:578125] [Tid0x00000a4c] [debug] <--[C161] DL_GetCount
[0000328] [11:12:39:578125] [Tid0x00000a4c] [debug] -->[C162] DL_Rom_GetInfoAll #./api/api.cpp (line:2875)
[0000329] [11:12:39:578125] [Tid0x00000a4c] [debug] <--[C162] DL_Rom_GetInfoAll
[0000330] [11:12:39:578125] [Tid0x00000a4c] [debug] -->[C163] DL_Rom_SetEnableAttr #./api/api.cpp (line:2929)
[0000331] [11:12:39:578125] [Tid0x00000a4c] [debug] <--[C163] DL_Rom_SetEnableAttr
[0000332] [11:12:39:578125] [Tid0x00000a4c] [debug] -->[C164] DL_GetCount #./api/api.cpp (line:2710)
[0000333] [11:12:39:578125] [Tid0x00000a4c] [debug] <--[C164] DL_GetCount
[0000334] [11:12:39:578125] [Tid0x00000a4c] [debug] -->[C165] DL_Rom_GetInfoAll #./api/api.cpp (line:2875)
[0000335] [11:12:39:578125] [Tid0x00000a4c] [debug] <--[C165] DL_Rom_GetInfoAll
[0000336] [11:12:39:578125] [Tid0x00000a4c] [debug] -->[C166] DL_Rom_SetEnableAttr #./api/api.cpp (line:2929)
[0000337] [11:12:39:578125] [Tid0x00000a4c] [debug] <--[C166] DL_Rom_SetEnableAttr
[0000338] [11:12:39:578125] [Tid0x00000a4c] [debug] -->[C167] DL_GetCount #./api/api.cpp (line:2710)
[0000339] [11:12:39:578125] [Tid0x00000a4c] [debug] <--[C167] DL_GetCount
[0000340] [11:12:39:578125] [Tid0x00000a4c] [debug] -->[C168] DL_Rom_GetInfoAll #./api/api.cpp (line:2875)
[0000341] [11:12:39:578125] [Tid0x00000a4c] [debug] <--[C168] DL_Rom_GetInfoAll
[0000342] [11:12:39:578125] [Tid0x00000a4c] [debug] -->[C169] DL_Rom_SetEnableAttr #./api/api.cpp (line:2929)
[0000343] [11:12:39:578125] [Tid0x00000a4c] [debug] <--[C169] DL_Rom_SetEnableAttr
[0000344] [11:12:39:578125] [Tid0x00000a4c] [debug] -->[C170] DL_GetCount #./api/api.cpp (line:2710)
[0000345] [11:12:39:578125] [Tid0x00000a4c] [debug] <--[C170] DL_GetCount
[0000346] [11:12:39:578125] [Tid0x00000a4c] [debug] -->[C171] DL_Rom_GetInfoAll #./api/api.cpp (line:2875)
[0000347] [11:12:39:578125] [Tid0x00000a4c] [debug] <--[C171] DL_Rom_GetInfoAll
[0000348] [11:12:39:593750] [Tid0x00000a4c] [debug] -->[C172] DL_Rom_SetEnableAttr #./api/api.cpp (line:2929)
[0000349] [11:12:39:593750] [Tid0x00000a4c] [debug] <--[C172] DL_Rom_SetEnableAttr
[0000350] [11:12:39:593750] [Tid0x00000a4c] [debug] -->[C173] DL_GetCount #./api/api.cpp (line:2710)
[0000351] [11:12:39:593750] [Tid0x00000a4c] [debug] <--[C173] DL_GetCount
[0000352] [11:12:39:593750] [Tid0x00000a4c] [debug] -->[C174] DL_Rom_GetInfoAll #./api/api.cpp (line:2875)
[0000353] [11:12:39:593750] [Tid0x00000a4c] [debug] <--[C174] DL_Rom_GetInfoAll
[0000354] [11:12:39:593750] [Tid0x00000a4c] [debug] -->[C175] DL_Rom_SetEnableAttr #./api/api.cpp (line:2929)
[0000355] [11:12:39:593750] [Tid0x00000a4c] [debug] <--[C175] DL_Rom_SetEnableAttr
[0000356] [11:12:39:593750] [Tid0x00000a4c] [debug] -->[C176] DL_GetCount #./api/api.cpp (line:2710)
[0000357] [11:12:39:593750] [Tid0x00000a4c] [debug] <--[C176] DL_GetCount
[0000358] [11:12:39:593750] [Tid0x00000a4c] [debug] -->[C177] DL_Rom_GetInfoAll #./api/api.cpp (line:2875)
[0000359] [11:12:39:593750] [Tid0x00000a4c] [debug] <--[C177] DL_Rom_GetInfoAll
[0000360] [11:12:39:593750] [Tid0x00000a4c] [debug] -->[C178] DL_Rom_SetEnableAttr #./api/api.cpp (line:2929)
[0000361] [11:12:39:593750] [Tid0x00000a4c] [debug] <--[C178] DL_Rom_SetEnableAttr
[0000362] [11:12:39:593750] [Tid0x00000a4c] [debug] -->[C179] DL_GetCount #./api/api.cpp (line:2710)
[0000363] [11:12:39:593750] [Tid0x00000a4c] [debug] <--[C179] DL_GetCount
[0000364] [11:12:39:593750] [Tid0x00000a4c] [debug] -->[C180] DL_Rom_GetInfoAll #./api/api.cpp (line:2875)
[0000365] [11:12:39:593750] [Tid0x00000a4c] [debug] <--[C180] DL_Rom_GetInfoAll
[0000366] [11:12:39:593750] [Tid0x00000a4c] [debug] -->[C181] DL_Rom_SetEnableAttr #./api/api.cpp (line:2929)
[0000367] [11:12:39:593750] [Tid0x00000a4c] [debug] <--[C181] DL_Rom_SetEnableAttr
[0000368] [11:12:39:593750] [Tid0x00000a4c] [debug] -->[C182] DL_GetCount #./api/api.cpp (line:2710)
[0000369] [11:12:39:593750] [Tid0x00000a4c] [debug] <--[C182] DL_GetCount
[0000370] [11:12:39:593750] [Tid0x00000a4c] [debug] -->[C183] DL_Rom_GetInfoAll #./api/api.cpp (line:2875)
[0000371] [11:12:39:593750] [Tid0x00000a4c] [debug] <--[C183] DL_Rom_GetInfoAll
[0000372] [11:12:39:593750] [Tid0x00000a4c] [debug] -->[C184] DL_Rom_SetEnableAttr #./api/api.cpp (line:2929)
[0000373] [11:12:39:593750] [Tid0x00000a4c] [debug] <--[C184] DL_Rom_SetEnableAttr
[0000374] [11:12:39:593750] [Tid0x00000a4c] [debug] -->[C185] DL_GetCount #./api/api.cpp (line:2710)
[0000375] [11:12:39:593750] [Tid0x00000a4c] [debug] <--[C185] DL_GetCount
[0000376] [11:12:39:593750] [Tid0x00000a4c] [debug] -->[C186] DL_Rom_GetInfoAll #./api/api.cpp (line:2875)
[0000377] [11:12:39:593750] [Tid0x00000a4c] [debug] <--[C186] DL_Rom_GetInfoAll
[0000378] [11:12:39:609375] [Tid0x00000a4c] [debug] -->[C187] DL_Rom_SetEnableAttr #./api/api.cpp (line:2929)
[0000379] [11:12:39:609375] [Tid0x00000a4c] [debug] <--[C187] DL_Rom_SetEnableAttr
[0000380] [11:12:39:609375] [Tid0x00000a4c] [debug] -->[C188] DL_GetCount #./api/api.cpp (line:2710)
[0000381] [11:12:39:609375] [Tid0x00000a4c] [debug] <--[C188] DL_GetCount
[0000382] [11:12:39:609375] [Tid0x00000a4c] [debug] -->[C189] DL_Rom_GetInfoAll #./api/api.cpp (line:2875)
[0000383] [11:12:39:609375] [Tid0x00000a4c] [debug] <--[C189] DL_Rom_GetInfoAll
[0000384] [11:12:39:609375] [Tid0x00000a4c] [debug] -->[C190] DL_Rom_SetEnableAttr #./api/api.cpp (line:2929)
[0000385] [11:12:39:609375] [Tid0x00000a4c] [debug] <--[C190] DL_Rom_SetEnableAttr
[0000386] [11:12:39:609375] [Tid0x00000a4c] [debug] -->[C191] DL_GetCount #./api/api.cpp (line:2710)
[0000387] [11:12:39:609375] [Tid0x00000a4c] [debug] <--[C191] DL_GetCount
[0000388] [11:12:39:609375] [Tid0x00000a4c] [debug] -->[C192] DL_Rom_GetInfoAll #./api/api.cpp (line:2875)
[0000389] [11:12:39:609375] [Tid0x00000a4c] [debug] <--[C192] DL_Rom_GetInfoAll
[0000390] [11:12:39:609375] [Tid0x00000a4c] [debug] -->[C193] DL_Rom_SetEnableAttr #./api/api.cpp (line:2929)
[0000391] [11:12:39:609375] [Tid0x00000a4c] [debug] <--[C193] DL_Rom_SetEnableAttr
[0000392] [11:12:39:609375] [Tid0x00000a4c] [debug] -->[C194] DL_GetCount #./api/api.cpp (line:2710)
[0000393] [11:12:39:609375] [Tid0x00000a4c] [debug] <--[C194] DL_GetCount
[0000394] [11:12:39:609375] [Tid0x00000a4c] [debug] -->[C195] DL_Rom_GetInfoAll #./api/api.cpp (line:2875)
[0000395] [11:12:39:609375] [Tid0x00000a4c] [debug] <--[C195] DL_Rom_GetInfoAll
[0000396] [11:12:39:609375] [Tid0x00000a4c] [debug] -->[C196] DL_Rom_SetEnableAttr #./api/api.cpp (line:2929)
[0000397] [11:12:39:609375] [Tid0x00000a4c] [debug] <--[C196] DL_Rom_SetEnableAttr
[0000398] [11:12:39:609375] [Tid0x00000a4c] [debug] -->[C197] DL_GetCount #./api/api.cpp (line:2710)
[0000399] [11:12:39:609375] [Tid0x00000a4c] [debug] <--[C197] DL_GetCount
[0000400] [11:12:39:609375] [Tid0x00000a4c] [debug] -->[C198] DL_Rom_GetInfoAll #./api/api.cpp (line:2875)
[0000401] [11:12:39:609375] [Tid0x00000a4c] [debug] <--[C198] DL_Rom_GetInfoAll
[0000402] [11:12:39:609375] [Tid0x00000a4c] [debug] -->[C199] DL_Rom_SetEnableAttr #./api/api.cpp (line:2929)
[0000403] [11:12:39:609375] [Tid0x00000a4c] [debug] <--[C199] DL_Rom_SetEnableAttr
[0000404] [11:12:39:625000] [Tid0x00000a4c] [debug] -->[C200] DL_SetChecksumLevel #./api/api.cpp (line:2643)
[0000405] [11:12:39:625000] [Tid0x00000a4c] [debug] <--[C200] DL_SetChecksumLevel
[0000406] [11:12:40:500000] [Tid0x00000a4c] [debug] -->[C201] DL_GetCount #./api/api.cpp (line:2710)
[0000407] [11:12:40:500000] [Tid0x00000a4c] [debug] <--[C201] DL_GetCount
[0000408] [11:12:40:500000] [Tid0x00000a4c] [debug] -->[C202] DL_Rom_GetInfoAll #./api/api.cpp (line:2875)
[0000409] [11:12:40:500000] [Tid0x00000a4c] [debug] <--[C202] DL_Rom_GetInfoAll
[0000410] [11:12:40:500000] [Tid0x00000a4c] [debug] -->[C203] DL_GetCount #./api/api.cpp (line:2710)
[0000411] [11:12:40:500000] [Tid0x00000a4c] [debug] <--[C203] DL_GetCount
[0000412] [11:12:40:500000] [Tid0x00000a4c] [debug] -->[C204] DL_Rom_GetInfoAll #./api/api.cpp (line:2875)
[0000413] [11:12:40:500000] [Tid0x00000a4c] [debug] <--[C204] DL_Rom_GetInfoAll
[0000414] [11:12:50:328125] [Tid0x00001d1c] [debug] -->[C205] FlashTool_Connect_BROM_ByName #./api/api.cpp (line:2102)
[0000415] [11:12:50:328125] [Tid0x00001d1c] [debug] -->[C206] FlashTool_Connect_BROM_Ex #./api/api.cpp (line:1862)
[0000416] [11:12:50:328125] [Tid0x00001d1c] [debug] bCheckScatter: 1
[0000417] [11:12:50:328125] [Tid0x00001d1c] [debug] have load scatter already
[0000418] [11:12:50:328125] [Tid0x00001d1c] [debug] libversion 1
[0000419] [11:12:50:875000] [Tid0x00001d1c] [debug] <--[C206] FlashTool_Connect_BROM_Ex
[0000420] [11:12:50:875000] [Tid0x00001d1c] [debug] <--[C205] FlashTool_Connect_BROM_ByName
[0000421] [11:12:50:875000] [Tid0x00001d1c] [debug] -->[C207] FlashTool_GetBootResult #./api/api.cpp (line:2114)
[0000422] [11:12:50:875000] [Tid0x00001d1c] [debug] <--[C207] FlashTool_GetBootResult
[0000423] [11:12:50:875000] [Tid0x00001d1c] [debug] -->[C208] FlashTool_Connect_Download_DA #./api/api.cpp (line:2134)
[0000424] [11:12:50:875000] [Tid0x00001d1c] [debug] bCheckScatter: 1
[0000425] [11:12:53:093750] [Tid0x00001d1c] [debug] <--[C208] FlashTool_Connect_Download_DA
[0000426] [11:12:53:093750] [Tid0x00001d1c] [debug] -->[C209] FlashTool_CheckUSBStatus #./api/api.cpp (line:1140)
[0000427] [11:12:53:093750] [Tid0x00001d1c] [debug] <--[C209] FlashTool_CheckUSBStatus
[0000428] [11:12:53:093750] [Tid0x00001d1c] [debug] -->[C210] FlashTool_CheckUSBStatus #./api/api.cpp (line:1140)
[0000429] [11:12:53:093750] [Tid0x00001d1c] [debug] <--[C210] FlashTool_CheckUSBStatus
[0000430] [11:12:53:093750] [Tid0x00001d1c] [debug] -->[C211] FlashTool_GetReservedRomSize #./api/api.cpp (line:1663)
[0000431] [11:12:53:093750] [Tid0x00001d1c] [debug] <--[C211] FlashTool_GetReservedRomSize
[0000432] [11:12:53:093750] [Tid0x00001d1c] [debug] -->[C212] FlashTool_RomGetCount #./api/api.cpp (line:1688)
[0000433] [11:12:53:093750] [Tid0x00001d1c] [debug] <--[C212] FlashTool_RomGetCount
[0000434] [11:12:53:093750] [Tid0x00001d1c] [debug] -->[C213] FlashTool_RomGetInfoAll #./api/api.cpp (line:1705)
[0000435] [11:12:53:093750] [Tid0x00001d1c] [debug] <--[C213] FlashTool_RomGetInfoAll
[0000436] [11:12:53:093750] [Tid0x00001d1c] [debug] -->[C214] FlashTool_ReadPartitionCount #./api/api.cpp (line:1619)
[0000437] [11:12:53:125000] [Tid0x00001d1c] [debug] <--[C214] FlashTool_ReadPartitionCount
[0000438] [11:12:53:125000] [Tid0x00001d1c] [debug] -->[C215] FlashTool_ReadPartitionInfo #./api/api.cpp (line:1640)
[0000439] [11:12:53:125000] [Tid0x00001d1c] [debug] <--[C215] FlashTool_ReadPartitionInfo
[0000440] [11:12:53:125000] [Tid0x00001d1c] [debug] -->[C216] FlashTool_Download #./api/api.cpp (line:1286)
[0000441] [11:12:53:546875] [Tid0x00001d1c] [debug] <--[C216] FlashTool_Download
[0000442] [11:12:53:546875] [Tid0x00001d1c] [debug] -->[C217] DL_GetCount #./api/api.cpp (line:2710)
[0000443] [11:12:53:546875] [Tid0x00001d1c] [debug] <--[C217] DL_GetCount
[0000444] [11:12:53:546875] [Tid0x00001d1c] [debug] -->[C218] DL_Rom_GetInfoAll #./api/api.cpp (line:2875)
[0000445] [11:12:53:546875] [Tid0x00001d1c] [debug] <--[C218] DL_Rom_GetInfoAll
[0000446] [11:12:53:546875] [Tid0x00001d1c] [debug] -->[C219] FlashTool_Disconnect #./api/api.cpp (line:1019)
[0000447] [11:12:53:578125] [Tid0x00001d1c] [debug] <--[C219] FlashTool_Disconnect
[0000448] [13:26:26:640625] [Tid0x00001ff4] [debug] -->[C220] FlashTool_Connect_BROM_ByName #./api/api.cpp (line:2102)
[0000449] [13:26:26:640625] [Tid0x00001ff4] [debug] -->[C221] FlashTool_Connect_BROM_Ex #./api/api.cpp (line:1862)
[0000450] [13:26:26:640625] [Tid0x00001ff4] [debug] bCheckScatter: 1
[0000451] [13:26:26:640625] [Tid0x00001ff4] [debug] have load scatter already
[0000452] [13:26:26:640625] [Tid0x00001ff4] [debug] libversion 1
[0000453] [13:26:27:187500] [Tid0x00001ff4] [debug] <--[C221] FlashTool_Connect_BROM_Ex
[0000454] [13:26:27:187500] [Tid0x00001ff4] [debug] <--[C220] FlashTool_Connect_BROM_ByName
[0000455] [13:26:27:187500] [Tid0x00001ff4] [debug] -->[C222] FlashTool_GetBootResult #./api/api.cpp (line:2114)
[0000456] [13:26:27:187500] [Tid0x00001ff4] [debug] <--[C222] FlashTool_GetBootResult
[0000457] [13:26:27:187500] [Tid0x00001ff4] [debug] -->[C223] FlashTool_Connect_Download_DA #./api/api.cpp (line:2134)
[0000458] [13:26:27:187500] [Tid0x00001ff4] [debug] bCheckScatter: 1
[0000459] [13:26:29:468750] [Tid0x00001ff4] [debug] <--[C223] FlashTool_Connect_Download_DA
[0000460] [13:26:29:468750] [Tid0x00001ff4] [debug] -->[C224] FlashTool_CheckUSBStatus #./api/api.cpp (line:1140)
[0000461] [13:26:29:468750] [Tid0x00001ff4] [debug] <--[C224] FlashTool_CheckUSBStatus
[0000462] [13:26:29:468750] [Tid0x00001ff4] [debug] -->[C225] FlashTool_CheckUSBStatus #./api/api.cpp (line:1140)
[0000463] [13:26:29:468750] [Tid0x00001ff4] [debug] <--[C225] FlashTool_CheckUSBStatus
[0000464] [13:26:29:468750] [Tid0x00001ff4] [debug] -->[C226] FlashTool_Readback #./api/api.cpp (line:1309)
[0000465] [13:26:31:484375] [Tid0x00001ff4] [debug] <--[C226] FlashTool_Readback
[0000466] [13:26:31:484375] [Tid0x00001ff4] [debug] -->[C227] FlashTool_Disconnect #./api/api.cpp (line:1019)
[0000467] [13:26:31:515625] [Tid0x00001ff4] [debug] <--[C227] FlashTool_Disconnect
