[0000001] [16:51:03:993768] [Tid0x0000014c] [debug] -->[C1] DL_LoadScatter #./api/api.cpp (line:2474)
[0000002] [16:51:04:028772] [Tid0x0000014c] [debug] used lib version: 1
[0000003] [16:51:04:028772] [Tid0x0000014c] [debug] <--[C1] DL_LoadScatter
[0000004] [16:51:04:028772] [Tid0x0000014c] [debug] -->[C2] DL_AutoLoadRomImages #./api/api.cpp (line:2667)
[0000005] [16:51:04:049774] [Tid0x0000014c] [debug] <--[C2] DL_AutoLoadRomImages
[0000006] [16:51:04:075776] [Tid0x00001c24] [debug] -->[C3] DL_GetCount #./api/api.cpp (line:2587)
[0000007] [16:51:04:075776] [Tid0x00001c24] [debug] <--[C3] DL_GetCount
[0000008] [16:51:04:075776] [Tid0x00001c24] [debug] -->[C4] DL_Rom_GetInfoAll #./api/api.cpp (line:2752)
[0000009] [16:51:04:075776] [Tid0x00001c24] [debug] <--[C4] DL_Rom_GetInfoAll
[0000010] [16:51:04:076776] [Tid0x00001c24] [debug] -->[C5] DL_GetScatterInfo #./api/api.cpp (line:2688)
[0000011] [16:51:04:076776] [Tid0x00001c24] [debug] <--[C5] DL_GetScatterInfo
[0000012] [16:51:04:077777] [Tid0x00001c24] [debug] -->[C6] DL_GetCount #./api/api.cpp (line:2587)
[0000013] [16:51:04:077777] [Tid0x00001c24] [debug] <--[C6] DL_GetCount
[0000014] [16:51:04:077777] [Tid0x00001c24] [debug] -->[C7] DL_Rom_GetInfoAll #./api/api.cpp (line:2752)
[0000015] [16:51:04:077777] [Tid0x00001c24] [debug] <--[C7] DL_Rom_GetInfoAll
[0000016] [16:51:04:077777] [Tid0x00001c24] [debug] -->[C8] DL_Rom_SetEnableAttr #./api/api.cpp (line:2806)
[0000017] [16:51:04:077777] [Tid0x00001c24] [debug] <--[C8] DL_Rom_SetEnableAttr
[0000018] [16:51:04:077777] [Tid0x00001c24] [debug] -->[C9] DL_GetCount #./api/api.cpp (line:2587)
[0000019] [16:51:04:077777] [Tid0x00001c24] [debug] <--[C9] DL_GetCount
[0000020] [16:51:04:077777] [Tid0x00001c24] [debug] -->[C10] DL_Rom_GetInfoAll #./api/api.cpp (line:2752)
[0000021] [16:51:04:077777] [Tid0x00001c24] [debug] <--[C10] DL_Rom_GetInfoAll
[0000022] [16:51:04:078777] [Tid0x00001c24] [debug] -->[C11] DL_Rom_SetEnableAttr #./api/api.cpp (line:2806)
[0000023] [16:51:04:078777] [Tid0x00001c24] [debug] <--[C11] DL_Rom_SetEnableAttr
[0000024] [16:51:04:078777] [Tid0x00001c24] [debug] -->[C12] DL_GetCount #./api/api.cpp (line:2587)
[0000025] [16:51:04:079777] [Tid0x00001c24] [debug] <--[C12] DL_GetCount
[0000026] [16:51:04:079777] [Tid0x00001c24] [debug] -->[C13] DL_Rom_GetInfoAll #./api/api.cpp (line:2752)
[0000027] [16:51:04:079777] [Tid0x00001c24] [debug] <--[C13] DL_Rom_GetInfoAll
[0000028] [16:51:04:079777] [Tid0x00001c24] [debug] -->[C14] DL_Rom_SetEnableAttr #./api/api.cpp (line:2806)
[0000029] [16:51:04:079777] [Tid0x00001c24] [debug] <--[C14] DL_Rom_SetEnableAttr
[0000030] [16:51:04:079777] [Tid0x00001c24] [debug] -->[C15] DL_GetCount #./api/api.cpp (line:2587)
[0000031] [16:51:04:079777] [Tid0x00001c24] [debug] <--[C15] DL_GetCount
[0000032] [16:51:04:079777] [Tid0x00001c24] [debug] -->[C16] DL_Rom_GetInfoAll #./api/api.cpp (line:2752)
[0000033] [16:51:04:079777] [Tid0x00001c24] [debug] <--[C16] DL_Rom_GetInfoAll
[0000034] [16:51:04:080777] [Tid0x00001c24] [debug] -->[C17] DL_Rom_SetEnableAttr #./api/api.cpp (line:2806)
[0000035] [16:51:04:080777] [Tid0x00001c24] [debug] <--[C17] DL_Rom_SetEnableAttr
[0000036] [16:51:04:080777] [Tid0x00001c24] [debug] -->[C18] DL_GetCount #./api/api.cpp (line:2587)
[0000037] [16:51:04:080777] [Tid0x00001c24] [debug] <--[C18] DL_GetCount
[0000038] [16:51:04:080777] [Tid0x00001c24] [debug] -->[C19] DL_Rom_GetInfoAll #./api/api.cpp (line:2752)
[0000039] [16:51:04:080777] [Tid0x00001c24] [debug] <--[C19] DL_Rom_GetInfoAll
[0000040] [16:51:04:080777] [Tid0x00001c24] [debug] -->[C20] DL_Rom_SetEnableAttr #./api/api.cpp (line:2806)
[0000041] [16:51:04:080777] [Tid0x00001c24] [debug] <--[C20] DL_Rom_SetEnableAttr
[0000042] [16:51:04:080777] [Tid0x00001c24] [debug] -->[C21] DL_GetCount #./api/api.cpp (line:2587)
[0000043] [16:51:04:080777] [Tid0x00001c24] [debug] <--[C21] DL_GetCount
[0000044] [16:51:04:080777] [Tid0x00001c24] [debug] -->[C22] DL_Rom_GetInfoAll #./api/api.cpp (line:2752)
[0000045] [16:51:04:081777] [Tid0x00001c24] [debug] <--[C22] DL_Rom_GetInfoAll
[0000046] [16:51:04:081777] [Tid0x00001c24] [debug] -->[C23] DL_Rom_SetEnableAttr #./api/api.cpp (line:2806)
[0000047] [16:51:04:081777] [Tid0x00001c24] [debug] <--[C23] DL_Rom_SetEnableAttr
[0000048] [16:51:04:082777] [Tid0x00001c24] [debug] -->[C24] DL_GetCount #./api/api.cpp (line:2587)
[0000049] [16:51:04:082777] [Tid0x00001c24] [debug] <--[C24] DL_GetCount
[0000050] [16:51:04:082777] [Tid0x00001c24] [debug] -->[C25] DL_Rom_GetInfoAll #./api/api.cpp (line:2752)
[0000051] [16:51:04:082777] [Tid0x00001c24] [debug] <--[C25] DL_Rom_GetInfoAll
[0000052] [16:51:04:082777] [Tid0x00001c24] [debug] -->[C26] DL_Rom_SetEnableAttr #./api/api.cpp (line:2806)
[0000053] [16:51:04:082777] [Tid0x00001c24] [debug] <--[C26] DL_Rom_SetEnableAttr
[0000054] [16:51:04:082777] [Tid0x00001c24] [debug] -->[C27] DL_GetCount #./api/api.cpp (line:2587)
[0000055] [16:51:04:082777] [Tid0x00001c24] [debug] <--[C27] DL_GetCount
[0000056] [16:51:04:082777] [Tid0x00001c24] [debug] -->[C28] DL_Rom_GetInfoAll #./api/api.cpp (line:2752)
[0000057] [16:51:04:082777] [Tid0x00001c24] [debug] <--[C28] DL_Rom_GetInfoAll
[0000058] [16:51:04:082777] [Tid0x00001c24] [debug] -->[C29] DL_Rom_SetEnableAttr #./api/api.cpp (line:2806)
[0000059] [16:51:04:082777] [Tid0x00001c24] [debug] <--[C29] DL_Rom_SetEnableAttr
[0000060] [16:51:04:083777] [Tid0x00001c24] [debug] -->[C30] DL_GetCount #./api/api.cpp (line:2587)
[0000061] [16:51:04:083777] [Tid0x00001c24] [debug] <--[C30] DL_GetCount
[0000062] [16:51:04:083777] [Tid0x00001c24] [debug] -->[C31] DL_Rom_GetInfoAll #./api/api.cpp (line:2752)
[0000063] [16:51:04:083777] [Tid0x00001c24] [debug] <--[C31] DL_Rom_GetInfoAll
[0000064] [16:51:04:083777] [Tid0x00001c24] [debug] -->[C32] DL_Rom_SetEnableAttr #./api/api.cpp (line:2806)
[0000065] [16:51:04:083777] [Tid0x00001c24] [debug] <--[C32] DL_Rom_SetEnableAttr
[0000066] [16:51:04:084777] [Tid0x00001c24] [debug] -->[C33] DL_GetCount #./api/api.cpp (line:2587)
[0000067] [16:51:04:084777] [Tid0x00001c24] [debug] <--[C33] DL_GetCount
[0000068] [16:51:04:084777] [Tid0x00001c24] [debug] -->[C34] DL_Rom_GetInfoAll #./api/api.cpp (line:2752)
[0000069] [16:51:04:084777] [Tid0x00001c24] [debug] <--[C34] DL_Rom_GetInfoAll
[0000070] [16:51:04:084777] [Tid0x00001c24] [debug] -->[C35] DL_Rom_SetEnableAttr #./api/api.cpp (line:2806)
[0000071] [16:51:04:084777] [Tid0x00001c24] [debug] <--[C35] DL_Rom_SetEnableAttr
[0000072] [16:51:04:084777] [Tid0x00001c24] [debug] -->[C36] DL_GetCount #./api/api.cpp (line:2587)
[0000073] [16:51:04:084777] [Tid0x00001c24] [debug] <--[C36] DL_GetCount
[0000074] [16:51:04:084777] [Tid0x00001c24] [debug] -->[C37] DL_Rom_GetInfoAll #./api/api.cpp (line:2752)
[0000075] [16:51:04:084777] [Tid0x00001c24] [debug] <--[C37] DL_Rom_GetInfoAll
[0000076] [16:51:04:084777] [Tid0x00001c24] [debug] -->[C38] DL_Rom_SetEnableAttr #./api/api.cpp (line:2806)
[0000077] [16:51:04:084777] [Tid0x00001c24] [debug] <--[C38] DL_Rom_SetEnableAttr
[0000078] [16:51:04:085777] [Tid0x00001c24] [debug] -->[C39] DL_GetCount #./api/api.cpp (line:2587)
[0000079] [16:51:04:085777] [Tid0x00001c24] [debug] <--[C39] DL_GetCount
[0000080] [16:51:04:085777] [Tid0x00001c24] [debug] -->[C40] DL_Rom_GetInfoAll #./api/api.cpp (line:2752)
[0000081] [16:51:04:085777] [Tid0x00001c24] [debug] <--[C40] DL_Rom_GetInfoAll
[0000082] [16:51:04:085777] [Tid0x00001c24] [debug] -->[C41] DL_Rom_SetEnableAttr #./api/api.cpp (line:2806)
[0000083] [16:51:04:085777] [Tid0x00001c24] [debug] <--[C41] DL_Rom_SetEnableAttr
[0000084] [16:51:04:086777] [Tid0x00001c24] [debug] -->[C42] DL_GetCount #./api/api.cpp (line:2587)
[0000085] [16:51:04:086777] [Tid0x00001c24] [debug] <--[C42] DL_GetCount
[0000086] [16:51:04:086777] [Tid0x00001c24] [debug] -->[C43] DL_Rom_GetInfoAll #./api/api.cpp (line:2752)
[0000087] [16:51:04:086777] [Tid0x00001c24] [debug] <--[C43] DL_Rom_GetInfoAll
[0000088] [16:51:04:086777] [Tid0x00001c24] [debug] -->[C44] DL_Rom_SetEnableAttr #./api/api.cpp (line:2806)
[0000089] [16:51:04:086777] [Tid0x00001c24] [debug] <--[C44] DL_Rom_SetEnableAttr
[0000090] [16:51:04:086777] [Tid0x00001c24] [debug] -->[C45] DL_GetCount #./api/api.cpp (line:2587)
[0000091] [16:51:04:086777] [Tid0x00001c24] [debug] <--[C45] DL_GetCount
[0000092] [16:51:04:086777] [Tid0x00001c24] [debug] -->[C46] DL_Rom_GetInfoAll #./api/api.cpp (line:2752)
[0000093] [16:51:04:086777] [Tid0x00001c24] [debug] <--[C46] DL_Rom_GetInfoAll
[0000094] [16:51:04:086777] [Tid0x00001c24] [debug] -->[C47] DL_Rom_SetEnableAttr #./api/api.cpp (line:2806)
[0000095] [16:51:04:086777] [Tid0x00001c24] [debug] <--[C47] DL_Rom_SetEnableAttr
[0000096] [16:51:04:087778] [Tid0x00001c24] [debug] -->[C48] DL_GetCount #./api/api.cpp (line:2587)
[0000097] [16:51:04:087778] [Tid0x00001c24] [debug] <--[C48] DL_GetCount
[0000098] [16:51:04:087778] [Tid0x00001c24] [debug] -->[C49] DL_Rom_GetInfoAll #./api/api.cpp (line:2752)
[0000099] [16:51:04:087778] [Tid0x00001c24] [debug] <--[C49] DL_Rom_GetInfoAll
[0000100] [16:51:04:087778] [Tid0x00001c24] [debug] -->[C50] DL_Rom_SetEnableAttr #./api/api.cpp (line:2806)
[0000101] [16:51:04:087778] [Tid0x00001c24] [debug] <--[C50] DL_Rom_SetEnableAttr
[0000102] [16:51:04:088778] [Tid0x00001c24] [debug] -->[C51] DL_GetCount #./api/api.cpp (line:2587)
[0000103] [16:51:04:088778] [Tid0x00001c24] [debug] <--[C51] DL_GetCount
[0000104] [16:51:04:088778] [Tid0x00001c24] [debug] -->[C52] DL_Rom_GetInfoAll #./api/api.cpp (line:2752)
[0000105] [16:51:04:088778] [Tid0x00001c24] [debug] <--[C52] DL_Rom_GetInfoAll
[0000106] [16:51:04:088778] [Tid0x00001c24] [debug] -->[C53] DL_Rom_SetEnableAttr #./api/api.cpp (line:2806)
[0000107] [16:51:04:088778] [Tid0x00001c24] [debug] <--[C53] DL_Rom_SetEnableAttr
[0000108] [16:51:04:088778] [Tid0x00001c24] [debug] -->[C54] DL_GetCount #./api/api.cpp (line:2587)
[0000109] [16:51:04:088778] [Tid0x00001c24] [debug] <--[C54] DL_GetCount
[0000110] [16:51:04:088778] [Tid0x00001c24] [debug] -->[C55] DL_Rom_GetInfoAll #./api/api.cpp (line:2752)
[0000111] [16:51:04:088778] [Tid0x00001c24] [debug] <--[C55] DL_Rom_GetInfoAll
[0000112] [16:51:04:088778] [Tid0x00001c24] [debug] -->[C56] DL_Rom_SetEnableAttr #./api/api.cpp (line:2806)
[0000113] [16:51:04:088778] [Tid0x00001c24] [debug] <--[C56] DL_Rom_SetEnableAttr
[0000114] [16:51:04:089778] [Tid0x00001c24] [debug] -->[C57] DL_GetCount #./api/api.cpp (line:2587)
[0000115] [16:51:04:089778] [Tid0x00001c24] [debug] <--[C57] DL_GetCount
[0000116] [16:51:04:089778] [Tid0x00001c24] [debug] -->[C58] DL_Rom_GetInfoAll #./api/api.cpp (line:2752)
[0000117] [16:51:04:089778] [Tid0x00001c24] [debug] <--[C58] DL_Rom_GetInfoAll
[0000118] [16:51:04:089778] [Tid0x00001c24] [debug] -->[C59] DL_Rom_SetEnableAttr #./api/api.cpp (line:2806)
[0000119] [16:51:04:089778] [Tid0x00001c24] [debug] <--[C59] DL_Rom_SetEnableAttr
[0000120] [16:51:04:090778] [Tid0x00001c24] [debug] -->[C60] DL_GetCount #./api/api.cpp (line:2587)
[0000121] [16:51:04:090778] [Tid0x00001c24] [debug] <--[C60] DL_GetCount
[0000122] [16:51:04:090778] [Tid0x00001c24] [debug] -->[C61] DL_Rom_GetInfoAll #./api/api.cpp (line:2752)
[0000123] [16:51:04:090778] [Tid0x00001c24] [debug] <--[C61] DL_Rom_GetInfoAll
[0000124] [16:51:04:090778] [Tid0x00001c24] [debug] -->[C62] DL_Rom_SetEnableAttr #./api/api.cpp (line:2806)
[0000125] [16:51:04:090778] [Tid0x00001c24] [debug] <--[C62] DL_Rom_SetEnableAttr
[0000126] [16:51:04:090778] [Tid0x00001c24] [debug] -->[C63] DL_GetCount #./api/api.cpp (line:2587)
[0000127] [16:51:04:090778] [Tid0x00001c24] [debug] <--[C63] DL_GetCount
[0000128] [16:51:04:090778] [Tid0x00001c24] [debug] -->[C64] DL_Rom_GetInfoAll #./api/api.cpp (line:2752)
[0000129] [16:51:04:091778] [Tid0x00001c24] [debug] <--[C64] DL_Rom_GetInfoAll
[0000130] [16:51:04:091778] [Tid0x00001c24] [debug] -->[C65] DL_Rom_SetEnableAttr #./api/api.cpp (line:2806)
[0000131] [16:51:04:091778] [Tid0x00001c24] [debug] <--[C65] DL_Rom_SetEnableAttr
[0000132] [16:51:04:091778] [Tid0x00001c24] [debug] -->[C66] DL_GetCount #./api/api.cpp (line:2587)
[0000133] [16:51:04:091778] [Tid0x00001c24] [debug] <--[C66] DL_GetCount
[0000134] [16:51:04:091778] [Tid0x00001c24] [debug] -->[C67] DL_Rom_GetInfoAll #./api/api.cpp (line:2752)
[0000135] [16:51:04:091778] [Tid0x00001c24] [debug] <--[C67] DL_Rom_GetInfoAll
[0000136] [16:51:04:091778] [Tid0x00001c24] [debug] -->[C68] DL_Rom_SetEnableAttr #./api/api.cpp (line:2806)
[0000137] [16:51:04:092778] [Tid0x00001c24] [debug] <--[C68] DL_Rom_SetEnableAttr
[0000138] [16:51:04:092778] [Tid0x00001c24] [debug] -->[C69] DL_GetCount #./api/api.cpp (line:2587)
[0000139] [16:51:04:092778] [Tid0x00001c24] [debug] <--[C69] DL_GetCount
[0000140] [16:51:04:092778] [Tid0x00001c24] [debug] -->[C70] DL_Rom_GetInfoAll #./api/api.cpp (line:2752)
[0000141] [16:51:04:092778] [Tid0x00001c24] [debug] <--[C70] DL_Rom_GetInfoAll
[0000142] [16:51:04:092778] [Tid0x00001c24] [debug] -->[C71] DL_Rom_SetEnableAttr #./api/api.cpp (line:2806)
[0000143] [16:51:04:092778] [Tid0x00001c24] [debug] <--[C71] DL_Rom_SetEnableAttr
[0000144] [16:51:04:092778] [Tid0x00001c24] [debug] -->[C72] DL_GetCount #./api/api.cpp (line:2587)
[0000145] [16:51:04:092778] [Tid0x00001c24] [debug] <--[C72] DL_GetCount
[0000146] [16:51:04:093778] [Tid0x00001c24] [debug] -->[C73] DL_Rom_GetInfoAll #./api/api.cpp (line:2752)
[0000147] [16:51:04:093778] [Tid0x00001c24] [debug] <--[C73] DL_Rom_GetInfoAll
[0000148] [16:51:04:093778] [Tid0x00001c24] [debug] -->[C74] DL_Rom_SetEnableAttr #./api/api.cpp (line:2806)
[0000149] [16:51:04:093778] [Tid0x00001c24] [debug] <--[C74] DL_Rom_SetEnableAttr
[0000150] [16:51:04:093778] [Tid0x00001c24] [debug] -->[C75] DL_GetCount #./api/api.cpp (line:2587)
[0000151] [16:51:04:093778] [Tid0x00001c24] [debug] <--[C75] DL_GetCount
[0000152] [16:51:04:093778] [Tid0x00001c24] [debug] -->[C76] DL_Rom_GetInfoAll #./api/api.cpp (line:2752)
[0000153] [16:51:04:094778] [Tid0x00001c24] [debug] <--[C76] DL_Rom_GetInfoAll
[0000154] [16:51:04:094778] [Tid0x00001c24] [debug] -->[C77] DL_Rom_SetEnableAttr #./api/api.cpp (line:2806)
[0000155] [16:51:04:094778] [Tid0x00001c24] [debug] <--[C77] DL_Rom_SetEnableAttr
[0000156] [16:51:04:094778] [Tid0x00001c24] [debug] -->[C78] DL_GetCount #./api/api.cpp (line:2587)
[0000157] [16:51:04:094778] [Tid0x00001c24] [debug] <--[C78] DL_GetCount
[0000158] [16:51:04:094778] [Tid0x00001c24] [debug] -->[C79] DL_Rom_GetInfoAll #./api/api.cpp (line:2752)
[0000159] [16:51:04:094778] [Tid0x00001c24] [debug] <--[C79] DL_Rom_GetInfoAll
[0000160] [16:51:04:095778] [Tid0x00001c24] [debug] -->[C80] DL_Rom_SetEnableAttr #./api/api.cpp (line:2806)
[0000161] [16:51:04:095778] [Tid0x00001c24] [debug] <--[C80] DL_Rom_SetEnableAttr
[0000162] [16:51:04:095778] [Tid0x00001c24] [debug] -->[C81] DL_GetCount #./api/api.cpp (line:2587)
[0000163] [16:51:04:095778] [Tid0x00001c24] [debug] <--[C81] DL_GetCount
[0000164] [16:51:04:095778] [Tid0x00001c24] [debug] -->[C82] DL_Rom_GetInfoAll #./api/api.cpp (line:2752)
[0000165] [16:51:04:095778] [Tid0x00001c24] [debug] <--[C82] DL_Rom_GetInfoAll
[0000166] [16:51:04:095778] [Tid0x00001c24] [debug] -->[C83] DL_Rom_SetEnableAttr #./api/api.cpp (line:2806)
[0000167] [16:51:04:095778] [Tid0x00001c24] [debug] <--[C83] DL_Rom_SetEnableAttr
[0000168] [16:51:04:096778] [Tid0x00001c24] [debug] -->[C84] DL_GetCount #./api/api.cpp (line:2587)
[0000169] [16:51:04:096778] [Tid0x00001c24] [debug] <--[C84] DL_GetCount
[0000170] [16:51:04:096778] [Tid0x00001c24] [debug] -->[C85] DL_Rom_GetInfoAll #./api/api.cpp (line:2752)
[0000171] [16:51:04:096778] [Tid0x00001c24] [debug] <--[C85] DL_Rom_GetInfoAll
[0000172] [16:51:04:096778] [Tid0x00001c24] [debug] -->[C86] DL_Rom_SetEnableAttr #./api/api.cpp (line:2806)
[0000173] [16:51:04:096778] [Tid0x00001c24] [debug] <--[C86] DL_Rom_SetEnableAttr
[0000174] [16:51:04:096778] [Tid0x00001c24] [debug] -->[C87] DL_GetCount #./api/api.cpp (line:2587)
[0000175] [16:51:04:096778] [Tid0x00001c24] [debug] <--[C87] DL_GetCount
[0000176] [16:51:04:096778] [Tid0x00001c24] [debug] -->[C88] DL_Rom_GetInfoAll #./api/api.cpp (line:2752)
[0000177] [16:51:04:097779] [Tid0x00001c24] [debug] <--[C88] DL_Rom_GetInfoAll
[0000178] [16:51:04:097779] [Tid0x00001c24] [debug] -->[C89] DL_Rom_SetEnableAttr #./api/api.cpp (line:2806)
[0000179] [16:51:04:097779] [Tid0x00001c24] [debug] <--[C89] DL_Rom_SetEnableAttr
[0000180] [16:51:04:097779] [Tid0x00001c24] [debug] -->[C90] DL_GetCount #./api/api.cpp (line:2587)
[0000181] [16:51:04:097779] [Tid0x00001c24] [debug] <--[C90] DL_GetCount
[0000182] [16:51:04:097779] [Tid0x00001c24] [debug] -->[C91] DL_Rom_GetInfoAll #./api/api.cpp (line:2752)
[0000183] [16:51:04:097779] [Tid0x00001c24] [debug] <--[C91] DL_Rom_GetInfoAll
[0000184] [16:51:04:097779] [Tid0x00001c24] [debug] -->[C92] DL_Rom_SetEnableAttr #./api/api.cpp (line:2806)
[0000185] [16:51:04:097779] [Tid0x00001c24] [debug] <--[C92] DL_Rom_SetEnableAttr
[0000186] [16:51:04:098779] [Tid0x00001c24] [debug] -->[C93] DL_GetCount #./api/api.cpp (line:2587)
[0000187] [16:51:04:098779] [Tid0x00001c24] [debug] <--[C93] DL_GetCount
[0000188] [16:51:04:098779] [Tid0x00001c24] [debug] -->[C94] DL_Rom_GetInfoAll #./api/api.cpp (line:2752)
[0000189] [16:51:04:098779] [Tid0x00001c24] [debug] <--[C94] DL_Rom_GetInfoAll
[0000190] [16:51:04:098779] [Tid0x00001c24] [debug] -->[C95] DL_Rom_SetEnableAttr #./api/api.cpp (line:2806)
[0000191] [16:51:04:098779] [Tid0x00001c24] [debug] <--[C95] DL_Rom_SetEnableAttr
[0000192] [16:51:04:099779] [Tid0x00001c24] [debug] -->[C96] DL_GetCount #./api/api.cpp (line:2587)
[0000193] [16:51:04:099779] [Tid0x00001c24] [debug] <--[C96] DL_GetCount
[0000194] [16:51:04:099779] [Tid0x00001c24] [debug] -->[C97] DL_Rom_GetInfoAll #./api/api.cpp (line:2752)
[0000195] [16:51:04:099779] [Tid0x00001c24] [debug] <--[C97] DL_Rom_GetInfoAll
[0000196] [16:51:04:099779] [Tid0x00001c24] [debug] -->[C98] DL_Rom_SetEnableAttr #./api/api.cpp (line:2806)
[0000197] [16:51:04:099779] [Tid0x00001c24] [debug] <--[C98] DL_Rom_SetEnableAttr
[0000198] [16:51:04:099779] [Tid0x00001c24] [debug] -->[C99] DL_GetCount #./api/api.cpp (line:2587)
[0000199] [16:51:04:099779] [Tid0x00001c24] [debug] <--[C99] DL_GetCount
[0000200] [16:51:04:099779] [Tid0x00001c24] [debug] -->[C100] DL_Rom_GetInfoAll #./api/api.cpp (line:2752)
[0000201] [16:51:04:099779] [Tid0x00001c24] [debug] <--[C100] DL_Rom_GetInfoAll
[0000202] [16:51:04:100779] [Tid0x00001c24] [debug] -->[C101] DL_Rom_SetEnableAttr #./api/api.cpp (line:2806)
[0000203] [16:51:04:100779] [Tid0x00001c24] [debug] <--[C101] DL_Rom_SetEnableAttr
[0000204] [16:51:04:100779] [Tid0x00001c24] [debug] -->[C102] DL_GetCount #./api/api.cpp (line:2587)
[0000205] [16:51:04:100779] [Tid0x00001c24] [debug] <--[C102] DL_GetCount
[0000206] [16:51:04:100779] [Tid0x00001c24] [debug] -->[C103] DL_Rom_GetInfoAll #./api/api.cpp (line:2752)
[0000207] [16:51:04:100779] [Tid0x00001c24] [debug] <--[C103] DL_Rom_GetInfoAll
[0000208] [16:51:04:100779] [Tid0x00001c24] [debug] -->[C104] DL_Rom_SetEnableAttr #./api/api.cpp (line:2806)
[0000209] [16:51:04:100779] [Tid0x00001c24] [debug] <--[C104] DL_Rom_SetEnableAttr
[0000210] [16:51:04:101779] [Tid0x00001c24] [debug] -->[C105] DL_GetCount #./api/api.cpp (line:2587)
[0000211] [16:51:04:101779] [Tid0x00001c24] [debug] <--[C105] DL_GetCount
[0000212] [16:51:04:101779] [Tid0x00001c24] [debug] -->[C106] DL_Rom_GetInfoAll #./api/api.cpp (line:2752)
[0000213] [16:51:04:101779] [Tid0x00001c24] [debug] <--[C106] DL_Rom_GetInfoAll
[0000214] [16:51:04:101779] [Tid0x00001c24] [debug] -->[C107] DL_Rom_SetEnableAttr #./api/api.cpp (line:2806)
[0000215] [16:51:04:101779] [Tid0x00001c24] [debug] <--[C107] DL_Rom_SetEnableAttr
[0000216] [16:51:04:101779] [Tid0x00001c24] [debug] -->[C108] DL_GetCount #./api/api.cpp (line:2587)
[0000217] [16:51:04:101779] [Tid0x00001c24] [debug] <--[C108] DL_GetCount
[0000218] [16:51:04:101779] [Tid0x00001c24] [debug] -->[C109] DL_Rom_GetInfoAll #./api/api.cpp (line:2752)
[0000219] [16:51:04:101779] [Tid0x00001c24] [debug] <--[C109] DL_Rom_GetInfoAll
[0000220] [16:51:04:102779] [Tid0x00001c24] [debug] -->[C110] DL_Rom_SetEnableAttr #./api/api.cpp (line:2806)
[0000221] [16:51:04:102779] [Tid0x00001c24] [debug] <--[C110] DL_Rom_SetEnableAttr
[0000222] [16:51:04:102779] [Tid0x00001c24] [debug] -->[C111] DL_GetCount #./api/api.cpp (line:2587)
[0000223] [16:51:04:102779] [Tid0x00001c24] [debug] <--[C111] DL_GetCount
[0000224] [16:51:04:102779] [Tid0x00001c24] [debug] -->[C112] DL_Rom_GetInfoAll #./api/api.cpp (line:2752)
[0000225] [16:51:04:102779] [Tid0x00001c24] [debug] <--[C112] DL_Rom_GetInfoAll
[0000226] [16:51:04:102779] [Tid0x00001c24] [debug] -->[C113] DL_Rom_SetEnableAttr #./api/api.cpp (line:2806)
[0000227] [16:51:04:102779] [Tid0x00001c24] [debug] <--[C113] DL_Rom_SetEnableAttr
[0000228] [16:51:04:103779] [Tid0x00001c24] [debug] -->[C114] DL_GetCount #./api/api.cpp (line:2587)
[0000229] [16:51:04:103779] [Tid0x00001c24] [debug] <--[C114] DL_GetCount
[0000230] [16:51:04:103779] [Tid0x00001c24] [debug] -->[C115] DL_Rom_GetInfoAll #./api/api.cpp (line:2752)
[0000231] [16:51:04:103779] [Tid0x00001c24] [debug] <--[C115] DL_Rom_GetInfoAll
[0000232] [16:51:04:103779] [Tid0x00001c24] [debug] -->[C116] DL_Rom_SetEnableAttr #./api/api.cpp (line:2806)
[0000233] [16:51:04:103779] [Tid0x00001c24] [debug] <--[C116] DL_Rom_SetEnableAttr
[0000234] [16:51:04:103779] [Tid0x00001c24] [debug] -->[C117] DL_GetCount #./api/api.cpp (line:2587)
[0000235] [16:51:04:103779] [Tid0x00001c24] [debug] <--[C117] DL_GetCount
[0000236] [16:51:04:103779] [Tid0x00001c24] [debug] -->[C118] DL_Rom_GetInfoAll #./api/api.cpp (line:2752)
[0000237] [16:51:04:103779] [Tid0x00001c24] [debug] <--[C118] DL_Rom_GetInfoAll
[0000238] [16:51:04:103779] [Tid0x00001c24] [debug] -->[C119] DL_Rom_SetEnableAttr #./api/api.cpp (line:2806)
[0000239] [16:51:04:103779] [Tid0x00001c24] [debug] <--[C119] DL_Rom_SetEnableAttr
[0000240] [16:51:04:104779] [Tid0x00001c24] [debug] -->[C120] DL_GetCount #./api/api.cpp (line:2587)
[0000241] [16:51:04:104779] [Tid0x00001c24] [debug] <--[C120] DL_GetCount
[0000242] [16:51:04:104779] [Tid0x00001c24] [debug] -->[C121] DL_Rom_GetInfoAll #./api/api.cpp (line:2752)
[0000243] [16:51:04:104779] [Tid0x00001c24] [debug] <--[C121] DL_Rom_GetInfoAll
[0000244] [16:51:04:104779] [Tid0x00001c24] [debug] -->[C122] DL_Rom_SetEnableAttr #./api/api.cpp (line:2806)
[0000245] [16:51:04:104779] [Tid0x00001c24] [debug] <--[C122] DL_Rom_SetEnableAttr
[0000246] [16:51:04:105779] [Tid0x00001c24] [debug] -->[C123] DL_SetChecksumLevel #./api/api.cpp (line:2516)
[0000247] [16:51:04:105779] [Tid0x00001c24] [debug] <--[C123] DL_SetChecksumLevel
[0000248] [16:51:24:214790] [Tid0x0000014c] [debug] -->[C124] DL_LoadScatter #./api/api.cpp (line:2474)
[0000249] [16:51:24:325801] [Tid0x0000014c] [debug] used lib version: 1
[0000250] [16:51:24:325801] [Tid0x0000014c] [debug] <--[C124] DL_LoadScatter
[0000251] [16:51:24:325801] [Tid0x0000014c] [debug] -->[C125] DL_AutoLoadRomImages #./api/api.cpp (line:2667)
[0000252] [16:51:24:824851] [Tid0x0000014c] [debug] <--[C125] DL_AutoLoadRomImages
[0000253] [16:51:24:842853] [Tid0x00001c24] [debug] -->[C126] DL_GetCount #./api/api.cpp (line:2587)
[0000254] [16:51:24:842853] [Tid0x00001c24] [debug] <--[C126] DL_GetCount
[0000255] [16:51:24:842853] [Tid0x00001c24] [debug] -->[C127] DL_Rom_GetInfoAll #./api/api.cpp (line:2752)
[0000256] [16:51:24:843853] [Tid0x00001c24] [debug] <--[C127] DL_Rom_GetInfoAll
[0000257] [16:51:24:845853] [Tid0x00001c24] [debug] -->[C128] DL_GetScatterInfo #./api/api.cpp (line:2688)
[0000258] [16:51:24:845853] [Tid0x00001c24] [debug] <--[C128] DL_GetScatterInfo
[0000259] [16:51:24:847853] [Tid0x00001c24] [debug] -->[C129] DL_GetCount #./api/api.cpp (line:2587)
[0000260] [16:51:24:847853] [Tid0x00001c24] [debug] <--[C129] DL_GetCount
[0000261] [16:51:24:847853] [Tid0x00001c24] [debug] -->[C130] DL_Rom_GetInfoAll #./api/api.cpp (line:2752)
[0000262] [16:51:24:847853] [Tid0x00001c24] [debug] <--[C130] DL_Rom_GetInfoAll
[0000263] [16:51:24:849854] [Tid0x00001c24] [debug] -->[C131] DL_Rom_SetEnableAttr #./api/api.cpp (line:2806)
[0000264] [16:51:24:849854] [Tid0x00001c24] [debug] <--[C131] DL_Rom_SetEnableAttr
[0000265] [16:51:24:851854] [Tid0x00001c24] [debug] -->[C132] DL_GetCount #./api/api.cpp (line:2587)
[0000266] [16:51:24:851854] [Tid0x00001c24] [debug] <--[C132] DL_GetCount
[0000267] [16:51:24:851854] [Tid0x00001c24] [debug] -->[C133] DL_Rom_GetInfoAll #./api/api.cpp (line:2752)
[0000268] [16:51:24:851854] [Tid0x00001c24] [debug] <--[C133] DL_Rom_GetInfoAll
[0000269] [16:51:24:853854] [Tid0x00001c24] [debug] -->[C134] DL_Rom_SetEnableAttr #./api/api.cpp (line:2806)
[0000270] [16:51:24:853854] [Tid0x00001c24] [debug] <--[C134] DL_Rom_SetEnableAttr
[0000271] [16:51:24:854854] [Tid0x00001c24] [debug] -->[C135] DL_GetCount #./api/api.cpp (line:2587)
[0000272] [16:51:24:854854] [Tid0x00001c24] [debug] <--[C135] DL_GetCount
[0000273] [16:51:24:854854] [Tid0x00001c24] [debug] -->[C136] DL_Rom_GetInfoAll #./api/api.cpp (line:2752)
[0000274] [16:51:24:855854] [Tid0x00001c24] [debug] <--[C136] DL_Rom_GetInfoAll
[0000275] [16:51:24:856854] [Tid0x00001c24] [debug] -->[C137] DL_Rom_SetEnableAttr #./api/api.cpp (line:2806)
[0000276] [16:51:24:857854] [Tid0x00001c24] [debug] <--[C137] DL_Rom_SetEnableAttr
[0000277] [16:51:24:857854] [Tid0x00001c24] [debug] -->[C138] DL_GetCount #./api/api.cpp (line:2587)
[0000278] [16:51:24:857854] [Tid0x00001c24] [debug] <--[C138] DL_GetCount
[0000279] [16:51:24:857854] [Tid0x00001c24] [debug] -->[C139] DL_Rom_GetInfoAll #./api/api.cpp (line:2752)
[0000280] [16:51:24:857854] [Tid0x00001c24] [debug] <--[C139] DL_Rom_GetInfoAll
[0000281] [16:51:24:859855] [Tid0x00001c24] [debug] -->[C140] DL_Rom_SetEnableAttr #./api/api.cpp (line:2806)
[0000282] [16:51:24:859855] [Tid0x00001c24] [debug] <--[C140] DL_Rom_SetEnableAttr
[0000283] [16:51:24:861855] [Tid0x00001c24] [debug] -->[C141] DL_GetCount #./api/api.cpp (line:2587)
[0000284] [16:51:24:861855] [Tid0x00001c24] [debug] <--[C141] DL_GetCount
[0000285] [16:51:24:861855] [Tid0x00001c24] [debug] -->[C142] DL_Rom_GetInfoAll #./api/api.cpp (line:2752)
[0000286] [16:51:24:861855] [Tid0x00001c24] [debug] <--[C142] DL_Rom_GetInfoAll
[0000287] [16:51:24:863855] [Tid0x00001c24] [debug] -->[C143] DL_Rom_SetEnableAttr #./api/api.cpp (line:2806)
[0000288] [16:51:24:863855] [Tid0x00001c24] [debug] <--[C143] DL_Rom_SetEnableAttr
[0000289] [16:51:24:864855] [Tid0x00001c24] [debug] -->[C144] DL_GetCount #./api/api.cpp (line:2587)
[0000290] [16:51:24:865855] [Tid0x00001c24] [debug] <--[C144] DL_GetCount
[0000291] [16:51:24:865855] [Tid0x00001c24] [debug] -->[C145] DL_Rom_GetInfoAll #./api/api.cpp (line:2752)
[0000292] [16:51:24:865855] [Tid0x00001c24] [debug] <--[C145] DL_Rom_GetInfoAll
[0000293] [16:51:24:867855] [Tid0x00001c24] [debug] -->[C146] DL_Rom_SetEnableAttr #./api/api.cpp (line:2806)
[0000294] [16:51:24:867855] [Tid0x00001c24] [debug] <--[C146] DL_Rom_SetEnableAttr
[0000295] [16:51:24:868855] [Tid0x00001c24] [debug] -->[C147] DL_GetCount #./api/api.cpp (line:2587)
[0000296] [16:51:24:868855] [Tid0x00001c24] [debug] <--[C147] DL_GetCount
[0000297] [16:51:24:868855] [Tid0x00001c24] [debug] -->[C148] DL_Rom_GetInfoAll #./api/api.cpp (line:2752)
[0000298] [16:51:24:868855] [Tid0x00001c24] [debug] <--[C148] DL_Rom_GetInfoAll
[0000299] [16:51:24:870856] [Tid0x00001c24] [debug] -->[C149] DL_Rom_SetEnableAttr #./api/api.cpp (line:2806)
[0000300] [16:51:24:870856] [Tid0x00001c24] [debug] <--[C149] DL_Rom_SetEnableAttr
[0000301] [16:51:24:871856] [Tid0x00001c24] [debug] -->[C150] DL_GetCount #./api/api.cpp (line:2587)
[0000302] [16:51:24:871856] [Tid0x00001c24] [debug] <--[C150] DL_GetCount
[0000303] [16:51:24:871856] [Tid0x00001c24] [debug] -->[C151] DL_Rom_GetInfoAll #./api/api.cpp (line:2752)
[0000304] [16:51:24:871856] [Tid0x00001c24] [debug] <--[C151] DL_Rom_GetInfoAll
[0000305] [16:51:24:873856] [Tid0x00001c24] [debug] -->[C152] DL_Rom_SetEnableAttr #./api/api.cpp (line:2806)
[0000306] [16:51:24:873856] [Tid0x00001c24] [debug] <--[C152] DL_Rom_SetEnableAttr
[0000307] [16:51:24:873856] [Tid0x00001c24] [debug] -->[C153] DL_GetCount #./api/api.cpp (line:2587)
[0000308] [16:51:24:874856] [Tid0x00001c24] [debug] <--[C153] DL_GetCount
[0000309] [16:51:24:874856] [Tid0x00001c24] [debug] -->[C154] DL_Rom_GetInfoAll #./api/api.cpp (line:2752)
[0000310] [16:51:24:874856] [Tid0x00001c24] [debug] <--[C154] DL_Rom_GetInfoAll
[0000311] [16:51:24:876856] [Tid0x00001c24] [debug] -->[C155] DL_Rom_SetEnableAttr #./api/api.cpp (line:2806)
[0000312] [16:51:24:876856] [Tid0x00001c24] [debug] <--[C155] DL_Rom_SetEnableAttr
[0000313] [16:51:24:877856] [Tid0x00001c24] [debug] -->[C156] DL_GetCount #./api/api.cpp (line:2587)
[0000314] [16:51:24:877856] [Tid0x00001c24] [debug] <--[C156] DL_GetCount
[0000315] [16:51:24:877856] [Tid0x00001c24] [debug] -->[C157] DL_Rom_GetInfoAll #./api/api.cpp (line:2752)
[0000316] [16:51:24:877856] [Tid0x00001c24] [debug] <--[C157] DL_Rom_GetInfoAll
[0000317] [16:51:24:879857] [Tid0x00001c24] [debug] -->[C158] DL_Rom_SetEnableAttr #./api/api.cpp (line:2806)
[0000318] [16:51:24:879857] [Tid0x00001c24] [debug] <--[C158] DL_Rom_SetEnableAttr
[0000319] [16:51:24:879857] [Tid0x00001c24] [debug] -->[C159] DL_GetCount #./api/api.cpp (line:2587)
[0000320] [16:51:24:879857] [Tid0x00001c24] [debug] <--[C159] DL_GetCount
[0000321] [16:51:24:879857] [Tid0x00001c24] [debug] -->[C160] DL_Rom_GetInfoAll #./api/api.cpp (line:2752)
[0000322] [16:51:24:880857] [Tid0x00001c24] [debug] <--[C160] DL_Rom_GetInfoAll
[0000323] [16:51:24:880857] [Tid0x00001c24] [debug] -->[C161] DL_Rom_SetEnableAttr #./api/api.cpp (line:2806)
[0000324] [16:51:24:880857] [Tid0x00001c24] [debug] <--[C161] DL_Rom_SetEnableAttr
[0000325] [16:51:24:881857] [Tid0x00001c24] [debug] -->[C162] DL_GetCount #./api/api.cpp (line:2587)
[0000326] [16:51:24:881857] [Tid0x00001c24] [debug] <--[C162] DL_GetCount
[0000327] [16:51:24:881857] [Tid0x00001c24] [debug] -->[C163] DL_Rom_GetInfoAll #./api/api.cpp (line:2752)
[0000328] [16:51:24:881857] [Tid0x00001c24] [debug] <--[C163] DL_Rom_GetInfoAll
[0000329] [16:51:24:882857] [Tid0x00001c24] [debug] -->[C164] DL_Rom_SetEnableAttr #./api/api.cpp (line:2806)
[0000330] [16:51:24:882857] [Tid0x00001c24] [debug] <--[C164] DL_Rom_SetEnableAttr
[0000331] [16:51:24:882857] [Tid0x00001c24] [debug] -->[C165] DL_GetCount #./api/api.cpp (line:2587)
[0000332] [16:51:24:882857] [Tid0x00001c24] [debug] <--[C165] DL_GetCount
[0000333] [16:51:24:882857] [Tid0x00001c24] [debug] -->[C166] DL_Rom_GetInfoAll #./api/api.cpp (line:2752)
[0000334] [16:51:24:883857] [Tid0x00001c24] [debug] <--[C166] DL_Rom_GetInfoAll
[0000335] [16:51:24:883857] [Tid0x00001c24] [debug] -->[C167] DL_Rom_SetEnableAttr #./api/api.cpp (line:2806)
[0000336] [16:51:24:883857] [Tid0x00001c24] [debug] <--[C167] DL_Rom_SetEnableAttr
[0000337] [16:51:24:883857] [Tid0x00001c24] [debug] -->[C168] DL_GetCount #./api/api.cpp (line:2587)
[0000338] [16:51:24:883857] [Tid0x00001c24] [debug] <--[C168] DL_GetCount
[0000339] [16:51:24:883857] [Tid0x00001c24] [debug] -->[C169] DL_Rom_GetInfoAll #./api/api.cpp (line:2752)
[0000340] [16:51:24:883857] [Tid0x00001c24] [debug] <--[C169] DL_Rom_GetInfoAll
[0000341] [16:51:24:884857] [Tid0x00001c24] [debug] -->[C170] DL_Rom_SetEnableAttr #./api/api.cpp (line:2806)
[0000342] [16:51:24:884857] [Tid0x00001c24] [debug] <--[C170] DL_Rom_SetEnableAttr
[0000343] [16:51:24:885857] [Tid0x00001c24] [debug] -->[C171] DL_GetCount #./api/api.cpp (line:2587)
[0000344] [16:51:24:885857] [Tid0x00001c24] [debug] <--[C171] DL_GetCount
[0000345] [16:51:24:885857] [Tid0x00001c24] [debug] -->[C172] DL_Rom_GetInfoAll #./api/api.cpp (line:2752)
[0000346] [16:51:24:885857] [Tid0x00001c24] [debug] <--[C172] DL_Rom_GetInfoAll
[0000347] [16:51:24:886857] [Tid0x00001c24] [debug] -->[C173] DL_Rom_SetEnableAttr #./api/api.cpp (line:2806)
[0000348] [16:51:24:886857] [Tid0x00001c24] [debug] <--[C173] DL_Rom_SetEnableAttr
[0000349] [16:51:24:886857] [Tid0x00001c24] [debug] -->[C174] DL_GetCount #./api/api.cpp (line:2587)
[0000350] [16:51:24:886857] [Tid0x00001c24] [debug] <--[C174] DL_GetCount
[0000351] [16:51:24:886857] [Tid0x00001c24] [debug] -->[C175] DL_Rom_GetInfoAll #./api/api.cpp (line:2752)
[0000352] [16:51:24:886857] [Tid0x00001c24] [debug] <--[C175] DL_Rom_GetInfoAll
[0000353] [16:51:24:887857] [Tid0x00001c24] [debug] -->[C176] DL_Rom_SetEnableAttr #./api/api.cpp (line:2806)
[0000354] [16:51:24:887857] [Tid0x00001c24] [debug] <--[C176] DL_Rom_SetEnableAttr
[0000355] [16:51:24:888857] [Tid0x00001c24] [debug] -->[C177] DL_GetCount #./api/api.cpp (line:2587)
[0000356] [16:51:24:888857] [Tid0x00001c24] [debug] <--[C177] DL_GetCount
[0000357] [16:51:24:888857] [Tid0x00001c24] [debug] -->[C178] DL_Rom_GetInfoAll #./api/api.cpp (line:2752)
[0000358] [16:51:24:888857] [Tid0x00001c24] [debug] <--[C178] DL_Rom_GetInfoAll
[0000359] [16:51:24:888857] [Tid0x00001c24] [debug] -->[C179] DL_Rom_SetEnableAttr #./api/api.cpp (line:2806)
[0000360] [16:51:24:888857] [Tid0x00001c24] [debug] <--[C179] DL_Rom_SetEnableAttr
[0000361] [16:51:24:889858] [Tid0x00001c24] [debug] -->[C180] DL_GetCount #./api/api.cpp (line:2587)
[0000362] [16:51:24:889858] [Tid0x00001c24] [debug] <--[C180] DL_GetCount
[0000363] [16:51:24:889858] [Tid0x00001c24] [debug] -->[C181] DL_Rom_GetInfoAll #./api/api.cpp (line:2752)
[0000364] [16:51:24:889858] [Tid0x00001c24] [debug] <--[C181] DL_Rom_GetInfoAll
[0000365] [16:51:24:890858] [Tid0x00001c24] [debug] -->[C182] DL_Rom_SetEnableAttr #./api/api.cpp (line:2806)
[0000366] [16:51:24:890858] [Tid0x00001c24] [debug] <--[C182] DL_Rom_SetEnableAttr
[0000367] [16:51:24:890858] [Tid0x00001c24] [debug] -->[C183] DL_GetCount #./api/api.cpp (line:2587)
[0000368] [16:51:24:890858] [Tid0x00001c24] [debug] <--[C183] DL_GetCount
[0000369] [16:51:24:890858] [Tid0x00001c24] [debug] -->[C184] DL_Rom_GetInfoAll #./api/api.cpp (line:2752)
[0000370] [16:51:24:890858] [Tid0x00001c24] [debug] <--[C184] DL_Rom_GetInfoAll
[0000371] [16:51:24:891858] [Tid0x00001c24] [debug] -->[C185] DL_Rom_SetEnableAttr #./api/api.cpp (line:2806)
[0000372] [16:51:24:891858] [Tid0x00001c24] [debug] <--[C185] DL_Rom_SetEnableAttr
[0000373] [16:51:24:891858] [Tid0x00001c24] [debug] -->[C186] DL_GetCount #./api/api.cpp (line:2587)
[0000374] [16:51:24:891858] [Tid0x00001c24] [debug] <--[C186] DL_GetCount
[0000375] [16:51:24:891858] [Tid0x00001c24] [debug] -->[C187] DL_Rom_GetInfoAll #./api/api.cpp (line:2752)
[0000376] [16:51:24:891858] [Tid0x00001c24] [debug] <--[C187] DL_Rom_GetInfoAll
[0000377] [16:51:24:892858] [Tid0x00001c24] [debug] -->[C188] DL_Rom_SetEnableAttr #./api/api.cpp (line:2806)
[0000378] [16:51:24:892858] [Tid0x00001c24] [debug] <--[C188] DL_Rom_SetEnableAttr
[0000379] [16:51:24:893858] [Tid0x00001c24] [debug] -->[C189] DL_GetCount #./api/api.cpp (line:2587)
[0000380] [16:51:24:893858] [Tid0x00001c24] [debug] <--[C189] DL_GetCount
[0000381] [16:51:24:893858] [Tid0x00001c24] [debug] -->[C190] DL_Rom_GetInfoAll #./api/api.cpp (line:2752)
[0000382] [16:51:24:893858] [Tid0x00001c24] [debug] <--[C190] DL_Rom_GetInfoAll
[0000383] [16:51:24:893858] [Tid0x00001c24] [debug] -->[C191] DL_Rom_SetEnableAttr #./api/api.cpp (line:2806)
[0000384] [16:51:24:894858] [Tid0x00001c24] [debug] <--[C191] DL_Rom_SetEnableAttr
[0000385] [16:51:24:894858] [Tid0x00001c24] [debug] -->[C192] DL_GetCount #./api/api.cpp (line:2587)
[0000386] [16:51:24:894858] [Tid0x00001c24] [debug] <--[C192] DL_GetCount
[0000387] [16:51:24:894858] [Tid0x00001c24] [debug] -->[C193] DL_Rom_GetInfoAll #./api/api.cpp (line:2752)
[0000388] [16:51:24:894858] [Tid0x00001c24] [debug] <--[C193] DL_Rom_GetInfoAll
[0000389] [16:51:24:895858] [Tid0x00001c24] [debug] -->[C194] DL_Rom_SetEnableAttr #./api/api.cpp (line:2806)
[0000390] [16:51:24:895858] [Tid0x00001c24] [debug] <--[C194] DL_Rom_SetEnableAttr
[0000391] [16:51:24:895858] [Tid0x00001c24] [debug] -->[C195] DL_GetCount #./api/api.cpp (line:2587)
[0000392] [16:51:24:895858] [Tid0x00001c24] [debug] <--[C195] DL_GetCount
[0000393] [16:51:24:895858] [Tid0x00001c24] [debug] -->[C196] DL_Rom_GetInfoAll #./api/api.cpp (line:2752)
[0000394] [16:51:24:895858] [Tid0x00001c24] [debug] <--[C196] DL_Rom_GetInfoAll
[0000395] [16:51:24:896858] [Tid0x00001c24] [debug] -->[C197] DL_Rom_SetEnableAttr #./api/api.cpp (line:2806)
[0000396] [16:51:24:896858] [Tid0x00001c24] [debug] <--[C197] DL_Rom_SetEnableAttr
[0000397] [16:51:24:896858] [Tid0x00001c24] [debug] -->[C198] DL_GetCount #./api/api.cpp (line:2587)
[0000398] [16:51:24:896858] [Tid0x00001c24] [debug] <--[C198] DL_GetCount
[0000399] [16:51:24:896858] [Tid0x00001c24] [debug] -->[C199] DL_Rom_GetInfoAll #./api/api.cpp (line:2752)
[0000400] [16:51:24:896858] [Tid0x00001c24] [debug] <--[C199] DL_Rom_GetInfoAll
[0000401] [16:51:24:897858] [Tid0x00001c24] [debug] -->[C200] DL_Rom_SetEnableAttr #./api/api.cpp (line:2806)
[0000402] [16:51:24:897858] [Tid0x00001c24] [debug] <--[C200] DL_Rom_SetEnableAttr
[0000403] [16:51:24:897858] [Tid0x00001c24] [debug] -->[C201] DL_GetCount #./api/api.cpp (line:2587)
[0000404] [16:51:24:897858] [Tid0x00001c24] [debug] <--[C201] DL_GetCount
[0000405] [16:51:24:897858] [Tid0x00001c24] [debug] -->[C202] DL_Rom_GetInfoAll #./api/api.cpp (line:2752)
[0000406] [16:51:24:897858] [Tid0x00001c24] [debug] <--[C202] DL_Rom_GetInfoAll
[0000407] [16:51:24:898858] [Tid0x00001c24] [debug] -->[C203] DL_Rom_SetEnableAttr #./api/api.cpp (line:2806)
[0000408] [16:51:24:898858] [Tid0x00001c24] [debug] <--[C203] DL_Rom_SetEnableAttr
[0000409] [16:51:24:899859] [Tid0x00001c24] [debug] -->[C204] DL_GetCount #./api/api.cpp (line:2587)
[0000410] [16:51:24:899859] [Tid0x00001c24] [debug] <--[C204] DL_GetCount
[0000411] [16:51:24:899859] [Tid0x00001c24] [debug] -->[C205] DL_Rom_GetInfoAll #./api/api.cpp (line:2752)
[0000412] [16:51:24:899859] [Tid0x00001c24] [debug] <--[C205] DL_Rom_GetInfoAll
[0000413] [16:51:24:900859] [Tid0x00001c24] [debug] -->[C206] DL_Rom_SetEnableAttr #./api/api.cpp (line:2806)
[0000414] [16:51:24:900859] [Tid0x00001c24] [debug] <--[C206] DL_Rom_SetEnableAttr
[0000415] [16:51:24:900859] [Tid0x00001c24] [debug] -->[C207] DL_GetCount #./api/api.cpp (line:2587)
[0000416] [16:51:24:900859] [Tid0x00001c24] [debug] <--[C207] DL_GetCount
[0000417] [16:51:24:900859] [Tid0x00001c24] [debug] -->[C208] DL_Rom_GetInfoAll #./api/api.cpp (line:2752)
[0000418] [16:51:24:900859] [Tid0x00001c24] [debug] <--[C208] DL_Rom_GetInfoAll
[0000419] [16:51:24:901859] [Tid0x00001c24] [debug] -->[C209] DL_Rom_SetEnableAttr #./api/api.cpp (line:2806)
[0000420] [16:51:24:901859] [Tid0x00001c24] [debug] <--[C209] DL_Rom_SetEnableAttr
[0000421] [16:51:24:901859] [Tid0x00001c24] [debug] -->[C210] DL_GetCount #./api/api.cpp (line:2587)
[0000422] [16:51:24:901859] [Tid0x00001c24] [debug] <--[C210] DL_GetCount
[0000423] [16:51:24:901859] [Tid0x00001c24] [debug] -->[C211] DL_Rom_GetInfoAll #./api/api.cpp (line:2752)
[0000424] [16:51:24:901859] [Tid0x00001c24] [debug] <--[C211] DL_Rom_GetInfoAll
[0000425] [16:51:24:902859] [Tid0x00001c24] [debug] -->[C212] DL_Rom_SetEnableAttr #./api/api.cpp (line:2806)
[0000426] [16:51:24:902859] [Tid0x00001c24] [debug] <--[C212] DL_Rom_SetEnableAttr
[0000427] [16:51:24:902859] [Tid0x00001c24] [debug] -->[C213] DL_GetCount #./api/api.cpp (line:2587)
[0000428] [16:51:24:902859] [Tid0x00001c24] [debug] <--[C213] DL_GetCount
[0000429] [16:51:24:902859] [Tid0x00001c24] [debug] -->[C214] DL_Rom_GetInfoAll #./api/api.cpp (line:2752)
[0000430] [16:51:24:902859] [Tid0x00001c24] [debug] <--[C214] DL_Rom_GetInfoAll
[0000431] [16:51:24:903859] [Tid0x00001c24] [debug] -->[C215] DL_Rom_SetEnableAttr #./api/api.cpp (line:2806)
[0000432] [16:51:24:903859] [Tid0x00001c24] [debug] <--[C215] DL_Rom_SetEnableAttr
[0000433] [16:51:24:903859] [Tid0x00001c24] [debug] -->[C216] DL_GetCount #./api/api.cpp (line:2587)
[0000434] [16:51:24:903859] [Tid0x00001c24] [debug] <--[C216] DL_GetCount
[0000435] [16:51:24:904859] [Tid0x00001c24] [debug] -->[C217] DL_Rom_GetInfoAll #./api/api.cpp (line:2752)
[0000436] [16:51:24:904859] [Tid0x00001c24] [debug] <--[C217] DL_Rom_GetInfoAll
[0000437] [16:51:24:904859] [Tid0x00001c24] [debug] -->[C218] DL_Rom_SetEnableAttr #./api/api.cpp (line:2806)
[0000438] [16:51:24:904859] [Tid0x00001c24] [debug] <--[C218] DL_Rom_SetEnableAttr
[0000439] [16:51:24:905859] [Tid0x00001c24] [debug] -->[C219] DL_GetCount #./api/api.cpp (line:2587)
[0000440] [16:51:24:905859] [Tid0x00001c24] [debug] <--[C219] DL_GetCount
[0000441] [16:51:24:905859] [Tid0x00001c24] [debug] -->[C220] DL_Rom_GetInfoAll #./api/api.cpp (line:2752)
[0000442] [16:51:24:905859] [Tid0x00001c24] [debug] <--[C220] DL_Rom_GetInfoAll
[0000443] [16:51:24:906859] [Tid0x00001c24] [debug] -->[C221] DL_Rom_SetEnableAttr #./api/api.cpp (line:2806)
[0000444] [16:51:24:906859] [Tid0x00001c24] [debug] <--[C221] DL_Rom_SetEnableAttr
[0000445] [16:51:24:906859] [Tid0x00001c24] [debug] -->[C222] DL_GetCount #./api/api.cpp (line:2587)
[0000446] [16:51:24:906859] [Tid0x00001c24] [debug] <--[C222] DL_GetCount
[0000447] [16:51:24:906859] [Tid0x00001c24] [debug] -->[C223] DL_Rom_GetInfoAll #./api/api.cpp (line:2752)
[0000448] [16:51:24:906859] [Tid0x00001c24] [debug] <--[C223] DL_Rom_GetInfoAll
[0000449] [16:51:24:907859] [Tid0x00001c24] [debug] -->[C224] DL_Rom_SetEnableAttr #./api/api.cpp (line:2806)
[0000450] [16:51:24:907859] [Tid0x00001c24] [debug] <--[C224] DL_Rom_SetEnableAttr
[0000451] [16:51:24:908859] [Tid0x00001c24] [debug] -->[C225] DL_GetCount #./api/api.cpp (line:2587)
[0000452] [16:51:24:908859] [Tid0x00001c24] [debug] <--[C225] DL_GetCount
[0000453] [16:51:24:908859] [Tid0x00001c24] [debug] -->[C226] DL_Rom_GetInfoAll #./api/api.cpp (line:2752)
[0000454] [16:51:24:908859] [Tid0x00001c24] [debug] <--[C226] DL_Rom_GetInfoAll
[0000455] [16:51:24:908859] [Tid0x00001c24] [debug] -->[C227] DL_Rom_SetEnableAttr #./api/api.cpp (line:2806)
[0000456] [16:51:24:908859] [Tid0x00001c24] [debug] <--[C227] DL_Rom_SetEnableAttr
[0000457] [16:51:24:908859] [Tid0x00001c24] [debug] -->[C228] DL_GetCount #./api/api.cpp (line:2587)
[0000458] [16:51:24:908859] [Tid0x00001c24] [debug] <--[C228] DL_GetCount
[0000459] [16:51:24:908859] [Tid0x00001c24] [debug] -->[C229] DL_Rom_GetInfoAll #./api/api.cpp (line:2752)
[0000460] [16:51:24:909860] [Tid0x00001c24] [debug] <--[C229] DL_Rom_GetInfoAll
[0000461] [16:51:24:909860] [Tid0x00001c24] [debug] -->[C230] DL_Rom_SetEnableAttr #./api/api.cpp (line:2806)
[0000462] [16:51:24:909860] [Tid0x00001c24] [debug] <--[C230] DL_Rom_SetEnableAttr
[0000463] [16:51:24:910860] [Tid0x00001c24] [debug] -->[C231] DL_GetCount #./api/api.cpp (line:2587)
[0000464] [16:51:24:910860] [Tid0x00001c24] [debug] <--[C231] DL_GetCount
[0000465] [16:51:24:910860] [Tid0x00001c24] [debug] -->[C232] DL_Rom_GetInfoAll #./api/api.cpp (line:2752)
[0000466] [16:51:24:910860] [Tid0x00001c24] [debug] <--[C232] DL_Rom_GetInfoAll
[0000467] [16:51:24:911860] [Tid0x00001c24] [debug] -->[C233] DL_Rom_SetEnableAttr #./api/api.cpp (line:2806)
[0000468] [16:51:24:911860] [Tid0x00001c24] [debug] <--[C233] DL_Rom_SetEnableAttr
[0000469] [16:51:24:911860] [Tid0x00001c24] [debug] -->[C234] DL_GetCount #./api/api.cpp (line:2587)
[0000470] [16:51:24:911860] [Tid0x00001c24] [debug] <--[C234] DL_GetCount
[0000471] [16:51:24:911860] [Tid0x00001c24] [debug] -->[C235] DL_Rom_GetInfoAll #./api/api.cpp (line:2752)
[0000472] [16:51:24:912860] [Tid0x00001c24] [debug] <--[C235] DL_Rom_GetInfoAll
[0000473] [16:51:24:912860] [Tid0x00001c24] [debug] -->[C236] DL_Rom_SetEnableAttr #./api/api.cpp (line:2806)
[0000474] [16:51:24:912860] [Tid0x00001c24] [debug] <--[C236] DL_Rom_SetEnableAttr
[0000475] [16:51:24:913860] [Tid0x00001c24] [debug] -->[C237] DL_GetCount #./api/api.cpp (line:2587)
[0000476] [16:51:24:913860] [Tid0x00001c24] [debug] <--[C237] DL_GetCount
[0000477] [16:51:24:913860] [Tid0x00001c24] [debug] -->[C238] DL_Rom_GetInfoAll #./api/api.cpp (line:2752)
[0000478] [16:51:24:913860] [Tid0x00001c24] [debug] <--[C238] DL_Rom_GetInfoAll
[0000479] [16:51:24:914860] [Tid0x00001c24] [debug] -->[C239] DL_Rom_SetEnableAttr #./api/api.cpp (line:2806)
[0000480] [16:51:24:914860] [Tid0x00001c24] [debug] <--[C239] DL_Rom_SetEnableAttr
[0000481] [16:51:24:914860] [Tid0x00001c24] [debug] -->[C240] DL_GetCount #./api/api.cpp (line:2587)
[0000482] [16:51:24:914860] [Tid0x00001c24] [debug] <--[C240] DL_GetCount
[0000483] [16:51:24:914860] [Tid0x00001c24] [debug] -->[C241] DL_Rom_GetInfoAll #./api/api.cpp (line:2752)
[0000484] [16:51:24:914860] [Tid0x00001c24] [debug] <--[C241] DL_Rom_GetInfoAll
[0000485] [16:51:24:915860] [Tid0x00001c24] [debug] -->[C242] DL_Rom_SetEnableAttr #./api/api.cpp (line:2806)
[0000486] [16:51:24:915860] [Tid0x00001c24] [debug] <--[C242] DL_Rom_SetEnableAttr
[0000487] [16:51:24:915860] [Tid0x00001c24] [debug] -->[C243] DL_GetCount #./api/api.cpp (line:2587)
[0000488] [16:51:24:915860] [Tid0x00001c24] [debug] <--[C243] DL_GetCount
[0000489] [16:51:24:915860] [Tid0x00001c24] [debug] -->[C244] DL_Rom_GetInfoAll #./api/api.cpp (line:2752)
[0000490] [16:51:24:915860] [Tid0x00001c24] [debug] <--[C244] DL_Rom_GetInfoAll
[0000491] [16:51:24:916860] [Tid0x00001c24] [debug] -->[C245] DL_Rom_SetEnableAttr #./api/api.cpp (line:2806)
[0000492] [16:51:24:916860] [Tid0x00001c24] [debug] <--[C245] DL_Rom_SetEnableAttr
[0000493] [16:51:24:916860] [Tid0x00001c24] [debug] -->[C246] DL_GetCount #./api/api.cpp (line:2587)
[0000494] [16:51:24:916860] [Tid0x00001c24] [debug] <--[C246] DL_GetCount
[0000495] [16:51:24:916860] [Tid0x00001c24] [debug] -->[C247] DL_Rom_GetInfoAll #./api/api.cpp (line:2752)
[0000496] [16:51:24:916860] [Tid0x00001c24] [debug] <--[C247] DL_Rom_GetInfoAll
[0000497] [16:51:24:917860] [Tid0x00001c24] [debug] -->[C248] DL_Rom_SetEnableAttr #./api/api.cpp (line:2806)
[0000498] [16:51:24:917860] [Tid0x00001c24] [debug] <--[C248] DL_Rom_SetEnableAttr
[0000499] [16:51:24:918860] [Tid0x00001c24] [debug] -->[C249] DL_GetCount #./api/api.cpp (line:2587)
[0000500] [16:51:24:918860] [Tid0x00001c24] [debug] <--[C249] DL_GetCount
[0000501] [16:51:24:918860] [Tid0x00001c24] [debug] -->[C250] DL_Rom_GetInfoAll #./api/api.cpp (line:2752)
[0000502] [16:51:24:918860] [Tid0x00001c24] [debug] <--[C250] DL_Rom_GetInfoAll
[0000503] [16:51:24:918860] [Tid0x00001c24] [debug] -->[C251] DL_Rom_SetEnableAttr #./api/api.cpp (line:2806)
[0000504] [16:51:24:918860] [Tid0x00001c24] [debug] <--[C251] DL_Rom_SetEnableAttr
[0000505] [16:51:24:919861] [Tid0x00001c24] [debug] -->[C252] DL_GetCount #./api/api.cpp (line:2587)
[0000506] [16:51:24:919861] [Tid0x00001c24] [debug] <--[C252] DL_GetCount
[0000507] [16:51:24:919861] [Tid0x00001c24] [debug] -->[C253] DL_Rom_GetInfoAll #./api/api.cpp (line:2752)
[0000508] [16:51:24:919861] [Tid0x00001c24] [debug] <--[C253] DL_Rom_GetInfoAll
[0000509] [16:51:24:920861] [Tid0x00001c24] [debug] -->[C254] DL_Rom_SetEnableAttr #./api/api.cpp (line:2806)
[0000510] [16:51:24:920861] [Tid0x00001c24] [debug] <--[C254] DL_Rom_SetEnableAttr
[0000511] [16:51:24:920861] [Tid0x00001c24] [debug] -->[C255] DL_GetCount #./api/api.cpp (line:2587)
[0000512] [16:51:24:920861] [Tid0x00001c24] [debug] <--[C255] DL_GetCount
[0000513] [16:51:24:920861] [Tid0x00001c24] [debug] -->[C256] DL_Rom_GetInfoAll #./api/api.cpp (line:2752)
[0000514] [16:51:24:920861] [Tid0x00001c24] [debug] <--[C256] DL_Rom_GetInfoAll
[0000515] [16:51:24:921861] [Tid0x00001c24] [debug] -->[C257] DL_Rom_SetEnableAttr #./api/api.cpp (line:2806)
[0000516] [16:51:24:921861] [Tid0x00001c24] [debug] <--[C257] DL_Rom_SetEnableAttr
[0000517] [16:51:24:922861] [Tid0x00001c24] [debug] -->[C258] DL_GetCount #./api/api.cpp (line:2587)
[0000518] [16:51:24:922861] [Tid0x00001c24] [debug] <--[C258] DL_GetCount
[0000519] [16:51:24:922861] [Tid0x00001c24] [debug] -->[C259] DL_Rom_GetInfoAll #./api/api.cpp (line:2752)
[0000520] [16:51:24:922861] [Tid0x00001c24] [debug] <--[C259] DL_Rom_GetInfoAll
[0000521] [16:51:24:922861] [Tid0x00001c24] [debug] -->[C260] DL_Rom_SetEnableAttr #./api/api.cpp (line:2806)
[0000522] [16:51:24:922861] [Tid0x00001c24] [debug] <--[C260] DL_Rom_SetEnableAttr
[0000523] [16:51:24:923861] [Tid0x00001c24] [debug] -->[C261] DL_GetCount #./api/api.cpp (line:2587)
[0000524] [16:51:24:923861] [Tid0x00001c24] [debug] <--[C261] DL_GetCount
[0000525] [16:51:24:923861] [Tid0x00001c24] [debug] -->[C262] DL_Rom_GetInfoAll #./api/api.cpp (line:2752)
[0000526] [16:51:24:923861] [Tid0x00001c24] [debug] <--[C262] DL_Rom_GetInfoAll
[0000527] [16:51:24:924861] [Tid0x00001c24] [debug] -->[C263] DL_Rom_SetEnableAttr #./api/api.cpp (line:2806)
[0000528] [16:51:24:924861] [Tid0x00001c24] [debug] <--[C263] DL_Rom_SetEnableAttr
[0000529] [16:51:24:924861] [Tid0x00001c24] [debug] -->[C264] DL_GetCount #./api/api.cpp (line:2587)
[0000530] [16:51:24:924861] [Tid0x00001c24] [debug] <--[C264] DL_GetCount
[0000531] [16:51:24:924861] [Tid0x00001c24] [debug] -->[C265] DL_Rom_GetInfoAll #./api/api.cpp (line:2752)
[0000532] [16:51:24:924861] [Tid0x00001c24] [debug] <--[C265] DL_Rom_GetInfoAll
[0000533] [16:51:24:925861] [Tid0x00001c24] [debug] -->[C266] DL_Rom_SetEnableAttr #./api/api.cpp (line:2806)
[0000534] [16:51:24:925861] [Tid0x00001c24] [debug] <--[C266] DL_Rom_SetEnableAttr
[0000535] [16:51:24:925861] [Tid0x00001c24] [debug] -->[C267] DL_GetCount #./api/api.cpp (line:2587)
[0000536] [16:51:24:925861] [Tid0x00001c24] [debug] <--[C267] DL_GetCount
[0000537] [16:51:24:925861] [Tid0x00001c24] [debug] -->[C268] DL_Rom_GetInfoAll #./api/api.cpp (line:2752)
[0000538] [16:51:24:925861] [Tid0x00001c24] [debug] <--[C268] DL_Rom_GetInfoAll
[0000539] [16:51:24:926861] [Tid0x00001c24] [debug] -->[C269] DL_Rom_SetEnableAttr #./api/api.cpp (line:2806)
[0000540] [16:51:24:926861] [Tid0x00001c24] [debug] <--[C269] DL_Rom_SetEnableAttr
[0000541] [16:51:24:926861] [Tid0x00001c24] [debug] -->[C270] DL_GetCount #./api/api.cpp (line:2587)
[0000542] [16:51:24:926861] [Tid0x00001c24] [debug] <--[C270] DL_GetCount
[0000543] [16:51:24:926861] [Tid0x00001c24] [debug] -->[C271] DL_Rom_GetInfoAll #./api/api.cpp (line:2752)
[0000544] [16:51:24:926861] [Tid0x00001c24] [debug] <--[C271] DL_Rom_GetInfoAll
[0000545] [16:51:24:927861] [Tid0x00001c24] [debug] -->[C272] DL_Rom_SetEnableAttr #./api/api.cpp (line:2806)
[0000546] [16:51:24:927861] [Tid0x00001c24] [debug] <--[C272] DL_Rom_SetEnableAttr
[0000547] [16:51:24:928861] [Tid0x00001c24] [debug] -->[C273] DL_GetCount #./api/api.cpp (line:2587)
[0000548] [16:51:24:928861] [Tid0x00001c24] [debug] <--[C273] DL_GetCount
[0000549] [16:51:24:928861] [Tid0x00001c24] [debug] -->[C274] DL_Rom_GetInfoAll #./api/api.cpp (line:2752)
[0000550] [16:51:24:928861] [Tid0x00001c24] [debug] <--[C274] DL_Rom_GetInfoAll
[0000551] [16:51:24:928861] [Tid0x00001c24] [debug] -->[C275] DL_Rom_SetEnableAttr #./api/api.cpp (line:2806)
[0000552] [16:51:24:928861] [Tid0x00001c24] [debug] <--[C275] DL_Rom_SetEnableAttr
[0000553] [16:51:24:929862] [Tid0x00001c24] [debug] -->[C276] DL_GetCount #./api/api.cpp (line:2587)
[0000554] [16:51:24:929862] [Tid0x00001c24] [debug] <--[C276] DL_GetCount
[0000555] [16:51:24:929862] [Tid0x00001c24] [debug] -->[C277] DL_Rom_GetInfoAll #./api/api.cpp (line:2752)
[0000556] [16:51:24:929862] [Tid0x00001c24] [debug] <--[C277] DL_Rom_GetInfoAll
[0000557] [16:51:24:930862] [Tid0x00001c24] [debug] -->[C278] DL_Rom_SetEnableAttr #./api/api.cpp (line:2806)
[0000558] [16:51:24:930862] [Tid0x00001c24] [debug] <--[C278] DL_Rom_SetEnableAttr
[0000559] [16:51:24:930862] [Tid0x00001c24] [debug] -->[C279] DL_GetCount #./api/api.cpp (line:2587)
[0000560] [16:51:24:930862] [Tid0x00001c24] [debug] <--[C279] DL_GetCount
[0000561] [16:51:24:930862] [Tid0x00001c24] [debug] -->[C280] DL_Rom_GetInfoAll #./api/api.cpp (line:2752)
[0000562] [16:51:24:930862] [Tid0x00001c24] [debug] <--[C280] DL_Rom_GetInfoAll
[0000563] [16:51:24:930862] [Tid0x00001c24] [debug] -->[C281] DL_Rom_SetEnableAttr #./api/api.cpp (line:2806)
[0000564] [16:51:24:930862] [Tid0x00001c24] [debug] <--[C281] DL_Rom_SetEnableAttr
[0000565] [16:51:24:931862] [Tid0x00001c24] [debug] -->[C282] DL_GetCount #./api/api.cpp (line:2587)
[0000566] [16:51:24:931862] [Tid0x00001c24] [debug] <--[C282] DL_GetCount
[0000567] [16:51:24:931862] [Tid0x00001c24] [debug] -->[C283] DL_Rom_GetInfoAll #./api/api.cpp (line:2752)
[0000568] [16:51:24:931862] [Tid0x00001c24] [debug] <--[C283] DL_Rom_GetInfoAll
[0000569] [16:51:24:932862] [Tid0x00001c24] [debug] -->[C284] DL_Rom_SetEnableAttr #./api/api.cpp (line:2806)
[0000570] [16:51:24:932862] [Tid0x00001c24] [debug] <--[C284] DL_Rom_SetEnableAttr
[0000571] [16:51:24:932862] [Tid0x00001c24] [debug] -->[C285] DL_GetCount #./api/api.cpp (line:2587)
[0000572] [16:51:24:932862] [Tid0x00001c24] [debug] <--[C285] DL_GetCount
[0000573] [16:51:24:932862] [Tid0x00001c24] [debug] -->[C286] DL_Rom_GetInfoAll #./api/api.cpp (line:2752)
[0000574] [16:51:24:932862] [Tid0x00001c24] [debug] <--[C286] DL_Rom_GetInfoAll
[0000575] [16:51:24:933862] [Tid0x00001c24] [debug] -->[C287] DL_Rom_SetEnableAttr #./api/api.cpp (line:2806)
[0000576] [16:51:24:933862] [Tid0x00001c24] [debug] <--[C287] DL_Rom_SetEnableAttr
[0000577] [16:51:24:934862] [Tid0x00001c24] [debug] -->[C288] DL_GetCount #./api/api.cpp (line:2587)
[0000578] [16:51:24:934862] [Tid0x00001c24] [debug] <--[C288] DL_GetCount
[0000579] [16:51:24:934862] [Tid0x00001c24] [debug] -->[C289] DL_Rom_GetInfoAll #./api/api.cpp (line:2752)
[0000580] [16:51:24:934862] [Tid0x00001c24] [debug] <--[C289] DL_Rom_GetInfoAll
[0000581] [16:51:24:934862] [Tid0x00001c24] [debug] -->[C290] DL_Rom_SetEnableAttr #./api/api.cpp (line:2806)
[0000582] [16:51:24:934862] [Tid0x00001c24] [debug] <--[C290] DL_Rom_SetEnableAttr
[0000583] [16:51:24:935862] [Tid0x00001c24] [debug] -->[C291] DL_GetCount #./api/api.cpp (line:2587)
[0000584] [16:51:24:935862] [Tid0x00001c24] [debug] <--[C291] DL_GetCount
[0000585] [16:51:24:935862] [Tid0x00001c24] [debug] -->[C292] DL_Rom_GetInfoAll #./api/api.cpp (line:2752)
[0000586] [16:51:24:935862] [Tid0x00001c24] [debug] <--[C292] DL_Rom_GetInfoAll
[0000587] [16:51:24:936862] [Tid0x00001c24] [debug] -->[C293] DL_Rom_SetEnableAttr #./api/api.cpp (line:2806)
[0000588] [16:51:24:936862] [Tid0x00001c24] [debug] <--[C293] DL_Rom_SetEnableAttr
[0000589] [16:51:24:936862] [Tid0x00001c24] [debug] -->[C294] DL_GetCount #./api/api.cpp (line:2587)
[0000590] [16:51:24:936862] [Tid0x00001c24] [debug] <--[C294] DL_GetCount
[0000591] [16:51:24:936862] [Tid0x00001c24] [debug] -->[C295] DL_Rom_GetInfoAll #./api/api.cpp (line:2752)
[0000592] [16:51:24:936862] [Tid0x00001c24] [debug] <--[C295] DL_Rom_GetInfoAll
[0000593] [16:51:24:937862] [Tid0x00001c24] [debug] -->[C296] DL_Rom_SetEnableAttr #./api/api.cpp (line:2806)
[0000594] [16:51:24:937862] [Tid0x00001c24] [debug] <--[C296] DL_Rom_SetEnableAttr
[0000595] [16:51:24:937862] [Tid0x00001c24] [debug] -->[C297] DL_GetCount #./api/api.cpp (line:2587)
[0000596] [16:51:24:937862] [Tid0x00001c24] [debug] <--[C297] DL_GetCount
[0000597] [16:51:24:937862] [Tid0x00001c24] [debug] -->[C298] DL_Rom_GetInfoAll #./api/api.cpp (line:2752)
[0000598] [16:51:24:938862] [Tid0x00001c24] [debug] <--[C298] DL_Rom_GetInfoAll
[0000599] [16:51:24:938862] [Tid0x00001c24] [debug] -->[C299] DL_Rom_SetEnableAttr #./api/api.cpp (line:2806)
[0000600] [16:51:24:938862] [Tid0x00001c24] [debug] <--[C299] DL_Rom_SetEnableAttr
[0000601] [16:51:24:938862] [Tid0x00001c24] [debug] -->[C300] DL_GetCount #./api/api.cpp (line:2587)
[0000602] [16:51:24:938862] [Tid0x00001c24] [debug] <--[C300] DL_GetCount
[0000603] [16:51:24:938862] [Tid0x00001c24] [debug] -->[C301] DL_Rom_GetInfoAll #./api/api.cpp (line:2752)
[0000604] [16:51:24:938862] [Tid0x00001c24] [debug] <--[C301] DL_Rom_GetInfoAll
[0000605] [16:51:24:939863] [Tid0x00001c24] [debug] -->[C302] DL_Rom_SetEnableAttr #./api/api.cpp (line:2806)
[0000606] [16:51:24:939863] [Tid0x00001c24] [debug] <--[C302] DL_Rom_SetEnableAttr
[0000607] [16:51:24:940863] [Tid0x00001c24] [debug] -->[C303] DL_GetCount #./api/api.cpp (line:2587)
[0000608] [16:51:24:940863] [Tid0x00001c24] [debug] <--[C303] DL_GetCount
[0000609] [16:51:24:940863] [Tid0x00001c24] [debug] -->[C304] DL_Rom_GetInfoAll #./api/api.cpp (line:2752)
[0000610] [16:51:24:940863] [Tid0x00001c24] [debug] <--[C304] DL_Rom_GetInfoAll
[0000611] [16:51:24:940863] [Tid0x00001c24] [debug] -->[C305] DL_Rom_SetEnableAttr #./api/api.cpp (line:2806)
[0000612] [16:51:24:940863] [Tid0x00001c24] [debug] <--[C305] DL_Rom_SetEnableAttr
[0000613] [16:51:24:941863] [Tid0x00001c24] [debug] -->[C306] DL_GetCount #./api/api.cpp (line:2587)
[0000614] [16:51:24:941863] [Tid0x00001c24] [debug] <--[C306] DL_GetCount
[0000615] [16:51:24:941863] [Tid0x00001c24] [debug] -->[C307] DL_Rom_GetInfoAll #./api/api.cpp (line:2752)
[0000616] [16:51:24:941863] [Tid0x00001c24] [debug] <--[C307] DL_Rom_GetInfoAll
[0000617] [16:51:24:942863] [Tid0x00001c24] [debug] -->[C308] DL_Rom_SetEnableAttr #./api/api.cpp (line:2806)
[0000618] [16:51:24:942863] [Tid0x00001c24] [debug] <--[C308] DL_Rom_SetEnableAttr
[0000619] [16:51:24:942863] [Tid0x00001c24] [debug] -->[C309] DL_GetCount #./api/api.cpp (line:2587)
[0000620] [16:51:24:942863] [Tid0x00001c24] [debug] <--[C309] DL_GetCount
[0000621] [16:51:24:942863] [Tid0x00001c24] [debug] -->[C310] DL_Rom_GetInfoAll #./api/api.cpp (line:2752)
[0000622] [16:51:24:942863] [Tid0x00001c24] [debug] <--[C310] DL_Rom_GetInfoAll
[0000623] [16:51:24:943863] [Tid0x00001c24] [debug] -->[C311] DL_Rom_SetEnableAttr #./api/api.cpp (line:2806)
[0000624] [16:51:24:943863] [Tid0x00001c24] [debug] <--[C311] DL_Rom_SetEnableAttr
[0000625] [16:51:24:944863] [Tid0x00001c24] [debug] -->[C312] DL_GetCount #./api/api.cpp (line:2587)
[0000626] [16:51:24:944863] [Tid0x00001c24] [debug] <--[C312] DL_GetCount
[0000627] [16:51:24:944863] [Tid0x00001c24] [debug] -->[C313] DL_Rom_GetInfoAll #./api/api.cpp (line:2752)
[0000628] [16:51:24:944863] [Tid0x00001c24] [debug] <--[C313] DL_Rom_GetInfoAll
[0000629] [16:51:24:944863] [Tid0x00001c24] [debug] -->[C314] DL_Rom_SetEnableAttr #./api/api.cpp (line:2806)
[0000630] [16:51:24:944863] [Tid0x00001c24] [debug] <--[C314] DL_Rom_SetEnableAttr
[0000631] [16:51:24:945863] [Tid0x00001c24] [debug] -->[C315] DL_GetCount #./api/api.cpp (line:2587)
[0000632] [16:51:24:945863] [Tid0x00001c24] [debug] <--[C315] DL_GetCount
[0000633] [16:51:24:945863] [Tid0x00001c24] [debug] -->[C316] DL_Rom_GetInfoAll #./api/api.cpp (line:2752)
[0000634] [16:51:24:945863] [Tid0x00001c24] [debug] <--[C316] DL_Rom_GetInfoAll
[0000635] [16:51:24:946863] [Tid0x00001c24] [debug] -->[C317] DL_Rom_SetEnableAttr #./api/api.cpp (line:2806)
[0000636] [16:51:24:946863] [Tid0x00001c24] [debug] <--[C317] DL_Rom_SetEnableAttr
[0000637] [16:51:24:946863] [Tid0x00001c24] [debug] -->[C318] DL_GetCount #./api/api.cpp (line:2587)
[0000638] [16:51:24:946863] [Tid0x00001c24] [debug] <--[C318] DL_GetCount
[0000639] [16:51:24:946863] [Tid0x00001c24] [debug] -->[C319] DL_Rom_GetInfoAll #./api/api.cpp (line:2752)
[0000640] [16:51:24:946863] [Tid0x00001c24] [debug] <--[C319] DL_Rom_GetInfoAll
[0000641] [16:51:24:947863] [Tid0x00001c24] [debug] -->[C320] DL_Rom_SetEnableAttr #./api/api.cpp (line:2806)
[0000642] [16:51:24:947863] [Tid0x00001c24] [debug] <--[C320] DL_Rom_SetEnableAttr
[0000643] [16:51:24:947863] [Tid0x00001c24] [debug] -->[C321] DL_GetCount #./api/api.cpp (line:2587)
[0000644] [16:51:24:947863] [Tid0x00001c24] [debug] <--[C321] DL_GetCount
[0000645] [16:51:24:947863] [Tid0x00001c24] [debug] -->[C322] DL_Rom_GetInfoAll #./api/api.cpp (line:2752)
[0000646] [16:51:24:947863] [Tid0x00001c24] [debug] <--[C322] DL_Rom_GetInfoAll
[0000647] [16:51:24:948863] [Tid0x00001c24] [debug] -->[C323] DL_Rom_SetEnableAttr #./api/api.cpp (line:2806)
[0000648] [16:51:24:948863] [Tid0x00001c24] [debug] <--[C323] DL_Rom_SetEnableAttr
[0000649] [16:51:24:950864] [Tid0x00001c24] [debug] -->[C324] DL_GetCount #./api/api.cpp (line:2587)
[0000650] [16:51:24:950864] [Tid0x00001c24] [debug] <--[C324] DL_GetCount
[0000651] [16:51:24:950864] [Tid0x00001c24] [debug] -->[C325] DL_Rom_GetInfoAll #./api/api.cpp (line:2752)
[0000652] [16:51:24:950864] [Tid0x00001c24] [debug] <--[C325] DL_Rom_GetInfoAll
[0000653] [16:51:24:951864] [Tid0x00001c24] [debug] -->[C326] DL_Rom_SetEnableAttr #./api/api.cpp (line:2806)
[0000654] [16:51:24:951864] [Tid0x00001c24] [debug] <--[C326] DL_Rom_SetEnableAttr
[0000655] [16:51:24:951864] [Tid0x00001c24] [debug] -->[C327] DL_SetChecksumLevel #./api/api.cpp (line:2516)
[0000656] [16:51:24:951864] [Tid0x00001c24] [debug] <--[C327] DL_SetChecksumLevel
[0000657] [16:51:27:326101] [Tid0x00001c24] [debug] -->[C328] DL_GetCount #./api/api.cpp (line:2587)
[0000658] [16:51:27:326101] [Tid0x00001c24] [debug] <--[C328] DL_GetCount
[0000659] [16:51:27:326101] [Tid0x00001c24] [debug] -->[C329] DL_Rom_GetInfoAll #./api/api.cpp (line:2752)
[0000660] [16:51:27:326101] [Tid0x00001c24] [debug] <--[C329] DL_Rom_GetInfoAll
[0000661] [16:51:27:328101] [Tid0x00001c24] [debug] -->[C330] DL_GetCount #./api/api.cpp (line:2587)
[0000662] [16:51:27:328101] [Tid0x00001c24] [debug] <--[C330] DL_GetCount
[0000663] [16:51:27:328101] [Tid0x00001c24] [debug] -->[C331] DL_Rom_GetInfoAll #./api/api.cpp (line:2752)
[0000664] [16:51:27:329101] [Tid0x00001c24] [debug] <--[C331] DL_Rom_GetInfoAll
[0000665] [16:51:51:463515] [Tid0x00002010] [debug] -->[C332] FlashTool_Connect_BROM_ByName #./api/api.cpp (line:1975)
[0000666] [16:51:51:463515] [Tid0x00002010] [debug] -->[C333] FlashTool_Connect_BROM_Ex #./api/api.cpp (line:1880)
[0000667] [16:51:51:463515] [Tid0x00002010] [debug] bCheckScatter: 1
[0000668] [16:51:51:463515] [Tid0x00002010] [debug] have load scatter already
[0000669] [16:51:51:463515] [Tid0x00002010] [debug] libversion 1
[0000670] [16:51:52:045573] [Tid0x00002010] [debug] <--[C333] FlashTool_Connect_BROM_Ex
[0000671] [16:51:52:045573] [Tid0x00002010] [debug] <--[C332] FlashTool_Connect_BROM_ByName
[0000672] [16:51:52:045573] [Tid0x00002010] [debug] -->[C334] FlashTool_GetBootResult #./api/api.cpp (line:1987)
[0000673] [16:51:52:045573] [Tid0x00002010] [debug] <--[C334] FlashTool_GetBootResult
[0000674] [16:51:52:045573] [Tid0x00002010] [debug] -->[C335] FlashTool_Connect_Download_DA #./api/api.cpp (line:2007)
[0000675] [16:51:52:045573] [Tid0x00002010] [debug] bCheckScatter: 1
[0000676] [16:51:54:255794] [Tid0x00002010] [debug] <--[C335] FlashTool_Connect_Download_DA
[0000677] [16:51:54:255794] [Tid0x00002010] [debug] -->[C336] FlashTool_CheckUSBStatus #./api/api.cpp (line:1154)
[0000678] [16:51:54:256794] [Tid0x00002010] [debug] <--[C336] FlashTool_CheckUSBStatus
[0000679] [16:51:54:256794] [Tid0x00002010] [debug] -->[C337] FlashTool_CheckUSBStatus #./api/api.cpp (line:1154)
[0000680] [16:51:54:257794] [Tid0x00002010] [debug] <--[C337] FlashTool_CheckUSBStatus
[0000681] [16:51:54:257794] [Tid0x00002010] [debug] -->[C338] FlashTool_GetReservedRomSize #./api/api.cpp (line:1677)
[0000682] [16:51:54:258794] [Tid0x00002010] [debug] <--[C338] FlashTool_GetReservedRomSize
[0000683] [16:51:54:258794] [Tid0x00002010] [debug] -->[C339] FlashTool_RomGetCount #./api/api.cpp (line:1702)
[0000684] [16:51:54:259794] [Tid0x00002010] [debug] <--[C339] FlashTool_RomGetCount
[0000685] [16:51:54:259794] [Tid0x00002010] [debug] -->[C340] FlashTool_RomGetInfoAll #./api/api.cpp (line:1726)
[0000686] [16:51:54:260794] [Tid0x00002010] [debug] <--[C340] FlashTool_RomGetInfoAll
[0000687] [16:51:54:260794] [Tid0x00002010] [debug] -->[C341] FlashTool_ReadPartitionCount #./api/api.cpp (line:1633)
[0000688] [16:51:54:291797] [Tid0x00002010] [debug] <--[C341] FlashTool_ReadPartitionCount
[0000689] [16:51:54:291797] [Tid0x00002010] [debug] -->[C342] FlashTool_ReadPartitionInfo #./api/api.cpp (line:1654)
[0000690] [16:51:54:291797] [Tid0x00002010] [debug] <--[C342] FlashTool_ReadPartitionInfo
[0000691] [16:51:54:292798] [Tid0x00002010] [debug] -->[C343] FlashTool_Disconnect #./api/api.cpp (line:1033)
[0000692] [16:51:54:313800] [Tid0x00002010] [debug] <--[C343] FlashTool_Disconnect
[0000693] [16:52:25:194887] [Tid0x00001c24] [debug] -->[C344] DL_GetCount #./api/api.cpp (line:2587)
[0000694] [16:52:25:195888] [Tid0x00001c24] [debug] <--[C344] DL_GetCount
[0000695] [16:52:25:195888] [Tid0x00001c24] [debug] -->[C345] DL_Rom_GetInfoAll #./api/api.cpp (line:2752)
[0000696] [16:52:25:195888] [Tid0x00001c24] [debug] <--[C345] DL_Rom_GetInfoAll
[0000697] [16:52:25:197888] [Tid0x00001c24] [debug] -->[C346] DL_GetCount #./api/api.cpp (line:2587)
[0000698] [16:52:25:197888] [Tid0x00001c24] [debug] <--[C346] DL_GetCount
[0000699] [16:52:25:197888] [Tid0x00001c24] [debug] -->[C347] DL_Rom_GetInfoAll #./api/api.cpp (line:2752)
[0000700] [16:52:25:197888] [Tid0x00001c24] [debug] <--[C347] DL_Rom_GetInfoAll
[0000701] [16:52:31:011469] [Tid0x00001ca4] [debug] -->[C348] FlashTool_Connect_BROM_ByName #./api/api.cpp (line:1975)
[0000702] [16:52:31:011469] [Tid0x00001ca4] [debug] -->[C349] FlashTool_Connect_BROM_Ex #./api/api.cpp (line:1880)
[0000703] [16:52:31:011469] [Tid0x00001ca4] [debug] bCheckScatter: 1
[0000704] [16:52:31:011469] [Tid0x00001ca4] [debug] have load scatter already
[0000705] [16:52:31:011469] [Tid0x00001ca4] [debug] libversion 1
[0000706] [16:52:31:592527] [Tid0x00001ca4] [debug] <--[C349] FlashTool_Connect_BROM_Ex
[0000707] [16:52:31:592527] [Tid0x00001ca4] [debug] <--[C348] FlashTool_Connect_BROM_ByName
[0000708] [16:52:31:592527] [Tid0x00001ca4] [debug] -->[C350] FlashTool_GetBootResult #./api/api.cpp (line:1987)
[0000709] [16:52:31:592527] [Tid0x00001ca4] [debug] <--[C350] FlashTool_GetBootResult
[0000710] [16:52:31:592527] [Tid0x00001ca4] [debug] -->[C351] FlashTool_Connect_Download_DA #./api/api.cpp (line:2007)
[0000711] [16:52:31:592527] [Tid0x00001ca4] [debug] bCheckScatter: 1
[0000712] [16:52:33:808749] [Tid0x00001ca4] [debug] <--[C351] FlashTool_Connect_Download_DA
[0000713] [16:52:33:808749] [Tid0x00001ca4] [debug] -->[C352] FlashTool_CheckUSBStatus #./api/api.cpp (line:1154)
[0000714] [16:52:33:809749] [Tid0x00001ca4] [debug] <--[C352] FlashTool_CheckUSBStatus
[0000715] [16:52:33:809749] [Tid0x00001ca4] [debug] -->[C353] FlashTool_CheckUSBStatus #./api/api.cpp (line:1154)
[0000716] [16:52:33:810749] [Tid0x00001ca4] [debug] <--[C353] FlashTool_CheckUSBStatus
[0000717] [16:52:33:810749] [Tid0x00001ca4] [debug] -->[C354] FlashTool_GetReservedRomSize #./api/api.cpp (line:1677)
[0000718] [16:52:33:811749] [Tid0x00001ca4] [debug] <--[C354] FlashTool_GetReservedRomSize
[0000719] [16:52:33:811749] [Tid0x00001ca4] [debug] -->[C355] FlashTool_RomGetCount #./api/api.cpp (line:1702)
[0000720] [16:52:33:812749] [Tid0x00001ca4] [debug] <--[C355] FlashTool_RomGetCount
[0000721] [16:52:33:812749] [Tid0x00001ca4] [debug] -->[C356] FlashTool_RomGetInfoAll #./api/api.cpp (line:1726)
[0000722] [16:52:33:813749] [Tid0x00001ca4] [debug] <--[C356] FlashTool_RomGetInfoAll
[0000723] [16:52:33:813749] [Tid0x00001ca4] [debug] -->[C357] FlashTool_ReadPartitionCount #./api/api.cpp (line:1633)
[0000724] [16:52:33:844752] [Tid0x00001ca4] [debug] <--[C357] FlashTool_ReadPartitionCount
[0000725] [16:52:33:844752] [Tid0x00001ca4] [debug] -->[C358] FlashTool_ReadPartitionInfo #./api/api.cpp (line:1654)
[0000726] [16:52:33:844752] [Tid0x00001ca4] [debug] <--[C358] FlashTool_ReadPartitionInfo
[0000727] [16:52:33:845752] [Tid0x00001ca4] [debug] -->[C359] FlashTool_Disconnect #./api/api.cpp (line:1033)
[0000728] [16:52:33:866755] [Tid0x00001ca4] [debug] <--[C359] FlashTool_Disconnect
[0000729] [16:52:58:313199] [Tid0x00001c24] [debug] -->[C360] DL_Rom_UnloadAll #./api/api.cpp (line:2795)
[0000730] [16:52:58:316199] [Tid0x00001c24] [debug] <--[C360] DL_Rom_UnloadAll
