[0000001] [20:54:55:531512] [Tid0x00002fdc] [debug] -->[C1] DL_LoadScatter #./api/api.cpp (line:2474)
[0000002] [20:54:55:816512] [Tid0x00002fdc] [debug] used lib version: 1
[0000003] [20:54:55:816512] [Tid0x00002fdc] [debug] <--[C1] DL_LoadScatter
[0000004] [20:54:55:827512] [Tid0x00002fdc] [debug] -->[C2] DL_AutoLoadRomImages #./api/api.cpp (line:2667)
[0000005] [20:54:56:135512] [Tid0x00002fdc] [debug] <--[C2] DL_AutoLoadRomImages
[0000006] [20:54:56:220512] [Tid0x00002d34] [debug] -->[C3] DL_GetCount #./api/api.cpp (line:2587)
[0000007] [20:54:56:221512] [Tid0x00002d34] [debug] <--[C3] DL_GetCount
[0000008] [20:54:56:221512] [Tid0x00002d34] [debug] -->[C4] DL_Rom_GetInfoAll #./api/api.cpp (line:2752)
[0000009] [20:54:56:221512] [Tid0x00002d34] [debug] <--[C4] DL_Rom_GetInfoAll
[0000010] [20:54:56:222512] [Tid0x00002d34] [debug] -->[C5] DL_GetScatterInfo #./api/api.cpp (line:2688)
[0000011] [20:54:56:222512] [Tid0x00002d34] [debug] <--[C5] DL_GetScatterInfo
[0000012] [20:54:56:225512] [Tid0x00002d34] [debug] -->[C6] DL_GetCount #./api/api.cpp (line:2587)
[0000013] [20:54:56:225512] [Tid0x00002d34] [debug] <--[C6] DL_GetCount
[0000014] [20:54:56:226512] [Tid0x00002d34] [debug] -->[C7] DL_Rom_GetInfoAll #./api/api.cpp (line:2752)
[0000015] [20:54:56:226512] [Tid0x00002d34] [debug] <--[C7] DL_Rom_GetInfoAll
[0000016] [20:54:56:226512] [Tid0x00002d34] [debug] -->[C8] DL_Rom_SetEnableAttr #./api/api.cpp (line:2806)
[0000017] [20:54:56:226512] [Tid0x00002d34] [debug] <--[C8] DL_Rom_SetEnableAttr
[0000018] [20:54:56:226512] [Tid0x00002d34] [debug] -->[C9] DL_GetCount #./api/api.cpp (line:2587)
[0000019] [20:54:56:226512] [Tid0x00002d34] [debug] <--[C9] DL_GetCount
[0000020] [20:54:56:227512] [Tid0x00002d34] [debug] -->[C10] DL_Rom_GetInfoAll #./api/api.cpp (line:2752)
[0000021] [20:54:56:227512] [Tid0x00002d34] [debug] <--[C10] DL_Rom_GetInfoAll
[0000022] [20:54:56:227512] [Tid0x00002d34] [debug] -->[C11] DL_Rom_SetEnableAttr #./api/api.cpp (line:2806)
[0000023] [20:54:56:227512] [Tid0x00002d34] [debug] <--[C11] DL_Rom_SetEnableAttr
[0000024] [20:54:56:228512] [Tid0x00002d34] [debug] -->[C12] DL_GetCount #./api/api.cpp (line:2587)
[0000025] [20:54:56:229512] [Tid0x00002d34] [debug] <--[C12] DL_GetCount
[0000026] [20:54:56:229512] [Tid0x00002d34] [debug] -->[C13] DL_Rom_GetInfoAll #./api/api.cpp (line:2752)
[0000027] [20:54:56:229512] [Tid0x00002d34] [debug] <--[C13] DL_Rom_GetInfoAll
[0000028] [20:54:56:229512] [Tid0x00002d34] [debug] -->[C14] DL_Rom_SetEnableAttr #./api/api.cpp (line:2806)
[0000029] [20:54:56:229512] [Tid0x00002d34] [debug] <--[C14] DL_Rom_SetEnableAttr
[0000030] [20:54:56:231512] [Tid0x00002d34] [debug] -->[C15] DL_GetCount #./api/api.cpp (line:2587)
[0000031] [20:54:56:231512] [Tid0x00002d34] [debug] <--[C15] DL_GetCount
[0000032] [20:54:56:231512] [Tid0x00002d34] [debug] -->[C16] DL_Rom_GetInfoAll #./api/api.cpp (line:2752)
[0000033] [20:54:56:231512] [Tid0x00002d34] [debug] <--[C16] DL_Rom_GetInfoAll
[0000034] [20:54:56:232512] [Tid0x00002d34] [debug] -->[C17] DL_Rom_SetEnableAttr #./api/api.cpp (line:2806)
[0000035] [20:54:56:232512] [Tid0x00002d34] [debug] <--[C17] DL_Rom_SetEnableAttr
[0000036] [20:54:56:232512] [Tid0x00002d34] [debug] -->[C18] DL_GetCount #./api/api.cpp (line:2587)
[0000037] [20:54:56:232512] [Tid0x00002d34] [debug] <--[C18] DL_GetCount
[0000038] [20:54:56:232512] [Tid0x00002d34] [debug] -->[C19] DL_Rom_GetInfoAll #./api/api.cpp (line:2752)
[0000039] [20:54:56:232512] [Tid0x00002d34] [debug] <--[C19] DL_Rom_GetInfoAll
[0000040] [20:54:56:233512] [Tid0x00002d34] [debug] -->[C20] DL_Rom_SetEnableAttr #./api/api.cpp (line:2806)
[0000041] [20:54:56:233512] [Tid0x00002d34] [debug] <--[C20] DL_Rom_SetEnableAttr
[0000042] [20:54:56:234512] [Tid0x00002d34] [debug] -->[C21] DL_GetCount #./api/api.cpp (line:2587)
[0000043] [20:54:56:234512] [Tid0x00002d34] [debug] <--[C21] DL_GetCount
[0000044] [20:54:56:234512] [Tid0x00002d34] [debug] -->[C22] DL_Rom_GetInfoAll #./api/api.cpp (line:2752)
[0000045] [20:54:56:234512] [Tid0x00002d34] [debug] <--[C22] DL_Rom_GetInfoAll
[0000046] [20:54:56:235512] [Tid0x00002d34] [debug] -->[C23] DL_Rom_SetEnableAttr #./api/api.cpp (line:2806)
[0000047] [20:54:56:235512] [Tid0x00002d34] [debug] <--[C23] DL_Rom_SetEnableAttr
[0000048] [20:54:56:237512] [Tid0x00002d34] [debug] -->[C24] DL_SetChecksumLevel #./api/api.cpp (line:2516)
[0000049] [20:54:56:237512] [Tid0x00002d34] [debug] <--[C24] DL_SetChecksumLevel
[0000050] [20:55:04:558512] [Tid0x00002fdc] [debug] -->[C25] DL_LoadScatter #./api/api.cpp (line:2474)
[0000051] [20:55:04:616512] [Tid0x00002fdc] [debug] used lib version: 1
[0000052] [20:55:04:616512] [Tid0x00002fdc] [debug] <--[C25] DL_LoadScatter
[0000053] [20:55:04:616512] [Tid0x00002fdc] [debug] -->[C26] DL_AutoLoadRomImages #./api/api.cpp (line:2667)
[0000054] [20:55:05:733512] [Tid0x00002fdc] [debug] <--[C26] DL_AutoLoadRomImages
[0000055] [20:55:05:751512] [Tid0x00002d34] [debug] -->[C27] DL_GetCount #./api/api.cpp (line:2587)
[0000056] [20:55:05:751512] [Tid0x00002d34] [debug] <--[C27] DL_GetCount
[0000057] [20:55:05:752512] [Tid0x00002d34] [debug] -->[C28] DL_Rom_GetInfoAll #./api/api.cpp (line:2752)
[0000058] [20:55:05:752512] [Tid0x00002d34] [debug] <--[C28] DL_Rom_GetInfoAll
[0000059] [20:55:05:754512] [Tid0x00002d34] [debug] -->[C29] DL_GetScatterInfo #./api/api.cpp (line:2688)
[0000060] [20:55:05:754512] [Tid0x00002d34] [debug] <--[C29] DL_GetScatterInfo
[0000061] [20:55:05:755512] [Tid0x00002d34] [debug] -->[C30] DL_GetCount #./api/api.cpp (line:2587)
[0000062] [20:55:05:755512] [Tid0x00002d34] [debug] <--[C30] DL_GetCount
[0000063] [20:55:05:755512] [Tid0x00002d34] [debug] -->[C31] DL_Rom_GetInfoAll #./api/api.cpp (line:2752)
[0000064] [20:55:05:755512] [Tid0x00002d34] [debug] <--[C31] DL_Rom_GetInfoAll
[0000065] [20:55:05:757512] [Tid0x00002d34] [debug] -->[C32] DL_Rom_SetEnableAttr #./api/api.cpp (line:2806)
[0000066] [20:55:05:757512] [Tid0x00002d34] [debug] <--[C32] DL_Rom_SetEnableAttr
[0000067] [20:55:05:758512] [Tid0x00002d34] [debug] -->[C33] DL_GetCount #./api/api.cpp (line:2587)
[0000068] [20:55:05:758512] [Tid0x00002d34] [debug] <--[C33] DL_GetCount
[0000069] [20:55:05:758512] [Tid0x00002d34] [debug] -->[C34] DL_Rom_GetInfoAll #./api/api.cpp (line:2752)
[0000070] [20:55:05:759512] [Tid0x00002d34] [debug] <--[C34] DL_Rom_GetInfoAll
[0000071] [20:55:05:760512] [Tid0x00002d34] [debug] -->[C35] DL_Rom_SetEnableAttr #./api/api.cpp (line:2806)
[0000072] [20:55:05:760512] [Tid0x00002d34] [debug] <--[C35] DL_Rom_SetEnableAttr
[0000073] [20:55:05:760512] [Tid0x00002d34] [debug] -->[C36] DL_GetCount #./api/api.cpp (line:2587)
[0000074] [20:55:05:761512] [Tid0x00002d34] [debug] <--[C36] DL_GetCount
[0000075] [20:55:05:761512] [Tid0x00002d34] [debug] -->[C37] DL_Rom_GetInfoAll #./api/api.cpp (line:2752)
[0000076] [20:55:05:761512] [Tid0x00002d34] [debug] <--[C37] DL_Rom_GetInfoAll
[0000077] [20:55:05:763512] [Tid0x00002d34] [debug] -->[C38] DL_Rom_SetEnableAttr #./api/api.cpp (line:2806)
[0000078] [20:55:05:763512] [Tid0x00002d34] [debug] <--[C38] DL_Rom_SetEnableAttr
[0000079] [20:55:05:764512] [Tid0x00002d34] [debug] -->[C39] DL_GetCount #./api/api.cpp (line:2587)
[0000080] [20:55:05:765512] [Tid0x00002d34] [debug] <--[C39] DL_GetCount
[0000081] [20:55:05:765512] [Tid0x00002d34] [debug] -->[C40] DL_Rom_GetInfoAll #./api/api.cpp (line:2752)
[0000082] [20:55:05:765512] [Tid0x00002d34] [debug] <--[C40] DL_Rom_GetInfoAll
[0000083] [20:55:05:767512] [Tid0x00002d34] [debug] -->[C41] DL_Rom_SetEnableAttr #./api/api.cpp (line:2806)
[0000084] [20:55:05:767512] [Tid0x00002d34] [debug] <--[C41] DL_Rom_SetEnableAttr
[0000085] [20:55:05:768512] [Tid0x00002d34] [debug] -->[C42] DL_GetCount #./api/api.cpp (line:2587)
[0000086] [20:55:05:768512] [Tid0x00002d34] [debug] <--[C42] DL_GetCount
[0000087] [20:55:05:768512] [Tid0x00002d34] [debug] -->[C43] DL_Rom_GetInfoAll #./api/api.cpp (line:2752)
[0000088] [20:55:05:768512] [Tid0x00002d34] [debug] <--[C43] DL_Rom_GetInfoAll
[0000089] [20:55:05:770512] [Tid0x00002d34] [debug] -->[C44] DL_Rom_SetEnableAttr #./api/api.cpp (line:2806)
[0000090] [20:55:05:770512] [Tid0x00002d34] [debug] <--[C44] DL_Rom_SetEnableAttr
[0000091] [20:55:05:771512] [Tid0x00002d34] [debug] -->[C45] DL_GetCount #./api/api.cpp (line:2587)
[0000092] [20:55:05:771512] [Tid0x00002d34] [debug] <--[C45] DL_GetCount
[0000093] [20:55:05:771512] [Tid0x00002d34] [debug] -->[C46] DL_Rom_GetInfoAll #./api/api.cpp (line:2752)
[0000094] [20:55:05:771512] [Tid0x00002d34] [debug] <--[C46] DL_Rom_GetInfoAll
[0000095] [20:55:05:773512] [Tid0x00002d34] [debug] -->[C47] DL_Rom_SetEnableAttr #./api/api.cpp (line:2806)
[0000096] [20:55:05:773512] [Tid0x00002d34] [debug] <--[C47] DL_Rom_SetEnableAttr
[0000097] [20:55:05:773512] [Tid0x00002d34] [debug] -->[C48] DL_GetCount #./api/api.cpp (line:2587)
[0000098] [20:55:05:773512] [Tid0x00002d34] [debug] <--[C48] DL_GetCount
[0000099] [20:55:05:773512] [Tid0x00002d34] [debug] -->[C49] DL_Rom_GetInfoAll #./api/api.cpp (line:2752)
[0000100] [20:55:05:773512] [Tid0x00002d34] [debug] <--[C49] DL_Rom_GetInfoAll
[0000101] [20:55:05:774512] [Tid0x00002d34] [debug] -->[C50] DL_Rom_SetEnableAttr #./api/api.cpp (line:2806)
[0000102] [20:55:05:774512] [Tid0x00002d34] [debug] <--[C50] DL_Rom_SetEnableAttr
[0000103] [20:55:05:775512] [Tid0x00002d34] [debug] -->[C51] DL_GetCount #./api/api.cpp (line:2587)
[0000104] [20:55:05:775512] [Tid0x00002d34] [debug] <--[C51] DL_GetCount
[0000105] [20:55:05:775512] [Tid0x00002d34] [debug] -->[C52] DL_Rom_GetInfoAll #./api/api.cpp (line:2752)
[0000106] [20:55:05:775512] [Tid0x00002d34] [debug] <--[C52] DL_Rom_GetInfoAll
[0000107] [20:55:05:776512] [Tid0x00002d34] [debug] -->[C53] DL_Rom_SetEnableAttr #./api/api.cpp (line:2806)
[0000108] [20:55:05:776512] [Tid0x00002d34] [debug] <--[C53] DL_Rom_SetEnableAttr
[0000109] [20:55:05:776512] [Tid0x00002d34] [debug] -->[C54] DL_GetCount #./api/api.cpp (line:2587)
[0000110] [20:55:05:776512] [Tid0x00002d34] [debug] <--[C54] DL_GetCount
[0000111] [20:55:05:776512] [Tid0x00002d34] [debug] -->[C55] DL_Rom_GetInfoAll #./api/api.cpp (line:2752)
[0000112] [20:55:05:776512] [Tid0x00002d34] [debug] <--[C55] DL_Rom_GetInfoAll
[0000113] [20:55:05:777512] [Tid0x00002d34] [debug] -->[C56] DL_Rom_SetEnableAttr #./api/api.cpp (line:2806)
[0000114] [20:55:05:777512] [Tid0x00002d34] [debug] <--[C56] DL_Rom_SetEnableAttr
[0000115] [20:55:05:778512] [Tid0x00002d34] [debug] -->[C57] DL_GetCount #./api/api.cpp (line:2587)
[0000116] [20:55:05:778512] [Tid0x00002d34] [debug] <--[C57] DL_GetCount
[0000117] [20:55:05:778512] [Tid0x00002d34] [debug] -->[C58] DL_Rom_GetInfoAll #./api/api.cpp (line:2752)
[0000118] [20:55:05:778512] [Tid0x00002d34] [debug] <--[C58] DL_Rom_GetInfoAll
[0000119] [20:55:05:779512] [Tid0x00002d34] [debug] -->[C59] DL_Rom_SetEnableAttr #./api/api.cpp (line:2806)
[0000120] [20:55:05:779512] [Tid0x00002d34] [debug] <--[C59] DL_Rom_SetEnableAttr
[0000121] [20:55:05:780512] [Tid0x00002d34] [debug] -->[C60] DL_GetCount #./api/api.cpp (line:2587)
[0000122] [20:55:05:780512] [Tid0x00002d34] [debug] <--[C60] DL_GetCount
[0000123] [20:55:05:780512] [Tid0x00002d34] [debug] -->[C61] DL_Rom_GetInfoAll #./api/api.cpp (line:2752)
[0000124] [20:55:05:780512] [Tid0x00002d34] [debug] <--[C61] DL_Rom_GetInfoAll
[0000125] [20:55:05:782512] [Tid0x00002d34] [debug] -->[C62] DL_Rom_SetEnableAttr #./api/api.cpp (line:2806)
[0000126] [20:55:05:782512] [Tid0x00002d34] [debug] <--[C62] DL_Rom_SetEnableAttr
[0000127] [20:55:05:782512] [Tid0x00002d34] [debug] -->[C63] DL_GetCount #./api/api.cpp (line:2587)
[0000128] [20:55:05:782512] [Tid0x00002d34] [debug] <--[C63] DL_GetCount
[0000129] [20:55:05:782512] [Tid0x00002d34] [debug] -->[C64] DL_Rom_GetInfoAll #./api/api.cpp (line:2752)
[0000130] [20:55:05:782512] [Tid0x00002d34] [debug] <--[C64] DL_Rom_GetInfoAll
[0000131] [20:55:05:783512] [Tid0x00002d34] [debug] -->[C65] DL_Rom_SetEnableAttr #./api/api.cpp (line:2806)
[0000132] [20:55:05:783512] [Tid0x00002d34] [debug] <--[C65] DL_Rom_SetEnableAttr
[0000133] [20:55:05:784512] [Tid0x00002d34] [debug] -->[C66] DL_GetCount #./api/api.cpp (line:2587)
[0000134] [20:55:05:784512] [Tid0x00002d34] [debug] <--[C66] DL_GetCount
[0000135] [20:55:05:784512] [Tid0x00002d34] [debug] -->[C67] DL_Rom_GetInfoAll #./api/api.cpp (line:2752)
[0000136] [20:55:05:784512] [Tid0x00002d34] [debug] <--[C67] DL_Rom_GetInfoAll
[0000137] [20:55:05:785512] [Tid0x00002d34] [debug] -->[C68] DL_Rom_SetEnableAttr #./api/api.cpp (line:2806)
[0000138] [20:55:05:785512] [Tid0x00002d34] [debug] <--[C68] DL_Rom_SetEnableAttr
[0000139] [20:55:05:786512] [Tid0x00002d34] [debug] -->[C69] DL_GetCount #./api/api.cpp (line:2587)
[0000140] [20:55:05:786512] [Tid0x00002d34] [debug] <--[C69] DL_GetCount
[0000141] [20:55:05:786512] [Tid0x00002d34] [debug] -->[C70] DL_Rom_GetInfoAll #./api/api.cpp (line:2752)
[0000142] [20:55:05:786512] [Tid0x00002d34] [debug] <--[C70] DL_Rom_GetInfoAll
[0000143] [20:55:05:787512] [Tid0x00002d34] [debug] -->[C71] DL_Rom_SetEnableAttr #./api/api.cpp (line:2806)
[0000144] [20:55:05:787512] [Tid0x00002d34] [debug] <--[C71] DL_Rom_SetEnableAttr
[0000145] [20:55:05:787512] [Tid0x00002d34] [debug] -->[C72] DL_GetCount #./api/api.cpp (line:2587)
[0000146] [20:55:05:787512] [Tid0x00002d34] [debug] <--[C72] DL_GetCount
[0000147] [20:55:05:787512] [Tid0x00002d34] [debug] -->[C73] DL_Rom_GetInfoAll #./api/api.cpp (line:2752)
[0000148] [20:55:05:787512] [Tid0x00002d34] [debug] <--[C73] DL_Rom_GetInfoAll
[0000149] [20:55:05:788512] [Tid0x00002d34] [debug] -->[C74] DL_Rom_SetEnableAttr #./api/api.cpp (line:2806)
[0000150] [20:55:05:788512] [Tid0x00002d34] [debug] <--[C74] DL_Rom_SetEnableAttr
[0000151] [20:55:05:789512] [Tid0x00002d34] [debug] -->[C75] DL_GetCount #./api/api.cpp (line:2587)
[0000152] [20:55:05:789512] [Tid0x00002d34] [debug] <--[C75] DL_GetCount
[0000153] [20:55:05:789512] [Tid0x00002d34] [debug] -->[C76] DL_Rom_GetInfoAll #./api/api.cpp (line:2752)
[0000154] [20:55:05:789512] [Tid0x00002d34] [debug] <--[C76] DL_Rom_GetInfoAll
[0000155] [20:55:05:790512] [Tid0x00002d34] [debug] -->[C77] DL_Rom_SetEnableAttr #./api/api.cpp (line:2806)
[0000156] [20:55:05:790512] [Tid0x00002d34] [debug] <--[C77] DL_Rom_SetEnableAttr
[0000157] [20:55:05:791512] [Tid0x00002d34] [debug] -->[C78] DL_GetCount #./api/api.cpp (line:2587)
[0000158] [20:55:05:791512] [Tid0x00002d34] [debug] <--[C78] DL_GetCount
[0000159] [20:55:05:792512] [Tid0x00002d34] [debug] -->[C79] DL_Rom_GetInfoAll #./api/api.cpp (line:2752)
[0000160] [20:55:05:792512] [Tid0x00002d34] [debug] <--[C79] DL_Rom_GetInfoAll
[0000161] [20:55:05:793512] [Tid0x00002d34] [debug] -->[C80] DL_Rom_SetEnableAttr #./api/api.cpp (line:2806)
[0000162] [20:55:05:793512] [Tid0x00002d34] [debug] <--[C80] DL_Rom_SetEnableAttr
[0000163] [20:55:05:793512] [Tid0x00002d34] [debug] -->[C81] DL_GetCount #./api/api.cpp (line:2587)
[0000164] [20:55:05:793512] [Tid0x00002d34] [debug] <--[C81] DL_GetCount
[0000165] [20:55:05:793512] [Tid0x00002d34] [debug] -->[C82] DL_Rom_GetInfoAll #./api/api.cpp (line:2752)
[0000166] [20:55:05:793512] [Tid0x00002d34] [debug] <--[C82] DL_Rom_GetInfoAll
[0000167] [20:55:05:794512] [Tid0x00002d34] [debug] -->[C83] DL_Rom_SetEnableAttr #./api/api.cpp (line:2806)
[0000168] [20:55:05:794512] [Tid0x00002d34] [debug] <--[C83] DL_Rom_SetEnableAttr
[0000169] [20:55:05:795512] [Tid0x00002d34] [debug] -->[C84] DL_GetCount #./api/api.cpp (line:2587)
[0000170] [20:55:05:795512] [Tid0x00002d34] [debug] <--[C84] DL_GetCount
[0000171] [20:55:05:795512] [Tid0x00002d34] [debug] -->[C85] DL_Rom_GetInfoAll #./api/api.cpp (line:2752)
[0000172] [20:55:05:795512] [Tid0x00002d34] [debug] <--[C85] DL_Rom_GetInfoAll
[0000173] [20:55:05:796512] [Tid0x00002d34] [debug] -->[C86] DL_Rom_SetEnableAttr #./api/api.cpp (line:2806)
[0000174] [20:55:05:797512] [Tid0x00002d34] [debug] <--[C86] DL_Rom_SetEnableAttr
[0000175] [20:55:05:797512] [Tid0x00002d34] [debug] -->[C87] DL_GetCount #./api/api.cpp (line:2587)
[0000176] [20:55:05:797512] [Tid0x00002d34] [debug] <--[C87] DL_GetCount
[0000177] [20:55:05:797512] [Tid0x00002d34] [debug] -->[C88] DL_Rom_GetInfoAll #./api/api.cpp (line:2752)
[0000178] [20:55:05:798512] [Tid0x00002d34] [debug] <--[C88] DL_Rom_GetInfoAll
[0000179] [20:55:05:799512] [Tid0x00002d34] [debug] -->[C89] DL_Rom_SetEnableAttr #./api/api.cpp (line:2806)
[0000180] [20:55:05:799512] [Tid0x00002d34] [debug] <--[C89] DL_Rom_SetEnableAttr
[0000181] [20:55:05:799512] [Tid0x00002d34] [debug] -->[C90] DL_GetCount #./api/api.cpp (line:2587)
[0000182] [20:55:05:799512] [Tid0x00002d34] [debug] <--[C90] DL_GetCount
[0000183] [20:55:05:799512] [Tid0x00002d34] [debug] -->[C91] DL_Rom_GetInfoAll #./api/api.cpp (line:2752)
[0000184] [20:55:05:799512] [Tid0x00002d34] [debug] <--[C91] DL_Rom_GetInfoAll
[0000185] [20:55:05:800512] [Tid0x00002d34] [debug] -->[C92] DL_Rom_SetEnableAttr #./api/api.cpp (line:2806)
[0000186] [20:55:05:800512] [Tid0x00002d34] [debug] <--[C92] DL_Rom_SetEnableAttr
[0000187] [20:55:05:801512] [Tid0x00002d34] [debug] -->[C93] DL_GetCount #./api/api.cpp (line:2587)
[0000188] [20:55:05:801512] [Tid0x00002d34] [debug] <--[C93] DL_GetCount
[0000189] [20:55:05:801512] [Tid0x00002d34] [debug] -->[C94] DL_Rom_GetInfoAll #./api/api.cpp (line:2752)
[0000190] [20:55:05:801512] [Tid0x00002d34] [debug] <--[C94] DL_Rom_GetInfoAll
[0000191] [20:55:05:802512] [Tid0x00002d34] [debug] -->[C95] DL_Rom_SetEnableAttr #./api/api.cpp (line:2806)
[0000192] [20:55:05:802512] [Tid0x00002d34] [debug] <--[C95] DL_Rom_SetEnableAttr
[0000193] [20:55:05:803512] [Tid0x00002d34] [debug] -->[C96] DL_GetCount #./api/api.cpp (line:2587)
[0000194] [20:55:05:803512] [Tid0x00002d34] [debug] <--[C96] DL_GetCount
[0000195] [20:55:05:803512] [Tid0x00002d34] [debug] -->[C97] DL_Rom_GetInfoAll #./api/api.cpp (line:2752)
[0000196] [20:55:05:803512] [Tid0x00002d34] [debug] <--[C97] DL_Rom_GetInfoAll
[0000197] [20:55:05:804512] [Tid0x00002d34] [debug] -->[C98] DL_Rom_SetEnableAttr #./api/api.cpp (line:2806)
[0000198] [20:55:05:804512] [Tid0x00002d34] [debug] <--[C98] DL_Rom_SetEnableAttr
[0000199] [20:55:05:804512] [Tid0x00002d34] [debug] -->[C99] DL_GetCount #./api/api.cpp (line:2587)
[0000200] [20:55:05:804512] [Tid0x00002d34] [debug] <--[C99] DL_GetCount
[0000201] [20:55:05:804512] [Tid0x00002d34] [debug] -->[C100] DL_Rom_GetInfoAll #./api/api.cpp (line:2752)
[0000202] [20:55:05:804512] [Tid0x00002d34] [debug] <--[C100] DL_Rom_GetInfoAll
[0000203] [20:55:05:805512] [Tid0x00002d34] [debug] -->[C101] DL_Rom_SetEnableAttr #./api/api.cpp (line:2806)
[0000204] [20:55:05:805512] [Tid0x00002d34] [debug] <--[C101] DL_Rom_SetEnableAttr
[0000205] [20:55:05:805512] [Tid0x00002d34] [debug] -->[C102] DL_GetCount #./api/api.cpp (line:2587)
[0000206] [20:55:05:806512] [Tid0x00002d34] [debug] <--[C102] DL_GetCount
[0000207] [20:55:05:806512] [Tid0x00002d34] [debug] -->[C103] DL_Rom_GetInfoAll #./api/api.cpp (line:2752)
[0000208] [20:55:05:806512] [Tid0x00002d34] [debug] <--[C103] DL_Rom_GetInfoAll
[0000209] [20:55:05:806512] [Tid0x00002d34] [debug] -->[C104] DL_Rom_SetEnableAttr #./api/api.cpp (line:2806)
[0000210] [20:55:05:806512] [Tid0x00002d34] [debug] <--[C104] DL_Rom_SetEnableAttr
[0000211] [20:55:05:807512] [Tid0x00002d34] [debug] -->[C105] DL_GetCount #./api/api.cpp (line:2587)
[0000212] [20:55:05:807512] [Tid0x00002d34] [debug] <--[C105] DL_GetCount
[0000213] [20:55:05:807512] [Tid0x00002d34] [debug] -->[C106] DL_Rom_GetInfoAll #./api/api.cpp (line:2752)
[0000214] [20:55:05:807512] [Tid0x00002d34] [debug] <--[C106] DL_Rom_GetInfoAll
[0000215] [20:55:05:808512] [Tid0x00002d34] [debug] -->[C107] DL_Rom_SetEnableAttr #./api/api.cpp (line:2806)
[0000216] [20:55:05:808512] [Tid0x00002d34] [debug] <--[C107] DL_Rom_SetEnableAttr
[0000217] [20:55:05:808512] [Tid0x00002d34] [debug] -->[C108] DL_GetCount #./api/api.cpp (line:2587)
[0000218] [20:55:05:808512] [Tid0x00002d34] [debug] <--[C108] DL_GetCount
[0000219] [20:55:05:808512] [Tid0x00002d34] [debug] -->[C109] DL_Rom_GetInfoAll #./api/api.cpp (line:2752)
[0000220] [20:55:05:808512] [Tid0x00002d34] [debug] <--[C109] DL_Rom_GetInfoAll
[0000221] [20:55:05:809512] [Tid0x00002d34] [debug] -->[C110] DL_Rom_SetEnableAttr #./api/api.cpp (line:2806)
[0000222] [20:55:05:809512] [Tid0x00002d34] [debug] <--[C110] DL_Rom_SetEnableAttr
[0000223] [20:55:05:809512] [Tid0x00002d34] [debug] -->[C111] DL_GetCount #./api/api.cpp (line:2587)
[0000224] [20:55:05:809512] [Tid0x00002d34] [debug] <--[C111] DL_GetCount
[0000225] [20:55:05:809512] [Tid0x00002d34] [debug] -->[C112] DL_Rom_GetInfoAll #./api/api.cpp (line:2752)
[0000226] [20:55:05:809512] [Tid0x00002d34] [debug] <--[C112] DL_Rom_GetInfoAll
[0000227] [20:55:05:810512] [Tid0x00002d34] [debug] -->[C113] DL_Rom_SetEnableAttr #./api/api.cpp (line:2806)
[0000228] [20:55:05:810512] [Tid0x00002d34] [debug] <--[C113] DL_Rom_SetEnableAttr
[0000229] [20:55:05:811512] [Tid0x00002d34] [debug] -->[C114] DL_GetCount #./api/api.cpp (line:2587)
[0000230] [20:55:05:811512] [Tid0x00002d34] [debug] <--[C114] DL_GetCount
[0000231] [20:55:05:811512] [Tid0x00002d34] [debug] -->[C115] DL_Rom_GetInfoAll #./api/api.cpp (line:2752)
[0000232] [20:55:05:811512] [Tid0x00002d34] [debug] <--[C115] DL_Rom_GetInfoAll
[0000233] [20:55:05:813512] [Tid0x00002d34] [debug] -->[C116] DL_Rom_SetEnableAttr #./api/api.cpp (line:2806)
[0000234] [20:55:05:813512] [Tid0x00002d34] [debug] <--[C116] DL_Rom_SetEnableAttr
[0000235] [20:55:05:813512] [Tid0x00002d34] [debug] -->[C117] DL_GetCount #./api/api.cpp (line:2587)
[0000236] [20:55:05:813512] [Tid0x00002d34] [debug] <--[C117] DL_GetCount
[0000237] [20:55:05:813512] [Tid0x00002d34] [debug] -->[C118] DL_Rom_GetInfoAll #./api/api.cpp (line:2752)
[0000238] [20:55:05:813512] [Tid0x00002d34] [debug] <--[C118] DL_Rom_GetInfoAll
[0000239] [20:55:05:814512] [Tid0x00002d34] [debug] -->[C119] DL_Rom_SetEnableAttr #./api/api.cpp (line:2806)
[0000240] [20:55:05:814512] [Tid0x00002d34] [debug] <--[C119] DL_Rom_SetEnableAttr
[0000241] [20:55:05:815512] [Tid0x00002d34] [debug] -->[C120] DL_GetCount #./api/api.cpp (line:2587)
[0000242] [20:55:05:815512] [Tid0x00002d34] [debug] <--[C120] DL_GetCount
[0000243] [20:55:05:815512] [Tid0x00002d34] [debug] -->[C121] DL_Rom_GetInfoAll #./api/api.cpp (line:2752)
[0000244] [20:55:05:815512] [Tid0x00002d34] [debug] <--[C121] DL_Rom_GetInfoAll
[0000245] [20:55:05:815512] [Tid0x00002d34] [debug] -->[C122] DL_Rom_SetEnableAttr #./api/api.cpp (line:2806)
[0000246] [20:55:05:815512] [Tid0x00002d34] [debug] <--[C122] DL_Rom_SetEnableAttr
[0000247] [20:55:05:816512] [Tid0x00002d34] [debug] -->[C123] DL_GetCount #./api/api.cpp (line:2587)
[0000248] [20:55:05:816512] [Tid0x00002d34] [debug] <--[C123] DL_GetCount
[0000249] [20:55:05:816512] [Tid0x00002d34] [debug] -->[C124] DL_Rom_GetInfoAll #./api/api.cpp (line:2752)
[0000250] [20:55:05:816512] [Tid0x00002d34] [debug] <--[C124] DL_Rom_GetInfoAll
[0000251] [20:55:05:817512] [Tid0x00002d34] [debug] -->[C125] DL_Rom_SetEnableAttr #./api/api.cpp (line:2806)
[0000252] [20:55:05:817512] [Tid0x00002d34] [debug] <--[C125] DL_Rom_SetEnableAttr
[0000253] [20:55:05:817512] [Tid0x00002d34] [debug] -->[C126] DL_GetCount #./api/api.cpp (line:2587)
[0000254] [20:55:05:817512] [Tid0x00002d34] [debug] <--[C126] DL_GetCount
[0000255] [20:55:05:817512] [Tid0x00002d34] [debug] -->[C127] DL_Rom_GetInfoAll #./api/api.cpp (line:2752)
[0000256] [20:55:05:817512] [Tid0x00002d34] [debug] <--[C127] DL_Rom_GetInfoAll
[0000257] [20:55:05:818512] [Tid0x00002d34] [debug] -->[C128] DL_Rom_SetEnableAttr #./api/api.cpp (line:2806)
[0000258] [20:55:05:818512] [Tid0x00002d34] [debug] <--[C128] DL_Rom_SetEnableAttr
[0000259] [20:55:05:818512] [Tid0x00002d34] [debug] -->[C129] DL_GetCount #./api/api.cpp (line:2587)
[0000260] [20:55:05:818512] [Tid0x00002d34] [debug] <--[C129] DL_GetCount
[0000261] [20:55:05:818512] [Tid0x00002d34] [debug] -->[C130] DL_Rom_GetInfoAll #./api/api.cpp (line:2752)
[0000262] [20:55:05:819512] [Tid0x00002d34] [debug] <--[C130] DL_Rom_GetInfoAll
[0000263] [20:55:05:819512] [Tid0x00002d34] [debug] -->[C131] DL_Rom_SetEnableAttr #./api/api.cpp (line:2806)
[0000264] [20:55:05:819512] [Tid0x00002d34] [debug] <--[C131] DL_Rom_SetEnableAttr
[0000265] [20:55:05:820512] [Tid0x00002d34] [debug] -->[C132] DL_GetCount #./api/api.cpp (line:2587)
[0000266] [20:55:05:820512] [Tid0x00002d34] [debug] <--[C132] DL_GetCount
[0000267] [20:55:05:820512] [Tid0x00002d34] [debug] -->[C133] DL_Rom_GetInfoAll #./api/api.cpp (line:2752)
[0000268] [20:55:05:820512] [Tid0x00002d34] [debug] <--[C133] DL_Rom_GetInfoAll
[0000269] [20:55:05:821512] [Tid0x00002d34] [debug] -->[C134] DL_Rom_SetEnableAttr #./api/api.cpp (line:2806)
[0000270] [20:55:05:821512] [Tid0x00002d34] [debug] <--[C134] DL_Rom_SetEnableAttr
[0000271] [20:55:05:821512] [Tid0x00002d34] [debug] -->[C135] DL_GetCount #./api/api.cpp (line:2587)
[0000272] [20:55:05:821512] [Tid0x00002d34] [debug] <--[C135] DL_GetCount
[0000273] [20:55:05:821512] [Tid0x00002d34] [debug] -->[C136] DL_Rom_GetInfoAll #./api/api.cpp (line:2752)
[0000274] [20:55:05:821512] [Tid0x00002d34] [debug] <--[C136] DL_Rom_GetInfoAll
[0000275] [20:55:05:822512] [Tid0x00002d34] [debug] -->[C137] DL_Rom_SetEnableAttr #./api/api.cpp (line:2806)
[0000276] [20:55:05:822512] [Tid0x00002d34] [debug] <--[C137] DL_Rom_SetEnableAttr
[0000277] [20:55:05:823512] [Tid0x00002d34] [debug] -->[C138] DL_GetCount #./api/api.cpp (line:2587)
[0000278] [20:55:05:823512] [Tid0x00002d34] [debug] <--[C138] DL_GetCount
[0000279] [20:55:05:823512] [Tid0x00002d34] [debug] -->[C139] DL_Rom_GetInfoAll #./api/api.cpp (line:2752)
[0000280] [20:55:05:823512] [Tid0x00002d34] [debug] <--[C139] DL_Rom_GetInfoAll
[0000281] [20:55:05:824512] [Tid0x00002d34] [debug] -->[C140] DL_Rom_SetEnableAttr #./api/api.cpp (line:2806)
[0000282] [20:55:05:824512] [Tid0x00002d34] [debug] <--[C140] DL_Rom_SetEnableAttr
[0000283] [20:55:05:824512] [Tid0x00002d34] [debug] -->[C141] DL_SetChecksumLevel #./api/api.cpp (line:2516)
[0000284] [20:55:05:824512] [Tid0x00002d34] [debug] <--[C141] DL_SetChecksumLevel
[0000285] [20:55:06:710512] [Tid0x00002d34] [debug] -->[C142] DL_GetCount #./api/api.cpp (line:2587)
[0000286] [20:55:06:710512] [Tid0x00002d34] [debug] <--[C142] DL_GetCount
[0000287] [20:55:06:710512] [Tid0x00002d34] [debug] -->[C143] DL_Rom_GetInfoAll #./api/api.cpp (line:2752)
[0000288] [20:55:06:710512] [Tid0x00002d34] [debug] <--[C143] DL_Rom_GetInfoAll
[0000289] [20:55:06:713512] [Tid0x00002d34] [debug] -->[C144] DL_GetCount #./api/api.cpp (line:2587)
[0000290] [20:55:06:713512] [Tid0x00002d34] [debug] <--[C144] DL_GetCount
[0000291] [20:55:06:713512] [Tid0x00002d34] [debug] -->[C145] DL_Rom_GetInfoAll #./api/api.cpp (line:2752)
[0000292] [20:55:06:713512] [Tid0x00002d34] [debug] <--[C145] DL_Rom_GetInfoAll
[0000293] [20:55:15:797512] [Tid0x000003cc] [debug] -->[C146] FlashTool_Connect_BROM_ByName #./api/api.cpp (line:1975)
[0000294] [20:55:15:798512] [Tid0x000003cc] [debug] -->[C147] FlashTool_Connect_BROM_Ex #./api/api.cpp (line:1880)
[0000295] [20:55:15:798512] [Tid0x000003cc] [debug] bCheckScatter: 1
[0000296] [20:55:15:798512] [Tid0x000003cc] [debug] have load scatter already
[0000297] [20:55:15:798512] [Tid0x000003cc] [debug] libversion 1
[0000298] [20:55:16:378512] [Tid0x000003cc] [debug] <--[C147] FlashTool_Connect_BROM_Ex
[0000299] [20:55:16:378512] [Tid0x000003cc] [debug] <--[C146] FlashTool_Connect_BROM_ByName
[0000300] [20:55:16:378512] [Tid0x000003cc] [debug] -->[C148] FlashTool_GetBootResult #./api/api.cpp (line:1987)
[0000301] [20:55:16:378512] [Tid0x000003cc] [debug] <--[C148] FlashTool_GetBootResult
[0000302] [20:55:16:378512] [Tid0x000003cc] [debug] -->[C149] FlashTool_Connect_Download_DA #./api/api.cpp (line:2007)
[0000303] [20:55:16:378512] [Tid0x000003cc] [debug] bCheckScatter: 1
[0000304] [20:55:18:446512] [Tid0x000003cc] [debug] <--[C149] FlashTool_Connect_Download_DA
[0000305] [20:55:18:446512] [Tid0x000003cc] [debug] -->[C150] FlashTool_CheckUSBStatus #./api/api.cpp (line:1154)
[0000306] [20:55:18:447512] [Tid0x000003cc] [debug] <--[C150] FlashTool_CheckUSBStatus
[0000307] [20:55:18:447512] [Tid0x000003cc] [debug] -->[C151] FlashTool_CheckUSBStatus #./api/api.cpp (line:1154)
[0000308] [20:55:18:448512] [Tid0x000003cc] [debug] <--[C151] FlashTool_CheckUSBStatus
[0000309] [20:55:18:449512] [Tid0x000003cc] [debug] -->[C152] FlashTool_GetReservedRomSize #./api/api.cpp (line:1677)
[0000310] [20:55:18:449512] [Tid0x000003cc] [debug] <--[C152] FlashTool_GetReservedRomSize
[0000311] [20:55:18:449512] [Tid0x000003cc] [debug] -->[C153] FlashTool_RomGetCount #./api/api.cpp (line:1702)
[0000312] [20:55:18:450512] [Tid0x000003cc] [debug] <--[C153] FlashTool_RomGetCount
[0000313] [20:55:18:450512] [Tid0x000003cc] [debug] -->[C154] FlashTool_RomGetInfoAll #./api/api.cpp (line:1726)
[0000314] [20:55:18:451512] [Tid0x000003cc] [debug] <--[C154] FlashTool_RomGetInfoAll
[0000315] [20:55:18:452512] [Tid0x000003cc] [debug] -->[C155] FlashTool_ReadPartitionCount #./api/api.cpp (line:1633)
[0000316] [20:55:18:486512] [Tid0x000003cc] [debug] <--[C155] FlashTool_ReadPartitionCount
[0000317] [20:55:18:486512] [Tid0x000003cc] [debug] -->[C156] FlashTool_ReadPartitionInfo #./api/api.cpp (line:1654)
[0000318] [20:55:18:486512] [Tid0x000003cc] [debug] <--[C156] FlashTool_ReadPartitionInfo
[0000319] [20:55:18:487512] [Tid0x000003cc] [debug] -->[C157] FlashTool_Download #./api/api.cpp (line:1300)
[0000320] [21:01:42:572512] [Tid0x000003cc] [debug] <--[C157] FlashTool_Download
[0000321] [21:01:42:572512] [Tid0x000003cc] [debug] -->[C158] DL_GetCount #./api/api.cpp (line:2587)
[0000322] [21:01:42:572512] [Tid0x000003cc] [debug] <--[C158] DL_GetCount
[0000323] [21:01:42:572512] [Tid0x000003cc] [debug] -->[C159] DL_Rom_GetInfoAll #./api/api.cpp (line:2752)
[0000324] [21:01:42:573512] [Tid0x000003cc] [debug] <--[C159] DL_Rom_GetInfoAll
[0000325] [21:01:42:618512] [Tid0x000003cc] [debug] -->[C160] FlashTool_Disconnect #./api/api.cpp (line:1033)
[0000326] [21:01:42:652512] [Tid0x000003cc] [debug] <--[C160] FlashTool_Disconnect
[0000327] [21:31:27:173512] [Tid0x00002f94] [debug] -->[C161] DL_LoadScatter #./api/api.cpp (line:2474)
[0000328] [21:31:27:226512] [Tid0x00002f94] [debug] used lib version: 1
[0000329] [21:31:27:227512] [Tid0x00002f94] [debug] <--[C161] DL_LoadScatter
[0000330] [21:31:27:227512] [Tid0x00002f94] [debug] -->[C162] DL_AutoLoadRomImages #./api/api.cpp (line:2667)
[0000331] [21:31:27:298512] [Tid0x00002f94] [debug] <--[C162] DL_AutoLoadRomImages
[0000332] [21:31:27:311512] [Tid0x00002d34] [debug] -->[C163] DL_GetCount #./api/api.cpp (line:2587)
[0000333] [21:31:27:311512] [Tid0x00002d34] [debug] <--[C163] DL_GetCount
[0000334] [21:31:27:311512] [Tid0x00002d34] [debug] -->[C164] DL_Rom_GetInfoAll #./api/api.cpp (line:2752)
[0000335] [21:31:27:311512] [Tid0x00002d34] [debug] <--[C164] DL_Rom_GetInfoAll
[0000336] [21:31:27:311512] [Tid0x00002d34] [debug] -->[C165] DL_GetScatterInfo #./api/api.cpp (line:2688)
[0000337] [21:31:27:311512] [Tid0x00002d34] [debug] <--[C165] DL_GetScatterInfo
[0000338] [21:31:27:314512] [Tid0x00002d34] [debug] -->[C166] DL_GetCount #./api/api.cpp (line:2587)
[0000339] [21:31:27:314512] [Tid0x00002d34] [debug] <--[C166] DL_GetCount
[0000340] [21:31:27:314512] [Tid0x00002d34] [debug] -->[C167] DL_Rom_GetInfoAll #./api/api.cpp (line:2752)
[0000341] [21:31:27:314512] [Tid0x00002d34] [debug] <--[C167] DL_Rom_GetInfoAll
[0000342] [21:31:27:314512] [Tid0x00002d34] [debug] -->[C168] DL_Rom_SetEnableAttr #./api/api.cpp (line:2806)
[0000343] [21:31:27:314512] [Tid0x00002d34] [debug] <--[C168] DL_Rom_SetEnableAttr
[0000344] [21:31:27:314512] [Tid0x00002d34] [debug] -->[C169] DL_GetCount #./api/api.cpp (line:2587)
[0000345] [21:31:27:314512] [Tid0x00002d34] [debug] <--[C169] DL_GetCount
[0000346] [21:31:27:314512] [Tid0x00002d34] [debug] -->[C170] DL_Rom_GetInfoAll #./api/api.cpp (line:2752)
[0000347] [21:31:27:314512] [Tid0x00002d34] [debug] <--[C170] DL_Rom_GetInfoAll
[0000348] [21:31:27:314512] [Tid0x00002d34] [debug] -->[C171] DL_Rom_SetEnableAttr #./api/api.cpp (line:2806)
[0000349] [21:31:27:314512] [Tid0x00002d34] [debug] <--[C171] DL_Rom_SetEnableAttr
[0000350] [21:31:27:315512] [Tid0x00002d34] [debug] -->[C172] DL_GetCount #./api/api.cpp (line:2587)
[0000351] [21:31:27:315512] [Tid0x00002d34] [debug] <--[C172] DL_GetCount
[0000352] [21:31:27:315512] [Tid0x00002d34] [debug] -->[C173] DL_Rom_GetInfoAll #./api/api.cpp (line:2752)
[0000353] [21:31:27:315512] [Tid0x00002d34] [debug] <--[C173] DL_Rom_GetInfoAll
[0000354] [21:31:27:315512] [Tid0x00002d34] [debug] -->[C174] DL_Rom_SetEnableAttr #./api/api.cpp (line:2806)
[0000355] [21:31:27:315512] [Tid0x00002d34] [debug] <--[C174] DL_Rom_SetEnableAttr
[0000356] [21:31:27:316512] [Tid0x00002d34] [debug] -->[C175] DL_GetCount #./api/api.cpp (line:2587)
[0000357] [21:31:27:316512] [Tid0x00002d34] [debug] <--[C175] DL_GetCount
[0000358] [21:31:27:316512] [Tid0x00002d34] [debug] -->[C176] DL_Rom_GetInfoAll #./api/api.cpp (line:2752)
[0000359] [21:31:27:316512] [Tid0x00002d34] [debug] <--[C176] DL_Rom_GetInfoAll
[0000360] [21:31:27:316512] [Tid0x00002d34] [debug] -->[C177] DL_Rom_SetEnableAttr #./api/api.cpp (line:2806)
[0000361] [21:31:27:316512] [Tid0x00002d34] [debug] <--[C177] DL_Rom_SetEnableAttr
[0000362] [21:31:27:316512] [Tid0x00002d34] [debug] -->[C178] DL_GetCount #./api/api.cpp (line:2587)
[0000363] [21:31:27:317512] [Tid0x00002d34] [debug] <--[C178] DL_GetCount
[0000364] [21:31:27:317512] [Tid0x00002d34] [debug] -->[C179] DL_Rom_GetInfoAll #./api/api.cpp (line:2752)
[0000365] [21:31:27:317512] [Tid0x00002d34] [debug] <--[C179] DL_Rom_GetInfoAll
[0000366] [21:31:27:317512] [Tid0x00002d34] [debug] -->[C180] DL_Rom_SetEnableAttr #./api/api.cpp (line:2806)
[0000367] [21:31:27:317512] [Tid0x00002d34] [debug] <--[C180] DL_Rom_SetEnableAttr
[0000368] [21:31:27:317512] [Tid0x00002d34] [debug] -->[C181] DL_GetCount #./api/api.cpp (line:2587)
[0000369] [21:31:27:317512] [Tid0x00002d34] [debug] <--[C181] DL_GetCount
[0000370] [21:31:27:317512] [Tid0x00002d34] [debug] -->[C182] DL_Rom_GetInfoAll #./api/api.cpp (line:2752)
[0000371] [21:31:27:317512] [Tid0x00002d34] [debug] <--[C182] DL_Rom_GetInfoAll
[0000372] [21:31:27:317512] [Tid0x00002d34] [debug] -->[C183] DL_Rom_SetEnableAttr #./api/api.cpp (line:2806)
[0000373] [21:31:27:317512] [Tid0x00002d34] [debug] <--[C183] DL_Rom_SetEnableAttr
[0000374] [21:31:27:318512] [Tid0x00002d34] [debug] -->[C184] DL_SetChecksumLevel #./api/api.cpp (line:2516)
[0000375] [21:31:27:318512] [Tid0x00002d34] [debug] <--[C184] DL_SetChecksumLevel
[0000376] [21:43:36:851512] [Tid0x00002484] [debug] -->[C185] DL_LoadScatter #./api/api.cpp (line:2474)
[0000377] [21:43:36:903512] [Tid0x00002484] [debug] used lib version: 1
[0000378] [21:43:36:903512] [Tid0x00002484] [debug] <--[C185] DL_LoadScatter
[0000379] [21:43:36:903512] [Tid0x00002484] [debug] -->[C186] DL_AutoLoadRomImages #./api/api.cpp (line:2667)
[0000380] [21:43:36:973512] [Tid0x00002484] [debug] <--[C186] DL_AutoLoadRomImages
[0000381] [21:43:37:003512] [Tid0x00002d34] [debug] -->[C187] DL_GetCount #./api/api.cpp (line:2587)
[0000382] [21:43:37:003512] [Tid0x00002d34] [debug] <--[C187] DL_GetCount
[0000383] [21:43:37:004512] [Tid0x00002d34] [debug] -->[C188] DL_Rom_GetInfoAll #./api/api.cpp (line:2752)
[0000384] [21:43:37:004512] [Tid0x00002d34] [debug] <--[C188] DL_Rom_GetInfoAll
[0000385] [21:43:37:004512] [Tid0x00002d34] [debug] -->[C189] DL_GetScatterInfo #./api/api.cpp (line:2688)
[0000386] [21:43:37:005512] [Tid0x00002d34] [debug] <--[C189] DL_GetScatterInfo
[0000387] [21:43:37:010512] [Tid0x00002d34] [debug] -->[C190] DL_GetCount #./api/api.cpp (line:2587)
[0000388] [21:43:37:010512] [Tid0x00002d34] [debug] <--[C190] DL_GetCount
[0000389] [21:43:37:010512] [Tid0x00002d34] [debug] -->[C191] DL_Rom_GetInfoAll #./api/api.cpp (line:2752)
[0000390] [21:43:37:011512] [Tid0x00002d34] [debug] <--[C191] DL_Rom_GetInfoAll
[0000391] [21:43:37:011512] [Tid0x00002d34] [debug] -->[C192] DL_Rom_SetEnableAttr #./api/api.cpp (line:2806)
[0000392] [21:43:37:011512] [Tid0x00002d34] [debug] <--[C192] DL_Rom_SetEnableAttr
[0000393] [21:43:37:013512] [Tid0x00002d34] [debug] -->[C193] DL_GetCount #./api/api.cpp (line:2587)
[0000394] [21:43:37:013512] [Tid0x00002d34] [debug] <--[C193] DL_GetCount
[0000395] [21:43:37:013512] [Tid0x00002d34] [debug] -->[C194] DL_Rom_GetInfoAll #./api/api.cpp (line:2752)
[0000396] [21:43:37:013512] [Tid0x00002d34] [debug] <--[C194] DL_Rom_GetInfoAll
[0000397] [21:43:37:014512] [Tid0x00002d34] [debug] -->[C195] DL_Rom_SetEnableAttr #./api/api.cpp (line:2806)
[0000398] [21:43:37:014512] [Tid0x00002d34] [debug] <--[C195] DL_Rom_SetEnableAttr
[0000399] [21:43:37:016512] [Tid0x00002d34] [debug] -->[C196] DL_GetCount #./api/api.cpp (line:2587)
[0000400] [21:43:37:017512] [Tid0x00002d34] [debug] <--[C196] DL_GetCount
[0000401] [21:43:37:017512] [Tid0x00002d34] [debug] -->[C197] DL_Rom_GetInfoAll #./api/api.cpp (line:2752)
[0000402] [21:43:37:017512] [Tid0x00002d34] [debug] <--[C197] DL_Rom_GetInfoAll
[0000403] [21:43:37:017512] [Tid0x00002d34] [debug] -->[C198] DL_Rom_SetEnableAttr #./api/api.cpp (line:2806)
[0000404] [21:43:37:017512] [Tid0x00002d34] [debug] <--[C198] DL_Rom_SetEnableAttr
[0000405] [21:43:37:019512] [Tid0x00002d34] [debug] -->[C199] DL_GetCount #./api/api.cpp (line:2587)
[0000406] [21:43:37:019512] [Tid0x00002d34] [debug] <--[C199] DL_GetCount
[0000407] [21:43:37:019512] [Tid0x00002d34] [debug] -->[C200] DL_Rom_GetInfoAll #./api/api.cpp (line:2752)
[0000408] [21:43:37:019512] [Tid0x00002d34] [debug] <--[C200] DL_Rom_GetInfoAll
[0000409] [21:43:37:019512] [Tid0x00002d34] [debug] -->[C201] DL_Rom_SetEnableAttr #./api/api.cpp (line:2806)
[0000410] [21:43:37:019512] [Tid0x00002d34] [debug] <--[C201] DL_Rom_SetEnableAttr
[0000411] [21:43:37:020512] [Tid0x00002d34] [debug] -->[C202] DL_SetChecksumLevel #./api/api.cpp (line:2516)
[0000412] [21:43:37:020512] [Tid0x00002d34] [debug] <--[C202] DL_SetChecksumLevel
[0000413] [22:17:39:733512] [Tid0x00002324] [debug] -->[C203] DL_LoadScatter #./api/api.cpp (line:2474)
[0000414] [22:17:39:791512] [Tid0x00002324] [debug] used lib version: 1
[0000415] [22:17:39:791512] [Tid0x00002324] [debug] <--[C203] DL_LoadScatter
[0000416] [22:17:39:791512] [Tid0x00002324] [debug] -->[C204] DL_AutoLoadRomImages #./api/api.cpp (line:2667)
[0000417] [22:17:39:806512] [Tid0x00002324] [debug] <--[C204] DL_AutoLoadRomImages
[0000418] [22:17:39:820512] [Tid0x00002d34] [debug] -->[C205] DL_GetCount #./api/api.cpp (line:2587)
[0000419] [22:17:39:820512] [Tid0x00002d34] [debug] <--[C205] DL_GetCount
[0000420] [22:17:39:820512] [Tid0x00002d34] [debug] -->[C206] DL_Rom_GetInfoAll #./api/api.cpp (line:2752)
[0000421] [22:17:39:820512] [Tid0x00002d34] [debug] <--[C206] DL_Rom_GetInfoAll
[0000422] [22:17:39:821512] [Tid0x00002d34] [debug] -->[C207] DL_GetScatterInfo #./api/api.cpp (line:2688)
[0000423] [22:17:39:821512] [Tid0x00002d34] [debug] <--[C207] DL_GetScatterInfo
[0000424] [22:17:39:825512] [Tid0x00002d34] [debug] -->[C208] DL_GetCount #./api/api.cpp (line:2587)
[0000425] [22:17:39:825512] [Tid0x00002d34] [debug] <--[C208] DL_GetCount
[0000426] [22:17:39:825512] [Tid0x00002d34] [debug] -->[C209] DL_Rom_GetInfoAll #./api/api.cpp (line:2752)
[0000427] [22:17:39:825512] [Tid0x00002d34] [debug] <--[C209] DL_Rom_GetInfoAll
[0000428] [22:17:39:825512] [Tid0x00002d34] [debug] -->[C210] DL_Rom_SetEnableAttr #./api/api.cpp (line:2806)
[0000429] [22:17:39:825512] [Tid0x00002d34] [debug] <--[C210] DL_Rom_SetEnableAttr
[0000430] [22:17:39:826512] [Tid0x00002d34] [debug] -->[C211] DL_GetCount #./api/api.cpp (line:2587)
[0000431] [22:17:39:826512] [Tid0x00002d34] [debug] <--[C211] DL_GetCount
[0000432] [22:17:39:826512] [Tid0x00002d34] [debug] -->[C212] DL_Rom_GetInfoAll #./api/api.cpp (line:2752)
[0000433] [22:17:39:826512] [Tid0x00002d34] [debug] <--[C212] DL_Rom_GetInfoAll
[0000434] [22:17:39:826512] [Tid0x00002d34] [debug] -->[C213] DL_Rom_SetEnableAttr #./api/api.cpp (line:2806)
[0000435] [22:17:39:826512] [Tid0x00002d34] [debug] <--[C213] DL_Rom_SetEnableAttr
[0000436] [22:17:39:827512] [Tid0x00002d34] [debug] -->[C214] DL_GetCount #./api/api.cpp (line:2587)
[0000437] [22:17:39:827512] [Tid0x00002d34] [debug] <--[C214] DL_GetCount
[0000438] [22:17:39:827512] [Tid0x00002d34] [debug] -->[C215] DL_Rom_GetInfoAll #./api/api.cpp (line:2752)
[0000439] [22:17:39:827512] [Tid0x00002d34] [debug] <--[C215] DL_Rom_GetInfoAll
[0000440] [22:17:39:827512] [Tid0x00002d34] [debug] -->[C216] DL_Rom_SetEnableAttr #./api/api.cpp (line:2806)
[0000441] [22:17:39:827512] [Tid0x00002d34] [debug] <--[C216] DL_Rom_SetEnableAttr
[0000442] [22:17:39:827512] [Tid0x00002d34] [debug] -->[C217] DL_GetCount #./api/api.cpp (line:2587)
[0000443] [22:17:39:827512] [Tid0x00002d34] [debug] <--[C217] DL_GetCount
[0000444] [22:17:39:827512] [Tid0x00002d34] [debug] -->[C218] DL_Rom_GetInfoAll #./api/api.cpp (line:2752)
[0000445] [22:17:39:827512] [Tid0x00002d34] [debug] <--[C218] DL_Rom_GetInfoAll
[0000446] [22:17:39:827512] [Tid0x00002d34] [debug] -->[C219] DL_Rom_SetEnableAttr #./api/api.cpp (line:2806)
[0000447] [22:17:39:827512] [Tid0x00002d34] [debug] <--[C219] DL_Rom_SetEnableAttr
[0000448] [22:17:39:829512] [Tid0x00002d34] [debug] -->[C220] DL_GetCount #./api/api.cpp (line:2587)
[0000449] [22:17:39:829512] [Tid0x00002d34] [debug] <--[C220] DL_GetCount
[0000450] [22:17:39:829512] [Tid0x00002d34] [debug] -->[C221] DL_Rom_GetInfoAll #./api/api.cpp (line:2752)
[0000451] [22:17:39:829512] [Tid0x00002d34] [debug] <--[C221] DL_Rom_GetInfoAll
[0000452] [22:17:39:829512] [Tid0x00002d34] [debug] -->[C222] DL_Rom_SetEnableAttr #./api/api.cpp (line:2806)
[0000453] [22:17:39:829512] [Tid0x00002d34] [debug] <--[C222] DL_Rom_SetEnableAttr
[0000454] [22:17:39:830512] [Tid0x00002d34] [debug] -->[C223] DL_GetCount #./api/api.cpp (line:2587)
[0000455] [22:17:39:830512] [Tid0x00002d34] [debug] <--[C223] DL_GetCount
[0000456] [22:17:39:830512] [Tid0x00002d34] [debug] -->[C224] DL_Rom_GetInfoAll #./api/api.cpp (line:2752)
[0000457] [22:17:39:830512] [Tid0x00002d34] [debug] <--[C224] DL_Rom_GetInfoAll
[0000458] [22:17:39:830512] [Tid0x00002d34] [debug] -->[C225] DL_Rom_SetEnableAttr #./api/api.cpp (line:2806)
[0000459] [22:17:39:830512] [Tid0x00002d34] [debug] <--[C225] DL_Rom_SetEnableAttr
[0000460] [22:17:39:830512] [Tid0x00002d34] [debug] -->[C226] DL_GetCount #./api/api.cpp (line:2587)
[0000461] [22:17:39:830512] [Tid0x00002d34] [debug] <--[C226] DL_GetCount
[0000462] [22:17:39:830512] [Tid0x00002d34] [debug] -->[C227] DL_Rom_GetInfoAll #./api/api.cpp (line:2752)
[0000463] [22:17:39:830512] [Tid0x00002d34] [debug] <--[C227] DL_Rom_GetInfoAll
[0000464] [22:17:39:830512] [Tid0x00002d34] [debug] -->[C228] DL_Rom_SetEnableAttr #./api/api.cpp (line:2806)
[0000465] [22:17:39:831512] [Tid0x00002d34] [debug] <--[C228] DL_Rom_SetEnableAttr
[0000466] [22:17:39:831512] [Tid0x00002d34] [debug] -->[C229] DL_GetCount #./api/api.cpp (line:2587)
[0000467] [22:17:39:831512] [Tid0x00002d34] [debug] <--[C229] DL_GetCount
[0000468] [22:17:39:831512] [Tid0x00002d34] [debug] -->[C230] DL_Rom_GetInfoAll #./api/api.cpp (line:2752)
[0000469] [22:17:39:831512] [Tid0x00002d34] [debug] <--[C230] DL_Rom_GetInfoAll
[0000470] [22:17:39:831512] [Tid0x00002d34] [debug] -->[C231] DL_Rom_SetEnableAttr #./api/api.cpp (line:2806)
[0000471] [22:17:39:831512] [Tid0x00002d34] [debug] <--[C231] DL_Rom_SetEnableAttr
[0000472] [22:17:39:832512] [Tid0x00002d34] [debug] -->[C232] DL_GetCount #./api/api.cpp (line:2587)
[0000473] [22:17:39:832512] [Tid0x00002d34] [debug] <--[C232] DL_GetCount
[0000474] [22:17:39:832512] [Tid0x00002d34] [debug] -->[C233] DL_Rom_GetInfoAll #./api/api.cpp (line:2752)
[0000475] [22:17:39:832512] [Tid0x00002d34] [debug] <--[C233] DL_Rom_GetInfoAll
[0000476] [22:17:39:832512] [Tid0x00002d34] [debug] -->[C234] DL_Rom_SetEnableAttr #./api/api.cpp (line:2806)
[0000477] [22:17:39:832512] [Tid0x00002d34] [debug] <--[C234] DL_Rom_SetEnableAttr
[0000478] [22:17:39:832512] [Tid0x00002d34] [debug] -->[C235] DL_GetCount #./api/api.cpp (line:2587)
[0000479] [22:17:39:833512] [Tid0x00002d34] [debug] <--[C235] DL_GetCount
[0000480] [22:17:39:833512] [Tid0x00002d34] [debug] -->[C236] DL_Rom_GetInfoAll #./api/api.cpp (line:2752)
[0000481] [22:17:39:833512] [Tid0x00002d34] [debug] <--[C236] DL_Rom_GetInfoAll
[0000482] [22:17:39:833512] [Tid0x00002d34] [debug] -->[C237] DL_Rom_SetEnableAttr #./api/api.cpp (line:2806)
[0000483] [22:17:39:833512] [Tid0x00002d34] [debug] <--[C237] DL_Rom_SetEnableAttr
[0000484] [22:17:39:833512] [Tid0x00002d34] [debug] -->[C238] DL_GetCount #./api/api.cpp (line:2587)
[0000485] [22:17:39:833512] [Tid0x00002d34] [debug] <--[C238] DL_GetCount
[0000486] [22:17:39:833512] [Tid0x00002d34] [debug] -->[C239] DL_Rom_GetInfoAll #./api/api.cpp (line:2752)
[0000487] [22:17:39:833512] [Tid0x00002d34] [debug] <--[C239] DL_Rom_GetInfoAll
[0000488] [22:17:39:833512] [Tid0x00002d34] [debug] -->[C240] DL_Rom_SetEnableAttr #./api/api.cpp (line:2806)
[0000489] [22:17:39:833512] [Tid0x00002d34] [debug] <--[C240] DL_Rom_SetEnableAttr
[0000490] [22:17:39:834512] [Tid0x00002d34] [debug] -->[C241] DL_GetCount #./api/api.cpp (line:2587)
[0000491] [22:17:39:834512] [Tid0x00002d34] [debug] <--[C241] DL_GetCount
[0000492] [22:17:39:834512] [Tid0x00002d34] [debug] -->[C242] DL_Rom_GetInfoAll #./api/api.cpp (line:2752)
[0000493] [22:17:39:834512] [Tid0x00002d34] [debug] <--[C242] DL_Rom_GetInfoAll
[0000494] [22:17:39:834512] [Tid0x00002d34] [debug] -->[C243] DL_Rom_SetEnableAttr #./api/api.cpp (line:2806)
[0000495] [22:17:39:834512] [Tid0x00002d34] [debug] <--[C243] DL_Rom_SetEnableAttr
[0000496] [22:17:39:835512] [Tid0x00002d34] [debug] -->[C244] DL_GetCount #./api/api.cpp (line:2587)
[0000497] [22:17:39:835512] [Tid0x00002d34] [debug] <--[C244] DL_GetCount
[0000498] [22:17:39:835512] [Tid0x00002d34] [debug] -->[C245] DL_Rom_GetInfoAll #./api/api.cpp (line:2752)
[0000499] [22:17:39:835512] [Tid0x00002d34] [debug] <--[C245] DL_Rom_GetInfoAll
[0000500] [22:17:39:836512] [Tid0x00002d34] [debug] -->[C246] DL_Rom_SetEnableAttr #./api/api.cpp (line:2806)
[0000501] [22:17:39:836512] [Tid0x00002d34] [debug] <--[C246] DL_Rom_SetEnableAttr
[0000502] [22:17:39:836512] [Tid0x00002d34] [debug] -->[C247] DL_GetCount #./api/api.cpp (line:2587)
[0000503] [22:17:39:836512] [Tid0x00002d34] [debug] <--[C247] DL_GetCount
[0000504] [22:17:39:836512] [Tid0x00002d34] [debug] -->[C248] DL_Rom_GetInfoAll #./api/api.cpp (line:2752)
[0000505] [22:17:39:836512] [Tid0x00002d34] [debug] <--[C248] DL_Rom_GetInfoAll
[0000506] [22:17:39:836512] [Tid0x00002d34] [debug] -->[C249] DL_Rom_SetEnableAttr #./api/api.cpp (line:2806)
[0000507] [22:17:39:836512] [Tid0x00002d34] [debug] <--[C249] DL_Rom_SetEnableAttr
[0000508] [22:17:39:836512] [Tid0x00002d34] [debug] -->[C250] DL_GetCount #./api/api.cpp (line:2587)
[0000509] [22:17:39:836512] [Tid0x00002d34] [debug] <--[C250] DL_GetCount
[0000510] [22:17:39:837512] [Tid0x00002d34] [debug] -->[C251] DL_Rom_GetInfoAll #./api/api.cpp (line:2752)
[0000511] [22:17:39:837512] [Tid0x00002d34] [debug] <--[C251] DL_Rom_GetInfoAll
[0000512] [22:17:39:837512] [Tid0x00002d34] [debug] -->[C252] DL_Rom_SetEnableAttr #./api/api.cpp (line:2806)
[0000513] [22:17:39:837512] [Tid0x00002d34] [debug] <--[C252] DL_Rom_SetEnableAttr
[0000514] [22:17:39:838512] [Tid0x00002d34] [debug] -->[C253] DL_GetCount #./api/api.cpp (line:2587)
[0000515] [22:17:39:838512] [Tid0x00002d34] [debug] <--[C253] DL_GetCount
[0000516] [22:17:39:838512] [Tid0x00002d34] [debug] -->[C254] DL_Rom_GetInfoAll #./api/api.cpp (line:2752)
[0000517] [22:17:39:838512] [Tid0x00002d34] [debug] <--[C254] DL_Rom_GetInfoAll
[0000518] [22:17:39:839512] [Tid0x00002d34] [debug] -->[C255] DL_Rom_SetEnableAttr #./api/api.cpp (line:2806)
[0000519] [22:17:39:839512] [Tid0x00002d34] [debug] <--[C255] DL_Rom_SetEnableAttr
[0000520] [22:17:39:839512] [Tid0x00002d34] [debug] -->[C256] DL_GetCount #./api/api.cpp (line:2587)
[0000521] [22:17:39:839512] [Tid0x00002d34] [debug] <--[C256] DL_GetCount
[0000522] [22:17:39:839512] [Tid0x00002d34] [debug] -->[C257] DL_Rom_GetInfoAll #./api/api.cpp (line:2752)
[0000523] [22:17:39:839512] [Tid0x00002d34] [debug] <--[C257] DL_Rom_GetInfoAll
[0000524] [22:17:39:839512] [Tid0x00002d34] [debug] -->[C258] DL_Rom_SetEnableAttr #./api/api.cpp (line:2806)
[0000525] [22:17:39:839512] [Tid0x00002d34] [debug] <--[C258] DL_Rom_SetEnableAttr
[0000526] [22:17:39:840512] [Tid0x00002d34] [debug] -->[C259] DL_GetCount #./api/api.cpp (line:2587)
[0000527] [22:17:39:840512] [Tid0x00002d34] [debug] <--[C259] DL_GetCount
[0000528] [22:17:39:840512] [Tid0x00002d34] [debug] -->[C260] DL_Rom_GetInfoAll #./api/api.cpp (line:2752)
[0000529] [22:17:39:840512] [Tid0x00002d34] [debug] <--[C260] DL_Rom_GetInfoAll
[0000530] [22:17:39:840512] [Tid0x00002d34] [debug] -->[C261] DL_Rom_SetEnableAttr #./api/api.cpp (line:2806)
[0000531] [22:17:39:840512] [Tid0x00002d34] [debug] <--[C261] DL_Rom_SetEnableAttr
[0000532] [22:17:39:841512] [Tid0x00002d34] [debug] -->[C262] DL_GetCount #./api/api.cpp (line:2587)
[0000533] [22:17:39:841512] [Tid0x00002d34] [debug] <--[C262] DL_GetCount
[0000534] [22:17:39:841512] [Tid0x00002d34] [debug] -->[C263] DL_Rom_GetInfoAll #./api/api.cpp (line:2752)
[0000535] [22:17:39:841512] [Tid0x00002d34] [debug] <--[C263] DL_Rom_GetInfoAll
[0000536] [22:17:39:842512] [Tid0x00002d34] [debug] -->[C264] DL_Rom_SetEnableAttr #./api/api.cpp (line:2806)
[0000537] [22:17:39:842512] [Tid0x00002d34] [debug] <--[C264] DL_Rom_SetEnableAttr
[0000538] [22:17:39:842512] [Tid0x00002d34] [debug] -->[C265] DL_GetCount #./api/api.cpp (line:2587)
[0000539] [22:17:39:842512] [Tid0x00002d34] [debug] <--[C265] DL_GetCount
[0000540] [22:17:39:842512] [Tid0x00002d34] [debug] -->[C266] DL_Rom_GetInfoAll #./api/api.cpp (line:2752)
[0000541] [22:17:39:842512] [Tid0x00002d34] [debug] <--[C266] DL_Rom_GetInfoAll
[0000542] [22:17:39:842512] [Tid0x00002d34] [debug] -->[C267] DL_Rom_SetEnableAttr #./api/api.cpp (line:2806)
[0000543] [22:17:39:842512] [Tid0x00002d34] [debug] <--[C267] DL_Rom_SetEnableAttr
[0000544] [22:17:39:842512] [Tid0x00002d34] [debug] -->[C268] DL_GetCount #./api/api.cpp (line:2587)
[0000545] [22:17:39:842512] [Tid0x00002d34] [debug] <--[C268] DL_GetCount
[0000546] [22:17:39:842512] [Tid0x00002d34] [debug] -->[C269] DL_Rom_GetInfoAll #./api/api.cpp (line:2752)
[0000547] [22:17:39:842512] [Tid0x00002d34] [debug] <--[C269] DL_Rom_GetInfoAll
[0000548] [22:17:39:843512] [Tid0x00002d34] [debug] -->[C270] DL_Rom_SetEnableAttr #./api/api.cpp (line:2806)
[0000549] [22:17:39:843512] [Tid0x00002d34] [debug] <--[C270] DL_Rom_SetEnableAttr
[0000550] [22:17:39:843512] [Tid0x00002d34] [debug] -->[C271] DL_GetCount #./api/api.cpp (line:2587)
[0000551] [22:17:39:843512] [Tid0x00002d34] [debug] <--[C271] DL_GetCount
[0000552] [22:17:39:843512] [Tid0x00002d34] [debug] -->[C272] DL_Rom_GetInfoAll #./api/api.cpp (line:2752)
[0000553] [22:17:39:843512] [Tid0x00002d34] [debug] <--[C272] DL_Rom_GetInfoAll
[0000554] [22:17:39:843512] [Tid0x00002d34] [debug] -->[C273] DL_Rom_SetEnableAttr #./api/api.cpp (line:2806)
[0000555] [22:17:39:843512] [Tid0x00002d34] [debug] <--[C273] DL_Rom_SetEnableAttr
[0000556] [22:17:39:843512] [Tid0x00002d34] [debug] -->[C274] DL_GetCount #./api/api.cpp (line:2587)
[0000557] [22:17:39:843512] [Tid0x00002d34] [debug] <--[C274] DL_GetCount
[0000558] [22:17:39:843512] [Tid0x00002d34] [debug] -->[C275] DL_Rom_GetInfoAll #./api/api.cpp (line:2752)
[0000559] [22:17:39:844512] [Tid0x00002d34] [debug] <--[C275] DL_Rom_GetInfoAll
[0000560] [22:17:39:844512] [Tid0x00002d34] [debug] -->[C276] DL_Rom_SetEnableAttr #./api/api.cpp (line:2806)
[0000561] [22:17:39:844512] [Tid0x00002d34] [debug] <--[C276] DL_Rom_SetEnableAttr
[0000562] [22:17:39:844512] [Tid0x00002d34] [debug] -->[C277] DL_GetCount #./api/api.cpp (line:2587)
[0000563] [22:17:39:844512] [Tid0x00002d34] [debug] <--[C277] DL_GetCount
[0000564] [22:17:39:844512] [Tid0x00002d34] [debug] -->[C278] DL_Rom_GetInfoAll #./api/api.cpp (line:2752)
[0000565] [22:17:39:844512] [Tid0x00002d34] [debug] <--[C278] DL_Rom_GetInfoAll
[0000566] [22:17:39:844512] [Tid0x00002d34] [debug] -->[C279] DL_Rom_SetEnableAttr #./api/api.cpp (line:2806)
[0000567] [22:17:39:844512] [Tid0x00002d34] [debug] <--[C279] DL_Rom_SetEnableAttr
[0000568] [22:17:39:845512] [Tid0x00002d34] [debug] -->[C280] DL_GetCount #./api/api.cpp (line:2587)
[0000569] [22:17:39:845512] [Tid0x00002d34] [debug] <--[C280] DL_GetCount
[0000570] [22:17:39:845512] [Tid0x00002d34] [debug] -->[C281] DL_Rom_GetInfoAll #./api/api.cpp (line:2752)
[0000571] [22:17:39:845512] [Tid0x00002d34] [debug] <--[C281] DL_Rom_GetInfoAll
[0000572] [22:17:39:845512] [Tid0x00002d34] [debug] -->[C282] DL_Rom_SetEnableAttr #./api/api.cpp (line:2806)
[0000573] [22:17:39:845512] [Tid0x00002d34] [debug] <--[C282] DL_Rom_SetEnableAttr
[0000574] [22:17:39:845512] [Tid0x00002d34] [debug] -->[C283] DL_GetCount #./api/api.cpp (line:2587)
[0000575] [22:17:39:845512] [Tid0x00002d34] [debug] <--[C283] DL_GetCount
[0000576] [22:17:39:845512] [Tid0x00002d34] [debug] -->[C284] DL_Rom_GetInfoAll #./api/api.cpp (line:2752)
[0000577] [22:17:39:845512] [Tid0x00002d34] [debug] <--[C284] DL_Rom_GetInfoAll
[0000578] [22:17:39:845512] [Tid0x00002d34] [debug] -->[C285] DL_Rom_SetEnableAttr #./api/api.cpp (line:2806)
[0000579] [22:17:39:845512] [Tid0x00002d34] [debug] <--[C285] DL_Rom_SetEnableAttr
[0000580] [22:17:39:846512] [Tid0x00002d34] [debug] -->[C286] DL_GetCount #./api/api.cpp (line:2587)
[0000581] [22:17:39:846512] [Tid0x00002d34] [debug] <--[C286] DL_GetCount
[0000582] [22:17:39:846512] [Tid0x00002d34] [debug] -->[C287] DL_Rom_GetInfoAll #./api/api.cpp (line:2752)
[0000583] [22:17:39:846512] [Tid0x00002d34] [debug] <--[C287] DL_Rom_GetInfoAll
[0000584] [22:17:39:846512] [Tid0x00002d34] [debug] -->[C288] DL_Rom_SetEnableAttr #./api/api.cpp (line:2806)
[0000585] [22:17:39:846512] [Tid0x00002d34] [debug] <--[C288] DL_Rom_SetEnableAttr
[0000586] [22:17:39:847512] [Tid0x00002d34] [debug] -->[C289] DL_GetCount #./api/api.cpp (line:2587)
[0000587] [22:17:39:847512] [Tid0x00002d34] [debug] <--[C289] DL_GetCount
[0000588] [22:17:39:847512] [Tid0x00002d34] [debug] -->[C290] DL_Rom_GetInfoAll #./api/api.cpp (line:2752)
[0000589] [22:17:39:847512] [Tid0x00002d34] [debug] <--[C290] DL_Rom_GetInfoAll
[0000590] [22:17:39:847512] [Tid0x00002d34] [debug] -->[C291] DL_Rom_SetEnableAttr #./api/api.cpp (line:2806)
[0000591] [22:17:39:847512] [Tid0x00002d34] [debug] <--[C291] DL_Rom_SetEnableAttr
[0000592] [22:17:39:847512] [Tid0x00002d34] [debug] -->[C292] DL_GetCount #./api/api.cpp (line:2587)
[0000593] [22:17:39:847512] [Tid0x00002d34] [debug] <--[C292] DL_GetCount
[0000594] [22:17:39:847512] [Tid0x00002d34] [debug] -->[C293] DL_Rom_GetInfoAll #./api/api.cpp (line:2752)
[0000595] [22:17:39:847512] [Tid0x00002d34] [debug] <--[C293] DL_Rom_GetInfoAll
[0000596] [22:17:39:847512] [Tid0x00002d34] [debug] -->[C294] DL_Rom_SetEnableAttr #./api/api.cpp (line:2806)
[0000597] [22:17:39:847512] [Tid0x00002d34] [debug] <--[C294] DL_Rom_SetEnableAttr
[0000598] [22:17:39:848512] [Tid0x00002d34] [debug] -->[C295] DL_GetCount #./api/api.cpp (line:2587)
[0000599] [22:17:39:848512] [Tid0x00002d34] [debug] <--[C295] DL_GetCount
[0000600] [22:17:39:848512] [Tid0x00002d34] [debug] -->[C296] DL_Rom_GetInfoAll #./api/api.cpp (line:2752)
[0000601] [22:17:39:848512] [Tid0x00002d34] [debug] <--[C296] DL_Rom_GetInfoAll
[0000602] [22:17:39:848512] [Tid0x00002d34] [debug] -->[C297] DL_Rom_SetEnableAttr #./api/api.cpp (line:2806)
[0000603] [22:17:39:848512] [Tid0x00002d34] [debug] <--[C297] DL_Rom_SetEnableAttr
[0000604] [22:17:39:849512] [Tid0x00002d34] [debug] -->[C298] DL_GetCount #./api/api.cpp (line:2587)
[0000605] [22:17:39:849512] [Tid0x00002d34] [debug] <--[C298] DL_GetCount
[0000606] [22:17:39:849512] [Tid0x00002d34] [debug] -->[C299] DL_Rom_GetInfoAll #./api/api.cpp (line:2752)
[0000607] [22:17:39:849512] [Tid0x00002d34] [debug] <--[C299] DL_Rom_GetInfoAll
[0000608] [22:17:39:849512] [Tid0x00002d34] [debug] -->[C300] DL_Rom_SetEnableAttr #./api/api.cpp (line:2806)
[0000609] [22:17:39:849512] [Tid0x00002d34] [debug] <--[C300] DL_Rom_SetEnableAttr
[0000610] [22:17:39:849512] [Tid0x00002d34] [debug] -->[C301] DL_GetCount #./api/api.cpp (line:2587)
[0000611] [22:17:39:849512] [Tid0x00002d34] [debug] <--[C301] DL_GetCount
[0000612] [22:17:39:849512] [Tid0x00002d34] [debug] -->[C302] DL_Rom_GetInfoAll #./api/api.cpp (line:2752)
[0000613] [22:17:39:849512] [Tid0x00002d34] [debug] <--[C302] DL_Rom_GetInfoAll
[0000614] [22:17:39:849512] [Tid0x00002d34] [debug] -->[C303] DL_Rom_SetEnableAttr #./api/api.cpp (line:2806)
[0000615] [22:17:39:849512] [Tid0x00002d34] [debug] <--[C303] DL_Rom_SetEnableAttr
[0000616] [22:17:39:850512] [Tid0x00002d34] [debug] -->[C304] DL_GetCount #./api/api.cpp (line:2587)
[0000617] [22:17:39:850512] [Tid0x00002d34] [debug] <--[C304] DL_GetCount
[0000618] [22:17:39:850512] [Tid0x00002d34] [debug] -->[C305] DL_Rom_GetInfoAll #./api/api.cpp (line:2752)
[0000619] [22:17:39:850512] [Tid0x00002d34] [debug] <--[C305] DL_Rom_GetInfoAll
[0000620] [22:17:39:850512] [Tid0x00002d34] [debug] -->[C306] DL_Rom_SetEnableAttr #./api/api.cpp (line:2806)
[0000621] [22:17:39:850512] [Tid0x00002d34] [debug] <--[C306] DL_Rom_SetEnableAttr
[0000622] [22:17:39:851512] [Tid0x00002d34] [debug] -->[C307] DL_GetCount #./api/api.cpp (line:2587)
[0000623] [22:17:39:851512] [Tid0x00002d34] [debug] <--[C307] DL_GetCount
[0000624] [22:17:39:851512] [Tid0x00002d34] [debug] -->[C308] DL_Rom_GetInfoAll #./api/api.cpp (line:2752)
[0000625] [22:17:39:851512] [Tid0x00002d34] [debug] <--[C308] DL_Rom_GetInfoAll
[0000626] [22:17:39:851512] [Tid0x00002d34] [debug] -->[C309] DL_Rom_SetEnableAttr #./api/api.cpp (line:2806)
[0000627] [22:17:39:851512] [Tid0x00002d34] [debug] <--[C309] DL_Rom_SetEnableAttr
[0000628] [22:17:39:851512] [Tid0x00002d34] [debug] -->[C310] DL_GetCount #./api/api.cpp (line:2587)
[0000629] [22:17:39:851512] [Tid0x00002d34] [debug] <--[C310] DL_GetCount
[0000630] [22:17:39:851512] [Tid0x00002d34] [debug] -->[C311] DL_Rom_GetInfoAll #./api/api.cpp (line:2752)
[0000631] [22:17:39:851512] [Tid0x00002d34] [debug] <--[C311] DL_Rom_GetInfoAll
[0000632] [22:17:39:852512] [Tid0x00002d34] [debug] -->[C312] DL_Rom_SetEnableAttr #./api/api.cpp (line:2806)
[0000633] [22:17:39:852512] [Tid0x00002d34] [debug] <--[C312] DL_Rom_SetEnableAttr
[0000634] [22:17:39:852512] [Tid0x00002d34] [debug] -->[C313] DL_GetCount #./api/api.cpp (line:2587)
[0000635] [22:17:39:852512] [Tid0x00002d34] [debug] <--[C313] DL_GetCount
[0000636] [22:17:39:852512] [Tid0x00002d34] [debug] -->[C314] DL_Rom_GetInfoAll #./api/api.cpp (line:2752)
[0000637] [22:17:39:853512] [Tid0x00002d34] [debug] <--[C314] DL_Rom_GetInfoAll
[0000638] [22:17:39:853512] [Tid0x00002d34] [debug] -->[C315] DL_Rom_SetEnableAttr #./api/api.cpp (line:2806)
[0000639] [22:17:39:853512] [Tid0x00002d34] [debug] <--[C315] DL_Rom_SetEnableAttr
[0000640] [22:17:39:854512] [Tid0x00002d34] [debug] -->[C316] DL_GetCount #./api/api.cpp (line:2587)
[0000641] [22:17:39:854512] [Tid0x00002d34] [debug] <--[C316] DL_GetCount
[0000642] [22:17:39:854512] [Tid0x00002d34] [debug] -->[C317] DL_Rom_GetInfoAll #./api/api.cpp (line:2752)
[0000643] [22:17:39:855512] [Tid0x00002d34] [debug] <--[C317] DL_Rom_GetInfoAll
[0000644] [22:17:39:855512] [Tid0x00002d34] [debug] -->[C318] DL_Rom_SetEnableAttr #./api/api.cpp (line:2806)
[0000645] [22:17:39:855512] [Tid0x00002d34] [debug] <--[C318] DL_Rom_SetEnableAttr
[0000646] [22:17:39:855512] [Tid0x00002d34] [debug] -->[C319] DL_GetCount #./api/api.cpp (line:2587)
[0000647] [22:17:39:855512] [Tid0x00002d34] [debug] <--[C319] DL_GetCount
[0000648] [22:17:39:855512] [Tid0x00002d34] [debug] -->[C320] DL_Rom_GetInfoAll #./api/api.cpp (line:2752)
[0000649] [22:17:39:855512] [Tid0x00002d34] [debug] <--[C320] DL_Rom_GetInfoAll
[0000650] [22:17:39:855512] [Tid0x00002d34] [debug] -->[C321] DL_Rom_SetEnableAttr #./api/api.cpp (line:2806)
[0000651] [22:17:39:855512] [Tid0x00002d34] [debug] <--[C321] DL_Rom_SetEnableAttr
[0000652] [22:17:39:856512] [Tid0x00002d34] [debug] -->[C322] DL_GetCount #./api/api.cpp (line:2587)
[0000653] [22:17:39:856512] [Tid0x00002d34] [debug] <--[C322] DL_GetCount
[0000654] [22:17:39:856512] [Tid0x00002d34] [debug] -->[C323] DL_Rom_GetInfoAll #./api/api.cpp (line:2752)
[0000655] [22:17:39:856512] [Tid0x00002d34] [debug] <--[C323] DL_Rom_GetInfoAll
[0000656] [22:17:39:857512] [Tid0x00002d34] [debug] -->[C324] DL_Rom_SetEnableAttr #./api/api.cpp (line:2806)
[0000657] [22:17:39:857512] [Tid0x00002d34] [debug] <--[C324] DL_Rom_SetEnableAttr
[0000658] [22:17:39:857512] [Tid0x00002d34] [debug] -->[C325] DL_GetCount #./api/api.cpp (line:2587)
[0000659] [22:17:39:857512] [Tid0x00002d34] [debug] <--[C325] DL_GetCount
[0000660] [22:17:39:857512] [Tid0x00002d34] [debug] -->[C326] DL_Rom_GetInfoAll #./api/api.cpp (line:2752)
[0000661] [22:17:39:857512] [Tid0x00002d34] [debug] <--[C326] DL_Rom_GetInfoAll
[0000662] [22:17:39:858512] [Tid0x00002d34] [debug] -->[C327] DL_Rom_SetEnableAttr #./api/api.cpp (line:2806)
[0000663] [22:17:39:858512] [Tid0x00002d34] [debug] <--[C327] DL_Rom_SetEnableAttr
[0000664] [22:17:39:858512] [Tid0x00002d34] [debug] -->[C328] DL_GetCount #./api/api.cpp (line:2587)
[0000665] [22:17:39:858512] [Tid0x00002d34] [debug] <--[C328] DL_GetCount
[0000666] [22:17:39:858512] [Tid0x00002d34] [debug] -->[C329] DL_Rom_GetInfoAll #./api/api.cpp (line:2752)
[0000667] [22:17:39:858512] [Tid0x00002d34] [debug] <--[C329] DL_Rom_GetInfoAll
[0000668] [22:17:39:858512] [Tid0x00002d34] [debug] -->[C330] DL_Rom_SetEnableAttr #./api/api.cpp (line:2806)
[0000669] [22:17:39:858512] [Tid0x00002d34] [debug] <--[C330] DL_Rom_SetEnableAttr
[0000670] [22:17:39:858512] [Tid0x00002d34] [debug] -->[C331] DL_GetCount #./api/api.cpp (line:2587)
[0000671] [22:17:39:858512] [Tid0x00002d34] [debug] <--[C331] DL_GetCount
[0000672] [22:17:39:858512] [Tid0x00002d34] [debug] -->[C332] DL_Rom_GetInfoAll #./api/api.cpp (line:2752)
[0000673] [22:17:39:858512] [Tid0x00002d34] [debug] <--[C332] DL_Rom_GetInfoAll
[0000674] [22:17:39:859512] [Tid0x00002d34] [debug] -->[C333] DL_Rom_SetEnableAttr #./api/api.cpp (line:2806)
[0000675] [22:17:39:859512] [Tid0x00002d34] [debug] <--[C333] DL_Rom_SetEnableAttr
[0000676] [22:17:39:859512] [Tid0x00002d34] [debug] -->[C334] DL_GetCount #./api/api.cpp (line:2587)
[0000677] [22:17:39:859512] [Tid0x00002d34] [debug] <--[C334] DL_GetCount
[0000678] [22:17:39:859512] [Tid0x00002d34] [debug] -->[C335] DL_Rom_GetInfoAll #./api/api.cpp (line:2752)
[0000679] [22:17:39:859512] [Tid0x00002d34] [debug] <--[C335] DL_Rom_GetInfoAll
[0000680] [22:17:39:859512] [Tid0x00002d34] [debug] -->[C336] DL_Rom_SetEnableAttr #./api/api.cpp (line:2806)
[0000681] [22:17:39:859512] [Tid0x00002d34] [debug] <--[C336] DL_Rom_SetEnableAttr
[0000682] [22:17:39:859512] [Tid0x00002d34] [debug] -->[C337] DL_GetCount #./api/api.cpp (line:2587)
[0000683] [22:17:39:859512] [Tid0x00002d34] [debug] <--[C337] DL_GetCount
[0000684] [22:17:39:859512] [Tid0x00002d34] [debug] -->[C338] DL_Rom_GetInfoAll #./api/api.cpp (line:2752)
[0000685] [22:17:39:859512] [Tid0x00002d34] [debug] <--[C338] DL_Rom_GetInfoAll
[0000686] [22:17:39:860512] [Tid0x00002d34] [debug] -->[C339] DL_Rom_SetEnableAttr #./api/api.cpp (line:2806)
[0000687] [22:17:39:860512] [Tid0x00002d34] [debug] <--[C339] DL_Rom_SetEnableAttr
[0000688] [22:17:39:860512] [Tid0x00002d34] [debug] -->[C340] DL_GetCount #./api/api.cpp (line:2587)
[0000689] [22:17:39:860512] [Tid0x00002d34] [debug] <--[C340] DL_GetCount
[0000690] [22:17:39:860512] [Tid0x00002d34] [debug] -->[C341] DL_Rom_GetInfoAll #./api/api.cpp (line:2752)
[0000691] [22:17:39:860512] [Tid0x00002d34] [debug] <--[C341] DL_Rom_GetInfoAll
[0000692] [22:17:39:860512] [Tid0x00002d34] [debug] -->[C342] DL_Rom_SetEnableAttr #./api/api.cpp (line:2806)
[0000693] [22:17:39:860512] [Tid0x00002d34] [debug] <--[C342] DL_Rom_SetEnableAttr
[0000694] [22:17:39:861512] [Tid0x00002d34] [debug] -->[C343] DL_SetChecksumLevel #./api/api.cpp (line:2516)
[0000695] [22:17:39:861512] [Tid0x00002d34] [debug] <--[C343] DL_SetChecksumLevel
[0000696] [22:18:01:234512] [Tid0x00002324] [debug] -->[C344] DL_LoadScatter #./api/api.cpp (line:2474)
[0000697] [22:18:01:255512] [Tid0x00002324] [debug] used lib version: 1
[0000698] [22:18:01:255512] [Tid0x00002324] [debug] <--[C344] DL_LoadScatter
[0000699] [22:18:01:255512] [Tid0x00002324] [debug] -->[C345] DL_AutoLoadRomImages #./api/api.cpp (line:2667)
[0000700] [22:18:01:257512] [Tid0x00002324] [debug] <--[C345] DL_AutoLoadRomImages
[0000701] [22:18:01:274512] [Tid0x00002d34] [debug] -->[C346] DL_GetCount #./api/api.cpp (line:2587)
[0000702] [22:18:01:274512] [Tid0x00002d34] [debug] <--[C346] DL_GetCount
[0000703] [22:18:01:274512] [Tid0x00002d34] [debug] -->[C347] DL_Rom_GetInfoAll #./api/api.cpp (line:2752)
[0000704] [22:18:01:274512] [Tid0x00002d34] [debug] <--[C347] DL_Rom_GetInfoAll
[0000705] [22:18:01:274512] [Tid0x00002d34] [debug] -->[C348] DL_GetScatterInfo #./api/api.cpp (line:2688)
[0000706] [22:18:01:274512] [Tid0x00002d34] [debug] <--[C348] DL_GetScatterInfo
[0000707] [22:18:01:278512] [Tid0x00002d34] [debug] -->[C349] DL_GetCount #./api/api.cpp (line:2587)
[0000708] [22:18:01:278512] [Tid0x00002d34] [debug] <--[C349] DL_GetCount
[0000709] [22:18:01:278512] [Tid0x00002d34] [debug] -->[C350] DL_Rom_GetInfoAll #./api/api.cpp (line:2752)
[0000710] [22:18:01:278512] [Tid0x00002d34] [debug] <--[C350] DL_Rom_GetInfoAll
[0000711] [22:18:01:278512] [Tid0x00002d34] [debug] -->[C351] DL_Rom_SetEnableAttr #./api/api.cpp (line:2806)
[0000712] [22:18:01:278512] [Tid0x00002d34] [debug] <--[C351] DL_Rom_SetEnableAttr
[0000713] [22:18:01:278512] [Tid0x00002d34] [debug] -->[C352] DL_GetCount #./api/api.cpp (line:2587)
[0000714] [22:18:01:278512] [Tid0x00002d34] [debug] <--[C352] DL_GetCount
[0000715] [22:18:01:278512] [Tid0x00002d34] [debug] -->[C353] DL_Rom_GetInfoAll #./api/api.cpp (line:2752)
[0000716] [22:18:01:278512] [Tid0x00002d34] [debug] <--[C353] DL_Rom_GetInfoAll
[0000717] [22:18:01:278512] [Tid0x00002d34] [debug] -->[C354] DL_Rom_SetEnableAttr #./api/api.cpp (line:2806)
[0000718] [22:18:01:278512] [Tid0x00002d34] [debug] <--[C354] DL_Rom_SetEnableAttr
[0000719] [22:18:01:280512] [Tid0x00002d34] [debug] -->[C355] DL_GetCount #./api/api.cpp (line:2587)
[0000720] [22:18:01:280512] [Tid0x00002d34] [debug] <--[C355] DL_GetCount
[0000721] [22:18:01:280512] [Tid0x00002d34] [debug] -->[C356] DL_Rom_GetInfoAll #./api/api.cpp (line:2752)
[0000722] [22:18:01:280512] [Tid0x00002d34] [debug] <--[C356] DL_Rom_GetInfoAll
[0000723] [22:18:01:281512] [Tid0x00002d34] [debug] -->[C357] DL_Rom_SetEnableAttr #./api/api.cpp (line:2806)
[0000724] [22:18:01:281512] [Tid0x00002d34] [debug] <--[C357] DL_Rom_SetEnableAttr
[0000725] [22:18:01:282512] [Tid0x00002d34] [debug] -->[C358] DL_GetCount #./api/api.cpp (line:2587)
[0000726] [22:18:01:282512] [Tid0x00002d34] [debug] <--[C358] DL_GetCount
[0000727] [22:18:01:282512] [Tid0x00002d34] [debug] -->[C359] DL_Rom_GetInfoAll #./api/api.cpp (line:2752)
[0000728] [22:18:01:282512] [Tid0x00002d34] [debug] <--[C359] DL_Rom_GetInfoAll
[0000729] [22:18:01:283512] [Tid0x00002d34] [debug] -->[C360] DL_Rom_SetEnableAttr #./api/api.cpp (line:2806)
[0000730] [22:18:01:283512] [Tid0x00002d34] [debug] <--[C360] DL_Rom_SetEnableAttr
[0000731] [22:18:01:284512] [Tid0x00002d34] [debug] -->[C361] DL_GetCount #./api/api.cpp (line:2587)
[0000732] [22:18:01:284512] [Tid0x00002d34] [debug] <--[C361] DL_GetCount
[0000733] [22:18:01:284512] [Tid0x00002d34] [debug] -->[C362] DL_Rom_GetInfoAll #./api/api.cpp (line:2752)
[0000734] [22:18:01:284512] [Tid0x00002d34] [debug] <--[C362] DL_Rom_GetInfoAll
[0000735] [22:18:01:284512] [Tid0x00002d34] [debug] -->[C363] DL_Rom_SetEnableAttr #./api/api.cpp (line:2806)
[0000736] [22:18:01:284512] [Tid0x00002d34] [debug] <--[C363] DL_Rom_SetEnableAttr
[0000737] [22:18:01:285512] [Tid0x00002d34] [debug] -->[C364] DL_GetCount #./api/api.cpp (line:2587)
[0000738] [22:18:01:285512] [Tid0x00002d34] [debug] <--[C364] DL_GetCount
[0000739] [22:18:01:285512] [Tid0x00002d34] [debug] -->[C365] DL_Rom_GetInfoAll #./api/api.cpp (line:2752)
[0000740] [22:18:01:285512] [Tid0x00002d34] [debug] <--[C365] DL_Rom_GetInfoAll
[0000741] [22:18:01:285512] [Tid0x00002d34] [debug] -->[C366] DL_Rom_SetEnableAttr #./api/api.cpp (line:2806)
[0000742] [22:18:01:285512] [Tid0x00002d34] [debug] <--[C366] DL_Rom_SetEnableAttr
[0000743] [22:18:01:286512] [Tid0x00002d34] [debug] -->[C367] DL_GetCount #./api/api.cpp (line:2587)
[0000744] [22:18:01:286512] [Tid0x00002d34] [debug] <--[C367] DL_GetCount
[0000745] [22:18:01:286512] [Tid0x00002d34] [debug] -->[C368] DL_Rom_GetInfoAll #./api/api.cpp (line:2752)
[0000746] [22:18:01:286512] [Tid0x00002d34] [debug] <--[C368] DL_Rom_GetInfoAll
[0000747] [22:18:01:286512] [Tid0x00002d34] [debug] -->[C369] DL_Rom_SetEnableAttr #./api/api.cpp (line:2806)
[0000748] [22:18:01:286512] [Tid0x00002d34] [debug] <--[C369] DL_Rom_SetEnableAttr
[0000749] [22:18:01:287512] [Tid0x00002d34] [debug] -->[C370] DL_GetCount #./api/api.cpp (line:2587)
[0000750] [22:18:01:287512] [Tid0x00002d34] [debug] <--[C370] DL_GetCount
[0000751] [22:18:01:287512] [Tid0x00002d34] [debug] -->[C371] DL_Rom_GetInfoAll #./api/api.cpp (line:2752)
[0000752] [22:18:01:288512] [Tid0x00002d34] [debug] <--[C371] DL_Rom_GetInfoAll
[0000753] [22:18:01:288512] [Tid0x00002d34] [debug] -->[C372] DL_Rom_SetEnableAttr #./api/api.cpp (line:2806)
[0000754] [22:18:01:288512] [Tid0x00002d34] [debug] <--[C372] DL_Rom_SetEnableAttr
[0000755] [22:18:01:289512] [Tid0x00002d34] [debug] -->[C373] DL_GetCount #./api/api.cpp (line:2587)
[0000756] [22:18:01:289512] [Tid0x00002d34] [debug] <--[C373] DL_GetCount
[0000757] [22:18:01:289512] [Tid0x00002d34] [debug] -->[C374] DL_Rom_GetInfoAll #./api/api.cpp (line:2752)
[0000758] [22:18:01:289512] [Tid0x00002d34] [debug] <--[C374] DL_Rom_GetInfoAll
[0000759] [22:18:01:289512] [Tid0x00002d34] [debug] -->[C375] DL_Rom_SetEnableAttr #./api/api.cpp (line:2806)
[0000760] [22:18:01:289512] [Tid0x00002d34] [debug] <--[C375] DL_Rom_SetEnableAttr
[0000761] [22:18:01:290512] [Tid0x00002d34] [debug] -->[C376] DL_GetCount #./api/api.cpp (line:2587)
[0000762] [22:18:01:291512] [Tid0x00002d34] [debug] <--[C376] DL_GetCount
[0000763] [22:18:01:291512] [Tid0x00002d34] [debug] -->[C377] DL_Rom_GetInfoAll #./api/api.cpp (line:2752)
[0000764] [22:18:01:291512] [Tid0x00002d34] [debug] <--[C377] DL_Rom_GetInfoAll
[0000765] [22:18:01:292512] [Tid0x00002d34] [debug] -->[C378] DL_Rom_SetEnableAttr #./api/api.cpp (line:2806)
[0000766] [22:18:01:292512] [Tid0x00002d34] [debug] <--[C378] DL_Rom_SetEnableAttr
[0000767] [22:18:01:295512] [Tid0x00002d34] [debug] -->[C379] DL_GetCount #./api/api.cpp (line:2587)
[0000768] [22:18:01:295512] [Tid0x00002d34] [debug] <--[C379] DL_GetCount
[0000769] [22:18:01:295512] [Tid0x00002d34] [debug] -->[C380] DL_Rom_GetInfoAll #./api/api.cpp (line:2752)
[0000770] [22:18:01:295512] [Tid0x00002d34] [debug] <--[C380] DL_Rom_GetInfoAll
[0000771] [22:18:01:295512] [Tid0x00002d34] [debug] -->[C381] DL_Rom_SetEnableAttr #./api/api.cpp (line:2806)
[0000772] [22:18:01:295512] [Tid0x00002d34] [debug] <--[C381] DL_Rom_SetEnableAttr
[0000773] [22:18:01:297512] [Tid0x00002d34] [debug] -->[C382] DL_GetCount #./api/api.cpp (line:2587)
[0000774] [22:18:01:297512] [Tid0x00002d34] [debug] <--[C382] DL_GetCount
[0000775] [22:18:01:297512] [Tid0x00002d34] [debug] -->[C383] DL_Rom_GetInfoAll #./api/api.cpp (line:2752)
[0000776] [22:18:01:297512] [Tid0x00002d34] [debug] <--[C383] DL_Rom_GetInfoAll
[0000777] [22:18:01:297512] [Tid0x00002d34] [debug] -->[C384] DL_Rom_SetEnableAttr #./api/api.cpp (line:2806)
[0000778] [22:18:01:297512] [Tid0x00002d34] [debug] <--[C384] DL_Rom_SetEnableAttr
[0000779] [22:18:01:299512] [Tid0x00002d34] [debug] -->[C385] DL_GetCount #./api/api.cpp (line:2587)
[0000780] [22:18:01:299512] [Tid0x00002d34] [debug] <--[C385] DL_GetCount
[0000781] [22:18:01:299512] [Tid0x00002d34] [debug] -->[C386] DL_Rom_GetInfoAll #./api/api.cpp (line:2752)
[0000782] [22:18:01:299512] [Tid0x00002d34] [debug] <--[C386] DL_Rom_GetInfoAll
[0000783] [22:18:01:299512] [Tid0x00002d34] [debug] -->[C387] DL_Rom_SetEnableAttr #./api/api.cpp (line:2806)
[0000784] [22:18:01:299512] [Tid0x00002d34] [debug] <--[C387] DL_Rom_SetEnableAttr
[0000785] [22:18:01:300512] [Tid0x00002d34] [debug] -->[C388] DL_SetChecksumLevel #./api/api.cpp (line:2516)
[0000786] [22:18:01:300512] [Tid0x00002d34] [debug] <--[C388] DL_SetChecksumLevel
[0000787] [22:19:14:639512] [Tid0x00000660] [debug] -->[C389] DL_LoadScatter #./api/api.cpp (line:2474)
[0000788] [22:19:14:649512] [Tid0x00000660] [debug] used lib version: 1
[0000789] [22:19:14:649512] [Tid0x00000660] [debug] <--[C389] DL_LoadScatter
[0000790] [22:19:14:649512] [Tid0x00000660] [debug] -->[C390] DL_AutoLoadRomImages #./api/api.cpp (line:2667)
[0000791] [22:19:14:650512] [Tid0x00000660] [debug] <--[C390] DL_AutoLoadRomImages
[0000792] [22:19:14:687512] [Tid0x00002d34] [debug] -->[C391] DL_GetCount #./api/api.cpp (line:2587)
[0000793] [22:19:14:687512] [Tid0x00002d34] [debug] <--[C391] DL_GetCount
[0000794] [22:19:14:687512] [Tid0x00002d34] [debug] -->[C392] DL_Rom_GetInfoAll #./api/api.cpp (line:2752)
[0000795] [22:19:14:687512] [Tid0x00002d34] [debug] <--[C392] DL_Rom_GetInfoAll
[0000796] [22:19:14:687512] [Tid0x00002d34] [debug] -->[C393] DL_GetScatterInfo #./api/api.cpp (line:2688)
[0000797] [22:19:14:687512] [Tid0x00002d34] [debug] <--[C393] DL_GetScatterInfo
[0000798] [22:19:14:689512] [Tid0x00002d34] [debug] -->[C394] DL_GetCount #./api/api.cpp (line:2587)
[0000799] [22:19:14:689512] [Tid0x00002d34] [debug] <--[C394] DL_GetCount
[0000800] [22:19:14:689512] [Tid0x00002d34] [debug] -->[C395] DL_Rom_GetInfoAll #./api/api.cpp (line:2752)
[0000801] [22:19:14:689512] [Tid0x00002d34] [debug] <--[C395] DL_Rom_GetInfoAll
[0000802] [22:19:14:690512] [Tid0x00002d34] [debug] -->[C396] DL_Rom_SetEnableAttr #./api/api.cpp (line:2806)
[0000803] [22:19:14:690512] [Tid0x00002d34] [debug] <--[C396] DL_Rom_SetEnableAttr
[0000804] [22:19:14:690512] [Tid0x00002d34] [debug] -->[C397] DL_GetCount #./api/api.cpp (line:2587)
[0000805] [22:19:14:690512] [Tid0x00002d34] [debug] <--[C397] DL_GetCount
[0000806] [22:19:14:690512] [Tid0x00002d34] [debug] -->[C398] DL_Rom_GetInfoAll #./api/api.cpp (line:2752)
[0000807] [22:19:14:690512] [Tid0x00002d34] [debug] <--[C398] DL_Rom_GetInfoAll
[0000808] [22:19:14:690512] [Tid0x00002d34] [debug] -->[C399] DL_Rom_SetEnableAttr #./api/api.cpp (line:2806)
[0000809] [22:19:14:690512] [Tid0x00002d34] [debug] <--[C399] DL_Rom_SetEnableAttr
[0000810] [22:19:14:691512] [Tid0x00002d34] [debug] -->[C400] DL_GetCount #./api/api.cpp (line:2587)
[0000811] [22:19:14:691512] [Tid0x00002d34] [debug] <--[C400] DL_GetCount
[0000812] [22:19:14:691512] [Tid0x00002d34] [debug] -->[C401] DL_Rom_GetInfoAll #./api/api.cpp (line:2752)
[0000813] [22:19:14:691512] [Tid0x00002d34] [debug] <--[C401] DL_Rom_GetInfoAll
[0000814] [22:19:14:691512] [Tid0x00002d34] [debug] -->[C402] DL_Rom_SetEnableAttr #./api/api.cpp (line:2806)
[0000815] [22:19:14:691512] [Tid0x00002d34] [debug] <--[C402] DL_Rom_SetEnableAttr
[0000816] [22:19:14:692512] [Tid0x00002d34] [debug] -->[C403] DL_GetCount #./api/api.cpp (line:2587)
[0000817] [22:19:14:692512] [Tid0x00002d34] [debug] <--[C403] DL_GetCount
[0000818] [22:19:14:692512] [Tid0x00002d34] [debug] -->[C404] DL_Rom_GetInfoAll #./api/api.cpp (line:2752)
[0000819] [22:19:14:692512] [Tid0x00002d34] [debug] <--[C404] DL_Rom_GetInfoAll
[0000820] [22:19:14:692512] [Tid0x00002d34] [debug] -->[C405] DL_Rom_SetEnableAttr #./api/api.cpp (line:2806)
[0000821] [22:19:14:692512] [Tid0x00002d34] [debug] <--[C405] DL_Rom_SetEnableAttr
[0000822] [22:19:14:693512] [Tid0x00002d34] [debug] -->[C406] DL_GetCount #./api/api.cpp (line:2587)
[0000823] [22:19:14:693512] [Tid0x00002d34] [debug] <--[C406] DL_GetCount
[0000824] [22:19:14:693512] [Tid0x00002d34] [debug] -->[C407] DL_Rom_GetInfoAll #./api/api.cpp (line:2752)
[0000825] [22:19:14:693512] [Tid0x00002d34] [debug] <--[C407] DL_Rom_GetInfoAll
[0000826] [22:19:14:693512] [Tid0x00002d34] [debug] -->[C408] DL_Rom_SetEnableAttr #./api/api.cpp (line:2806)
[0000827] [22:19:14:693512] [Tid0x00002d34] [debug] <--[C408] DL_Rom_SetEnableAttr
[0000828] [22:19:14:693512] [Tid0x00002d34] [debug] -->[C409] DL_GetCount #./api/api.cpp (line:2587)
[0000829] [22:19:14:693512] [Tid0x00002d34] [debug] <--[C409] DL_GetCount
[0000830] [22:19:14:693512] [Tid0x00002d34] [debug] -->[C410] DL_Rom_GetInfoAll #./api/api.cpp (line:2752)
[0000831] [22:19:14:693512] [Tid0x00002d34] [debug] <--[C410] DL_Rom_GetInfoAll
[0000832] [22:19:14:694512] [Tid0x00002d34] [debug] -->[C411] DL_Rom_SetEnableAttr #./api/api.cpp (line:2806)
[0000833] [22:19:14:694512] [Tid0x00002d34] [debug] <--[C411] DL_Rom_SetEnableAttr
[0000834] [22:19:14:694512] [Tid0x00002d34] [debug] -->[C412] DL_GetCount #./api/api.cpp (line:2587)
[0000835] [22:19:14:694512] [Tid0x00002d34] [debug] <--[C412] DL_GetCount
[0000836] [22:19:14:694512] [Tid0x00002d34] [debug] -->[C413] DL_Rom_GetInfoAll #./api/api.cpp (line:2752)
[0000837] [22:19:14:694512] [Tid0x00002d34] [debug] <--[C413] DL_Rom_GetInfoAll
[0000838] [22:19:14:694512] [Tid0x00002d34] [debug] -->[C414] DL_Rom_SetEnableAttr #./api/api.cpp (line:2806)
[0000839] [22:19:14:694512] [Tid0x00002d34] [debug] <--[C414] DL_Rom_SetEnableAttr
[0000840] [22:19:14:694512] [Tid0x00002d34] [debug] -->[C415] DL_GetCount #./api/api.cpp (line:2587)
[0000841] [22:19:14:694512] [Tid0x00002d34] [debug] <--[C415] DL_GetCount
[0000842] [22:19:14:695512] [Tid0x00002d34] [debug] -->[C416] DL_Rom_GetInfoAll #./api/api.cpp (line:2752)
[0000843] [22:19:14:695512] [Tid0x00002d34] [debug] <--[C416] DL_Rom_GetInfoAll
[0000844] [22:19:14:695512] [Tid0x00002d34] [debug] -->[C417] DL_Rom_SetEnableAttr #./api/api.cpp (line:2806)
[0000845] [22:19:14:695512] [Tid0x00002d34] [debug] <--[C417] DL_Rom_SetEnableAttr
[0000846] [22:19:14:695512] [Tid0x00002d34] [debug] -->[C418] DL_GetCount #./api/api.cpp (line:2587)
[0000847] [22:19:14:695512] [Tid0x00002d34] [debug] <--[C418] DL_GetCount
[0000848] [22:19:14:695512] [Tid0x00002d34] [debug] -->[C419] DL_Rom_GetInfoAll #./api/api.cpp (line:2752)
[0000849] [22:19:14:695512] [Tid0x00002d34] [debug] <--[C419] DL_Rom_GetInfoAll
[0000850] [22:19:14:696512] [Tid0x00002d34] [debug] -->[C420] DL_Rom_SetEnableAttr #./api/api.cpp (line:2806)
[0000851] [22:19:14:696512] [Tid0x00002d34] [debug] <--[C420] DL_Rom_SetEnableAttr
[0000852] [22:19:14:696512] [Tid0x00002d34] [debug] -->[C421] DL_GetCount #./api/api.cpp (line:2587)
[0000853] [22:19:14:696512] [Tid0x00002d34] [debug] <--[C421] DL_GetCount
[0000854] [22:19:14:696512] [Tid0x00002d34] [debug] -->[C422] DL_Rom_GetInfoAll #./api/api.cpp (line:2752)
[0000855] [22:19:14:696512] [Tid0x00002d34] [debug] <--[C422] DL_Rom_GetInfoAll
[0000856] [22:19:14:696512] [Tid0x00002d34] [debug] -->[C423] DL_Rom_SetEnableAttr #./api/api.cpp (line:2806)
[0000857] [22:19:14:696512] [Tid0x00002d34] [debug] <--[C423] DL_Rom_SetEnableAttr
[0000858] [22:19:14:697512] [Tid0x00002d34] [debug] -->[C424] DL_GetCount #./api/api.cpp (line:2587)
[0000859] [22:19:14:697512] [Tid0x00002d34] [debug] <--[C424] DL_GetCount
[0000860] [22:19:14:697512] [Tid0x00002d34] [debug] -->[C425] DL_Rom_GetInfoAll #./api/api.cpp (line:2752)
[0000861] [22:19:14:697512] [Tid0x00002d34] [debug] <--[C425] DL_Rom_GetInfoAll
[0000862] [22:19:14:697512] [Tid0x00002d34] [debug] -->[C426] DL_Rom_SetEnableAttr #./api/api.cpp (line:2806)
[0000863] [22:19:14:697512] [Tid0x00002d34] [debug] <--[C426] DL_Rom_SetEnableAttr
[0000864] [22:19:14:697512] [Tid0x00002d34] [debug] -->[C427] DL_GetCount #./api/api.cpp (line:2587)
[0000865] [22:19:14:697512] [Tid0x00002d34] [debug] <--[C427] DL_GetCount
[0000866] [22:19:14:697512] [Tid0x00002d34] [debug] -->[C428] DL_Rom_GetInfoAll #./api/api.cpp (line:2752)
[0000867] [22:19:14:697512] [Tid0x00002d34] [debug] <--[C428] DL_Rom_GetInfoAll
[0000868] [22:19:14:698512] [Tid0x00002d34] [debug] -->[C429] DL_Rom_SetEnableAttr #./api/api.cpp (line:2806)
[0000869] [22:19:14:698512] [Tid0x00002d34] [debug] <--[C429] DL_Rom_SetEnableAttr
[0000870] [22:19:14:698512] [Tid0x00002d34] [debug] -->[C430] DL_GetCount #./api/api.cpp (line:2587)
[0000871] [22:19:14:698512] [Tid0x00002d34] [debug] <--[C430] DL_GetCount
[0000872] [22:19:14:698512] [Tid0x00002d34] [debug] -->[C431] DL_Rom_GetInfoAll #./api/api.cpp (line:2752)
[0000873] [22:19:14:698512] [Tid0x00002d34] [debug] <--[C431] DL_Rom_GetInfoAll
[0000874] [22:19:14:698512] [Tid0x00002d34] [debug] -->[C432] DL_Rom_SetEnableAttr #./api/api.cpp (line:2806)
[0000875] [22:19:14:698512] [Tid0x00002d34] [debug] <--[C432] DL_Rom_SetEnableAttr
[0000876] [22:19:14:699512] [Tid0x00002d34] [debug] -->[C433] DL_GetCount #./api/api.cpp (line:2587)
[0000877] [22:19:14:699512] [Tid0x00002d34] [debug] <--[C433] DL_GetCount
[0000878] [22:19:14:699512] [Tid0x00002d34] [debug] -->[C434] DL_Rom_GetInfoAll #./api/api.cpp (line:2752)
[0000879] [22:19:14:699512] [Tid0x00002d34] [debug] <--[C434] DL_Rom_GetInfoAll
[0000880] [22:19:14:699512] [Tid0x00002d34] [debug] -->[C435] DL_Rom_SetEnableAttr #./api/api.cpp (line:2806)
[0000881] [22:19:14:699512] [Tid0x00002d34] [debug] <--[C435] DL_Rom_SetEnableAttr
[0000882] [22:19:14:699512] [Tid0x00002d34] [debug] -->[C436] DL_GetCount #./api/api.cpp (line:2587)
[0000883] [22:19:14:699512] [Tid0x00002d34] [debug] <--[C436] DL_GetCount
[0000884] [22:19:14:699512] [Tid0x00002d34] [debug] -->[C437] DL_Rom_GetInfoAll #./api/api.cpp (line:2752)
[0000885] [22:19:14:699512] [Tid0x00002d34] [debug] <--[C437] DL_Rom_GetInfoAll
[0000886] [22:19:14:699512] [Tid0x00002d34] [debug] -->[C438] DL_Rom_SetEnableAttr #./api/api.cpp (line:2806)
[0000887] [22:19:14:699512] [Tid0x00002d34] [debug] <--[C438] DL_Rom_SetEnableAttr
[0000888] [22:19:14:700512] [Tid0x00002d34] [debug] -->[C439] DL_GetCount #./api/api.cpp (line:2587)
[0000889] [22:19:14:700512] [Tid0x00002d34] [debug] <--[C439] DL_GetCount
[0000890] [22:19:14:700512] [Tid0x00002d34] [debug] -->[C440] DL_Rom_GetInfoAll #./api/api.cpp (line:2752)
[0000891] [22:19:14:700512] [Tid0x00002d34] [debug] <--[C440] DL_Rom_GetInfoAll
[0000892] [22:19:14:700512] [Tid0x00002d34] [debug] -->[C441] DL_Rom_SetEnableAttr #./api/api.cpp (line:2806)
[0000893] [22:19:14:700512] [Tid0x00002d34] [debug] <--[C441] DL_Rom_SetEnableAttr
[0000894] [22:19:14:700512] [Tid0x00002d34] [debug] -->[C442] DL_GetCount #./api/api.cpp (line:2587)
[0000895] [22:19:14:701512] [Tid0x00002d34] [debug] <--[C442] DL_GetCount
[0000896] [22:19:14:701512] [Tid0x00002d34] [debug] -->[C443] DL_Rom_GetInfoAll #./api/api.cpp (line:2752)
[0000897] [22:19:14:701512] [Tid0x00002d34] [debug] <--[C443] DL_Rom_GetInfoAll
[0000898] [22:19:14:701512] [Tid0x00002d34] [debug] -->[C444] DL_Rom_SetEnableAttr #./api/api.cpp (line:2806)
[0000899] [22:19:14:701512] [Tid0x00002d34] [debug] <--[C444] DL_Rom_SetEnableAttr
[0000900] [22:19:14:701512] [Tid0x00002d34] [debug] -->[C445] DL_GetCount #./api/api.cpp (line:2587)
[0000901] [22:19:14:701512] [Tid0x00002d34] [debug] <--[C445] DL_GetCount
[0000902] [22:19:14:701512] [Tid0x00002d34] [debug] -->[C446] DL_Rom_GetInfoAll #./api/api.cpp (line:2752)
[0000903] [22:19:14:701512] [Tid0x00002d34] [debug] <--[C446] DL_Rom_GetInfoAll
[0000904] [22:19:14:701512] [Tid0x00002d34] [debug] -->[C447] DL_Rom_SetEnableAttr #./api/api.cpp (line:2806)
[0000905] [22:19:14:701512] [Tid0x00002d34] [debug] <--[C447] DL_Rom_SetEnableAttr
[0000906] [22:19:14:701512] [Tid0x00002d34] [debug] -->[C448] DL_GetCount #./api/api.cpp (line:2587)
[0000907] [22:19:14:702512] [Tid0x00002d34] [debug] <--[C448] DL_GetCount
[0000908] [22:19:14:702512] [Tid0x00002d34] [debug] -->[C449] DL_Rom_GetInfoAll #./api/api.cpp (line:2752)
[0000909] [22:19:14:702512] [Tid0x00002d34] [debug] <--[C449] DL_Rom_GetInfoAll
[0000910] [22:19:14:702512] [Tid0x00002d34] [debug] -->[C450] DL_Rom_SetEnableAttr #./api/api.cpp (line:2806)
[0000911] [22:19:14:702512] [Tid0x00002d34] [debug] <--[C450] DL_Rom_SetEnableAttr
[0000912] [22:19:14:702512] [Tid0x00002d34] [debug] -->[C451] DL_GetCount #./api/api.cpp (line:2587)
[0000913] [22:19:14:702512] [Tid0x00002d34] [debug] <--[C451] DL_GetCount
[0000914] [22:19:14:702512] [Tid0x00002d34] [debug] -->[C452] DL_Rom_GetInfoAll #./api/api.cpp (line:2752)
[0000915] [22:19:14:702512] [Tid0x00002d34] [debug] <--[C452] DL_Rom_GetInfoAll
[0000916] [22:19:14:702512] [Tid0x00002d34] [debug] -->[C453] DL_Rom_SetEnableAttr #./api/api.cpp (line:2806)
[0000917] [22:19:14:703512] [Tid0x00002d34] [debug] <--[C453] DL_Rom_SetEnableAttr
[0000918] [22:19:14:703512] [Tid0x00002d34] [debug] -->[C454] DL_SetChecksumLevel #./api/api.cpp (line:2516)
[0000919] [22:19:14:703512] [Tid0x00002d34] [debug] <--[C454] DL_SetChecksumLevel
[0000920] [22:46:40:531512] [Tid0x0000247c] [debug] -->[C455] DL_LoadScatter #./api/api.cpp (line:2474)
[0000921] [22:46:40:555512] [Tid0x0000247c] [debug] used lib version: 1
[0000922] [22:46:40:555512] [Tid0x0000247c] [debug] <--[C455] DL_LoadScatter
[0000923] [22:46:40:555512] [Tid0x0000247c] [debug] -->[C456] DL_AutoLoadRomImages #./api/api.cpp (line:2667)
[0000924] [22:46:40:561512] [Tid0x0000247c] [debug] <--[C456] DL_AutoLoadRomImages
[0000925] [22:46:40:577512] [Tid0x00002d34] [debug] -->[C457] DL_GetCount #./api/api.cpp (line:2587)
[0000926] [22:46:40:577512] [Tid0x00002d34] [debug] <--[C457] DL_GetCount
[0000927] [22:46:40:577512] [Tid0x00002d34] [debug] -->[C458] DL_Rom_GetInfoAll #./api/api.cpp (line:2752)
[0000928] [22:46:40:577512] [Tid0x00002d34] [debug] <--[C458] DL_Rom_GetInfoAll
[0000929] [22:46:40:577512] [Tid0x00002d34] [debug] -->[C459] DL_GetScatterInfo #./api/api.cpp (line:2688)
[0000930] [22:46:40:577512] [Tid0x00002d34] [debug] <--[C459] DL_GetScatterInfo
[0000931] [22:46:40:581512] [Tid0x00002d34] [debug] -->[C460] DL_GetCount #./api/api.cpp (line:2587)
[0000932] [22:46:40:581512] [Tid0x00002d34] [debug] <--[C460] DL_GetCount
[0000933] [22:46:40:581512] [Tid0x00002d34] [debug] -->[C461] DL_Rom_GetInfoAll #./api/api.cpp (line:2752)
[0000934] [22:46:40:581512] [Tid0x00002d34] [debug] <--[C461] DL_Rom_GetInfoAll
[0000935] [22:46:40:581512] [Tid0x00002d34] [debug] -->[C462] DL_Rom_SetEnableAttr #./api/api.cpp (line:2806)
[0000936] [22:46:40:581512] [Tid0x00002d34] [debug] <--[C462] DL_Rom_SetEnableAttr
[0000937] [22:46:40:582512] [Tid0x00002d34] [debug] -->[C463] DL_GetCount #./api/api.cpp (line:2587)
[0000938] [22:46:40:582512] [Tid0x00002d34] [debug] <--[C463] DL_GetCount
[0000939] [22:46:40:582512] [Tid0x00002d34] [debug] -->[C464] DL_Rom_GetInfoAll #./api/api.cpp (line:2752)
[0000940] [22:46:40:582512] [Tid0x00002d34] [debug] <--[C464] DL_Rom_GetInfoAll
[0000941] [22:46:40:582512] [Tid0x00002d34] [debug] -->[C465] DL_Rom_SetEnableAttr #./api/api.cpp (line:2806)
[0000942] [22:46:40:582512] [Tid0x00002d34] [debug] <--[C465] DL_Rom_SetEnableAttr
[0000943] [22:46:40:583512] [Tid0x00002d34] [debug] -->[C466] DL_GetCount #./api/api.cpp (line:2587)
[0000944] [22:46:40:583512] [Tid0x00002d34] [debug] <--[C466] DL_GetCount
[0000945] [22:46:40:583512] [Tid0x00002d34] [debug] -->[C467] DL_Rom_GetInfoAll #./api/api.cpp (line:2752)
[0000946] [22:46:40:583512] [Tid0x00002d34] [debug] <--[C467] DL_Rom_GetInfoAll
[0000947] [22:46:40:583512] [Tid0x00002d34] [debug] -->[C468] DL_Rom_SetEnableAttr #./api/api.cpp (line:2806)
[0000948] [22:46:40:583512] [Tid0x00002d34] [debug] <--[C468] DL_Rom_SetEnableAttr
[0000949] [22:46:40:583512] [Tid0x00002d34] [debug] -->[C469] DL_GetCount #./api/api.cpp (line:2587)
[0000950] [22:46:40:583512] [Tid0x00002d34] [debug] <--[C469] DL_GetCount
[0000951] [22:46:40:583512] [Tid0x00002d34] [debug] -->[C470] DL_Rom_GetInfoAll #./api/api.cpp (line:2752)
[0000952] [22:46:40:583512] [Tid0x00002d34] [debug] <--[C470] DL_Rom_GetInfoAll
[0000953] [22:46:40:584512] [Tid0x00002d34] [debug] -->[C471] DL_Rom_SetEnableAttr #./api/api.cpp (line:2806)
[0000954] [22:46:40:584512] [Tid0x00002d34] [debug] <--[C471] DL_Rom_SetEnableAttr
[0000955] [22:46:40:586512] [Tid0x00002d34] [debug] -->[C472] DL_GetCount #./api/api.cpp (line:2587)
[0000956] [22:46:40:586512] [Tid0x00002d34] [debug] <--[C472] DL_GetCount
[0000957] [22:46:40:586512] [Tid0x00002d34] [debug] -->[C473] DL_Rom_GetInfoAll #./api/api.cpp (line:2752)
[0000958] [22:46:40:586512] [Tid0x00002d34] [debug] <--[C473] DL_Rom_GetInfoAll
[0000959] [22:46:40:586512] [Tid0x00002d34] [debug] -->[C474] DL_Rom_SetEnableAttr #./api/api.cpp (line:2806)
[0000960] [22:46:40:586512] [Tid0x00002d34] [debug] <--[C474] DL_Rom_SetEnableAttr
[0000961] [22:46:40:587512] [Tid0x00002d34] [debug] -->[C475] DL_GetCount #./api/api.cpp (line:2587)
[0000962] [22:46:40:587512] [Tid0x00002d34] [debug] <--[C475] DL_GetCount
[0000963] [22:46:40:587512] [Tid0x00002d34] [debug] -->[C476] DL_Rom_GetInfoAll #./api/api.cpp (line:2752)
[0000964] [22:46:40:587512] [Tid0x00002d34] [debug] <--[C476] DL_Rom_GetInfoAll
[0000965] [22:46:40:587512] [Tid0x00002d34] [debug] -->[C477] DL_Rom_SetEnableAttr #./api/api.cpp (line:2806)
[0000966] [22:46:40:587512] [Tid0x00002d34] [debug] <--[C477] DL_Rom_SetEnableAttr
[0000967] [22:46:40:588512] [Tid0x00002d34] [debug] -->[C478] DL_GetCount #./api/api.cpp (line:2587)
[0000968] [22:46:40:588512] [Tid0x00002d34] [debug] <--[C478] DL_GetCount
[0000969] [22:46:40:588512] [Tid0x00002d34] [debug] -->[C479] DL_Rom_GetInfoAll #./api/api.cpp (line:2752)
[0000970] [22:46:40:588512] [Tid0x00002d34] [debug] <--[C479] DL_Rom_GetInfoAll
[0000971] [22:46:40:588512] [Tid0x00002d34] [debug] -->[C480] DL_Rom_SetEnableAttr #./api/api.cpp (line:2806)
[0000972] [22:46:40:588512] [Tid0x00002d34] [debug] <--[C480] DL_Rom_SetEnableAttr
[0000973] [22:46:40:589512] [Tid0x00002d34] [debug] -->[C481] DL_GetCount #./api/api.cpp (line:2587)
[0000974] [22:46:40:589512] [Tid0x00002d34] [debug] <--[C481] DL_GetCount
[0000975] [22:46:40:589512] [Tid0x00002d34] [debug] -->[C482] DL_Rom_GetInfoAll #./api/api.cpp (line:2752)
[0000976] [22:46:40:589512] [Tid0x00002d34] [debug] <--[C482] DL_Rom_GetInfoAll
[0000977] [22:46:40:589512] [Tid0x00002d34] [debug] -->[C483] DL_Rom_SetEnableAttr #./api/api.cpp (line:2806)
[0000978] [22:46:40:589512] [Tid0x00002d34] [debug] <--[C483] DL_Rom_SetEnableAttr
[0000979] [22:46:40:589512] [Tid0x00002d34] [debug] -->[C484] DL_GetCount #./api/api.cpp (line:2587)
[0000980] [22:46:40:589512] [Tid0x00002d34] [debug] <--[C484] DL_GetCount
[0000981] [22:46:40:589512] [Tid0x00002d34] [debug] -->[C485] DL_Rom_GetInfoAll #./api/api.cpp (line:2752)
[0000982] [22:46:40:589512] [Tid0x00002d34] [debug] <--[C485] DL_Rom_GetInfoAll
[0000983] [22:46:40:590512] [Tid0x00002d34] [debug] -->[C486] DL_Rom_SetEnableAttr #./api/api.cpp (line:2806)
[0000984] [22:46:40:590512] [Tid0x00002d34] [debug] <--[C486] DL_Rom_SetEnableAttr
[0000985] [22:46:40:590512] [Tid0x00002d34] [debug] -->[C487] DL_GetCount #./api/api.cpp (line:2587)
[0000986] [22:46:40:590512] [Tid0x00002d34] [debug] <--[C487] DL_GetCount
[0000987] [22:46:40:590512] [Tid0x00002d34] [debug] -->[C488] DL_Rom_GetInfoAll #./api/api.cpp (line:2752)
[0000988] [22:46:40:590512] [Tid0x00002d34] [debug] <--[C488] DL_Rom_GetInfoAll
[0000989] [22:46:40:590512] [Tid0x00002d34] [debug] -->[C489] DL_Rom_SetEnableAttr #./api/api.cpp (line:2806)
[0000990] [22:46:40:590512] [Tid0x00002d34] [debug] <--[C489] DL_Rom_SetEnableAttr
[0000991] [22:46:40:590512] [Tid0x00002d34] [debug] -->[C490] DL_SetChecksumLevel #./api/api.cpp (line:2516)
[0000992] [22:46:40:590512] [Tid0x00002d34] [debug] <--[C490] DL_SetChecksumLevel
[0000993] [23:10:01:392512] [Tid0x00002d34] [debug] -->[C491] DL_Rom_UnloadAll #./api/api.cpp (line:2795)
[0000994] [23:10:01:392512] [Tid0x00002d34] [debug] <--[C491] DL_Rom_UnloadAll
