[0000001] [12:08:28:249599] [Tid0x000019d8] [debug] -->[C1] DL_LoadScatter #./api/api.cpp (line:2474)
[0000002] [12:08:28:303599] [Tid0x000019d8] [debug] used lib version: 1
[0000003] [12:08:28:303599] [Tid0x000019d8] [debug] <--[C1] DL_LoadScatter
[0000004] [12:08:28:303599] [Tid0x000019d8] [debug] -->[C2] DL_AutoLoadRomImages #./api/api.cpp (line:2667)
[0000005] [12:08:29:149599] [Tid0x000019d8] [debug] <--[C2] DL_AutoLoadRomImages
[0000006] [12:08:29:179599] [Tid0x00002bd8] [debug] -->[C3] DL_GetCount #./api/api.cpp (line:2587)
[0000007] [12:08:29:180599] [Tid0x00002bd8] [debug] <--[C3] DL_GetCount
[0000008] [12:08:29:180599] [Tid0x00002bd8] [debug] -->[C4] DL_Rom_GetInfoAll #./api/api.cpp (line:2752)
[0000009] [12:08:29:180599] [Tid0x00002bd8] [debug] <--[C4] DL_Rom_GetInfoAll
[0000010] [12:08:29:182599] [Tid0x00002bd8] [debug] -->[C5] DL_GetScatterInfo #./api/api.cpp (line:2688)
[0000011] [12:08:29:182599] [Tid0x00002bd8] [debug] <--[C5] DL_GetScatterInfo
[0000012] [12:08:29:185599] [Tid0x00002bd8] [debug] -->[C6] DL_GetCount #./api/api.cpp (line:2587)
[0000013] [12:08:29:185599] [Tid0x00002bd8] [debug] <--[C6] DL_GetCount
[0000014] [12:08:29:185599] [Tid0x00002bd8] [debug] -->[C7] DL_Rom_GetInfoAll #./api/api.cpp (line:2752)
[0000015] [12:08:29:185599] [Tid0x00002bd8] [debug] <--[C7] DL_Rom_GetInfoAll
[0000016] [12:08:29:188599] [Tid0x00002bd8] [debug] -->[C8] DL_Rom_SetEnableAttr #./api/api.cpp (line:2806)
[0000017] [12:08:29:188599] [Tid0x00002bd8] [debug] <--[C8] DL_Rom_SetEnableAttr
[0000018] [12:08:29:188599] [Tid0x00002bd8] [debug] -->[C9] DL_GetCount #./api/api.cpp (line:2587)
[0000019] [12:08:29:188599] [Tid0x00002bd8] [debug] <--[C9] DL_GetCount
[0000020] [12:08:29:188599] [Tid0x00002bd8] [debug] -->[C10] DL_Rom_GetInfoAll #./api/api.cpp (line:2752)
[0000021] [12:08:29:188599] [Tid0x00002bd8] [debug] <--[C10] DL_Rom_GetInfoAll
[0000022] [12:08:29:190599] [Tid0x00002bd8] [debug] -->[C11] DL_Rom_SetEnableAttr #./api/api.cpp (line:2806)
[0000023] [12:08:29:190599] [Tid0x00002bd8] [debug] <--[C11] DL_Rom_SetEnableAttr
[0000024] [12:08:29:191599] [Tid0x00002bd8] [debug] -->[C12] DL_GetCount #./api/api.cpp (line:2587)
[0000025] [12:08:29:192599] [Tid0x00002bd8] [debug] <--[C12] DL_GetCount
[0000026] [12:08:29:192599] [Tid0x00002bd8] [debug] -->[C13] DL_Rom_GetInfoAll #./api/api.cpp (line:2752)
[0000027] [12:08:29:192599] [Tid0x00002bd8] [debug] <--[C13] DL_Rom_GetInfoAll
[0000028] [12:08:29:194599] [Tid0x00002bd8] [debug] -->[C14] DL_Rom_SetEnableAttr #./api/api.cpp (line:2806)
[0000029] [12:08:29:194599] [Tid0x00002bd8] [debug] <--[C14] DL_Rom_SetEnableAttr
[0000030] [12:08:29:195599] [Tid0x00002bd8] [debug] -->[C15] DL_GetCount #./api/api.cpp (line:2587)
[0000031] [12:08:29:195599] [Tid0x00002bd8] [debug] <--[C15] DL_GetCount
[0000032] [12:08:29:195599] [Tid0x00002bd8] [debug] -->[C16] DL_Rom_GetInfoAll #./api/api.cpp (line:2752)
[0000033] [12:08:29:196599] [Tid0x00002bd8] [debug] <--[C16] DL_Rom_GetInfoAll
[0000034] [12:08:29:197599] [Tid0x00002bd8] [debug] -->[C17] DL_Rom_SetEnableAttr #./api/api.cpp (line:2806)
[0000035] [12:08:29:198599] [Tid0x00002bd8] [debug] <--[C17] DL_Rom_SetEnableAttr
[0000036] [12:08:29:198599] [Tid0x00002bd8] [debug] -->[C18] DL_GetCount #./api/api.cpp (line:2587)
[0000037] [12:08:29:198599] [Tid0x00002bd8] [debug] <--[C18] DL_GetCount
[0000038] [12:08:29:198599] [Tid0x00002bd8] [debug] -->[C19] DL_Rom_GetInfoAll #./api/api.cpp (line:2752)
[0000039] [12:08:29:198599] [Tid0x00002bd8] [debug] <--[C19] DL_Rom_GetInfoAll
[0000040] [12:08:29:200599] [Tid0x00002bd8] [debug] -->[C20] DL_Rom_SetEnableAttr #./api/api.cpp (line:2806)
[0000041] [12:08:29:200599] [Tid0x00002bd8] [debug] <--[C20] DL_Rom_SetEnableAttr
[0000042] [12:08:29:200599] [Tid0x00002bd8] [debug] -->[C21] DL_GetCount #./api/api.cpp (line:2587)
[0000043] [12:08:29:200599] [Tid0x00002bd8] [debug] <--[C21] DL_GetCount
[0000044] [12:08:29:200599] [Tid0x00002bd8] [debug] -->[C22] DL_Rom_GetInfoAll #./api/api.cpp (line:2752)
[0000045] [12:08:29:201599] [Tid0x00002bd8] [debug] <--[C22] DL_Rom_GetInfoAll
[0000046] [12:08:29:202599] [Tid0x00002bd8] [debug] -->[C23] DL_Rom_SetEnableAttr #./api/api.cpp (line:2806)
[0000047] [12:08:29:202599] [Tid0x00002bd8] [debug] <--[C23] DL_Rom_SetEnableAttr
[0000048] [12:08:29:203599] [Tid0x00002bd8] [debug] -->[C24] DL_GetCount #./api/api.cpp (line:2587)
[0000049] [12:08:29:203599] [Tid0x00002bd8] [debug] <--[C24] DL_GetCount
[0000050] [12:08:29:203599] [Tid0x00002bd8] [debug] -->[C25] DL_Rom_GetInfoAll #./api/api.cpp (line:2752)
[0000051] [12:08:29:203599] [Tid0x00002bd8] [debug] <--[C25] DL_Rom_GetInfoAll
[0000052] [12:08:29:204599] [Tid0x00002bd8] [debug] -->[C26] DL_Rom_SetEnableAttr #./api/api.cpp (line:2806)
[0000053] [12:08:29:204599] [Tid0x00002bd8] [debug] <--[C26] DL_Rom_SetEnableAttr
[0000054] [12:08:29:204599] [Tid0x00002bd8] [debug] -->[C27] DL_GetCount #./api/api.cpp (line:2587)
[0000055] [12:08:29:204599] [Tid0x00002bd8] [debug] <--[C27] DL_GetCount
[0000056] [12:08:29:204599] [Tid0x00002bd8] [debug] -->[C28] DL_Rom_GetInfoAll #./api/api.cpp (line:2752)
[0000057] [12:08:29:204599] [Tid0x00002bd8] [debug] <--[C28] DL_Rom_GetInfoAll
[0000058] [12:08:29:205599] [Tid0x00002bd8] [debug] -->[C29] DL_Rom_SetEnableAttr #./api/api.cpp (line:2806)
[0000059] [12:08:29:205599] [Tid0x00002bd8] [debug] <--[C29] DL_Rom_SetEnableAttr
[0000060] [12:08:29:206599] [Tid0x00002bd8] [debug] -->[C30] DL_GetCount #./api/api.cpp (line:2587)
[0000061] [12:08:29:206599] [Tid0x00002bd8] [debug] <--[C30] DL_GetCount
[0000062] [12:08:29:206599] [Tid0x00002bd8] [debug] -->[C31] DL_Rom_GetInfoAll #./api/api.cpp (line:2752)
[0000063] [12:08:29:206599] [Tid0x00002bd8] [debug] <--[C31] DL_Rom_GetInfoAll
[0000064] [12:08:29:207599] [Tid0x00002bd8] [debug] -->[C32] DL_Rom_SetEnableAttr #./api/api.cpp (line:2806)
[0000065] [12:08:29:207599] [Tid0x00002bd8] [debug] <--[C32] DL_Rom_SetEnableAttr
[0000066] [12:08:29:208599] [Tid0x00002bd8] [debug] -->[C33] DL_GetCount #./api/api.cpp (line:2587)
[0000067] [12:08:29:208599] [Tid0x00002bd8] [debug] <--[C33] DL_GetCount
[0000068] [12:08:29:208599] [Tid0x00002bd8] [debug] -->[C34] DL_Rom_GetInfoAll #./api/api.cpp (line:2752)
[0000069] [12:08:29:208599] [Tid0x00002bd8] [debug] <--[C34] DL_Rom_GetInfoAll
[0000070] [12:08:29:209599] [Tid0x00002bd8] [debug] -->[C35] DL_Rom_SetEnableAttr #./api/api.cpp (line:2806)
[0000071] [12:08:29:209599] [Tid0x00002bd8] [debug] <--[C35] DL_Rom_SetEnableAttr
[0000072] [12:08:29:209599] [Tid0x00002bd8] [debug] -->[C36] DL_GetCount #./api/api.cpp (line:2587)
[0000073] [12:08:29:209599] [Tid0x00002bd8] [debug] <--[C36] DL_GetCount
[0000074] [12:08:29:209599] [Tid0x00002bd8] [debug] -->[C37] DL_Rom_GetInfoAll #./api/api.cpp (line:2752)
[0000075] [12:08:29:209599] [Tid0x00002bd8] [debug] <--[C37] DL_Rom_GetInfoAll
[0000076] [12:08:29:210599] [Tid0x00002bd8] [debug] -->[C38] DL_Rom_SetEnableAttr #./api/api.cpp (line:2806)
[0000077] [12:08:29:210599] [Tid0x00002bd8] [debug] <--[C38] DL_Rom_SetEnableAttr
[0000078] [12:08:29:211599] [Tid0x00002bd8] [debug] -->[C39] DL_GetCount #./api/api.cpp (line:2587)
[0000079] [12:08:29:211599] [Tid0x00002bd8] [debug] <--[C39] DL_GetCount
[0000080] [12:08:29:211599] [Tid0x00002bd8] [debug] -->[C40] DL_Rom_GetInfoAll #./api/api.cpp (line:2752)
[0000081] [12:08:29:211599] [Tid0x00002bd8] [debug] <--[C40] DL_Rom_GetInfoAll
[0000082] [12:08:29:212599] [Tid0x00002bd8] [debug] -->[C41] DL_Rom_SetEnableAttr #./api/api.cpp (line:2806)
[0000083] [12:08:29:212599] [Tid0x00002bd8] [debug] <--[C41] DL_Rom_SetEnableAttr
[0000084] [12:08:29:212599] [Tid0x00002bd8] [debug] -->[C42] DL_GetCount #./api/api.cpp (line:2587)
[0000085] [12:08:29:213599] [Tid0x00002bd8] [debug] <--[C42] DL_GetCount
[0000086] [12:08:29:213599] [Tid0x00002bd8] [debug] -->[C43] DL_Rom_GetInfoAll #./api/api.cpp (line:2752)
[0000087] [12:08:29:213599] [Tid0x00002bd8] [debug] <--[C43] DL_Rom_GetInfoAll
[0000088] [12:08:29:214599] [Tid0x00002bd8] [debug] -->[C44] DL_Rom_SetEnableAttr #./api/api.cpp (line:2806)
[0000089] [12:08:29:214599] [Tid0x00002bd8] [debug] <--[C44] DL_Rom_SetEnableAttr
[0000090] [12:08:29:214599] [Tid0x00002bd8] [debug] -->[C45] DL_GetCount #./api/api.cpp (line:2587)
[0000091] [12:08:29:214599] [Tid0x00002bd8] [debug] <--[C45] DL_GetCount
[0000092] [12:08:29:214599] [Tid0x00002bd8] [debug] -->[C46] DL_Rom_GetInfoAll #./api/api.cpp (line:2752)
[0000093] [12:08:29:214599] [Tid0x00002bd8] [debug] <--[C46] DL_Rom_GetInfoAll
[0000094] [12:08:29:215599] [Tid0x00002bd8] [debug] -->[C47] DL_Rom_SetEnableAttr #./api/api.cpp (line:2806)
[0000095] [12:08:29:215599] [Tid0x00002bd8] [debug] <--[C47] DL_Rom_SetEnableAttr
[0000096] [12:08:29:216599] [Tid0x00002bd8] [debug] -->[C48] DL_GetCount #./api/api.cpp (line:2587)
[0000097] [12:08:29:216599] [Tid0x00002bd8] [debug] <--[C48] DL_GetCount
[0000098] [12:08:29:216599] [Tid0x00002bd8] [debug] -->[C49] DL_Rom_GetInfoAll #./api/api.cpp (line:2752)
[0000099] [12:08:29:216599] [Tid0x00002bd8] [debug] <--[C49] DL_Rom_GetInfoAll
[0000100] [12:08:29:217599] [Tid0x00002bd8] [debug] -->[C50] DL_Rom_SetEnableAttr #./api/api.cpp (line:2806)
[0000101] [12:08:29:217599] [Tid0x00002bd8] [debug] <--[C50] DL_Rom_SetEnableAttr
[0000102] [12:08:29:217599] [Tid0x00002bd8] [debug] -->[C51] DL_GetCount #./api/api.cpp (line:2587)
[0000103] [12:08:29:218599] [Tid0x00002bd8] [debug] <--[C51] DL_GetCount
[0000104] [12:08:29:218599] [Tid0x00002bd8] [debug] -->[C52] DL_Rom_GetInfoAll #./api/api.cpp (line:2752)
[0000105] [12:08:29:218599] [Tid0x00002bd8] [debug] <--[C52] DL_Rom_GetInfoAll
[0000106] [12:08:29:219599] [Tid0x00002bd8] [debug] -->[C53] DL_Rom_SetEnableAttr #./api/api.cpp (line:2806)
[0000107] [12:08:29:219599] [Tid0x00002bd8] [debug] <--[C53] DL_Rom_SetEnableAttr
[0000108] [12:08:29:219599] [Tid0x00002bd8] [debug] -->[C54] DL_GetCount #./api/api.cpp (line:2587)
[0000109] [12:08:29:219599] [Tid0x00002bd8] [debug] <--[C54] DL_GetCount
[0000110] [12:08:29:219599] [Tid0x00002bd8] [debug] -->[C55] DL_Rom_GetInfoAll #./api/api.cpp (line:2752)
[0000111] [12:08:29:219599] [Tid0x00002bd8] [debug] <--[C55] DL_Rom_GetInfoAll
[0000112] [12:08:29:220599] [Tid0x00002bd8] [debug] -->[C56] DL_Rom_SetEnableAttr #./api/api.cpp (line:2806)
[0000113] [12:08:29:220599] [Tid0x00002bd8] [debug] <--[C56] DL_Rom_SetEnableAttr
[0000114] [12:08:29:221599] [Tid0x00002bd8] [debug] -->[C57] DL_GetCount #./api/api.cpp (line:2587)
[0000115] [12:08:29:221599] [Tid0x00002bd8] [debug] <--[C57] DL_GetCount
[0000116] [12:08:29:221599] [Tid0x00002bd8] [debug] -->[C58] DL_Rom_GetInfoAll #./api/api.cpp (line:2752)
[0000117] [12:08:29:221599] [Tid0x00002bd8] [debug] <--[C58] DL_Rom_GetInfoAll
[0000118] [12:08:29:222599] [Tid0x00002bd8] [debug] -->[C59] DL_Rom_SetEnableAttr #./api/api.cpp (line:2806)
[0000119] [12:08:29:222599] [Tid0x00002bd8] [debug] <--[C59] DL_Rom_SetEnableAttr
[0000120] [12:08:29:223599] [Tid0x00002bd8] [debug] -->[C60] DL_GetCount #./api/api.cpp (line:2587)
[0000121] [12:08:29:223599] [Tid0x00002bd8] [debug] <--[C60] DL_GetCount
[0000122] [12:08:29:223599] [Tid0x00002bd8] [debug] -->[C61] DL_Rom_GetInfoAll #./api/api.cpp (line:2752)
[0000123] [12:08:29:223599] [Tid0x00002bd8] [debug] <--[C61] DL_Rom_GetInfoAll
[0000124] [12:08:29:224599] [Tid0x00002bd8] [debug] -->[C62] DL_Rom_SetEnableAttr #./api/api.cpp (line:2806)
[0000125] [12:08:29:224599] [Tid0x00002bd8] [debug] <--[C62] DL_Rom_SetEnableAttr
[0000126] [12:08:29:224599] [Tid0x00002bd8] [debug] -->[C63] DL_GetCount #./api/api.cpp (line:2587)
[0000127] [12:08:29:224599] [Tid0x00002bd8] [debug] <--[C63] DL_GetCount
[0000128] [12:08:29:224599] [Tid0x00002bd8] [debug] -->[C64] DL_Rom_GetInfoAll #./api/api.cpp (line:2752)
[0000129] [12:08:29:224599] [Tid0x00002bd8] [debug] <--[C64] DL_Rom_GetInfoAll
[0000130] [12:08:29:225599] [Tid0x00002bd8] [debug] -->[C65] DL_Rom_SetEnableAttr #./api/api.cpp (line:2806)
[0000131] [12:08:29:225599] [Tid0x00002bd8] [debug] <--[C65] DL_Rom_SetEnableAttr
[0000132] [12:08:29:226599] [Tid0x00002bd8] [debug] -->[C66] DL_GetCount #./api/api.cpp (line:2587)
[0000133] [12:08:29:226599] [Tid0x00002bd8] [debug] <--[C66] DL_GetCount
[0000134] [12:08:29:226599] [Tid0x00002bd8] [debug] -->[C67] DL_Rom_GetInfoAll #./api/api.cpp (line:2752)
[0000135] [12:08:29:226599] [Tid0x00002bd8] [debug] <--[C67] DL_Rom_GetInfoAll
[0000136] [12:08:29:227599] [Tid0x00002bd8] [debug] -->[C68] DL_Rom_SetEnableAttr #./api/api.cpp (line:2806)
[0000137] [12:08:29:227599] [Tid0x00002bd8] [debug] <--[C68] DL_Rom_SetEnableAttr
[0000138] [12:08:29:228599] [Tid0x00002bd8] [debug] -->[C69] DL_GetCount #./api/api.cpp (line:2587)
[0000139] [12:08:29:228599] [Tid0x00002bd8] [debug] <--[C69] DL_GetCount
[0000140] [12:08:29:228599] [Tid0x00002bd8] [debug] -->[C70] DL_Rom_GetInfoAll #./api/api.cpp (line:2752)
[0000141] [12:08:29:228599] [Tid0x00002bd8] [debug] <--[C70] DL_Rom_GetInfoAll
[0000142] [12:08:29:229599] [Tid0x00002bd8] [debug] -->[C71] DL_Rom_SetEnableAttr #./api/api.cpp (line:2806)
[0000143] [12:08:29:229599] [Tid0x00002bd8] [debug] <--[C71] DL_Rom_SetEnableAttr
[0000144] [12:08:29:229599] [Tid0x00002bd8] [debug] -->[C72] DL_GetCount #./api/api.cpp (line:2587)
[0000145] [12:08:29:229599] [Tid0x00002bd8] [debug] <--[C72] DL_GetCount
[0000146] [12:08:29:229599] [Tid0x00002bd8] [debug] -->[C73] DL_Rom_GetInfoAll #./api/api.cpp (line:2752)
[0000147] [12:08:29:229599] [Tid0x00002bd8] [debug] <--[C73] DL_Rom_GetInfoAll
[0000148] [12:08:29:230599] [Tid0x00002bd8] [debug] -->[C74] DL_Rom_SetEnableAttr #./api/api.cpp (line:2806)
[0000149] [12:08:29:230599] [Tid0x00002bd8] [debug] <--[C74] DL_Rom_SetEnableAttr
[0000150] [12:08:29:231599] [Tid0x00002bd8] [debug] -->[C75] DL_GetCount #./api/api.cpp (line:2587)
[0000151] [12:08:29:231599] [Tid0x00002bd8] [debug] <--[C75] DL_GetCount
[0000152] [12:08:29:231599] [Tid0x00002bd8] [debug] -->[C76] DL_Rom_GetInfoAll #./api/api.cpp (line:2752)
[0000153] [12:08:29:231599] [Tid0x00002bd8] [debug] <--[C76] DL_Rom_GetInfoAll
[0000154] [12:08:29:232599] [Tid0x00002bd8] [debug] -->[C77] DL_Rom_SetEnableAttr #./api/api.cpp (line:2806)
[0000155] [12:08:29:232599] [Tid0x00002bd8] [debug] <--[C77] DL_Rom_SetEnableAttr
[0000156] [12:08:29:232599] [Tid0x00002bd8] [debug] -->[C78] DL_GetCount #./api/api.cpp (line:2587)
[0000157] [12:08:29:232599] [Tid0x00002bd8] [debug] <--[C78] DL_GetCount
[0000158] [12:08:29:232599] [Tid0x00002bd8] [debug] -->[C79] DL_Rom_GetInfoAll #./api/api.cpp (line:2752)
[0000159] [12:08:29:232599] [Tid0x00002bd8] [debug] <--[C79] DL_Rom_GetInfoAll
[0000160] [12:08:29:233599] [Tid0x00002bd8] [debug] -->[C80] DL_Rom_SetEnableAttr #./api/api.cpp (line:2806)
[0000161] [12:08:29:233599] [Tid0x00002bd8] [debug] <--[C80] DL_Rom_SetEnableAttr
[0000162] [12:08:29:233599] [Tid0x00002bd8] [debug] -->[C81] DL_GetCount #./api/api.cpp (line:2587)
[0000163] [12:08:29:233599] [Tid0x00002bd8] [debug] <--[C81] DL_GetCount
[0000164] [12:08:29:233599] [Tid0x00002bd8] [debug] -->[C82] DL_Rom_GetInfoAll #./api/api.cpp (line:2752)
[0000165] [12:08:29:233599] [Tid0x00002bd8] [debug] <--[C82] DL_Rom_GetInfoAll
[0000166] [12:08:29:234599] [Tid0x00002bd8] [debug] -->[C83] DL_Rom_SetEnableAttr #./api/api.cpp (line:2806)
[0000167] [12:08:29:234599] [Tid0x00002bd8] [debug] <--[C83] DL_Rom_SetEnableAttr
[0000168] [12:08:29:235599] [Tid0x00002bd8] [debug] -->[C84] DL_GetCount #./api/api.cpp (line:2587)
[0000169] [12:08:29:235599] [Tid0x00002bd8] [debug] <--[C84] DL_GetCount
[0000170] [12:08:29:235599] [Tid0x00002bd8] [debug] -->[C85] DL_Rom_GetInfoAll #./api/api.cpp (line:2752)
[0000171] [12:08:29:235599] [Tid0x00002bd8] [debug] <--[C85] DL_Rom_GetInfoAll
[0000172] [12:08:29:235599] [Tid0x00002bd8] [debug] -->[C86] DL_Rom_SetEnableAttr #./api/api.cpp (line:2806)
[0000173] [12:08:29:235599] [Tid0x00002bd8] [debug] <--[C86] DL_Rom_SetEnableAttr
[0000174] [12:08:29:236599] [Tid0x00002bd8] [debug] -->[C87] DL_GetCount #./api/api.cpp (line:2587)
[0000175] [12:08:29:236599] [Tid0x00002bd8] [debug] <--[C87] DL_GetCount
[0000176] [12:08:29:236599] [Tid0x00002bd8] [debug] -->[C88] DL_Rom_GetInfoAll #./api/api.cpp (line:2752)
[0000177] [12:08:29:236599] [Tid0x00002bd8] [debug] <--[C88] DL_Rom_GetInfoAll
[0000178] [12:08:29:237599] [Tid0x00002bd8] [debug] -->[C89] DL_Rom_SetEnableAttr #./api/api.cpp (line:2806)
[0000179] [12:08:29:237599] [Tid0x00002bd8] [debug] <--[C89] DL_Rom_SetEnableAttr
[0000180] [12:08:29:237599] [Tid0x00002bd8] [debug] -->[C90] DL_GetCount #./api/api.cpp (line:2587)
[0000181] [12:08:29:237599] [Tid0x00002bd8] [debug] <--[C90] DL_GetCount
[0000182] [12:08:29:237599] [Tid0x00002bd8] [debug] -->[C91] DL_Rom_GetInfoAll #./api/api.cpp (line:2752)
[0000183] [12:08:29:237599] [Tid0x00002bd8] [debug] <--[C91] DL_Rom_GetInfoAll
[0000184] [12:08:29:238599] [Tid0x00002bd8] [debug] -->[C92] DL_Rom_SetEnableAttr #./api/api.cpp (line:2806)
[0000185] [12:08:29:238599] [Tid0x00002bd8] [debug] <--[C92] DL_Rom_SetEnableAttr
[0000186] [12:08:29:238599] [Tid0x00002bd8] [debug] -->[C93] DL_GetCount #./api/api.cpp (line:2587)
[0000187] [12:08:29:238599] [Tid0x00002bd8] [debug] <--[C93] DL_GetCount
[0000188] [12:08:29:238599] [Tid0x00002bd8] [debug] -->[C94] DL_Rom_GetInfoAll #./api/api.cpp (line:2752)
[0000189] [12:08:29:239599] [Tid0x00002bd8] [debug] <--[C94] DL_Rom_GetInfoAll
[0000190] [12:08:29:240599] [Tid0x00002bd8] [debug] -->[C95] DL_Rom_SetEnableAttr #./api/api.cpp (line:2806)
[0000191] [12:08:29:240599] [Tid0x00002bd8] [debug] <--[C95] DL_Rom_SetEnableAttr
[0000192] [12:08:29:240599] [Tid0x00002bd8] [debug] -->[C96] DL_GetCount #./api/api.cpp (line:2587)
[0000193] [12:08:29:240599] [Tid0x00002bd8] [debug] <--[C96] DL_GetCount
[0000194] [12:08:29:240599] [Tid0x00002bd8] [debug] -->[C97] DL_Rom_GetInfoAll #./api/api.cpp (line:2752)
[0000195] [12:08:29:240599] [Tid0x00002bd8] [debug] <--[C97] DL_Rom_GetInfoAll
[0000196] [12:08:29:241599] [Tid0x00002bd8] [debug] -->[C98] DL_Rom_SetEnableAttr #./api/api.cpp (line:2806)
[0000197] [12:08:29:241599] [Tid0x00002bd8] [debug] <--[C98] DL_Rom_SetEnableAttr
[0000198] [12:08:29:241599] [Tid0x00002bd8] [debug] -->[C99] DL_GetCount #./api/api.cpp (line:2587)
[0000199] [12:08:29:241599] [Tid0x00002bd8] [debug] <--[C99] DL_GetCount
[0000200] [12:08:29:241599] [Tid0x00002bd8] [debug] -->[C100] DL_Rom_GetInfoAll #./api/api.cpp (line:2752)
[0000201] [12:08:29:241599] [Tid0x00002bd8] [debug] <--[C100] DL_Rom_GetInfoAll
[0000202] [12:08:29:242599] [Tid0x00002bd8] [debug] -->[C101] DL_Rom_SetEnableAttr #./api/api.cpp (line:2806)
[0000203] [12:08:29:242599] [Tid0x00002bd8] [debug] <--[C101] DL_Rom_SetEnableAttr
[0000204] [12:08:29:243599] [Tid0x00002bd8] [debug] -->[C102] DL_GetCount #./api/api.cpp (line:2587)
[0000205] [12:08:29:243599] [Tid0x00002bd8] [debug] <--[C102] DL_GetCount
[0000206] [12:08:29:243599] [Tid0x00002bd8] [debug] -->[C103] DL_Rom_GetInfoAll #./api/api.cpp (line:2752)
[0000207] [12:08:29:243599] [Tid0x00002bd8] [debug] <--[C103] DL_Rom_GetInfoAll
[0000208] [12:08:29:244599] [Tid0x00002bd8] [debug] -->[C104] DL_Rom_SetEnableAttr #./api/api.cpp (line:2806)
[0000209] [12:08:29:244599] [Tid0x00002bd8] [debug] <--[C104] DL_Rom_SetEnableAttr
[0000210] [12:08:29:245599] [Tid0x00002bd8] [debug] -->[C105] DL_GetCount #./api/api.cpp (line:2587)
[0000211] [12:08:29:245599] [Tid0x00002bd8] [debug] <--[C105] DL_GetCount
[0000212] [12:08:29:245599] [Tid0x00002bd8] [debug] -->[C106] DL_Rom_GetInfoAll #./api/api.cpp (line:2752)
[0000213] [12:08:29:245599] [Tid0x00002bd8] [debug] <--[C106] DL_Rom_GetInfoAll
[0000214] [12:08:29:246599] [Tid0x00002bd8] [debug] -->[C107] DL_Rom_SetEnableAttr #./api/api.cpp (line:2806)
[0000215] [12:08:29:246599] [Tid0x00002bd8] [debug] <--[C107] DL_Rom_SetEnableAttr
[0000216] [12:08:29:246599] [Tid0x00002bd8] [debug] -->[C108] DL_GetCount #./api/api.cpp (line:2587)
[0000217] [12:08:29:246599] [Tid0x00002bd8] [debug] <--[C108] DL_GetCount
[0000218] [12:08:29:246599] [Tid0x00002bd8] [debug] -->[C109] DL_Rom_GetInfoAll #./api/api.cpp (line:2752)
[0000219] [12:08:29:246599] [Tid0x00002bd8] [debug] <--[C109] DL_Rom_GetInfoAll
[0000220] [12:08:29:247599] [Tid0x00002bd8] [debug] -->[C110] DL_Rom_SetEnableAttr #./api/api.cpp (line:2806)
[0000221] [12:08:29:247599] [Tid0x00002bd8] [debug] <--[C110] DL_Rom_SetEnableAttr
[0000222] [12:08:29:247599] [Tid0x00002bd8] [debug] -->[C111] DL_GetCount #./api/api.cpp (line:2587)
[0000223] [12:08:29:247599] [Tid0x00002bd8] [debug] <--[C111] DL_GetCount
[0000224] [12:08:29:247599] [Tid0x00002bd8] [debug] -->[C112] DL_Rom_GetInfoAll #./api/api.cpp (line:2752)
[0000225] [12:08:29:247599] [Tid0x00002bd8] [debug] <--[C112] DL_Rom_GetInfoAll
[0000226] [12:08:29:248599] [Tid0x00002bd8] [debug] -->[C113] DL_Rom_SetEnableAttr #./api/api.cpp (line:2806)
[0000227] [12:08:29:248599] [Tid0x00002bd8] [debug] <--[C113] DL_Rom_SetEnableAttr
[0000228] [12:08:29:249599] [Tid0x00002bd8] [debug] -->[C114] DL_SetChecksumLevel #./api/api.cpp (line:2516)
[0000229] [12:08:29:249599] [Tid0x00002bd8] [debug] <--[C114] DL_SetChecksumLevel
[0000230] [12:08:30:087599] [Tid0x00002bd8] [debug] -->[C115] DL_GetCount #./api/api.cpp (line:2587)
[0000231] [12:08:30:087599] [Tid0x00002bd8] [debug] <--[C115] DL_GetCount
[0000232] [12:08:30:088599] [Tid0x00002bd8] [debug] -->[C116] DL_Rom_GetInfoAll #./api/api.cpp (line:2752)
[0000233] [12:08:30:088599] [Tid0x00002bd8] [debug] <--[C116] DL_Rom_GetInfoAll
[0000234] [12:08:30:090599] [Tid0x00002bd8] [debug] -->[C117] DL_GetCount #./api/api.cpp (line:2587)
[0000235] [12:08:30:090599] [Tid0x00002bd8] [debug] <--[C117] DL_GetCount
[0000236] [12:08:30:090599] [Tid0x00002bd8] [debug] -->[C118] DL_Rom_GetInfoAll #./api/api.cpp (line:2752)
[0000237] [12:08:30:090599] [Tid0x00002bd8] [debug] <--[C118] DL_Rom_GetInfoAll
[0000238] [12:08:38:262599] [Tid0x00002a88] [debug] -->[C119] FlashTool_Connect_BROM_ByName #./api/api.cpp (line:1975)
[0000239] [12:08:38:262599] [Tid0x00002a88] [debug] -->[C120] FlashTool_Connect_BROM_Ex #./api/api.cpp (line:1880)
[0000240] [12:08:38:262599] [Tid0x00002a88] [debug] bCheckScatter: 1
[0000241] [12:08:38:262599] [Tid0x00002a88] [debug] have load scatter already
[0000242] [12:08:38:262599] [Tid0x00002a88] [debug] libversion 1
[0000243] [12:08:38:844599] [Tid0x00002a88] [debug] <--[C120] FlashTool_Connect_BROM_Ex
[0000244] [12:08:38:844599] [Tid0x00002a88] [debug] <--[C119] FlashTool_Connect_BROM_ByName
[0000245] [12:08:38:844599] [Tid0x00002a88] [debug] -->[C121] FlashTool_GetBootResult #./api/api.cpp (line:1987)
[0000246] [12:08:38:844599] [Tid0x00002a88] [debug] <--[C121] FlashTool_GetBootResult
[0000247] [12:08:38:844599] [Tid0x00002a88] [debug] -->[C122] FlashTool_Connect_Download_DA #./api/api.cpp (line:2007)
[0000248] [12:08:38:844599] [Tid0x00002a88] [debug] bCheckScatter: 1
[0000249] [12:08:41:059599] [Tid0x00002a88] [debug] <--[C122] FlashTool_Connect_Download_DA
[0000250] [12:08:41:059599] [Tid0x00002a88] [debug] -->[C123] FlashTool_CheckUSBStatus #./api/api.cpp (line:1154)
[0000251] [12:08:41:060599] [Tid0x00002a88] [debug] <--[C123] FlashTool_CheckUSBStatus
[0000252] [12:08:41:060599] [Tid0x00002a88] [debug] -->[C124] FlashTool_CheckUSBStatus #./api/api.cpp (line:1154)
[0000253] [12:08:41:061599] [Tid0x00002a88] [debug] <--[C124] FlashTool_CheckUSBStatus
[0000254] [12:08:41:061599] [Tid0x00002a88] [debug] -->[C125] FlashTool_GetReservedRomSize #./api/api.cpp (line:1677)
[0000255] [12:08:41:061599] [Tid0x00002a88] [debug] <--[C125] FlashTool_GetReservedRomSize
[0000256] [12:08:41:061599] [Tid0x00002a88] [debug] -->[C126] FlashTool_RomGetCount #./api/api.cpp (line:1702)
[0000257] [12:08:41:062599] [Tid0x00002a88] [debug] <--[C126] FlashTool_RomGetCount
[0000258] [12:08:41:062599] [Tid0x00002a88] [debug] -->[C127] FlashTool_RomGetInfoAll #./api/api.cpp (line:1726)
[0000259] [12:08:41:064599] [Tid0x00002a88] [debug] <--[C127] FlashTool_RomGetInfoAll
[0000260] [12:08:41:064599] [Tid0x00002a88] [debug] -->[C128] FlashTool_ReadPartitionCount #./api/api.cpp (line:1633)
[0000261] [12:08:41:098599] [Tid0x00002a88] [debug] <--[C128] FlashTool_ReadPartitionCount
[0000262] [12:08:41:098599] [Tid0x00002a88] [debug] -->[C129] FlashTool_ReadPartitionInfo #./api/api.cpp (line:1654)
[0000263] [12:08:41:098599] [Tid0x00002a88] [debug] <--[C129] FlashTool_ReadPartitionInfo
[0000264] [12:08:41:098599] [Tid0x00002a88] [debug] -->[C130] FlashTool_Download #./api/api.cpp (line:1300)
[0000265] [12:15:00:722599] [Tid0x00002a88] [debug] <--[C130] FlashTool_Download
[0000266] [12:15:00:723599] [Tid0x00002a88] [debug] -->[C131] DL_GetCount #./api/api.cpp (line:2587)
[0000267] [12:15:00:723599] [Tid0x00002a88] [debug] <--[C131] DL_GetCount
[0000268] [12:15:00:723599] [Tid0x00002a88] [debug] -->[C132] DL_Rom_GetInfoAll #./api/api.cpp (line:2752)
[0000269] [12:15:00:723599] [Tid0x00002a88] [debug] <--[C132] DL_Rom_GetInfoAll
[0000270] [12:15:00:723599] [Tid0x00002a88] [debug] -->[C133] FlashTool_Disconnect #./api/api.cpp (line:1033)
[0000271] [12:15:00:745599] [Tid0x00002a88] [debug] <--[C133] FlashTool_Disconnect
[0000272] [16:52:33:246599] [Tid0x00002bd8] [debug] -->[C134] DL_Rom_UnloadAll #./api/api.cpp (line:2795)
[0000273] [16:52:33:251599] [Tid0x00002bd8] [debug] <--[C134] DL_Rom_UnloadAll
