[0000001] [14:49:25:619112] [Tid0x00004210] [debug] -->[C1] DL_LoadScatter #./api/api.cpp (line:2474)
[0000002] [14:49:26:695112] [Tid0x00004210] [debug] used lib version: 1
[0000003] [14:49:26:695112] [Tid0x00004210] [debug] <--[C1] DL_LoadScatter
[0000004] [14:49:26:695112] [Tid0x00004210] [debug] -->[C2] DL_AutoLoadRomImages #./api/api.cpp (line:2667)
[0000005] [14:49:27:747112] [Tid0x00004210] [debug] <--[C2] DL_AutoLoadRomImages
[0000006] [14:49:27:977112] [Tid0x00005fc8] [debug] -->[C3] DL_GetCount #./api/api.cpp (line:2587)
[0000007] [14:49:27:978112] [Tid0x00005fc8] [debug] <--[C3] DL_GetCount
[0000008] [14:49:27:978112] [Tid0x00005fc8] [debug] -->[C4] DL_Rom_GetInfoAll #./api/api.cpp (line:2752)
[0000009] [14:49:27:978112] [Tid0x00005fc8] [debug] <--[C4] DL_Rom_GetInfoAll
[0000010] [14:49:27:980112] [Tid0x00005fc8] [debug] -->[C5] DL_GetScatterInfo #./api/api.cpp (line:2688)
[0000011] [14:49:27:980112] [Tid0x00005fc8] [debug] <--[C5] DL_GetScatterInfo
[0000012] [14:49:27:982112] [Tid0x00005fc8] [debug] -->[C6] DL_GetCount #./api/api.cpp (line:2587)
[0000013] [14:49:27:982112] [Tid0x00005fc8] [debug] <--[C6] DL_GetCount
[0000014] [14:49:27:982112] [Tid0x00005fc8] [debug] -->[C7] DL_Rom_GetInfoAll #./api/api.cpp (line:2752)
[0000015] [14:49:27:982112] [Tid0x00005fc8] [debug] <--[C7] DL_Rom_GetInfoAll
[0000016] [14:49:27:983112] [Tid0x00005fc8] [debug] -->[C8] DL_Rom_SetEnableAttr #./api/api.cpp (line:2806)
[0000017] [14:49:27:983112] [Tid0x00005fc8] [debug] <--[C8] DL_Rom_SetEnableAttr
[0000018] [14:49:27:983112] [Tid0x00005fc8] [debug] -->[C9] DL_GetCount #./api/api.cpp (line:2587)
[0000019] [14:49:27:983112] [Tid0x00005fc8] [debug] <--[C9] DL_GetCount
[0000020] [14:49:27:983112] [Tid0x00005fc8] [debug] -->[C10] DL_Rom_GetInfoAll #./api/api.cpp (line:2752)
[0000021] [14:49:27:983112] [Tid0x00005fc8] [debug] <--[C10] DL_Rom_GetInfoAll
[0000022] [14:49:27:984112] [Tid0x00005fc8] [debug] -->[C11] DL_Rom_SetEnableAttr #./api/api.cpp (line:2806)
[0000023] [14:49:27:984112] [Tid0x00005fc8] [debug] <--[C11] DL_Rom_SetEnableAttr
[0000024] [14:49:27:985112] [Tid0x00005fc8] [debug] -->[C12] DL_GetCount #./api/api.cpp (line:2587)
[0000025] [14:49:27:985112] [Tid0x00005fc8] [debug] <--[C12] DL_GetCount
[0000026] [14:49:27:985112] [Tid0x00005fc8] [debug] -->[C13] DL_Rom_GetInfoAll #./api/api.cpp (line:2752)
[0000027] [14:49:27:985112] [Tid0x00005fc8] [debug] <--[C13] DL_Rom_GetInfoAll
[0000028] [14:49:27:986112] [Tid0x00005fc8] [debug] -->[C14] DL_Rom_SetEnableAttr #./api/api.cpp (line:2806)
[0000029] [14:49:27:986112] [Tid0x00005fc8] [debug] <--[C14] DL_Rom_SetEnableAttr
[0000030] [14:49:27:986112] [Tid0x00005fc8] [debug] -->[C15] DL_GetCount #./api/api.cpp (line:2587)
[0000031] [14:49:27:986112] [Tid0x00005fc8] [debug] <--[C15] DL_GetCount
[0000032] [14:49:27:986112] [Tid0x00005fc8] [debug] -->[C16] DL_Rom_GetInfoAll #./api/api.cpp (line:2752)
[0000033] [14:49:27:986112] [Tid0x00005fc8] [debug] <--[C16] DL_Rom_GetInfoAll
[0000034] [14:49:27:987112] [Tid0x00005fc8] [debug] -->[C17] DL_Rom_SetEnableAttr #./api/api.cpp (line:2806)
[0000035] [14:49:27:987112] [Tid0x00005fc8] [debug] <--[C17] DL_Rom_SetEnableAttr
[0000036] [14:49:27:987112] [Tid0x00005fc8] [debug] -->[C18] DL_GetCount #./api/api.cpp (line:2587)
[0000037] [14:49:27:987112] [Tid0x00005fc8] [debug] <--[C18] DL_GetCount
[0000038] [14:49:27:987112] [Tid0x00005fc8] [debug] -->[C19] DL_Rom_GetInfoAll #./api/api.cpp (line:2752)
[0000039] [14:49:27:987112] [Tid0x00005fc8] [debug] <--[C19] DL_Rom_GetInfoAll
[0000040] [14:49:27:988112] [Tid0x00005fc8] [debug] -->[C20] DL_Rom_SetEnableAttr #./api/api.cpp (line:2806)
[0000041] [14:49:27:988112] [Tid0x00005fc8] [debug] <--[C20] DL_Rom_SetEnableAttr
[0000042] [14:49:27:989112] [Tid0x00005fc8] [debug] -->[C21] DL_GetCount #./api/api.cpp (line:2587)
[0000043] [14:49:27:989112] [Tid0x00005fc8] [debug] <--[C21] DL_GetCount
[0000044] [14:49:27:989112] [Tid0x00005fc8] [debug] -->[C22] DL_Rom_GetInfoAll #./api/api.cpp (line:2752)
[0000045] [14:49:27:989112] [Tid0x00005fc8] [debug] <--[C22] DL_Rom_GetInfoAll
[0000046] [14:49:27:990112] [Tid0x00005fc8] [debug] -->[C23] DL_Rom_SetEnableAttr #./api/api.cpp (line:2806)
[0000047] [14:49:27:990112] [Tid0x00005fc8] [debug] <--[C23] DL_Rom_SetEnableAttr
[0000048] [14:49:27:990112] [Tid0x00005fc8] [debug] -->[C24] DL_GetCount #./api/api.cpp (line:2587)
[0000049] [14:49:27:990112] [Tid0x00005fc8] [debug] <--[C24] DL_GetCount
[0000050] [14:49:27:990112] [Tid0x00005fc8] [debug] -->[C25] DL_Rom_GetInfoAll #./api/api.cpp (line:2752)
[0000051] [14:49:27:990112] [Tid0x00005fc8] [debug] <--[C25] DL_Rom_GetInfoAll
[0000052] [14:49:27:991112] [Tid0x00005fc8] [debug] -->[C26] DL_Rom_SetEnableAttr #./api/api.cpp (line:2806)
[0000053] [14:49:27:991112] [Tid0x00005fc8] [debug] <--[C26] DL_Rom_SetEnableAttr
[0000054] [14:49:27:991112] [Tid0x00005fc8] [debug] -->[C27] DL_GetCount #./api/api.cpp (line:2587)
[0000055] [14:49:27:991112] [Tid0x00005fc8] [debug] <--[C27] DL_GetCount
[0000056] [14:49:27:991112] [Tid0x00005fc8] [debug] -->[C28] DL_Rom_GetInfoAll #./api/api.cpp (line:2752)
[0000057] [14:49:27:991112] [Tid0x00005fc8] [debug] <--[C28] DL_Rom_GetInfoAll
[0000058] [14:49:27:992112] [Tid0x00005fc8] [debug] -->[C29] DL_Rom_SetEnableAttr #./api/api.cpp (line:2806)
[0000059] [14:49:27:992112] [Tid0x00005fc8] [debug] <--[C29] DL_Rom_SetEnableAttr
[0000060] [14:49:27:993112] [Tid0x00005fc8] [debug] -->[C30] DL_GetCount #./api/api.cpp (line:2587)
[0000061] [14:49:27:993112] [Tid0x00005fc8] [debug] <--[C30] DL_GetCount
[0000062] [14:49:27:993112] [Tid0x00005fc8] [debug] -->[C31] DL_Rom_GetInfoAll #./api/api.cpp (line:2752)
[0000063] [14:49:27:993112] [Tid0x00005fc8] [debug] <--[C31] DL_Rom_GetInfoAll
[0000064] [14:49:27:994112] [Tid0x00005fc8] [debug] -->[C32] DL_Rom_SetEnableAttr #./api/api.cpp (line:2806)
[0000065] [14:49:27:994112] [Tid0x00005fc8] [debug] <--[C32] DL_Rom_SetEnableAttr
[0000066] [14:49:27:995112] [Tid0x00005fc8] [debug] -->[C33] DL_GetCount #./api/api.cpp (line:2587)
[0000067] [14:49:27:995112] [Tid0x00005fc8] [debug] <--[C33] DL_GetCount
[0000068] [14:49:27:995112] [Tid0x00005fc8] [debug] -->[C34] DL_Rom_GetInfoAll #./api/api.cpp (line:2752)
[0000069] [14:49:27:995112] [Tid0x00005fc8] [debug] <--[C34] DL_Rom_GetInfoAll
[0000070] [14:49:27:996112] [Tid0x00005fc8] [debug] -->[C35] DL_Rom_SetEnableAttr #./api/api.cpp (line:2806)
[0000071] [14:49:27:996112] [Tid0x00005fc8] [debug] <--[C35] DL_Rom_SetEnableAttr
[0000072] [14:49:27:996112] [Tid0x00005fc8] [debug] -->[C36] DL_GetCount #./api/api.cpp (line:2587)
[0000073] [14:49:27:996112] [Tid0x00005fc8] [debug] <--[C36] DL_GetCount
[0000074] [14:49:27:996112] [Tid0x00005fc8] [debug] -->[C37] DL_Rom_GetInfoAll #./api/api.cpp (line:2752)
[0000075] [14:49:27:996112] [Tid0x00005fc8] [debug] <--[C37] DL_Rom_GetInfoAll
[0000076] [14:49:27:997112] [Tid0x00005fc8] [debug] -->[C38] DL_Rom_SetEnableAttr #./api/api.cpp (line:2806)
[0000077] [14:49:27:997112] [Tid0x00005fc8] [debug] <--[C38] DL_Rom_SetEnableAttr
[0000078] [14:49:27:997112] [Tid0x00005fc8] [debug] -->[C39] DL_GetCount #./api/api.cpp (line:2587)
[0000079] [14:49:27:997112] [Tid0x00005fc8] [debug] <--[C39] DL_GetCount
[0000080] [14:49:27:997112] [Tid0x00005fc8] [debug] -->[C40] DL_Rom_GetInfoAll #./api/api.cpp (line:2752)
[0000081] [14:49:27:997112] [Tid0x00005fc8] [debug] <--[C40] DL_Rom_GetInfoAll
[0000082] [14:49:27:998112] [Tid0x00005fc8] [debug] -->[C41] DL_Rom_SetEnableAttr #./api/api.cpp (line:2806)
[0000083] [14:49:27:998112] [Tid0x00005fc8] [debug] <--[C41] DL_Rom_SetEnableAttr
[0000084] [14:49:27:999112] [Tid0x00005fc8] [debug] -->[C42] DL_GetCount #./api/api.cpp (line:2587)
[0000085] [14:49:27:999112] [Tid0x00005fc8] [debug] <--[C42] DL_GetCount
[0000086] [14:49:27:999112] [Tid0x00005fc8] [debug] -->[C43] DL_Rom_GetInfoAll #./api/api.cpp (line:2752)
[0000087] [14:49:27:999112] [Tid0x00005fc8] [debug] <--[C43] DL_Rom_GetInfoAll
[0000088] [14:49:28:000112] [Tid0x00005fc8] [debug] -->[C44] DL_Rom_SetEnableAttr #./api/api.cpp (line:2806)
[0000089] [14:49:28:000112] [Tid0x00005fc8] [debug] <--[C44] DL_Rom_SetEnableAttr
[0000090] [14:49:28:000112] [Tid0x00005fc8] [debug] -->[C45] DL_GetCount #./api/api.cpp (line:2587)
[0000091] [14:49:28:000112] [Tid0x00005fc8] [debug] <--[C45] DL_GetCount
[0000092] [14:49:28:000112] [Tid0x00005fc8] [debug] -->[C46] DL_Rom_GetInfoAll #./api/api.cpp (line:2752)
[0000093] [14:49:28:000112] [Tid0x00005fc8] [debug] <--[C46] DL_Rom_GetInfoAll
[0000094] [14:49:28:002112] [Tid0x00005fc8] [debug] -->[C47] DL_Rom_SetEnableAttr #./api/api.cpp (line:2806)
[0000095] [14:49:28:002112] [Tid0x00005fc8] [debug] <--[C47] DL_Rom_SetEnableAttr
[0000096] [14:49:28:002112] [Tid0x00005fc8] [debug] -->[C48] DL_GetCount #./api/api.cpp (line:2587)
[0000097] [14:49:28:003112] [Tid0x00005fc8] [debug] <--[C48] DL_GetCount
[0000098] [14:49:28:003112] [Tid0x00005fc8] [debug] -->[C49] DL_Rom_GetInfoAll #./api/api.cpp (line:2752)
[0000099] [14:49:28:003112] [Tid0x00005fc8] [debug] <--[C49] DL_Rom_GetInfoAll
[0000100] [14:49:28:004112] [Tid0x00005fc8] [debug] -->[C50] DL_Rom_SetEnableAttr #./api/api.cpp (line:2806)
[0000101] [14:49:28:004112] [Tid0x00005fc8] [debug] <--[C50] DL_Rom_SetEnableAttr
[0000102] [14:49:28:005112] [Tid0x00005fc8] [debug] -->[C51] DL_GetCount #./api/api.cpp (line:2587)
[0000103] [14:49:28:005112] [Tid0x00005fc8] [debug] <--[C51] DL_GetCount
[0000104] [14:49:28:005112] [Tid0x00005fc8] [debug] -->[C52] DL_Rom_GetInfoAll #./api/api.cpp (line:2752)
[0000105] [14:49:28:005112] [Tid0x00005fc8] [debug] <--[C52] DL_Rom_GetInfoAll
[0000106] [14:49:28:006112] [Tid0x00005fc8] [debug] -->[C53] DL_Rom_SetEnableAttr #./api/api.cpp (line:2806)
[0000107] [14:49:28:006112] [Tid0x00005fc8] [debug] <--[C53] DL_Rom_SetEnableAttr
[0000108] [14:49:28:006112] [Tid0x00005fc8] [debug] -->[C54] DL_GetCount #./api/api.cpp (line:2587)
[0000109] [14:49:28:006112] [Tid0x00005fc8] [debug] <--[C54] DL_GetCount
[0000110] [14:49:28:006112] [Tid0x00005fc8] [debug] -->[C55] DL_Rom_GetInfoAll #./api/api.cpp (line:2752)
[0000111] [14:49:28:006112] [Tid0x00005fc8] [debug] <--[C55] DL_Rom_GetInfoAll
[0000112] [14:49:28:007112] [Tid0x00005fc8] [debug] -->[C56] DL_Rom_SetEnableAttr #./api/api.cpp (line:2806)
[0000113] [14:49:28:007112] [Tid0x00005fc8] [debug] <--[C56] DL_Rom_SetEnableAttr
[0000114] [14:49:28:008112] [Tid0x00005fc8] [debug] -->[C57] DL_GetCount #./api/api.cpp (line:2587)
[0000115] [14:49:28:008112] [Tid0x00005fc8] [debug] <--[C57] DL_GetCount
[0000116] [14:49:28:008112] [Tid0x00005fc8] [debug] -->[C58] DL_Rom_GetInfoAll #./api/api.cpp (line:2752)
[0000117] [14:49:28:008112] [Tid0x00005fc8] [debug] <--[C58] DL_Rom_GetInfoAll
[0000118] [14:49:28:010112] [Tid0x00005fc8] [debug] -->[C59] DL_Rom_SetEnableAttr #./api/api.cpp (line:2806)
[0000119] [14:49:28:010112] [Tid0x00005fc8] [debug] <--[C59] DL_Rom_SetEnableAttr
[0000120] [14:49:28:011112] [Tid0x00005fc8] [debug] -->[C60] DL_GetCount #./api/api.cpp (line:2587)
[0000121] [14:49:28:011112] [Tid0x00005fc8] [debug] <--[C60] DL_GetCount
[0000122] [14:49:28:011112] [Tid0x00005fc8] [debug] -->[C61] DL_Rom_GetInfoAll #./api/api.cpp (line:2752)
[0000123] [14:49:28:011112] [Tid0x00005fc8] [debug] <--[C61] DL_Rom_GetInfoAll
[0000124] [14:49:28:012112] [Tid0x00005fc8] [debug] -->[C62] DL_Rom_SetEnableAttr #./api/api.cpp (line:2806)
[0000125] [14:49:28:012112] [Tid0x00005fc8] [debug] <--[C62] DL_Rom_SetEnableAttr
[0000126] [14:49:28:012112] [Tid0x00005fc8] [debug] -->[C63] DL_GetCount #./api/api.cpp (line:2587)
[0000127] [14:49:28:012112] [Tid0x00005fc8] [debug] <--[C63] DL_GetCount
[0000128] [14:49:28:012112] [Tid0x00005fc8] [debug] -->[C64] DL_Rom_GetInfoAll #./api/api.cpp (line:2752)
[0000129] [14:49:28:012112] [Tid0x00005fc8] [debug] <--[C64] DL_Rom_GetInfoAll
[0000130] [14:49:28:013112] [Tid0x00005fc8] [debug] -->[C65] DL_Rom_SetEnableAttr #./api/api.cpp (line:2806)
[0000131] [14:49:28:013112] [Tid0x00005fc8] [debug] <--[C65] DL_Rom_SetEnableAttr
[0000132] [14:49:28:013112] [Tid0x00005fc8] [debug] -->[C66] DL_GetCount #./api/api.cpp (line:2587)
[0000133] [14:49:28:013112] [Tid0x00005fc8] [debug] <--[C66] DL_GetCount
[0000134] [14:49:28:013112] [Tid0x00005fc8] [debug] -->[C67] DL_Rom_GetInfoAll #./api/api.cpp (line:2752)
[0000135] [14:49:28:013112] [Tid0x00005fc8] [debug] <--[C67] DL_Rom_GetInfoAll
[0000136] [14:49:28:014112] [Tid0x00005fc8] [debug] -->[C68] DL_Rom_SetEnableAttr #./api/api.cpp (line:2806)
[0000137] [14:49:28:014112] [Tid0x00005fc8] [debug] <--[C68] DL_Rom_SetEnableAttr
[0000138] [14:49:28:015112] [Tid0x00005fc8] [debug] -->[C69] DL_GetCount #./api/api.cpp (line:2587)
[0000139] [14:49:28:015112] [Tid0x00005fc8] [debug] <--[C69] DL_GetCount
[0000140] [14:49:28:015112] [Tid0x00005fc8] [debug] -->[C70] DL_Rom_GetInfoAll #./api/api.cpp (line:2752)
[0000141] [14:49:28:015112] [Tid0x00005fc8] [debug] <--[C70] DL_Rom_GetInfoAll
[0000142] [14:49:28:016112] [Tid0x00005fc8] [debug] -->[C71] DL_Rom_SetEnableAttr #./api/api.cpp (line:2806)
[0000143] [14:49:28:016112] [Tid0x00005fc8] [debug] <--[C71] DL_Rom_SetEnableAttr
[0000144] [14:49:28:016112] [Tid0x00005fc8] [debug] -->[C72] DL_GetCount #./api/api.cpp (line:2587)
[0000145] [14:49:28:016112] [Tid0x00005fc8] [debug] <--[C72] DL_GetCount
[0000146] [14:49:28:016112] [Tid0x00005fc8] [debug] -->[C73] DL_Rom_GetInfoAll #./api/api.cpp (line:2752)
[0000147] [14:49:28:016112] [Tid0x00005fc8] [debug] <--[C73] DL_Rom_GetInfoAll
[0000148] [14:49:28:017112] [Tid0x00005fc8] [debug] -->[C74] DL_Rom_SetEnableAttr #./api/api.cpp (line:2806)
[0000149] [14:49:28:017112] [Tid0x00005fc8] [debug] <--[C74] DL_Rom_SetEnableAttr
[0000150] [14:49:28:018112] [Tid0x00005fc8] [debug] -->[C75] DL_GetCount #./api/api.cpp (line:2587)
[0000151] [14:49:28:018112] [Tid0x00005fc8] [debug] <--[C75] DL_GetCount
[0000152] [14:49:28:018112] [Tid0x00005fc8] [debug] -->[C76] DL_Rom_GetInfoAll #./api/api.cpp (line:2752)
[0000153] [14:49:28:018112] [Tid0x00005fc8] [debug] <--[C76] DL_Rom_GetInfoAll
[0000154] [14:49:28:019112] [Tid0x00005fc8] [debug] -->[C77] DL_Rom_SetEnableAttr #./api/api.cpp (line:2806)
[0000155] [14:49:28:019112] [Tid0x00005fc8] [debug] <--[C77] DL_Rom_SetEnableAttr
[0000156] [14:49:28:020112] [Tid0x00005fc8] [debug] -->[C78] DL_GetCount #./api/api.cpp (line:2587)
[0000157] [14:49:28:020112] [Tid0x00005fc8] [debug] <--[C78] DL_GetCount
[0000158] [14:49:28:020112] [Tid0x00005fc8] [debug] -->[C79] DL_Rom_GetInfoAll #./api/api.cpp (line:2752)
[0000159] [14:49:28:020112] [Tid0x00005fc8] [debug] <--[C79] DL_Rom_GetInfoAll
[0000160] [14:49:28:021112] [Tid0x00005fc8] [debug] -->[C80] DL_Rom_SetEnableAttr #./api/api.cpp (line:2806)
[0000161] [14:49:28:021112] [Tid0x00005fc8] [debug] <--[C80] DL_Rom_SetEnableAttr
[0000162] [14:49:28:021112] [Tid0x00005fc8] [debug] -->[C81] DL_GetCount #./api/api.cpp (line:2587)
[0000163] [14:49:28:021112] [Tid0x00005fc8] [debug] <--[C81] DL_GetCount
[0000164] [14:49:28:021112] [Tid0x00005fc8] [debug] -->[C82] DL_Rom_GetInfoAll #./api/api.cpp (line:2752)
[0000165] [14:49:28:021112] [Tid0x00005fc8] [debug] <--[C82] DL_Rom_GetInfoAll
[0000166] [14:49:28:022112] [Tid0x00005fc8] [debug] -->[C83] DL_Rom_SetEnableAttr #./api/api.cpp (line:2806)
[0000167] [14:49:28:022112] [Tid0x00005fc8] [debug] <--[C83] DL_Rom_SetEnableAttr
[0000168] [14:49:28:023112] [Tid0x00005fc8] [debug] -->[C84] DL_GetCount #./api/api.cpp (line:2587)
[0000169] [14:49:28:023112] [Tid0x00005fc8] [debug] <--[C84] DL_GetCount
[0000170] [14:49:28:023112] [Tid0x00005fc8] [debug] -->[C85] DL_Rom_GetInfoAll #./api/api.cpp (line:2752)
[0000171] [14:49:28:023112] [Tid0x00005fc8] [debug] <--[C85] DL_Rom_GetInfoAll
[0000172] [14:49:28:024112] [Tid0x00005fc8] [debug] -->[C86] DL_Rom_SetEnableAttr #./api/api.cpp (line:2806)
[0000173] [14:49:28:024112] [Tid0x00005fc8] [debug] <--[C86] DL_Rom_SetEnableAttr
[0000174] [14:49:28:025112] [Tid0x00005fc8] [debug] -->[C87] DL_GetCount #./api/api.cpp (line:2587)
[0000175] [14:49:28:025112] [Tid0x00005fc8] [debug] <--[C87] DL_GetCount
[0000176] [14:49:28:025112] [Tid0x00005fc8] [debug] -->[C88] DL_Rom_GetInfoAll #./api/api.cpp (line:2752)
[0000177] [14:49:28:025112] [Tid0x00005fc8] [debug] <--[C88] DL_Rom_GetInfoAll
[0000178] [14:49:28:026112] [Tid0x00005fc8] [debug] -->[C89] DL_Rom_SetEnableAttr #./api/api.cpp (line:2806)
[0000179] [14:49:28:026112] [Tid0x00005fc8] [debug] <--[C89] DL_Rom_SetEnableAttr
[0000180] [14:49:28:027112] [Tid0x00005fc8] [debug] -->[C90] DL_GetCount #./api/api.cpp (line:2587)
[0000181] [14:49:28:027112] [Tid0x00005fc8] [debug] <--[C90] DL_GetCount
[0000182] [14:49:28:027112] [Tid0x00005fc8] [debug] -->[C91] DL_Rom_GetInfoAll #./api/api.cpp (line:2752)
[0000183] [14:49:28:027112] [Tid0x00005fc8] [debug] <--[C91] DL_Rom_GetInfoAll
[0000184] [14:49:28:028112] [Tid0x00005fc8] [debug] -->[C92] DL_Rom_SetEnableAttr #./api/api.cpp (line:2806)
[0000185] [14:49:28:028112] [Tid0x00005fc8] [debug] <--[C92] DL_Rom_SetEnableAttr
[0000186] [14:49:28:029112] [Tid0x00005fc8] [debug] -->[C93] DL_GetCount #./api/api.cpp (line:2587)
[0000187] [14:49:28:029112] [Tid0x00005fc8] [debug] <--[C93] DL_GetCount
[0000188] [14:49:28:029112] [Tid0x00005fc8] [debug] -->[C94] DL_Rom_GetInfoAll #./api/api.cpp (line:2752)
[0000189] [14:49:28:029112] [Tid0x00005fc8] [debug] <--[C94] DL_Rom_GetInfoAll
[0000190] [14:49:28:030112] [Tid0x00005fc8] [debug] -->[C95] DL_Rom_SetEnableAttr #./api/api.cpp (line:2806)
[0000191] [14:49:28:030112] [Tid0x00005fc8] [debug] <--[C95] DL_Rom_SetEnableAttr
[0000192] [14:49:28:031112] [Tid0x00005fc8] [debug] -->[C96] DL_GetCount #./api/api.cpp (line:2587)
[0000193] [14:49:28:031112] [Tid0x00005fc8] [debug] <--[C96] DL_GetCount
[0000194] [14:49:28:031112] [Tid0x00005fc8] [debug] -->[C97] DL_Rom_GetInfoAll #./api/api.cpp (line:2752)
[0000195] [14:49:28:031112] [Tid0x00005fc8] [debug] <--[C97] DL_Rom_GetInfoAll
[0000196] [14:49:28:032112] [Tid0x00005fc8] [debug] -->[C98] DL_Rom_SetEnableAttr #./api/api.cpp (line:2806)
[0000197] [14:49:28:032112] [Tid0x00005fc8] [debug] <--[C98] DL_Rom_SetEnableAttr
[0000198] [14:49:28:032112] [Tid0x00005fc8] [debug] -->[C99] DL_GetCount #./api/api.cpp (line:2587)
[0000199] [14:49:28:032112] [Tid0x00005fc8] [debug] <--[C99] DL_GetCount
[0000200] [14:49:28:032112] [Tid0x00005fc8] [debug] -->[C100] DL_Rom_GetInfoAll #./api/api.cpp (line:2752)
[0000201] [14:49:28:032112] [Tid0x00005fc8] [debug] <--[C100] DL_Rom_GetInfoAll
[0000202] [14:49:28:033112] [Tid0x00005fc8] [debug] -->[C101] DL_Rom_SetEnableAttr #./api/api.cpp (line:2806)
[0000203] [14:49:28:033112] [Tid0x00005fc8] [debug] <--[C101] DL_Rom_SetEnableAttr
[0000204] [14:49:28:034112] [Tid0x00005fc8] [debug] -->[C102] DL_GetCount #./api/api.cpp (line:2587)
[0000205] [14:49:28:034112] [Tid0x00005fc8] [debug] <--[C102] DL_GetCount
[0000206] [14:49:28:034112] [Tid0x00005fc8] [debug] -->[C103] DL_Rom_GetInfoAll #./api/api.cpp (line:2752)
[0000207] [14:49:28:034112] [Tid0x00005fc8] [debug] <--[C103] DL_Rom_GetInfoAll
[0000208] [14:49:28:035112] [Tid0x00005fc8] [debug] -->[C104] DL_Rom_SetEnableAttr #./api/api.cpp (line:2806)
[0000209] [14:49:28:035112] [Tid0x00005fc8] [debug] <--[C104] DL_Rom_SetEnableAttr
[0000210] [14:49:28:036112] [Tid0x00005fc8] [debug] -->[C105] DL_GetCount #./api/api.cpp (line:2587)
[0000211] [14:49:28:036112] [Tid0x00005fc8] [debug] <--[C105] DL_GetCount
[0000212] [14:49:28:036112] [Tid0x00005fc8] [debug] -->[C106] DL_Rom_GetInfoAll #./api/api.cpp (line:2752)
[0000213] [14:49:28:036112] [Tid0x00005fc8] [debug] <--[C106] DL_Rom_GetInfoAll
[0000214] [14:49:28:036112] [Tid0x00005fc8] [debug] -->[C107] DL_Rom_SetEnableAttr #./api/api.cpp (line:2806)
[0000215] [14:49:28:037112] [Tid0x00005fc8] [debug] <--[C107] DL_Rom_SetEnableAttr
[0000216] [14:49:28:037112] [Tid0x00005fc8] [debug] -->[C108] DL_GetCount #./api/api.cpp (line:2587)
[0000217] [14:49:28:037112] [Tid0x00005fc8] [debug] <--[C108] DL_GetCount
[0000218] [14:49:28:037112] [Tid0x00005fc8] [debug] -->[C109] DL_Rom_GetInfoAll #./api/api.cpp (line:2752)
[0000219] [14:49:28:037112] [Tid0x00005fc8] [debug] <--[C109] DL_Rom_GetInfoAll
[0000220] [14:49:28:037112] [Tid0x00005fc8] [debug] -->[C110] DL_Rom_SetEnableAttr #./api/api.cpp (line:2806)
[0000221] [14:49:28:037112] [Tid0x00005fc8] [debug] <--[C110] DL_Rom_SetEnableAttr
[0000222] [14:49:28:212112] [Tid0x00005fc8] [debug] -->[C111] DL_GetCount #./api/api.cpp (line:2587)
[0000223] [14:49:28:212112] [Tid0x00005fc8] [debug] <--[C111] DL_GetCount
[0000224] [14:49:28:212112] [Tid0x00005fc8] [debug] -->[C112] DL_Rom_GetInfoAll #./api/api.cpp (line:2752)
[0000225] [14:49:28:213112] [Tid0x00005fc8] [debug] <--[C112] DL_Rom_GetInfoAll
[0000226] [14:49:28:214112] [Tid0x00005fc8] [debug] -->[C113] DL_Rom_SetEnableAttr #./api/api.cpp (line:2806)
[0000227] [14:49:28:214112] [Tid0x00005fc8] [debug] <--[C113] DL_Rom_SetEnableAttr
[0000228] [14:49:28:215112] [Tid0x00005fc8] [debug] -->[C114] DL_SetChecksumLevel #./api/api.cpp (line:2516)
[0000229] [14:49:28:215112] [Tid0x00005fc8] [debug] <--[C114] DL_SetChecksumLevel
[0000230] [14:49:37:169112] [Tid0x00004210] [debug] -->[C115] DL_LoadScatter #./api/api.cpp (line:2474)
[0000231] [14:49:37:232112] [Tid0x00004210] [debug] used lib version: 1
[0000232] [14:49:37:232112] [Tid0x00004210] [debug] <--[C115] DL_LoadScatter
[0000233] [14:49:37:232112] [Tid0x00004210] [debug] -->[C116] DL_AutoLoadRomImages #./api/api.cpp (line:2667)
[0000234] [14:49:37:360112] [Tid0x00004210] [debug] <--[C116] DL_AutoLoadRomImages
[0000235] [14:49:37:370112] [Tid0x00005fc8] [debug] -->[C117] DL_GetCount #./api/api.cpp (line:2587)
[0000236] [14:49:37:371112] [Tid0x00005fc8] [debug] <--[C117] DL_GetCount
[0000237] [14:49:37:371112] [Tid0x00005fc8] [debug] -->[C118] DL_Rom_GetInfoAll #./api/api.cpp (line:2752)
[0000238] [14:49:37:371112] [Tid0x00005fc8] [debug] <--[C118] DL_Rom_GetInfoAll
[0000239] [14:49:37:371112] [Tid0x00005fc8] [debug] -->[C119] DL_GetScatterInfo #./api/api.cpp (line:2688)
[0000240] [14:49:37:371112] [Tid0x00005fc8] [debug] <--[C119] DL_GetScatterInfo
[0000241] [14:49:37:372112] [Tid0x00005fc8] [debug] -->[C120] DL_GetCount #./api/api.cpp (line:2587)
[0000242] [14:49:37:372112] [Tid0x00005fc8] [debug] <--[C120] DL_GetCount
[0000243] [14:49:37:373112] [Tid0x00005fc8] [debug] -->[C121] DL_Rom_GetInfoAll #./api/api.cpp (line:2752)
[0000244] [14:49:37:373112] [Tid0x00005fc8] [debug] <--[C121] DL_Rom_GetInfoAll
[0000245] [14:49:37:373112] [Tid0x00005fc8] [debug] -->[C122] DL_Rom_SetEnableAttr #./api/api.cpp (line:2806)
[0000246] [14:49:37:373112] [Tid0x00005fc8] [debug] <--[C122] DL_Rom_SetEnableAttr
[0000247] [14:49:37:374112] [Tid0x00005fc8] [debug] -->[C123] DL_GetCount #./api/api.cpp (line:2587)
[0000248] [14:49:37:374112] [Tid0x00005fc8] [debug] <--[C123] DL_GetCount
[0000249] [14:49:37:374112] [Tid0x00005fc8] [debug] -->[C124] DL_Rom_GetInfoAll #./api/api.cpp (line:2752)
[0000250] [14:49:37:374112] [Tid0x00005fc8] [debug] <--[C124] DL_Rom_GetInfoAll
[0000251] [14:49:37:374112] [Tid0x00005fc8] [debug] -->[C125] DL_Rom_SetEnableAttr #./api/api.cpp (line:2806)
[0000252] [14:49:37:374112] [Tid0x00005fc8] [debug] <--[C125] DL_Rom_SetEnableAttr
[0000253] [14:49:37:375112] [Tid0x00005fc8] [debug] -->[C126] DL_GetCount #./api/api.cpp (line:2587)
[0000254] [14:49:37:375112] [Tid0x00005fc8] [debug] <--[C126] DL_GetCount
[0000255] [14:49:37:375112] [Tid0x00005fc8] [debug] -->[C127] DL_Rom_GetInfoAll #./api/api.cpp (line:2752)
[0000256] [14:49:37:375112] [Tid0x00005fc8] [debug] <--[C127] DL_Rom_GetInfoAll
[0000257] [14:49:37:376112] [Tid0x00005fc8] [debug] -->[C128] DL_Rom_SetEnableAttr #./api/api.cpp (line:2806)
[0000258] [14:49:37:376112] [Tid0x00005fc8] [debug] <--[C128] DL_Rom_SetEnableAttr
[0000259] [14:49:37:376112] [Tid0x00005fc8] [debug] -->[C129] DL_GetCount #./api/api.cpp (line:2587)
[0000260] [14:49:37:376112] [Tid0x00005fc8] [debug] <--[C129] DL_GetCount
[0000261] [14:49:37:376112] [Tid0x00005fc8] [debug] -->[C130] DL_Rom_GetInfoAll #./api/api.cpp (line:2752)
[0000262] [14:49:37:376112] [Tid0x00005fc8] [debug] <--[C130] DL_Rom_GetInfoAll
[0000263] [14:49:37:376112] [Tid0x00005fc8] [debug] -->[C131] DL_Rom_SetEnableAttr #./api/api.cpp (line:2806)
[0000264] [14:49:37:376112] [Tid0x00005fc8] [debug] <--[C131] DL_Rom_SetEnableAttr
[0000265] [14:49:37:377112] [Tid0x00005fc8] [debug] -->[C132] DL_GetCount #./api/api.cpp (line:2587)
[0000266] [14:49:37:377112] [Tid0x00005fc8] [debug] <--[C132] DL_GetCount
[0000267] [14:49:37:377112] [Tid0x00005fc8] [debug] -->[C133] DL_Rom_GetInfoAll #./api/api.cpp (line:2752)
[0000268] [14:49:37:377112] [Tid0x00005fc8] [debug] <--[C133] DL_Rom_GetInfoAll
[0000269] [14:49:37:377112] [Tid0x00005fc8] [debug] -->[C134] DL_Rom_SetEnableAttr #./api/api.cpp (line:2806)
[0000270] [14:49:37:377112] [Tid0x00005fc8] [debug] <--[C134] DL_Rom_SetEnableAttr
[0000271] [14:49:37:378112] [Tid0x00005fc8] [debug] -->[C135] DL_GetCount #./api/api.cpp (line:2587)
[0000272] [14:49:37:378112] [Tid0x00005fc8] [debug] <--[C135] DL_GetCount
[0000273] [14:49:37:378112] [Tid0x00005fc8] [debug] -->[C136] DL_Rom_GetInfoAll #./api/api.cpp (line:2752)
[0000274] [14:49:37:378112] [Tid0x00005fc8] [debug] <--[C136] DL_Rom_GetInfoAll
[0000275] [14:49:37:378112] [Tid0x00005fc8] [debug] -->[C137] DL_Rom_SetEnableAttr #./api/api.cpp (line:2806)
[0000276] [14:49:37:378112] [Tid0x00005fc8] [debug] <--[C137] DL_Rom_SetEnableAttr
[0000277] [14:49:37:378112] [Tid0x00005fc8] [debug] -->[C138] DL_SetChecksumLevel #./api/api.cpp (line:2516)
[0000278] [14:49:37:378112] [Tid0x00005fc8] [debug] <--[C138] DL_SetChecksumLevel
[0000279] [14:49:59:177112] [Tid0x00005fc8] [debug] -->[C139] DL_GetCount #./api/api.cpp (line:2587)
[0000280] [14:49:59:177112] [Tid0x00005fc8] [debug] <--[C139] DL_GetCount
[0000281] [14:49:59:177112] [Tid0x00005fc8] [debug] -->[C140] DL_Rom_GetInfoAll #./api/api.cpp (line:2752)
[0000282] [14:49:59:177112] [Tid0x00005fc8] [debug] <--[C140] DL_Rom_GetInfoAll
