[0000001] [11:34:13:149599] [Tid0x00002700] [debug] -->[C1] DL_LoadScatter #./api/api.cpp (line:2474)
[0000002] [11:34:13:185599] [Tid0x00002700] [debug] used lib version: 1
[0000003] [11:34:13:185599] [Tid0x00002700] [debug] <--[C1] DL_LoadScatter
[0000004] [11:34:13:185599] [Tid0x00002700] [debug] -->[C2] DL_AutoLoadRomImages #./api/api.cpp (line:2667)
[0000005] [11:34:13:733599] [Tid0x00002700] [debug] <--[C2] DL_AutoLoadRomImages
[0000006] [11:34:13:753599] [Tid0x00000c1c] [debug] -->[C3] DL_GetCount #./api/api.cpp (line:2587)
[0000007] [11:34:13:753599] [Tid0x00000c1c] [debug] <--[C3] DL_GetCount
[0000008] [11:34:13:753599] [Tid0x00000c1c] [debug] -->[C4] DL_Rom_GetInfoAll #./api/api.cpp (line:2752)
[0000009] [11:34:13:753599] [Tid0x00000c1c] [debug] <--[C4] DL_Rom_GetInfoAll
[0000010] [11:34:13:755599] [Tid0x00000c1c] [debug] -->[C5] DL_GetScatterInfo #./api/api.cpp (line:2688)
[0000011] [11:34:13:755599] [Tid0x00000c1c] [debug] <--[C5] DL_GetScatterInfo
[0000012] [11:34:13:758599] [Tid0x00000c1c] [debug] -->[C6] DL_GetCount #./api/api.cpp (line:2587)
[0000013] [11:34:13:758599] [Tid0x00000c1c] [debug] <--[C6] DL_GetCount
[0000014] [11:34:13:758599] [Tid0x00000c1c] [debug] -->[C7] DL_Rom_GetInfoAll #./api/api.cpp (line:2752)
[0000015] [11:34:13:758599] [Tid0x00000c1c] [debug] <--[C7] DL_Rom_GetInfoAll
[0000016] [11:34:13:760599] [Tid0x00000c1c] [debug] -->[C8] DL_Rom_SetEnableAttr #./api/api.cpp (line:2806)
[0000017] [11:34:13:760599] [Tid0x00000c1c] [debug] <--[C8] DL_Rom_SetEnableAttr
[0000018] [11:34:13:760599] [Tid0x00000c1c] [debug] -->[C9] DL_GetCount #./api/api.cpp (line:2587)
[0000019] [11:34:13:760599] [Tid0x00000c1c] [debug] <--[C9] DL_GetCount
[0000020] [11:34:13:760599] [Tid0x00000c1c] [debug] -->[C10] DL_Rom_GetInfoAll #./api/api.cpp (line:2752)
[0000021] [11:34:13:760599] [Tid0x00000c1c] [debug] <--[C10] DL_Rom_GetInfoAll
[0000022] [11:34:13:761599] [Tid0x00000c1c] [debug] -->[C11] DL_Rom_SetEnableAttr #./api/api.cpp (line:2806)
[0000023] [11:34:13:761599] [Tid0x00000c1c] [debug] <--[C11] DL_Rom_SetEnableAttr
[0000024] [11:34:13:762599] [Tid0x00000c1c] [debug] -->[C12] DL_GetCount #./api/api.cpp (line:2587)
[0000025] [11:34:13:762599] [Tid0x00000c1c] [debug] <--[C12] DL_GetCount
[0000026] [11:34:13:763599] [Tid0x00000c1c] [debug] -->[C13] DL_Rom_GetInfoAll #./api/api.cpp (line:2752)
[0000027] [11:34:13:763599] [Tid0x00000c1c] [debug] <--[C13] DL_Rom_GetInfoAll
[0000028] [11:34:13:764599] [Tid0x00000c1c] [debug] -->[C14] DL_Rom_SetEnableAttr #./api/api.cpp (line:2806)
[0000029] [11:34:13:764599] [Tid0x00000c1c] [debug] <--[C14] DL_Rom_SetEnableAttr
[0000030] [11:34:13:765599] [Tid0x00000c1c] [debug] -->[C15] DL_GetCount #./api/api.cpp (line:2587)
[0000031] [11:34:13:765599] [Tid0x00000c1c] [debug] <--[C15] DL_GetCount
[0000032] [11:34:13:765599] [Tid0x00000c1c] [debug] -->[C16] DL_Rom_GetInfoAll #./api/api.cpp (line:2752)
[0000033] [11:34:13:765599] [Tid0x00000c1c] [debug] <--[C16] DL_Rom_GetInfoAll
[0000034] [11:34:13:767599] [Tid0x00000c1c] [debug] -->[C17] DL_Rom_SetEnableAttr #./api/api.cpp (line:2806)
[0000035] [11:34:13:767599] [Tid0x00000c1c] [debug] <--[C17] DL_Rom_SetEnableAttr
[0000036] [11:34:13:767599] [Tid0x00000c1c] [debug] -->[C18] DL_GetCount #./api/api.cpp (line:2587)
[0000037] [11:34:13:767599] [Tid0x00000c1c] [debug] <--[C18] DL_GetCount
[0000038] [11:34:13:767599] [Tid0x00000c1c] [debug] -->[C19] DL_Rom_GetInfoAll #./api/api.cpp (line:2752)
[0000039] [11:34:13:767599] [Tid0x00000c1c] [debug] <--[C19] DL_Rom_GetInfoAll
[0000040] [11:34:13:768599] [Tid0x00000c1c] [debug] -->[C20] DL_Rom_SetEnableAttr #./api/api.cpp (line:2806)
[0000041] [11:34:13:768599] [Tid0x00000c1c] [debug] <--[C20] DL_Rom_SetEnableAttr
[0000042] [11:34:13:769599] [Tid0x00000c1c] [debug] -->[C21] DL_GetCount #./api/api.cpp (line:2587)
[0000043] [11:34:13:769599] [Tid0x00000c1c] [debug] <--[C21] DL_GetCount
[0000044] [11:34:13:769599] [Tid0x00000c1c] [debug] -->[C22] DL_Rom_GetInfoAll #./api/api.cpp (line:2752)
[0000045] [11:34:13:769599] [Tid0x00000c1c] [debug] <--[C22] DL_Rom_GetInfoAll
[0000046] [11:34:13:771599] [Tid0x00000c1c] [debug] -->[C23] DL_Rom_SetEnableAttr #./api/api.cpp (line:2806)
[0000047] [11:34:13:771599] [Tid0x00000c1c] [debug] <--[C23] DL_Rom_SetEnableAttr
[0000048] [11:34:13:772599] [Tid0x00000c1c] [debug] -->[C24] DL_GetCount #./api/api.cpp (line:2587)
[0000049] [11:34:13:772599] [Tid0x00000c1c] [debug] <--[C24] DL_GetCount
[0000050] [11:34:13:772599] [Tid0x00000c1c] [debug] -->[C25] DL_Rom_GetInfoAll #./api/api.cpp (line:2752)
[0000051] [11:34:13:772599] [Tid0x00000c1c] [debug] <--[C25] DL_Rom_GetInfoAll
[0000052] [11:34:13:774599] [Tid0x00000c1c] [debug] -->[C26] DL_Rom_SetEnableAttr #./api/api.cpp (line:2806)
[0000053] [11:34:13:774599] [Tid0x00000c1c] [debug] <--[C26] DL_Rom_SetEnableAttr
[0000054] [11:34:13:774599] [Tid0x00000c1c] [debug] -->[C27] DL_GetCount #./api/api.cpp (line:2587)
[0000055] [11:34:13:774599] [Tid0x00000c1c] [debug] <--[C27] DL_GetCount
[0000056] [11:34:13:774599] [Tid0x00000c1c] [debug] -->[C28] DL_Rom_GetInfoAll #./api/api.cpp (line:2752)
[0000057] [11:34:13:774599] [Tid0x00000c1c] [debug] <--[C28] DL_Rom_GetInfoAll
[0000058] [11:34:13:775599] [Tid0x00000c1c] [debug] -->[C29] DL_Rom_SetEnableAttr #./api/api.cpp (line:2806)
[0000059] [11:34:13:775599] [Tid0x00000c1c] [debug] <--[C29] DL_Rom_SetEnableAttr
[0000060] [11:34:13:776599] [Tid0x00000c1c] [debug] -->[C30] DL_GetCount #./api/api.cpp (line:2587)
[0000061] [11:34:13:776599] [Tid0x00000c1c] [debug] <--[C30] DL_GetCount
[0000062] [11:34:13:776599] [Tid0x00000c1c] [debug] -->[C31] DL_Rom_GetInfoAll #./api/api.cpp (line:2752)
[0000063] [11:34:13:776599] [Tid0x00000c1c] [debug] <--[C31] DL_Rom_GetInfoAll
[0000064] [11:34:13:778599] [Tid0x00000c1c] [debug] -->[C32] DL_Rom_SetEnableAttr #./api/api.cpp (line:2806)
[0000065] [11:34:13:778599] [Tid0x00000c1c] [debug] <--[C32] DL_Rom_SetEnableAttr
[0000066] [11:34:13:779599] [Tid0x00000c1c] [debug] -->[C33] DL_GetCount #./api/api.cpp (line:2587)
[0000067] [11:34:13:779599] [Tid0x00000c1c] [debug] <--[C33] DL_GetCount
[0000068] [11:34:13:779599] [Tid0x00000c1c] [debug] -->[C34] DL_Rom_GetInfoAll #./api/api.cpp (line:2752)
[0000069] [11:34:13:779599] [Tid0x00000c1c] [debug] <--[C34] DL_Rom_GetInfoAll
[0000070] [11:34:13:780599] [Tid0x00000c1c] [debug] -->[C35] DL_Rom_SetEnableAttr #./api/api.cpp (line:2806)
[0000071] [11:34:13:780599] [Tid0x00000c1c] [debug] <--[C35] DL_Rom_SetEnableAttr
[0000072] [11:34:13:780599] [Tid0x00000c1c] [debug] -->[C36] DL_GetCount #./api/api.cpp (line:2587)
[0000073] [11:34:13:780599] [Tid0x00000c1c] [debug] <--[C36] DL_GetCount
[0000074] [11:34:13:780599] [Tid0x00000c1c] [debug] -->[C37] DL_Rom_GetInfoAll #./api/api.cpp (line:2752)
[0000075] [11:34:13:780599] [Tid0x00000c1c] [debug] <--[C37] DL_Rom_GetInfoAll
[0000076] [11:34:13:781599] [Tid0x00000c1c] [debug] -->[C38] DL_Rom_SetEnableAttr #./api/api.cpp (line:2806)
[0000077] [11:34:13:781599] [Tid0x00000c1c] [debug] <--[C38] DL_Rom_SetEnableAttr
[0000078] [11:34:13:782599] [Tid0x00000c1c] [debug] -->[C39] DL_GetCount #./api/api.cpp (line:2587)
[0000079] [11:34:13:782599] [Tid0x00000c1c] [debug] <--[C39] DL_GetCount
[0000080] [11:34:13:782599] [Tid0x00000c1c] [debug] -->[C40] DL_Rom_GetInfoAll #./api/api.cpp (line:2752)
[0000081] [11:34:13:782599] [Tid0x00000c1c] [debug] <--[C40] DL_Rom_GetInfoAll
[0000082] [11:34:13:783599] [Tid0x00000c1c] [debug] -->[C41] DL_Rom_SetEnableAttr #./api/api.cpp (line:2806)
[0000083] [11:34:13:783599] [Tid0x00000c1c] [debug] <--[C41] DL_Rom_SetEnableAttr
[0000084] [11:34:13:783599] [Tid0x00000c1c] [debug] -->[C42] DL_GetCount #./api/api.cpp (line:2587)
[0000085] [11:34:13:783599] [Tid0x00000c1c] [debug] <--[C42] DL_GetCount
[0000086] [11:34:13:783599] [Tid0x00000c1c] [debug] -->[C43] DL_Rom_GetInfoAll #./api/api.cpp (line:2752)
[0000087] [11:34:13:783599] [Tid0x00000c1c] [debug] <--[C43] DL_Rom_GetInfoAll
[0000088] [11:34:13:784599] [Tid0x00000c1c] [debug] -->[C44] DL_Rom_SetEnableAttr #./api/api.cpp (line:2806)
[0000089] [11:34:13:784599] [Tid0x00000c1c] [debug] <--[C44] DL_Rom_SetEnableAttr
[0000090] [11:34:13:784599] [Tid0x00000c1c] [debug] -->[C45] DL_GetCount #./api/api.cpp (line:2587)
[0000091] [11:34:13:784599] [Tid0x00000c1c] [debug] <--[C45] DL_GetCount
[0000092] [11:34:13:784599] [Tid0x00000c1c] [debug] -->[C46] DL_Rom_GetInfoAll #./api/api.cpp (line:2752)
[0000093] [11:34:13:784599] [Tid0x00000c1c] [debug] <--[C46] DL_Rom_GetInfoAll
[0000094] [11:34:13:785599] [Tid0x00000c1c] [debug] -->[C47] DL_Rom_SetEnableAttr #./api/api.cpp (line:2806)
[0000095] [11:34:13:785599] [Tid0x00000c1c] [debug] <--[C47] DL_Rom_SetEnableAttr
[0000096] [11:34:13:786599] [Tid0x00000c1c] [debug] -->[C48] DL_GetCount #./api/api.cpp (line:2587)
[0000097] [11:34:13:786599] [Tid0x00000c1c] [debug] <--[C48] DL_GetCount
[0000098] [11:34:13:786599] [Tid0x00000c1c] [debug] -->[C49] DL_Rom_GetInfoAll #./api/api.cpp (line:2752)
[0000099] [11:34:13:786599] [Tid0x00000c1c] [debug] <--[C49] DL_Rom_GetInfoAll
[0000100] [11:34:13:787599] [Tid0x00000c1c] [debug] -->[C50] DL_Rom_SetEnableAttr #./api/api.cpp (line:2806)
[0000101] [11:34:13:787599] [Tid0x00000c1c] [debug] <--[C50] DL_Rom_SetEnableAttr
[0000102] [11:34:13:787599] [Tid0x00000c1c] [debug] -->[C51] DL_GetCount #./api/api.cpp (line:2587)
[0000103] [11:34:13:787599] [Tid0x00000c1c] [debug] <--[C51] DL_GetCount
[0000104] [11:34:13:788599] [Tid0x00000c1c] [debug] -->[C52] DL_Rom_GetInfoAll #./api/api.cpp (line:2752)
[0000105] [11:34:13:788599] [Tid0x00000c1c] [debug] <--[C52] DL_Rom_GetInfoAll
[0000106] [11:34:13:788599] [Tid0x00000c1c] [debug] -->[C53] DL_Rom_SetEnableAttr #./api/api.cpp (line:2806)
[0000107] [11:34:13:788599] [Tid0x00000c1c] [debug] <--[C53] DL_Rom_SetEnableAttr
[0000108] [11:34:13:788599] [Tid0x00000c1c] [debug] -->[C54] DL_GetCount #./api/api.cpp (line:2587)
[0000109] [11:34:13:788599] [Tid0x00000c1c] [debug] <--[C54] DL_GetCount
[0000110] [11:34:13:788599] [Tid0x00000c1c] [debug] -->[C55] DL_Rom_GetInfoAll #./api/api.cpp (line:2752)
[0000111] [11:34:13:789599] [Tid0x00000c1c] [debug] <--[C55] DL_Rom_GetInfoAll
[0000112] [11:34:13:789599] [Tid0x00000c1c] [debug] -->[C56] DL_Rom_SetEnableAttr #./api/api.cpp (line:2806)
[0000113] [11:34:13:789599] [Tid0x00000c1c] [debug] <--[C56] DL_Rom_SetEnableAttr
[0000114] [11:34:13:790599] [Tid0x00000c1c] [debug] -->[C57] DL_GetCount #./api/api.cpp (line:2587)
[0000115] [11:34:13:790599] [Tid0x00000c1c] [debug] <--[C57] DL_GetCount
[0000116] [11:34:13:790599] [Tid0x00000c1c] [debug] -->[C58] DL_Rom_GetInfoAll #./api/api.cpp (line:2752)
[0000117] [11:34:13:790599] [Tid0x00000c1c] [debug] <--[C58] DL_Rom_GetInfoAll
[0000118] [11:34:13:791599] [Tid0x00000c1c] [debug] -->[C59] DL_Rom_SetEnableAttr #./api/api.cpp (line:2806)
[0000119] [11:34:13:791599] [Tid0x00000c1c] [debug] <--[C59] DL_Rom_SetEnableAttr
[0000120] [11:34:13:791599] [Tid0x00000c1c] [debug] -->[C60] DL_GetCount #./api/api.cpp (line:2587)
[0000121] [11:34:13:792599] [Tid0x00000c1c] [debug] <--[C60] DL_GetCount
[0000122] [11:34:13:792599] [Tid0x00000c1c] [debug] -->[C61] DL_Rom_GetInfoAll #./api/api.cpp (line:2752)
[0000123] [11:34:13:792599] [Tid0x00000c1c] [debug] <--[C61] DL_Rom_GetInfoAll
[0000124] [11:34:13:792599] [Tid0x00000c1c] [debug] -->[C62] DL_Rom_SetEnableAttr #./api/api.cpp (line:2806)
[0000125] [11:34:13:792599] [Tid0x00000c1c] [debug] <--[C62] DL_Rom_SetEnableAttr
[0000126] [11:34:13:792599] [Tid0x00000c1c] [debug] -->[C63] DL_GetCount #./api/api.cpp (line:2587)
[0000127] [11:34:13:793599] [Tid0x00000c1c] [debug] <--[C63] DL_GetCount
[0000128] [11:34:13:793599] [Tid0x00000c1c] [debug] -->[C64] DL_Rom_GetInfoAll #./api/api.cpp (line:2752)
[0000129] [11:34:13:793599] [Tid0x00000c1c] [debug] <--[C64] DL_Rom_GetInfoAll
[0000130] [11:34:13:793599] [Tid0x00000c1c] [debug] -->[C65] DL_Rom_SetEnableAttr #./api/api.cpp (line:2806)
[0000131] [11:34:13:793599] [Tid0x00000c1c] [debug] <--[C65] DL_Rom_SetEnableAttr
[0000132] [11:34:13:794599] [Tid0x00000c1c] [debug] -->[C66] DL_GetCount #./api/api.cpp (line:2587)
[0000133] [11:34:13:794599] [Tid0x00000c1c] [debug] <--[C66] DL_GetCount
[0000134] [11:34:13:794599] [Tid0x00000c1c] [debug] -->[C67] DL_Rom_GetInfoAll #./api/api.cpp (line:2752)
[0000135] [11:34:13:794599] [Tid0x00000c1c] [debug] <--[C67] DL_Rom_GetInfoAll
[0000136] [11:34:13:795599] [Tid0x00000c1c] [debug] -->[C68] DL_Rom_SetEnableAttr #./api/api.cpp (line:2806)
[0000137] [11:34:13:795599] [Tid0x00000c1c] [debug] <--[C68] DL_Rom_SetEnableAttr
[0000138] [11:34:13:795599] [Tid0x00000c1c] [debug] -->[C69] DL_GetCount #./api/api.cpp (line:2587)
[0000139] [11:34:13:795599] [Tid0x00000c1c] [debug] <--[C69] DL_GetCount
[0000140] [11:34:13:795599] [Tid0x00000c1c] [debug] -->[C70] DL_Rom_GetInfoAll #./api/api.cpp (line:2752)
[0000141] [11:34:13:796599] [Tid0x00000c1c] [debug] <--[C70] DL_Rom_GetInfoAll
[0000142] [11:34:13:796599] [Tid0x00000c1c] [debug] -->[C71] DL_Rom_SetEnableAttr #./api/api.cpp (line:2806)
[0000143] [11:34:13:796599] [Tid0x00000c1c] [debug] <--[C71] DL_Rom_SetEnableAttr
[0000144] [11:34:13:796599] [Tid0x00000c1c] [debug] -->[C72] DL_GetCount #./api/api.cpp (line:2587)
[0000145] [11:34:13:796599] [Tid0x00000c1c] [debug] <--[C72] DL_GetCount
[0000146] [11:34:13:796599] [Tid0x00000c1c] [debug] -->[C73] DL_Rom_GetInfoAll #./api/api.cpp (line:2752)
[0000147] [11:34:13:796599] [Tid0x00000c1c] [debug] <--[C73] DL_Rom_GetInfoAll
[0000148] [11:34:13:797599] [Tid0x00000c1c] [debug] -->[C74] DL_Rom_SetEnableAttr #./api/api.cpp (line:2806)
[0000149] [11:34:13:797599] [Tid0x00000c1c] [debug] <--[C74] DL_Rom_SetEnableAttr
[0000150] [11:34:13:798599] [Tid0x00000c1c] [debug] -->[C75] DL_GetCount #./api/api.cpp (line:2587)
[0000151] [11:34:13:798599] [Tid0x00000c1c] [debug] <--[C75] DL_GetCount
[0000152] [11:34:13:798599] [Tid0x00000c1c] [debug] -->[C76] DL_Rom_GetInfoAll #./api/api.cpp (line:2752)
[0000153] [11:34:13:798599] [Tid0x00000c1c] [debug] <--[C76] DL_Rom_GetInfoAll
[0000154] [11:34:13:799599] [Tid0x00000c1c] [debug] -->[C77] DL_Rom_SetEnableAttr #./api/api.cpp (line:2806)
[0000155] [11:34:13:799599] [Tid0x00000c1c] [debug] <--[C77] DL_Rom_SetEnableAttr
[0000156] [11:34:13:799599] [Tid0x00000c1c] [debug] -->[C78] DL_GetCount #./api/api.cpp (line:2587)
[0000157] [11:34:13:799599] [Tid0x00000c1c] [debug] <--[C78] DL_GetCount
[0000158] [11:34:13:799599] [Tid0x00000c1c] [debug] -->[C79] DL_Rom_GetInfoAll #./api/api.cpp (line:2752)
[0000159] [11:34:13:799599] [Tid0x00000c1c] [debug] <--[C79] DL_Rom_GetInfoAll
[0000160] [11:34:13:800599] [Tid0x00000c1c] [debug] -->[C80] DL_Rom_SetEnableAttr #./api/api.cpp (line:2806)
[0000161] [11:34:13:800599] [Tid0x00000c1c] [debug] <--[C80] DL_Rom_SetEnableAttr
[0000162] [11:34:13:800599] [Tid0x00000c1c] [debug] -->[C81] DL_GetCount #./api/api.cpp (line:2587)
[0000163] [11:34:13:800599] [Tid0x00000c1c] [debug] <--[C81] DL_GetCount
[0000164] [11:34:13:800599] [Tid0x00000c1c] [debug] -->[C82] DL_Rom_GetInfoAll #./api/api.cpp (line:2752)
[0000165] [11:34:13:800599] [Tid0x00000c1c] [debug] <--[C82] DL_Rom_GetInfoAll
[0000166] [11:34:13:801599] [Tid0x00000c1c] [debug] -->[C83] DL_Rom_SetEnableAttr #./api/api.cpp (line:2806)
[0000167] [11:34:13:801599] [Tid0x00000c1c] [debug] <--[C83] DL_Rom_SetEnableAttr
[0000168] [11:34:13:801599] [Tid0x00000c1c] [debug] -->[C84] DL_GetCount #./api/api.cpp (line:2587)
[0000169] [11:34:13:802599] [Tid0x00000c1c] [debug] <--[C84] DL_GetCount
[0000170] [11:34:13:802599] [Tid0x00000c1c] [debug] -->[C85] DL_Rom_GetInfoAll #./api/api.cpp (line:2752)
[0000171] [11:34:13:802599] [Tid0x00000c1c] [debug] <--[C85] DL_Rom_GetInfoAll
[0000172] [11:34:13:802599] [Tid0x00000c1c] [debug] -->[C86] DL_Rom_SetEnableAttr #./api/api.cpp (line:2806)
[0000173] [11:34:13:802599] [Tid0x00000c1c] [debug] <--[C86] DL_Rom_SetEnableAttr
[0000174] [11:34:13:803599] [Tid0x00000c1c] [debug] -->[C87] DL_GetCount #./api/api.cpp (line:2587)
[0000175] [11:34:13:803599] [Tid0x00000c1c] [debug] <--[C87] DL_GetCount
[0000176] [11:34:13:803599] [Tid0x00000c1c] [debug] -->[C88] DL_Rom_GetInfoAll #./api/api.cpp (line:2752)
[0000177] [11:34:13:803599] [Tid0x00000c1c] [debug] <--[C88] DL_Rom_GetInfoAll
[0000178] [11:34:13:804599] [Tid0x00000c1c] [debug] -->[C89] DL_Rom_SetEnableAttr #./api/api.cpp (line:2806)
[0000179] [11:34:13:804599] [Tid0x00000c1c] [debug] <--[C89] DL_Rom_SetEnableAttr
[0000180] [11:34:13:804599] [Tid0x00000c1c] [debug] -->[C90] DL_GetCount #./api/api.cpp (line:2587)
[0000181] [11:34:13:804599] [Tid0x00000c1c] [debug] <--[C90] DL_GetCount
[0000182] [11:34:13:804599] [Tid0x00000c1c] [debug] -->[C91] DL_Rom_GetInfoAll #./api/api.cpp (line:2752)
[0000183] [11:34:13:804599] [Tid0x00000c1c] [debug] <--[C91] DL_Rom_GetInfoAll
[0000184] [11:34:13:805599] [Tid0x00000c1c] [debug] -->[C92] DL_Rom_SetEnableAttr #./api/api.cpp (line:2806)
[0000185] [11:34:13:805599] [Tid0x00000c1c] [debug] <--[C92] DL_Rom_SetEnableAttr
[0000186] [11:34:13:805599] [Tid0x00000c1c] [debug] -->[C93] DL_GetCount #./api/api.cpp (line:2587)
[0000187] [11:34:13:806599] [Tid0x00000c1c] [debug] <--[C93] DL_GetCount
[0000188] [11:34:13:806599] [Tid0x00000c1c] [debug] -->[C94] DL_Rom_GetInfoAll #./api/api.cpp (line:2752)
[0000189] [11:34:13:806599] [Tid0x00000c1c] [debug] <--[C94] DL_Rom_GetInfoAll
[0000190] [11:34:13:806599] [Tid0x00000c1c] [debug] -->[C95] DL_Rom_SetEnableAttr #./api/api.cpp (line:2806)
[0000191] [11:34:13:806599] [Tid0x00000c1c] [debug] <--[C95] DL_Rom_SetEnableAttr
[0000192] [11:34:13:807599] [Tid0x00000c1c] [debug] -->[C96] DL_GetCount #./api/api.cpp (line:2587)
[0000193] [11:34:13:807599] [Tid0x00000c1c] [debug] <--[C96] DL_GetCount
[0000194] [11:34:13:807599] [Tid0x00000c1c] [debug] -->[C97] DL_Rom_GetInfoAll #./api/api.cpp (line:2752)
[0000195] [11:34:13:807599] [Tid0x00000c1c] [debug] <--[C97] DL_Rom_GetInfoAll
[0000196] [11:34:13:808599] [Tid0x00000c1c] [debug] -->[C98] DL_Rom_SetEnableAttr #./api/api.cpp (line:2806)
[0000197] [11:34:13:808599] [Tid0x00000c1c] [debug] <--[C98] DL_Rom_SetEnableAttr
[0000198] [11:34:13:808599] [Tid0x00000c1c] [debug] -->[C99] DL_GetCount #./api/api.cpp (line:2587)
[0000199] [11:34:13:808599] [Tid0x00000c1c] [debug] <--[C99] DL_GetCount
[0000200] [11:34:13:808599] [Tid0x00000c1c] [debug] -->[C100] DL_Rom_GetInfoAll #./api/api.cpp (line:2752)
[0000201] [11:34:13:808599] [Tid0x00000c1c] [debug] <--[C100] DL_Rom_GetInfoAll
[0000202] [11:34:13:809599] [Tid0x00000c1c] [debug] -->[C101] DL_Rom_SetEnableAttr #./api/api.cpp (line:2806)
[0000203] [11:34:13:809599] [Tid0x00000c1c] [debug] <--[C101] DL_Rom_SetEnableAttr
[0000204] [11:34:13:809599] [Tid0x00000c1c] [debug] -->[C102] DL_GetCount #./api/api.cpp (line:2587)
[0000205] [11:34:13:809599] [Tid0x00000c1c] [debug] <--[C102] DL_GetCount
[0000206] [11:34:13:809599] [Tid0x00000c1c] [debug] -->[C103] DL_Rom_GetInfoAll #./api/api.cpp (line:2752)
[0000207] [11:34:13:809599] [Tid0x00000c1c] [debug] <--[C103] DL_Rom_GetInfoAll
[0000208] [11:34:13:810599] [Tid0x00000c1c] [debug] -->[C104] DL_Rom_SetEnableAttr #./api/api.cpp (line:2806)
[0000209] [11:34:13:810599] [Tid0x00000c1c] [debug] <--[C104] DL_Rom_SetEnableAttr
[0000210] [11:34:13:811599] [Tid0x00000c1c] [debug] -->[C105] DL_GetCount #./api/api.cpp (line:2587)
[0000211] [11:34:13:811599] [Tid0x00000c1c] [debug] <--[C105] DL_GetCount
[0000212] [11:34:13:811599] [Tid0x00000c1c] [debug] -->[C106] DL_Rom_GetInfoAll #./api/api.cpp (line:2752)
[0000213] [11:34:13:811599] [Tid0x00000c1c] [debug] <--[C106] DL_Rom_GetInfoAll
[0000214] [11:34:13:812599] [Tid0x00000c1c] [debug] -->[C107] DL_Rom_SetEnableAttr #./api/api.cpp (line:2806)
[0000215] [11:34:13:812599] [Tid0x00000c1c] [debug] <--[C107] DL_Rom_SetEnableAttr
[0000216] [11:34:13:812599] [Tid0x00000c1c] [debug] -->[C108] DL_GetCount #./api/api.cpp (line:2587)
[0000217] [11:34:13:812599] [Tid0x00000c1c] [debug] <--[C108] DL_GetCount
[0000218] [11:34:13:812599] [Tid0x00000c1c] [debug] -->[C109] DL_Rom_GetInfoAll #./api/api.cpp (line:2752)
[0000219] [11:34:13:812599] [Tid0x00000c1c] [debug] <--[C109] DL_Rom_GetInfoAll
[0000220] [11:34:13:814599] [Tid0x00000c1c] [debug] -->[C110] DL_Rom_SetEnableAttr #./api/api.cpp (line:2806)
[0000221] [11:34:13:814599] [Tid0x00000c1c] [debug] <--[C110] DL_Rom_SetEnableAttr
[0000222] [11:34:13:814599] [Tid0x00000c1c] [debug] -->[C111] DL_GetCount #./api/api.cpp (line:2587)
[0000223] [11:34:13:814599] [Tid0x00000c1c] [debug] <--[C111] DL_GetCount
[0000224] [11:34:13:814599] [Tid0x00000c1c] [debug] -->[C112] DL_Rom_GetInfoAll #./api/api.cpp (line:2752)
[0000225] [11:34:13:814599] [Tid0x00000c1c] [debug] <--[C112] DL_Rom_GetInfoAll
[0000226] [11:34:13:815599] [Tid0x00000c1c] [debug] -->[C113] DL_Rom_SetEnableAttr #./api/api.cpp (line:2806)
[0000227] [11:34:13:815599] [Tid0x00000c1c] [debug] <--[C113] DL_Rom_SetEnableAttr
[0000228] [11:34:13:816599] [Tid0x00000c1c] [debug] -->[C114] DL_SetChecksumLevel #./api/api.cpp (line:2516)
[0000229] [11:34:13:816599] [Tid0x00000c1c] [debug] <--[C114] DL_SetChecksumLevel
[0000230] [11:34:27:225599] [Tid0x00002700] [debug] -->[C115] DL_LoadScatter #./api/api.cpp (line:2474)
[0000231] [11:34:27:254599] [Tid0x00002700] [debug] used lib version: 1
[0000232] [11:34:27:254599] [Tid0x00002700] [debug] <--[C115] DL_LoadScatter
[0000233] [11:34:27:254599] [Tid0x00002700] [debug] -->[C116] DL_AutoLoadRomImages #./api/api.cpp (line:2667)
[0000234] [11:34:27:604599] [Tid0x00002700] [debug] <--[C116] DL_AutoLoadRomImages
[0000235] [11:34:27:624599] [Tid0x00000c1c] [debug] -->[C117] DL_GetCount #./api/api.cpp (line:2587)
[0000236] [11:34:27:624599] [Tid0x00000c1c] [debug] <--[C117] DL_GetCount
[0000237] [11:34:27:624599] [Tid0x00000c1c] [debug] -->[C118] DL_Rom_GetInfoAll #./api/api.cpp (line:2752)
[0000238] [11:34:27:624599] [Tid0x00000c1c] [debug] <--[C118] DL_Rom_GetInfoAll
[0000239] [11:34:27:627599] [Tid0x00000c1c] [debug] -->[C119] DL_GetScatterInfo #./api/api.cpp (line:2688)
[0000240] [11:34:27:627599] [Tid0x00000c1c] [debug] <--[C119] DL_GetScatterInfo
[0000241] [11:34:27:628599] [Tid0x00000c1c] [debug] -->[C120] DL_GetCount #./api/api.cpp (line:2587)
[0000242] [11:34:27:628599] [Tid0x00000c1c] [debug] <--[C120] DL_GetCount
[0000243] [11:34:27:628599] [Tid0x00000c1c] [debug] -->[C121] DL_Rom_GetInfoAll #./api/api.cpp (line:2752)
[0000244] [11:34:27:628599] [Tid0x00000c1c] [debug] <--[C121] DL_Rom_GetInfoAll
[0000245] [11:34:27:630599] [Tid0x00000c1c] [debug] -->[C122] DL_Rom_SetEnableAttr #./api/api.cpp (line:2806)
[0000246] [11:34:27:630599] [Tid0x00000c1c] [debug] <--[C122] DL_Rom_SetEnableAttr
[0000247] [11:34:27:632599] [Tid0x00000c1c] [debug] -->[C123] DL_GetCount #./api/api.cpp (line:2587)
[0000248] [11:34:27:632599] [Tid0x00000c1c] [debug] <--[C123] DL_GetCount
[0000249] [11:34:27:632599] [Tid0x00000c1c] [debug] -->[C124] DL_Rom_GetInfoAll #./api/api.cpp (line:2752)
[0000250] [11:34:27:632599] [Tid0x00000c1c] [debug] <--[C124] DL_Rom_GetInfoAll
[0000251] [11:34:27:634599] [Tid0x00000c1c] [debug] -->[C125] DL_Rom_SetEnableAttr #./api/api.cpp (line:2806)
[0000252] [11:34:27:635599] [Tid0x00000c1c] [debug] <--[C125] DL_Rom_SetEnableAttr
[0000253] [11:34:27:640599] [Tid0x00000c1c] [debug] -->[C126] DL_GetCount #./api/api.cpp (line:2587)
[0000254] [11:34:27:640599] [Tid0x00000c1c] [debug] <--[C126] DL_GetCount
[0000255] [11:34:27:640599] [Tid0x00000c1c] [debug] -->[C127] DL_Rom_GetInfoAll #./api/api.cpp (line:2752)
[0000256] [11:34:27:640599] [Tid0x00000c1c] [debug] <--[C127] DL_Rom_GetInfoAll
[0000257] [11:34:27:642599] [Tid0x00000c1c] [debug] -->[C128] DL_Rom_SetEnableAttr #./api/api.cpp (line:2806)
[0000258] [11:34:27:642599] [Tid0x00000c1c] [debug] <--[C128] DL_Rom_SetEnableAttr
[0000259] [11:34:27:642599] [Tid0x00000c1c] [debug] -->[C129] DL_GetCount #./api/api.cpp (line:2587)
[0000260] [11:34:27:643599] [Tid0x00000c1c] [debug] <--[C129] DL_GetCount
[0000261] [11:34:27:643599] [Tid0x00000c1c] [debug] -->[C130] DL_Rom_GetInfoAll #./api/api.cpp (line:2752)
[0000262] [11:34:27:643599] [Tid0x00000c1c] [debug] <--[C130] DL_Rom_GetInfoAll
[0000263] [11:34:27:644599] [Tid0x00000c1c] [debug] -->[C131] DL_Rom_SetEnableAttr #./api/api.cpp (line:2806)
[0000264] [11:34:27:644599] [Tid0x00000c1c] [debug] <--[C131] DL_Rom_SetEnableAttr
[0000265] [11:34:27:647599] [Tid0x00000c1c] [debug] -->[C132] DL_GetCount #./api/api.cpp (line:2587)
[0000266] [11:34:27:647599] [Tid0x00000c1c] [debug] <--[C132] DL_GetCount
[0000267] [11:34:27:647599] [Tid0x00000c1c] [debug] -->[C133] DL_Rom_GetInfoAll #./api/api.cpp (line:2752)
[0000268] [11:34:27:647599] [Tid0x00000c1c] [debug] <--[C133] DL_Rom_GetInfoAll
[0000269] [11:34:27:648599] [Tid0x00000c1c] [debug] -->[C134] DL_Rom_SetEnableAttr #./api/api.cpp (line:2806)
[0000270] [11:34:27:648599] [Tid0x00000c1c] [debug] <--[C134] DL_Rom_SetEnableAttr
[0000271] [11:34:27:649599] [Tid0x00000c1c] [debug] -->[C135] DL_GetCount #./api/api.cpp (line:2587)
[0000272] [11:34:27:649599] [Tid0x00000c1c] [debug] <--[C135] DL_GetCount
[0000273] [11:34:27:649599] [Tid0x00000c1c] [debug] -->[C136] DL_Rom_GetInfoAll #./api/api.cpp (line:2752)
[0000274] [11:34:27:649599] [Tid0x00000c1c] [debug] <--[C136] DL_Rom_GetInfoAll
[0000275] [11:34:27:650599] [Tid0x00000c1c] [debug] -->[C137] DL_Rom_SetEnableAttr #./api/api.cpp (line:2806)
[0000276] [11:34:27:650599] [Tid0x00000c1c] [debug] <--[C137] DL_Rom_SetEnableAttr
[0000277] [11:34:27:653599] [Tid0x00000c1c] [debug] -->[C138] DL_GetCount #./api/api.cpp (line:2587)
[0000278] [11:34:27:653599] [Tid0x00000c1c] [debug] <--[C138] DL_GetCount
[0000279] [11:34:27:653599] [Tid0x00000c1c] [debug] -->[C139] DL_Rom_GetInfoAll #./api/api.cpp (line:2752)
[0000280] [11:34:27:653599] [Tid0x00000c1c] [debug] <--[C139] DL_Rom_GetInfoAll
[0000281] [11:34:27:655599] [Tid0x00000c1c] [debug] -->[C140] DL_Rom_SetEnableAttr #./api/api.cpp (line:2806)
[0000282] [11:34:27:655599] [Tid0x00000c1c] [debug] <--[C140] DL_Rom_SetEnableAttr
[0000283] [11:34:27:655599] [Tid0x00000c1c] [debug] -->[C141] DL_GetCount #./api/api.cpp (line:2587)
[0000284] [11:34:27:655599] [Tid0x00000c1c] [debug] <--[C141] DL_GetCount
[0000285] [11:34:27:655599] [Tid0x00000c1c] [debug] -->[C142] DL_Rom_GetInfoAll #./api/api.cpp (line:2752)
[0000286] [11:34:27:656599] [Tid0x00000c1c] [debug] <--[C142] DL_Rom_GetInfoAll
[0000287] [11:34:27:657599] [Tid0x00000c1c] [debug] -->[C143] DL_Rom_SetEnableAttr #./api/api.cpp (line:2806)
[0000288] [11:34:27:657599] [Tid0x00000c1c] [debug] <--[C143] DL_Rom_SetEnableAttr
[0000289] [11:34:27:660599] [Tid0x00000c1c] [debug] -->[C144] DL_GetCount #./api/api.cpp (line:2587)
[0000290] [11:34:27:660599] [Tid0x00000c1c] [debug] <--[C144] DL_GetCount
[0000291] [11:34:27:660599] [Tid0x00000c1c] [debug] -->[C145] DL_Rom_GetInfoAll #./api/api.cpp (line:2752)
[0000292] [11:34:27:660599] [Tid0x00000c1c] [debug] <--[C145] DL_Rom_GetInfoAll
[0000293] [11:34:27:661599] [Tid0x00000c1c] [debug] -->[C146] DL_Rom_SetEnableAttr #./api/api.cpp (line:2806)
[0000294] [11:34:27:661599] [Tid0x00000c1c] [debug] <--[C146] DL_Rom_SetEnableAttr
[0000295] [11:34:27:662599] [Tid0x00000c1c] [debug] -->[C147] DL_GetCount #./api/api.cpp (line:2587)
[0000296] [11:34:27:662599] [Tid0x00000c1c] [debug] <--[C147] DL_GetCount
[0000297] [11:34:27:662599] [Tid0x00000c1c] [debug] -->[C148] DL_Rom_GetInfoAll #./api/api.cpp (line:2752)
[0000298] [11:34:27:662599] [Tid0x00000c1c] [debug] <--[C148] DL_Rom_GetInfoAll
[0000299] [11:34:27:663599] [Tid0x00000c1c] [debug] -->[C149] DL_Rom_SetEnableAttr #./api/api.cpp (line:2806)
[0000300] [11:34:27:663599] [Tid0x00000c1c] [debug] <--[C149] DL_Rom_SetEnableAttr
[0000301] [11:34:27:668599] [Tid0x00000c1c] [debug] -->[C150] DL_GetCount #./api/api.cpp (line:2587)
[0000302] [11:34:27:668599] [Tid0x00000c1c] [debug] <--[C150] DL_GetCount
[0000303] [11:34:27:668599] [Tid0x00000c1c] [debug] -->[C151] DL_Rom_GetInfoAll #./api/api.cpp (line:2752)
[0000304] [11:34:27:668599] [Tid0x00000c1c] [debug] <--[C151] DL_Rom_GetInfoAll
[0000305] [11:34:27:669599] [Tid0x00000c1c] [debug] -->[C152] DL_Rom_SetEnableAttr #./api/api.cpp (line:2806)
[0000306] [11:34:27:669599] [Tid0x00000c1c] [debug] <--[C152] DL_Rom_SetEnableAttr
[0000307] [11:34:27:670599] [Tid0x00000c1c] [debug] -->[C153] DL_GetCount #./api/api.cpp (line:2587)
[0000308] [11:34:27:670599] [Tid0x00000c1c] [debug] <--[C153] DL_GetCount
[0000309] [11:34:27:670599] [Tid0x00000c1c] [debug] -->[C154] DL_Rom_GetInfoAll #./api/api.cpp (line:2752)
[0000310] [11:34:27:670599] [Tid0x00000c1c] [debug] <--[C154] DL_Rom_GetInfoAll
[0000311] [11:34:27:671599] [Tid0x00000c1c] [debug] -->[C155] DL_Rom_SetEnableAttr #./api/api.cpp (line:2806)
[0000312] [11:34:27:671599] [Tid0x00000c1c] [debug] <--[C155] DL_Rom_SetEnableAttr
[0000313] [11:34:27:673599] [Tid0x00000c1c] [debug] -->[C156] DL_GetCount #./api/api.cpp (line:2587)
[0000314] [11:34:27:673599] [Tid0x00000c1c] [debug] <--[C156] DL_GetCount
[0000315] [11:34:27:673599] [Tid0x00000c1c] [debug] -->[C157] DL_Rom_GetInfoAll #./api/api.cpp (line:2752)
[0000316] [11:34:27:673599] [Tid0x00000c1c] [debug] <--[C157] DL_Rom_GetInfoAll
[0000317] [11:34:27:674599] [Tid0x00000c1c] [debug] -->[C158] DL_Rom_SetEnableAttr #./api/api.cpp (line:2806)
[0000318] [11:34:27:674599] [Tid0x00000c1c] [debug] <--[C158] DL_Rom_SetEnableAttr
[0000319] [11:34:27:674599] [Tid0x00000c1c] [debug] -->[C159] DL_GetCount #./api/api.cpp (line:2587)
[0000320] [11:34:27:674599] [Tid0x00000c1c] [debug] <--[C159] DL_GetCount
[0000321] [11:34:27:675599] [Tid0x00000c1c] [debug] -->[C160] DL_Rom_GetInfoAll #./api/api.cpp (line:2752)
[0000322] [11:34:27:675599] [Tid0x00000c1c] [debug] <--[C160] DL_Rom_GetInfoAll
[0000323] [11:34:27:675599] [Tid0x00000c1c] [debug] -->[C161] DL_Rom_SetEnableAttr #./api/api.cpp (line:2806)
[0000324] [11:34:27:675599] [Tid0x00000c1c] [debug] <--[C161] DL_Rom_SetEnableAttr
[0000325] [11:34:27:677599] [Tid0x00000c1c] [debug] -->[C162] DL_GetCount #./api/api.cpp (line:2587)
[0000326] [11:34:27:677599] [Tid0x00000c1c] [debug] <--[C162] DL_GetCount
[0000327] [11:34:27:677599] [Tid0x00000c1c] [debug] -->[C163] DL_Rom_GetInfoAll #./api/api.cpp (line:2752)
[0000328] [11:34:27:677599] [Tid0x00000c1c] [debug] <--[C163] DL_Rom_GetInfoAll
[0000329] [11:34:27:678599] [Tid0x00000c1c] [debug] -->[C164] DL_Rom_SetEnableAttr #./api/api.cpp (line:2806)
[0000330] [11:34:27:678599] [Tid0x00000c1c] [debug] <--[C164] DL_Rom_SetEnableAttr
[0000331] [11:34:27:679599] [Tid0x00000c1c] [debug] -->[C165] DL_GetCount #./api/api.cpp (line:2587)
[0000332] [11:34:27:679599] [Tid0x00000c1c] [debug] <--[C165] DL_GetCount
[0000333] [11:34:27:679599] [Tid0x00000c1c] [debug] -->[C166] DL_Rom_GetInfoAll #./api/api.cpp (line:2752)
[0000334] [11:34:27:679599] [Tid0x00000c1c] [debug] <--[C166] DL_Rom_GetInfoAll
[0000335] [11:34:27:679599] [Tid0x00000c1c] [debug] -->[C167] DL_Rom_SetEnableAttr #./api/api.cpp (line:2806)
[0000336] [11:34:27:679599] [Tid0x00000c1c] [debug] <--[C167] DL_Rom_SetEnableAttr
[0000337] [11:34:27:681599] [Tid0x00000c1c] [debug] -->[C168] DL_GetCount #./api/api.cpp (line:2587)
[0000338] [11:34:27:681599] [Tid0x00000c1c] [debug] <--[C168] DL_GetCount
[0000339] [11:34:27:681599] [Tid0x00000c1c] [debug] -->[C169] DL_Rom_GetInfoAll #./api/api.cpp (line:2752)
[0000340] [11:34:27:682599] [Tid0x00000c1c] [debug] <--[C169] DL_Rom_GetInfoAll
[0000341] [11:34:27:682599] [Tid0x00000c1c] [debug] -->[C170] DL_Rom_SetEnableAttr #./api/api.cpp (line:2806)
[0000342] [11:34:27:682599] [Tid0x00000c1c] [debug] <--[C170] DL_Rom_SetEnableAttr
[0000343] [11:34:27:684599] [Tid0x00000c1c] [debug] -->[C171] DL_GetCount #./api/api.cpp (line:2587)
[0000344] [11:34:27:684599] [Tid0x00000c1c] [debug] <--[C171] DL_GetCount
[0000345] [11:34:27:684599] [Tid0x00000c1c] [debug] -->[C172] DL_Rom_GetInfoAll #./api/api.cpp (line:2752)
[0000346] [11:34:27:684599] [Tid0x00000c1c] [debug] <--[C172] DL_Rom_GetInfoAll
[0000347] [11:34:27:685599] [Tid0x00000c1c] [debug] -->[C173] DL_Rom_SetEnableAttr #./api/api.cpp (line:2806)
[0000348] [11:34:27:685599] [Tid0x00000c1c] [debug] <--[C173] DL_Rom_SetEnableAttr
[0000349] [11:34:27:685599] [Tid0x00000c1c] [debug] -->[C174] DL_GetCount #./api/api.cpp (line:2587)
[0000350] [11:34:27:685599] [Tid0x00000c1c] [debug] <--[C174] DL_GetCount
[0000351] [11:34:27:685599] [Tid0x00000c1c] [debug] -->[C175] DL_Rom_GetInfoAll #./api/api.cpp (line:2752)
[0000352] [11:34:27:685599] [Tid0x00000c1c] [debug] <--[C175] DL_Rom_GetInfoAll
[0000353] [11:34:27:686599] [Tid0x00000c1c] [debug] -->[C176] DL_Rom_SetEnableAttr #./api/api.cpp (line:2806)
[0000354] [11:34:27:686599] [Tid0x00000c1c] [debug] <--[C176] DL_Rom_SetEnableAttr
[0000355] [11:34:27:688599] [Tid0x00000c1c] [debug] -->[C177] DL_GetCount #./api/api.cpp (line:2587)
[0000356] [11:34:27:688599] [Tid0x00000c1c] [debug] <--[C177] DL_GetCount
[0000357] [11:34:27:688599] [Tid0x00000c1c] [debug] -->[C178] DL_Rom_GetInfoAll #./api/api.cpp (line:2752)
[0000358] [11:34:27:688599] [Tid0x00000c1c] [debug] <--[C178] DL_Rom_GetInfoAll
[0000359] [11:34:27:689599] [Tid0x00000c1c] [debug] -->[C179] DL_Rom_SetEnableAttr #./api/api.cpp (line:2806)
[0000360] [11:34:27:689599] [Tid0x00000c1c] [debug] <--[C179] DL_Rom_SetEnableAttr
[0000361] [11:34:27:690599] [Tid0x00000c1c] [debug] -->[C180] DL_GetCount #./api/api.cpp (line:2587)
[0000362] [11:34:27:691599] [Tid0x00000c1c] [debug] <--[C180] DL_GetCount
[0000363] [11:34:27:691599] [Tid0x00000c1c] [debug] -->[C181] DL_Rom_GetInfoAll #./api/api.cpp (line:2752)
[0000364] [11:34:27:691599] [Tid0x00000c1c] [debug] <--[C181] DL_Rom_GetInfoAll
[0000365] [11:34:27:691599] [Tid0x00000c1c] [debug] -->[C182] DL_Rom_SetEnableAttr #./api/api.cpp (line:2806)
[0000366] [11:34:27:691599] [Tid0x00000c1c] [debug] <--[C182] DL_Rom_SetEnableAttr
[0000367] [11:34:27:692599] [Tid0x00000c1c] [debug] -->[C183] DL_GetCount #./api/api.cpp (line:2587)
[0000368] [11:34:27:692599] [Tid0x00000c1c] [debug] <--[C183] DL_GetCount
[0000369] [11:34:27:692599] [Tid0x00000c1c] [debug] -->[C184] DL_Rom_GetInfoAll #./api/api.cpp (line:2752)
[0000370] [11:34:27:692599] [Tid0x00000c1c] [debug] <--[C184] DL_Rom_GetInfoAll
[0000371] [11:34:27:693599] [Tid0x00000c1c] [debug] -->[C185] DL_Rom_SetEnableAttr #./api/api.cpp (line:2806)
[0000372] [11:34:27:693599] [Tid0x00000c1c] [debug] <--[C185] DL_Rom_SetEnableAttr
[0000373] [11:34:27:695599] [Tid0x00000c1c] [debug] -->[C186] DL_GetCount #./api/api.cpp (line:2587)
[0000374] [11:34:27:695599] [Tid0x00000c1c] [debug] <--[C186] DL_GetCount
[0000375] [11:34:27:695599] [Tid0x00000c1c] [debug] -->[C187] DL_Rom_GetInfoAll #./api/api.cpp (line:2752)
[0000376] [11:34:27:695599] [Tid0x00000c1c] [debug] <--[C187] DL_Rom_GetInfoAll
[0000377] [11:34:27:696599] [Tid0x00000c1c] [debug] -->[C188] DL_Rom_SetEnableAttr #./api/api.cpp (line:2806)
[0000378] [11:34:27:696599] [Tid0x00000c1c] [debug] <--[C188] DL_Rom_SetEnableAttr
[0000379] [11:34:27:696599] [Tid0x00000c1c] [debug] -->[C189] DL_GetCount #./api/api.cpp (line:2587)
[0000380] [11:34:27:696599] [Tid0x00000c1c] [debug] <--[C189] DL_GetCount
[0000381] [11:34:27:696599] [Tid0x00000c1c] [debug] -->[C190] DL_Rom_GetInfoAll #./api/api.cpp (line:2752)
[0000382] [11:34:27:697599] [Tid0x00000c1c] [debug] <--[C190] DL_Rom_GetInfoAll
[0000383] [11:34:27:697599] [Tid0x00000c1c] [debug] -->[C191] DL_Rom_SetEnableAttr #./api/api.cpp (line:2806)
[0000384] [11:34:27:697599] [Tid0x00000c1c] [debug] <--[C191] DL_Rom_SetEnableAttr
[0000385] [11:34:27:700599] [Tid0x00000c1c] [debug] -->[C192] DL_GetCount #./api/api.cpp (line:2587)
[0000386] [11:34:27:700599] [Tid0x00000c1c] [debug] <--[C192] DL_GetCount
[0000387] [11:34:27:700599] [Tid0x00000c1c] [debug] -->[C193] DL_Rom_GetInfoAll #./api/api.cpp (line:2752)
[0000388] [11:34:27:700599] [Tid0x00000c1c] [debug] <--[C193] DL_Rom_GetInfoAll
[0000389] [11:34:27:701599] [Tid0x00000c1c] [debug] -->[C194] DL_Rom_SetEnableAttr #./api/api.cpp (line:2806)
[0000390] [11:34:27:701599] [Tid0x00000c1c] [debug] <--[C194] DL_Rom_SetEnableAttr
[0000391] [11:34:27:702599] [Tid0x00000c1c] [debug] -->[C195] DL_GetCount #./api/api.cpp (line:2587)
[0000392] [11:34:27:702599] [Tid0x00000c1c] [debug] <--[C195] DL_GetCount
[0000393] [11:34:27:702599] [Tid0x00000c1c] [debug] -->[C196] DL_Rom_GetInfoAll #./api/api.cpp (line:2752)
[0000394] [11:34:27:702599] [Tid0x00000c1c] [debug] <--[C196] DL_Rom_GetInfoAll
[0000395] [11:34:27:703599] [Tid0x00000c1c] [debug] -->[C197] DL_Rom_SetEnableAttr #./api/api.cpp (line:2806)
[0000396] [11:34:27:703599] [Tid0x00000c1c] [debug] <--[C197] DL_Rom_SetEnableAttr
[0000397] [11:34:27:704599] [Tid0x00000c1c] [debug] -->[C198] DL_SetChecksumLevel #./api/api.cpp (line:2516)
[0000398] [11:34:27:704599] [Tid0x00000c1c] [debug] <--[C198] DL_SetChecksumLevel
[0000399] [11:34:41:445599] [Tid0x00000c1c] [debug] -->[C199] DL_GetCount #./api/api.cpp (line:2587)
[0000400] [11:34:41:445599] [Tid0x00000c1c] [debug] <--[C199] DL_GetCount
[0000401] [11:34:41:445599] [Tid0x00000c1c] [debug] -->[C200] DL_Rom_GetInfoAll #./api/api.cpp (line:2752)
[0000402] [11:34:41:445599] [Tid0x00000c1c] [debug] <--[C200] DL_Rom_GetInfoAll
[0000403] [11:34:41:447599] [Tid0x00000c1c] [debug] -->[C201] DL_GetCount #./api/api.cpp (line:2587)
[0000404] [11:34:41:448599] [Tid0x00000c1c] [debug] <--[C201] DL_GetCount
[0000405] [11:34:41:448599] [Tid0x00000c1c] [debug] -->[C202] DL_Rom_GetInfoAll #./api/api.cpp (line:2752)
[0000406] [11:34:41:448599] [Tid0x00000c1c] [debug] <--[C202] DL_Rom_GetInfoAll
[0000407] [11:34:54:709599] [Tid0x0000262c] [debug] -->[C203] FlashTool_Connect_BROM_ByName #./api/api.cpp (line:1975)
[0000408] [11:34:54:710599] [Tid0x0000262c] [debug] -->[C204] FlashTool_Connect_BROM_Ex #./api/api.cpp (line:1880)
[0000409] [11:34:54:710599] [Tid0x0000262c] [debug] bCheckScatter: 1
[0000410] [11:34:54:710599] [Tid0x0000262c] [debug] have load scatter already
[0000411] [11:34:54:710599] [Tid0x0000262c] [debug] libversion 1
[0000412] [11:34:55:368599] [Tid0x0000262c] [debug] <--[C204] FlashTool_Connect_BROM_Ex
[0000413] [11:34:55:368599] [Tid0x0000262c] [debug] <--[C203] FlashTool_Connect_BROM_ByName
[0000414] [11:34:55:368599] [Tid0x0000262c] [debug] -->[C205] FlashTool_GetBootResult #./api/api.cpp (line:1987)
[0000415] [11:34:55:368599] [Tid0x0000262c] [debug] <--[C205] FlashTool_GetBootResult
[0000416] [11:34:55:395599] [Tid0x0000262c] [debug] -->[C206] FlashTool_Connect_Download_DA #./api/api.cpp (line:2007)
[0000417] [11:34:55:395599] [Tid0x0000262c] [debug] bCheckScatter: 1
[0000418] [11:34:57:601599] [Tid0x0000262c] [debug] <--[C206] FlashTool_Connect_Download_DA
[0000419] [11:34:57:602599] [Tid0x0000262c] [debug] -->[C207] FlashTool_CheckUSBStatus #./api/api.cpp (line:1154)
[0000420] [11:34:57:603599] [Tid0x0000262c] [debug] <--[C207] FlashTool_CheckUSBStatus
[0000421] [11:34:57:603599] [Tid0x0000262c] [debug] -->[C208] FlashTool_CheckUSBStatus #./api/api.cpp (line:1154)
[0000422] [11:34:57:604599] [Tid0x0000262c] [debug] <--[C208] FlashTool_CheckUSBStatus
[0000423] [11:34:57:604599] [Tid0x0000262c] [debug] -->[C209] FlashTool_GetReservedRomSize #./api/api.cpp (line:1677)
[0000424] [11:34:57:604599] [Tid0x0000262c] [debug] <--[C209] FlashTool_GetReservedRomSize
[0000425] [11:34:57:604599] [Tid0x0000262c] [debug] -->[C210] FlashTool_RomGetCount #./api/api.cpp (line:1702)
[0000426] [11:34:57:608599] [Tid0x0000262c] [debug] <--[C210] FlashTool_RomGetCount
[0000427] [11:34:57:608599] [Tid0x0000262c] [debug] -->[C211] FlashTool_RomGetInfoAll #./api/api.cpp (line:1726)
[0000428] [11:34:57:610599] [Tid0x0000262c] [debug] <--[C211] FlashTool_RomGetInfoAll
[0000429] [11:34:57:610599] [Tid0x0000262c] [debug] -->[C212] FlashTool_ReadPartitionCount #./api/api.cpp (line:1633)
[0000430] [11:34:57:644599] [Tid0x0000262c] [debug] <--[C212] FlashTool_ReadPartitionCount
[0000431] [11:34:57:644599] [Tid0x0000262c] [debug] -->[C213] FlashTool_ReadPartitionInfo #./api/api.cpp (line:1654)
[0000432] [11:34:57:644599] [Tid0x0000262c] [debug] <--[C213] FlashTool_ReadPartitionInfo
[0000433] [11:34:57:653599] [Tid0x0000262c] [debug] -->[C214] FlashTool_Download #./api/api.cpp (line:1300)
[0000434] [11:41:48:608599] [Tid0x0000262c] [debug] <--[C214] FlashTool_Download
[0000435] [11:41:48:609599] [Tid0x0000262c] [debug] -->[C215] DL_GetCount #./api/api.cpp (line:2587)
[0000436] [11:41:48:609599] [Tid0x0000262c] [debug] <--[C215] DL_GetCount
[0000437] [11:41:48:609599] [Tid0x0000262c] [debug] -->[C216] DL_Rom_GetInfoAll #./api/api.cpp (line:2752)
[0000438] [11:41:48:609599] [Tid0x0000262c] [debug] <--[C216] DL_Rom_GetInfoAll
[0000439] [11:41:48:639599] [Tid0x0000262c] [debug] -->[C217] FlashTool_Disconnect #./api/api.cpp (line:1033)
[0000440] [11:41:48:661599] [Tid0x0000262c] [debug] <--[C217] FlashTool_Disconnect
[0000441] [12:04:48:240599] [Tid0x00000c1c] [debug] -->[C218] DL_GetCount #./api/api.cpp (line:2587)
[0000442] [12:04:48:324599] [Tid0x00000c1c] [debug] <--[C218] DL_GetCount
[0000443] [12:04:48:324599] [Tid0x00000c1c] [debug] -->[C219] DL_Rom_GetInfoAll #./api/api.cpp (line:2752)
[0000444] [12:04:48:324599] [Tid0x00000c1c] [debug] <--[C219] DL_Rom_GetInfoAll
[0000445] [12:04:48:327599] [Tid0x00000c1c] [debug] -->[C220] DL_GetCount #./api/api.cpp (line:2587)
[0000446] [12:04:48:327599] [Tid0x00000c1c] [debug] <--[C220] DL_GetCount
[0000447] [12:04:48:327599] [Tid0x00000c1c] [debug] -->[C221] DL_Rom_GetInfoAll #./api/api.cpp (line:2752)
[0000448] [12:04:48:327599] [Tid0x00000c1c] [debug] <--[C221] DL_Rom_GetInfoAll
[0000449] [12:04:56:815599] [Tid0x00002288] [debug] -->[C222] FlashTool_Connect_BROM_ByName #./api/api.cpp (line:1975)
[0000450] [12:04:56:815599] [Tid0x00002288] [debug] -->[C223] FlashTool_Connect_BROM_Ex #./api/api.cpp (line:1880)
[0000451] [12:04:56:815599] [Tid0x00002288] [debug] bCheckScatter: 1
[0000452] [12:04:56:815599] [Tid0x00002288] [debug] have load scatter already
[0000453] [12:04:56:816599] [Tid0x00002288] [debug] libversion 1
[0000454] [12:04:57:398599] [Tid0x00002288] [debug] <--[C223] FlashTool_Connect_BROM_Ex
[0000455] [12:04:57:398599] [Tid0x00002288] [debug] <--[C222] FlashTool_Connect_BROM_ByName
[0000456] [12:04:57:398599] [Tid0x00002288] [debug] -->[C224] FlashTool_GetBootResult #./api/api.cpp (line:1987)
[0000457] [12:04:57:398599] [Tid0x00002288] [debug] <--[C224] FlashTool_GetBootResult
[0000458] [12:04:57:398599] [Tid0x00002288] [debug] -->[C225] FlashTool_Connect_Download_DA #./api/api.cpp (line:2007)
[0000459] [12:04:57:398599] [Tid0x00002288] [debug] bCheckScatter: 1
[0000460] [12:04:59:514599] [Tid0x00002288] [debug] <--[C225] FlashTool_Connect_Download_DA
[0000461] [12:04:59:514599] [Tid0x00002288] [debug] -->[C226] FlashTool_CheckUSBStatus #./api/api.cpp (line:1154)
[0000462] [12:04:59:515599] [Tid0x00002288] [debug] <--[C226] FlashTool_CheckUSBStatus
[0000463] [12:04:59:515599] [Tid0x00002288] [debug] -->[C227] FlashTool_CheckUSBStatus #./api/api.cpp (line:1154)
[0000464] [12:04:59:516599] [Tid0x00002288] [debug] <--[C227] FlashTool_CheckUSBStatus
[0000465] [12:04:59:516599] [Tid0x00002288] [debug] -->[C228] FlashTool_GetReservedRomSize #./api/api.cpp (line:1677)
[0000466] [12:04:59:517599] [Tid0x00002288] [debug] <--[C228] FlashTool_GetReservedRomSize
[0000467] [12:04:59:517599] [Tid0x00002288] [debug] -->[C229] FlashTool_RomGetCount #./api/api.cpp (line:1702)
[0000468] [12:04:59:518599] [Tid0x00002288] [debug] <--[C229] FlashTool_RomGetCount
[0000469] [12:04:59:518599] [Tid0x00002288] [debug] -->[C230] FlashTool_RomGetInfoAll #./api/api.cpp (line:1726)
[0000470] [12:04:59:519599] [Tid0x00002288] [debug] <--[C230] FlashTool_RomGetInfoAll
[0000471] [12:04:59:519599] [Tid0x00002288] [debug] -->[C231] FlashTool_ReadPartitionCount #./api/api.cpp (line:1633)
[0000472] [12:04:59:553599] [Tid0x00002288] [debug] <--[C231] FlashTool_ReadPartitionCount
[0000473] [12:04:59:553599] [Tid0x00002288] [debug] -->[C232] FlashTool_ReadPartitionInfo #./api/api.cpp (line:1654)
[0000474] [12:04:59:553599] [Tid0x00002288] [debug] <--[C232] FlashTool_ReadPartitionInfo
[0000475] [12:04:59:554599] [Tid0x00002288] [debug] -->[C233] FlashTool_Download #./api/api.cpp (line:1300)
[0000476] [12:05:01:114599] [Tid0x00002288] [debug] <--[C233] FlashTool_Download
[0000477] [12:05:01:127599] [Tid0x00002288] [debug] -->[C234] FlashTool_Disconnect #./api/api.cpp (line:1033)
[0000478] [12:05:01:149599] [Tid0x00002288] [debug] <--[C234] FlashTool_Disconnect
[0000479] [12:06:50:056599] [Tid0x00000c1c] [debug] -->[C235] DL_GetCount #./api/api.cpp (line:2587)
[0000480] [12:06:50:056599] [Tid0x00000c1c] [debug] <--[C235] DL_GetCount
[0000481] [12:06:50:056599] [Tid0x00000c1c] [debug] -->[C236] DL_Rom_GetInfoAll #./api/api.cpp (line:2752)
[0000482] [12:06:50:056599] [Tid0x00000c1c] [debug] <--[C236] DL_Rom_GetInfoAll
[0000483] [12:06:50:059599] [Tid0x00000c1c] [debug] -->[C237] DL_GetCount #./api/api.cpp (line:2587)
[0000484] [12:06:50:059599] [Tid0x00000c1c] [debug] <--[C237] DL_GetCount
[0000485] [12:06:50:059599] [Tid0x00000c1c] [debug] -->[C238] DL_Rom_GetInfoAll #./api/api.cpp (line:2752)
[0000486] [12:06:50:059599] [Tid0x00000c1c] [debug] <--[C238] DL_Rom_GetInfoAll
[0000487] [12:06:58:124599] [Tid0x000012cc] [debug] -->[C239] FlashTool_Connect_BROM_ByName #./api/api.cpp (line:1975)
[0000488] [12:06:58:124599] [Tid0x000012cc] [debug] -->[C240] FlashTool_Connect_BROM_Ex #./api/api.cpp (line:1880)
[0000489] [12:06:58:124599] [Tid0x000012cc] [debug] bCheckScatter: 1
[0000490] [12:06:58:124599] [Tid0x000012cc] [debug] have load scatter already
[0000491] [12:06:58:124599] [Tid0x000012cc] [debug] libversion 1
[0000492] [12:06:58:704599] [Tid0x000012cc] [debug] <--[C240] FlashTool_Connect_BROM_Ex
[0000493] [12:06:58:704599] [Tid0x000012cc] [debug] <--[C239] FlashTool_Connect_BROM_ByName
[0000494] [12:06:58:704599] [Tid0x000012cc] [debug] -->[C241] FlashTool_GetBootResult #./api/api.cpp (line:1987)
[0000495] [12:06:58:704599] [Tid0x000012cc] [debug] <--[C241] FlashTool_GetBootResult
[0000496] [12:06:58:704599] [Tid0x000012cc] [debug] -->[C242] FlashTool_Connect_Download_DA #./api/api.cpp (line:2007)
[0000497] [12:06:58:704599] [Tid0x000012cc] [debug] bCheckScatter: 1
[0000498] [12:07:00:822599] [Tid0x000012cc] [debug] <--[C242] FlashTool_Connect_Download_DA
[0000499] [12:07:00:822599] [Tid0x000012cc] [debug] -->[C243] FlashTool_CheckUSBStatus #./api/api.cpp (line:1154)
[0000500] [12:07:00:824599] [Tid0x000012cc] [debug] <--[C243] FlashTool_CheckUSBStatus
[0000501] [12:07:00:824599] [Tid0x000012cc] [debug] -->[C244] FlashTool_CheckUSBStatus #./api/api.cpp (line:1154)
[0000502] [12:07:00:825599] [Tid0x000012cc] [debug] <--[C244] FlashTool_CheckUSBStatus
[0000503] [12:07:00:825599] [Tid0x000012cc] [debug] -->[C245] FlashTool_GetReservedRomSize #./api/api.cpp (line:1677)
[0000504] [12:07:00:825599] [Tid0x000012cc] [debug] <--[C245] FlashTool_GetReservedRomSize
[0000505] [12:07:00:825599] [Tid0x000012cc] [debug] -->[C246] FlashTool_RomGetCount #./api/api.cpp (line:1702)
[0000506] [12:07:00:826599] [Tid0x000012cc] [debug] <--[C246] FlashTool_RomGetCount
[0000507] [12:07:00:826599] [Tid0x000012cc] [debug] -->[C247] FlashTool_RomGetInfoAll #./api/api.cpp (line:1726)
[0000508] [12:07:00:828599] [Tid0x000012cc] [debug] <--[C247] FlashTool_RomGetInfoAll
[0000509] [12:07:00:828599] [Tid0x000012cc] [debug] -->[C248] FlashTool_ReadPartitionCount #./api/api.cpp (line:1633)
[0000510] [12:07:00:862599] [Tid0x000012cc] [debug] <--[C248] FlashTool_ReadPartitionCount
[0000511] [12:07:00:862599] [Tid0x000012cc] [debug] -->[C249] FlashTool_ReadPartitionInfo #./api/api.cpp (line:1654)
[0000512] [12:07:00:862599] [Tid0x000012cc] [debug] <--[C249] FlashTool_ReadPartitionInfo
[0000513] [12:07:00:862599] [Tid0x000012cc] [debug] -->[C250] FlashTool_Download #./api/api.cpp (line:1300)
[0000514] [12:07:02:326599] [Tid0x000012cc] [debug] <--[C250] FlashTool_Download
[0000515] [12:07:02:326599] [Tid0x000012cc] [debug] -->[C251] FlashTool_Disconnect #./api/api.cpp (line:1033)
[0000516] [12:07:02:347599] [Tid0x000012cc] [debug] <--[C251] FlashTool_Disconnect
[0000517] [12:07:21:617599] [Tid0x00000c1c] [debug] -->[C252] DL_GetCount #./api/api.cpp (line:2587)
[0000518] [12:07:21:617599] [Tid0x00000c1c] [debug] <--[C252] DL_GetCount
[0000519] [12:07:21:617599] [Tid0x00000c1c] [debug] -->[C253] DL_Rom_GetInfoAll #./api/api.cpp (line:2752)
[0000520] [12:07:21:617599] [Tid0x00000c1c] [debug] <--[C253] DL_Rom_GetInfoAll
[0000521] [12:07:21:620599] [Tid0x00000c1c] [debug] -->[C254] DL_Rom_SetEnableAttr #./api/api.cpp (line:2806)
[0000522] [12:07:21:620599] [Tid0x00000c1c] [debug] <--[C254] DL_Rom_SetEnableAttr
[0000523] [12:07:21:624599] [Tid0x00000c1c] [debug] -->[C255] DL_GetCount #./api/api.cpp (line:2587)
[0000524] [12:07:21:624599] [Tid0x00000c1c] [debug] <--[C255] DL_GetCount
[0000525] [12:07:21:624599] [Tid0x00000c1c] [debug] -->[C256] DL_Rom_GetInfoAll #./api/api.cpp (line:2752)
[0000526] [12:07:21:624599] [Tid0x00000c1c] [debug] <--[C256] DL_Rom_GetInfoAll
[0000527] [12:07:21:626599] [Tid0x00000c1c] [debug] -->[C257] DL_Rom_SetEnableAttr #./api/api.cpp (line:2806)
[0000528] [12:07:21:626599] [Tid0x00000c1c] [debug] <--[C257] DL_Rom_SetEnableAttr
[0000529] [12:07:21:629599] [Tid0x00000c1c] [debug] -->[C258] DL_GetCount #./api/api.cpp (line:2587)
[0000530] [12:07:21:629599] [Tid0x00000c1c] [debug] <--[C258] DL_GetCount
[0000531] [12:07:21:629599] [Tid0x00000c1c] [debug] -->[C259] DL_Rom_GetInfoAll #./api/api.cpp (line:2752)
[0000532] [12:07:21:629599] [Tid0x00000c1c] [debug] <--[C259] DL_Rom_GetInfoAll
[0000533] [12:07:21:631599] [Tid0x00000c1c] [debug] -->[C260] DL_Rom_SetEnableAttr #./api/api.cpp (line:2806)
[0000534] [12:07:21:631599] [Tid0x00000c1c] [debug] <--[C260] DL_Rom_SetEnableAttr
[0000535] [12:07:21:633599] [Tid0x00000c1c] [debug] -->[C261] DL_GetCount #./api/api.cpp (line:2587)
[0000536] [12:07:21:634599] [Tid0x00000c1c] [debug] <--[C261] DL_GetCount
[0000537] [12:07:21:634599] [Tid0x00000c1c] [debug] -->[C262] DL_Rom_GetInfoAll #./api/api.cpp (line:2752)
[0000538] [12:07:21:634599] [Tid0x00000c1c] [debug] <--[C262] DL_Rom_GetInfoAll
[0000539] [12:07:21:635599] [Tid0x00000c1c] [debug] -->[C263] DL_Rom_SetEnableAttr #./api/api.cpp (line:2806)
[0000540] [12:07:21:635599] [Tid0x00000c1c] [debug] <--[C263] DL_Rom_SetEnableAttr
[0000541] [12:07:21:638599] [Tid0x00000c1c] [debug] -->[C264] DL_GetCount #./api/api.cpp (line:2587)
[0000542] [12:07:21:638599] [Tid0x00000c1c] [debug] <--[C264] DL_GetCount
[0000543] [12:07:21:638599] [Tid0x00000c1c] [debug] -->[C265] DL_Rom_GetInfoAll #./api/api.cpp (line:2752)
[0000544] [12:07:21:638599] [Tid0x00000c1c] [debug] <--[C265] DL_Rom_GetInfoAll
[0000545] [12:07:21:639599] [Tid0x00000c1c] [debug] -->[C266] DL_Rom_SetEnableAttr #./api/api.cpp (line:2806)
[0000546] [12:07:21:639599] [Tid0x00000c1c] [debug] <--[C266] DL_Rom_SetEnableAttr
[0000547] [12:07:21:641599] [Tid0x00000c1c] [debug] -->[C267] DL_GetCount #./api/api.cpp (line:2587)
[0000548] [12:07:21:641599] [Tid0x00000c1c] [debug] <--[C267] DL_GetCount
[0000549] [12:07:21:641599] [Tid0x00000c1c] [debug] -->[C268] DL_Rom_GetInfoAll #./api/api.cpp (line:2752)
[0000550] [12:07:21:641599] [Tid0x00000c1c] [debug] <--[C268] DL_Rom_GetInfoAll
[0000551] [12:07:21:641599] [Tid0x00000c1c] [debug] -->[C269] DL_Rom_SetEnableAttr #./api/api.cpp (line:2806)
[0000552] [12:07:21:641599] [Tid0x00000c1c] [debug] <--[C269] DL_Rom_SetEnableAttr
[0000553] [12:07:21:643599] [Tid0x00000c1c] [debug] -->[C270] DL_GetCount #./api/api.cpp (line:2587)
[0000554] [12:07:21:643599] [Tid0x00000c1c] [debug] <--[C270] DL_GetCount
[0000555] [12:07:21:643599] [Tid0x00000c1c] [debug] -->[C271] DL_Rom_GetInfoAll #./api/api.cpp (line:2752)
[0000556] [12:07:21:643599] [Tid0x00000c1c] [debug] <--[C271] DL_Rom_GetInfoAll
[0000557] [12:07:21:643599] [Tid0x00000c1c] [debug] -->[C272] DL_Rom_SetEnableAttr #./api/api.cpp (line:2806)
[0000558] [12:07:21:643599] [Tid0x00000c1c] [debug] <--[C272] DL_Rom_SetEnableAttr
[0000559] [12:07:21:644599] [Tid0x00000c1c] [debug] -->[C273] DL_GetCount #./api/api.cpp (line:2587)
[0000560] [12:07:21:645599] [Tid0x00000c1c] [debug] <--[C273] DL_GetCount
[0000561] [12:07:21:645599] [Tid0x00000c1c] [debug] -->[C274] DL_Rom_GetInfoAll #./api/api.cpp (line:2752)
[0000562] [12:07:21:645599] [Tid0x00000c1c] [debug] <--[C274] DL_Rom_GetInfoAll
[0000563] [12:07:21:645599] [Tid0x00000c1c] [debug] -->[C275] DL_Rom_SetEnableAttr #./api/api.cpp (line:2806)
[0000564] [12:07:21:645599] [Tid0x00000c1c] [debug] <--[C275] DL_Rom_SetEnableAttr
[0000565] [12:07:21:646599] [Tid0x00000c1c] [debug] -->[C276] DL_GetCount #./api/api.cpp (line:2587)
[0000566] [12:07:21:646599] [Tid0x00000c1c] [debug] <--[C276] DL_GetCount
[0000567] [12:07:21:646599] [Tid0x00000c1c] [debug] -->[C277] DL_Rom_GetInfoAll #./api/api.cpp (line:2752)
[0000568] [12:07:21:646599] [Tid0x00000c1c] [debug] <--[C277] DL_Rom_GetInfoAll
[0000569] [12:07:21:647599] [Tid0x00000c1c] [debug] -->[C278] DL_Rom_SetEnableAttr #./api/api.cpp (line:2806)
[0000570] [12:07:21:647599] [Tid0x00000c1c] [debug] <--[C278] DL_Rom_SetEnableAttr
[0000571] [12:07:21:648599] [Tid0x00000c1c] [debug] -->[C279] DL_GetCount #./api/api.cpp (line:2587)
[0000572] [12:07:21:648599] [Tid0x00000c1c] [debug] <--[C279] DL_GetCount
[0000573] [12:07:21:648599] [Tid0x00000c1c] [debug] -->[C280] DL_Rom_GetInfoAll #./api/api.cpp (line:2752)
[0000574] [12:07:21:648599] [Tid0x00000c1c] [debug] <--[C280] DL_Rom_GetInfoAll
[0000575] [12:07:21:649599] [Tid0x00000c1c] [debug] -->[C281] DL_Rom_SetEnableAttr #./api/api.cpp (line:2806)
[0000576] [12:07:21:649599] [Tid0x00000c1c] [debug] <--[C281] DL_Rom_SetEnableAttr
[0000577] [12:07:21:650599] [Tid0x00000c1c] [debug] -->[C282] DL_GetCount #./api/api.cpp (line:2587)
[0000578] [12:07:21:650599] [Tid0x00000c1c] [debug] <--[C282] DL_GetCount
[0000579] [12:07:21:650599] [Tid0x00000c1c] [debug] -->[C283] DL_Rom_GetInfoAll #./api/api.cpp (line:2752)
[0000580] [12:07:21:650599] [Tid0x00000c1c] [debug] <--[C283] DL_Rom_GetInfoAll
[0000581] [12:07:21:650599] [Tid0x00000c1c] [debug] -->[C284] DL_Rom_SetEnableAttr #./api/api.cpp (line:2806)
[0000582] [12:07:21:650599] [Tid0x00000c1c] [debug] <--[C284] DL_Rom_SetEnableAttr
[0000583] [12:07:21:651599] [Tid0x00000c1c] [debug] -->[C285] DL_GetCount #./api/api.cpp (line:2587)
[0000584] [12:07:21:651599] [Tid0x00000c1c] [debug] <--[C285] DL_GetCount
[0000585] [12:07:21:651599] [Tid0x00000c1c] [debug] -->[C286] DL_Rom_GetInfoAll #./api/api.cpp (line:2752)
[0000586] [12:07:21:651599] [Tid0x00000c1c] [debug] <--[C286] DL_Rom_GetInfoAll
[0000587] [12:07:21:652599] [Tid0x00000c1c] [debug] -->[C287] DL_Rom_SetEnableAttr #./api/api.cpp (line:2806)
[0000588] [12:07:21:652599] [Tid0x00000c1c] [debug] <--[C287] DL_Rom_SetEnableAttr
[0000589] [12:07:21:653599] [Tid0x00000c1c] [debug] -->[C288] DL_GetCount #./api/api.cpp (line:2587)
[0000590] [12:07:21:653599] [Tid0x00000c1c] [debug] <--[C288] DL_GetCount
[0000591] [12:07:21:653599] [Tid0x00000c1c] [debug] -->[C289] DL_Rom_GetInfoAll #./api/api.cpp (line:2752)
[0000592] [12:07:21:653599] [Tid0x00000c1c] [debug] <--[C289] DL_Rom_GetInfoAll
[0000593] [12:07:21:653599] [Tid0x00000c1c] [debug] -->[C290] DL_Rom_SetEnableAttr #./api/api.cpp (line:2806)
[0000594] [12:07:21:653599] [Tid0x00000c1c] [debug] <--[C290] DL_Rom_SetEnableAttr
[0000595] [12:07:21:654599] [Tid0x00000c1c] [debug] -->[C291] DL_GetCount #./api/api.cpp (line:2587)
[0000596] [12:07:21:654599] [Tid0x00000c1c] [debug] <--[C291] DL_GetCount
[0000597] [12:07:21:654599] [Tid0x00000c1c] [debug] -->[C292] DL_Rom_GetInfoAll #./api/api.cpp (line:2752)
[0000598] [12:07:21:654599] [Tid0x00000c1c] [debug] <--[C292] DL_Rom_GetInfoAll
[0000599] [12:07:21:655599] [Tid0x00000c1c] [debug] -->[C293] DL_Rom_SetEnableAttr #./api/api.cpp (line:2806)
[0000600] [12:07:21:655599] [Tid0x00000c1c] [debug] <--[C293] DL_Rom_SetEnableAttr
[0000601] [12:07:21:656599] [Tid0x00000c1c] [debug] -->[C294] DL_GetCount #./api/api.cpp (line:2587)
[0000602] [12:07:21:656599] [Tid0x00000c1c] [debug] <--[C294] DL_GetCount
[0000603] [12:07:21:656599] [Tid0x00000c1c] [debug] -->[C295] DL_Rom_GetInfoAll #./api/api.cpp (line:2752)
[0000604] [12:07:21:656599] [Tid0x00000c1c] [debug] <--[C295] DL_Rom_GetInfoAll
[0000605] [12:07:21:656599] [Tid0x00000c1c] [debug] -->[C296] DL_Rom_SetEnableAttr #./api/api.cpp (line:2806)
[0000606] [12:07:21:656599] [Tid0x00000c1c] [debug] <--[C296] DL_Rom_SetEnableAttr
[0000607] [12:07:21:657599] [Tid0x00000c1c] [debug] -->[C297] DL_GetCount #./api/api.cpp (line:2587)
[0000608] [12:07:21:657599] [Tid0x00000c1c] [debug] <--[C297] DL_GetCount
[0000609] [12:07:21:657599] [Tid0x00000c1c] [debug] -->[C298] DL_Rom_GetInfoAll #./api/api.cpp (line:2752)
[0000610] [12:07:21:657599] [Tid0x00000c1c] [debug] <--[C298] DL_Rom_GetInfoAll
[0000611] [12:07:21:658599] [Tid0x00000c1c] [debug] -->[C299] DL_Rom_SetEnableAttr #./api/api.cpp (line:2806)
[0000612] [12:07:21:658599] [Tid0x00000c1c] [debug] <--[C299] DL_Rom_SetEnableAttr
[0000613] [12:07:21:659599] [Tid0x00000c1c] [debug] -->[C300] DL_GetCount #./api/api.cpp (line:2587)
[0000614] [12:07:21:659599] [Tid0x00000c1c] [debug] <--[C300] DL_GetCount
[0000615] [12:07:21:659599] [Tid0x00000c1c] [debug] -->[C301] DL_Rom_GetInfoAll #./api/api.cpp (line:2752)
[0000616] [12:07:21:659599] [Tid0x00000c1c] [debug] <--[C301] DL_Rom_GetInfoAll
[0000617] [12:07:21:660599] [Tid0x00000c1c] [debug] -->[C302] DL_Rom_SetEnableAttr #./api/api.cpp (line:2806)
[0000618] [12:07:21:660599] [Tid0x00000c1c] [debug] <--[C302] DL_Rom_SetEnableAttr
[0000619] [12:07:21:661599] [Tid0x00000c1c] [debug] -->[C303] DL_GetCount #./api/api.cpp (line:2587)
[0000620] [12:07:21:661599] [Tid0x00000c1c] [debug] <--[C303] DL_GetCount
[0000621] [12:07:21:661599] [Tid0x00000c1c] [debug] -->[C304] DL_Rom_GetInfoAll #./api/api.cpp (line:2752)
[0000622] [12:07:21:661599] [Tid0x00000c1c] [debug] <--[C304] DL_Rom_GetInfoAll
[0000623] [12:07:21:661599] [Tid0x00000c1c] [debug] -->[C305] DL_Rom_SetEnableAttr #./api/api.cpp (line:2806)
[0000624] [12:07:21:661599] [Tid0x00000c1c] [debug] <--[C305] DL_Rom_SetEnableAttr
[0000625] [12:07:21:663599] [Tid0x00000c1c] [debug] -->[C306] DL_GetCount #./api/api.cpp (line:2587)
[0000626] [12:07:21:663599] [Tid0x00000c1c] [debug] <--[C306] DL_GetCount
[0000627] [12:07:21:663599] [Tid0x00000c1c] [debug] -->[C307] DL_Rom_GetInfoAll #./api/api.cpp (line:2752)
[0000628] [12:07:21:663599] [Tid0x00000c1c] [debug] <--[C307] DL_Rom_GetInfoAll
[0000629] [12:07:21:663599] [Tid0x00000c1c] [debug] -->[C308] DL_Rom_SetEnableAttr #./api/api.cpp (line:2806)
[0000630] [12:07:21:663599] [Tid0x00000c1c] [debug] <--[C308] DL_Rom_SetEnableAttr
[0000631] [12:07:21:664599] [Tid0x00000c1c] [debug] -->[C309] DL_GetCount #./api/api.cpp (line:2587)
[0000632] [12:07:21:664599] [Tid0x00000c1c] [debug] <--[C309] DL_GetCount
[0000633] [12:07:21:664599] [Tid0x00000c1c] [debug] -->[C310] DL_Rom_GetInfoAll #./api/api.cpp (line:2752)
[0000634] [12:07:21:665599] [Tid0x00000c1c] [debug] <--[C310] DL_Rom_GetInfoAll
[0000635] [12:07:21:665599] [Tid0x00000c1c] [debug] -->[C311] DL_Rom_SetEnableAttr #./api/api.cpp (line:2806)
[0000636] [12:07:21:665599] [Tid0x00000c1c] [debug] <--[C311] DL_Rom_SetEnableAttr
[0000637] [12:07:21:666599] [Tid0x00000c1c] [debug] -->[C312] DL_GetCount #./api/api.cpp (line:2587)
[0000638] [12:07:21:666599] [Tid0x00000c1c] [debug] <--[C312] DL_GetCount
[0000639] [12:07:21:666599] [Tid0x00000c1c] [debug] -->[C313] DL_Rom_GetInfoAll #./api/api.cpp (line:2752)
[0000640] [12:07:21:666599] [Tid0x00000c1c] [debug] <--[C313] DL_Rom_GetInfoAll
[0000641] [12:07:21:667599] [Tid0x00000c1c] [debug] -->[C314] DL_Rom_SetEnableAttr #./api/api.cpp (line:2806)
[0000642] [12:07:21:667599] [Tid0x00000c1c] [debug] <--[C314] DL_Rom_SetEnableAttr
[0000643] [12:07:21:668599] [Tid0x00000c1c] [debug] -->[C315] DL_GetCount #./api/api.cpp (line:2587)
[0000644] [12:07:21:668599] [Tid0x00000c1c] [debug] <--[C315] DL_GetCount
[0000645] [12:07:21:668599] [Tid0x00000c1c] [debug] -->[C316] DL_Rom_GetInfoAll #./api/api.cpp (line:2752)
[0000646] [12:07:21:668599] [Tid0x00000c1c] [debug] <--[C316] DL_Rom_GetInfoAll
[0000647] [12:07:21:669599] [Tid0x00000c1c] [debug] -->[C317] DL_Rom_SetEnableAttr #./api/api.cpp (line:2806)
[0000648] [12:07:21:669599] [Tid0x00000c1c] [debug] <--[C317] DL_Rom_SetEnableAttr
[0000649] [12:07:21:671599] [Tid0x00000c1c] [debug] -->[C318] DL_GetCount #./api/api.cpp (line:2587)
[0000650] [12:07:21:671599] [Tid0x00000c1c] [debug] <--[C318] DL_GetCount
[0000651] [12:07:21:671599] [Tid0x00000c1c] [debug] -->[C319] DL_Rom_GetInfoAll #./api/api.cpp (line:2752)
[0000652] [12:07:21:671599] [Tid0x00000c1c] [debug] <--[C319] DL_Rom_GetInfoAll
[0000653] [12:07:21:672599] [Tid0x00000c1c] [debug] -->[C320] DL_Rom_SetEnableAttr #./api/api.cpp (line:2806)
[0000654] [12:07:21:672599] [Tid0x00000c1c] [debug] <--[C320] DL_Rom_SetEnableAttr
[0000655] [12:07:21:673599] [Tid0x00000c1c] [debug] -->[C321] DL_GetCount #./api/api.cpp (line:2587)
[0000656] [12:07:21:673599] [Tid0x00000c1c] [debug] <--[C321] DL_GetCount
[0000657] [12:07:21:673599] [Tid0x00000c1c] [debug] -->[C322] DL_Rom_GetInfoAll #./api/api.cpp (line:2752)
[0000658] [12:07:21:673599] [Tid0x00000c1c] [debug] <--[C322] DL_Rom_GetInfoAll
[0000659] [12:07:21:674599] [Tid0x00000c1c] [debug] -->[C323] DL_Rom_SetEnableAttr #./api/api.cpp (line:2806)
[0000660] [12:07:21:674599] [Tid0x00000c1c] [debug] <--[C323] DL_Rom_SetEnableAttr
[0000661] [12:07:23:167599] [Tid0x00000c1c] [debug] -->[C324] DL_GetCount #./api/api.cpp (line:2587)
[0000662] [12:07:23:168599] [Tid0x00000c1c] [debug] <--[C324] DL_GetCount
[0000663] [12:07:23:168599] [Tid0x00000c1c] [debug] -->[C325] DL_Rom_GetInfoAll #./api/api.cpp (line:2752)
[0000664] [12:07:23:168599] [Tid0x00000c1c] [debug] <--[C325] DL_Rom_GetInfoAll
[0000665] [12:07:38:261599] [Tid0x000024b4] [debug] -->[C326] FlashTool_Connect_BROM_ByName #./api/api.cpp (line:1975)
[0000666] [12:07:38:261599] [Tid0x000024b4] [debug] -->[C327] FlashTool_Connect_BROM_Ex #./api/api.cpp (line:1880)
[0000667] [12:07:38:261599] [Tid0x000024b4] [debug] bCheckScatter: 1
[0000668] [12:07:38:261599] [Tid0x000024b4] [debug] have load scatter already
[0000669] [12:07:38:261599] [Tid0x000024b4] [debug] libversion 1
[0000670] [12:07:38:856599] [Tid0x000024b4] [debug] <--[C327] FlashTool_Connect_BROM_Ex
[0000671] [12:07:38:856599] [Tid0x000024b4] [debug] <--[C326] FlashTool_Connect_BROM_ByName
[0000672] [12:07:38:856599] [Tid0x000024b4] [debug] -->[C328] FlashTool_GetBootResult #./api/api.cpp (line:1987)
[0000673] [12:07:38:856599] [Tid0x000024b4] [debug] <--[C328] FlashTool_GetBootResult
[0000674] [12:07:38:856599] [Tid0x000024b4] [debug] -->[C329] FlashTool_Connect_Download_DA #./api/api.cpp (line:2007)
[0000675] [12:07:38:856599] [Tid0x000024b4] [debug] bCheckScatter: 1
[0000676] [12:07:41:058599] [Tid0x000024b4] [debug] <--[C329] FlashTool_Connect_Download_DA
[0000677] [12:07:41:058599] [Tid0x000024b4] [debug] -->[C330] FlashTool_CheckUSBStatus #./api/api.cpp (line:1154)
[0000678] [12:07:41:059599] [Tid0x000024b4] [debug] <--[C330] FlashTool_CheckUSBStatus
[0000679] [12:07:41:059599] [Tid0x000024b4] [debug] -->[C331] FlashTool_CheckUSBStatus #./api/api.cpp (line:1154)
[0000680] [12:07:41:061599] [Tid0x000024b4] [debug] <--[C331] FlashTool_CheckUSBStatus
[0000681] [12:07:41:061599] [Tid0x000024b4] [debug] -->[C332] FlashTool_GetReservedRomSize #./api/api.cpp (line:1677)
[0000682] [12:07:41:061599] [Tid0x000024b4] [debug] <--[C332] FlashTool_GetReservedRomSize
[0000683] [12:07:41:061599] [Tid0x000024b4] [debug] -->[C333] FlashTool_RomGetCount #./api/api.cpp (line:1702)
[0000684] [12:07:41:062599] [Tid0x000024b4] [debug] <--[C333] FlashTool_RomGetCount
[0000685] [12:07:41:062599] [Tid0x000024b4] [debug] -->[C334] FlashTool_RomGetInfoAll #./api/api.cpp (line:1726)
[0000686] [12:07:41:063599] [Tid0x000024b4] [debug] <--[C334] FlashTool_RomGetInfoAll
[0000687] [12:07:41:064599] [Tid0x000024b4] [debug] -->[C335] DL_GetCount #./api/api.cpp (line:2587)
[0000688] [12:07:41:064599] [Tid0x000024b4] [debug] <--[C335] DL_GetCount
[0000689] [12:07:41:064599] [Tid0x000024b4] [debug] -->[C336] DL_Rom_GetInfoAll #./api/api.cpp (line:2752)
[0000690] [12:07:41:064599] [Tid0x000024b4] [debug] <--[C336] DL_Rom_GetInfoAll
[0000691] [12:07:41:064599] [Tid0x000024b4] [debug] -->[C337] FlashTool_RomGetCount #./api/api.cpp (line:1702)
[0000692] [12:07:41:065599] [Tid0x000024b4] [debug] <--[C337] FlashTool_RomGetCount
[0000693] [12:07:41:065599] [Tid0x000024b4] [debug] -->[C338] FlashTool_ReadPartitionCount #./api/api.cpp (line:1633)
[0000694] [12:07:41:099599] [Tid0x000024b4] [debug] <--[C338] FlashTool_ReadPartitionCount
[0000695] [12:07:41:100599] [Tid0x000024b4] [debug] -->[C339] FlashTool_ReadPartitionInfo #./api/api.cpp (line:1654)
[0000696] [12:07:41:100599] [Tid0x000024b4] [debug] <--[C339] FlashTool_ReadPartitionInfo
[0000697] [12:07:41:100599] [Tid0x000024b4] [debug] -->[C340] FlashTool_ReadPartitionCount #./api/api.cpp (line:1633)
[0000698] [12:07:41:100599] [Tid0x000024b4] [debug] <--[C340] FlashTool_ReadPartitionCount
[0000699] [12:07:41:100599] [Tid0x000024b4] [debug] -->[C341] FlashTool_ReadPartitionInfo #./api/api.cpp (line:1654)
[0000700] [12:07:41:100599] [Tid0x000024b4] [debug] <--[C341] FlashTool_ReadPartitionInfo
[0000701] [12:07:41:124599] [Tid0x000024b4] [debug] -->[C342] FlashTool_GetReservedRomSize #./api/api.cpp (line:1677)
[0000702] [12:07:41:125599] [Tid0x000024b4] [debug] <--[C342] FlashTool_GetReservedRomSize
[0000703] [12:07:41:125599] [Tid0x000024b4] [debug] -->[C343] FlashTool_Format #./api/api.cpp (line:1346)
[0000704] [12:07:41:355599] [Tid0x000024b4] [debug] <--[C343] FlashTool_Format
[0000705] [12:07:41:355599] [Tid0x000024b4] [debug] -->[C344] FlashTool_GetReservedRomSize #./api/api.cpp (line:1677)
[0000706] [12:07:41:355599] [Tid0x000024b4] [debug] <--[C344] FlashTool_GetReservedRomSize
[0000707] [12:07:41:355599] [Tid0x000024b4] [debug] -->[C345] FlashTool_Format #./api/api.cpp (line:1346)
[0000708] [12:07:41:392599] [Tid0x000024b4] [debug] <--[C345] FlashTool_Format
[0000709] [12:07:41:392599] [Tid0x000024b4] [debug] -->[C346] FlashTool_GetReservedRomSize #./api/api.cpp (line:1677)
[0000710] [12:07:41:393599] [Tid0x000024b4] [debug] <--[C346] FlashTool_GetReservedRomSize
[0000711] [12:07:41:393599] [Tid0x000024b4] [debug] -->[C347] FlashTool_Format #./api/api.cpp (line:1346)
[0000712] [12:07:41:428599] [Tid0x000024b4] [debug] <--[C347] FlashTool_Format
[0000713] [12:07:41:428599] [Tid0x000024b4] [debug] -->[C348] FlashTool_GetReservedRomSize #./api/api.cpp (line:1677)
[0000714] [12:07:41:429599] [Tid0x000024b4] [debug] <--[C348] FlashTool_GetReservedRomSize
[0000715] [12:07:41:429599] [Tid0x000024b4] [debug] -->[C349] FlashTool_Format #./api/api.cpp (line:1346)
[0000716] [12:07:41:468599] [Tid0x000024b4] [debug] <--[C349] FlashTool_Format
[0000717] [12:07:41:468599] [Tid0x000024b4] [debug] -->[C350] FlashTool_Download #./api/api.cpp (line:1300)
[0000718] [12:07:43:001599] [Tid0x000024b4] [debug] <--[C350] FlashTool_Download
[0000719] [12:07:43:018599] [Tid0x000024b4] [debug] -->[C351] FlashTool_Disconnect #./api/api.cpp (line:1033)
[0000720] [12:07:43:039599] [Tid0x000024b4] [debug] <--[C351] FlashTool_Disconnect
[0000721] [12:07:48:959599] [Tid0x00000c1c] [debug] -->[C352] DL_Rom_UnloadAll #./api/api.cpp (line:2795)
[0000722] [12:07:48:964599] [Tid0x00000c1c] [debug] <--[C352] DL_Rom_UnloadAll
