[0000001] [14:29:19:902372] [Tid0x00002128] [debug] -->[C1] DL_LoadScatter #./api/api.cpp (line:2474)
[0000002] [14:29:19:941372] [Tid0x00002128] [debug] used lib version: 1
[0000003] [14:29:19:941372] [Tid0x00002128] [debug] <--[C1] DL_LoadScatter
[0000004] [14:29:19:941372] [Tid0x00002128] [debug] -->[C2] DL_AutoLoadRomImages #./api/api.cpp (line:2667)
[0000005] [14:29:20:038372] [Tid0x00002128] [debug] <--[C2] DL_AutoLoadRomImages
[0000006] [14:29:20:135372] [Tid0x000025a8] [debug] -->[C3] DL_GetCount #./api/api.cpp (line:2587)
[0000007] [14:29:20:135372] [Tid0x000025a8] [debug] <--[C3] DL_GetCount
[0000008] [14:29:20:135372] [Tid0x000025a8] [debug] -->[C4] DL_Rom_GetInfoAll #./api/api.cpp (line:2752)
[0000009] [14:29:20:135372] [Tid0x000025a8] [debug] <--[C4] DL_Rom_GetInfoAll
[0000010] [14:29:20:135372] [Tid0x000025a8] [debug] -->[C5] DL_GetScatterInfo #./api/api.cpp (line:2688)
[0000011] [14:29:20:136372] [Tid0x000025a8] [debug] <--[C5] DL_GetScatterInfo
[0000012] [14:29:20:137372] [Tid0x000025a8] [debug] -->[C6] DL_GetCount #./api/api.cpp (line:2587)
[0000013] [14:29:20:137372] [Tid0x000025a8] [debug] <--[C6] DL_GetCount
[0000014] [14:29:20:137372] [Tid0x000025a8] [debug] -->[C7] DL_Rom_GetInfoAll #./api/api.cpp (line:2752)
[0000015] [14:29:20:137372] [Tid0x000025a8] [debug] <--[C7] DL_Rom_GetInfoAll
[0000016] [14:29:20:137372] [Tid0x000025a8] [debug] -->[C8] DL_Rom_SetEnableAttr #./api/api.cpp (line:2806)
[0000017] [14:29:20:137372] [Tid0x000025a8] [debug] <--[C8] DL_Rom_SetEnableAttr
[0000018] [14:29:20:137372] [Tid0x000025a8] [debug] -->[C9] DL_GetCount #./api/api.cpp (line:2587)
[0000019] [14:29:20:137372] [Tid0x000025a8] [debug] <--[C9] DL_GetCount
[0000020] [14:29:20:137372] [Tid0x000025a8] [debug] -->[C10] DL_Rom_GetInfoAll #./api/api.cpp (line:2752)
[0000021] [14:29:20:137372] [Tid0x000025a8] [debug] <--[C10] DL_Rom_GetInfoAll
[0000022] [14:29:20:138372] [Tid0x000025a8] [debug] -->[C11] DL_Rom_SetEnableAttr #./api/api.cpp (line:2806)
[0000023] [14:29:20:138372] [Tid0x000025a8] [debug] <--[C11] DL_Rom_SetEnableAttr
[0000024] [14:29:20:138372] [Tid0x000025a8] [debug] -->[C12] DL_GetCount #./api/api.cpp (line:2587)
[0000025] [14:29:20:138372] [Tid0x000025a8] [debug] <--[C12] DL_GetCount
[0000026] [14:29:20:138372] [Tid0x000025a8] [debug] -->[C13] DL_Rom_GetInfoAll #./api/api.cpp (line:2752)
[0000027] [14:29:20:139372] [Tid0x000025a8] [debug] <--[C13] DL_Rom_GetInfoAll
[0000028] [14:29:20:139372] [Tid0x000025a8] [debug] -->[C14] DL_Rom_SetEnableAttr #./api/api.cpp (line:2806)
[0000029] [14:29:20:139372] [Tid0x000025a8] [debug] <--[C14] DL_Rom_SetEnableAttr
[0000030] [14:29:20:140372] [Tid0x000025a8] [debug] -->[C15] DL_GetCount #./api/api.cpp (line:2587)
[0000031] [14:29:20:140372] [Tid0x000025a8] [debug] <--[C15] DL_GetCount
[0000032] [14:29:20:140372] [Tid0x000025a8] [debug] -->[C16] DL_Rom_GetInfoAll #./api/api.cpp (line:2752)
[0000033] [14:29:20:140372] [Tid0x000025a8] [debug] <--[C16] DL_Rom_GetInfoAll
[0000034] [14:29:20:140372] [Tid0x000025a8] [debug] -->[C17] DL_Rom_SetEnableAttr #./api/api.cpp (line:2806)
[0000035] [14:29:20:140372] [Tid0x000025a8] [debug] <--[C17] DL_Rom_SetEnableAttr
[0000036] [14:29:20:140372] [Tid0x000025a8] [debug] -->[C18] DL_GetCount #./api/api.cpp (line:2587)
[0000037] [14:29:20:140372] [Tid0x000025a8] [debug] <--[C18] DL_GetCount
[0000038] [14:29:20:140372] [Tid0x000025a8] [debug] -->[C19] DL_Rom_GetInfoAll #./api/api.cpp (line:2752)
[0000039] [14:29:20:140372] [Tid0x000025a8] [debug] <--[C19] DL_Rom_GetInfoAll
[0000040] [14:29:20:141372] [Tid0x000025a8] [debug] -->[C20] DL_Rom_SetEnableAttr #./api/api.cpp (line:2806)
[0000041] [14:29:20:141372] [Tid0x000025a8] [debug] <--[C20] DL_Rom_SetEnableAttr
[0000042] [14:29:20:141372] [Tid0x000025a8] [debug] -->[C21] DL_GetCount #./api/api.cpp (line:2587)
[0000043] [14:29:20:141372] [Tid0x000025a8] [debug] <--[C21] DL_GetCount
[0000044] [14:29:20:141372] [Tid0x000025a8] [debug] -->[C22] DL_Rom_GetInfoAll #./api/api.cpp (line:2752)
[0000045] [14:29:20:141372] [Tid0x000025a8] [debug] <--[C22] DL_Rom_GetInfoAll
[0000046] [14:29:20:142372] [Tid0x000025a8] [debug] -->[C23] DL_Rom_SetEnableAttr #./api/api.cpp (line:2806)
[0000047] [14:29:20:142372] [Tid0x000025a8] [debug] <--[C23] DL_Rom_SetEnableAttr
[0000048] [14:29:20:142372] [Tid0x000025a8] [debug] -->[C24] DL_SetChecksumLevel #./api/api.cpp (line:2516)
[0000049] [14:29:20:142372] [Tid0x000025a8] [debug] <--[C24] DL_SetChecksumLevel
[0000050] [14:29:44:765372] [Tid0x00002128] [debug] -->[C25] DL_LoadScatter #./api/api.cpp (line:2474)
[0000051] [14:29:44:798372] [Tid0x00002128] [debug] used lib version: 1
[0000052] [14:29:44:798372] [Tid0x00002128] [debug] <--[C25] DL_LoadScatter
[0000053] [14:29:44:798372] [Tid0x00002128] [debug] -->[C26] DL_AutoLoadRomImages #./api/api.cpp (line:2667)
[0000054] [14:29:45:367372] [Tid0x00002128] [debug] <--[C26] DL_AutoLoadRomImages
[0000055] [14:29:45:387372] [Tid0x000025a8] [debug] -->[C27] DL_GetCount #./api/api.cpp (line:2587)
[0000056] [14:29:45:387372] [Tid0x000025a8] [debug] <--[C27] DL_GetCount
[0000057] [14:29:45:387372] [Tid0x000025a8] [debug] -->[C28] DL_Rom_GetInfoAll #./api/api.cpp (line:2752)
[0000058] [14:29:45:387372] [Tid0x000025a8] [debug] <--[C28] DL_Rom_GetInfoAll
[0000059] [14:29:45:390372] [Tid0x000025a8] [debug] -->[C29] DL_GetScatterInfo #./api/api.cpp (line:2688)
[0000060] [14:29:45:390372] [Tid0x000025a8] [debug] <--[C29] DL_GetScatterInfo
[0000061] [14:29:45:391372] [Tid0x000025a8] [debug] -->[C30] DL_GetCount #./api/api.cpp (line:2587)
[0000062] [14:29:45:391372] [Tid0x000025a8] [debug] <--[C30] DL_GetCount
[0000063] [14:29:45:391372] [Tid0x000025a8] [debug] -->[C31] DL_Rom_GetInfoAll #./api/api.cpp (line:2752)
[0000064] [14:29:45:391372] [Tid0x000025a8] [debug] <--[C31] DL_Rom_GetInfoAll
[0000065] [14:29:45:394372] [Tid0x000025a8] [debug] -->[C32] DL_Rom_SetEnableAttr #./api/api.cpp (line:2806)
[0000066] [14:29:45:394372] [Tid0x000025a8] [debug] <--[C32] DL_Rom_SetEnableAttr
[0000067] [14:29:45:395372] [Tid0x000025a8] [debug] -->[C33] DL_GetCount #./api/api.cpp (line:2587)
[0000068] [14:29:45:395372] [Tid0x000025a8] [debug] <--[C33] DL_GetCount
[0000069] [14:29:45:396372] [Tid0x000025a8] [debug] -->[C34] DL_Rom_GetInfoAll #./api/api.cpp (line:2752)
[0000070] [14:29:45:396372] [Tid0x000025a8] [debug] <--[C34] DL_Rom_GetInfoAll
[0000071] [14:29:45:398372] [Tid0x000025a8] [debug] -->[C35] DL_Rom_SetEnableAttr #./api/api.cpp (line:2806)
[0000072] [14:29:45:398372] [Tid0x000025a8] [debug] <--[C35] DL_Rom_SetEnableAttr
[0000073] [14:29:45:399372] [Tid0x000025a8] [debug] -->[C36] DL_GetCount #./api/api.cpp (line:2587)
[0000074] [14:29:45:399372] [Tid0x000025a8] [debug] <--[C36] DL_GetCount
[0000075] [14:29:45:399372] [Tid0x000025a8] [debug] -->[C37] DL_Rom_GetInfoAll #./api/api.cpp (line:2752)
[0000076] [14:29:45:400372] [Tid0x000025a8] [debug] <--[C37] DL_Rom_GetInfoAll
[0000077] [14:29:45:402372] [Tid0x000025a8] [debug] -->[C38] DL_Rom_SetEnableAttr #./api/api.cpp (line:2806)
[0000078] [14:29:45:402372] [Tid0x000025a8] [debug] <--[C38] DL_Rom_SetEnableAttr
[0000079] [14:29:45:402372] [Tid0x000025a8] [debug] -->[C39] DL_GetCount #./api/api.cpp (line:2587)
[0000080] [14:29:45:402372] [Tid0x000025a8] [debug] <--[C39] DL_GetCount
[0000081] [14:29:45:402372] [Tid0x000025a8] [debug] -->[C40] DL_Rom_GetInfoAll #./api/api.cpp (line:2752)
[0000082] [14:29:45:402372] [Tid0x000025a8] [debug] <--[C40] DL_Rom_GetInfoAll
[0000083] [14:29:45:405372] [Tid0x000025a8] [debug] -->[C41] DL_Rom_SetEnableAttr #./api/api.cpp (line:2806)
[0000084] [14:29:45:405372] [Tid0x000025a8] [debug] <--[C41] DL_Rom_SetEnableAttr
[0000085] [14:29:45:406372] [Tid0x000025a8] [debug] -->[C42] DL_GetCount #./api/api.cpp (line:2587)
[0000086] [14:29:45:407372] [Tid0x000025a8] [debug] <--[C42] DL_GetCount
[0000087] [14:29:45:407372] [Tid0x000025a8] [debug] -->[C43] DL_Rom_GetInfoAll #./api/api.cpp (line:2752)
[0000088] [14:29:45:407372] [Tid0x000025a8] [debug] <--[C43] DL_Rom_GetInfoAll
[0000089] [14:29:45:409372] [Tid0x000025a8] [debug] -->[C44] DL_Rom_SetEnableAttr #./api/api.cpp (line:2806)
[0000090] [14:29:45:409372] [Tid0x000025a8] [debug] <--[C44] DL_Rom_SetEnableAttr
[0000091] [14:29:45:410372] [Tid0x000025a8] [debug] -->[C45] DL_GetCount #./api/api.cpp (line:2587)
[0000092] [14:29:45:410372] [Tid0x000025a8] [debug] <--[C45] DL_GetCount
[0000093] [14:29:45:410372] [Tid0x000025a8] [debug] -->[C46] DL_Rom_GetInfoAll #./api/api.cpp (line:2752)
[0000094] [14:29:45:411372] [Tid0x000025a8] [debug] <--[C46] DL_Rom_GetInfoAll
[0000095] [14:29:45:413372] [Tid0x000025a8] [debug] -->[C47] DL_Rom_SetEnableAttr #./api/api.cpp (line:2806)
[0000096] [14:29:45:413372] [Tid0x000025a8] [debug] <--[C47] DL_Rom_SetEnableAttr
[0000097] [14:29:45:413372] [Tid0x000025a8] [debug] -->[C48] DL_GetCount #./api/api.cpp (line:2587)
[0000098] [14:29:45:413372] [Tid0x000025a8] [debug] <--[C48] DL_GetCount
[0000099] [14:29:45:413372] [Tid0x000025a8] [debug] -->[C49] DL_Rom_GetInfoAll #./api/api.cpp (line:2752)
[0000100] [14:29:45:413372] [Tid0x000025a8] [debug] <--[C49] DL_Rom_GetInfoAll
[0000101] [14:29:45:415372] [Tid0x000025a8] [debug] -->[C50] DL_Rom_SetEnableAttr #./api/api.cpp (line:2806)
[0000102] [14:29:45:415372] [Tid0x000025a8] [debug] <--[C50] DL_Rom_SetEnableAttr
[0000103] [14:29:45:416372] [Tid0x000025a8] [debug] -->[C51] DL_GetCount #./api/api.cpp (line:2587)
[0000104] [14:29:45:416372] [Tid0x000025a8] [debug] <--[C51] DL_GetCount
[0000105] [14:29:45:416372] [Tid0x000025a8] [debug] -->[C52] DL_Rom_GetInfoAll #./api/api.cpp (line:2752)
[0000106] [14:29:45:416372] [Tid0x000025a8] [debug] <--[C52] DL_Rom_GetInfoAll
[0000107] [14:29:45:418372] [Tid0x000025a8] [debug] -->[C53] DL_Rom_SetEnableAttr #./api/api.cpp (line:2806)
[0000108] [14:29:45:418372] [Tid0x000025a8] [debug] <--[C53] DL_Rom_SetEnableAttr
[0000109] [14:29:45:420372] [Tid0x000025a8] [debug] -->[C54] DL_GetCount #./api/api.cpp (line:2587)
[0000110] [14:29:45:420372] [Tid0x000025a8] [debug] <--[C54] DL_GetCount
[0000111] [14:29:45:420372] [Tid0x000025a8] [debug] -->[C55] DL_Rom_GetInfoAll #./api/api.cpp (line:2752)
[0000112] [14:29:45:420372] [Tid0x000025a8] [debug] <--[C55] DL_Rom_GetInfoAll
[0000113] [14:29:45:422372] [Tid0x000025a8] [debug] -->[C56] DL_Rom_SetEnableAttr #./api/api.cpp (line:2806)
[0000114] [14:29:45:422372] [Tid0x000025a8] [debug] <--[C56] DL_Rom_SetEnableAttr
[0000115] [14:29:45:424372] [Tid0x000025a8] [debug] -->[C57] DL_GetCount #./api/api.cpp (line:2587)
[0000116] [14:29:45:424372] [Tid0x000025a8] [debug] <--[C57] DL_GetCount
[0000117] [14:29:45:424372] [Tid0x000025a8] [debug] -->[C58] DL_Rom_GetInfoAll #./api/api.cpp (line:2752)
[0000118] [14:29:45:424372] [Tid0x000025a8] [debug] <--[C58] DL_Rom_GetInfoAll
[0000119] [14:29:45:426372] [Tid0x000025a8] [debug] -->[C59] DL_Rom_SetEnableAttr #./api/api.cpp (line:2806)
[0000120] [14:29:45:426372] [Tid0x000025a8] [debug] <--[C59] DL_Rom_SetEnableAttr
[0000121] [14:29:45:426372] [Tid0x000025a8] [debug] -->[C60] DL_GetCount #./api/api.cpp (line:2587)
[0000122] [14:29:45:427372] [Tid0x000025a8] [debug] <--[C60] DL_GetCount
[0000123] [14:29:45:427372] [Tid0x000025a8] [debug] -->[C61] DL_Rom_GetInfoAll #./api/api.cpp (line:2752)
[0000124] [14:29:45:427372] [Tid0x000025a8] [debug] <--[C61] DL_Rom_GetInfoAll
[0000125] [14:29:45:427372] [Tid0x000025a8] [debug] -->[C62] DL_Rom_SetEnableAttr #./api/api.cpp (line:2806)
[0000126] [14:29:45:427372] [Tid0x000025a8] [debug] <--[C62] DL_Rom_SetEnableAttr
[0000127] [14:29:45:428372] [Tid0x000025a8] [debug] -->[C63] DL_GetCount #./api/api.cpp (line:2587)
[0000128] [14:29:45:428372] [Tid0x000025a8] [debug] <--[C63] DL_GetCount
[0000129] [14:29:45:428372] [Tid0x000025a8] [debug] -->[C64] DL_Rom_GetInfoAll #./api/api.cpp (line:2752)
[0000130] [14:29:45:428372] [Tid0x000025a8] [debug] <--[C64] DL_Rom_GetInfoAll
[0000131] [14:29:45:429372] [Tid0x000025a8] [debug] -->[C65] DL_Rom_SetEnableAttr #./api/api.cpp (line:2806)
[0000132] [14:29:45:429372] [Tid0x000025a8] [debug] <--[C65] DL_Rom_SetEnableAttr
[0000133] [14:29:45:429372] [Tid0x000025a8] [debug] -->[C66] DL_GetCount #./api/api.cpp (line:2587)
[0000134] [14:29:45:429372] [Tid0x000025a8] [debug] <--[C66] DL_GetCount
[0000135] [14:29:45:429372] [Tid0x000025a8] [debug] -->[C67] DL_Rom_GetInfoAll #./api/api.cpp (line:2752)
[0000136] [14:29:45:430372] [Tid0x000025a8] [debug] <--[C67] DL_Rom_GetInfoAll
[0000137] [14:29:45:430372] [Tid0x000025a8] [debug] -->[C68] DL_Rom_SetEnableAttr #./api/api.cpp (line:2806)
[0000138] [14:29:45:430372] [Tid0x000025a8] [debug] <--[C68] DL_Rom_SetEnableAttr
[0000139] [14:29:45:430372] [Tid0x000025a8] [debug] -->[C69] DL_GetCount #./api/api.cpp (line:2587)
[0000140] [14:29:45:430372] [Tid0x000025a8] [debug] <--[C69] DL_GetCount
[0000141] [14:29:45:430372] [Tid0x000025a8] [debug] -->[C70] DL_Rom_GetInfoAll #./api/api.cpp (line:2752)
[0000142] [14:29:45:430372] [Tid0x000025a8] [debug] <--[C70] DL_Rom_GetInfoAll
[0000143] [14:29:45:431372] [Tid0x000025a8] [debug] -->[C71] DL_Rom_SetEnableAttr #./api/api.cpp (line:2806)
[0000144] [14:29:45:431372] [Tid0x000025a8] [debug] <--[C71] DL_Rom_SetEnableAttr
[0000145] [14:29:45:432372] [Tid0x000025a8] [debug] -->[C72] DL_GetCount #./api/api.cpp (line:2587)
[0000146] [14:29:45:432372] [Tid0x000025a8] [debug] <--[C72] DL_GetCount
[0000147] [14:29:45:432372] [Tid0x000025a8] [debug] -->[C73] DL_Rom_GetInfoAll #./api/api.cpp (line:2752)
[0000148] [14:29:45:432372] [Tid0x000025a8] [debug] <--[C73] DL_Rom_GetInfoAll
[0000149] [14:29:45:433372] [Tid0x000025a8] [debug] -->[C74] DL_Rom_SetEnableAttr #./api/api.cpp (line:2806)
[0000150] [14:29:45:433372] [Tid0x000025a8] [debug] <--[C74] DL_Rom_SetEnableAttr
[0000151] [14:29:45:433372] [Tid0x000025a8] [debug] -->[C75] DL_GetCount #./api/api.cpp (line:2587)
[0000152] [14:29:45:433372] [Tid0x000025a8] [debug] <--[C75] DL_GetCount
[0000153] [14:29:45:433372] [Tid0x000025a8] [debug] -->[C76] DL_Rom_GetInfoAll #./api/api.cpp (line:2752)
[0000154] [14:29:45:434372] [Tid0x000025a8] [debug] <--[C76] DL_Rom_GetInfoAll
[0000155] [14:29:45:435372] [Tid0x000025a8] [debug] -->[C77] DL_Rom_SetEnableAttr #./api/api.cpp (line:2806)
[0000156] [14:29:45:435372] [Tid0x000025a8] [debug] <--[C77] DL_Rom_SetEnableAttr
[0000157] [14:29:45:435372] [Tid0x000025a8] [debug] -->[C78] DL_GetCount #./api/api.cpp (line:2587)
[0000158] [14:29:45:435372] [Tid0x000025a8] [debug] <--[C78] DL_GetCount
[0000159] [14:29:45:435372] [Tid0x000025a8] [debug] -->[C79] DL_Rom_GetInfoAll #./api/api.cpp (line:2752)
[0000160] [14:29:45:435372] [Tid0x000025a8] [debug] <--[C79] DL_Rom_GetInfoAll
[0000161] [14:29:45:435372] [Tid0x000025a8] [debug] -->[C80] DL_Rom_SetEnableAttr #./api/api.cpp (line:2806)
[0000162] [14:29:45:435372] [Tid0x000025a8] [debug] <--[C80] DL_Rom_SetEnableAttr
[0000163] [14:29:45:436372] [Tid0x000025a8] [debug] -->[C81] DL_GetCount #./api/api.cpp (line:2587)
[0000164] [14:29:45:436372] [Tid0x000025a8] [debug] <--[C81] DL_GetCount
[0000165] [14:29:45:436372] [Tid0x000025a8] [debug] -->[C82] DL_Rom_GetInfoAll #./api/api.cpp (line:2752)
[0000166] [14:29:45:436372] [Tid0x000025a8] [debug] <--[C82] DL_Rom_GetInfoAll
[0000167] [14:29:45:437372] [Tid0x000025a8] [debug] -->[C83] DL_Rom_SetEnableAttr #./api/api.cpp (line:2806)
[0000168] [14:29:45:437372] [Tid0x000025a8] [debug] <--[C83] DL_Rom_SetEnableAttr
[0000169] [14:29:45:438372] [Tid0x000025a8] [debug] -->[C84] DL_GetCount #./api/api.cpp (line:2587)
[0000170] [14:29:45:438372] [Tid0x000025a8] [debug] <--[C84] DL_GetCount
[0000171] [14:29:45:438372] [Tid0x000025a8] [debug] -->[C85] DL_Rom_GetInfoAll #./api/api.cpp (line:2752)
[0000172] [14:29:45:438372] [Tid0x000025a8] [debug] <--[C85] DL_Rom_GetInfoAll
[0000173] [14:29:45:438372] [Tid0x000025a8] [debug] -->[C86] DL_Rom_SetEnableAttr #./api/api.cpp (line:2806)
[0000174] [14:29:45:439372] [Tid0x000025a8] [debug] <--[C86] DL_Rom_SetEnableAttr
[0000175] [14:29:45:439372] [Tid0x000025a8] [debug] -->[C87] DL_GetCount #./api/api.cpp (line:2587)
[0000176] [14:29:45:439372] [Tid0x000025a8] [debug] <--[C87] DL_GetCount
[0000177] [14:29:45:439372] [Tid0x000025a8] [debug] -->[C88] DL_Rom_GetInfoAll #./api/api.cpp (line:2752)
[0000178] [14:29:45:439372] [Tid0x000025a8] [debug] <--[C88] DL_Rom_GetInfoAll
[0000179] [14:29:45:439372] [Tid0x000025a8] [debug] -->[C89] DL_Rom_SetEnableAttr #./api/api.cpp (line:2806)
[0000180] [14:29:45:439372] [Tid0x000025a8] [debug] <--[C89] DL_Rom_SetEnableAttr
[0000181] [14:29:45:440372] [Tid0x000025a8] [debug] -->[C90] DL_GetCount #./api/api.cpp (line:2587)
[0000182] [14:29:45:440372] [Tid0x000025a8] [debug] <--[C90] DL_GetCount
[0000183] [14:29:45:440372] [Tid0x000025a8] [debug] -->[C91] DL_Rom_GetInfoAll #./api/api.cpp (line:2752)
[0000184] [14:29:45:440372] [Tid0x000025a8] [debug] <--[C91] DL_Rom_GetInfoAll
[0000185] [14:29:45:441372] [Tid0x000025a8] [debug] -->[C92] DL_Rom_SetEnableAttr #./api/api.cpp (line:2806)
[0000186] [14:29:45:441372] [Tid0x000025a8] [debug] <--[C92] DL_Rom_SetEnableAttr
[0000187] [14:29:45:442372] [Tid0x000025a8] [debug] -->[C93] DL_GetCount #./api/api.cpp (line:2587)
[0000188] [14:29:45:442372] [Tid0x000025a8] [debug] <--[C93] DL_GetCount
[0000189] [14:29:45:442372] [Tid0x000025a8] [debug] -->[C94] DL_Rom_GetInfoAll #./api/api.cpp (line:2752)
[0000190] [14:29:45:442372] [Tid0x000025a8] [debug] <--[C94] DL_Rom_GetInfoAll
[0000191] [14:29:45:443372] [Tid0x000025a8] [debug] -->[C95] DL_Rom_SetEnableAttr #./api/api.cpp (line:2806)
[0000192] [14:29:45:443372] [Tid0x000025a8] [debug] <--[C95] DL_Rom_SetEnableAttr
[0000193] [14:29:45:443372] [Tid0x000025a8] [debug] -->[C96] DL_GetCount #./api/api.cpp (line:2587)
[0000194] [14:29:45:443372] [Tid0x000025a8] [debug] <--[C96] DL_GetCount
[0000195] [14:29:45:443372] [Tid0x000025a8] [debug] -->[C97] DL_Rom_GetInfoAll #./api/api.cpp (line:2752)
[0000196] [14:29:45:443372] [Tid0x000025a8] [debug] <--[C97] DL_Rom_GetInfoAll
[0000197] [14:29:45:444372] [Tid0x000025a8] [debug] -->[C98] DL_Rom_SetEnableAttr #./api/api.cpp (line:2806)
[0000198] [14:29:45:444372] [Tid0x000025a8] [debug] <--[C98] DL_Rom_SetEnableAttr
[0000199] [14:29:45:445372] [Tid0x000025a8] [debug] -->[C99] DL_GetCount #./api/api.cpp (line:2587)
[0000200] [14:29:45:445372] [Tid0x000025a8] [debug] <--[C99] DL_GetCount
[0000201] [14:29:45:445372] [Tid0x000025a8] [debug] -->[C100] DL_Rom_GetInfoAll #./api/api.cpp (line:2752)
[0000202] [14:29:45:445372] [Tid0x000025a8] [debug] <--[C100] DL_Rom_GetInfoAll
[0000203] [14:29:45:446372] [Tid0x000025a8] [debug] -->[C101] DL_Rom_SetEnableAttr #./api/api.cpp (line:2806)
[0000204] [14:29:45:446372] [Tid0x000025a8] [debug] <--[C101] DL_Rom_SetEnableAttr
[0000205] [14:29:45:447372] [Tid0x000025a8] [debug] -->[C102] DL_GetCount #./api/api.cpp (line:2587)
[0000206] [14:29:45:447372] [Tid0x000025a8] [debug] <--[C102] DL_GetCount
[0000207] [14:29:45:447372] [Tid0x000025a8] [debug] -->[C103] DL_Rom_GetInfoAll #./api/api.cpp (line:2752)
[0000208] [14:29:45:447372] [Tid0x000025a8] [debug] <--[C103] DL_Rom_GetInfoAll
[0000209] [14:29:45:448372] [Tid0x000025a8] [debug] -->[C104] DL_Rom_SetEnableAttr #./api/api.cpp (line:2806)
[0000210] [14:29:45:448372] [Tid0x000025a8] [debug] <--[C104] DL_Rom_SetEnableAttr
[0000211] [14:29:45:448372] [Tid0x000025a8] [debug] -->[C105] DL_GetCount #./api/api.cpp (line:2587)
[0000212] [14:29:45:448372] [Tid0x000025a8] [debug] <--[C105] DL_GetCount
[0000213] [14:29:45:448372] [Tid0x000025a8] [debug] -->[C106] DL_Rom_GetInfoAll #./api/api.cpp (line:2752)
[0000214] [14:29:45:448372] [Tid0x000025a8] [debug] <--[C106] DL_Rom_GetInfoAll
[0000215] [14:29:45:449372] [Tid0x000025a8] [debug] -->[C107] DL_Rom_SetEnableAttr #./api/api.cpp (line:2806)
[0000216] [14:29:45:449372] [Tid0x000025a8] [debug] <--[C107] DL_Rom_SetEnableAttr
[0000217] [14:29:45:450372] [Tid0x000025a8] [debug] -->[C108] DL_GetCount #./api/api.cpp (line:2587)
[0000218] [14:29:45:450372] [Tid0x000025a8] [debug] <--[C108] DL_GetCount
[0000219] [14:29:45:450372] [Tid0x000025a8] [debug] -->[C109] DL_Rom_GetInfoAll #./api/api.cpp (line:2752)
[0000220] [14:29:45:450372] [Tid0x000025a8] [debug] <--[C109] DL_Rom_GetInfoAll
[0000221] [14:29:45:451372] [Tid0x000025a8] [debug] -->[C110] DL_Rom_SetEnableAttr #./api/api.cpp (line:2806)
[0000222] [14:29:45:451372] [Tid0x000025a8] [debug] <--[C110] DL_Rom_SetEnableAttr
[0000223] [14:29:45:451372] [Tid0x000025a8] [debug] -->[C111] DL_GetCount #./api/api.cpp (line:2587)
[0000224] [14:29:45:451372] [Tid0x000025a8] [debug] <--[C111] DL_GetCount
[0000225] [14:29:45:451372] [Tid0x000025a8] [debug] -->[C112] DL_Rom_GetInfoAll #./api/api.cpp (line:2752)
[0000226] [14:29:45:452372] [Tid0x000025a8] [debug] <--[C112] DL_Rom_GetInfoAll
[0000227] [14:29:45:452372] [Tid0x000025a8] [debug] -->[C113] DL_Rom_SetEnableAttr #./api/api.cpp (line:2806)
[0000228] [14:29:45:452372] [Tid0x000025a8] [debug] <--[C113] DL_Rom_SetEnableAttr
[0000229] [14:29:45:452372] [Tid0x000025a8] [debug] -->[C114] DL_GetCount #./api/api.cpp (line:2587)
[0000230] [14:29:45:452372] [Tid0x000025a8] [debug] <--[C114] DL_GetCount
[0000231] [14:29:45:452372] [Tid0x000025a8] [debug] -->[C115] DL_Rom_GetInfoAll #./api/api.cpp (line:2752)
[0000232] [14:29:45:452372] [Tid0x000025a8] [debug] <--[C115] DL_Rom_GetInfoAll
[0000233] [14:29:45:453372] [Tid0x000025a8] [debug] -->[C116] DL_Rom_SetEnableAttr #./api/api.cpp (line:2806)
[0000234] [14:29:45:453372] [Tid0x000025a8] [debug] <--[C116] DL_Rom_SetEnableAttr
[0000235] [14:29:45:454372] [Tid0x000025a8] [debug] -->[C117] DL_GetCount #./api/api.cpp (line:2587)
[0000236] [14:29:45:454372] [Tid0x000025a8] [debug] <--[C117] DL_GetCount
[0000237] [14:29:45:454372] [Tid0x000025a8] [debug] -->[C118] DL_Rom_GetInfoAll #./api/api.cpp (line:2752)
[0000238] [14:29:45:454372] [Tid0x000025a8] [debug] <--[C118] DL_Rom_GetInfoAll
[0000239] [14:29:45:455372] [Tid0x000025a8] [debug] -->[C119] DL_Rom_SetEnableAttr #./api/api.cpp (line:2806)
[0000240] [14:29:45:455372] [Tid0x000025a8] [debug] <--[C119] DL_Rom_SetEnableAttr
[0000241] [14:29:45:455372] [Tid0x000025a8] [debug] -->[C120] DL_GetCount #./api/api.cpp (line:2587)
[0000242] [14:29:45:455372] [Tid0x000025a8] [debug] <--[C120] DL_GetCount
[0000243] [14:29:45:455372] [Tid0x000025a8] [debug] -->[C121] DL_Rom_GetInfoAll #./api/api.cpp (line:2752)
[0000244] [14:29:45:455372] [Tid0x000025a8] [debug] <--[C121] DL_Rom_GetInfoAll
[0000245] [14:29:45:456372] [Tid0x000025a8] [debug] -->[C122] DL_Rom_SetEnableAttr #./api/api.cpp (line:2806)
[0000246] [14:29:45:456372] [Tid0x000025a8] [debug] <--[C122] DL_Rom_SetEnableAttr
[0000247] [14:29:45:456372] [Tid0x000025a8] [debug] -->[C123] DL_GetCount #./api/api.cpp (line:2587)
[0000248] [14:29:45:456372] [Tid0x000025a8] [debug] <--[C123] DL_GetCount
[0000249] [14:29:45:456372] [Tid0x000025a8] [debug] -->[C124] DL_Rom_GetInfoAll #./api/api.cpp (line:2752)
[0000250] [14:29:45:456372] [Tid0x000025a8] [debug] <--[C124] DL_Rom_GetInfoAll
[0000251] [14:29:45:457372] [Tid0x000025a8] [debug] -->[C125] DL_Rom_SetEnableAttr #./api/api.cpp (line:2806)
[0000252] [14:29:45:457372] [Tid0x000025a8] [debug] <--[C125] DL_Rom_SetEnableAttr
[0000253] [14:29:45:458372] [Tid0x000025a8] [debug] -->[C126] DL_GetCount #./api/api.cpp (line:2587)
[0000254] [14:29:45:458372] [Tid0x000025a8] [debug] <--[C126] DL_GetCount
[0000255] [14:29:45:458372] [Tid0x000025a8] [debug] -->[C127] DL_Rom_GetInfoAll #./api/api.cpp (line:2752)
[0000256] [14:29:45:458372] [Tid0x000025a8] [debug] <--[C127] DL_Rom_GetInfoAll
[0000257] [14:29:45:459372] [Tid0x000025a8] [debug] -->[C128] DL_Rom_SetEnableAttr #./api/api.cpp (line:2806)
[0000258] [14:29:45:459372] [Tid0x000025a8] [debug] <--[C128] DL_Rom_SetEnableAttr
[0000259] [14:29:45:459372] [Tid0x000025a8] [debug] -->[C129] DL_GetCount #./api/api.cpp (line:2587)
[0000260] [14:29:45:459372] [Tid0x000025a8] [debug] <--[C129] DL_GetCount
[0000261] [14:29:45:459372] [Tid0x000025a8] [debug] -->[C130] DL_Rom_GetInfoAll #./api/api.cpp (line:2752)
[0000262] [14:29:45:459372] [Tid0x000025a8] [debug] <--[C130] DL_Rom_GetInfoAll
[0000263] [14:29:45:460372] [Tid0x000025a8] [debug] -->[C131] DL_Rom_SetEnableAttr #./api/api.cpp (line:2806)
[0000264] [14:29:45:460372] [Tid0x000025a8] [debug] <--[C131] DL_Rom_SetEnableAttr
[0000265] [14:29:45:460372] [Tid0x000025a8] [debug] -->[C132] DL_GetCount #./api/api.cpp (line:2587)
[0000266] [14:29:45:460372] [Tid0x000025a8] [debug] <--[C132] DL_GetCount
[0000267] [14:29:45:460372] [Tid0x000025a8] [debug] -->[C133] DL_Rom_GetInfoAll #./api/api.cpp (line:2752)
[0000268] [14:29:45:460372] [Tid0x000025a8] [debug] <--[C133] DL_Rom_GetInfoAll
[0000269] [14:29:45:461372] [Tid0x000025a8] [debug] -->[C134] DL_Rom_SetEnableAttr #./api/api.cpp (line:2806)
[0000270] [14:29:45:461372] [Tid0x000025a8] [debug] <--[C134] DL_Rom_SetEnableAttr
[0000271] [14:29:45:461372] [Tid0x000025a8] [debug] -->[C135] DL_GetCount #./api/api.cpp (line:2587)
[0000272] [14:29:45:461372] [Tid0x000025a8] [debug] <--[C135] DL_GetCount
[0000273] [14:29:45:462372] [Tid0x000025a8] [debug] -->[C136] DL_Rom_GetInfoAll #./api/api.cpp (line:2752)
[0000274] [14:29:45:462372] [Tid0x000025a8] [debug] <--[C136] DL_Rom_GetInfoAll
[0000275] [14:29:45:463372] [Tid0x000025a8] [debug] -->[C137] DL_Rom_SetEnableAttr #./api/api.cpp (line:2806)
[0000276] [14:29:45:463372] [Tid0x000025a8] [debug] <--[C137] DL_Rom_SetEnableAttr
[0000277] [14:29:45:464372] [Tid0x000025a8] [debug] -->[C138] DL_SetChecksumLevel #./api/api.cpp (line:2516)
[0000278] [14:29:45:464372] [Tid0x000025a8] [debug] <--[C138] DL_SetChecksumLevel
[0000279] [14:29:47:545372] [Tid0x000025a8] [debug] -->[C139] DL_GetCount #./api/api.cpp (line:2587)
[0000280] [14:29:47:545372] [Tid0x000025a8] [debug] <--[C139] DL_GetCount
[0000281] [14:29:47:545372] [Tid0x000025a8] [debug] -->[C140] DL_Rom_GetInfoAll #./api/api.cpp (line:2752)
[0000282] [14:29:47:545372] [Tid0x000025a8] [debug] <--[C140] DL_Rom_GetInfoAll
[0000283] [14:29:47:547372] [Tid0x000025a8] [debug] -->[C141] DL_GetCount #./api/api.cpp (line:2587)
[0000284] [14:29:47:547372] [Tid0x000025a8] [debug] <--[C141] DL_GetCount
[0000285] [14:29:47:547372] [Tid0x000025a8] [debug] -->[C142] DL_Rom_GetInfoAll #./api/api.cpp (line:2752)
[0000286] [14:29:47:547372] [Tid0x000025a8] [debug] <--[C142] DL_Rom_GetInfoAll
[0000287] [14:29:57:639372] [Tid0x00002850] [debug] -->[C143] FlashTool_Connect_BROM_ByName #./api/api.cpp (line:1975)
[0000288] [14:29:57:640372] [Tid0x00002850] [debug] -->[C144] FlashTool_Connect_BROM_Ex #./api/api.cpp (line:1880)
[0000289] [14:29:57:640372] [Tid0x00002850] [debug] bCheckScatter: 1
[0000290] [14:29:57:640372] [Tid0x00002850] [debug] have load scatter already
[0000291] [14:29:57:640372] [Tid0x00002850] [debug] libversion 1
[0000292] [14:29:58:220372] [Tid0x00002850] [debug] <--[C144] FlashTool_Connect_BROM_Ex
[0000293] [14:29:58:220372] [Tid0x00002850] [debug] <--[C143] FlashTool_Connect_BROM_ByName
[0000294] [14:29:58:220372] [Tid0x00002850] [debug] -->[C145] FlashTool_GetBootResult #./api/api.cpp (line:1987)
[0000295] [14:29:58:220372] [Tid0x00002850] [debug] <--[C145] FlashTool_GetBootResult
[0000296] [14:29:58:220372] [Tid0x00002850] [debug] -->[C146] FlashTool_Connect_Download_DA #./api/api.cpp (line:2007)
[0000297] [14:29:58:220372] [Tid0x00002850] [debug] bCheckScatter: 1
[0000298] [14:30:00:337372] [Tid0x00002850] [debug] <--[C146] FlashTool_Connect_Download_DA
[0000299] [14:30:00:337372] [Tid0x00002850] [debug] -->[C147] FlashTool_CheckUSBStatus #./api/api.cpp (line:1154)
[0000300] [14:30:00:338372] [Tid0x00002850] [debug] <--[C147] FlashTool_CheckUSBStatus
[0000301] [14:30:00:338372] [Tid0x00002850] [debug] -->[C148] FlashTool_CheckUSBStatus #./api/api.cpp (line:1154)
[0000302] [14:30:00:339372] [Tid0x00002850] [debug] <--[C148] FlashTool_CheckUSBStatus
[0000303] [14:30:00:339372] [Tid0x00002850] [debug] -->[C149] FlashTool_GetReservedRomSize #./api/api.cpp (line:1677)
[0000304] [14:30:00:339372] [Tid0x00002850] [debug] <--[C149] FlashTool_GetReservedRomSize
[0000305] [14:30:00:339372] [Tid0x00002850] [debug] -->[C150] FlashTool_RomGetCount #./api/api.cpp (line:1702)
[0000306] [14:30:00:340372] [Tid0x00002850] [debug] <--[C150] FlashTool_RomGetCount
[0000307] [14:30:00:341372] [Tid0x00002850] [debug] -->[C151] FlashTool_RomGetInfoAll #./api/api.cpp (line:1726)
[0000308] [14:30:00:342372] [Tid0x00002850] [debug] <--[C151] FlashTool_RomGetInfoAll
[0000309] [14:30:00:342372] [Tid0x00002850] [debug] -->[C152] FlashTool_ReadPartitionCount #./api/api.cpp (line:1633)
[0000310] [14:30:00:376372] [Tid0x00002850] [debug] <--[C152] FlashTool_ReadPartitionCount
[0000311] [14:30:00:376372] [Tid0x00002850] [debug] -->[C153] FlashTool_ReadPartitionInfo #./api/api.cpp (line:1654)
[0000312] [14:30:00:376372] [Tid0x00002850] [debug] <--[C153] FlashTool_ReadPartitionInfo
[0000313] [14:30:00:377372] [Tid0x00002850] [debug] -->[C154] FlashTool_Download #./api/api.cpp (line:1300)
[0000314] [14:36:03:095372] [Tid0x00002850] [debug] <--[C154] FlashTool_Download
[0000315] [14:36:03:095372] [Tid0x00002850] [debug] -->[C155] DL_GetCount #./api/api.cpp (line:2587)
[0000316] [14:36:03:095372] [Tid0x00002850] [debug] <--[C155] DL_GetCount
[0000317] [14:36:03:095372] [Tid0x00002850] [debug] -->[C156] DL_Rom_GetInfoAll #./api/api.cpp (line:2752)
[0000318] [14:36:03:096372] [Tid0x00002850] [debug] <--[C156] DL_Rom_GetInfoAll
[0000319] [14:36:03:109372] [Tid0x00002850] [debug] -->[C157] FlashTool_Disconnect #./api/api.cpp (line:1033)
[0000320] [14:36:03:130372] [Tid0x00002850] [debug] <--[C157] FlashTool_Disconnect
[0000321] [14:36:15:010372] [Tid0x000025a8] [debug] -->[C158] DL_GetCount #./api/api.cpp (line:2587)
[0000322] [14:36:15:010372] [Tid0x000025a8] [debug] <--[C158] DL_GetCount
[0000323] [14:36:15:010372] [Tid0x000025a8] [debug] -->[C159] DL_Rom_GetInfoAll #./api/api.cpp (line:2752)
[0000324] [14:36:15:010372] [Tid0x000025a8] [debug] <--[C159] DL_Rom_GetInfoAll
[0000325] [14:36:15:013372] [Tid0x000025a8] [debug] -->[C160] DL_GetCount #./api/api.cpp (line:2587)
[0000326] [14:36:15:014372] [Tid0x000025a8] [debug] <--[C160] DL_GetCount
[0000327] [14:36:15:014372] [Tid0x000025a8] [debug] -->[C161] DL_Rom_GetInfoAll #./api/api.cpp (line:2752)
[0000328] [14:36:15:014372] [Tid0x000025a8] [debug] <--[C161] DL_Rom_GetInfoAll
[0000329] [14:37:00:458372] [Tid0x00002504] [debug] -->[C162] FlashTool_Connect_BROM_ByName #./api/api.cpp (line:1975)
[0000330] [14:37:00:458372] [Tid0x00002504] [debug] -->[C163] FlashTool_Connect_BROM_Ex #./api/api.cpp (line:1880)
[0000331] [14:37:00:458372] [Tid0x00002504] [debug] bCheckScatter: 1
[0000332] [14:37:00:458372] [Tid0x00002504] [debug] have load scatter already
[0000333] [14:37:00:458372] [Tid0x00002504] [debug] libversion 1
[0000334] [14:37:01:055372] [Tid0x00002504] [debug] <--[C163] FlashTool_Connect_BROM_Ex
[0000335] [14:37:01:055372] [Tid0x00002504] [debug] <--[C162] FlashTool_Connect_BROM_ByName
[0000336] [14:37:01:055372] [Tid0x00002504] [debug] -->[C164] FlashTool_GetBootResult #./api/api.cpp (line:1987)
[0000337] [14:37:01:055372] [Tid0x00002504] [debug] <--[C164] FlashTool_GetBootResult
[0000338] [14:37:01:055372] [Tid0x00002504] [debug] -->[C165] FlashTool_Connect_Download_DA #./api/api.cpp (line:2007)
[0000339] [14:37:01:055372] [Tid0x00002504] [debug] bCheckScatter: 1
[0000340] [14:37:03:121372] [Tid0x00002504] [debug] <--[C165] FlashTool_Connect_Download_DA
[0000341] [14:37:03:122372] [Tid0x00002504] [debug] -->[C166] FlashTool_CheckUSBStatus #./api/api.cpp (line:1154)
[0000342] [14:37:03:123372] [Tid0x00002504] [debug] <--[C166] FlashTool_CheckUSBStatus
[0000343] [14:37:03:123372] [Tid0x00002504] [debug] -->[C167] FlashTool_CheckUSBStatus #./api/api.cpp (line:1154)
[0000344] [14:37:03:124372] [Tid0x00002504] [debug] <--[C167] FlashTool_CheckUSBStatus
[0000345] [14:37:03:124372] [Tid0x00002504] [debug] -->[C168] FlashTool_GetReservedRomSize #./api/api.cpp (line:1677)
[0000346] [14:37:03:125372] [Tid0x00002504] [debug] <--[C168] FlashTool_GetReservedRomSize
[0000347] [14:37:03:125372] [Tid0x00002504] [debug] -->[C169] FlashTool_RomGetCount #./api/api.cpp (line:1702)
[0000348] [14:37:03:126372] [Tid0x00002504] [debug] <--[C169] FlashTool_RomGetCount
[0000349] [14:37:03:126372] [Tid0x00002504] [debug] -->[C170] FlashTool_RomGetInfoAll #./api/api.cpp (line:1726)
[0000350] [14:37:03:128372] [Tid0x00002504] [debug] <--[C170] FlashTool_RomGetInfoAll
[0000351] [14:37:03:128372] [Tid0x00002504] [debug] -->[C171] FlashTool_ReadPartitionCount #./api/api.cpp (line:1633)
[0000352] [14:37:03:163372] [Tid0x00002504] [debug] <--[C171] FlashTool_ReadPartitionCount
[0000353] [14:37:03:163372] [Tid0x00002504] [debug] -->[C172] FlashTool_ReadPartitionInfo #./api/api.cpp (line:1654)
[0000354] [14:37:03:163372] [Tid0x00002504] [debug] <--[C172] FlashTool_ReadPartitionInfo
[0000355] [14:37:03:163372] [Tid0x00002504] [debug] -->[C173] FlashTool_Download #./api/api.cpp (line:1300)
[0000356] [14:43:26:175372] [Tid0x00002504] [debug] <--[C173] FlashTool_Download
[0000357] [14:43:26:176372] [Tid0x00002504] [debug] -->[C174] DL_GetCount #./api/api.cpp (line:2587)
[0000358] [14:43:26:176372] [Tid0x00002504] [debug] <--[C174] DL_GetCount
[0000359] [14:43:26:176372] [Tid0x00002504] [debug] -->[C175] DL_Rom_GetInfoAll #./api/api.cpp (line:2752)
[0000360] [14:43:26:177372] [Tid0x00002504] [debug] <--[C175] DL_Rom_GetInfoAll
[0000361] [14:43:26:177372] [Tid0x00002504] [debug] -->[C176] FlashTool_Disconnect #./api/api.cpp (line:1033)
[0000362] [14:43:26:198372] [Tid0x00002504] [debug] <--[C176] FlashTool_Disconnect
[0000363] [14:44:41:537372] [Tid0x000025a8] [debug] -->[C177] DL_Rom_UnloadAll #./api/api.cpp (line:2795)
[0000364] [14:44:41:540372] [Tid0x000025a8] [debug] <--[C177] DL_Rom_UnloadAll
