[0000001] [09:03:38:844000] [Tid0x000029f4] [debug] -->[C1] DL_LoadScatter #./api/api.cpp (line:2474)
[0000002] [09:03:38:905000] [Tid0x000029f4] [debug] used lib version: 1
[0000003] [09:03:38:905000] [Tid0x000029f4] [debug] <--[C1] DL_LoadScatter
[0000004] [09:03:38:905000] [Tid0x000029f4] [debug] -->[C2] DL_AutoLoadRomImages #./api/api.cpp (line:2667)
[0000005] [09:03:39:626000] [Tid0x000029f4] [debug] <--[C2] DL_AutoLoadRomImages
[0000006] [09:03:39:942000] [Tid0x00000678] [debug] -->[C3] DL_GetCount #./api/api.cpp (line:2587)
[0000007] [09:03:39:942000] [Tid0x00000678] [debug] <--[C3] DL_GetCount
[0000008] [09:03:39:942000] [Tid0x00000678] [debug] -->[C4] DL_Rom_GetInfoAll #./api/api.cpp (line:2752)
[0000009] [09:03:39:942000] [Tid0x00000678] [debug] <--[C4] DL_Rom_GetInfoAll
[0000010] [09:03:39:944000] [Tid0x00000678] [debug] -->[C5] DL_GetScatterInfo #./api/api.cpp (line:2688)
[0000011] [09:03:39:944000] [Tid0x00000678] [debug] <--[C5] DL_GetScatterInfo
[0000012] [09:03:39:945000] [Tid0x00000678] [debug] -->[C6] DL_GetCount #./api/api.cpp (line:2587)
[0000013] [09:03:39:945000] [Tid0x00000678] [debug] <--[C6] DL_GetCount
[0000014] [09:03:39:945000] [Tid0x00000678] [debug] -->[C7] DL_Rom_GetInfoAll #./api/api.cpp (line:2752)
[0000015] [09:03:39:945000] [Tid0x00000678] [debug] <--[C7] DL_Rom_GetInfoAll
[0000016] [09:03:39:946000] [Tid0x00000678] [debug] -->[C8] DL_Rom_SetEnableAttr #./api/api.cpp (line:2806)
[0000017] [09:03:39:946000] [Tid0x00000678] [debug] <--[C8] DL_Rom_SetEnableAttr
[0000018] [09:03:39:946000] [Tid0x00000678] [debug] -->[C9] DL_GetCount #./api/api.cpp (line:2587)
[0000019] [09:03:39:946000] [Tid0x00000678] [debug] <--[C9] DL_GetCount
[0000020] [09:03:39:946000] [Tid0x00000678] [debug] -->[C10] DL_Rom_GetInfoAll #./api/api.cpp (line:2752)
[0000021] [09:03:39:946000] [Tid0x00000678] [debug] <--[C10] DL_Rom_GetInfoAll
[0000022] [09:03:39:947000] [Tid0x00000678] [debug] -->[C11] DL_Rom_SetEnableAttr #./api/api.cpp (line:2806)
[0000023] [09:03:39:947000] [Tid0x00000678] [debug] <--[C11] DL_Rom_SetEnableAttr
[0000024] [09:03:39:948000] [Tid0x00000678] [debug] -->[C12] DL_GetCount #./api/api.cpp (line:2587)
[0000025] [09:03:39:948000] [Tid0x00000678] [debug] <--[C12] DL_GetCount
[0000026] [09:03:39:948000] [Tid0x00000678] [debug] -->[C13] DL_Rom_GetInfoAll #./api/api.cpp (line:2752)
[0000027] [09:03:39:948000] [Tid0x00000678] [debug] <--[C13] DL_Rom_GetInfoAll
[0000028] [09:03:39:949000] [Tid0x00000678] [debug] -->[C14] DL_Rom_SetEnableAttr #./api/api.cpp (line:2806)
[0000029] [09:03:39:949000] [Tid0x00000678] [debug] <--[C14] DL_Rom_SetEnableAttr
[0000030] [09:03:39:950000] [Tid0x00000678] [debug] -->[C15] DL_GetCount #./api/api.cpp (line:2587)
[0000031] [09:03:39:950000] [Tid0x00000678] [debug] <--[C15] DL_GetCount
[0000032] [09:03:39:950000] [Tid0x00000678] [debug] -->[C16] DL_Rom_GetInfoAll #./api/api.cpp (line:2752)
[0000033] [09:03:39:950000] [Tid0x00000678] [debug] <--[C16] DL_Rom_GetInfoAll
[0000034] [09:03:39:951000] [Tid0x00000678] [debug] -->[C17] DL_Rom_SetEnableAttr #./api/api.cpp (line:2806)
[0000035] [09:03:39:951000] [Tid0x00000678] [debug] <--[C17] DL_Rom_SetEnableAttr
[0000036] [09:03:39:951000] [Tid0x00000678] [debug] -->[C18] DL_GetCount #./api/api.cpp (line:2587)
[0000037] [09:03:39:951000] [Tid0x00000678] [debug] <--[C18] DL_GetCount
[0000038] [09:03:39:951000] [Tid0x00000678] [debug] -->[C19] DL_Rom_GetInfoAll #./api/api.cpp (line:2752)
[0000039] [09:03:39:951000] [Tid0x00000678] [debug] <--[C19] DL_Rom_GetInfoAll
[0000040] [09:03:39:952000] [Tid0x00000678] [debug] -->[C20] DL_Rom_SetEnableAttr #./api/api.cpp (line:2806)
[0000041] [09:03:39:952000] [Tid0x00000678] [debug] <--[C20] DL_Rom_SetEnableAttr
[0000042] [09:03:39:953000] [Tid0x00000678] [debug] -->[C21] DL_GetCount #./api/api.cpp (line:2587)
[0000043] [09:03:39:953000] [Tid0x00000678] [debug] <--[C21] DL_GetCount
[0000044] [09:03:39:953000] [Tid0x00000678] [debug] -->[C22] DL_Rom_GetInfoAll #./api/api.cpp (line:2752)
[0000045] [09:03:39:953000] [Tid0x00000678] [debug] <--[C22] DL_Rom_GetInfoAll
[0000046] [09:03:39:954000] [Tid0x00000678] [debug] -->[C23] DL_Rom_SetEnableAttr #./api/api.cpp (line:2806)
[0000047] [09:03:39:954000] [Tid0x00000678] [debug] <--[C23] DL_Rom_SetEnableAttr
[0000048] [09:03:39:955000] [Tid0x00000678] [debug] -->[C24] DL_GetCount #./api/api.cpp (line:2587)
[0000049] [09:03:39:955000] [Tid0x00000678] [debug] <--[C24] DL_GetCount
[0000050] [09:03:39:955000] [Tid0x00000678] [debug] -->[C25] DL_Rom_GetInfoAll #./api/api.cpp (line:2752)
[0000051] [09:03:39:955000] [Tid0x00000678] [debug] <--[C25] DL_Rom_GetInfoAll
[0000052] [09:03:39:956000] [Tid0x00000678] [debug] -->[C26] DL_Rom_SetEnableAttr #./api/api.cpp (line:2806)
[0000053] [09:03:39:956000] [Tid0x00000678] [debug] <--[C26] DL_Rom_SetEnableAttr
[0000054] [09:03:39:956000] [Tid0x00000678] [debug] -->[C27] DL_GetCount #./api/api.cpp (line:2587)
[0000055] [09:03:39:956000] [Tid0x00000678] [debug] <--[C27] DL_GetCount
[0000056] [09:03:39:956000] [Tid0x00000678] [debug] -->[C28] DL_Rom_GetInfoAll #./api/api.cpp (line:2752)
[0000057] [09:03:39:956000] [Tid0x00000678] [debug] <--[C28] DL_Rom_GetInfoAll
[0000058] [09:03:39:957000] [Tid0x00000678] [debug] -->[C29] DL_Rom_SetEnableAttr #./api/api.cpp (line:2806)
[0000059] [09:03:39:957000] [Tid0x00000678] [debug] <--[C29] DL_Rom_SetEnableAttr
[0000060] [09:03:39:958000] [Tid0x00000678] [debug] -->[C30] DL_GetCount #./api/api.cpp (line:2587)
[0000061] [09:03:39:958000] [Tid0x00000678] [debug] <--[C30] DL_GetCount
[0000062] [09:03:39:958000] [Tid0x00000678] [debug] -->[C31] DL_Rom_GetInfoAll #./api/api.cpp (line:2752)
[0000063] [09:03:39:958000] [Tid0x00000678] [debug] <--[C31] DL_Rom_GetInfoAll
[0000064] [09:03:39:958000] [Tid0x00000678] [debug] -->[C32] DL_Rom_SetEnableAttr #./api/api.cpp (line:2806)
[0000065] [09:03:39:958000] [Tid0x00000678] [debug] <--[C32] DL_Rom_SetEnableAttr
[0000066] [09:03:39:959000] [Tid0x00000678] [debug] -->[C33] DL_GetCount #./api/api.cpp (line:2587)
[0000067] [09:03:39:960000] [Tid0x00000678] [debug] <--[C33] DL_GetCount
[0000068] [09:03:39:960000] [Tid0x00000678] [debug] -->[C34] DL_Rom_GetInfoAll #./api/api.cpp (line:2752)
[0000069] [09:03:39:960000] [Tid0x00000678] [debug] <--[C34] DL_Rom_GetInfoAll
[0000070] [09:03:39:960000] [Tid0x00000678] [debug] -->[C35] DL_Rom_SetEnableAttr #./api/api.cpp (line:2806)
[0000071] [09:03:39:960000] [Tid0x00000678] [debug] <--[C35] DL_Rom_SetEnableAttr
[0000072] [09:03:39:961000] [Tid0x00000678] [debug] -->[C36] DL_GetCount #./api/api.cpp (line:2587)
[0000073] [09:03:39:961000] [Tid0x00000678] [debug] <--[C36] DL_GetCount
[0000074] [09:03:39:961000] [Tid0x00000678] [debug] -->[C37] DL_Rom_GetInfoAll #./api/api.cpp (line:2752)
[0000075] [09:03:39:961000] [Tid0x00000678] [debug] <--[C37] DL_Rom_GetInfoAll
[0000076] [09:03:39:961000] [Tid0x00000678] [debug] -->[C38] DL_Rom_SetEnableAttr #./api/api.cpp (line:2806)
[0000077] [09:03:39:961000] [Tid0x00000678] [debug] <--[C38] DL_Rom_SetEnableAttr
[0000078] [09:03:39:962000] [Tid0x00000678] [debug] -->[C39] DL_GetCount #./api/api.cpp (line:2587)
[0000079] [09:03:39:962000] [Tid0x00000678] [debug] <--[C39] DL_GetCount
[0000080] [09:03:39:962000] [Tid0x00000678] [debug] -->[C40] DL_Rom_GetInfoAll #./api/api.cpp (line:2752)
[0000081] [09:03:39:962000] [Tid0x00000678] [debug] <--[C40] DL_Rom_GetInfoAll
[0000082] [09:03:39:963000] [Tid0x00000678] [debug] -->[C41] DL_Rom_SetEnableAttr #./api/api.cpp (line:2806)
[0000083] [09:03:39:964000] [Tid0x00000678] [debug] <--[C41] DL_Rom_SetEnableAttr
[0000084] [09:03:39:964000] [Tid0x00000678] [debug] -->[C42] DL_GetCount #./api/api.cpp (line:2587)
[0000085] [09:03:39:964000] [Tid0x00000678] [debug] <--[C42] DL_GetCount
[0000086] [09:03:39:964000] [Tid0x00000678] [debug] -->[C43] DL_Rom_GetInfoAll #./api/api.cpp (line:2752)
[0000087] [09:03:39:964000] [Tid0x00000678] [debug] <--[C43] DL_Rom_GetInfoAll
[0000088] [09:03:39:966000] [Tid0x00000678] [debug] -->[C44] DL_Rom_SetEnableAttr #./api/api.cpp (line:2806)
[0000089] [09:03:39:966000] [Tid0x00000678] [debug] <--[C44] DL_Rom_SetEnableAttr
[0000090] [09:03:39:966000] [Tid0x00000678] [debug] -->[C45] DL_GetCount #./api/api.cpp (line:2587)
[0000091] [09:03:39:966000] [Tid0x00000678] [debug] <--[C45] DL_GetCount
[0000092] [09:03:39:966000] [Tid0x00000678] [debug] -->[C46] DL_Rom_GetInfoAll #./api/api.cpp (line:2752)
[0000093] [09:03:39:967000] [Tid0x00000678] [debug] <--[C46] DL_Rom_GetInfoAll
[0000094] [09:03:39:968000] [Tid0x00000678] [debug] -->[C47] DL_Rom_SetEnableAttr #./api/api.cpp (line:2806)
[0000095] [09:03:39:969000] [Tid0x00000678] [debug] <--[C47] DL_Rom_SetEnableAttr
[0000096] [09:03:39:969000] [Tid0x00000678] [debug] -->[C48] DL_GetCount #./api/api.cpp (line:2587)
[0000097] [09:03:39:969000] [Tid0x00000678] [debug] <--[C48] DL_GetCount
[0000098] [09:03:39:969000] [Tid0x00000678] [debug] -->[C49] DL_Rom_GetInfoAll #./api/api.cpp (line:2752)
[0000099] [09:03:39:970000] [Tid0x00000678] [debug] <--[C49] DL_Rom_GetInfoAll
[0000100] [09:03:39:970000] [Tid0x00000678] [debug] -->[C50] DL_Rom_SetEnableAttr #./api/api.cpp (line:2806)
[0000101] [09:03:39:970000] [Tid0x00000678] [debug] <--[C50] DL_Rom_SetEnableAttr
[0000102] [09:03:39:971000] [Tid0x00000678] [debug] -->[C51] DL_GetCount #./api/api.cpp (line:2587)
[0000103] [09:03:39:971000] [Tid0x00000678] [debug] <--[C51] DL_GetCount
[0000104] [09:03:39:971000] [Tid0x00000678] [debug] -->[C52] DL_Rom_GetInfoAll #./api/api.cpp (line:2752)
[0000105] [09:03:39:971000] [Tid0x00000678] [debug] <--[C52] DL_Rom_GetInfoAll
[0000106] [09:03:39:972000] [Tid0x00000678] [debug] -->[C53] DL_Rom_SetEnableAttr #./api/api.cpp (line:2806)
[0000107] [09:03:39:972000] [Tid0x00000678] [debug] <--[C53] DL_Rom_SetEnableAttr
[0000108] [09:03:39:972000] [Tid0x00000678] [debug] -->[C54] DL_GetCount #./api/api.cpp (line:2587)
[0000109] [09:03:39:972000] [Tid0x00000678] [debug] <--[C54] DL_GetCount
[0000110] [09:03:39:972000] [Tid0x00000678] [debug] -->[C55] DL_Rom_GetInfoAll #./api/api.cpp (line:2752)
[0000111] [09:03:39:972000] [Tid0x00000678] [debug] <--[C55] DL_Rom_GetInfoAll
[0000112] [09:03:39:973000] [Tid0x00000678] [debug] -->[C56] DL_Rom_SetEnableAttr #./api/api.cpp (line:2806)
[0000113] [09:03:39:973000] [Tid0x00000678] [debug] <--[C56] DL_Rom_SetEnableAttr
[0000114] [09:03:39:974000] [Tid0x00000678] [debug] -->[C57] DL_GetCount #./api/api.cpp (line:2587)
[0000115] [09:03:39:974000] [Tid0x00000678] [debug] <--[C57] DL_GetCount
[0000116] [09:03:39:974000] [Tid0x00000678] [debug] -->[C58] DL_Rom_GetInfoAll #./api/api.cpp (line:2752)
[0000117] [09:03:39:974000] [Tid0x00000678] [debug] <--[C58] DL_Rom_GetInfoAll
[0000118] [09:03:39:975000] [Tid0x00000678] [debug] -->[C59] DL_Rom_SetEnableAttr #./api/api.cpp (line:2806)
[0000119] [09:03:39:975000] [Tid0x00000678] [debug] <--[C59] DL_Rom_SetEnableAttr
[0000120] [09:03:39:975000] [Tid0x00000678] [debug] -->[C60] DL_GetCount #./api/api.cpp (line:2587)
[0000121] [09:03:39:975000] [Tid0x00000678] [debug] <--[C60] DL_GetCount
[0000122] [09:03:39:975000] [Tid0x00000678] [debug] -->[C61] DL_Rom_GetInfoAll #./api/api.cpp (line:2752)
[0000123] [09:03:39:975000] [Tid0x00000678] [debug] <--[C61] DL_Rom_GetInfoAll
[0000124] [09:03:39:976000] [Tid0x00000678] [debug] -->[C62] DL_Rom_SetEnableAttr #./api/api.cpp (line:2806)
[0000125] [09:03:39:976000] [Tid0x00000678] [debug] <--[C62] DL_Rom_SetEnableAttr
[0000126] [09:03:39:976000] [Tid0x00000678] [debug] -->[C63] DL_GetCount #./api/api.cpp (line:2587)
[0000127] [09:03:39:976000] [Tid0x00000678] [debug] <--[C63] DL_GetCount
[0000128] [09:03:39:976000] [Tid0x00000678] [debug] -->[C64] DL_Rom_GetInfoAll #./api/api.cpp (line:2752)
[0000129] [09:03:39:976000] [Tid0x00000678] [debug] <--[C64] DL_Rom_GetInfoAll
[0000130] [09:03:39:977000] [Tid0x00000678] [debug] -->[C65] DL_Rom_SetEnableAttr #./api/api.cpp (line:2806)
[0000131] [09:03:39:977000] [Tid0x00000678] [debug] <--[C65] DL_Rom_SetEnableAttr
[0000132] [09:03:39:978000] [Tid0x00000678] [debug] -->[C66] DL_GetCount #./api/api.cpp (line:2587)
[0000133] [09:03:39:978000] [Tid0x00000678] [debug] <--[C66] DL_GetCount
[0000134] [09:03:39:978000] [Tid0x00000678] [debug] -->[C67] DL_Rom_GetInfoAll #./api/api.cpp (line:2752)
[0000135] [09:03:39:978000] [Tid0x00000678] [debug] <--[C67] DL_Rom_GetInfoAll
[0000136] [09:03:39:979000] [Tid0x00000678] [debug] -->[C68] DL_Rom_SetEnableAttr #./api/api.cpp (line:2806)
[0000137] [09:03:39:979000] [Tid0x00000678] [debug] <--[C68] DL_Rom_SetEnableAttr
[0000138] [09:03:39:980000] [Tid0x00000678] [debug] -->[C69] DL_GetCount #./api/api.cpp (line:2587)
[0000139] [09:03:39:980000] [Tid0x00000678] [debug] <--[C69] DL_GetCount
[0000140] [09:03:39:980000] [Tid0x00000678] [debug] -->[C70] DL_Rom_GetInfoAll #./api/api.cpp (line:2752)
[0000141] [09:03:39:980000] [Tid0x00000678] [debug] <--[C70] DL_Rom_GetInfoAll
[0000142] [09:03:39:981000] [Tid0x00000678] [debug] -->[C71] DL_Rom_SetEnableAttr #./api/api.cpp (line:2806)
[0000143] [09:03:39:981000] [Tid0x00000678] [debug] <--[C71] DL_Rom_SetEnableAttr
[0000144] [09:03:39:981000] [Tid0x00000678] [debug] -->[C72] DL_GetCount #./api/api.cpp (line:2587)
[0000145] [09:03:39:981000] [Tid0x00000678] [debug] <--[C72] DL_GetCount
[0000146] [09:03:39:981000] [Tid0x00000678] [debug] -->[C73] DL_Rom_GetInfoAll #./api/api.cpp (line:2752)
[0000147] [09:03:39:981000] [Tid0x00000678] [debug] <--[C73] DL_Rom_GetInfoAll
[0000148] [09:03:39:982000] [Tid0x00000678] [debug] -->[C74] DL_Rom_SetEnableAttr #./api/api.cpp (line:2806)
[0000149] [09:03:39:982000] [Tid0x00000678] [debug] <--[C74] DL_Rom_SetEnableAttr
[0000150] [09:03:39:983000] [Tid0x00000678] [debug] -->[C75] DL_GetCount #./api/api.cpp (line:2587)
[0000151] [09:03:39:983000] [Tid0x00000678] [debug] <--[C75] DL_GetCount
[0000152] [09:03:39:983000] [Tid0x00000678] [debug] -->[C76] DL_Rom_GetInfoAll #./api/api.cpp (line:2752)
[0000153] [09:03:39:983000] [Tid0x00000678] [debug] <--[C76] DL_Rom_GetInfoAll
[0000154] [09:03:39:984000] [Tid0x00000678] [debug] -->[C77] DL_Rom_SetEnableAttr #./api/api.cpp (line:2806)
[0000155] [09:03:39:984000] [Tid0x00000678] [debug] <--[C77] DL_Rom_SetEnableAttr
[0000156] [09:03:39:985000] [Tid0x00000678] [debug] -->[C78] DL_GetCount #./api/api.cpp (line:2587)
[0000157] [09:03:39:985000] [Tid0x00000678] [debug] <--[C78] DL_GetCount
[0000158] [09:03:39:985000] [Tid0x00000678] [debug] -->[C79] DL_Rom_GetInfoAll #./api/api.cpp (line:2752)
[0000159] [09:03:39:985000] [Tid0x00000678] [debug] <--[C79] DL_Rom_GetInfoAll
[0000160] [09:03:39:986000] [Tid0x00000678] [debug] -->[C80] DL_Rom_SetEnableAttr #./api/api.cpp (line:2806)
[0000161] [09:03:39:986000] [Tid0x00000678] [debug] <--[C80] DL_Rom_SetEnableAttr
[0000162] [09:03:39:986000] [Tid0x00000678] [debug] -->[C81] DL_GetCount #./api/api.cpp (line:2587)
[0000163] [09:03:39:986000] [Tid0x00000678] [debug] <--[C81] DL_GetCount
[0000164] [09:03:39:986000] [Tid0x00000678] [debug] -->[C82] DL_Rom_GetInfoAll #./api/api.cpp (line:2752)
[0000165] [09:03:39:986000] [Tid0x00000678] [debug] <--[C82] DL_Rom_GetInfoAll
[0000166] [09:03:39:988000] [Tid0x00000678] [debug] -->[C83] DL_Rom_SetEnableAttr #./api/api.cpp (line:2806)
[0000167] [09:03:39:988000] [Tid0x00000678] [debug] <--[C83] DL_Rom_SetEnableAttr
[0000168] [09:03:39:988000] [Tid0x00000678] [debug] -->[C84] DL_GetCount #./api/api.cpp (line:2587)
[0000169] [09:03:39:988000] [Tid0x00000678] [debug] <--[C84] DL_GetCount
[0000170] [09:03:39:988000] [Tid0x00000678] [debug] -->[C85] DL_Rom_GetInfoAll #./api/api.cpp (line:2752)
[0000171] [09:03:39:988000] [Tid0x00000678] [debug] <--[C85] DL_Rom_GetInfoAll
[0000172] [09:03:39:989000] [Tid0x00000678] [debug] -->[C86] DL_Rom_SetEnableAttr #./api/api.cpp (line:2806)
[0000173] [09:03:39:989000] [Tid0x00000678] [debug] <--[C86] DL_Rom_SetEnableAttr
[0000174] [09:03:39:990000] [Tid0x00000678] [debug] -->[C87] DL_GetCount #./api/api.cpp (line:2587)
[0000175] [09:03:39:990000] [Tid0x00000678] [debug] <--[C87] DL_GetCount
[0000176] [09:03:39:990000] [Tid0x00000678] [debug] -->[C88] DL_Rom_GetInfoAll #./api/api.cpp (line:2752)
[0000177] [09:03:39:990000] [Tid0x00000678] [debug] <--[C88] DL_Rom_GetInfoAll
[0000178] [09:03:39:991000] [Tid0x00000678] [debug] -->[C89] DL_Rom_SetEnableAttr #./api/api.cpp (line:2806)
[0000179] [09:03:39:991000] [Tid0x00000678] [debug] <--[C89] DL_Rom_SetEnableAttr
[0000180] [09:03:39:991000] [Tid0x00000678] [debug] -->[C90] DL_GetCount #./api/api.cpp (line:2587)
[0000181] [09:03:39:991000] [Tid0x00000678] [debug] <--[C90] DL_GetCount
[0000182] [09:03:39:991000] [Tid0x00000678] [debug] -->[C91] DL_Rom_GetInfoAll #./api/api.cpp (line:2752)
[0000183] [09:03:39:991000] [Tid0x00000678] [debug] <--[C91] DL_Rom_GetInfoAll
[0000184] [09:03:39:992000] [Tid0x00000678] [debug] -->[C92] DL_Rom_SetEnableAttr #./api/api.cpp (line:2806)
[0000185] [09:03:39:992000] [Tid0x00000678] [debug] <--[C92] DL_Rom_SetEnableAttr
[0000186] [09:03:39:993000] [Tid0x00000678] [debug] -->[C93] DL_GetCount #./api/api.cpp (line:2587)
[0000187] [09:03:39:993000] [Tid0x00000678] [debug] <--[C93] DL_GetCount
[0000188] [09:03:39:993000] [Tid0x00000678] [debug] -->[C94] DL_Rom_GetInfoAll #./api/api.cpp (line:2752)
[0000189] [09:03:39:993000] [Tid0x00000678] [debug] <--[C94] DL_Rom_GetInfoAll
[0000190] [09:03:39:994000] [Tid0x00000678] [debug] -->[C95] DL_Rom_SetEnableAttr #./api/api.cpp (line:2806)
[0000191] [09:03:39:994000] [Tid0x00000678] [debug] <--[C95] DL_Rom_SetEnableAttr
[0000192] [09:03:39:995000] [Tid0x00000678] [debug] -->[C96] DL_GetCount #./api/api.cpp (line:2587)
[0000193] [09:03:39:995000] [Tid0x00000678] [debug] <--[C96] DL_GetCount
[0000194] [09:03:39:995000] [Tid0x00000678] [debug] -->[C97] DL_Rom_GetInfoAll #./api/api.cpp (line:2752)
[0000195] [09:03:39:995000] [Tid0x00000678] [debug] <--[C97] DL_Rom_GetInfoAll
[0000196] [09:03:39:995000] [Tid0x00000678] [debug] -->[C98] DL_Rom_SetEnableAttr #./api/api.cpp (line:2806)
[0000197] [09:03:39:995000] [Tid0x00000678] [debug] <--[C98] DL_Rom_SetEnableAttr
[0000198] [09:03:39:996000] [Tid0x00000678] [debug] -->[C99] DL_GetCount #./api/api.cpp (line:2587)
[0000199] [09:03:39:996000] [Tid0x00000678] [debug] <--[C99] DL_GetCount
[0000200] [09:03:39:996000] [Tid0x00000678] [debug] -->[C100] DL_Rom_GetInfoAll #./api/api.cpp (line:2752)
[0000201] [09:03:39:996000] [Tid0x00000678] [debug] <--[C100] DL_Rom_GetInfoAll
[0000202] [09:03:39:996000] [Tid0x00000678] [debug] -->[C101] DL_Rom_SetEnableAttr #./api/api.cpp (line:2806)
[0000203] [09:03:39:996000] [Tid0x00000678] [debug] <--[C101] DL_Rom_SetEnableAttr
[0000204] [09:03:39:997000] [Tid0x00000678] [debug] -->[C102] DL_GetCount #./api/api.cpp (line:2587)
[0000205] [09:03:39:997000] [Tid0x00000678] [debug] <--[C102] DL_GetCount
[0000206] [09:03:39:997000] [Tid0x00000678] [debug] -->[C103] DL_Rom_GetInfoAll #./api/api.cpp (line:2752)
[0000207] [09:03:39:997000] [Tid0x00000678] [debug] <--[C103] DL_Rom_GetInfoAll
[0000208] [09:03:39:998000] [Tid0x00000678] [debug] -->[C104] DL_Rom_SetEnableAttr #./api/api.cpp (line:2806)
[0000209] [09:03:39:998000] [Tid0x00000678] [debug] <--[C104] DL_Rom_SetEnableAttr
[0000210] [09:03:39:999000] [Tid0x00000678] [debug] -->[C105] DL_GetCount #./api/api.cpp (line:2587)
[0000211] [09:03:39:999000] [Tid0x00000678] [debug] <--[C105] DL_GetCount
[0000212] [09:03:39:999000] [Tid0x00000678] [debug] -->[C106] DL_Rom_GetInfoAll #./api/api.cpp (line:2752)
[0000213] [09:03:39:999000] [Tid0x00000678] [debug] <--[C106] DL_Rom_GetInfoAll
[0000214] [09:03:40:000000] [Tid0x00000678] [debug] -->[C107] DL_Rom_SetEnableAttr #./api/api.cpp (line:2806)
[0000215] [09:03:40:000000] [Tid0x00000678] [debug] <--[C107] DL_Rom_SetEnableAttr
[0000216] [09:03:40:000000] [Tid0x00000678] [debug] -->[C108] DL_GetCount #./api/api.cpp (line:2587)
[0000217] [09:03:40:000000] [Tid0x00000678] [debug] <--[C108] DL_GetCount
[0000218] [09:03:40:000000] [Tid0x00000678] [debug] -->[C109] DL_Rom_GetInfoAll #./api/api.cpp (line:2752)
[0000219] [09:03:40:000000] [Tid0x00000678] [debug] <--[C109] DL_Rom_GetInfoAll
[0000220] [09:03:40:001000] [Tid0x00000678] [debug] -->[C110] DL_Rom_SetEnableAttr #./api/api.cpp (line:2806)
[0000221] [09:03:40:001000] [Tid0x00000678] [debug] <--[C110] DL_Rom_SetEnableAttr
[0000222] [09:03:40:001000] [Tid0x00000678] [debug] -->[C111] DL_GetCount #./api/api.cpp (line:2587)
[0000223] [09:03:40:002000] [Tid0x00000678] [debug] <--[C111] DL_GetCount
[0000224] [09:03:40:002000] [Tid0x00000678] [debug] -->[C112] DL_Rom_GetInfoAll #./api/api.cpp (line:2752)
[0000225] [09:03:40:002000] [Tid0x00000678] [debug] <--[C112] DL_Rom_GetInfoAll
[0000226] [09:03:40:002000] [Tid0x00000678] [debug] -->[C113] DL_Rom_SetEnableAttr #./api/api.cpp (line:2806)
[0000227] [09:03:40:002000] [Tid0x00000678] [debug] <--[C113] DL_Rom_SetEnableAttr
[0000228] [09:03:40:003000] [Tid0x00000678] [debug] -->[C114] DL_SetChecksumLevel #./api/api.cpp (line:2516)
[0000229] [09:03:40:003000] [Tid0x00000678] [debug] <--[C114] DL_SetChecksumLevel
[0000230] [09:03:42:383000] [Tid0x00000678] [debug] -->[C115] DL_GetCount #./api/api.cpp (line:2587)
[0000231] [09:03:42:383000] [Tid0x00000678] [debug] <--[C115] DL_GetCount
[0000232] [09:03:42:383000] [Tid0x00000678] [debug] -->[C116] DL_Rom_GetInfoAll #./api/api.cpp (line:2752)
[0000233] [09:03:42:383000] [Tid0x00000678] [debug] <--[C116] DL_Rom_GetInfoAll
[0000234] [09:03:42:384000] [Tid0x00000678] [debug] -->[C117] DL_GetCount #./api/api.cpp (line:2587)
[0000235] [09:03:42:384000] [Tid0x00000678] [debug] <--[C117] DL_GetCount
[0000236] [09:03:42:384000] [Tid0x00000678] [debug] -->[C118] DL_Rom_GetInfoAll #./api/api.cpp (line:2752)
[0000237] [09:03:42:384000] [Tid0x00000678] [debug] <--[C118] DL_Rom_GetInfoAll
[0000238] [09:11:31:222000] [Tid0x000023bc] [debug] -->[C119] FlashTool_Connect_BROM_ByName #./api/api.cpp (line:1975)
[0000239] [09:11:31:222000] [Tid0x000023bc] [debug] -->[C120] FlashTool_Connect_BROM_Ex #./api/api.cpp (line:1880)
[0000240] [09:11:31:222000] [Tid0x000023bc] [debug] bCheckScatter: 1
[0000241] [09:11:31:222000] [Tid0x000023bc] [debug] have load scatter already
[0000242] [09:11:31:222000] [Tid0x000023bc] [debug] libversion 1
[0000243] [09:11:31:810000] [Tid0x000023bc] [debug] <--[C120] FlashTool_Connect_BROM_Ex
[0000244] [09:11:31:810000] [Tid0x000023bc] [debug] <--[C119] FlashTool_Connect_BROM_ByName
[0000245] [09:11:31:810000] [Tid0x000023bc] [debug] -->[C121] FlashTool_GetBootResult #./api/api.cpp (line:1987)
[0000246] [09:11:31:810000] [Tid0x000023bc] [debug] <--[C121] FlashTool_GetBootResult
[0000247] [09:11:31:810000] [Tid0x000023bc] [debug] -->[C122] FlashTool_Connect_Download_DA #./api/api.cpp (line:2007)
[0000248] [09:11:31:810000] [Tid0x000023bc] [debug] bCheckScatter: 1
[0000249] [09:11:33:920000] [Tid0x000023bc] [debug] <--[C122] FlashTool_Connect_Download_DA
[0000250] [09:11:33:920000] [Tid0x000023bc] [debug] -->[C123] FlashTool_CheckUSBStatus #./api/api.cpp (line:1154)
[0000251] [09:11:33:921000] [Tid0x000023bc] [debug] <--[C123] FlashTool_CheckUSBStatus
[0000252] [09:11:33:921000] [Tid0x000023bc] [debug] -->[C124] FlashTool_CheckUSBStatus #./api/api.cpp (line:1154)
[0000253] [09:11:33:921000] [Tid0x000023bc] [debug] <--[C124] FlashTool_CheckUSBStatus
[0000254] [09:11:33:921000] [Tid0x000023bc] [debug] -->[C125] FlashTool_GetReservedRomSize #./api/api.cpp (line:1677)
[0000255] [09:11:33:922000] [Tid0x000023bc] [debug] <--[C125] FlashTool_GetReservedRomSize
[0000256] [09:11:33:922000] [Tid0x000023bc] [debug] -->[C126] FlashTool_RomGetCount #./api/api.cpp (line:1702)
[0000257] [09:11:33:922000] [Tid0x000023bc] [debug] <--[C126] FlashTool_RomGetCount
[0000258] [09:11:33:922000] [Tid0x000023bc] [debug] -->[C127] FlashTool_RomGetInfoAll #./api/api.cpp (line:1726)
[0000259] [09:11:33:923000] [Tid0x000023bc] [debug] <--[C127] FlashTool_RomGetInfoAll
[0000260] [09:11:33:923000] [Tid0x000023bc] [debug] -->[C128] FlashTool_ReadPartitionCount #./api/api.cpp (line:1633)
[0000261] [09:11:33:956000] [Tid0x000023bc] [debug] <--[C128] FlashTool_ReadPartitionCount
[0000262] [09:11:33:957000] [Tid0x000023bc] [debug] -->[C129] FlashTool_ReadPartitionInfo #./api/api.cpp (line:1654)
[0000263] [09:11:33:957000] [Tid0x000023bc] [debug] <--[C129] FlashTool_ReadPartitionInfo
[0000264] [09:11:33:957000] [Tid0x000023bc] [debug] -->[C130] FlashTool_Download #./api/api.cpp (line:1300)
[0000265] [09:17:40:033000] [Tid0x000023bc] [debug] <--[C130] FlashTool_Download
[0000266] [09:17:40:033000] [Tid0x000023bc] [debug] -->[C131] DL_GetCount #./api/api.cpp (line:2587)
[0000267] [09:17:40:033000] [Tid0x000023bc] [debug] <--[C131] DL_GetCount
[0000268] [09:17:40:033000] [Tid0x000023bc] [debug] -->[C132] DL_Rom_GetInfoAll #./api/api.cpp (line:2752)
[0000269] [09:17:40:033000] [Tid0x000023bc] [debug] <--[C132] DL_Rom_GetInfoAll
[0000270] [09:17:40:249000] [Tid0x000023bc] [debug] -->[C133] FlashTool_Disconnect #./api/api.cpp (line:1033)
[0000271] [09:17:40:306000] [Tid0x000023bc] [debug] <--[C133] FlashTool_Disconnect
[0000272] [09:28:03:367000] [Tid0x00000678] [debug] -->[C134] DL_GetCount #./api/api.cpp (line:2587)
[0000273] [09:28:03:367000] [Tid0x00000678] [debug] <--[C134] DL_GetCount
[0000274] [09:28:03:367000] [Tid0x00000678] [debug] -->[C135] DL_Rom_GetInfoAll #./api/api.cpp (line:2752)
[0000275] [09:28:03:367000] [Tid0x00000678] [debug] <--[C135] DL_Rom_GetInfoAll
[0000276] [09:28:03:368000] [Tid0x00000678] [debug] -->[C136] DL_GetCount #./api/api.cpp (line:2587)
[0000277] [09:28:03:368000] [Tid0x00000678] [debug] <--[C136] DL_GetCount
[0000278] [09:28:03:368000] [Tid0x00000678] [debug] -->[C137] DL_Rom_GetInfoAll #./api/api.cpp (line:2752)
[0000279] [09:28:03:368000] [Tid0x00000678] [debug] <--[C137] DL_Rom_GetInfoAll
[0000280] [09:28:18:568000] [Tid0x00002cb4] [debug] -->[C138] FlashTool_Connect_BROM_ByName #./api/api.cpp (line:1975)
[0000281] [09:28:18:568000] [Tid0x00002cb4] [debug] -->[C139] FlashTool_Connect_BROM_Ex #./api/api.cpp (line:1880)
[0000282] [09:28:18:568000] [Tid0x00002cb4] [debug] bCheckScatter: 1
[0000283] [09:28:18:568000] [Tid0x00002cb4] [debug] have load scatter already
[0000284] [09:28:18:568000] [Tid0x00002cb4] [debug] libversion 1
[0000285] [09:28:19:149000] [Tid0x00002cb4] [debug] <--[C139] FlashTool_Connect_BROM_Ex
[0000286] [09:28:19:149000] [Tid0x00002cb4] [debug] <--[C138] FlashTool_Connect_BROM_ByName
[0000287] [09:28:19:149000] [Tid0x00002cb4] [debug] -->[C140] FlashTool_GetBootResult #./api/api.cpp (line:1987)
[0000288] [09:28:19:149000] [Tid0x00002cb4] [debug] <--[C140] FlashTool_GetBootResult
[0000289] [09:28:19:149000] [Tid0x00002cb4] [debug] -->[C141] FlashTool_Connect_Download_DA #./api/api.cpp (line:2007)
[0000290] [09:28:19:149000] [Tid0x00002cb4] [debug] bCheckScatter: 1
[0000291] [09:28:21:360000] [Tid0x00002cb4] [debug] <--[C141] FlashTool_Connect_Download_DA
[0000292] [09:28:21:360000] [Tid0x00002cb4] [debug] -->[C142] FlashTool_CheckUSBStatus #./api/api.cpp (line:1154)
[0000293] [09:28:21:360000] [Tid0x00002cb4] [debug] <--[C142] FlashTool_CheckUSBStatus
[0000294] [09:28:21:361000] [Tid0x00002cb4] [debug] -->[C143] FlashTool_CheckUSBStatus #./api/api.cpp (line:1154)
[0000295] [09:28:21:361000] [Tid0x00002cb4] [debug] <--[C143] FlashTool_CheckUSBStatus
[0000296] [09:28:21:362000] [Tid0x00002cb4] [debug] -->[C144] FlashTool_GetReservedRomSize #./api/api.cpp (line:1677)
[0000297] [09:28:21:362000] [Tid0x00002cb4] [debug] <--[C144] FlashTool_GetReservedRomSize
[0000298] [09:28:21:362000] [Tid0x00002cb4] [debug] -->[C145] FlashTool_RomGetCount #./api/api.cpp (line:1702)
[0000299] [09:28:21:362000] [Tid0x00002cb4] [debug] <--[C145] FlashTool_RomGetCount
[0000300] [09:28:21:362000] [Tid0x00002cb4] [debug] -->[C146] FlashTool_RomGetInfoAll #./api/api.cpp (line:1726)
[0000301] [09:28:21:363000] [Tid0x00002cb4] [debug] <--[C146] FlashTool_RomGetInfoAll
[0000302] [09:28:21:363000] [Tid0x00002cb4] [debug] -->[C147] FlashTool_ReadPartitionCount #./api/api.cpp (line:1633)
[0000303] [09:28:21:393000] [Tid0x00002cb4] [debug] <--[C147] FlashTool_ReadPartitionCount
[0000304] [09:28:21:393000] [Tid0x00002cb4] [debug] -->[C148] FlashTool_ReadPartitionInfo #./api/api.cpp (line:1654)
[0000305] [09:28:21:393000] [Tid0x00002cb4] [debug] <--[C148] FlashTool_ReadPartitionInfo
[0000306] [09:28:21:415000] [Tid0x00002cb4] [debug] -->[C149] FlashTool_Disconnect #./api/api.cpp (line:1033)
[0000307] [09:28:21:436000] [Tid0x00002cb4] [debug] <--[C149] FlashTool_Disconnect
[0000308] [09:28:36:199000] [Tid0x00000678] [debug] -->[C150] DL_GetCount #./api/api.cpp (line:2587)
[0000309] [09:28:36:199000] [Tid0x00000678] [debug] <--[C150] DL_GetCount
[0000310] [09:28:36:199000] [Tid0x00000678] [debug] -->[C151] DL_Rom_GetInfoAll #./api/api.cpp (line:2752)
[0000311] [09:28:36:199000] [Tid0x00000678] [debug] <--[C151] DL_Rom_GetInfoAll
[0000312] [09:28:36:200000] [Tid0x00000678] [debug] -->[C152] DL_GetCount #./api/api.cpp (line:2587)
[0000313] [09:28:36:200000] [Tid0x00000678] [debug] <--[C152] DL_GetCount
[0000314] [09:28:36:200000] [Tid0x00000678] [debug] -->[C153] DL_Rom_GetInfoAll #./api/api.cpp (line:2752)
[0000315] [09:28:36:200000] [Tid0x00000678] [debug] <--[C153] DL_Rom_GetInfoAll
[0000316] [09:28:45:361000] [Tid0x00002c8c] [debug] -->[C154] FlashTool_Connect_BROM_ByName #./api/api.cpp (line:1975)
[0000317] [09:28:45:361000] [Tid0x00002c8c] [debug] -->[C155] FlashTool_Connect_BROM_Ex #./api/api.cpp (line:1880)
[0000318] [09:28:45:361000] [Tid0x00002c8c] [debug] bCheckScatter: 1
[0000319] [09:28:45:361000] [Tid0x00002c8c] [debug] have load scatter already
[0000320] [09:28:45:361000] [Tid0x00002c8c] [debug] libversion 1
[0000321] [09:28:45:945000] [Tid0x00002c8c] [debug] <--[C155] FlashTool_Connect_BROM_Ex
[0000322] [09:28:45:945000] [Tid0x00002c8c] [debug] <--[C154] FlashTool_Connect_BROM_ByName
[0000323] [09:28:45:945000] [Tid0x00002c8c] [debug] -->[C156] FlashTool_GetBootResult #./api/api.cpp (line:1987)
[0000324] [09:28:45:945000] [Tid0x00002c8c] [debug] <--[C156] FlashTool_GetBootResult
[0000325] [09:28:45:945000] [Tid0x00002c8c] [debug] -->[C157] FlashTool_Connect_Download_DA #./api/api.cpp (line:2007)
[0000326] [09:28:45:945000] [Tid0x00002c8c] [debug] bCheckScatter: 1
[0000327] [09:28:48:144000] [Tid0x00002c8c] [debug] <--[C157] FlashTool_Connect_Download_DA
[0000328] [09:28:48:144000] [Tid0x00002c8c] [debug] -->[C158] FlashTool_CheckUSBStatus #./api/api.cpp (line:1154)
[0000329] [09:28:48:145000] [Tid0x00002c8c] [debug] <--[C158] FlashTool_CheckUSBStatus
[0000330] [09:28:48:145000] [Tid0x00002c8c] [debug] -->[C159] FlashTool_CheckUSBStatus #./api/api.cpp (line:1154)
[0000331] [09:28:48:146000] [Tid0x00002c8c] [debug] <--[C159] FlashTool_CheckUSBStatus
[0000332] [09:28:48:146000] [Tid0x00002c8c] [debug] -->[C160] FlashTool_GetReservedRomSize #./api/api.cpp (line:1677)
[0000333] [09:28:48:146000] [Tid0x00002c8c] [debug] <--[C160] FlashTool_GetReservedRomSize
[0000334] [09:28:48:146000] [Tid0x00002c8c] [debug] -->[C161] FlashTool_RomGetCount #./api/api.cpp (line:1702)
[0000335] [09:28:48:147000] [Tid0x00002c8c] [debug] <--[C161] FlashTool_RomGetCount
[0000336] [09:28:48:147000] [Tid0x00002c8c] [debug] -->[C162] FlashTool_RomGetInfoAll #./api/api.cpp (line:1726)
[0000337] [09:28:48:147000] [Tid0x00002c8c] [debug] <--[C162] FlashTool_RomGetInfoAll
[0000338] [09:28:48:147000] [Tid0x00002c8c] [debug] -->[C163] FlashTool_ReadPartitionCount #./api/api.cpp (line:1633)
[0000339] [09:28:48:178000] [Tid0x00002c8c] [debug] <--[C163] FlashTool_ReadPartitionCount
[0000340] [09:28:48:178000] [Tid0x00002c8c] [debug] -->[C164] FlashTool_ReadPartitionInfo #./api/api.cpp (line:1654)
[0000341] [09:28:48:178000] [Tid0x00002c8c] [debug] <--[C164] FlashTool_ReadPartitionInfo
[0000342] [09:28:48:178000] [Tid0x00002c8c] [debug] -->[C165] FlashTool_Disconnect #./api/api.cpp (line:1033)
[0000343] [09:28:48:199000] [Tid0x00002c8c] [debug] <--[C165] FlashTool_Disconnect
[0000344] [09:29:06:119000] [Tid0x00000678] [debug] -->[C166] DL_GetCount #./api/api.cpp (line:2587)
[0000345] [09:29:06:119000] [Tid0x00000678] [debug] <--[C166] DL_GetCount
[0000346] [09:29:06:119000] [Tid0x00000678] [debug] -->[C167] DL_Rom_GetInfoAll #./api/api.cpp (line:2752)
[0000347] [09:29:06:119000] [Tid0x00000678] [debug] <--[C167] DL_Rom_GetInfoAll
[0000348] [09:29:06:120000] [Tid0x00000678] [debug] -->[C168] DL_Rom_SetEnableAttr #./api/api.cpp (line:2806)
[0000349] [09:29:06:120000] [Tid0x00000678] [debug] <--[C168] DL_Rom_SetEnableAttr
[0000350] [09:29:06:121000] [Tid0x00000678] [debug] -->[C169] DL_GetCount #./api/api.cpp (line:2587)
[0000351] [09:29:06:122000] [Tid0x00000678] [debug] <--[C169] DL_GetCount
[0000352] [09:29:06:122000] [Tid0x00000678] [debug] -->[C170] DL_Rom_GetInfoAll #./api/api.cpp (line:2752)
[0000353] [09:29:06:122000] [Tid0x00000678] [debug] <--[C170] DL_Rom_GetInfoAll
[0000354] [09:29:06:122000] [Tid0x00000678] [debug] -->[C171] DL_Rom_SetEnableAttr #./api/api.cpp (line:2806)
[0000355] [09:29:06:123000] [Tid0x00000678] [debug] <--[C171] DL_Rom_SetEnableAttr
[0000356] [09:29:06:124000] [Tid0x00000678] [debug] -->[C172] DL_GetCount #./api/api.cpp (line:2587)
[0000357] [09:29:06:124000] [Tid0x00000678] [debug] <--[C172] DL_GetCount
[0000358] [09:29:06:124000] [Tid0x00000678] [debug] -->[C173] DL_Rom_GetInfoAll #./api/api.cpp (line:2752)
[0000359] [09:29:06:124000] [Tid0x00000678] [debug] <--[C173] DL_Rom_GetInfoAll
[0000360] [09:29:06:125000] [Tid0x00000678] [debug] -->[C174] DL_Rom_SetEnableAttr #./api/api.cpp (line:2806)
[0000361] [09:29:06:125000] [Tid0x00000678] [debug] <--[C174] DL_Rom_SetEnableAttr
[0000362] [09:29:06:126000] [Tid0x00000678] [debug] -->[C175] DL_GetCount #./api/api.cpp (line:2587)
[0000363] [09:29:06:126000] [Tid0x00000678] [debug] <--[C175] DL_GetCount
[0000364] [09:29:06:126000] [Tid0x00000678] [debug] -->[C176] DL_Rom_GetInfoAll #./api/api.cpp (line:2752)
[0000365] [09:29:06:126000] [Tid0x00000678] [debug] <--[C176] DL_Rom_GetInfoAll
[0000366] [09:29:06:126000] [Tid0x00000678] [debug] -->[C177] DL_Rom_SetEnableAttr #./api/api.cpp (line:2806)
[0000367] [09:29:06:126000] [Tid0x00000678] [debug] <--[C177] DL_Rom_SetEnableAttr
[0000368] [09:29:06:127000] [Tid0x00000678] [debug] -->[C178] DL_GetCount #./api/api.cpp (line:2587)
[0000369] [09:29:06:128000] [Tid0x00000678] [debug] <--[C178] DL_GetCount
[0000370] [09:29:06:128000] [Tid0x00000678] [debug] -->[C179] DL_Rom_GetInfoAll #./api/api.cpp (line:2752)
[0000371] [09:29:06:128000] [Tid0x00000678] [debug] <--[C179] DL_Rom_GetInfoAll
[0000372] [09:29:06:128000] [Tid0x00000678] [debug] -->[C180] DL_Rom_SetEnableAttr #./api/api.cpp (line:2806)
[0000373] [09:29:06:128000] [Tid0x00000678] [debug] <--[C180] DL_Rom_SetEnableAttr
[0000374] [09:29:06:129000] [Tid0x00000678] [debug] -->[C181] DL_GetCount #./api/api.cpp (line:2587)
[0000375] [09:29:06:129000] [Tid0x00000678] [debug] <--[C181] DL_GetCount
[0000376] [09:29:06:129000] [Tid0x00000678] [debug] -->[C182] DL_Rom_GetInfoAll #./api/api.cpp (line:2752)
[0000377] [09:29:06:129000] [Tid0x00000678] [debug] <--[C182] DL_Rom_GetInfoAll
[0000378] [09:29:06:130000] [Tid0x00000678] [debug] -->[C183] DL_Rom_SetEnableAttr #./api/api.cpp (line:2806)
[0000379] [09:29:06:130000] [Tid0x00000678] [debug] <--[C183] DL_Rom_SetEnableAttr
[0000380] [09:29:06:131000] [Tid0x00000678] [debug] -->[C184] DL_GetCount #./api/api.cpp (line:2587)
[0000381] [09:29:06:131000] [Tid0x00000678] [debug] <--[C184] DL_GetCount
[0000382] [09:29:06:131000] [Tid0x00000678] [debug] -->[C185] DL_Rom_GetInfoAll #./api/api.cpp (line:2752)
[0000383] [09:29:06:131000] [Tid0x00000678] [debug] <--[C185] DL_Rom_GetInfoAll
[0000384] [09:29:06:131000] [Tid0x00000678] [debug] -->[C186] DL_Rom_SetEnableAttr #./api/api.cpp (line:2806)
[0000385] [09:29:06:131000] [Tid0x00000678] [debug] <--[C186] DL_Rom_SetEnableAttr
[0000386] [09:29:06:132000] [Tid0x00000678] [debug] -->[C187] DL_GetCount #./api/api.cpp (line:2587)
[0000387] [09:29:06:133000] [Tid0x00000678] [debug] <--[C187] DL_GetCount
[0000388] [09:29:06:133000] [Tid0x00000678] [debug] -->[C188] DL_Rom_GetInfoAll #./api/api.cpp (line:2752)
[0000389] [09:29:06:133000] [Tid0x00000678] [debug] <--[C188] DL_Rom_GetInfoAll
[0000390] [09:29:06:133000] [Tid0x00000678] [debug] -->[C189] DL_Rom_SetEnableAttr #./api/api.cpp (line:2806)
[0000391] [09:29:06:133000] [Tid0x00000678] [debug] <--[C189] DL_Rom_SetEnableAttr
[0000392] [09:29:06:134000] [Tid0x00000678] [debug] -->[C190] DL_GetCount #./api/api.cpp (line:2587)
[0000393] [09:29:06:134000] [Tid0x00000678] [debug] <--[C190] DL_GetCount
[0000394] [09:29:06:134000] [Tid0x00000678] [debug] -->[C191] DL_Rom_GetInfoAll #./api/api.cpp (line:2752)
[0000395] [09:29:06:134000] [Tid0x00000678] [debug] <--[C191] DL_Rom_GetInfoAll
[0000396] [09:29:06:135000] [Tid0x00000678] [debug] -->[C192] DL_Rom_SetEnableAttr #./api/api.cpp (line:2806)
[0000397] [09:29:06:135000] [Tid0x00000678] [debug] <--[C192] DL_Rom_SetEnableAttr
[0000398] [09:29:06:138000] [Tid0x00000678] [debug] -->[C193] DL_GetCount #./api/api.cpp (line:2587)
[0000399] [09:29:06:138000] [Tid0x00000678] [debug] <--[C193] DL_GetCount
[0000400] [09:29:06:138000] [Tid0x00000678] [debug] -->[C194] DL_Rom_GetInfoAll #./api/api.cpp (line:2752)
[0000401] [09:29:06:138000] [Tid0x00000678] [debug] <--[C194] DL_Rom_GetInfoAll
[0000402] [09:29:06:138000] [Tid0x00000678] [debug] -->[C195] DL_Rom_SetEnableAttr #./api/api.cpp (line:2806)
[0000403] [09:29:06:138000] [Tid0x00000678] [debug] <--[C195] DL_Rom_SetEnableAttr
[0000404] [09:29:06:139000] [Tid0x00000678] [debug] -->[C196] DL_GetCount #./api/api.cpp (line:2587)
[0000405] [09:29:06:139000] [Tid0x00000678] [debug] <--[C196] DL_GetCount
[0000406] [09:29:06:139000] [Tid0x00000678] [debug] -->[C197] DL_Rom_GetInfoAll #./api/api.cpp (line:2752)
[0000407] [09:29:06:139000] [Tid0x00000678] [debug] <--[C197] DL_Rom_GetInfoAll
[0000408] [09:29:06:139000] [Tid0x00000678] [debug] -->[C198] DL_Rom_SetEnableAttr #./api/api.cpp (line:2806)
[0000409] [09:29:06:139000] [Tid0x00000678] [debug] <--[C198] DL_Rom_SetEnableAttr
[0000410] [09:29:06:140000] [Tid0x00000678] [debug] -->[C199] DL_GetCount #./api/api.cpp (line:2587)
[0000411] [09:29:06:141000] [Tid0x00000678] [debug] <--[C199] DL_GetCount
[0000412] [09:29:06:141000] [Tid0x00000678] [debug] -->[C200] DL_Rom_GetInfoAll #./api/api.cpp (line:2752)
[0000413] [09:29:06:141000] [Tid0x00000678] [debug] <--[C200] DL_Rom_GetInfoAll
[0000414] [09:29:06:141000] [Tid0x00000678] [debug] -->[C201] DL_Rom_SetEnableAttr #./api/api.cpp (line:2806)
[0000415] [09:29:06:141000] [Tid0x00000678] [debug] <--[C201] DL_Rom_SetEnableAttr
[0000416] [09:29:06:144000] [Tid0x00000678] [debug] -->[C202] DL_GetCount #./api/api.cpp (line:2587)
[0000417] [09:29:06:144000] [Tid0x00000678] [debug] <--[C202] DL_GetCount
[0000418] [09:29:06:144000] [Tid0x00000678] [debug] -->[C203] DL_Rom_GetInfoAll #./api/api.cpp (line:2752)
[0000419] [09:29:06:144000] [Tid0x00000678] [debug] <--[C203] DL_Rom_GetInfoAll
[0000420] [09:29:06:144000] [Tid0x00000678] [debug] -->[C204] DL_Rom_SetEnableAttr #./api/api.cpp (line:2806)
[0000421] [09:29:06:144000] [Tid0x00000678] [debug] <--[C204] DL_Rom_SetEnableAttr
[0000422] [09:29:06:145000] [Tid0x00000678] [debug] -->[C205] DL_GetCount #./api/api.cpp (line:2587)
[0000423] [09:29:06:145000] [Tid0x00000678] [debug] <--[C205] DL_GetCount
[0000424] [09:29:06:145000] [Tid0x00000678] [debug] -->[C206] DL_Rom_GetInfoAll #./api/api.cpp (line:2752)
[0000425] [09:29:06:145000] [Tid0x00000678] [debug] <--[C206] DL_Rom_GetInfoAll
[0000426] [09:29:06:145000] [Tid0x00000678] [debug] -->[C207] DL_Rom_SetEnableAttr #./api/api.cpp (line:2806)
[0000427] [09:29:06:145000] [Tid0x00000678] [debug] <--[C207] DL_Rom_SetEnableAttr
[0000428] [09:29:06:146000] [Tid0x00000678] [debug] -->[C208] DL_GetCount #./api/api.cpp (line:2587)
[0000429] [09:29:06:146000] [Tid0x00000678] [debug] <--[C208] DL_GetCount
[0000430] [09:29:06:146000] [Tid0x00000678] [debug] -->[C209] DL_Rom_GetInfoAll #./api/api.cpp (line:2752)
[0000431] [09:29:06:146000] [Tid0x00000678] [debug] <--[C209] DL_Rom_GetInfoAll
[0000432] [09:29:06:146000] [Tid0x00000678] [debug] -->[C210] DL_Rom_SetEnableAttr #./api/api.cpp (line:2806)
[0000433] [09:29:06:146000] [Tid0x00000678] [debug] <--[C210] DL_Rom_SetEnableAttr
[0000434] [09:29:06:147000] [Tid0x00000678] [debug] -->[C211] DL_GetCount #./api/api.cpp (line:2587)
[0000435] [09:29:06:148000] [Tid0x00000678] [debug] <--[C211] DL_GetCount
[0000436] [09:29:06:148000] [Tid0x00000678] [debug] -->[C212] DL_Rom_GetInfoAll #./api/api.cpp (line:2752)
[0000437] [09:29:06:148000] [Tid0x00000678] [debug] <--[C212] DL_Rom_GetInfoAll
[0000438] [09:29:06:148000] [Tid0x00000678] [debug] -->[C213] DL_Rom_SetEnableAttr #./api/api.cpp (line:2806)
[0000439] [09:29:06:148000] [Tid0x00000678] [debug] <--[C213] DL_Rom_SetEnableAttr
[0000440] [09:29:06:149000] [Tid0x00000678] [debug] -->[C214] DL_GetCount #./api/api.cpp (line:2587)
[0000441] [09:29:06:149000] [Tid0x00000678] [debug] <--[C214] DL_GetCount
[0000442] [09:29:06:149000] [Tid0x00000678] [debug] -->[C215] DL_Rom_GetInfoAll #./api/api.cpp (line:2752)
[0000443] [09:29:06:149000] [Tid0x00000678] [debug] <--[C215] DL_Rom_GetInfoAll
[0000444] [09:29:06:149000] [Tid0x00000678] [debug] -->[C216] DL_Rom_SetEnableAttr #./api/api.cpp (line:2806)
[0000445] [09:29:06:149000] [Tid0x00000678] [debug] <--[C216] DL_Rom_SetEnableAttr
[0000446] [09:29:06:151000] [Tid0x00000678] [debug] -->[C217] DL_GetCount #./api/api.cpp (line:2587)
[0000447] [09:29:06:151000] [Tid0x00000678] [debug] <--[C217] DL_GetCount
[0000448] [09:29:06:151000] [Tid0x00000678] [debug] -->[C218] DL_Rom_GetInfoAll #./api/api.cpp (line:2752)
[0000449] [09:29:06:151000] [Tid0x00000678] [debug] <--[C218] DL_Rom_GetInfoAll
[0000450] [09:29:06:151000] [Tid0x00000678] [debug] -->[C219] DL_Rom_SetEnableAttr #./api/api.cpp (line:2806)
[0000451] [09:29:06:151000] [Tid0x00000678] [debug] <--[C219] DL_Rom_SetEnableAttr
[0000452] [09:29:06:152000] [Tid0x00000678] [debug] -->[C220] DL_GetCount #./api/api.cpp (line:2587)
[0000453] [09:29:06:152000] [Tid0x00000678] [debug] <--[C220] DL_GetCount
[0000454] [09:29:06:152000] [Tid0x00000678] [debug] -->[C221] DL_Rom_GetInfoAll #./api/api.cpp (line:2752)
[0000455] [09:29:06:152000] [Tid0x00000678] [debug] <--[C221] DL_Rom_GetInfoAll
[0000456] [09:29:06:153000] [Tid0x00000678] [debug] -->[C222] DL_Rom_SetEnableAttr #./api/api.cpp (line:2806)
[0000457] [09:29:06:153000] [Tid0x00000678] [debug] <--[C222] DL_Rom_SetEnableAttr
[0000458] [09:29:06:154000] [Tid0x00000678] [debug] -->[C223] DL_GetCount #./api/api.cpp (line:2587)
[0000459] [09:29:06:154000] [Tid0x00000678] [debug] <--[C223] DL_GetCount
[0000460] [09:29:06:154000] [Tid0x00000678] [debug] -->[C224] DL_Rom_GetInfoAll #./api/api.cpp (line:2752)
[0000461] [09:29:06:154000] [Tid0x00000678] [debug] <--[C224] DL_Rom_GetInfoAll
[0000462] [09:29:06:154000] [Tid0x00000678] [debug] -->[C225] DL_Rom_SetEnableAttr #./api/api.cpp (line:2806)
[0000463] [09:29:06:154000] [Tid0x00000678] [debug] <--[C225] DL_Rom_SetEnableAttr
[0000464] [09:29:06:155000] [Tid0x00000678] [debug] -->[C226] DL_GetCount #./api/api.cpp (line:2587)
[0000465] [09:29:06:155000] [Tid0x00000678] [debug] <--[C226] DL_GetCount
[0000466] [09:29:06:155000] [Tid0x00000678] [debug] -->[C227] DL_Rom_GetInfoAll #./api/api.cpp (line:2752)
[0000467] [09:29:06:155000] [Tid0x00000678] [debug] <--[C227] DL_Rom_GetInfoAll
[0000468] [09:29:06:156000] [Tid0x00000678] [debug] -->[C228] DL_Rom_SetEnableAttr #./api/api.cpp (line:2806)
[0000469] [09:29:06:156000] [Tid0x00000678] [debug] <--[C228] DL_Rom_SetEnableAttr
[0000470] [09:29:06:157000] [Tid0x00000678] [debug] -->[C229] DL_GetCount #./api/api.cpp (line:2587)
[0000471] [09:29:06:157000] [Tid0x00000678] [debug] <--[C229] DL_GetCount
[0000472] [09:29:06:157000] [Tid0x00000678] [debug] -->[C230] DL_Rom_GetInfoAll #./api/api.cpp (line:2752)
[0000473] [09:29:06:157000] [Tid0x00000678] [debug] <--[C230] DL_Rom_GetInfoAll
[0000474] [09:29:06:158000] [Tid0x00000678] [debug] -->[C231] DL_Rom_SetEnableAttr #./api/api.cpp (line:2806)
[0000475] [09:29:06:158000] [Tid0x00000678] [debug] <--[C231] DL_Rom_SetEnableAttr
[0000476] [09:29:06:159000] [Tid0x00000678] [debug] -->[C232] DL_GetCount #./api/api.cpp (line:2587)
[0000477] [09:29:06:159000] [Tid0x00000678] [debug] <--[C232] DL_GetCount
[0000478] [09:29:06:159000] [Tid0x00000678] [debug] -->[C233] DL_Rom_GetInfoAll #./api/api.cpp (line:2752)
[0000479] [09:29:06:159000] [Tid0x00000678] [debug] <--[C233] DL_Rom_GetInfoAll
[0000480] [09:29:06:160000] [Tid0x00000678] [debug] -->[C234] DL_Rom_SetEnableAttr #./api/api.cpp (line:2806)
[0000481] [09:29:06:160000] [Tid0x00000678] [debug] <--[C234] DL_Rom_SetEnableAttr
[0000482] [09:29:06:161000] [Tid0x00000678] [debug] -->[C235] DL_GetCount #./api/api.cpp (line:2587)
[0000483] [09:29:06:161000] [Tid0x00000678] [debug] <--[C235] DL_GetCount
[0000484] [09:29:06:161000] [Tid0x00000678] [debug] -->[C236] DL_Rom_GetInfoAll #./api/api.cpp (line:2752)
[0000485] [09:29:06:161000] [Tid0x00000678] [debug] <--[C236] DL_Rom_GetInfoAll
[0000486] [09:29:06:162000] [Tid0x00000678] [debug] -->[C237] DL_Rom_SetEnableAttr #./api/api.cpp (line:2806)
[0000487] [09:29:06:162000] [Tid0x00000678] [debug] <--[C237] DL_Rom_SetEnableAttr
[0000488] [09:29:14:599000] [Tid0x00000678] [debug] -->[C238] DL_GetCount #./api/api.cpp (line:2587)
[0000489] [09:29:14:599000] [Tid0x00000678] [debug] <--[C238] DL_GetCount
[0000490] [09:29:14:599000] [Tid0x00000678] [debug] -->[C239] DL_Rom_GetInfoAll #./api/api.cpp (line:2752)
[0000491] [09:29:14:599000] [Tid0x00000678] [debug] <--[C239] DL_Rom_GetInfoAll
[0000492] [09:29:14:600000] [Tid0x00000678] [debug] -->[C240] DL_GetCount #./api/api.cpp (line:2587)
[0000493] [09:29:14:600000] [Tid0x00000678] [debug] <--[C240] DL_GetCount
[0000494] [09:29:14:600000] [Tid0x00000678] [debug] -->[C241] DL_Rom_GetInfoAll #./api/api.cpp (line:2752)
[0000495] [09:29:14:600000] [Tid0x00000678] [debug] <--[C241] DL_Rom_GetInfoAll
[0000496] [09:29:19:794000] [Tid0x00002cf8] [debug] -->[C242] FlashTool_Connect_BROM_ByName #./api/api.cpp (line:1975)
[0000497] [09:29:19:794000] [Tid0x00002cf8] [debug] -->[C243] FlashTool_Connect_BROM_Ex #./api/api.cpp (line:1880)
[0000498] [09:29:19:794000] [Tid0x00002cf8] [debug] bCheckScatter: 1
[0000499] [09:29:19:794000] [Tid0x00002cf8] [debug] have load scatter already
[0000500] [09:29:19:794000] [Tid0x00002cf8] [debug] libversion 1
[0000501] [09:29:20:372000] [Tid0x00002cf8] [debug] <--[C243] FlashTool_Connect_BROM_Ex
[0000502] [09:29:20:372000] [Tid0x00002cf8] [debug] <--[C242] FlashTool_Connect_BROM_ByName
[0000503] [09:29:20:372000] [Tid0x00002cf8] [debug] -->[C244] FlashTool_GetBootResult #./api/api.cpp (line:1987)
[0000504] [09:29:20:372000] [Tid0x00002cf8] [debug] <--[C244] FlashTool_GetBootResult
[0000505] [09:29:20:372000] [Tid0x00002cf8] [debug] -->[C245] FlashTool_Connect_Download_DA #./api/api.cpp (line:2007)
[0000506] [09:29:20:372000] [Tid0x00002cf8] [debug] bCheckScatter: 1
[0000507] [09:29:22:582000] [Tid0x00002cf8] [debug] <--[C245] FlashTool_Connect_Download_DA
[0000508] [09:29:22:582000] [Tid0x00002cf8] [debug] -->[C246] FlashTool_CheckUSBStatus #./api/api.cpp (line:1154)
[0000509] [09:29:22:583000] [Tid0x00002cf8] [debug] <--[C246] FlashTool_CheckUSBStatus
[0000510] [09:29:22:583000] [Tid0x00002cf8] [debug] -->[C247] FlashTool_CheckUSBStatus #./api/api.cpp (line:1154)
[0000511] [09:29:22:583000] [Tid0x00002cf8] [debug] <--[C247] FlashTool_CheckUSBStatus
[0000512] [09:29:22:593000] [Tid0x00002cf8] [debug] -->[C248] FlashTool_GetReservedRomSize #./api/api.cpp (line:1677)
[0000513] [09:29:22:594000] [Tid0x00002cf8] [debug] <--[C248] FlashTool_GetReservedRomSize
[0000514] [09:29:22:594000] [Tid0x00002cf8] [debug] -->[C249] FlashTool_Format #./api/api.cpp (line:1346)
[0000515] [09:29:22:833000] [Tid0x00002cf8] [debug] <--[C249] FlashTool_Format
[0000516] [09:29:22:833000] [Tid0x00002cf8] [debug] -->[C250] FlashTool_GetReservedRomSize #./api/api.cpp (line:1677)
[0000517] [09:29:22:833000] [Tid0x00002cf8] [debug] <--[C250] FlashTool_GetReservedRomSize
[0000518] [09:29:22:833000] [Tid0x00002cf8] [debug] -->[C251] FlashTool_Format #./api/api.cpp (line:1346)
[0000519] [09:29:23:043000] [Tid0x00002cf8] [debug] <--[C251] FlashTool_Format
[0000520] [09:29:23:043000] [Tid0x00002cf8] [debug] -->[C252] FlashTool_GetReservedRomSize #./api/api.cpp (line:1677)
[0000521] [09:29:23:043000] [Tid0x00002cf8] [debug] <--[C252] FlashTool_GetReservedRomSize
[0000522] [09:29:23:043000] [Tid0x00002cf8] [debug] -->[C253] FlashTool_Format #./api/api.cpp (line:1346)
[0000523] [09:29:23:248000] [Tid0x00002cf8] [debug] <--[C253] FlashTool_Format
[0000524] [09:29:23:249000] [Tid0x00002cf8] [debug] -->[C254] FlashTool_GetReservedRomSize #./api/api.cpp (line:1677)
[0000525] [09:29:23:249000] [Tid0x00002cf8] [debug] <--[C254] FlashTool_GetReservedRomSize
[0000526] [09:29:23:249000] [Tid0x00002cf8] [debug] -->[C255] FlashTool_Format #./api/api.cpp (line:1346)
[0000527] [09:29:24:295000] [Tid0x00002cf8] [debug] <--[C255] FlashTool_Format
[0000528] [09:29:24:295000] [Tid0x00002cf8] [debug] -->[C256] FlashTool_Download #./api/api.cpp (line:1300)
[0000529] [09:36:05:497000] [Tid0x00002cf8] [debug] <--[C256] FlashTool_Download
[0000530] [09:36:05:497000] [Tid0x00002cf8] [debug] -->[C257] DL_GetCount #./api/api.cpp (line:2587)
[0000531] [09:36:05:497000] [Tid0x00002cf8] [debug] <--[C257] DL_GetCount
[0000532] [09:36:05:497000] [Tid0x00002cf8] [debug] -->[C258] DL_Rom_GetInfoAll #./api/api.cpp (line:2752)
[0000533] [09:36:05:497000] [Tid0x00002cf8] [debug] <--[C258] DL_Rom_GetInfoAll
[0000534] [09:36:05:497000] [Tid0x00002cf8] [debug] -->[C259] FlashTool_Disconnect #./api/api.cpp (line:1033)
[0000535] [09:36:05:518000] [Tid0x00002cf8] [debug] <--[C259] FlashTool_Disconnect
[0000536] [11:13:33:284000] [Tid0x00002d18] [debug] -->[C260] DL_LoadScatter #./api/api.cpp (line:2474)
[0000537] [11:13:34:175000] [Tid0x00002d18] [debug] used lib version: 1
[0000538] [11:13:34:175000] [Tid0x00002d18] [debug] <--[C260] DL_LoadScatter
[0000539] [11:13:34:175000] [Tid0x00002d18] [debug] -->[C261] DL_AutoLoadRomImages #./api/api.cpp (line:2667)
[0000540] [11:13:34:268000] [Tid0x00002d18] [debug] <--[C261] DL_AutoLoadRomImages
[0000541] [11:13:34:371000] [Tid0x00000678] [debug] -->[C262] DL_GetCount #./api/api.cpp (line:2587)
[0000542] [11:13:34:371000] [Tid0x00000678] [debug] <--[C262] DL_GetCount
[0000543] [11:13:34:371000] [Tid0x00000678] [debug] -->[C263] DL_Rom_GetInfoAll #./api/api.cpp (line:2752)
[0000544] [11:13:34:372000] [Tid0x00000678] [debug] <--[C263] DL_Rom_GetInfoAll
[0000545] [11:13:34:400000] [Tid0x00000678] [debug] -->[C264] DL_GetScatterInfo #./api/api.cpp (line:2688)
[0000546] [11:13:34:400000] [Tid0x00000678] [debug] <--[C264] DL_GetScatterInfo
[0000547] [11:13:34:649000] [Tid0x00000678] [debug] -->[C265] DL_GetCount #./api/api.cpp (line:2587)
[0000548] [11:13:34:649000] [Tid0x00000678] [debug] <--[C265] DL_GetCount
[0000549] [11:13:34:649000] [Tid0x00000678] [debug] -->[C266] DL_Rom_GetInfoAll #./api/api.cpp (line:2752)
[0000550] [11:13:34:649000] [Tid0x00000678] [debug] <--[C266] DL_Rom_GetInfoAll
[0000551] [11:13:34:651000] [Tid0x00000678] [debug] -->[C267] DL_Rom_SetEnableAttr #./api/api.cpp (line:2806)
[0000552] [11:13:34:651000] [Tid0x00000678] [debug] <--[C267] DL_Rom_SetEnableAttr
[0000553] [11:13:34:653000] [Tid0x00000678] [debug] -->[C268] DL_GetCount #./api/api.cpp (line:2587)
[0000554] [11:13:34:653000] [Tid0x00000678] [debug] <--[C268] DL_GetCount
[0000555] [11:13:34:653000] [Tid0x00000678] [debug] -->[C269] DL_Rom_GetInfoAll #./api/api.cpp (line:2752)
[0000556] [11:13:34:653000] [Tid0x00000678] [debug] <--[C269] DL_Rom_GetInfoAll
[0000557] [11:13:34:654000] [Tid0x00000678] [debug] -->[C270] DL_Rom_SetEnableAttr #./api/api.cpp (line:2806)
[0000558] [11:13:34:654000] [Tid0x00000678] [debug] <--[C270] DL_Rom_SetEnableAttr
[0000559] [11:13:34:655000] [Tid0x00000678] [debug] -->[C271] DL_GetCount #./api/api.cpp (line:2587)
[0000560] [11:13:34:655000] [Tid0x00000678] [debug] <--[C271] DL_GetCount
[0000561] [11:13:34:655000] [Tid0x00000678] [debug] -->[C272] DL_Rom_GetInfoAll #./api/api.cpp (line:2752)
[0000562] [11:13:34:655000] [Tid0x00000678] [debug] <--[C272] DL_Rom_GetInfoAll
[0000563] [11:13:34:656000] [Tid0x00000678] [debug] -->[C273] DL_Rom_SetEnableAttr #./api/api.cpp (line:2806)
[0000564] [11:13:34:656000] [Tid0x00000678] [debug] <--[C273] DL_Rom_SetEnableAttr
[0000565] [11:13:34:658000] [Tid0x00000678] [debug] -->[C274] DL_GetCount #./api/api.cpp (line:2587)
[0000566] [11:13:34:659000] [Tid0x00000678] [debug] <--[C274] DL_GetCount
[0000567] [11:13:34:659000] [Tid0x00000678] [debug] -->[C275] DL_Rom_GetInfoAll #./api/api.cpp (line:2752)
[0000568] [11:13:34:659000] [Tid0x00000678] [debug] <--[C275] DL_Rom_GetInfoAll
[0000569] [11:13:34:661000] [Tid0x00000678] [debug] -->[C276] DL_Rom_SetEnableAttr #./api/api.cpp (line:2806)
[0000570] [11:13:34:661000] [Tid0x00000678] [debug] <--[C276] DL_Rom_SetEnableAttr
[0000571] [11:13:34:662000] [Tid0x00000678] [debug] -->[C277] DL_GetCount #./api/api.cpp (line:2587)
[0000572] [11:13:34:662000] [Tid0x00000678] [debug] <--[C277] DL_GetCount
[0000573] [11:13:34:662000] [Tid0x00000678] [debug] -->[C278] DL_Rom_GetInfoAll #./api/api.cpp (line:2752)
[0000574] [11:13:34:662000] [Tid0x00000678] [debug] <--[C278] DL_Rom_GetInfoAll
[0000575] [11:13:34:662000] [Tid0x00000678] [debug] -->[C279] DL_Rom_SetEnableAttr #./api/api.cpp (line:2806)
[0000576] [11:13:34:662000] [Tid0x00000678] [debug] <--[C279] DL_Rom_SetEnableAttr
[0000577] [11:13:34:664000] [Tid0x00000678] [debug] -->[C280] DL_GetCount #./api/api.cpp (line:2587)
[0000578] [11:13:34:665000] [Tid0x00000678] [debug] <--[C280] DL_GetCount
[0000579] [11:13:34:665000] [Tid0x00000678] [debug] -->[C281] DL_Rom_GetInfoAll #./api/api.cpp (line:2752)
[0000580] [11:13:34:665000] [Tid0x00000678] [debug] <--[C281] DL_Rom_GetInfoAll
[0000581] [11:13:34:665000] [Tid0x00000678] [debug] -->[C282] DL_Rom_SetEnableAttr #./api/api.cpp (line:2806)
[0000582] [11:13:34:665000] [Tid0x00000678] [debug] <--[C282] DL_Rom_SetEnableAttr
[0000583] [11:13:34:666000] [Tid0x00000678] [debug] -->[C283] DL_GetCount #./api/api.cpp (line:2587)
[0000584] [11:13:34:666000] [Tid0x00000678] [debug] <--[C283] DL_GetCount
[0000585] [11:13:34:666000] [Tid0x00000678] [debug] -->[C284] DL_Rom_GetInfoAll #./api/api.cpp (line:2752)
[0000586] [11:13:34:666000] [Tid0x00000678] [debug] <--[C284] DL_Rom_GetInfoAll
[0000587] [11:13:34:667000] [Tid0x00000678] [debug] -->[C285] DL_Rom_SetEnableAttr #./api/api.cpp (line:2806)
[0000588] [11:13:34:667000] [Tid0x00000678] [debug] <--[C285] DL_Rom_SetEnableAttr
[0000589] [11:13:34:669000] [Tid0x00000678] [debug] -->[C286] DL_GetCount #./api/api.cpp (line:2587)
[0000590] [11:13:34:669000] [Tid0x00000678] [debug] <--[C286] DL_GetCount
[0000591] [11:13:34:669000] [Tid0x00000678] [debug] -->[C287] DL_Rom_GetInfoAll #./api/api.cpp (line:2752)
[0000592] [11:13:34:669000] [Tid0x00000678] [debug] <--[C287] DL_Rom_GetInfoAll
[0000593] [11:13:34:670000] [Tid0x00000678] [debug] -->[C288] DL_Rom_SetEnableAttr #./api/api.cpp (line:2806)
[0000594] [11:13:34:670000] [Tid0x00000678] [debug] <--[C288] DL_Rom_SetEnableAttr
[0000595] [11:13:34:671000] [Tid0x00000678] [debug] -->[C289] DL_GetCount #./api/api.cpp (line:2587)
[0000596] [11:13:34:671000] [Tid0x00000678] [debug] <--[C289] DL_GetCount
[0000597] [11:13:34:671000] [Tid0x00000678] [debug] -->[C290] DL_Rom_GetInfoAll #./api/api.cpp (line:2752)
[0000598] [11:13:34:671000] [Tid0x00000678] [debug] <--[C290] DL_Rom_GetInfoAll
[0000599] [11:13:34:672000] [Tid0x00000678] [debug] -->[C291] DL_Rom_SetEnableAttr #./api/api.cpp (line:2806)
[0000600] [11:13:34:672000] [Tid0x00000678] [debug] <--[C291] DL_Rom_SetEnableAttr
[0000601] [11:13:34:675000] [Tid0x00000678] [debug] -->[C292] DL_GetCount #./api/api.cpp (line:2587)
[0000602] [11:13:34:675000] [Tid0x00000678] [debug] <--[C292] DL_GetCount
[0000603] [11:13:34:675000] [Tid0x00000678] [debug] -->[C293] DL_Rom_GetInfoAll #./api/api.cpp (line:2752)
[0000604] [11:13:34:675000] [Tid0x00000678] [debug] <--[C293] DL_Rom_GetInfoAll
[0000605] [11:13:34:676000] [Tid0x00000678] [debug] -->[C294] DL_Rom_SetEnableAttr #./api/api.cpp (line:2806)
[0000606] [11:13:34:676000] [Tid0x00000678] [debug] <--[C294] DL_Rom_SetEnableAttr
[0000607] [11:13:34:677000] [Tid0x00000678] [debug] -->[C295] DL_GetCount #./api/api.cpp (line:2587)
[0000608] [11:13:34:677000] [Tid0x00000678] [debug] <--[C295] DL_GetCount
[0000609] [11:13:34:677000] [Tid0x00000678] [debug] -->[C296] DL_Rom_GetInfoAll #./api/api.cpp (line:2752)
[0000610] [11:13:34:677000] [Tid0x00000678] [debug] <--[C296] DL_Rom_GetInfoAll
[0000611] [11:13:34:678000] [Tid0x00000678] [debug] -->[C297] DL_Rom_SetEnableAttr #./api/api.cpp (line:2806)
[0000612] [11:13:34:678000] [Tid0x00000678] [debug] <--[C297] DL_Rom_SetEnableAttr
[0000613] [11:13:34:680000] [Tid0x00000678] [debug] -->[C298] DL_GetCount #./api/api.cpp (line:2587)
[0000614] [11:13:34:680000] [Tid0x00000678] [debug] <--[C298] DL_GetCount
[0000615] [11:13:34:680000] [Tid0x00000678] [debug] -->[C299] DL_Rom_GetInfoAll #./api/api.cpp (line:2752)
[0000616] [11:13:34:680000] [Tid0x00000678] [debug] <--[C299] DL_Rom_GetInfoAll
[0000617] [11:13:34:681000] [Tid0x00000678] [debug] -->[C300] DL_Rom_SetEnableAttr #./api/api.cpp (line:2806)
[0000618] [11:13:34:681000] [Tid0x00000678] [debug] <--[C300] DL_Rom_SetEnableAttr
[0000619] [11:13:34:702000] [Tid0x00000678] [debug] -->[C301] DL_GetCount #./api/api.cpp (line:2587)
[0000620] [11:13:34:702000] [Tid0x00000678] [debug] <--[C301] DL_GetCount
[0000621] [11:13:34:702000] [Tid0x00000678] [debug] -->[C302] DL_Rom_GetInfoAll #./api/api.cpp (line:2752)
[0000622] [11:13:34:702000] [Tid0x00000678] [debug] <--[C302] DL_Rom_GetInfoAll
[0000623] [11:13:34:703000] [Tid0x00000678] [debug] -->[C303] DL_Rom_SetEnableAttr #./api/api.cpp (line:2806)
[0000624] [11:13:34:703000] [Tid0x00000678] [debug] <--[C303] DL_Rom_SetEnableAttr
[0000625] [11:13:34:706000] [Tid0x00000678] [debug] -->[C304] DL_GetCount #./api/api.cpp (line:2587)
[0000626] [11:13:34:706000] [Tid0x00000678] [debug] <--[C304] DL_GetCount
[0000627] [11:13:34:706000] [Tid0x00000678] [debug] -->[C305] DL_Rom_GetInfoAll #./api/api.cpp (line:2752)
[0000628] [11:13:34:706000] [Tid0x00000678] [debug] <--[C305] DL_Rom_GetInfoAll
[0000629] [11:13:34:707000] [Tid0x00000678] [debug] -->[C306] DL_Rom_SetEnableAttr #./api/api.cpp (line:2806)
[0000630] [11:13:34:707000] [Tid0x00000678] [debug] <--[C306] DL_Rom_SetEnableAttr
[0000631] [11:13:34:708000] [Tid0x00000678] [debug] -->[C307] DL_GetCount #./api/api.cpp (line:2587)
[0000632] [11:13:34:708000] [Tid0x00000678] [debug] <--[C307] DL_GetCount
[0000633] [11:13:34:708000] [Tid0x00000678] [debug] -->[C308] DL_Rom_GetInfoAll #./api/api.cpp (line:2752)
[0000634] [11:13:34:708000] [Tid0x00000678] [debug] <--[C308] DL_Rom_GetInfoAll
[0000635] [11:13:34:709000] [Tid0x00000678] [debug] -->[C309] DL_Rom_SetEnableAttr #./api/api.cpp (line:2806)
[0000636] [11:13:34:709000] [Tid0x00000678] [debug] <--[C309] DL_Rom_SetEnableAttr
[0000637] [11:13:34:711000] [Tid0x00000678] [debug] -->[C310] DL_GetCount #./api/api.cpp (line:2587)
[0000638] [11:13:34:711000] [Tid0x00000678] [debug] <--[C310] DL_GetCount
[0000639] [11:13:34:712000] [Tid0x00000678] [debug] -->[C311] DL_Rom_GetInfoAll #./api/api.cpp (line:2752)
[0000640] [11:13:34:712000] [Tid0x00000678] [debug] <--[C311] DL_Rom_GetInfoAll
[0000641] [11:13:34:713000] [Tid0x00000678] [debug] -->[C312] DL_Rom_SetEnableAttr #./api/api.cpp (line:2806)
[0000642] [11:13:34:713000] [Tid0x00000678] [debug] <--[C312] DL_Rom_SetEnableAttr
[0000643] [11:13:34:714000] [Tid0x00000678] [debug] -->[C313] DL_GetCount #./api/api.cpp (line:2587)
[0000644] [11:13:34:714000] [Tid0x00000678] [debug] <--[C313] DL_GetCount
[0000645] [11:13:34:714000] [Tid0x00000678] [debug] -->[C314] DL_Rom_GetInfoAll #./api/api.cpp (line:2752)
[0000646] [11:13:34:714000] [Tid0x00000678] [debug] <--[C314] DL_Rom_GetInfoAll
[0000647] [11:13:34:715000] [Tid0x00000678] [debug] -->[C315] DL_Rom_SetEnableAttr #./api/api.cpp (line:2806)
[0000648] [11:13:34:715000] [Tid0x00000678] [debug] <--[C315] DL_Rom_SetEnableAttr
[0000649] [11:13:34:718000] [Tid0x00000678] [debug] -->[C316] DL_GetCount #./api/api.cpp (line:2587)
[0000650] [11:13:34:718000] [Tid0x00000678] [debug] <--[C316] DL_GetCount
[0000651] [11:13:34:718000] [Tid0x00000678] [debug] -->[C317] DL_Rom_GetInfoAll #./api/api.cpp (line:2752)
[0000652] [11:13:34:718000] [Tid0x00000678] [debug] <--[C317] DL_Rom_GetInfoAll
[0000653] [11:13:34:719000] [Tid0x00000678] [debug] -->[C318] DL_Rom_SetEnableAttr #./api/api.cpp (line:2806)
[0000654] [11:13:34:719000] [Tid0x00000678] [debug] <--[C318] DL_Rom_SetEnableAttr
[0000655] [11:13:34:729000] [Tid0x00000678] [debug] -->[C319] DL_GetCount #./api/api.cpp (line:2587)
[0000656] [11:13:34:730000] [Tid0x00000678] [debug] <--[C319] DL_GetCount
[0000657] [11:13:34:730000] [Tid0x00000678] [debug] -->[C320] DL_Rom_GetInfoAll #./api/api.cpp (line:2752)
[0000658] [11:13:34:730000] [Tid0x00000678] [debug] <--[C320] DL_Rom_GetInfoAll
[0000659] [11:13:34:730000] [Tid0x00000678] [debug] -->[C321] DL_Rom_SetEnableAttr #./api/api.cpp (line:2806)
[0000660] [11:13:34:730000] [Tid0x00000678] [debug] <--[C321] DL_Rom_SetEnableAttr
[0000661] [11:13:34:731000] [Tid0x00000678] [debug] -->[C322] DL_GetCount #./api/api.cpp (line:2587)
[0000662] [11:13:34:731000] [Tid0x00000678] [debug] <--[C322] DL_GetCount
[0000663] [11:13:34:731000] [Tid0x00000678] [debug] -->[C323] DL_Rom_GetInfoAll #./api/api.cpp (line:2752)
[0000664] [11:13:34:731000] [Tid0x00000678] [debug] <--[C323] DL_Rom_GetInfoAll
[0000665] [11:13:34:732000] [Tid0x00000678] [debug] -->[C324] DL_Rom_SetEnableAttr #./api/api.cpp (line:2806)
[0000666] [11:13:34:732000] [Tid0x00000678] [debug] <--[C324] DL_Rom_SetEnableAttr
[0000667] [11:13:34:734000] [Tid0x00000678] [debug] -->[C325] DL_GetCount #./api/api.cpp (line:2587)
[0000668] [11:13:34:734000] [Tid0x00000678] [debug] <--[C325] DL_GetCount
[0000669] [11:13:34:734000] [Tid0x00000678] [debug] -->[C326] DL_Rom_GetInfoAll #./api/api.cpp (line:2752)
[0000670] [11:13:34:734000] [Tid0x00000678] [debug] <--[C326] DL_Rom_GetInfoAll
[0000671] [11:13:34:735000] [Tid0x00000678] [debug] -->[C327] DL_Rom_SetEnableAttr #./api/api.cpp (line:2806)
[0000672] [11:13:34:735000] [Tid0x00000678] [debug] <--[C327] DL_Rom_SetEnableAttr
[0000673] [11:13:34:737000] [Tid0x00000678] [debug] -->[C328] DL_GetCount #./api/api.cpp (line:2587)
[0000674] [11:13:34:737000] [Tid0x00000678] [debug] <--[C328] DL_GetCount
[0000675] [11:13:34:737000] [Tid0x00000678] [debug] -->[C329] DL_Rom_GetInfoAll #./api/api.cpp (line:2752)
[0000676] [11:13:34:737000] [Tid0x00000678] [debug] <--[C329] DL_Rom_GetInfoAll
[0000677] [11:13:34:738000] [Tid0x00000678] [debug] -->[C330] DL_Rom_SetEnableAttr #./api/api.cpp (line:2806)
[0000678] [11:13:34:738000] [Tid0x00000678] [debug] <--[C330] DL_Rom_SetEnableAttr
[0000679] [11:13:34:743000] [Tid0x00000678] [debug] -->[C331] DL_GetCount #./api/api.cpp (line:2587)
[0000680] [11:13:34:743000] [Tid0x00000678] [debug] <--[C331] DL_GetCount
[0000681] [11:13:34:743000] [Tid0x00000678] [debug] -->[C332] DL_Rom_GetInfoAll #./api/api.cpp (line:2752)
[0000682] [11:13:34:743000] [Tid0x00000678] [debug] <--[C332] DL_Rom_GetInfoAll
[0000683] [11:13:34:744000] [Tid0x00000678] [debug] -->[C333] DL_Rom_SetEnableAttr #./api/api.cpp (line:2806)
[0000684] [11:13:34:744000] [Tid0x00000678] [debug] <--[C333] DL_Rom_SetEnableAttr
[0000685] [11:13:34:748000] [Tid0x00000678] [debug] -->[C334] DL_GetCount #./api/api.cpp (line:2587)
[0000686] [11:13:34:748000] [Tid0x00000678] [debug] <--[C334] DL_GetCount
[0000687] [11:13:34:748000] [Tid0x00000678] [debug] -->[C335] DL_Rom_GetInfoAll #./api/api.cpp (line:2752)
[0000688] [11:13:34:748000] [Tid0x00000678] [debug] <--[C335] DL_Rom_GetInfoAll
[0000689] [11:13:34:749000] [Tid0x00000678] [debug] -->[C336] DL_Rom_SetEnableAttr #./api/api.cpp (line:2806)
[0000690] [11:13:34:749000] [Tid0x00000678] [debug] <--[C336] DL_Rom_SetEnableAttr
[0000691] [11:13:34:749000] [Tid0x00000678] [debug] -->[C337] DL_GetCount #./api/api.cpp (line:2587)
[0000692] [11:13:34:749000] [Tid0x00000678] [debug] <--[C337] DL_GetCount
[0000693] [11:13:34:749000] [Tid0x00000678] [debug] -->[C338] DL_Rom_GetInfoAll #./api/api.cpp (line:2752)
[0000694] [11:13:34:750000] [Tid0x00000678] [debug] <--[C338] DL_Rom_GetInfoAll
[0000695] [11:13:34:750000] [Tid0x00000678] [debug] -->[C339] DL_Rom_SetEnableAttr #./api/api.cpp (line:2806)
[0000696] [11:13:34:750000] [Tid0x00000678] [debug] <--[C339] DL_Rom_SetEnableAttr
[0000697] [11:13:34:752000] [Tid0x00000678] [debug] -->[C340] DL_GetCount #./api/api.cpp (line:2587)
[0000698] [11:13:34:752000] [Tid0x00000678] [debug] <--[C340] DL_GetCount
[0000699] [11:13:34:752000] [Tid0x00000678] [debug] -->[C341] DL_Rom_GetInfoAll #./api/api.cpp (line:2752)
[0000700] [11:13:34:752000] [Tid0x00000678] [debug] <--[C341] DL_Rom_GetInfoAll
[0000701] [11:13:34:753000] [Tid0x00000678] [debug] -->[C342] DL_Rom_SetEnableAttr #./api/api.cpp (line:2806)
[0000702] [11:13:34:753000] [Tid0x00000678] [debug] <--[C342] DL_Rom_SetEnableAttr
[0000703] [11:13:34:757000] [Tid0x00000678] [debug] -->[C343] DL_GetCount #./api/api.cpp (line:2587)
[0000704] [11:13:34:758000] [Tid0x00000678] [debug] <--[C343] DL_GetCount
[0000705] [11:13:34:758000] [Tid0x00000678] [debug] -->[C344] DL_Rom_GetInfoAll #./api/api.cpp (line:2752)
[0000706] [11:13:34:758000] [Tid0x00000678] [debug] <--[C344] DL_Rom_GetInfoAll
[0000707] [11:13:34:759000] [Tid0x00000678] [debug] -->[C345] DL_Rom_SetEnableAttr #./api/api.cpp (line:2806)
[0000708] [11:13:34:759000] [Tid0x00000678] [debug] <--[C345] DL_Rom_SetEnableAttr
[0000709] [11:13:34:760000] [Tid0x00000678] [debug] -->[C346] DL_SetChecksumLevel #./api/api.cpp (line:2516)
[0000710] [11:13:34:760000] [Tid0x00000678] [debug] <--[C346] DL_SetChecksumLevel
[0000711] [11:13:35:961000] [Tid0x00000678] [debug] -->[C347] DL_GetCount #./api/api.cpp (line:2587)
[0000712] [11:13:35:961000] [Tid0x00000678] [debug] <--[C347] DL_GetCount
[0000713] [11:13:35:961000] [Tid0x00000678] [debug] -->[C348] DL_Rom_GetInfoAll #./api/api.cpp (line:2752)
[0000714] [11:13:35:961000] [Tid0x00000678] [debug] <--[C348] DL_Rom_GetInfoAll
[0000715] [11:13:35:963000] [Tid0x00000678] [debug] -->[C349] DL_Rom_SetEnableAttr #./api/api.cpp (line:2806)
[0000716] [11:13:35:963000] [Tid0x00000678] [debug] <--[C349] DL_Rom_SetEnableAttr
[0000717] [11:13:35:964000] [Tid0x00000678] [debug] -->[C350] DL_GetCount #./api/api.cpp (line:2587)
[0000718] [11:13:35:964000] [Tid0x00000678] [debug] <--[C350] DL_GetCount
[0000719] [11:13:35:964000] [Tid0x00000678] [debug] -->[C351] DL_Rom_GetInfoAll #./api/api.cpp (line:2752)
[0000720] [11:13:35:964000] [Tid0x00000678] [debug] <--[C351] DL_Rom_GetInfoAll
[0000721] [11:13:35:965000] [Tid0x00000678] [debug] -->[C352] DL_Rom_SetEnableAttr #./api/api.cpp (line:2806)
[0000722] [11:13:35:965000] [Tid0x00000678] [debug] <--[C352] DL_Rom_SetEnableAttr
[0000723] [11:13:35:966000] [Tid0x00000678] [debug] -->[C353] DL_GetCount #./api/api.cpp (line:2587)
[0000724] [11:13:35:966000] [Tid0x00000678] [debug] <--[C353] DL_GetCount
[0000725] [11:13:35:966000] [Tid0x00000678] [debug] -->[C354] DL_Rom_GetInfoAll #./api/api.cpp (line:2752)
[0000726] [11:13:35:966000] [Tid0x00000678] [debug] <--[C354] DL_Rom_GetInfoAll
[0000727] [11:13:35:967000] [Tid0x00000678] [debug] -->[C355] DL_Rom_SetEnableAttr #./api/api.cpp (line:2806)
[0000728] [11:13:35:967000] [Tid0x00000678] [debug] <--[C355] DL_Rom_SetEnableAttr
[0000729] [11:13:35:968000] [Tid0x00000678] [debug] -->[C356] DL_GetCount #./api/api.cpp (line:2587)
[0000730] [11:13:35:968000] [Tid0x00000678] [debug] <--[C356] DL_GetCount
[0000731] [11:13:35:968000] [Tid0x00000678] [debug] -->[C357] DL_Rom_GetInfoAll #./api/api.cpp (line:2752)
[0000732] [11:13:35:968000] [Tid0x00000678] [debug] <--[C357] DL_Rom_GetInfoAll
[0000733] [11:13:35:969000] [Tid0x00000678] [debug] -->[C358] DL_Rom_SetEnableAttr #./api/api.cpp (line:2806)
[0000734] [11:13:35:969000] [Tid0x00000678] [debug] <--[C358] DL_Rom_SetEnableAttr
[0000735] [11:13:35:970000] [Tid0x00000678] [debug] -->[C359] DL_GetCount #./api/api.cpp (line:2587)
[0000736] [11:13:35:970000] [Tid0x00000678] [debug] <--[C359] DL_GetCount
[0000737] [11:13:35:970000] [Tid0x00000678] [debug] -->[C360] DL_Rom_GetInfoAll #./api/api.cpp (line:2752)
[0000738] [11:13:35:970000] [Tid0x00000678] [debug] <--[C360] DL_Rom_GetInfoAll
[0000739] [11:13:35:971000] [Tid0x00000678] [debug] -->[C361] DL_Rom_SetEnableAttr #./api/api.cpp (line:2806)
[0000740] [11:13:35:971000] [Tid0x00000678] [debug] <--[C361] DL_Rom_SetEnableAttr
[0000741] [11:13:35:972000] [Tid0x00000678] [debug] -->[C362] DL_GetCount #./api/api.cpp (line:2587)
[0000742] [11:13:35:972000] [Tid0x00000678] [debug] <--[C362] DL_GetCount
[0000743] [11:13:35:972000] [Tid0x00000678] [debug] -->[C363] DL_Rom_GetInfoAll #./api/api.cpp (line:2752)
[0000744] [11:13:35:972000] [Tid0x00000678] [debug] <--[C363] DL_Rom_GetInfoAll
[0000745] [11:13:35:973000] [Tid0x00000678] [debug] -->[C364] DL_Rom_SetEnableAttr #./api/api.cpp (line:2806)
[0000746] [11:13:35:973000] [Tid0x00000678] [debug] <--[C364] DL_Rom_SetEnableAttr
[0000747] [11:13:35:974000] [Tid0x00000678] [debug] -->[C365] DL_GetCount #./api/api.cpp (line:2587)
[0000748] [11:13:35:974000] [Tid0x00000678] [debug] <--[C365] DL_GetCount
[0000749] [11:13:35:974000] [Tid0x00000678] [debug] -->[C366] DL_Rom_GetInfoAll #./api/api.cpp (line:2752)
[0000750] [11:13:35:974000] [Tid0x00000678] [debug] <--[C366] DL_Rom_GetInfoAll
[0000751] [11:13:35:975000] [Tid0x00000678] [debug] -->[C367] DL_Rom_SetEnableAttr #./api/api.cpp (line:2806)
[0000752] [11:13:35:975000] [Tid0x00000678] [debug] <--[C367] DL_Rom_SetEnableAttr
[0000753] [11:13:35:976000] [Tid0x00000678] [debug] -->[C368] DL_GetCount #./api/api.cpp (line:2587)
[0000754] [11:13:35:976000] [Tid0x00000678] [debug] <--[C368] DL_GetCount
[0000755] [11:13:35:976000] [Tid0x00000678] [debug] -->[C369] DL_Rom_GetInfoAll #./api/api.cpp (line:2752)
[0000756] [11:13:35:976000] [Tid0x00000678] [debug] <--[C369] DL_Rom_GetInfoAll
[0000757] [11:13:35:976000] [Tid0x00000678] [debug] -->[C370] DL_Rom_SetEnableAttr #./api/api.cpp (line:2806)
[0000758] [11:13:35:976000] [Tid0x00000678] [debug] <--[C370] DL_Rom_SetEnableAttr
[0000759] [11:13:35:977000] [Tid0x00000678] [debug] -->[C371] DL_GetCount #./api/api.cpp (line:2587)
[0000760] [11:13:35:977000] [Tid0x00000678] [debug] <--[C371] DL_GetCount
[0000761] [11:13:35:977000] [Tid0x00000678] [debug] -->[C372] DL_Rom_GetInfoAll #./api/api.cpp (line:2752)
[0000762] [11:13:35:977000] [Tid0x00000678] [debug] <--[C372] DL_Rom_GetInfoAll
[0000763] [11:13:35:978000] [Tid0x00000678] [debug] -->[C373] DL_Rom_SetEnableAttr #./api/api.cpp (line:2806)
[0000764] [11:13:35:978000] [Tid0x00000678] [debug] <--[C373] DL_Rom_SetEnableAttr
[0000765] [11:13:35:979000] [Tid0x00000678] [debug] -->[C374] DL_GetCount #./api/api.cpp (line:2587)
[0000766] [11:13:35:979000] [Tid0x00000678] [debug] <--[C374] DL_GetCount
[0000767] [11:13:35:979000] [Tid0x00000678] [debug] -->[C375] DL_Rom_GetInfoAll #./api/api.cpp (line:2752)
[0000768] [11:13:35:979000] [Tid0x00000678] [debug] <--[C375] DL_Rom_GetInfoAll
[0000769] [11:13:35:979000] [Tid0x00000678] [debug] -->[C376] DL_Rom_SetEnableAttr #./api/api.cpp (line:2806)
[0000770] [11:13:35:979000] [Tid0x00000678] [debug] <--[C376] DL_Rom_SetEnableAttr
[0000771] [11:13:35:980000] [Tid0x00000678] [debug] -->[C377] DL_GetCount #./api/api.cpp (line:2587)
[0000772] [11:13:35:980000] [Tid0x00000678] [debug] <--[C377] DL_GetCount
[0000773] [11:13:35:980000] [Tid0x00000678] [debug] -->[C378] DL_Rom_GetInfoAll #./api/api.cpp (line:2752)
[0000774] [11:13:35:980000] [Tid0x00000678] [debug] <--[C378] DL_Rom_GetInfoAll
[0000775] [11:13:35:980000] [Tid0x00000678] [debug] -->[C379] DL_Rom_SetEnableAttr #./api/api.cpp (line:2806)
[0000776] [11:13:35:980000] [Tid0x00000678] [debug] <--[C379] DL_Rom_SetEnableAttr
[0000777] [11:13:35:981000] [Tid0x00000678] [debug] -->[C380] DL_GetCount #./api/api.cpp (line:2587)
[0000778] [11:13:35:982000] [Tid0x00000678] [debug] <--[C380] DL_GetCount
[0000779] [11:13:35:982000] [Tid0x00000678] [debug] -->[C381] DL_Rom_GetInfoAll #./api/api.cpp (line:2752)
[0000780] [11:13:35:982000] [Tid0x00000678] [debug] <--[C381] DL_Rom_GetInfoAll
[0000781] [11:13:35:982000] [Tid0x00000678] [debug] -->[C382] DL_Rom_SetEnableAttr #./api/api.cpp (line:2806)
[0000782] [11:13:35:982000] [Tid0x00000678] [debug] <--[C382] DL_Rom_SetEnableAttr
[0000783] [11:13:35:983000] [Tid0x00000678] [debug] -->[C383] DL_GetCount #./api/api.cpp (line:2587)
[0000784] [11:13:35:983000] [Tid0x00000678] [debug] <--[C383] DL_GetCount
[0000785] [11:13:35:983000] [Tid0x00000678] [debug] -->[C384] DL_Rom_GetInfoAll #./api/api.cpp (line:2752)
[0000786] [11:13:35:983000] [Tid0x00000678] [debug] <--[C384] DL_Rom_GetInfoAll
[0000787] [11:13:35:983000] [Tid0x00000678] [debug] -->[C385] DL_Rom_SetEnableAttr #./api/api.cpp (line:2806)
[0000788] [11:13:35:983000] [Tid0x00000678] [debug] <--[C385] DL_Rom_SetEnableAttr
[0000789] [11:13:35:984000] [Tid0x00000678] [debug] -->[C386] DL_GetCount #./api/api.cpp (line:2587)
[0000790] [11:13:35:984000] [Tid0x00000678] [debug] <--[C386] DL_GetCount
[0000791] [11:13:35:984000] [Tid0x00000678] [debug] -->[C387] DL_Rom_GetInfoAll #./api/api.cpp (line:2752)
[0000792] [11:13:35:984000] [Tid0x00000678] [debug] <--[C387] DL_Rom_GetInfoAll
[0000793] [11:13:35:984000] [Tid0x00000678] [debug] -->[C388] DL_Rom_SetEnableAttr #./api/api.cpp (line:2806)
[0000794] [11:13:35:984000] [Tid0x00000678] [debug] <--[C388] DL_Rom_SetEnableAttr
[0000795] [11:13:35:986000] [Tid0x00000678] [debug] -->[C389] DL_GetCount #./api/api.cpp (line:2587)
[0000796] [11:13:35:986000] [Tid0x00000678] [debug] <--[C389] DL_GetCount
[0000797] [11:13:35:986000] [Tid0x00000678] [debug] -->[C390] DL_Rom_GetInfoAll #./api/api.cpp (line:2752)
[0000798] [11:13:35:986000] [Tid0x00000678] [debug] <--[C390] DL_Rom_GetInfoAll
[0000799] [11:13:35:986000] [Tid0x00000678] [debug] -->[C391] DL_Rom_SetEnableAttr #./api/api.cpp (line:2806)
[0000800] [11:13:35:986000] [Tid0x00000678] [debug] <--[C391] DL_Rom_SetEnableAttr
[0000801] [11:13:35:987000] [Tid0x00000678] [debug] -->[C392] DL_GetCount #./api/api.cpp (line:2587)
[0000802] [11:13:35:987000] [Tid0x00000678] [debug] <--[C392] DL_GetCount
[0000803] [11:13:35:987000] [Tid0x00000678] [debug] -->[C393] DL_Rom_GetInfoAll #./api/api.cpp (line:2752)
[0000804] [11:13:35:987000] [Tid0x00000678] [debug] <--[C393] DL_Rom_GetInfoAll
[0000805] [11:13:35:987000] [Tid0x00000678] [debug] -->[C394] DL_Rom_SetEnableAttr #./api/api.cpp (line:2806)
[0000806] [11:13:35:987000] [Tid0x00000678] [debug] <--[C394] DL_Rom_SetEnableAttr
[0000807] [11:13:35:989000] [Tid0x00000678] [debug] -->[C395] DL_GetCount #./api/api.cpp (line:2587)
[0000808] [11:13:35:989000] [Tid0x00000678] [debug] <--[C395] DL_GetCount
[0000809] [11:13:35:989000] [Tid0x00000678] [debug] -->[C396] DL_Rom_GetInfoAll #./api/api.cpp (line:2752)
[0000810] [11:13:35:989000] [Tid0x00000678] [debug] <--[C396] DL_Rom_GetInfoAll
[0000811] [11:13:35:989000] [Tid0x00000678] [debug] -->[C397] DL_Rom_SetEnableAttr #./api/api.cpp (line:2806)
[0000812] [11:13:35:989000] [Tid0x00000678] [debug] <--[C397] DL_Rom_SetEnableAttr
[0000813] [11:13:35:990000] [Tid0x00000678] [debug] -->[C398] DL_GetCount #./api/api.cpp (line:2587)
[0000814] [11:13:35:990000] [Tid0x00000678] [debug] <--[C398] DL_GetCount
[0000815] [11:13:35:990000] [Tid0x00000678] [debug] -->[C399] DL_Rom_GetInfoAll #./api/api.cpp (line:2752)
[0000816] [11:13:35:990000] [Tid0x00000678] [debug] <--[C399] DL_Rom_GetInfoAll
[0000817] [11:13:35:991000] [Tid0x00000678] [debug] -->[C400] DL_Rom_SetEnableAttr #./api/api.cpp (line:2806)
[0000818] [11:13:35:991000] [Tid0x00000678] [debug] <--[C400] DL_Rom_SetEnableAttr
[0000819] [11:13:35:992000] [Tid0x00000678] [debug] -->[C401] DL_GetCount #./api/api.cpp (line:2587)
[0000820] [11:13:35:992000] [Tid0x00000678] [debug] <--[C401] DL_GetCount
[0000821] [11:13:35:992000] [Tid0x00000678] [debug] -->[C402] DL_Rom_GetInfoAll #./api/api.cpp (line:2752)
[0000822] [11:13:35:992000] [Tid0x00000678] [debug] <--[C402] DL_Rom_GetInfoAll
[0000823] [11:13:35:992000] [Tid0x00000678] [debug] -->[C403] DL_Rom_SetEnableAttr #./api/api.cpp (line:2806)
[0000824] [11:13:35:992000] [Tid0x00000678] [debug] <--[C403] DL_Rom_SetEnableAttr
[0000825] [11:13:35:993000] [Tid0x00000678] [debug] -->[C404] DL_GetCount #./api/api.cpp (line:2587)
[0000826] [11:13:35:993000] [Tid0x00000678] [debug] <--[C404] DL_GetCount
[0000827] [11:13:35:993000] [Tid0x00000678] [debug] -->[C405] DL_Rom_GetInfoAll #./api/api.cpp (line:2752)
[0000828] [11:13:35:993000] [Tid0x00000678] [debug] <--[C405] DL_Rom_GetInfoAll
[0000829] [11:13:35:993000] [Tid0x00000678] [debug] -->[C406] DL_Rom_SetEnableAttr #./api/api.cpp (line:2806)
[0000830] [11:13:35:993000] [Tid0x00000678] [debug] <--[C406] DL_Rom_SetEnableAttr
[0000831] [11:13:35:995000] [Tid0x00000678] [debug] -->[C407] DL_GetCount #./api/api.cpp (line:2587)
[0000832] [11:13:35:995000] [Tid0x00000678] [debug] <--[C407] DL_GetCount
[0000833] [11:13:35:995000] [Tid0x00000678] [debug] -->[C408] DL_Rom_GetInfoAll #./api/api.cpp (line:2752)
[0000834] [11:13:35:995000] [Tid0x00000678] [debug] <--[C408] DL_Rom_GetInfoAll
[0000835] [11:13:35:995000] [Tid0x00000678] [debug] -->[C409] DL_Rom_SetEnableAttr #./api/api.cpp (line:2806)
[0000836] [11:13:35:995000] [Tid0x00000678] [debug] <--[C409] DL_Rom_SetEnableAttr
[0000837] [11:13:35:996000] [Tid0x00000678] [debug] -->[C410] DL_GetCount #./api/api.cpp (line:2587)
[0000838] [11:13:35:996000] [Tid0x00000678] [debug] <--[C410] DL_GetCount
[0000839] [11:13:35:996000] [Tid0x00000678] [debug] -->[C411] DL_Rom_GetInfoAll #./api/api.cpp (line:2752)
[0000840] [11:13:35:996000] [Tid0x00000678] [debug] <--[C411] DL_Rom_GetInfoAll
[0000841] [11:13:35:996000] [Tid0x00000678] [debug] -->[C412] DL_Rom_SetEnableAttr #./api/api.cpp (line:2806)
[0000842] [11:13:35:996000] [Tid0x00000678] [debug] <--[C412] DL_Rom_SetEnableAttr
[0000843] [11:13:35:997000] [Tid0x00000678] [debug] -->[C413] DL_GetCount #./api/api.cpp (line:2587)
[0000844] [11:13:35:997000] [Tid0x00000678] [debug] <--[C413] DL_GetCount
[0000845] [11:13:35:997000] [Tid0x00000678] [debug] -->[C414] DL_Rom_GetInfoAll #./api/api.cpp (line:2752)
[0000846] [11:13:35:998000] [Tid0x00000678] [debug] <--[C414] DL_Rom_GetInfoAll
[0000847] [11:13:35:998000] [Tid0x00000678] [debug] -->[C415] DL_Rom_SetEnableAttr #./api/api.cpp (line:2806)
[0000848] [11:13:35:998000] [Tid0x00000678] [debug] <--[C415] DL_Rom_SetEnableAttr
[0000849] [11:13:35:998000] [Tid0x00000678] [debug] -->[C416] DL_GetCount #./api/api.cpp (line:2587)
[0000850] [11:13:35:999000] [Tid0x00000678] [debug] <--[C416] DL_GetCount
[0000851] [11:13:35:999000] [Tid0x00000678] [debug] -->[C417] DL_Rom_GetInfoAll #./api/api.cpp (line:2752)
[0000852] [11:13:35:999000] [Tid0x00000678] [debug] <--[C417] DL_Rom_GetInfoAll
[0000853] [11:13:35:999000] [Tid0x00000678] [debug] -->[C418] DL_Rom_SetEnableAttr #./api/api.cpp (line:2806)
[0000854] [11:13:35:999000] [Tid0x00000678] [debug] <--[C418] DL_Rom_SetEnableAttr
[0000855] [11:13:36:000000] [Tid0x00000678] [debug] -->[C419] DL_GetCount #./api/api.cpp (line:2587)
[0000856] [11:13:36:000000] [Tid0x00000678] [debug] <--[C419] DL_GetCount
[0000857] [11:13:36:000000] [Tid0x00000678] [debug] -->[C420] DL_Rom_GetInfoAll #./api/api.cpp (line:2752)
[0000858] [11:13:36:000000] [Tid0x00000678] [debug] <--[C420] DL_Rom_GetInfoAll
[0000859] [11:13:36:001000] [Tid0x00000678] [debug] -->[C421] DL_Rom_SetEnableAttr #./api/api.cpp (line:2806)
[0000860] [11:13:36:001000] [Tid0x00000678] [debug] <--[C421] DL_Rom_SetEnableAttr
[0000861] [11:13:36:001000] [Tid0x00000678] [debug] -->[C422] DL_GetCount #./api/api.cpp (line:2587)
[0000862] [11:13:36:001000] [Tid0x00000678] [debug] <--[C422] DL_GetCount
[0000863] [11:13:36:001000] [Tid0x00000678] [debug] -->[C423] DL_Rom_GetInfoAll #./api/api.cpp (line:2752)
[0000864] [11:13:36:001000] [Tid0x00000678] [debug] <--[C423] DL_Rom_GetInfoAll
[0000865] [11:13:36:002000] [Tid0x00000678] [debug] -->[C424] DL_Rom_SetEnableAttr #./api/api.cpp (line:2806)
[0000866] [11:13:36:002000] [Tid0x00000678] [debug] <--[C424] DL_Rom_SetEnableAttr
[0000867] [11:13:36:003000] [Tid0x00000678] [debug] -->[C425] DL_GetCount #./api/api.cpp (line:2587)
[0000868] [11:13:36:003000] [Tid0x00000678] [debug] <--[C425] DL_GetCount
[0000869] [11:13:36:003000] [Tid0x00000678] [debug] -->[C426] DL_Rom_GetInfoAll #./api/api.cpp (line:2752)
[0000870] [11:13:36:003000] [Tid0x00000678] [debug] <--[C426] DL_Rom_GetInfoAll
[0000871] [11:13:36:004000] [Tid0x00000678] [debug] -->[C427] DL_Rom_SetEnableAttr #./api/api.cpp (line:2806)
[0000872] [11:13:36:004000] [Tid0x00000678] [debug] <--[C427] DL_Rom_SetEnableAttr
[0000873] [11:13:36:005000] [Tid0x00000678] [debug] -->[C428] DL_GetCount #./api/api.cpp (line:2587)
[0000874] [11:13:36:005000] [Tid0x00000678] [debug] <--[C428] DL_GetCount
[0000875] [11:13:36:005000] [Tid0x00000678] [debug] -->[C429] DL_Rom_GetInfoAll #./api/api.cpp (line:2752)
[0000876] [11:13:36:005000] [Tid0x00000678] [debug] <--[C429] DL_Rom_GetInfoAll
[0000877] [11:13:36:006000] [Tid0x00000678] [debug] -->[C430] DL_Rom_SetEnableAttr #./api/api.cpp (line:2806)
[0000878] [11:13:36:006000] [Tid0x00000678] [debug] <--[C430] DL_Rom_SetEnableAttr
[0000879] [11:13:36:007000] [Tid0x00000678] [debug] -->[C431] DL_GetCount #./api/api.cpp (line:2587)
[0000880] [11:13:36:007000] [Tid0x00000678] [debug] <--[C431] DL_GetCount
[0000881] [11:13:36:007000] [Tid0x00000678] [debug] -->[C432] DL_Rom_GetInfoAll #./api/api.cpp (line:2752)
[0000882] [11:13:36:007000] [Tid0x00000678] [debug] <--[C432] DL_Rom_GetInfoAll
[0000883] [11:13:36:008000] [Tid0x00000678] [debug] -->[C433] DL_Rom_SetEnableAttr #./api/api.cpp (line:2806)
[0000884] [11:13:36:008000] [Tid0x00000678] [debug] <--[C433] DL_Rom_SetEnableAttr
[0000885] [11:13:36:009000] [Tid0x00000678] [debug] -->[C434] DL_GetCount #./api/api.cpp (line:2587)
[0000886] [11:13:36:009000] [Tid0x00000678] [debug] <--[C434] DL_GetCount
[0000887] [11:13:36:009000] [Tid0x00000678] [debug] -->[C435] DL_Rom_GetInfoAll #./api/api.cpp (line:2752)
[0000888] [11:13:36:009000] [Tid0x00000678] [debug] <--[C435] DL_Rom_GetInfoAll
[0000889] [11:13:36:009000] [Tid0x00000678] [debug] -->[C436] DL_Rom_SetEnableAttr #./api/api.cpp (line:2806)
[0000890] [11:13:36:009000] [Tid0x00000678] [debug] <--[C436] DL_Rom_SetEnableAttr
[0000891] [11:13:36:010000] [Tid0x00000678] [debug] -->[C437] DL_GetCount #./api/api.cpp (line:2587)
[0000892] [11:13:36:011000] [Tid0x00000678] [debug] <--[C437] DL_GetCount
[0000893] [11:13:36:011000] [Tid0x00000678] [debug] -->[C438] DL_Rom_GetInfoAll #./api/api.cpp (line:2752)
[0000894] [11:13:36:011000] [Tid0x00000678] [debug] <--[C438] DL_Rom_GetInfoAll
[0000895] [11:13:36:011000] [Tid0x00000678] [debug] -->[C439] DL_Rom_SetEnableAttr #./api/api.cpp (line:2806)
[0000896] [11:13:36:011000] [Tid0x00000678] [debug] <--[C439] DL_Rom_SetEnableAttr
[0000897] [11:13:36:012000] [Tid0x00000678] [debug] -->[C440] DL_GetCount #./api/api.cpp (line:2587)
[0000898] [11:13:36:012000] [Tid0x00000678] [debug] <--[C440] DL_GetCount
[0000899] [11:13:36:012000] [Tid0x00000678] [debug] -->[C441] DL_Rom_GetInfoAll #./api/api.cpp (line:2752)
[0000900] [11:13:36:012000] [Tid0x00000678] [debug] <--[C441] DL_Rom_GetInfoAll
[0000901] [11:13:36:013000] [Tid0x00000678] [debug] -->[C442] DL_Rom_SetEnableAttr #./api/api.cpp (line:2806)
[0000902] [11:13:36:013000] [Tid0x00000678] [debug] <--[C442] DL_Rom_SetEnableAttr
[0000903] [11:13:36:014000] [Tid0x00000678] [debug] -->[C443] DL_GetCount #./api/api.cpp (line:2587)
[0000904] [11:13:36:014000] [Tid0x00000678] [debug] <--[C443] DL_GetCount
[0000905] [11:13:36:014000] [Tid0x00000678] [debug] -->[C444] DL_Rom_GetInfoAll #./api/api.cpp (line:2752)
[0000906] [11:13:36:014000] [Tid0x00000678] [debug] <--[C444] DL_Rom_GetInfoAll
[0000907] [11:13:36:014000] [Tid0x00000678] [debug] -->[C445] DL_Rom_SetEnableAttr #./api/api.cpp (line:2806)
[0000908] [11:13:36:014000] [Tid0x00000678] [debug] <--[C445] DL_Rom_SetEnableAttr
[0000909] [11:13:36:015000] [Tid0x00000678] [debug] -->[C446] DL_GetCount #./api/api.cpp (line:2587)
[0000910] [11:13:36:015000] [Tid0x00000678] [debug] <--[C446] DL_GetCount
[0000911] [11:13:36:015000] [Tid0x00000678] [debug] -->[C447] DL_Rom_GetInfoAll #./api/api.cpp (line:2752)
[0000912] [11:13:36:015000] [Tid0x00000678] [debug] <--[C447] DL_Rom_GetInfoAll
[0000913] [11:13:36:016000] [Tid0x00000678] [debug] -->[C448] DL_Rom_SetEnableAttr #./api/api.cpp (line:2806)
[0000914] [11:13:36:016000] [Tid0x00000678] [debug] <--[C448] DL_Rom_SetEnableAttr
[0000915] [11:13:36:017000] [Tid0x00000678] [debug] -->[C449] DL_GetCount #./api/api.cpp (line:2587)
[0000916] [11:13:36:017000] [Tid0x00000678] [debug] <--[C449] DL_GetCount
[0000917] [11:13:36:017000] [Tid0x00000678] [debug] -->[C450] DL_Rom_GetInfoAll #./api/api.cpp (line:2752)
[0000918] [11:13:36:017000] [Tid0x00000678] [debug] <--[C450] DL_Rom_GetInfoAll
[0000919] [11:13:36:018000] [Tid0x00000678] [debug] -->[C451] DL_Rom_SetEnableAttr #./api/api.cpp (line:2806)
[0000920] [11:13:36:018000] [Tid0x00000678] [debug] <--[C451] DL_Rom_SetEnableAttr
[0000921] [11:13:36:019000] [Tid0x00000678] [debug] -->[C452] DL_GetCount #./api/api.cpp (line:2587)
[0000922] [11:13:36:019000] [Tid0x00000678] [debug] <--[C452] DL_GetCount
[0000923] [11:13:36:019000] [Tid0x00000678] [debug] -->[C453] DL_Rom_GetInfoAll #./api/api.cpp (line:2752)
[0000924] [11:13:36:019000] [Tid0x00000678] [debug] <--[C453] DL_Rom_GetInfoAll
[0000925] [11:13:36:020000] [Tid0x00000678] [debug] -->[C454] DL_Rom_SetEnableAttr #./api/api.cpp (line:2806)
[0000926] [11:13:36:020000] [Tid0x00000678] [debug] <--[C454] DL_Rom_SetEnableAttr
[0000927] [11:14:04:497000] [Tid0x00000678] [debug] -->[C455] DL_GetCount #./api/api.cpp (line:2587)
[0000928] [11:14:04:497000] [Tid0x00000678] [debug] <--[C455] DL_GetCount
[0000929] [11:14:04:497000] [Tid0x00000678] [debug] -->[C456] DL_Rom_GetInfoAll #./api/api.cpp (line:2752)
[0000930] [11:14:04:498000] [Tid0x00000678] [debug] <--[C456] DL_Rom_GetInfoAll
[0000931] [11:14:04:499000] [Tid0x00000678] [debug] -->[C457] DL_GetCount #./api/api.cpp (line:2587)
[0000932] [11:14:04:499000] [Tid0x00000678] [debug] <--[C457] DL_GetCount
[0000933] [11:14:04:499000] [Tid0x00000678] [debug] -->[C458] DL_Rom_GetInfoAll #./api/api.cpp (line:2752)
[0000934] [11:14:04:499000] [Tid0x00000678] [debug] <--[C458] DL_Rom_GetInfoAll
[0000935] [11:15:03:728000] [Tid0x00000844] [debug] -->[C459] FlashTool_Connect_BROM_ByName #./api/api.cpp (line:1975)
[0000936] [11:15:03:728000] [Tid0x00000844] [debug] -->[C460] FlashTool_Connect_BROM_Ex #./api/api.cpp (line:1880)
[0000937] [11:15:03:728000] [Tid0x00000844] [debug] bCheckScatter: 1
[0000938] [11:15:03:728000] [Tid0x00000844] [debug] have load scatter already
[0000939] [11:15:03:728000] [Tid0x00000844] [debug] libversion 1
[0000940] [11:15:04:385000] [Tid0x00000844] [debug] <--[C460] FlashTool_Connect_BROM_Ex
[0000941] [11:15:04:385000] [Tid0x00000844] [debug] <--[C459] FlashTool_Connect_BROM_ByName
[0000942] [11:15:04:385000] [Tid0x00000844] [debug] -->[C461] FlashTool_GetBootResult #./api/api.cpp (line:1987)
[0000943] [11:15:04:385000] [Tid0x00000844] [debug] <--[C461] FlashTool_GetBootResult
[0000944] [11:15:04:385000] [Tid0x00000844] [debug] -->[C462] FlashTool_Connect_Download_DA #./api/api.cpp (line:2007)
[0000945] [11:15:04:385000] [Tid0x00000844] [debug] bCheckScatter: 1
[0000946] [11:15:06:619000] [Tid0x00000844] [debug] <--[C462] FlashTool_Connect_Download_DA
[0000947] [11:15:06:619000] [Tid0x00000844] [debug] -->[C463] FlashTool_CheckUSBStatus #./api/api.cpp (line:1154)
[0000948] [11:15:06:632000] [Tid0x00000844] [debug] <--[C463] FlashTool_CheckUSBStatus
[0000949] [11:15:06:632000] [Tid0x00000844] [debug] -->[C464] FlashTool_CheckUSBStatus #./api/api.cpp (line:1154)
[0000950] [11:15:06:633000] [Tid0x00000844] [debug] <--[C464] FlashTool_CheckUSBStatus
[0000951] [11:15:06:633000] [Tid0x00000844] [debug] -->[C465] FlashTool_GetReservedRomSize #./api/api.cpp (line:1677)
[0000952] [11:15:06:635000] [Tid0x00000844] [debug] <--[C465] FlashTool_GetReservedRomSize
[0000953] [11:15:06:635000] [Tid0x00000844] [debug] -->[C466] FlashTool_RomGetCount #./api/api.cpp (line:1702)
[0000954] [11:15:06:636000] [Tid0x00000844] [debug] <--[C466] FlashTool_RomGetCount
[0000955] [11:15:06:636000] [Tid0x00000844] [debug] -->[C467] FlashTool_RomGetInfoAll #./api/api.cpp (line:1726)
[0000956] [11:15:06:637000] [Tid0x00000844] [debug] <--[C467] FlashTool_RomGetInfoAll
[0000957] [11:15:06:637000] [Tid0x00000844] [debug] -->[C468] FlashTool_ReadPartitionCount #./api/api.cpp (line:1633)
[0000958] [11:15:06:671000] [Tid0x00000844] [debug] <--[C468] FlashTool_ReadPartitionCount
[0000959] [11:15:06:671000] [Tid0x00000844] [debug] -->[C469] FlashTool_ReadPartitionInfo #./api/api.cpp (line:1654)
[0000960] [11:15:06:672000] [Tid0x00000844] [debug] <--[C469] FlashTool_ReadPartitionInfo
[0000961] [11:15:06:672000] [Tid0x00000844] [debug] -->[C470] FlashTool_Download #./api/api.cpp (line:1300)
[0000962] [11:21:13:139000] [Tid0x00000844] [debug] <--[C470] FlashTool_Download
[0000963] [11:21:13:139000] [Tid0x00000844] [debug] -->[C471] DL_GetCount #./api/api.cpp (line:2587)
[0000964] [11:21:13:139000] [Tid0x00000844] [debug] <--[C471] DL_GetCount
[0000965] [11:21:13:139000] [Tid0x00000844] [debug] -->[C472] DL_Rom_GetInfoAll #./api/api.cpp (line:2752)
[0000966] [11:21:13:139000] [Tid0x00000844] [debug] <--[C472] DL_Rom_GetInfoAll
[0000967] [11:21:13:139000] [Tid0x00000844] [debug] -->[C473] FlashTool_Disconnect #./api/api.cpp (line:1033)
[0000968] [11:21:13:160000] [Tid0x00000844] [debug] <--[C473] FlashTool_Disconnect
[0000969] [14:48:32:592000] [Tid0x00000678] [debug] -->[C474] DL_GetCount #./api/api.cpp (line:2587)
[0000970] [14:48:32:592000] [Tid0x00000678] [debug] <--[C474] DL_GetCount
[0000971] [14:48:32:592000] [Tid0x00000678] [debug] -->[C475] DL_Rom_GetInfoAll #./api/api.cpp (line:2752)
[0000972] [14:48:32:592000] [Tid0x00000678] [debug] <--[C475] DL_Rom_GetInfoAll
[0000973] [14:48:32:593000] [Tid0x00000678] [debug] -->[C476] DL_GetCount #./api/api.cpp (line:2587)
[0000974] [14:48:32:593000] [Tid0x00000678] [debug] <--[C476] DL_GetCount
[0000975] [14:48:32:593000] [Tid0x00000678] [debug] -->[C477] DL_Rom_GetInfoAll #./api/api.cpp (line:2752)
[0000976] [14:48:32:593000] [Tid0x00000678] [debug] <--[C477] DL_Rom_GetInfoAll
[0000977] [14:48:37:291000] [Tid0x000013cc] [debug] -->[C478] FlashTool_Connect_BROM_ByName #./api/api.cpp (line:1975)
[0000978] [14:48:37:291000] [Tid0x000013cc] [debug] -->[C479] FlashTool_Connect_BROM_Ex #./api/api.cpp (line:1880)
[0000979] [14:48:37:291000] [Tid0x000013cc] [debug] bCheckScatter: 1
[0000980] [14:48:37:291000] [Tid0x000013cc] [debug] have load scatter already
[0000981] [14:48:37:291000] [Tid0x000013cc] [debug] libversion 1
[0000982] [14:48:37:876000] [Tid0x000013cc] [debug] <--[C479] FlashTool_Connect_BROM_Ex
[0000983] [14:48:37:876000] [Tid0x000013cc] [debug] <--[C478] FlashTool_Connect_BROM_ByName
[0000984] [14:48:37:876000] [Tid0x000013cc] [debug] -->[C480] FlashTool_GetBootResult #./api/api.cpp (line:1987)
[0000985] [14:48:37:876000] [Tid0x000013cc] [debug] <--[C480] FlashTool_GetBootResult
[0000986] [14:48:37:876000] [Tid0x000013cc] [debug] -->[C481] FlashTool_Connect_Download_DA #./api/api.cpp (line:2007)
[0000987] [14:48:37:876000] [Tid0x000013cc] [debug] bCheckScatter: 1
[0000988] [14:48:39:942000] [Tid0x000013cc] [debug] <--[C481] FlashTool_Connect_Download_DA
[0000989] [14:48:39:942000] [Tid0x000013cc] [debug] -->[C482] FlashTool_CheckUSBStatus #./api/api.cpp (line:1154)
[0000990] [14:48:39:943000] [Tid0x000013cc] [debug] <--[C482] FlashTool_CheckUSBStatus
[0000991] [14:48:39:943000] [Tid0x000013cc] [debug] -->[C483] FlashTool_CheckUSBStatus #./api/api.cpp (line:1154)
[0000992] [14:48:39:944000] [Tid0x000013cc] [debug] <--[C483] FlashTool_CheckUSBStatus
[0000993] [14:48:39:944000] [Tid0x000013cc] [debug] -->[C484] FlashTool_GetReservedRomSize #./api/api.cpp (line:1677)
[0000994] [14:48:39:944000] [Tid0x000013cc] [debug] <--[C484] FlashTool_GetReservedRomSize
[0000995] [14:48:39:944000] [Tid0x000013cc] [debug] -->[C485] FlashTool_RomGetCount #./api/api.cpp (line:1702)
[0000996] [14:48:39:944000] [Tid0x000013cc] [debug] <--[C485] FlashTool_RomGetCount
[0000997] [14:48:39:944000] [Tid0x000013cc] [debug] -->[C486] FlashTool_RomGetInfoAll #./api/api.cpp (line:1726)
[0000998] [14:48:39:945000] [Tid0x000013cc] [debug] <--[C486] FlashTool_RomGetInfoAll
[0000999] [14:48:39:945000] [Tid0x000013cc] [debug] -->[C487] FlashTool_ReadPartitionCount #./api/api.cpp (line:1633)
[0001000] [14:48:39:979000] [Tid0x000013cc] [debug] <--[C487] FlashTool_ReadPartitionCount
[0001001] [14:48:39:979000] [Tid0x000013cc] [debug] -->[C488] FlashTool_ReadPartitionInfo #./api/api.cpp (line:1654)
[0001002] [14:48:39:979000] [Tid0x000013cc] [debug] <--[C488] FlashTool_ReadPartitionInfo
[0001003] [14:48:39:980000] [Tid0x000013cc] [debug] -->[C489] FlashTool_Download #./api/api.cpp (line:1300)
[0001004] [14:55:14:933000] [Tid0x000013cc] [debug] <--[C489] FlashTool_Download
[0001005] [14:55:14:933000] [Tid0x000013cc] [debug] -->[C490] DL_GetCount #./api/api.cpp (line:2587)
[0001006] [14:55:14:933000] [Tid0x000013cc] [debug] <--[C490] DL_GetCount
[0001007] [14:55:14:933000] [Tid0x000013cc] [debug] -->[C491] DL_Rom_GetInfoAll #./api/api.cpp (line:2752)
[0001008] [14:55:14:933000] [Tid0x000013cc] [debug] <--[C491] DL_Rom_GetInfoAll
[0001009] [14:55:14:933000] [Tid0x000013cc] [debug] -->[C492] FlashTool_Disconnect #./api/api.cpp (line:1033)
[0001010] [14:55:14:954000] [Tid0x000013cc] [debug] <--[C492] FlashTool_Disconnect
