[0000001] [11:46:33:059435] [Tid0x00002378] [debug] -->[C1] DL_LoadScatter #./api/api.cpp (line:2474)
[0000002] [11:46:33:097435] [Tid0x00002378] [debug] used lib version: 1
[0000003] [11:46:33:097435] [Tid0x00002378] [debug] <--[C1] DL_LoadScatter
[0000004] [11:46:33:097435] [Tid0x00002378] [debug] -->[C2] DL_AutoLoadRomImages #./api/api.cpp (line:2667)
[0000005] [11:46:33:576435] [Tid0x00002378] [debug] <--[C2] DL_AutoLoadRomImages
[0000006] [11:46:33:806435] [Tid0x00000804] [debug] -->[C3] DL_GetCount #./api/api.cpp (line:2587)
[0000007] [11:46:33:806435] [Tid0x00000804] [debug] <--[C3] DL_GetCount
[0000008] [11:46:33:806435] [Tid0x00000804] [debug] -->[C4] DL_Rom_GetInfoAll #./api/api.cpp (line:2752)
[0000009] [11:46:33:806435] [Tid0x00000804] [debug] <--[C4] DL_Rom_GetInfoAll
[0000010] [11:46:33:807435] [Tid0x00000804] [debug] -->[C5] DL_GetScatterInfo #./api/api.cpp (line:2688)
[0000011] [11:46:33:807435] [Tid0x00000804] [debug] <--[C5] DL_GetScatterInfo
[0000012] [11:46:33:809435] [Tid0x00000804] [debug] -->[C6] DL_GetCount #./api/api.cpp (line:2587)
[0000013] [11:46:33:809435] [Tid0x00000804] [debug] <--[C6] DL_GetCount
[0000014] [11:46:33:809435] [Tid0x00000804] [debug] -->[C7] DL_Rom_GetInfoAll #./api/api.cpp (line:2752)
[0000015] [11:46:33:809435] [Tid0x00000804] [debug] <--[C7] DL_Rom_GetInfoAll
[0000016] [11:46:33:809435] [Tid0x00000804] [debug] -->[C8] DL_Rom_SetEnableAttr #./api/api.cpp (line:2806)
[0000017] [11:46:33:810435] [Tid0x00000804] [debug] <--[C8] DL_Rom_SetEnableAttr
[0000018] [11:46:33:810435] [Tid0x00000804] [debug] -->[C9] DL_GetCount #./api/api.cpp (line:2587)
[0000019] [11:46:33:810435] [Tid0x00000804] [debug] <--[C9] DL_GetCount
[0000020] [11:46:33:810435] [Tid0x00000804] [debug] -->[C10] DL_Rom_GetInfoAll #./api/api.cpp (line:2752)
[0000021] [11:46:33:810435] [Tid0x00000804] [debug] <--[C10] DL_Rom_GetInfoAll
[0000022] [11:46:33:810435] [Tid0x00000804] [debug] -->[C11] DL_Rom_SetEnableAttr #./api/api.cpp (line:2806)
[0000023] [11:46:33:810435] [Tid0x00000804] [debug] <--[C11] DL_Rom_SetEnableAttr
[0000024] [11:46:33:811435] [Tid0x00000804] [debug] -->[C12] DL_GetCount #./api/api.cpp (line:2587)
[0000025] [11:46:33:811435] [Tid0x00000804] [debug] <--[C12] DL_GetCount
[0000026] [11:46:33:811435] [Tid0x00000804] [debug] -->[C13] DL_Rom_GetInfoAll #./api/api.cpp (line:2752)
[0000027] [11:46:33:811435] [Tid0x00000804] [debug] <--[C13] DL_Rom_GetInfoAll
[0000028] [11:46:33:812435] [Tid0x00000804] [debug] -->[C14] DL_Rom_SetEnableAttr #./api/api.cpp (line:2806)
[0000029] [11:46:33:812435] [Tid0x00000804] [debug] <--[C14] DL_Rom_SetEnableAttr
[0000030] [11:46:33:813435] [Tid0x00000804] [debug] -->[C15] DL_GetCount #./api/api.cpp (line:2587)
[0000031] [11:46:33:813435] [Tid0x00000804] [debug] <--[C15] DL_GetCount
[0000032] [11:46:33:813435] [Tid0x00000804] [debug] -->[C16] DL_Rom_GetInfoAll #./api/api.cpp (line:2752)
[0000033] [11:46:33:813435] [Tid0x00000804] [debug] <--[C16] DL_Rom_GetInfoAll
[0000034] [11:46:33:814435] [Tid0x00000804] [debug] -->[C17] DL_Rom_SetEnableAttr #./api/api.cpp (line:2806)
[0000035] [11:46:33:814435] [Tid0x00000804] [debug] <--[C17] DL_Rom_SetEnableAttr
[0000036] [11:46:33:814435] [Tid0x00000804] [debug] -->[C18] DL_GetCount #./api/api.cpp (line:2587)
[0000037] [11:46:33:814435] [Tid0x00000804] [debug] <--[C18] DL_GetCount
[0000038] [11:46:33:814435] [Tid0x00000804] [debug] -->[C19] DL_Rom_GetInfoAll #./api/api.cpp (line:2752)
[0000039] [11:46:33:814435] [Tid0x00000804] [debug] <--[C19] DL_Rom_GetInfoAll
[0000040] [11:46:33:815435] [Tid0x00000804] [debug] -->[C20] DL_Rom_SetEnableAttr #./api/api.cpp (line:2806)
[0000041] [11:46:33:815435] [Tid0x00000804] [debug] <--[C20] DL_Rom_SetEnableAttr
[0000042] [11:46:33:815435] [Tid0x00000804] [debug] -->[C21] DL_GetCount #./api/api.cpp (line:2587)
[0000043] [11:46:33:815435] [Tid0x00000804] [debug] <--[C21] DL_GetCount
[0000044] [11:46:33:815435] [Tid0x00000804] [debug] -->[C22] DL_Rom_GetInfoAll #./api/api.cpp (line:2752)
[0000045] [11:46:33:815435] [Tid0x00000804] [debug] <--[C22] DL_Rom_GetInfoAll
[0000046] [11:46:33:816435] [Tid0x00000804] [debug] -->[C23] DL_Rom_SetEnableAttr #./api/api.cpp (line:2806)
[0000047] [11:46:33:816435] [Tid0x00000804] [debug] <--[C23] DL_Rom_SetEnableAttr
[0000048] [11:46:33:817435] [Tid0x00000804] [debug] -->[C24] DL_GetCount #./api/api.cpp (line:2587)
[0000049] [11:46:33:817435] [Tid0x00000804] [debug] <--[C24] DL_GetCount
[0000050] [11:46:33:817435] [Tid0x00000804] [debug] -->[C25] DL_Rom_GetInfoAll #./api/api.cpp (line:2752)
[0000051] [11:46:33:817435] [Tid0x00000804] [debug] <--[C25] DL_Rom_GetInfoAll
[0000052] [11:46:33:818435] [Tid0x00000804] [debug] -->[C26] DL_Rom_SetEnableAttr #./api/api.cpp (line:2806)
[0000053] [11:46:33:818435] [Tid0x00000804] [debug] <--[C26] DL_Rom_SetEnableAttr
[0000054] [11:46:33:818435] [Tid0x00000804] [debug] -->[C27] DL_GetCount #./api/api.cpp (line:2587)
[0000055] [11:46:33:818435] [Tid0x00000804] [debug] <--[C27] DL_GetCount
[0000056] [11:46:33:818435] [Tid0x00000804] [debug] -->[C28] DL_Rom_GetInfoAll #./api/api.cpp (line:2752)
[0000057] [11:46:33:818435] [Tid0x00000804] [debug] <--[C28] DL_Rom_GetInfoAll
[0000058] [11:46:33:819435] [Tid0x00000804] [debug] -->[C29] DL_Rom_SetEnableAttr #./api/api.cpp (line:2806)
[0000059] [11:46:33:819435] [Tid0x00000804] [debug] <--[C29] DL_Rom_SetEnableAttr
[0000060] [11:46:33:819435] [Tid0x00000804] [debug] -->[C30] DL_GetCount #./api/api.cpp (line:2587)
[0000061] [11:46:33:820435] [Tid0x00000804] [debug] <--[C30] DL_GetCount
[0000062] [11:46:33:820435] [Tid0x00000804] [debug] -->[C31] DL_Rom_GetInfoAll #./api/api.cpp (line:2752)
[0000063] [11:46:33:820435] [Tid0x00000804] [debug] <--[C31] DL_Rom_GetInfoAll
[0000064] [11:46:33:820435] [Tid0x00000804] [debug] -->[C32] DL_Rom_SetEnableAttr #./api/api.cpp (line:2806)
[0000065] [11:46:33:820435] [Tid0x00000804] [debug] <--[C32] DL_Rom_SetEnableAttr
[0000066] [11:46:33:821435] [Tid0x00000804] [debug] -->[C33] DL_GetCount #./api/api.cpp (line:2587)
[0000067] [11:46:33:821435] [Tid0x00000804] [debug] <--[C33] DL_GetCount
[0000068] [11:46:33:821435] [Tid0x00000804] [debug] -->[C34] DL_Rom_GetInfoAll #./api/api.cpp (line:2752)
[0000069] [11:46:33:821435] [Tid0x00000804] [debug] <--[C34] DL_Rom_GetInfoAll
[0000070] [11:46:33:822435] [Tid0x00000804] [debug] -->[C35] DL_Rom_SetEnableAttr #./api/api.cpp (line:2806)
[0000071] [11:46:33:822435] [Tid0x00000804] [debug] <--[C35] DL_Rom_SetEnableAttr
[0000072] [11:46:33:822435] [Tid0x00000804] [debug] -->[C36] DL_GetCount #./api/api.cpp (line:2587)
[0000073] [11:46:33:822435] [Tid0x00000804] [debug] <--[C36] DL_GetCount
[0000074] [11:46:33:822435] [Tid0x00000804] [debug] -->[C37] DL_Rom_GetInfoAll #./api/api.cpp (line:2752)
[0000075] [11:46:33:822435] [Tid0x00000804] [debug] <--[C37] DL_Rom_GetInfoAll
[0000076] [11:46:33:823435] [Tid0x00000804] [debug] -->[C38] DL_Rom_SetEnableAttr #./api/api.cpp (line:2806)
[0000077] [11:46:33:823435] [Tid0x00000804] [debug] <--[C38] DL_Rom_SetEnableAttr
[0000078] [11:46:33:824435] [Tid0x00000804] [debug] -->[C39] DL_GetCount #./api/api.cpp (line:2587)
[0000079] [11:46:33:824435] [Tid0x00000804] [debug] <--[C39] DL_GetCount
[0000080] [11:46:33:824435] [Tid0x00000804] [debug] -->[C40] DL_Rom_GetInfoAll #./api/api.cpp (line:2752)
[0000081] [11:46:33:824435] [Tid0x00000804] [debug] <--[C40] DL_Rom_GetInfoAll
[0000082] [11:46:33:825435] [Tid0x00000804] [debug] -->[C41] DL_Rom_SetEnableAttr #./api/api.cpp (line:2806)
[0000083] [11:46:33:825435] [Tid0x00000804] [debug] <--[C41] DL_Rom_SetEnableAttr
[0000084] [11:46:33:825435] [Tid0x00000804] [debug] -->[C42] DL_GetCount #./api/api.cpp (line:2587)
[0000085] [11:46:33:826435] [Tid0x00000804] [debug] <--[C42] DL_GetCount
[0000086] [11:46:33:826435] [Tid0x00000804] [debug] -->[C43] DL_Rom_GetInfoAll #./api/api.cpp (line:2752)
[0000087] [11:46:33:826435] [Tid0x00000804] [debug] <--[C43] DL_Rom_GetInfoAll
[0000088] [11:46:33:826435] [Tid0x00000804] [debug] -->[C44] DL_Rom_SetEnableAttr #./api/api.cpp (line:2806)
[0000089] [11:46:33:826435] [Tid0x00000804] [debug] <--[C44] DL_Rom_SetEnableAttr
[0000090] [11:46:33:826435] [Tid0x00000804] [debug] -->[C45] DL_GetCount #./api/api.cpp (line:2587)
[0000091] [11:46:33:827435] [Tid0x00000804] [debug] <--[C45] DL_GetCount
[0000092] [11:46:33:827435] [Tid0x00000804] [debug] -->[C46] DL_Rom_GetInfoAll #./api/api.cpp (line:2752)
[0000093] [11:46:33:827435] [Tid0x00000804] [debug] <--[C46] DL_Rom_GetInfoAll
[0000094] [11:46:33:827435] [Tid0x00000804] [debug] -->[C47] DL_Rom_SetEnableAttr #./api/api.cpp (line:2806)
[0000095] [11:46:33:827435] [Tid0x00000804] [debug] <--[C47] DL_Rom_SetEnableAttr
[0000096] [11:46:33:828435] [Tid0x00000804] [debug] -->[C48] DL_GetCount #./api/api.cpp (line:2587)
[0000097] [11:46:33:828435] [Tid0x00000804] [debug] <--[C48] DL_GetCount
[0000098] [11:46:33:828435] [Tid0x00000804] [debug] -->[C49] DL_Rom_GetInfoAll #./api/api.cpp (line:2752)
[0000099] [11:46:33:828435] [Tid0x00000804] [debug] <--[C49] DL_Rom_GetInfoAll
[0000100] [11:46:33:829435] [Tid0x00000804] [debug] -->[C50] DL_Rom_SetEnableAttr #./api/api.cpp (line:2806)
[0000101] [11:46:33:829435] [Tid0x00000804] [debug] <--[C50] DL_Rom_SetEnableAttr
[0000102] [11:46:33:830435] [Tid0x00000804] [debug] -->[C51] DL_GetCount #./api/api.cpp (line:2587)
[0000103] [11:46:33:830435] [Tid0x00000804] [debug] <--[C51] DL_GetCount
[0000104] [11:46:33:830435] [Tid0x00000804] [debug] -->[C52] DL_Rom_GetInfoAll #./api/api.cpp (line:2752)
[0000105] [11:46:33:830435] [Tid0x00000804] [debug] <--[C52] DL_Rom_GetInfoAll
[0000106] [11:46:33:831435] [Tid0x00000804] [debug] -->[C53] DL_Rom_SetEnableAttr #./api/api.cpp (line:2806)
[0000107] [11:46:33:831435] [Tid0x00000804] [debug] <--[C53] DL_Rom_SetEnableAttr
[0000108] [11:46:33:831435] [Tid0x00000804] [debug] -->[C54] DL_GetCount #./api/api.cpp (line:2587)
[0000109] [11:46:33:831435] [Tid0x00000804] [debug] <--[C54] DL_GetCount
[0000110] [11:46:33:831435] [Tid0x00000804] [debug] -->[C55] DL_Rom_GetInfoAll #./api/api.cpp (line:2752)
[0000111] [11:46:33:831435] [Tid0x00000804] [debug] <--[C55] DL_Rom_GetInfoAll
[0000112] [11:46:33:832435] [Tid0x00000804] [debug] -->[C56] DL_Rom_SetEnableAttr #./api/api.cpp (line:2806)
[0000113] [11:46:33:832435] [Tid0x00000804] [debug] <--[C56] DL_Rom_SetEnableAttr
[0000114] [11:46:33:832435] [Tid0x00000804] [debug] -->[C57] DL_GetCount #./api/api.cpp (line:2587)
[0000115] [11:46:33:832435] [Tid0x00000804] [debug] <--[C57] DL_GetCount
[0000116] [11:46:33:832435] [Tid0x00000804] [debug] -->[C58] DL_Rom_GetInfoAll #./api/api.cpp (line:2752)
[0000117] [11:46:33:832435] [Tid0x00000804] [debug] <--[C58] DL_Rom_GetInfoAll
[0000118] [11:46:33:833435] [Tid0x00000804] [debug] -->[C59] DL_Rom_SetEnableAttr #./api/api.cpp (line:2806)
[0000119] [11:46:33:833435] [Tid0x00000804] [debug] <--[C59] DL_Rom_SetEnableAttr
[0000120] [11:46:33:834435] [Tid0x00000804] [debug] -->[C60] DL_GetCount #./api/api.cpp (line:2587)
[0000121] [11:46:33:834435] [Tid0x00000804] [debug] <--[C60] DL_GetCount
[0000122] [11:46:33:834435] [Tid0x00000804] [debug] -->[C61] DL_Rom_GetInfoAll #./api/api.cpp (line:2752)
[0000123] [11:46:33:834435] [Tid0x00000804] [debug] <--[C61] DL_Rom_GetInfoAll
[0000124] [11:46:33:835435] [Tid0x00000804] [debug] -->[C62] DL_Rom_SetEnableAttr #./api/api.cpp (line:2806)
[0000125] [11:46:33:835435] [Tid0x00000804] [debug] <--[C62] DL_Rom_SetEnableAttr
[0000126] [11:46:33:835435] [Tid0x00000804] [debug] -->[C63] DL_GetCount #./api/api.cpp (line:2587)
[0000127] [11:46:33:835435] [Tid0x00000804] [debug] <--[C63] DL_GetCount
[0000128] [11:46:33:835435] [Tid0x00000804] [debug] -->[C64] DL_Rom_GetInfoAll #./api/api.cpp (line:2752)
[0000129] [11:46:33:835435] [Tid0x00000804] [debug] <--[C64] DL_Rom_GetInfoAll
[0000130] [11:46:33:836435] [Tid0x00000804] [debug] -->[C65] DL_Rom_SetEnableAttr #./api/api.cpp (line:2806)
[0000131] [11:46:33:836435] [Tid0x00000804] [debug] <--[C65] DL_Rom_SetEnableAttr
[0000132] [11:46:33:836435] [Tid0x00000804] [debug] -->[C66] DL_GetCount #./api/api.cpp (line:2587)
[0000133] [11:46:33:836435] [Tid0x00000804] [debug] <--[C66] DL_GetCount
[0000134] [11:46:33:836435] [Tid0x00000804] [debug] -->[C67] DL_Rom_GetInfoAll #./api/api.cpp (line:2752)
[0000135] [11:46:33:836435] [Tid0x00000804] [debug] <--[C67] DL_Rom_GetInfoAll
[0000136] [11:46:33:837435] [Tid0x00000804] [debug] -->[C68] DL_Rom_SetEnableAttr #./api/api.cpp (line:2806)
[0000137] [11:46:33:837435] [Tid0x00000804] [debug] <--[C68] DL_Rom_SetEnableAttr
[0000138] [11:46:33:838435] [Tid0x00000804] [debug] -->[C69] DL_GetCount #./api/api.cpp (line:2587)
[0000139] [11:46:33:838435] [Tid0x00000804] [debug] <--[C69] DL_GetCount
[0000140] [11:46:33:838435] [Tid0x00000804] [debug] -->[C70] DL_Rom_GetInfoAll #./api/api.cpp (line:2752)
[0000141] [11:46:33:838435] [Tid0x00000804] [debug] <--[C70] DL_Rom_GetInfoAll
[0000142] [11:46:33:839435] [Tid0x00000804] [debug] -->[C71] DL_Rom_SetEnableAttr #./api/api.cpp (line:2806)
[0000143] [11:46:33:839435] [Tid0x00000804] [debug] <--[C71] DL_Rom_SetEnableAttr
[0000144] [11:46:33:839435] [Tid0x00000804] [debug] -->[C72] DL_GetCount #./api/api.cpp (line:2587)
[0000145] [11:46:33:839435] [Tid0x00000804] [debug] <--[C72] DL_GetCount
[0000146] [11:46:33:839435] [Tid0x00000804] [debug] -->[C73] DL_Rom_GetInfoAll #./api/api.cpp (line:2752)
[0000147] [11:46:33:839435] [Tid0x00000804] [debug] <--[C73] DL_Rom_GetInfoAll
[0000148] [11:46:33:840435] [Tid0x00000804] [debug] -->[C74] DL_Rom_SetEnableAttr #./api/api.cpp (line:2806)
[0000149] [11:46:33:840435] [Tid0x00000804] [debug] <--[C74] DL_Rom_SetEnableAttr
[0000150] [11:46:33:841435] [Tid0x00000804] [debug] -->[C75] DL_GetCount #./api/api.cpp (line:2587)
[0000151] [11:46:33:841435] [Tid0x00000804] [debug] <--[C75] DL_GetCount
[0000152] [11:46:33:841435] [Tid0x00000804] [debug] -->[C76] DL_Rom_GetInfoAll #./api/api.cpp (line:2752)
[0000153] [11:46:33:841435] [Tid0x00000804] [debug] <--[C76] DL_Rom_GetInfoAll
[0000154] [11:46:33:842435] [Tid0x00000804] [debug] -->[C77] DL_Rom_SetEnableAttr #./api/api.cpp (line:2806)
[0000155] [11:46:33:842435] [Tid0x00000804] [debug] <--[C77] DL_Rom_SetEnableAttr
[0000156] [11:46:33:843435] [Tid0x00000804] [debug] -->[C78] DL_GetCount #./api/api.cpp (line:2587)
[0000157] [11:46:33:843435] [Tid0x00000804] [debug] <--[C78] DL_GetCount
[0000158] [11:46:33:843435] [Tid0x00000804] [debug] -->[C79] DL_Rom_GetInfoAll #./api/api.cpp (line:2752)
[0000159] [11:46:33:843435] [Tid0x00000804] [debug] <--[C79] DL_Rom_GetInfoAll
[0000160] [11:46:33:844435] [Tid0x00000804] [debug] -->[C80] DL_Rom_SetEnableAttr #./api/api.cpp (line:2806)
[0000161] [11:46:33:844435] [Tid0x00000804] [debug] <--[C80] DL_Rom_SetEnableAttr
[0000162] [11:46:33:844435] [Tid0x00000804] [debug] -->[C81] DL_GetCount #./api/api.cpp (line:2587)
[0000163] [11:46:33:844435] [Tid0x00000804] [debug] <--[C81] DL_GetCount
[0000164] [11:46:33:844435] [Tid0x00000804] [debug] -->[C82] DL_Rom_GetInfoAll #./api/api.cpp (line:2752)
[0000165] [11:46:33:844435] [Tid0x00000804] [debug] <--[C82] DL_Rom_GetInfoAll
[0000166] [11:46:33:845435] [Tid0x00000804] [debug] -->[C83] DL_Rom_SetEnableAttr #./api/api.cpp (line:2806)
[0000167] [11:46:33:845435] [Tid0x00000804] [debug] <--[C83] DL_Rom_SetEnableAttr
[0000168] [11:46:33:846435] [Tid0x00000804] [debug] -->[C84] DL_GetCount #./api/api.cpp (line:2587)
[0000169] [11:46:33:846435] [Tid0x00000804] [debug] <--[C84] DL_GetCount
[0000170] [11:46:33:846435] [Tid0x00000804] [debug] -->[C85] DL_Rom_GetInfoAll #./api/api.cpp (line:2752)
[0000171] [11:46:33:846435] [Tid0x00000804] [debug] <--[C85] DL_Rom_GetInfoAll
[0000172] [11:46:33:847435] [Tid0x00000804] [debug] -->[C86] DL_Rom_SetEnableAttr #./api/api.cpp (line:2806)
[0000173] [11:46:33:847435] [Tid0x00000804] [debug] <--[C86] DL_Rom_SetEnableAttr
[0000174] [11:46:33:848435] [Tid0x00000804] [debug] -->[C87] DL_GetCount #./api/api.cpp (line:2587)
[0000175] [11:46:33:848435] [Tid0x00000804] [debug] <--[C87] DL_GetCount
[0000176] [11:46:33:848435] [Tid0x00000804] [debug] -->[C88] DL_Rom_GetInfoAll #./api/api.cpp (line:2752)
[0000177] [11:46:33:848435] [Tid0x00000804] [debug] <--[C88] DL_Rom_GetInfoAll
[0000178] [11:46:33:849435] [Tid0x00000804] [debug] -->[C89] DL_Rom_SetEnableAttr #./api/api.cpp (line:2806)
[0000179] [11:46:33:849435] [Tid0x00000804] [debug] <--[C89] DL_Rom_SetEnableAttr
[0000180] [11:46:33:849435] [Tid0x00000804] [debug] -->[C90] DL_GetCount #./api/api.cpp (line:2587)
[0000181] [11:46:33:849435] [Tid0x00000804] [debug] <--[C90] DL_GetCount
[0000182] [11:46:33:849435] [Tid0x00000804] [debug] -->[C91] DL_Rom_GetInfoAll #./api/api.cpp (line:2752)
[0000183] [11:46:33:849435] [Tid0x00000804] [debug] <--[C91] DL_Rom_GetInfoAll
[0000184] [11:46:33:850435] [Tid0x00000804] [debug] -->[C92] DL_Rom_SetEnableAttr #./api/api.cpp (line:2806)
[0000185] [11:46:33:850435] [Tid0x00000804] [debug] <--[C92] DL_Rom_SetEnableAttr
[0000186] [11:46:33:850435] [Tid0x00000804] [debug] -->[C93] DL_GetCount #./api/api.cpp (line:2587)
[0000187] [11:46:33:850435] [Tid0x00000804] [debug] <--[C93] DL_GetCount
[0000188] [11:46:33:850435] [Tid0x00000804] [debug] -->[C94] DL_Rom_GetInfoAll #./api/api.cpp (line:2752)
[0000189] [11:46:33:850435] [Tid0x00000804] [debug] <--[C94] DL_Rom_GetInfoAll
[0000190] [11:46:33:851435] [Tid0x00000804] [debug] -->[C95] DL_Rom_SetEnableAttr #./api/api.cpp (line:2806)
[0000191] [11:46:33:851435] [Tid0x00000804] [debug] <--[C95] DL_Rom_SetEnableAttr
[0000192] [11:46:33:852435] [Tid0x00000804] [debug] -->[C96] DL_GetCount #./api/api.cpp (line:2587)
[0000193] [11:46:33:852435] [Tid0x00000804] [debug] <--[C96] DL_GetCount
[0000194] [11:46:33:852435] [Tid0x00000804] [debug] -->[C97] DL_Rom_GetInfoAll #./api/api.cpp (line:2752)
[0000195] [11:46:33:852435] [Tid0x00000804] [debug] <--[C97] DL_Rom_GetInfoAll
[0000196] [11:46:33:853435] [Tid0x00000804] [debug] -->[C98] DL_Rom_SetEnableAttr #./api/api.cpp (line:2806)
[0000197] [11:46:33:853435] [Tid0x00000804] [debug] <--[C98] DL_Rom_SetEnableAttr
[0000198] [11:46:33:853435] [Tid0x00000804] [debug] -->[C99] DL_GetCount #./api/api.cpp (line:2587)
[0000199] [11:46:33:853435] [Tid0x00000804] [debug] <--[C99] DL_GetCount
[0000200] [11:46:33:853435] [Tid0x00000804] [debug] -->[C100] DL_Rom_GetInfoAll #./api/api.cpp (line:2752)
[0000201] [11:46:33:853435] [Tid0x00000804] [debug] <--[C100] DL_Rom_GetInfoAll
[0000202] [11:46:33:854435] [Tid0x00000804] [debug] -->[C101] DL_Rom_SetEnableAttr #./api/api.cpp (line:2806)
[0000203] [11:46:33:854435] [Tid0x00000804] [debug] <--[C101] DL_Rom_SetEnableAttr
[0000204] [11:46:33:854435] [Tid0x00000804] [debug] -->[C102] DL_GetCount #./api/api.cpp (line:2587)
[0000205] [11:46:33:854435] [Tid0x00000804] [debug] <--[C102] DL_GetCount
[0000206] [11:46:33:854435] [Tid0x00000804] [debug] -->[C103] DL_Rom_GetInfoAll #./api/api.cpp (line:2752)
[0000207] [11:46:33:854435] [Tid0x00000804] [debug] <--[C103] DL_Rom_GetInfoAll
[0000208] [11:46:33:855435] [Tid0x00000804] [debug] -->[C104] DL_Rom_SetEnableAttr #./api/api.cpp (line:2806)
[0000209] [11:46:33:855435] [Tid0x00000804] [debug] <--[C104] DL_Rom_SetEnableAttr
[0000210] [11:46:33:856435] [Tid0x00000804] [debug] -->[C105] DL_GetCount #./api/api.cpp (line:2587)
[0000211] [11:46:33:856435] [Tid0x00000804] [debug] <--[C105] DL_GetCount
[0000212] [11:46:33:856435] [Tid0x00000804] [debug] -->[C106] DL_Rom_GetInfoAll #./api/api.cpp (line:2752)
[0000213] [11:46:33:856435] [Tid0x00000804] [debug] <--[C106] DL_Rom_GetInfoAll
[0000214] [11:46:33:857435] [Tid0x00000804] [debug] -->[C107] DL_Rom_SetEnableAttr #./api/api.cpp (line:2806)
[0000215] [11:46:33:857435] [Tid0x00000804] [debug] <--[C107] DL_Rom_SetEnableAttr
[0000216] [11:46:33:857435] [Tid0x00000804] [debug] -->[C108] DL_GetCount #./api/api.cpp (line:2587)
[0000217] [11:46:33:857435] [Tid0x00000804] [debug] <--[C108] DL_GetCount
[0000218] [11:46:33:857435] [Tid0x00000804] [debug] -->[C109] DL_Rom_GetInfoAll #./api/api.cpp (line:2752)
[0000219] [11:46:33:857435] [Tid0x00000804] [debug] <--[C109] DL_Rom_GetInfoAll
[0000220] [11:46:33:858435] [Tid0x00000804] [debug] -->[C110] DL_Rom_SetEnableAttr #./api/api.cpp (line:2806)
[0000221] [11:46:33:858435] [Tid0x00000804] [debug] <--[C110] DL_Rom_SetEnableAttr
[0000222] [11:46:33:859435] [Tid0x00000804] [debug] -->[C111] DL_GetCount #./api/api.cpp (line:2587)
[0000223] [11:46:33:859435] [Tid0x00000804] [debug] <--[C111] DL_GetCount
[0000224] [11:46:33:859435] [Tid0x00000804] [debug] -->[C112] DL_Rom_GetInfoAll #./api/api.cpp (line:2752)
[0000225] [11:46:33:859435] [Tid0x00000804] [debug] <--[C112] DL_Rom_GetInfoAll
[0000226] [11:46:33:860435] [Tid0x00000804] [debug] -->[C113] DL_Rom_SetEnableAttr #./api/api.cpp (line:2806)
[0000227] [11:46:33:860435] [Tid0x00000804] [debug] <--[C113] DL_Rom_SetEnableAttr
[0000228] [11:46:33:860435] [Tid0x00000804] [debug] -->[C114] DL_SetChecksumLevel #./api/api.cpp (line:2516)
[0000229] [11:46:33:860435] [Tid0x00000804] [debug] <--[C114] DL_SetChecksumLevel
[0000230] [11:46:37:167435] [Tid0x00000804] [debug] -->[C115] DL_GetCount #./api/api.cpp (line:2587)
[0000231] [11:46:37:167435] [Tid0x00000804] [debug] <--[C115] DL_GetCount
[0000232] [11:46:37:167435] [Tid0x00000804] [debug] -->[C116] DL_Rom_GetInfoAll #./api/api.cpp (line:2752)
[0000233] [11:46:37:167435] [Tid0x00000804] [debug] <--[C116] DL_Rom_GetInfoAll
[0000234] [11:46:37:168435] [Tid0x00000804] [debug] -->[C117] DL_GetCount #./api/api.cpp (line:2587)
[0000235] [11:46:37:168435] [Tid0x00000804] [debug] <--[C117] DL_GetCount
[0000236] [11:46:37:168435] [Tid0x00000804] [debug] -->[C118] DL_Rom_GetInfoAll #./api/api.cpp (line:2752)
[0000237] [11:46:37:169435] [Tid0x00000804] [debug] <--[C118] DL_Rom_GetInfoAll
[0000238] [11:46:42:000435] [Tid0x00001444] [debug] -->[C119] FlashTool_Connect_BROM_ByName #./api/api.cpp (line:1975)
[0000239] [11:46:42:000435] [Tid0x00001444] [debug] -->[C120] FlashTool_Connect_BROM_Ex #./api/api.cpp (line:1880)
[0000240] [11:46:42:000435] [Tid0x00001444] [debug] bCheckScatter: 1
[0000241] [11:46:42:000435] [Tid0x00001444] [debug] have load scatter already
[0000242] [11:46:42:000435] [Tid0x00001444] [debug] libversion 1
[0000243] [11:46:42:584435] [Tid0x00001444] [debug] <--[C120] FlashTool_Connect_BROM_Ex
[0000244] [11:46:42:584435] [Tid0x00001444] [debug] <--[C119] FlashTool_Connect_BROM_ByName
[0000245] [11:46:42:584435] [Tid0x00001444] [debug] -->[C121] FlashTool_GetBootResult #./api/api.cpp (line:1987)
[0000246] [11:46:42:584435] [Tid0x00001444] [debug] <--[C121] FlashTool_GetBootResult
[0000247] [11:46:42:584435] [Tid0x00001444] [debug] -->[C122] FlashTool_Connect_Download_DA #./api/api.cpp (line:2007)
[0000248] [11:46:42:584435] [Tid0x00001444] [debug] bCheckScatter: 1
[0000249] [11:46:44:652435] [Tid0x00001444] [debug] <--[C122] FlashTool_Connect_Download_DA
[0000250] [11:46:44:652435] [Tid0x00001444] [debug] -->[C123] FlashTool_CheckUSBStatus #./api/api.cpp (line:1154)
[0000251] [11:46:44:653435] [Tid0x00001444] [debug] <--[C123] FlashTool_CheckUSBStatus
[0000252] [11:46:44:653435] [Tid0x00001444] [debug] -->[C124] FlashTool_CheckUSBStatus #./api/api.cpp (line:1154)
[0000253] [11:46:44:654435] [Tid0x00001444] [debug] <--[C124] FlashTool_CheckUSBStatus
[0000254] [11:46:44:654435] [Tid0x00001444] [debug] -->[C125] FlashTool_GetReservedRomSize #./api/api.cpp (line:1677)
[0000255] [11:46:44:655435] [Tid0x00001444] [debug] <--[C125] FlashTool_GetReservedRomSize
[0000256] [11:46:44:655435] [Tid0x00001444] [debug] -->[C126] FlashTool_RomGetCount #./api/api.cpp (line:1702)
[0000257] [11:46:44:656435] [Tid0x00001444] [debug] <--[C126] FlashTool_RomGetCount
[0000258] [11:46:44:656435] [Tid0x00001444] [debug] -->[C127] FlashTool_RomGetInfoAll #./api/api.cpp (line:1726)
[0000259] [11:46:44:658435] [Tid0x00001444] [debug] <--[C127] FlashTool_RomGetInfoAll
[0000260] [11:46:44:658435] [Tid0x00001444] [debug] -->[C128] FlashTool_ReadPartitionCount #./api/api.cpp (line:1633)
[0000261] [11:46:44:693435] [Tid0x00001444] [debug] <--[C128] FlashTool_ReadPartitionCount
[0000262] [11:46:44:693435] [Tid0x00001444] [debug] -->[C129] FlashTool_ReadPartitionInfo #./api/api.cpp (line:1654)
[0000263] [11:46:44:693435] [Tid0x00001444] [debug] <--[C129] FlashTool_ReadPartitionInfo
[0000264] [11:46:44:693435] [Tid0x00001444] [debug] -->[C130] FlashTool_Download #./api/api.cpp (line:1300)
[0000265] [11:52:57:638435] [Tid0x00001444] [debug] <--[C130] FlashTool_Download
[0000266] [11:52:57:638435] [Tid0x00001444] [debug] -->[C131] DL_GetCount #./api/api.cpp (line:2587)
[0000267] [11:52:57:638435] [Tid0x00001444] [debug] <--[C131] DL_GetCount
[0000268] [11:52:57:638435] [Tid0x00001444] [debug] -->[C132] DL_Rom_GetInfoAll #./api/api.cpp (line:2752)
[0000269] [11:52:57:638435] [Tid0x00001444] [debug] <--[C132] DL_Rom_GetInfoAll
[0000270] [11:52:57:662435] [Tid0x00001444] [debug] -->[C133] FlashTool_Disconnect #./api/api.cpp (line:1033)
[0000271] [11:52:57:696435] [Tid0x00001444] [debug] <--[C133] FlashTool_Disconnect
[0000272] [11:49:01:228304] [Tid0x00000804] [debug] -->[C134] DL_Rom_UnloadAll #./api/api.cpp (line:2795)
[0000273] [11:49:02:074304] [Tid0x00000804] [debug] <--[C134] DL_Rom_UnloadAll
