[0000001] [13:51:24:833112] [Tid0x0000491c] [debug] -->[C1] DL_LoadScatter #./api/api.cpp (line:2474)
[0000002] [13:51:25:291112] [Tid0x0000491c] [debug] used lib version: 1
[0000003] [13:51:25:291112] [Tid0x0000491c] [debug] <--[C1] DL_LoadScatter
[0000004] [13:51:25:291112] [Tid0x0000491c] [debug] -->[C2] DL_AutoLoadRomImages #./api/api.cpp (line:2667)
[0000005] [13:51:26:170112] [Tid0x0000491c] [debug] <--[C2] DL_AutoLoadRomImages
[0000006] [13:51:26:809112] [Tid0x00004558] [debug] -->[C3] DL_GetCount #./api/api.cpp (line:2587)
[0000007] [13:51:26:809112] [Tid0x00004558] [debug] <--[C3] DL_GetCount
[0000008] [13:51:26:810112] [Tid0x00004558] [debug] -->[C4] DL_Rom_GetInfoAll #./api/api.cpp (line:2752)
[0000009] [13:51:26:810112] [Tid0x00004558] [debug] <--[C4] DL_Rom_GetInfoAll
[0000010] [13:51:26:812112] [Tid0x00004558] [debug] -->[C5] DL_GetScatterInfo #./api/api.cpp (line:2688)
[0000011] [13:51:26:812112] [Tid0x00004558] [debug] <--[C5] DL_GetScatterInfo
[0000012] [13:51:26:815112] [Tid0x00004558] [debug] -->[C6] DL_GetCount #./api/api.cpp (line:2587)
[0000013] [13:51:26:815112] [Tid0x00004558] [debug] <--[C6] DL_GetCount
[0000014] [13:51:26:815112] [Tid0x00004558] [debug] -->[C7] DL_Rom_GetInfoAll #./api/api.cpp (line:2752)
[0000015] [13:51:26:815112] [Tid0x00004558] [debug] <--[C7] DL_Rom_GetInfoAll
[0000016] [13:51:26:817112] [Tid0x00004558] [debug] -->[C8] DL_Rom_SetEnableAttr #./api/api.cpp (line:2806)
[0000017] [13:51:26:817112] [Tid0x00004558] [debug] <--[C8] DL_Rom_SetEnableAttr
[0000018] [13:51:26:817112] [Tid0x00004558] [debug] -->[C9] DL_GetCount #./api/api.cpp (line:2587)
[0000019] [13:51:26:818112] [Tid0x00004558] [debug] <--[C9] DL_GetCount
[0000020] [13:51:26:818112] [Tid0x00004558] [debug] -->[C10] DL_Rom_GetInfoAll #./api/api.cpp (line:2752)
[0000021] [13:51:26:818112] [Tid0x00004558] [debug] <--[C10] DL_Rom_GetInfoAll
[0000022] [13:51:26:819112] [Tid0x00004558] [debug] -->[C11] DL_Rom_SetEnableAttr #./api/api.cpp (line:2806)
[0000023] [13:51:26:820112] [Tid0x00004558] [debug] <--[C11] DL_Rom_SetEnableAttr
[0000024] [13:51:26:821112] [Tid0x00004558] [debug] -->[C12] DL_GetCount #./api/api.cpp (line:2587)
[0000025] [13:51:26:821112] [Tid0x00004558] [debug] <--[C12] DL_GetCount
[0000026] [13:51:26:821112] [Tid0x00004558] [debug] -->[C13] DL_Rom_GetInfoAll #./api/api.cpp (line:2752)
[0000027] [13:51:26:821112] [Tid0x00004558] [debug] <--[C13] DL_Rom_GetInfoAll
[0000028] [13:51:26:823112] [Tid0x00004558] [debug] -->[C14] DL_Rom_SetEnableAttr #./api/api.cpp (line:2806)
[0000029] [13:51:26:823112] [Tid0x00004558] [debug] <--[C14] DL_Rom_SetEnableAttr
[0000030] [13:51:26:824112] [Tid0x00004558] [debug] -->[C15] DL_GetCount #./api/api.cpp (line:2587)
[0000031] [13:51:26:824112] [Tid0x00004558] [debug] <--[C15] DL_GetCount
[0000032] [13:51:26:824112] [Tid0x00004558] [debug] -->[C16] DL_Rom_GetInfoAll #./api/api.cpp (line:2752)
[0000033] [13:51:26:824112] [Tid0x00004558] [debug] <--[C16] DL_Rom_GetInfoAll
[0000034] [13:51:26:826112] [Tid0x00004558] [debug] -->[C17] DL_Rom_SetEnableAttr #./api/api.cpp (line:2806)
[0000035] [13:51:26:826112] [Tid0x00004558] [debug] <--[C17] DL_Rom_SetEnableAttr
[0000036] [13:51:26:826112] [Tid0x00004558] [debug] -->[C18] DL_GetCount #./api/api.cpp (line:2587)
[0000037] [13:51:26:826112] [Tid0x00004558] [debug] <--[C18] DL_GetCount
[0000038] [13:51:26:826112] [Tid0x00004558] [debug] -->[C19] DL_Rom_GetInfoAll #./api/api.cpp (line:2752)
[0000039] [13:51:26:826112] [Tid0x00004558] [debug] <--[C19] DL_Rom_GetInfoAll
[0000040] [13:51:26:829112] [Tid0x00004558] [debug] -->[C20] DL_Rom_SetEnableAttr #./api/api.cpp (line:2806)
[0000041] [13:51:26:829112] [Tid0x00004558] [debug] <--[C20] DL_Rom_SetEnableAttr
[0000042] [13:51:26:830112] [Tid0x00004558] [debug] -->[C21] DL_GetCount #./api/api.cpp (line:2587)
[0000043] [13:51:26:830112] [Tid0x00004558] [debug] <--[C21] DL_GetCount
[0000044] [13:51:26:830112] [Tid0x00004558] [debug] -->[C22] DL_Rom_GetInfoAll #./api/api.cpp (line:2752)
[0000045] [13:51:26:830112] [Tid0x00004558] [debug] <--[C22] DL_Rom_GetInfoAll
[0000046] [13:51:26:831112] [Tid0x00004558] [debug] -->[C23] DL_Rom_SetEnableAttr #./api/api.cpp (line:2806)
[0000047] [13:51:26:831112] [Tid0x00004558] [debug] <--[C23] DL_Rom_SetEnableAttr
[0000048] [13:51:26:831112] [Tid0x00004558] [debug] -->[C24] DL_GetCount #./api/api.cpp (line:2587)
[0000049] [13:51:26:831112] [Tid0x00004558] [debug] <--[C24] DL_GetCount
[0000050] [13:51:26:831112] [Tid0x00004558] [debug] -->[C25] DL_Rom_GetInfoAll #./api/api.cpp (line:2752)
[0000051] [13:51:26:831112] [Tid0x00004558] [debug] <--[C25] DL_Rom_GetInfoAll
[0000052] [13:51:26:832112] [Tid0x00004558] [debug] -->[C26] DL_Rom_SetEnableAttr #./api/api.cpp (line:2806)
[0000053] [13:51:26:832112] [Tid0x00004558] [debug] <--[C26] DL_Rom_SetEnableAttr
[0000054] [13:51:26:832112] [Tid0x00004558] [debug] -->[C27] DL_GetCount #./api/api.cpp (line:2587)
[0000055] [13:51:26:832112] [Tid0x00004558] [debug] <--[C27] DL_GetCount
[0000056] [13:51:26:832112] [Tid0x00004558] [debug] -->[C28] DL_Rom_GetInfoAll #./api/api.cpp (line:2752)
[0000057] [13:51:26:832112] [Tid0x00004558] [debug] <--[C28] DL_Rom_GetInfoAll
[0000058] [13:51:26:833112] [Tid0x00004558] [debug] -->[C29] DL_Rom_SetEnableAttr #./api/api.cpp (line:2806)
[0000059] [13:51:26:833112] [Tid0x00004558] [debug] <--[C29] DL_Rom_SetEnableAttr
[0000060] [13:51:26:833112] [Tid0x00004558] [debug] -->[C30] DL_GetCount #./api/api.cpp (line:2587)
[0000061] [13:51:26:834112] [Tid0x00004558] [debug] <--[C30] DL_GetCount
[0000062] [13:51:26:834112] [Tid0x00004558] [debug] -->[C31] DL_Rom_GetInfoAll #./api/api.cpp (line:2752)
[0000063] [13:51:26:834112] [Tid0x00004558] [debug] <--[C31] DL_Rom_GetInfoAll
[0000064] [13:51:26:834112] [Tid0x00004558] [debug] -->[C32] DL_Rom_SetEnableAttr #./api/api.cpp (line:2806)
[0000065] [13:51:26:834112] [Tid0x00004558] [debug] <--[C32] DL_Rom_SetEnableAttr
[0000066] [13:51:26:862112] [Tid0x00004558] [debug] -->[C33] DL_GetCount #./api/api.cpp (line:2587)
[0000067] [13:51:26:862112] [Tid0x00004558] [debug] <--[C33] DL_GetCount
[0000068] [13:51:26:862112] [Tid0x00004558] [debug] -->[C34] DL_Rom_GetInfoAll #./api/api.cpp (line:2752)
[0000069] [13:51:26:862112] [Tid0x00004558] [debug] <--[C34] DL_Rom_GetInfoAll
[0000070] [13:51:26:864112] [Tid0x00004558] [debug] -->[C35] DL_Rom_SetEnableAttr #./api/api.cpp (line:2806)
[0000071] [13:51:26:864112] [Tid0x00004558] [debug] <--[C35] DL_Rom_SetEnableAttr
[0000072] [13:51:26:864112] [Tid0x00004558] [debug] -->[C36] DL_GetCount #./api/api.cpp (line:2587)
[0000073] [13:51:26:864112] [Tid0x00004558] [debug] <--[C36] DL_GetCount
[0000074] [13:51:26:864112] [Tid0x00004558] [debug] -->[C37] DL_Rom_GetInfoAll #./api/api.cpp (line:2752)
[0000075] [13:51:26:864112] [Tid0x00004558] [debug] <--[C37] DL_Rom_GetInfoAll
[0000076] [13:51:26:865112] [Tid0x00004558] [debug] -->[C38] DL_Rom_SetEnableAttr #./api/api.cpp (line:2806)
[0000077] [13:51:26:865112] [Tid0x00004558] [debug] <--[C38] DL_Rom_SetEnableAttr
[0000078] [13:51:26:866112] [Tid0x00004558] [debug] -->[C39] DL_GetCount #./api/api.cpp (line:2587)
[0000079] [13:51:26:866112] [Tid0x00004558] [debug] <--[C39] DL_GetCount
[0000080] [13:51:26:866112] [Tid0x00004558] [debug] -->[C40] DL_Rom_GetInfoAll #./api/api.cpp (line:2752)
[0000081] [13:51:26:866112] [Tid0x00004558] [debug] <--[C40] DL_Rom_GetInfoAll
[0000082] [13:51:26:866112] [Tid0x00004558] [debug] -->[C41] DL_Rom_SetEnableAttr #./api/api.cpp (line:2806)
[0000083] [13:51:26:866112] [Tid0x00004558] [debug] <--[C41] DL_Rom_SetEnableAttr
[0000084] [13:51:26:867112] [Tid0x00004558] [debug] -->[C42] DL_GetCount #./api/api.cpp (line:2587)
[0000085] [13:51:26:867112] [Tid0x00004558] [debug] <--[C42] DL_GetCount
[0000086] [13:51:26:868112] [Tid0x00004558] [debug] -->[C43] DL_Rom_GetInfoAll #./api/api.cpp (line:2752)
[0000087] [13:51:26:868112] [Tid0x00004558] [debug] <--[C43] DL_Rom_GetInfoAll
[0000088] [13:51:26:869112] [Tid0x00004558] [debug] -->[C44] DL_Rom_SetEnableAttr #./api/api.cpp (line:2806)
[0000089] [13:51:26:869112] [Tid0x00004558] [debug] <--[C44] DL_Rom_SetEnableAttr
[0000090] [13:51:26:869112] [Tid0x00004558] [debug] -->[C45] DL_GetCount #./api/api.cpp (line:2587)
[0000091] [13:51:26:869112] [Tid0x00004558] [debug] <--[C45] DL_GetCount
[0000092] [13:51:26:869112] [Tid0x00004558] [debug] -->[C46] DL_Rom_GetInfoAll #./api/api.cpp (line:2752)
[0000093] [13:51:26:869112] [Tid0x00004558] [debug] <--[C46] DL_Rom_GetInfoAll
[0000094] [13:51:26:870112] [Tid0x00004558] [debug] -->[C47] DL_Rom_SetEnableAttr #./api/api.cpp (line:2806)
[0000095] [13:51:26:870112] [Tid0x00004558] [debug] <--[C47] DL_Rom_SetEnableAttr
[0000096] [13:51:26:870112] [Tid0x00004558] [debug] -->[C48] DL_GetCount #./api/api.cpp (line:2587)
[0000097] [13:51:26:870112] [Tid0x00004558] [debug] <--[C48] DL_GetCount
[0000098] [13:51:26:870112] [Tid0x00004558] [debug] -->[C49] DL_Rom_GetInfoAll #./api/api.cpp (line:2752)
[0000099] [13:51:26:870112] [Tid0x00004558] [debug] <--[C49] DL_Rom_GetInfoAll
[0000100] [13:51:26:871112] [Tid0x00004558] [debug] -->[C50] DL_Rom_SetEnableAttr #./api/api.cpp (line:2806)
[0000101] [13:51:26:871112] [Tid0x00004558] [debug] <--[C50] DL_Rom_SetEnableAttr
[0000102] [13:51:26:872112] [Tid0x00004558] [debug] -->[C51] DL_GetCount #./api/api.cpp (line:2587)
[0000103] [13:51:26:872112] [Tid0x00004558] [debug] <--[C51] DL_GetCount
[0000104] [13:51:26:872112] [Tid0x00004558] [debug] -->[C52] DL_Rom_GetInfoAll #./api/api.cpp (line:2752)
[0000105] [13:51:26:872112] [Tid0x00004558] [debug] <--[C52] DL_Rom_GetInfoAll
[0000106] [13:51:26:873112] [Tid0x00004558] [debug] -->[C53] DL_Rom_SetEnableAttr #./api/api.cpp (line:2806)
[0000107] [13:51:26:873112] [Tid0x00004558] [debug] <--[C53] DL_Rom_SetEnableAttr
[0000108] [13:51:26:873112] [Tid0x00004558] [debug] -->[C54] DL_GetCount #./api/api.cpp (line:2587)
[0000109] [13:51:26:873112] [Tid0x00004558] [debug] <--[C54] DL_GetCount
[0000110] [13:51:26:873112] [Tid0x00004558] [debug] -->[C55] DL_Rom_GetInfoAll #./api/api.cpp (line:2752)
[0000111] [13:51:26:873112] [Tid0x00004558] [debug] <--[C55] DL_Rom_GetInfoAll
[0000112] [13:51:26:874112] [Tid0x00004558] [debug] -->[C56] DL_Rom_SetEnableAttr #./api/api.cpp (line:2806)
[0000113] [13:51:26:874112] [Tid0x00004558] [debug] <--[C56] DL_Rom_SetEnableAttr
[0000114] [13:51:26:885112] [Tid0x00004558] [debug] -->[C57] DL_GetCount #./api/api.cpp (line:2587)
[0000115] [13:51:26:885112] [Tid0x00004558] [debug] <--[C57] DL_GetCount
[0000116] [13:51:26:886112] [Tid0x00004558] [debug] -->[C58] DL_Rom_GetInfoAll #./api/api.cpp (line:2752)
[0000117] [13:51:26:886112] [Tid0x00004558] [debug] <--[C58] DL_Rom_GetInfoAll
[0000118] [13:51:26:886112] [Tid0x00004558] [debug] -->[C59] DL_Rom_SetEnableAttr #./api/api.cpp (line:2806)
[0000119] [13:51:26:886112] [Tid0x00004558] [debug] <--[C59] DL_Rom_SetEnableAttr
[0000120] [13:51:26:887112] [Tid0x00004558] [debug] -->[C60] DL_GetCount #./api/api.cpp (line:2587)
[0000121] [13:51:26:887112] [Tid0x00004558] [debug] <--[C60] DL_GetCount
[0000122] [13:51:26:887112] [Tid0x00004558] [debug] -->[C61] DL_Rom_GetInfoAll #./api/api.cpp (line:2752)
[0000123] [13:51:26:888112] [Tid0x00004558] [debug] <--[C61] DL_Rom_GetInfoAll
[0000124] [13:51:26:889112] [Tid0x00004558] [debug] -->[C62] DL_Rom_SetEnableAttr #./api/api.cpp (line:2806)
[0000125] [13:51:26:889112] [Tid0x00004558] [debug] <--[C62] DL_Rom_SetEnableAttr
[0000126] [13:51:26:889112] [Tid0x00004558] [debug] -->[C63] DL_GetCount #./api/api.cpp (line:2587)
[0000127] [13:51:26:889112] [Tid0x00004558] [debug] <--[C63] DL_GetCount
[0000128] [13:51:26:889112] [Tid0x00004558] [debug] -->[C64] DL_Rom_GetInfoAll #./api/api.cpp (line:2752)
[0000129] [13:51:26:889112] [Tid0x00004558] [debug] <--[C64] DL_Rom_GetInfoAll
[0000130] [13:51:26:890112] [Tid0x00004558] [debug] -->[C65] DL_Rom_SetEnableAttr #./api/api.cpp (line:2806)
[0000131] [13:51:26:890112] [Tid0x00004558] [debug] <--[C65] DL_Rom_SetEnableAttr
[0000132] [13:51:26:891112] [Tid0x00004558] [debug] -->[C66] DL_GetCount #./api/api.cpp (line:2587)
[0000133] [13:51:26:891112] [Tid0x00004558] [debug] <--[C66] DL_GetCount
[0000134] [13:51:26:891112] [Tid0x00004558] [debug] -->[C67] DL_Rom_GetInfoAll #./api/api.cpp (line:2752)
[0000135] [13:51:26:891112] [Tid0x00004558] [debug] <--[C67] DL_Rom_GetInfoAll
[0000136] [13:51:26:891112] [Tid0x00004558] [debug] -->[C68] DL_Rom_SetEnableAttr #./api/api.cpp (line:2806)
[0000137] [13:51:26:891112] [Tid0x00004558] [debug] <--[C68] DL_Rom_SetEnableAttr
[0000138] [13:51:26:892112] [Tid0x00004558] [debug] -->[C69] DL_GetCount #./api/api.cpp (line:2587)
[0000139] [13:51:26:892112] [Tid0x00004558] [debug] <--[C69] DL_GetCount
[0000140] [13:51:26:892112] [Tid0x00004558] [debug] -->[C70] DL_Rom_GetInfoAll #./api/api.cpp (line:2752)
[0000141] [13:51:26:892112] [Tid0x00004558] [debug] <--[C70] DL_Rom_GetInfoAll
[0000142] [13:51:26:893112] [Tid0x00004558] [debug] -->[C71] DL_Rom_SetEnableAttr #./api/api.cpp (line:2806)
[0000143] [13:51:26:893112] [Tid0x00004558] [debug] <--[C71] DL_Rom_SetEnableAttr
[0000144] [13:51:26:893112] [Tid0x00004558] [debug] -->[C72] DL_GetCount #./api/api.cpp (line:2587)
[0000145] [13:51:26:893112] [Tid0x00004558] [debug] <--[C72] DL_GetCount
[0000146] [13:51:26:893112] [Tid0x00004558] [debug] -->[C73] DL_Rom_GetInfoAll #./api/api.cpp (line:2752)
[0000147] [13:51:26:893112] [Tid0x00004558] [debug] <--[C73] DL_Rom_GetInfoAll
[0000148] [13:51:26:894112] [Tid0x00004558] [debug] -->[C74] DL_Rom_SetEnableAttr #./api/api.cpp (line:2806)
[0000149] [13:51:26:894112] [Tid0x00004558] [debug] <--[C74] DL_Rom_SetEnableAttr
[0000150] [13:51:26:894112] [Tid0x00004558] [debug] -->[C75] DL_GetCount #./api/api.cpp (line:2587)
[0000151] [13:51:26:894112] [Tid0x00004558] [debug] <--[C75] DL_GetCount
[0000152] [13:51:26:894112] [Tid0x00004558] [debug] -->[C76] DL_Rom_GetInfoAll #./api/api.cpp (line:2752)
[0000153] [13:51:26:895112] [Tid0x00004558] [debug] <--[C76] DL_Rom_GetInfoAll
[0000154] [13:51:26:896112] [Tid0x00004558] [debug] -->[C77] DL_Rom_SetEnableAttr #./api/api.cpp (line:2806)
[0000155] [13:51:26:896112] [Tid0x00004558] [debug] <--[C77] DL_Rom_SetEnableAttr
[0000156] [13:51:26:904112] [Tid0x00004558] [debug] -->[C78] DL_GetCount #./api/api.cpp (line:2587)
[0000157] [13:51:26:904112] [Tid0x00004558] [debug] <--[C78] DL_GetCount
[0000158] [13:51:26:904112] [Tid0x00004558] [debug] -->[C79] DL_Rom_GetInfoAll #./api/api.cpp (line:2752)
[0000159] [13:51:26:904112] [Tid0x00004558] [debug] <--[C79] DL_Rom_GetInfoAll
[0000160] [13:51:26:905112] [Tid0x00004558] [debug] -->[C80] DL_Rom_SetEnableAttr #./api/api.cpp (line:2806)
[0000161] [13:51:26:905112] [Tid0x00004558] [debug] <--[C80] DL_Rom_SetEnableAttr
[0000162] [13:51:26:905112] [Tid0x00004558] [debug] -->[C81] DL_GetCount #./api/api.cpp (line:2587)
[0000163] [13:51:26:905112] [Tid0x00004558] [debug] <--[C81] DL_GetCount
[0000164] [13:51:26:905112] [Tid0x00004558] [debug] -->[C82] DL_Rom_GetInfoAll #./api/api.cpp (line:2752)
[0000165] [13:51:26:905112] [Tid0x00004558] [debug] <--[C82] DL_Rom_GetInfoAll
[0000166] [13:51:26:906112] [Tid0x00004558] [debug] -->[C83] DL_Rom_SetEnableAttr #./api/api.cpp (line:2806)
[0000167] [13:51:26:906112] [Tid0x00004558] [debug] <--[C83] DL_Rom_SetEnableAttr
[0000168] [13:51:26:907112] [Tid0x00004558] [debug] -->[C84] DL_GetCount #./api/api.cpp (line:2587)
[0000169] [13:51:26:907112] [Tid0x00004558] [debug] <--[C84] DL_GetCount
[0000170] [13:51:26:907112] [Tid0x00004558] [debug] -->[C85] DL_Rom_GetInfoAll #./api/api.cpp (line:2752)
[0000171] [13:51:26:907112] [Tid0x00004558] [debug] <--[C85] DL_Rom_GetInfoAll
[0000172] [13:51:26:908112] [Tid0x00004558] [debug] -->[C86] DL_Rom_SetEnableAttr #./api/api.cpp (line:2806)
[0000173] [13:51:26:908112] [Tid0x00004558] [debug] <--[C86] DL_Rom_SetEnableAttr
[0000174] [13:51:26:908112] [Tid0x00004558] [debug] -->[C87] DL_GetCount #./api/api.cpp (line:2587)
[0000175] [13:51:26:908112] [Tid0x00004558] [debug] <--[C87] DL_GetCount
[0000176] [13:51:26:908112] [Tid0x00004558] [debug] -->[C88] DL_Rom_GetInfoAll #./api/api.cpp (line:2752)
[0000177] [13:51:26:908112] [Tid0x00004558] [debug] <--[C88] DL_Rom_GetInfoAll
[0000178] [13:51:26:909112] [Tid0x00004558] [debug] -->[C89] DL_Rom_SetEnableAttr #./api/api.cpp (line:2806)
[0000179] [13:51:26:909112] [Tid0x00004558] [debug] <--[C89] DL_Rom_SetEnableAttr
[0000180] [13:51:26:909112] [Tid0x00004558] [debug] -->[C90] DL_GetCount #./api/api.cpp (line:2587)
[0000181] [13:51:26:909112] [Tid0x00004558] [debug] <--[C90] DL_GetCount
[0000182] [13:51:26:909112] [Tid0x00004558] [debug] -->[C91] DL_Rom_GetInfoAll #./api/api.cpp (line:2752)
[0000183] [13:51:26:909112] [Tid0x00004558] [debug] <--[C91] DL_Rom_GetInfoAll
[0000184] [13:51:26:910112] [Tid0x00004558] [debug] -->[C92] DL_Rom_SetEnableAttr #./api/api.cpp (line:2806)
[0000185] [13:51:26:910112] [Tid0x00004558] [debug] <--[C92] DL_Rom_SetEnableAttr
[0000186] [13:51:26:914112] [Tid0x00004558] [debug] -->[C93] DL_GetCount #./api/api.cpp (line:2587)
[0000187] [13:51:26:914112] [Tid0x00004558] [debug] <--[C93] DL_GetCount
[0000188] [13:51:26:914112] [Tid0x00004558] [debug] -->[C94] DL_Rom_GetInfoAll #./api/api.cpp (line:2752)
[0000189] [13:51:26:914112] [Tid0x00004558] [debug] <--[C94] DL_Rom_GetInfoAll
[0000190] [13:51:26:915112] [Tid0x00004558] [debug] -->[C95] DL_Rom_SetEnableAttr #./api/api.cpp (line:2806)
[0000191] [13:51:26:915112] [Tid0x00004558] [debug] <--[C95] DL_Rom_SetEnableAttr
[0000192] [13:51:26:915112] [Tid0x00004558] [debug] -->[C96] DL_GetCount #./api/api.cpp (line:2587)
[0000193] [13:51:26:916112] [Tid0x00004558] [debug] <--[C96] DL_GetCount
[0000194] [13:51:26:916112] [Tid0x00004558] [debug] -->[C97] DL_Rom_GetInfoAll #./api/api.cpp (line:2752)
[0000195] [13:51:26:916112] [Tid0x00004558] [debug] <--[C97] DL_Rom_GetInfoAll
[0000196] [13:51:26:916112] [Tid0x00004558] [debug] -->[C98] DL_Rom_SetEnableAttr #./api/api.cpp (line:2806)
[0000197] [13:51:26:916112] [Tid0x00004558] [debug] <--[C98] DL_Rom_SetEnableAttr
[0000198] [13:51:26:916112] [Tid0x00004558] [debug] -->[C99] DL_GetCount #./api/api.cpp (line:2587)
[0000199] [13:51:26:916112] [Tid0x00004558] [debug] <--[C99] DL_GetCount
[0000200] [13:51:26:917112] [Tid0x00004558] [debug] -->[C100] DL_Rom_GetInfoAll #./api/api.cpp (line:2752)
[0000201] [13:51:26:917112] [Tid0x00004558] [debug] <--[C100] DL_Rom_GetInfoAll
[0000202] [13:51:26:917112] [Tid0x00004558] [debug] -->[C101] DL_Rom_SetEnableAttr #./api/api.cpp (line:2806)
[0000203] [13:51:26:917112] [Tid0x00004558] [debug] <--[C101] DL_Rom_SetEnableAttr
[0000204] [13:51:26:918112] [Tid0x00004558] [debug] -->[C102] DL_GetCount #./api/api.cpp (line:2587)
[0000205] [13:51:26:918112] [Tid0x00004558] [debug] <--[C102] DL_GetCount
[0000206] [13:51:26:918112] [Tid0x00004558] [debug] -->[C103] DL_Rom_GetInfoAll #./api/api.cpp (line:2752)
[0000207] [13:51:26:918112] [Tid0x00004558] [debug] <--[C103] DL_Rom_GetInfoAll
[0000208] [13:51:26:919112] [Tid0x00004558] [debug] -->[C104] DL_Rom_SetEnableAttr #./api/api.cpp (line:2806)
[0000209] [13:51:26:919112] [Tid0x00004558] [debug] <--[C104] DL_Rom_SetEnableAttr
[0000210] [13:51:26:919112] [Tid0x00004558] [debug] -->[C105] DL_GetCount #./api/api.cpp (line:2587)
[0000211] [13:51:26:919112] [Tid0x00004558] [debug] <--[C105] DL_GetCount
[0000212] [13:51:26:919112] [Tid0x00004558] [debug] -->[C106] DL_Rom_GetInfoAll #./api/api.cpp (line:2752)
[0000213] [13:51:26:919112] [Tid0x00004558] [debug] <--[C106] DL_Rom_GetInfoAll
[0000214] [13:51:26:920112] [Tid0x00004558] [debug] -->[C107] DL_Rom_SetEnableAttr #./api/api.cpp (line:2806)
[0000215] [13:51:26:920112] [Tid0x00004558] [debug] <--[C107] DL_Rom_SetEnableAttr
[0000216] [13:51:26:920112] [Tid0x00004558] [debug] -->[C108] DL_GetCount #./api/api.cpp (line:2587)
[0000217] [13:51:26:920112] [Tid0x00004558] [debug] <--[C108] DL_GetCount
[0000218] [13:51:26:920112] [Tid0x00004558] [debug] -->[C109] DL_Rom_GetInfoAll #./api/api.cpp (line:2752)
[0000219] [13:51:26:920112] [Tid0x00004558] [debug] <--[C109] DL_Rom_GetInfoAll
[0000220] [13:51:26:922112] [Tid0x00004558] [debug] -->[C110] DL_Rom_SetEnableAttr #./api/api.cpp (line:2806)
[0000221] [13:51:26:922112] [Tid0x00004558] [debug] <--[C110] DL_Rom_SetEnableAttr
[0000222] [13:51:26:923112] [Tid0x00004558] [debug] -->[C111] DL_GetCount #./api/api.cpp (line:2587)
[0000223] [13:51:26:923112] [Tid0x00004558] [debug] <--[C111] DL_GetCount
[0000224] [13:51:26:923112] [Tid0x00004558] [debug] -->[C112] DL_Rom_GetInfoAll #./api/api.cpp (line:2752)
[0000225] [13:51:26:923112] [Tid0x00004558] [debug] <--[C112] DL_Rom_GetInfoAll
[0000226] [13:51:26:924112] [Tid0x00004558] [debug] -->[C113] DL_Rom_SetEnableAttr #./api/api.cpp (line:2806)
[0000227] [13:51:26:924112] [Tid0x00004558] [debug] <--[C113] DL_Rom_SetEnableAttr
[0000228] [13:51:26:924112] [Tid0x00004558] [debug] -->[C114] DL_SetChecksumLevel #./api/api.cpp (line:2516)
[0000229] [13:51:26:924112] [Tid0x00004558] [debug] <--[C114] DL_SetChecksumLevel
[0000230] [13:52:50:153112] [Tid0x00004490] [debug] -->[C115] DL_LoadScatter #./api/api.cpp (line:2474)
[0000231] [13:52:50:215112] [Tid0x00004490] [debug] used lib version: 1
[0000232] [13:52:50:216112] [Tid0x00004490] [debug] <--[C115] DL_LoadScatter
[0000233] [13:52:50:216112] [Tid0x00004490] [debug] -->[C116] DL_AutoLoadRomImages #./api/api.cpp (line:2667)
[0000234] [13:52:51:055112] [Tid0x00004490] [debug] <--[C116] DL_AutoLoadRomImages
[0000235] [13:52:51:077112] [Tid0x00004558] [debug] -->[C117] DL_GetCount #./api/api.cpp (line:2587)
[0000236] [13:52:51:078112] [Tid0x00004558] [debug] <--[C117] DL_GetCount
[0000237] [13:52:51:078112] [Tid0x00004558] [debug] -->[C118] DL_Rom_GetInfoAll #./api/api.cpp (line:2752)
[0000238] [13:52:51:078112] [Tid0x00004558] [debug] <--[C118] DL_Rom_GetInfoAll
[0000239] [13:52:51:081112] [Tid0x00004558] [debug] -->[C119] DL_GetScatterInfo #./api/api.cpp (line:2688)
[0000240] [13:52:51:081112] [Tid0x00004558] [debug] <--[C119] DL_GetScatterInfo
[0000241] [13:52:51:087112] [Tid0x00004558] [debug] -->[C120] DL_GetCount #./api/api.cpp (line:2587)
[0000242] [13:52:51:087112] [Tid0x00004558] [debug] <--[C120] DL_GetCount
[0000243] [13:52:51:087112] [Tid0x00004558] [debug] -->[C121] DL_Rom_GetInfoAll #./api/api.cpp (line:2752)
[0000244] [13:52:51:087112] [Tid0x00004558] [debug] <--[C121] DL_Rom_GetInfoAll
[0000245] [13:52:51:089112] [Tid0x00004558] [debug] -->[C122] DL_Rom_SetEnableAttr #./api/api.cpp (line:2806)
[0000246] [13:52:51:090112] [Tid0x00004558] [debug] <--[C122] DL_Rom_SetEnableAttr
[0000247] [13:52:51:091112] [Tid0x00004558] [debug] -->[C123] DL_GetCount #./api/api.cpp (line:2587)
[0000248] [13:52:51:091112] [Tid0x00004558] [debug] <--[C123] DL_GetCount
[0000249] [13:52:51:091112] [Tid0x00004558] [debug] -->[C124] DL_Rom_GetInfoAll #./api/api.cpp (line:2752)
[0000250] [13:52:51:091112] [Tid0x00004558] [debug] <--[C124] DL_Rom_GetInfoAll
[0000251] [13:52:51:094112] [Tid0x00004558] [debug] -->[C125] DL_Rom_SetEnableAttr #./api/api.cpp (line:2806)
[0000252] [13:52:51:094112] [Tid0x00004558] [debug] <--[C125] DL_Rom_SetEnableAttr
[0000253] [13:52:51:102112] [Tid0x00004558] [debug] -->[C126] DL_GetCount #./api/api.cpp (line:2587)
[0000254] [13:52:51:102112] [Tid0x00004558] [debug] <--[C126] DL_GetCount
[0000255] [13:52:51:102112] [Tid0x00004558] [debug] -->[C127] DL_Rom_GetInfoAll #./api/api.cpp (line:2752)
[0000256] [13:52:51:102112] [Tid0x00004558] [debug] <--[C127] DL_Rom_GetInfoAll
[0000257] [13:52:51:103112] [Tid0x00004558] [debug] -->[C128] DL_Rom_SetEnableAttr #./api/api.cpp (line:2806)
[0000258] [13:52:51:103112] [Tid0x00004558] [debug] <--[C128] DL_Rom_SetEnableAttr
[0000259] [13:52:51:104112] [Tid0x00004558] [debug] -->[C129] DL_GetCount #./api/api.cpp (line:2587)
[0000260] [13:52:51:104112] [Tid0x00004558] [debug] <--[C129] DL_GetCount
[0000261] [13:52:51:104112] [Tid0x00004558] [debug] -->[C130] DL_Rom_GetInfoAll #./api/api.cpp (line:2752)
[0000262] [13:52:51:104112] [Tid0x00004558] [debug] <--[C130] DL_Rom_GetInfoAll
[0000263] [13:52:51:105112] [Tid0x00004558] [debug] -->[C131] DL_Rom_SetEnableAttr #./api/api.cpp (line:2806)
[0000264] [13:52:51:105112] [Tid0x00004558] [debug] <--[C131] DL_Rom_SetEnableAttr
[0000265] [13:52:51:108112] [Tid0x00004558] [debug] -->[C132] DL_GetCount #./api/api.cpp (line:2587)
[0000266] [13:52:51:108112] [Tid0x00004558] [debug] <--[C132] DL_GetCount
[0000267] [13:52:51:108112] [Tid0x00004558] [debug] -->[C133] DL_Rom_GetInfoAll #./api/api.cpp (line:2752)
[0000268] [13:52:51:108112] [Tid0x00004558] [debug] <--[C133] DL_Rom_GetInfoAll
[0000269] [13:52:51:109112] [Tid0x00004558] [debug] -->[C134] DL_Rom_SetEnableAttr #./api/api.cpp (line:2806)
[0000270] [13:52:51:109112] [Tid0x00004558] [debug] <--[C134] DL_Rom_SetEnableAttr
[0000271] [13:52:51:110112] [Tid0x00004558] [debug] -->[C135] DL_GetCount #./api/api.cpp (line:2587)
[0000272] [13:52:51:110112] [Tid0x00004558] [debug] <--[C135] DL_GetCount
[0000273] [13:52:51:110112] [Tid0x00004558] [debug] -->[C136] DL_Rom_GetInfoAll #./api/api.cpp (line:2752)
[0000274] [13:52:51:110112] [Tid0x00004558] [debug] <--[C136] DL_Rom_GetInfoAll
[0000275] [13:52:51:111112] [Tid0x00004558] [debug] -->[C137] DL_Rom_SetEnableAttr #./api/api.cpp (line:2806)
[0000276] [13:52:51:111112] [Tid0x00004558] [debug] <--[C137] DL_Rom_SetEnableAttr
[0000277] [13:52:51:115112] [Tid0x00004558] [debug] -->[C138] DL_GetCount #./api/api.cpp (line:2587)
[0000278] [13:52:51:115112] [Tid0x00004558] [debug] <--[C138] DL_GetCount
[0000279] [13:52:51:115112] [Tid0x00004558] [debug] -->[C139] DL_Rom_GetInfoAll #./api/api.cpp (line:2752)
[0000280] [13:52:51:115112] [Tid0x00004558] [debug] <--[C139] DL_Rom_GetInfoAll
[0000281] [13:52:51:116112] [Tid0x00004558] [debug] -->[C140] DL_Rom_SetEnableAttr #./api/api.cpp (line:2806)
[0000282] [13:52:51:116112] [Tid0x00004558] [debug] <--[C140] DL_Rom_SetEnableAttr
[0000283] [13:52:51:117112] [Tid0x00004558] [debug] -->[C141] DL_GetCount #./api/api.cpp (line:2587)
[0000284] [13:52:51:117112] [Tid0x00004558] [debug] <--[C141] DL_GetCount
[0000285] [13:52:51:117112] [Tid0x00004558] [debug] -->[C142] DL_Rom_GetInfoAll #./api/api.cpp (line:2752)
[0000286] [13:52:51:117112] [Tid0x00004558] [debug] <--[C142] DL_Rom_GetInfoAll
[0000287] [13:52:51:118112] [Tid0x00004558] [debug] -->[C143] DL_Rom_SetEnableAttr #./api/api.cpp (line:2806)
[0000288] [13:52:51:118112] [Tid0x00004558] [debug] <--[C143] DL_Rom_SetEnableAttr
[0000289] [13:52:51:121112] [Tid0x00004558] [debug] -->[C144] DL_GetCount #./api/api.cpp (line:2587)
[0000290] [13:52:51:121112] [Tid0x00004558] [debug] <--[C144] DL_GetCount
[0000291] [13:52:51:121112] [Tid0x00004558] [debug] -->[C145] DL_Rom_GetInfoAll #./api/api.cpp (line:2752)
[0000292] [13:52:51:121112] [Tid0x00004558] [debug] <--[C145] DL_Rom_GetInfoAll
[0000293] [13:52:51:122112] [Tid0x00004558] [debug] -->[C146] DL_Rom_SetEnableAttr #./api/api.cpp (line:2806)
[0000294] [13:52:51:122112] [Tid0x00004558] [debug] <--[C146] DL_Rom_SetEnableAttr
[0000295] [13:52:51:123112] [Tid0x00004558] [debug] -->[C147] DL_GetCount #./api/api.cpp (line:2587)
[0000296] [13:52:51:123112] [Tid0x00004558] [debug] <--[C147] DL_GetCount
[0000297] [13:52:51:123112] [Tid0x00004558] [debug] -->[C148] DL_Rom_GetInfoAll #./api/api.cpp (line:2752)
[0000298] [13:52:51:123112] [Tid0x00004558] [debug] <--[C148] DL_Rom_GetInfoAll
[0000299] [13:52:51:124112] [Tid0x00004558] [debug] -->[C149] DL_Rom_SetEnableAttr #./api/api.cpp (line:2806)
[0000300] [13:52:51:124112] [Tid0x00004558] [debug] <--[C149] DL_Rom_SetEnableAttr
[0000301] [13:52:51:127112] [Tid0x00004558] [debug] -->[C150] DL_GetCount #./api/api.cpp (line:2587)
[0000302] [13:52:51:127112] [Tid0x00004558] [debug] <--[C150] DL_GetCount
[0000303] [13:52:51:127112] [Tid0x00004558] [debug] -->[C151] DL_Rom_GetInfoAll #./api/api.cpp (line:2752)
[0000304] [13:52:51:128112] [Tid0x00004558] [debug] <--[C151] DL_Rom_GetInfoAll
[0000305] [13:52:51:129112] [Tid0x00004558] [debug] -->[C152] DL_Rom_SetEnableAttr #./api/api.cpp (line:2806)
[0000306] [13:52:51:129112] [Tid0x00004558] [debug] <--[C152] DL_Rom_SetEnableAttr
[0000307] [13:52:51:129112] [Tid0x00004558] [debug] -->[C153] DL_GetCount #./api/api.cpp (line:2587)
[0000308] [13:52:51:129112] [Tid0x00004558] [debug] <--[C153] DL_GetCount
[0000309] [13:52:51:129112] [Tid0x00004558] [debug] -->[C154] DL_Rom_GetInfoAll #./api/api.cpp (line:2752)
[0000310] [13:52:51:129112] [Tid0x00004558] [debug] <--[C154] DL_Rom_GetInfoAll
[0000311] [13:52:51:130112] [Tid0x00004558] [debug] -->[C155] DL_Rom_SetEnableAttr #./api/api.cpp (line:2806)
[0000312] [13:52:51:130112] [Tid0x00004558] [debug] <--[C155] DL_Rom_SetEnableAttr
[0000313] [13:52:51:133112] [Tid0x00004558] [debug] -->[C156] DL_GetCount #./api/api.cpp (line:2587)
[0000314] [13:52:51:133112] [Tid0x00004558] [debug] <--[C156] DL_GetCount
[0000315] [13:52:51:133112] [Tid0x00004558] [debug] -->[C157] DL_Rom_GetInfoAll #./api/api.cpp (line:2752)
[0000316] [13:52:51:133112] [Tid0x00004558] [debug] <--[C157] DL_Rom_GetInfoAll
[0000317] [13:52:51:134112] [Tid0x00004558] [debug] -->[C158] DL_Rom_SetEnableAttr #./api/api.cpp (line:2806)
[0000318] [13:52:51:134112] [Tid0x00004558] [debug] <--[C158] DL_Rom_SetEnableAttr
[0000319] [13:52:51:134112] [Tid0x00004558] [debug] -->[C159] DL_GetCount #./api/api.cpp (line:2587)
[0000320] [13:52:51:134112] [Tid0x00004558] [debug] <--[C159] DL_GetCount
[0000321] [13:52:51:135112] [Tid0x00004558] [debug] -->[C160] DL_Rom_GetInfoAll #./api/api.cpp (line:2752)
[0000322] [13:52:51:135112] [Tid0x00004558] [debug] <--[C160] DL_Rom_GetInfoAll
[0000323] [13:52:51:135112] [Tid0x00004558] [debug] -->[C161] DL_Rom_SetEnableAttr #./api/api.cpp (line:2806)
[0000324] [13:52:51:135112] [Tid0x00004558] [debug] <--[C161] DL_Rom_SetEnableAttr
[0000325] [13:52:51:138112] [Tid0x00004558] [debug] -->[C162] DL_GetCount #./api/api.cpp (line:2587)
[0000326] [13:52:51:138112] [Tid0x00004558] [debug] <--[C162] DL_GetCount
[0000327] [13:52:51:138112] [Tid0x00004558] [debug] -->[C163] DL_Rom_GetInfoAll #./api/api.cpp (line:2752)
[0000328] [13:52:51:138112] [Tid0x00004558] [debug] <--[C163] DL_Rom_GetInfoAll
[0000329] [13:52:51:138112] [Tid0x00004558] [debug] -->[C164] DL_Rom_SetEnableAttr #./api/api.cpp (line:2806)
[0000330] [13:52:51:138112] [Tid0x00004558] [debug] <--[C164] DL_Rom_SetEnableAttr
[0000331] [13:52:51:139112] [Tid0x00004558] [debug] -->[C165] DL_GetCount #./api/api.cpp (line:2587)
[0000332] [13:52:51:139112] [Tid0x00004558] [debug] <--[C165] DL_GetCount
[0000333] [13:52:51:139112] [Tid0x00004558] [debug] -->[C166] DL_Rom_GetInfoAll #./api/api.cpp (line:2752)
[0000334] [13:52:51:139112] [Tid0x00004558] [debug] <--[C166] DL_Rom_GetInfoAll
[0000335] [13:52:51:140112] [Tid0x00004558] [debug] -->[C167] DL_Rom_SetEnableAttr #./api/api.cpp (line:2806)
[0000336] [13:52:51:140112] [Tid0x00004558] [debug] <--[C167] DL_Rom_SetEnableAttr
[0000337] [13:52:51:144112] [Tid0x00004558] [debug] -->[C168] DL_GetCount #./api/api.cpp (line:2587)
[0000338] [13:52:51:144112] [Tid0x00004558] [debug] <--[C168] DL_GetCount
[0000339] [13:52:51:145112] [Tid0x00004558] [debug] -->[C169] DL_Rom_GetInfoAll #./api/api.cpp (line:2752)
[0000340] [13:52:51:145112] [Tid0x00004558] [debug] <--[C169] DL_Rom_GetInfoAll
[0000341] [13:52:51:145112] [Tid0x00004558] [debug] -->[C170] DL_Rom_SetEnableAttr #./api/api.cpp (line:2806)
[0000342] [13:52:51:145112] [Tid0x00004558] [debug] <--[C170] DL_Rom_SetEnableAttr
[0000343] [13:52:51:146112] [Tid0x00004558] [debug] -->[C171] DL_GetCount #./api/api.cpp (line:2587)
[0000344] [13:52:51:146112] [Tid0x00004558] [debug] <--[C171] DL_GetCount
[0000345] [13:52:51:146112] [Tid0x00004558] [debug] -->[C172] DL_Rom_GetInfoAll #./api/api.cpp (line:2752)
[0000346] [13:52:51:146112] [Tid0x00004558] [debug] <--[C172] DL_Rom_GetInfoAll
[0000347] [13:52:51:147112] [Tid0x00004558] [debug] -->[C173] DL_Rom_SetEnableAttr #./api/api.cpp (line:2806)
[0000348] [13:52:51:147112] [Tid0x00004558] [debug] <--[C173] DL_Rom_SetEnableAttr
[0000349] [13:52:51:149112] [Tid0x00004558] [debug] -->[C174] DL_GetCount #./api/api.cpp (line:2587)
[0000350] [13:52:51:149112] [Tid0x00004558] [debug] <--[C174] DL_GetCount
[0000351] [13:52:51:149112] [Tid0x00004558] [debug] -->[C175] DL_Rom_GetInfoAll #./api/api.cpp (line:2752)
[0000352] [13:52:51:149112] [Tid0x00004558] [debug] <--[C175] DL_Rom_GetInfoAll
[0000353] [13:52:51:150112] [Tid0x00004558] [debug] -->[C176] DL_Rom_SetEnableAttr #./api/api.cpp (line:2806)
[0000354] [13:52:51:150112] [Tid0x00004558] [debug] <--[C176] DL_Rom_SetEnableAttr
[0000355] [13:52:51:152112] [Tid0x00004558] [debug] -->[C177] DL_GetCount #./api/api.cpp (line:2587)
[0000356] [13:52:51:152112] [Tid0x00004558] [debug] <--[C177] DL_GetCount
[0000357] [13:52:51:152112] [Tid0x00004558] [debug] -->[C178] DL_Rom_GetInfoAll #./api/api.cpp (line:2752)
[0000358] [13:52:51:152112] [Tid0x00004558] [debug] <--[C178] DL_Rom_GetInfoAll
[0000359] [13:52:51:153112] [Tid0x00004558] [debug] -->[C179] DL_Rom_SetEnableAttr #./api/api.cpp (line:2806)
[0000360] [13:52:51:153112] [Tid0x00004558] [debug] <--[C179] DL_Rom_SetEnableAttr
[0000361] [13:52:51:153112] [Tid0x00004558] [debug] -->[C180] DL_GetCount #./api/api.cpp (line:2587)
[0000362] [13:52:51:153112] [Tid0x00004558] [debug] <--[C180] DL_GetCount
[0000363] [13:52:51:153112] [Tid0x00004558] [debug] -->[C181] DL_Rom_GetInfoAll #./api/api.cpp (line:2752)
[0000364] [13:52:51:153112] [Tid0x00004558] [debug] <--[C181] DL_Rom_GetInfoAll
[0000365] [13:52:51:154112] [Tid0x00004558] [debug] -->[C182] DL_Rom_SetEnableAttr #./api/api.cpp (line:2806)
[0000366] [13:52:51:154112] [Tid0x00004558] [debug] <--[C182] DL_Rom_SetEnableAttr
[0000367] [13:52:51:156112] [Tid0x00004558] [debug] -->[C183] DL_GetCount #./api/api.cpp (line:2587)
[0000368] [13:52:51:156112] [Tid0x00004558] [debug] <--[C183] DL_GetCount
[0000369] [13:52:51:156112] [Tid0x00004558] [debug] -->[C184] DL_Rom_GetInfoAll #./api/api.cpp (line:2752)
[0000370] [13:52:51:157112] [Tid0x00004558] [debug] <--[C184] DL_Rom_GetInfoAll
[0000371] [13:52:51:157112] [Tid0x00004558] [debug] -->[C185] DL_Rom_SetEnableAttr #./api/api.cpp (line:2806)
[0000372] [13:52:51:157112] [Tid0x00004558] [debug] <--[C185] DL_Rom_SetEnableAttr
[0000373] [13:52:51:158112] [Tid0x00004558] [debug] -->[C186] DL_GetCount #./api/api.cpp (line:2587)
[0000374] [13:52:51:158112] [Tid0x00004558] [debug] <--[C186] DL_GetCount
[0000375] [13:52:51:158112] [Tid0x00004558] [debug] -->[C187] DL_Rom_GetInfoAll #./api/api.cpp (line:2752)
[0000376] [13:52:51:158112] [Tid0x00004558] [debug] <--[C187] DL_Rom_GetInfoAll
[0000377] [13:52:51:159112] [Tid0x00004558] [debug] -->[C188] DL_Rom_SetEnableAttr #./api/api.cpp (line:2806)
[0000378] [13:52:51:159112] [Tid0x00004558] [debug] <--[C188] DL_Rom_SetEnableAttr
[0000379] [13:52:51:162112] [Tid0x00004558] [debug] -->[C189] DL_GetCount #./api/api.cpp (line:2587)
[0000380] [13:52:51:162112] [Tid0x00004558] [debug] <--[C189] DL_GetCount
[0000381] [13:52:51:162112] [Tid0x00004558] [debug] -->[C190] DL_Rom_GetInfoAll #./api/api.cpp (line:2752)
[0000382] [13:52:51:162112] [Tid0x00004558] [debug] <--[C190] DL_Rom_GetInfoAll
[0000383] [13:52:51:164112] [Tid0x00004558] [debug] -->[C191] DL_Rom_SetEnableAttr #./api/api.cpp (line:2806)
[0000384] [13:52:51:164112] [Tid0x00004558] [debug] <--[C191] DL_Rom_SetEnableAttr
[0000385] [13:52:51:164112] [Tid0x00004558] [debug] -->[C192] DL_GetCount #./api/api.cpp (line:2587)
[0000386] [13:52:51:164112] [Tid0x00004558] [debug] <--[C192] DL_GetCount
[0000387] [13:52:51:164112] [Tid0x00004558] [debug] -->[C193] DL_Rom_GetInfoAll #./api/api.cpp (line:2752)
[0000388] [13:52:51:164112] [Tid0x00004558] [debug] <--[C193] DL_Rom_GetInfoAll
[0000389] [13:52:51:165112] [Tid0x00004558] [debug] -->[C194] DL_Rom_SetEnableAttr #./api/api.cpp (line:2806)
[0000390] [13:52:51:165112] [Tid0x00004558] [debug] <--[C194] DL_Rom_SetEnableAttr
[0000391] [13:52:51:166112] [Tid0x00004558] [debug] -->[C195] DL_SetChecksumLevel #./api/api.cpp (line:2516)
[0000392] [13:52:51:166112] [Tid0x00004558] [debug] <--[C195] DL_SetChecksumLevel
[0000393] [13:52:52:505112] [Tid0x00004558] [debug] -->[C196] DL_GetCount #./api/api.cpp (line:2587)
[0000394] [13:52:52:505112] [Tid0x00004558] [debug] <--[C196] DL_GetCount
[0000395] [13:52:52:505112] [Tid0x00004558] [debug] -->[C197] DL_Rom_GetInfoAll #./api/api.cpp (line:2752)
[0000396] [13:52:52:505112] [Tid0x00004558] [debug] <--[C197] DL_Rom_GetInfoAll
[0000397] [13:52:52:506112] [Tid0x00004558] [debug] -->[C198] DL_GetCount #./api/api.cpp (line:2587)
[0000398] [13:52:52:506112] [Tid0x00004558] [debug] <--[C198] DL_GetCount
[0000399] [13:52:52:506112] [Tid0x00004558] [debug] -->[C199] DL_Rom_GetInfoAll #./api/api.cpp (line:2752)
[0000400] [13:52:52:506112] [Tid0x00004558] [debug] <--[C199] DL_Rom_GetInfoAll
[0000401] [13:53:07:257112] [Tid0x00004b18] [debug] -->[C200] FlashTool_Connect_BROM_ByName #./api/api.cpp (line:1975)
[0000402] [13:53:07:258112] [Tid0x00004b18] [debug] -->[C201] FlashTool_Connect_BROM_Ex #./api/api.cpp (line:1880)
[0000403] [13:53:07:258112] [Tid0x00004b18] [debug] bCheckScatter: 1
[0000404] [13:53:07:258112] [Tid0x00004b18] [debug] have load scatter already
[0000405] [13:53:07:258112] [Tid0x00004b18] [debug] libversion 1
[0000406] [13:53:07:861112] [Tid0x00004b18] [debug] <--[C201] FlashTool_Connect_BROM_Ex
[0000407] [13:53:07:861112] [Tid0x00004b18] [debug] <--[C200] FlashTool_Connect_BROM_ByName
[0000408] [13:53:07:861112] [Tid0x00004b18] [debug] -->[C202] FlashTool_GetBootResult #./api/api.cpp (line:1987)
[0000409] [13:53:07:861112] [Tid0x00004b18] [debug] <--[C202] FlashTool_GetBootResult
[0000410] [13:53:07:861112] [Tid0x00004b18] [debug] -->[C203] FlashTool_Connect_Download_DA #./api/api.cpp (line:2007)
[0000411] [13:53:07:861112] [Tid0x00004b18] [debug] bCheckScatter: 1
[0000412] [13:53:10:045112] [Tid0x00004b18] [debug] <--[C203] FlashTool_Connect_Download_DA
[0000413] [13:53:10:045112] [Tid0x00004b18] [debug] -->[C204] FlashTool_CheckUSBStatus #./api/api.cpp (line:1154)
[0000414] [13:53:10:046112] [Tid0x00004b18] [debug] <--[C204] FlashTool_CheckUSBStatus
[0000415] [13:53:10:046112] [Tid0x00004b18] [debug] -->[C205] FlashTool_CheckUSBStatus #./api/api.cpp (line:1154)
[0000416] [13:53:10:047112] [Tid0x00004b18] [debug] <--[C205] FlashTool_CheckUSBStatus
[0000417] [13:53:10:048112] [Tid0x00004b18] [debug] -->[C206] FlashTool_GetReservedRomSize #./api/api.cpp (line:1677)
[0000418] [13:53:10:048112] [Tid0x00004b18] [debug] <--[C206] FlashTool_GetReservedRomSize
[0000419] [13:53:10:048112] [Tid0x00004b18] [debug] -->[C207] FlashTool_RomGetCount #./api/api.cpp (line:1702)
[0000420] [13:53:10:049112] [Tid0x00004b18] [debug] <--[C207] FlashTool_RomGetCount
[0000421] [13:53:10:049112] [Tid0x00004b18] [debug] -->[C208] FlashTool_RomGetInfoAll #./api/api.cpp (line:1726)
[0000422] [13:53:10:051112] [Tid0x00004b18] [debug] <--[C208] FlashTool_RomGetInfoAll
[0000423] [13:53:10:051112] [Tid0x00004b18] [debug] -->[C209] FlashTool_ReadPartitionCount #./api/api.cpp (line:1633)
[0000424] [13:53:10:086112] [Tid0x00004b18] [debug] <--[C209] FlashTool_ReadPartitionCount
[0000425] [13:53:10:086112] [Tid0x00004b18] [debug] -->[C210] FlashTool_ReadPartitionInfo #./api/api.cpp (line:1654)
[0000426] [13:53:10:086112] [Tid0x00004b18] [debug] <--[C210] FlashTool_ReadPartitionInfo
[0000427] [13:53:10:086112] [Tid0x00004b18] [debug] -->[C211] FlashTool_Download #./api/api.cpp (line:1300)
[0000428] [14:00:09:844112] [Tid0x00004b18] [debug] <--[C211] FlashTool_Download
[0000429] [14:00:09:844112] [Tid0x00004b18] [debug] -->[C212] DL_GetCount #./api/api.cpp (line:2587)
[0000430] [14:00:09:844112] [Tid0x00004b18] [debug] <--[C212] DL_GetCount
[0000431] [14:00:09:845112] [Tid0x00004b18] [debug] -->[C213] DL_Rom_GetInfoAll #./api/api.cpp (line:2752)
[0000432] [14:00:09:845112] [Tid0x00004b18] [debug] <--[C213] DL_Rom_GetInfoAll
[0000433] [14:00:09:888112] [Tid0x00004b18] [debug] -->[C214] FlashTool_Disconnect #./api/api.cpp (line:1033)
[0000434] [14:00:09:909112] [Tid0x00004b18] [debug] <--[C214] FlashTool_Disconnect
[0000435] [14:12:21:616112] [Tid0x00004558] [debug] -->[C215] DL_GetCount #./api/api.cpp (line:2587)
[0000436] [14:12:21:617112] [Tid0x00004558] [debug] <--[C215] DL_GetCount
[0000437] [14:12:21:617112] [Tid0x00004558] [debug] -->[C216] DL_Rom_GetInfoAll #./api/api.cpp (line:2752)
[0000438] [14:12:21:617112] [Tid0x00004558] [debug] <--[C216] DL_Rom_GetInfoAll
[0000439] [14:12:21:619112] [Tid0x00004558] [debug] -->[C217] DL_GetCount #./api/api.cpp (line:2587)
[0000440] [14:12:21:619112] [Tid0x00004558] [debug] <--[C217] DL_GetCount
[0000441] [14:12:21:619112] [Tid0x00004558] [debug] -->[C218] DL_Rom_GetInfoAll #./api/api.cpp (line:2752)
[0000442] [14:12:21:619112] [Tid0x00004558] [debug] <--[C218] DL_Rom_GetInfoAll
[0000443] [14:12:29:567112] [Tid0x00003f74] [debug] -->[C219] FlashTool_Connect_BROM_ByName #./api/api.cpp (line:1975)
[0000444] [14:12:29:567112] [Tid0x00003f74] [debug] -->[C220] FlashTool_Connect_BROM_Ex #./api/api.cpp (line:1880)
[0000445] [14:12:29:567112] [Tid0x00003f74] [debug] bCheckScatter: 1
[0000446] [14:12:29:568112] [Tid0x00003f74] [debug] have load scatter already
[0000447] [14:12:29:568112] [Tid0x00003f74] [debug] libversion 1
[0000448] [14:12:30:162112] [Tid0x00003f74] [debug] <--[C220] FlashTool_Connect_BROM_Ex
[0000449] [14:12:30:162112] [Tid0x00003f74] [debug] <--[C219] FlashTool_Connect_BROM_ByName
[0000450] [14:12:30:162112] [Tid0x00003f74] [debug] -->[C221] FlashTool_GetBootResult #./api/api.cpp (line:1987)
[0000451] [14:12:30:162112] [Tid0x00003f74] [debug] <--[C221] FlashTool_GetBootResult
[0000452] [14:12:30:162112] [Tid0x00003f74] [debug] -->[C222] FlashTool_Connect_Download_DA #./api/api.cpp (line:2007)
[0000453] [14:12:30:162112] [Tid0x00003f74] [debug] bCheckScatter: 1
[0000454] [14:12:32:230112] [Tid0x00003f74] [debug] <--[C222] FlashTool_Connect_Download_DA
[0000455] [14:12:32:230112] [Tid0x00003f74] [debug] -->[C223] FlashTool_CheckUSBStatus #./api/api.cpp (line:1154)
[0000456] [14:12:32:231112] [Tid0x00003f74] [debug] <--[C223] FlashTool_CheckUSBStatus
[0000457] [14:12:32:231112] [Tid0x00003f74] [debug] -->[C224] FlashTool_CheckUSBStatus #./api/api.cpp (line:1154)
[0000458] [14:12:32:232112] [Tid0x00003f74] [debug] <--[C224] FlashTool_CheckUSBStatus
[0000459] [14:12:32:232112] [Tid0x00003f74] [debug] -->[C225] FlashTool_GetReservedRomSize #./api/api.cpp (line:1677)
[0000460] [14:12:32:232112] [Tid0x00003f74] [debug] <--[C225] FlashTool_GetReservedRomSize
[0000461] [14:12:32:232112] [Tid0x00003f74] [debug] -->[C226] FlashTool_RomGetCount #./api/api.cpp (line:1702)
[0000462] [14:12:32:233112] [Tid0x00003f74] [debug] <--[C226] FlashTool_RomGetCount
[0000463] [14:12:32:233112] [Tid0x00003f74] [debug] -->[C227] FlashTool_RomGetInfoAll #./api/api.cpp (line:1726)
[0000464] [14:12:32:234112] [Tid0x00003f74] [debug] <--[C227] FlashTool_RomGetInfoAll
[0000465] [14:12:32:234112] [Tid0x00003f74] [debug] -->[C228] FlashTool_ReadPartitionCount #./api/api.cpp (line:1633)
[0000466] [14:12:32:269112] [Tid0x00003f74] [debug] <--[C228] FlashTool_ReadPartitionCount
[0000467] [14:12:32:269112] [Tid0x00003f74] [debug] -->[C229] FlashTool_ReadPartitionInfo #./api/api.cpp (line:1654)
[0000468] [14:12:32:269112] [Tid0x00003f74] [debug] <--[C229] FlashTool_ReadPartitionInfo
[0000469] [14:12:32:269112] [Tid0x00003f74] [debug] -->[C230] FlashTool_Download #./api/api.cpp (line:1300)
[0000470] [14:19:29:215112] [Tid0x00003f74] [debug] <--[C230] FlashTool_Download
[0000471] [14:19:29:215112] [Tid0x00003f74] [debug] -->[C231] DL_GetCount #./api/api.cpp (line:2587)
[0000472] [14:19:29:215112] [Tid0x00003f74] [debug] <--[C231] DL_GetCount
[0000473] [14:19:29:215112] [Tid0x00003f74] [debug] -->[C232] DL_Rom_GetInfoAll #./api/api.cpp (line:2752)
[0000474] [14:19:29:215112] [Tid0x00003f74] [debug] <--[C232] DL_Rom_GetInfoAll
[0000475] [14:19:29:216112] [Tid0x00003f74] [debug] -->[C233] FlashTool_Disconnect #./api/api.cpp (line:1033)
[0000476] [14:19:29:237112] [Tid0x00003f74] [debug] <--[C233] FlashTool_Disconnect
[0000477] [14:28:38:232112] [Tid0x00004558] [debug] -->[C234] DL_GetCount #./api/api.cpp (line:2587)
[0000478] [14:28:38:232112] [Tid0x00004558] [debug] <--[C234] DL_GetCount
[0000479] [14:28:38:232112] [Tid0x00004558] [debug] -->[C235] DL_Rom_GetInfoAll #./api/api.cpp (line:2752)
[0000480] [14:28:38:232112] [Tid0x00004558] [debug] <--[C235] DL_Rom_GetInfoAll
[0000481] [14:28:38:235112] [Tid0x00004558] [debug] -->[C236] DL_GetCount #./api/api.cpp (line:2587)
[0000482] [14:28:38:235112] [Tid0x00004558] [debug] <--[C236] DL_GetCount
[0000483] [14:28:38:235112] [Tid0x00004558] [debug] -->[C237] DL_Rom_GetInfoAll #./api/api.cpp (line:2752)
[0000484] [14:28:38:236112] [Tid0x00004558] [debug] <--[C237] DL_Rom_GetInfoAll
[0000485] [14:28:44:535112] [Tid0x00004b38] [debug] -->[C238] FlashTool_Connect_BROM_ByName #./api/api.cpp (line:1975)
[0000486] [14:28:44:535112] [Tid0x00004b38] [debug] -->[C239] FlashTool_Connect_BROM_Ex #./api/api.cpp (line:1880)
[0000487] [14:28:44:535112] [Tid0x00004b38] [debug] bCheckScatter: 1
[0000488] [14:28:44:535112] [Tid0x00004b38] [debug] have load scatter already
[0000489] [14:28:44:535112] [Tid0x00004b38] [debug] libversion 1
[0000490] [14:28:45:113112] [Tid0x00004b38] [debug] <--[C239] FlashTool_Connect_BROM_Ex
[0000491] [14:28:45:113112] [Tid0x00004b38] [debug] <--[C238] FlashTool_Connect_BROM_ByName
[0000492] [14:28:45:113112] [Tid0x00004b38] [debug] -->[C240] FlashTool_GetBootResult #./api/api.cpp (line:1987)
[0000493] [14:28:45:113112] [Tid0x00004b38] [debug] <--[C240] FlashTool_GetBootResult
[0000494] [14:28:45:113112] [Tid0x00004b38] [debug] -->[C241] FlashTool_Connect_Download_DA #./api/api.cpp (line:2007)
[0000495] [14:28:45:113112] [Tid0x00004b38] [debug] bCheckScatter: 1
[0000496] [14:28:47:181112] [Tid0x00004b38] [debug] <--[C241] FlashTool_Connect_Download_DA
[0000497] [14:28:47:181112] [Tid0x00004b38] [debug] -->[C242] FlashTool_CheckUSBStatus #./api/api.cpp (line:1154)
[0000498] [14:28:47:182112] [Tid0x00004b38] [debug] <--[C242] FlashTool_CheckUSBStatus
[0000499] [14:28:47:182112] [Tid0x00004b38] [debug] -->[C243] FlashTool_CheckUSBStatus #./api/api.cpp (line:1154)
[0000500] [14:28:47:183112] [Tid0x00004b38] [debug] <--[C243] FlashTool_CheckUSBStatus
[0000501] [14:28:47:183112] [Tid0x00004b38] [debug] -->[C244] FlashTool_GetReservedRomSize #./api/api.cpp (line:1677)
[0000502] [14:28:47:183112] [Tid0x00004b38] [debug] <--[C244] FlashTool_GetReservedRomSize
[0000503] [14:28:47:183112] [Tid0x00004b38] [debug] -->[C245] FlashTool_RomGetCount #./api/api.cpp (line:1702)
[0000504] [14:28:47:185112] [Tid0x00004b38] [debug] <--[C245] FlashTool_RomGetCount
[0000505] [14:28:47:185112] [Tid0x00004b38] [debug] -->[C246] FlashTool_RomGetInfoAll #./api/api.cpp (line:1726)
[0000506] [14:28:47:186112] [Tid0x00004b38] [debug] <--[C246] FlashTool_RomGetInfoAll
[0000507] [14:28:47:186112] [Tid0x00004b38] [debug] -->[C247] FlashTool_ReadPartitionCount #./api/api.cpp (line:1633)
[0000508] [14:28:47:221112] [Tid0x00004b38] [debug] <--[C247] FlashTool_ReadPartitionCount
[0000509] [14:28:47:221112] [Tid0x00004b38] [debug] -->[C248] FlashTool_ReadPartitionInfo #./api/api.cpp (line:1654)
[0000510] [14:28:47:221112] [Tid0x00004b38] [debug] <--[C248] FlashTool_ReadPartitionInfo
[0000511] [14:28:47:222112] [Tid0x00004b38] [debug] -->[C249] FlashTool_Download #./api/api.cpp (line:1300)
[0000512] [14:35:42:040112] [Tid0x00004b38] [debug] <--[C249] FlashTool_Download
[0000513] [14:35:42:040112] [Tid0x00004b38] [debug] -->[C250] DL_GetCount #./api/api.cpp (line:2587)
[0000514] [14:35:42:040112] [Tid0x00004b38] [debug] <--[C250] DL_GetCount
[0000515] [14:35:42:040112] [Tid0x00004b38] [debug] -->[C251] DL_Rom_GetInfoAll #./api/api.cpp (line:2752)
[0000516] [14:35:42:041112] [Tid0x00004b38] [debug] <--[C251] DL_Rom_GetInfoAll
[0000517] [14:35:42:041112] [Tid0x00004b38] [debug] -->[C252] FlashTool_Disconnect #./api/api.cpp (line:1033)
[0000518] [14:35:42:062112] [Tid0x00004b38] [debug] <--[C252] FlashTool_Disconnect
[0000519] [14:43:51:320112] [Tid0x00004558] [debug] -->[C253] DL_GetCount #./api/api.cpp (line:2587)
[0000520] [14:43:51:320112] [Tid0x00004558] [debug] <--[C253] DL_GetCount
[0000521] [14:43:51:320112] [Tid0x00004558] [debug] -->[C254] DL_Rom_GetInfoAll #./api/api.cpp (line:2752)
[0000522] [14:43:51:321112] [Tid0x00004558] [debug] <--[C254] DL_Rom_GetInfoAll
[0000523] [14:43:51:323112] [Tid0x00004558] [debug] -->[C255] DL_GetCount #./api/api.cpp (line:2587)
[0000524] [14:43:51:324112] [Tid0x00004558] [debug] <--[C255] DL_GetCount
[0000525] [14:43:51:324112] [Tid0x00004558] [debug] -->[C256] DL_Rom_GetInfoAll #./api/api.cpp (line:2752)
[0000526] [14:43:51:324112] [Tid0x00004558] [debug] <--[C256] DL_Rom_GetInfoAll
[0000527] [14:43:59:521112] [Tid0x00005330] [debug] -->[C257] FlashTool_Connect_BROM_ByName #./api/api.cpp (line:1975)
[0000528] [14:43:59:522112] [Tid0x00005330] [debug] -->[C258] FlashTool_Connect_BROM_Ex #./api/api.cpp (line:1880)
[0000529] [14:43:59:522112] [Tid0x00005330] [debug] bCheckScatter: 1
[0000530] [14:43:59:522112] [Tid0x00005330] [debug] have load scatter already
[0000531] [14:43:59:522112] [Tid0x00005330] [debug] libversion 1
[0000532] [14:44:00:117112] [Tid0x00005330] [debug] <--[C258] FlashTool_Connect_BROM_Ex
[0000533] [14:44:00:117112] [Tid0x00005330] [debug] <--[C257] FlashTool_Connect_BROM_ByName
[0000534] [14:44:00:117112] [Tid0x00005330] [debug] -->[C259] FlashTool_GetBootResult #./api/api.cpp (line:1987)
[0000535] [14:44:00:117112] [Tid0x00005330] [debug] <--[C259] FlashTool_GetBootResult
[0000536] [14:44:00:117112] [Tid0x00005330] [debug] -->[C260] FlashTool_Connect_Download_DA #./api/api.cpp (line:2007)
[0000537] [14:44:00:117112] [Tid0x00005330] [debug] bCheckScatter: 1
[0000538] [14:44:02:188112] [Tid0x00005330] [debug] <--[C260] FlashTool_Connect_Download_DA
[0000539] [14:44:02:188112] [Tid0x00005330] [debug] -->[C261] FlashTool_CheckUSBStatus #./api/api.cpp (line:1154)
[0000540] [14:44:02:189112] [Tid0x00005330] [debug] <--[C261] FlashTool_CheckUSBStatus
[0000541] [14:44:02:189112] [Tid0x00005330] [debug] -->[C262] FlashTool_CheckUSBStatus #./api/api.cpp (line:1154)
[0000542] [14:44:02:190112] [Tid0x00005330] [debug] <--[C262] FlashTool_CheckUSBStatus
[0000543] [14:44:02:190112] [Tid0x00005330] [debug] -->[C263] FlashTool_GetReservedRomSize #./api/api.cpp (line:1677)
[0000544] [14:44:02:190112] [Tid0x00005330] [debug] <--[C263] FlashTool_GetReservedRomSize
[0000545] [14:44:02:190112] [Tid0x00005330] [debug] -->[C264] FlashTool_RomGetCount #./api/api.cpp (line:1702)
[0000546] [14:44:02:191112] [Tid0x00005330] [debug] <--[C264] FlashTool_RomGetCount
[0000547] [14:44:02:191112] [Tid0x00005330] [debug] -->[C265] FlashTool_RomGetInfoAll #./api/api.cpp (line:1726)
[0000548] [14:44:02:193112] [Tid0x00005330] [debug] <--[C265] FlashTool_RomGetInfoAll
[0000549] [14:44:02:193112] [Tid0x00005330] [debug] -->[C266] FlashTool_ReadPartitionCount #./api/api.cpp (line:1633)
[0000550] [14:44:02:227112] [Tid0x00005330] [debug] <--[C266] FlashTool_ReadPartitionCount
[0000551] [14:44:02:228112] [Tid0x00005330] [debug] -->[C267] FlashTool_ReadPartitionInfo #./api/api.cpp (line:1654)
[0000552] [14:44:02:228112] [Tid0x00005330] [debug] <--[C267] FlashTool_ReadPartitionInfo
[0000553] [14:44:02:228112] [Tid0x00005330] [debug] -->[C268] FlashTool_Download #./api/api.cpp (line:1300)
[0000554] [14:51:01:396112] [Tid0x00005330] [debug] <--[C268] FlashTool_Download
[0000555] [14:51:01:396112] [Tid0x00005330] [debug] -->[C269] DL_GetCount #./api/api.cpp (line:2587)
[0000556] [14:51:01:397112] [Tid0x00005330] [debug] <--[C269] DL_GetCount
[0000557] [14:51:01:397112] [Tid0x00005330] [debug] -->[C270] DL_Rom_GetInfoAll #./api/api.cpp (line:2752)
[0000558] [14:51:01:397112] [Tid0x00005330] [debug] <--[C270] DL_Rom_GetInfoAll
[0000559] [14:51:01:397112] [Tid0x00005330] [debug] -->[C271] FlashTool_Disconnect #./api/api.cpp (line:1033)
[0000560] [14:51:01:418112] [Tid0x00005330] [debug] <--[C271] FlashTool_Disconnect
[0000561] [15:10:42:066112] [Tid0x00004558] [debug] -->[C272] DL_GetCount #./api/api.cpp (line:2587)
[0000562] [15:10:42:067112] [Tid0x00004558] [debug] <--[C272] DL_GetCount
[0000563] [15:10:42:067112] [Tid0x00004558] [debug] -->[C273] DL_Rom_GetInfoAll #./api/api.cpp (line:2752)
[0000564] [15:10:42:067112] [Tid0x00004558] [debug] <--[C273] DL_Rom_GetInfoAll
[0000565] [15:12:52:664112] [Tid0x00004558] [debug] -->[C274] DL_GetCount #./api/api.cpp (line:2587)
[0000566] [15:12:52:665112] [Tid0x00004558] [debug] <--[C274] DL_GetCount
[0000567] [15:12:52:665112] [Tid0x00004558] [debug] -->[C275] DL_Rom_GetInfoAll #./api/api.cpp (line:2752)
[0000568] [15:12:52:665112] [Tid0x00004558] [debug] <--[C275] DL_Rom_GetInfoAll
[0000569] [15:12:52:668112] [Tid0x00004558] [debug] -->[C276] DL_GetCount #./api/api.cpp (line:2587)
[0000570] [15:12:52:668112] [Tid0x00004558] [debug] <--[C276] DL_GetCount
[0000571] [15:12:52:668112] [Tid0x00004558] [debug] -->[C277] DL_Rom_GetInfoAll #./api/api.cpp (line:2752)
[0000572] [15:12:52:668112] [Tid0x00004558] [debug] <--[C277] DL_Rom_GetInfoAll
[0000573] [15:12:58:460112] [Tid0x000055dc] [debug] -->[C278] FlashTool_Connect_BROM_ByName #./api/api.cpp (line:1975)
[0000574] [15:12:58:461112] [Tid0x000055dc] [debug] -->[C279] FlashTool_Connect_BROM_Ex #./api/api.cpp (line:1880)
[0000575] [15:12:58:461112] [Tid0x000055dc] [debug] bCheckScatter: 1
[0000576] [15:12:58:461112] [Tid0x000055dc] [debug] have load scatter already
[0000577] [15:12:58:461112] [Tid0x000055dc] [debug] libversion 1
[0000578] [15:12:59:041112] [Tid0x000055dc] [debug] <--[C279] FlashTool_Connect_BROM_Ex
[0000579] [15:12:59:041112] [Tid0x000055dc] [debug] <--[C278] FlashTool_Connect_BROM_ByName
[0000580] [15:12:59:041112] [Tid0x000055dc] [debug] -->[C280] FlashTool_GetBootResult #./api/api.cpp (line:1987)
[0000581] [15:12:59:041112] [Tid0x000055dc] [debug] <--[C280] FlashTool_GetBootResult
[0000582] [15:12:59:041112] [Tid0x000055dc] [debug] -->[C281] FlashTool_Connect_Download_DA #./api/api.cpp (line:2007)
[0000583] [15:12:59:041112] [Tid0x000055dc] [debug] bCheckScatter: 1
[0000584] [15:13:01:108112] [Tid0x000055dc] [debug] <--[C281] FlashTool_Connect_Download_DA
[0000585] [15:13:01:108112] [Tid0x000055dc] [debug] -->[C282] FlashTool_CheckUSBStatus #./api/api.cpp (line:1154)
[0000586] [15:13:01:109112] [Tid0x000055dc] [debug] <--[C282] FlashTool_CheckUSBStatus
[0000587] [15:13:01:109112] [Tid0x000055dc] [debug] -->[C283] FlashTool_CheckUSBStatus #./api/api.cpp (line:1154)
[0000588] [15:13:01:110112] [Tid0x000055dc] [debug] <--[C283] FlashTool_CheckUSBStatus
[0000589] [15:13:01:110112] [Tid0x000055dc] [debug] -->[C284] FlashTool_GetReservedRomSize #./api/api.cpp (line:1677)
[0000590] [15:13:01:111112] [Tid0x000055dc] [debug] <--[C284] FlashTool_GetReservedRomSize
[0000591] [15:13:01:111112] [Tid0x000055dc] [debug] -->[C285] FlashTool_RomGetCount #./api/api.cpp (line:1702)
[0000592] [15:13:01:112112] [Tid0x000055dc] [debug] <--[C285] FlashTool_RomGetCount
[0000593] [15:13:01:112112] [Tid0x000055dc] [debug] -->[C286] FlashTool_RomGetInfoAll #./api/api.cpp (line:1726)
[0000594] [15:13:01:113112] [Tid0x000055dc] [debug] <--[C286] FlashTool_RomGetInfoAll
[0000595] [15:13:01:113112] [Tid0x000055dc] [debug] -->[C287] FlashTool_ReadPartitionCount #./api/api.cpp (line:1633)
[0000596] [15:13:01:148112] [Tid0x000055dc] [debug] <--[C287] FlashTool_ReadPartitionCount
[0000597] [15:13:01:148112] [Tid0x000055dc] [debug] -->[C288] FlashTool_ReadPartitionInfo #./api/api.cpp (line:1654)
[0000598] [15:13:01:148112] [Tid0x000055dc] [debug] <--[C288] FlashTool_ReadPartitionInfo
[0000599] [15:13:01:148112] [Tid0x000055dc] [debug] -->[C289] FlashTool_Download #./api/api.cpp (line:1300)
[0000600] [15:19:54:883112] [Tid0x000055dc] [debug] <--[C289] FlashTool_Download
[0000601] [15:19:54:883112] [Tid0x000055dc] [debug] -->[C290] DL_GetCount #./api/api.cpp (line:2587)
[0000602] [15:19:54:883112] [Tid0x000055dc] [debug] <--[C290] DL_GetCount
[0000603] [15:19:54:883112] [Tid0x000055dc] [debug] -->[C291] DL_Rom_GetInfoAll #./api/api.cpp (line:2752)
[0000604] [15:19:54:883112] [Tid0x000055dc] [debug] <--[C291] DL_Rom_GetInfoAll
[0000605] [15:19:54:883112] [Tid0x000055dc] [debug] -->[C292] FlashTool_Disconnect #./api/api.cpp (line:1033)
[0000606] [15:19:54:904112] [Tid0x000055dc] [debug] <--[C292] FlashTool_Disconnect
[0000607] [16:14:59:768112] [Tid0x00004558] [debug] -->[C293] DL_GetCount #./api/api.cpp (line:2587)
[0000608] [16:14:59:769112] [Tid0x00004558] [debug] <--[C293] DL_GetCount
[0000609] [16:14:59:769112] [Tid0x00004558] [debug] -->[C294] DL_Rom_GetInfoAll #./api/api.cpp (line:2752)
[0000610] [16:14:59:769112] [Tid0x00004558] [debug] <--[C294] DL_Rom_GetInfoAll
[0000611] [16:14:59:770112] [Tid0x00004558] [debug] -->[C295] DL_GetCount #./api/api.cpp (line:2587)
[0000612] [16:14:59:770112] [Tid0x00004558] [debug] <--[C295] DL_GetCount
[0000613] [16:14:59:770112] [Tid0x00004558] [debug] -->[C296] DL_Rom_GetInfoAll #./api/api.cpp (line:2752)
[0000614] [16:14:59:770112] [Tid0x00004558] [debug] <--[C296] DL_Rom_GetInfoAll
[0000615] [16:16:44:543112] [Tid0x00004f40] [debug] -->[C297] FlashTool_Connect_BROM_ByName #./api/api.cpp (line:1975)
[0000616] [16:16:44:571112] [Tid0x00004f40] [debug] -->[C298] FlashTool_Connect_BROM_Ex #./api/api.cpp (line:1880)
[0000617] [16:16:44:571112] [Tid0x00004f40] [debug] bCheckScatter: 1
[0000618] [16:16:44:624112] [Tid0x00004f40] [debug] have load scatter already
[0000619] [16:16:44:624112] [Tid0x00004f40] [debug] libversion 1
[0000620] [16:16:45:211112] [Tid0x00004f40] [debug] <--[C298] FlashTool_Connect_BROM_Ex
[0000621] [16:16:45:211112] [Tid0x00004f40] [debug] <--[C297] FlashTool_Connect_BROM_ByName
[0000622] [16:16:45:211112] [Tid0x00004f40] [debug] -->[C299] FlashTool_GetBootResult #./api/api.cpp (line:1987)
[0000623] [16:16:45:211112] [Tid0x00004f40] [debug] <--[C299] FlashTool_GetBootResult
[0000624] [16:16:45:211112] [Tid0x00004f40] [debug] -->[C300] FlashTool_Connect_Download_DA #./api/api.cpp (line:2007)
[0000625] [16:16:45:212112] [Tid0x00004f40] [debug] bCheckScatter: 1
[0000626] [16:16:47:324112] [Tid0x00004f40] [debug] <--[C300] FlashTool_Connect_Download_DA
[0000627] [16:16:47:324112] [Tid0x00004f40] [debug] -->[C301] FlashTool_CheckUSBStatus #./api/api.cpp (line:1154)
[0000628] [16:16:47:325112] [Tid0x00004f40] [debug] <--[C301] FlashTool_CheckUSBStatus
[0000629] [16:16:47:325112] [Tid0x00004f40] [debug] -->[C302] FlashTool_CheckUSBStatus #./api/api.cpp (line:1154)
[0000630] [16:16:47:326112] [Tid0x00004f40] [debug] <--[C302] FlashTool_CheckUSBStatus
[0000631] [16:16:47:326112] [Tid0x00004f40] [debug] -->[C303] FlashTool_GetReservedRomSize #./api/api.cpp (line:1677)
[0000632] [16:16:47:326112] [Tid0x00004f40] [debug] <--[C303] FlashTool_GetReservedRomSize
[0000633] [16:16:47:387112] [Tid0x00004f40] [debug] -->[C304] FlashTool_RomGetCount #./api/api.cpp (line:1702)
[0000634] [16:16:47:388112] [Tid0x00004f40] [debug] <--[C304] FlashTool_RomGetCount
[0000635] [16:16:47:388112] [Tid0x00004f40] [debug] -->[C305] FlashTool_RomGetInfoAll #./api/api.cpp (line:1726)
[0000636] [16:16:47:438112] [Tid0x00004f40] [debug] <--[C305] FlashTool_RomGetInfoAll
[0000637] [16:16:47:438112] [Tid0x00004f40] [debug] -->[C306] FlashTool_ReadPartitionCount #./api/api.cpp (line:1633)
[0000638] [16:16:47:473112] [Tid0x00004f40] [debug] <--[C306] FlashTool_ReadPartitionCount
[0000639] [16:16:47:473112] [Tid0x00004f40] [debug] -->[C307] FlashTool_ReadPartitionInfo #./api/api.cpp (line:1654)
[0000640] [16:16:47:473112] [Tid0x00004f40] [debug] <--[C307] FlashTool_ReadPartitionInfo
[0000641] [16:16:47:473112] [Tid0x00004f40] [debug] -->[C308] FlashTool_Download #./api/api.cpp (line:1300)
[0000642] [16:23:06:439112] [Tid0x00004f40] [debug] <--[C308] FlashTool_Download
[0000643] [16:23:06:439112] [Tid0x00004f40] [debug] -->[C309] DL_GetCount #./api/api.cpp (line:2587)
[0000644] [16:23:06:439112] [Tid0x00004f40] [debug] <--[C309] DL_GetCount
[0000645] [16:23:06:439112] [Tid0x00004f40] [debug] -->[C310] DL_Rom_GetInfoAll #./api/api.cpp (line:2752)
[0000646] [16:23:06:439112] [Tid0x00004f40] [debug] <--[C310] DL_Rom_GetInfoAll
[0000647] [16:23:06:531112] [Tid0x00004f40] [debug] -->[C311] FlashTool_Disconnect #./api/api.cpp (line:1033)
[0000648] [16:23:06:589112] [Tid0x00004f40] [debug] <--[C311] FlashTool_Disconnect
