[0000001] [15:45:14:552723] [Tid0x00001bfc] [debug] -->[C1] DL_LoadScatter #./api/api.cpp (line:2474)
[0000002] [15:45:14:724723] [Tid0x00001bfc] [debug] used lib version: 1
[0000003] [15:45:14:724723] [Tid0x00001bfc] [debug] <--[C1] DL_LoadScatter
[0000004] [15:45:14:724723] [Tid0x00001bfc] [debug] -->[C2] DL_AutoLoadRomImages #./api/api.cpp (line:2667)
[0000005] [15:45:15:316723] [Tid0x00001bfc] [debug] <--[C2] DL_AutoLoadRomImages
[0000006] [15:45:15:323723] [Tid0x00001620] [debug] -->[C3] DL_GetCount #./api/api.cpp (line:2587)
[0000007] [15:45:15:323723] [Tid0x00001620] [debug] <--[C3] DL_GetCount
[0000008] [15:45:15:323723] [Tid0x00001620] [debug] -->[C4] DL_Rom_GetInfoAll #./api/api.cpp (line:2752)
[0000009] [15:45:15:323723] [Tid0x00001620] [debug] <--[C4] DL_Rom_GetInfoAll
[0000010] [15:45:15:324723] [Tid0x00001620] [debug] -->[C5] DL_GetScatterInfo #./api/api.cpp (line:2688)
[0000011] [15:45:15:325723] [Tid0x00001620] [debug] <--[C5] DL_GetScatterInfo
[0000012] [15:45:15:326723] [Tid0x00001620] [debug] -->[C6] DL_GetCount #./api/api.cpp (line:2587)
[0000013] [15:45:15:326723] [Tid0x00001620] [debug] <--[C6] DL_GetCount
[0000014] [15:45:15:326723] [Tid0x00001620] [debug] -->[C7] DL_Rom_GetInfoAll #./api/api.cpp (line:2752)
[0000015] [15:45:15:326723] [Tid0x00001620] [debug] <--[C7] DL_Rom_GetInfoAll
[0000016] [15:45:15:327723] [Tid0x00001620] [debug] -->[C8] DL_Rom_SetEnableAttr #./api/api.cpp (line:2806)
[0000017] [15:45:15:327723] [Tid0x00001620] [debug] <--[C8] DL_Rom_SetEnableAttr
[0000018] [15:45:15:327723] [Tid0x00001620] [debug] -->[C9] DL_GetCount #./api/api.cpp (line:2587)
[0000019] [15:45:15:327723] [Tid0x00001620] [debug] <--[C9] DL_GetCount
[0000020] [15:45:15:327723] [Tid0x00001620] [debug] -->[C10] DL_Rom_GetInfoAll #./api/api.cpp (line:2752)
[0000021] [15:45:15:327723] [Tid0x00001620] [debug] <--[C10] DL_Rom_GetInfoAll
[0000022] [15:45:15:328723] [Tid0x00001620] [debug] -->[C11] DL_Rom_SetEnableAttr #./api/api.cpp (line:2806)
[0000023] [15:45:15:328723] [Tid0x00001620] [debug] <--[C11] DL_Rom_SetEnableAttr
[0000024] [15:45:15:329723] [Tid0x00001620] [debug] -->[C12] DL_GetCount #./api/api.cpp (line:2587)
[0000025] [15:45:15:329723] [Tid0x00001620] [debug] <--[C12] DL_GetCount
[0000026] [15:45:15:329723] [Tid0x00001620] [debug] -->[C13] DL_Rom_GetInfoAll #./api/api.cpp (line:2752)
[0000027] [15:45:15:329723] [Tid0x00001620] [debug] <--[C13] DL_Rom_GetInfoAll
[0000028] [15:45:15:330723] [Tid0x00001620] [debug] -->[C14] DL_Rom_SetEnableAttr #./api/api.cpp (line:2806)
[0000029] [15:45:15:330723] [Tid0x00001620] [debug] <--[C14] DL_Rom_SetEnableAttr
[0000030] [15:45:15:330723] [Tid0x00001620] [debug] -->[C15] DL_GetCount #./api/api.cpp (line:2587)
[0000031] [15:45:15:330723] [Tid0x00001620] [debug] <--[C15] DL_GetCount
[0000032] [15:45:15:330723] [Tid0x00001620] [debug] -->[C16] DL_Rom_GetInfoAll #./api/api.cpp (line:2752)
[0000033] [15:45:15:330723] [Tid0x00001620] [debug] <--[C16] DL_Rom_GetInfoAll
[0000034] [15:45:15:331723] [Tid0x00001620] [debug] -->[C17] DL_Rom_SetEnableAttr #./api/api.cpp (line:2806)
[0000035] [15:45:15:331723] [Tid0x00001620] [debug] <--[C17] DL_Rom_SetEnableAttr
[0000036] [15:45:15:331723] [Tid0x00001620] [debug] -->[C18] DL_GetCount #./api/api.cpp (line:2587)
[0000037] [15:45:15:331723] [Tid0x00001620] [debug] <--[C18] DL_GetCount
[0000038] [15:45:15:331723] [Tid0x00001620] [debug] -->[C19] DL_Rom_GetInfoAll #./api/api.cpp (line:2752)
[0000039] [15:45:15:331723] [Tid0x00001620] [debug] <--[C19] DL_Rom_GetInfoAll
[0000040] [15:45:15:332723] [Tid0x00001620] [debug] -->[C20] DL_Rom_SetEnableAttr #./api/api.cpp (line:2806)
[0000041] [15:45:15:332723] [Tid0x00001620] [debug] <--[C20] DL_Rom_SetEnableAttr
[0000042] [15:45:15:333723] [Tid0x00001620] [debug] -->[C21] DL_GetCount #./api/api.cpp (line:2587)
[0000043] [15:45:15:333723] [Tid0x00001620] [debug] <--[C21] DL_GetCount
[0000044] [15:45:15:333723] [Tid0x00001620] [debug] -->[C22] DL_Rom_GetInfoAll #./api/api.cpp (line:2752)
[0000045] [15:45:15:333723] [Tid0x00001620] [debug] <--[C22] DL_Rom_GetInfoAll
[0000046] [15:45:15:334723] [Tid0x00001620] [debug] -->[C23] DL_Rom_SetEnableAttr #./api/api.cpp (line:2806)
[0000047] [15:45:15:334723] [Tid0x00001620] [debug] <--[C23] DL_Rom_SetEnableAttr
[0000048] [15:45:15:335723] [Tid0x00001620] [debug] -->[C24] DL_GetCount #./api/api.cpp (line:2587)
[0000049] [15:45:15:335723] [Tid0x00001620] [debug] <--[C24] DL_GetCount
[0000050] [15:45:15:335723] [Tid0x00001620] [debug] -->[C25] DL_Rom_GetInfoAll #./api/api.cpp (line:2752)
[0000051] [15:45:15:335723] [Tid0x00001620] [debug] <--[C25] DL_Rom_GetInfoAll
[0000052] [15:45:15:336723] [Tid0x00001620] [debug] -->[C26] DL_Rom_SetEnableAttr #./api/api.cpp (line:2806)
[0000053] [15:45:15:336723] [Tid0x00001620] [debug] <--[C26] DL_Rom_SetEnableAttr
[0000054] [15:45:15:336723] [Tid0x00001620] [debug] -->[C27] DL_GetCount #./api/api.cpp (line:2587)
[0000055] [15:45:15:336723] [Tid0x00001620] [debug] <--[C27] DL_GetCount
[0000056] [15:45:15:336723] [Tid0x00001620] [debug] -->[C28] DL_Rom_GetInfoAll #./api/api.cpp (line:2752)
[0000057] [15:45:15:337723] [Tid0x00001620] [debug] <--[C28] DL_Rom_GetInfoAll
[0000058] [15:45:15:337723] [Tid0x00001620] [debug] -->[C29] DL_Rom_SetEnableAttr #./api/api.cpp (line:2806)
[0000059] [15:45:15:337723] [Tid0x00001620] [debug] <--[C29] DL_Rom_SetEnableAttr
[0000060] [15:45:15:338723] [Tid0x00001620] [debug] -->[C30] DL_GetCount #./api/api.cpp (line:2587)
[0000061] [15:45:15:338723] [Tid0x00001620] [debug] <--[C30] DL_GetCount
[0000062] [15:45:15:338723] [Tid0x00001620] [debug] -->[C31] DL_Rom_GetInfoAll #./api/api.cpp (line:2752)
[0000063] [15:45:15:338723] [Tid0x00001620] [debug] <--[C31] DL_Rom_GetInfoAll
[0000064] [15:45:15:339723] [Tid0x00001620] [debug] -->[C32] DL_Rom_SetEnableAttr #./api/api.cpp (line:2806)
[0000065] [15:45:15:339723] [Tid0x00001620] [debug] <--[C32] DL_Rom_SetEnableAttr
[0000066] [15:45:15:340723] [Tid0x00001620] [debug] -->[C33] DL_GetCount #./api/api.cpp (line:2587)
[0000067] [15:45:15:340723] [Tid0x00001620] [debug] <--[C33] DL_GetCount
[0000068] [15:45:15:340723] [Tid0x00001620] [debug] -->[C34] DL_Rom_GetInfoAll #./api/api.cpp (line:2752)
[0000069] [15:45:15:340723] [Tid0x00001620] [debug] <--[C34] DL_Rom_GetInfoAll
[0000070] [15:45:15:341723] [Tid0x00001620] [debug] -->[C35] DL_Rom_SetEnableAttr #./api/api.cpp (line:2806)
[0000071] [15:45:15:341723] [Tid0x00001620] [debug] <--[C35] DL_Rom_SetEnableAttr
[0000072] [15:45:15:341723] [Tid0x00001620] [debug] -->[C36] DL_GetCount #./api/api.cpp (line:2587)
[0000073] [15:45:15:341723] [Tid0x00001620] [debug] <--[C36] DL_GetCount
[0000074] [15:45:15:341723] [Tid0x00001620] [debug] -->[C37] DL_Rom_GetInfoAll #./api/api.cpp (line:2752)
[0000075] [15:45:15:341723] [Tid0x00001620] [debug] <--[C37] DL_Rom_GetInfoAll
[0000076] [15:45:15:342723] [Tid0x00001620] [debug] -->[C38] DL_Rom_SetEnableAttr #./api/api.cpp (line:2806)
[0000077] [15:45:15:342723] [Tid0x00001620] [debug] <--[C38] DL_Rom_SetEnableAttr
[0000078] [15:45:15:343723] [Tid0x00001620] [debug] -->[C39] DL_GetCount #./api/api.cpp (line:2587)
[0000079] [15:45:15:343723] [Tid0x00001620] [debug] <--[C39] DL_GetCount
[0000080] [15:45:15:343723] [Tid0x00001620] [debug] -->[C40] DL_Rom_GetInfoAll #./api/api.cpp (line:2752)
[0000081] [15:45:15:343723] [Tid0x00001620] [debug] <--[C40] DL_Rom_GetInfoAll
[0000082] [15:45:15:344723] [Tid0x00001620] [debug] -->[C41] DL_Rom_SetEnableAttr #./api/api.cpp (line:2806)
[0000083] [15:45:15:344723] [Tid0x00001620] [debug] <--[C41] DL_Rom_SetEnableAttr
[0000084] [15:45:15:345723] [Tid0x00001620] [debug] -->[C42] DL_GetCount #./api/api.cpp (line:2587)
[0000085] [15:45:15:345723] [Tid0x00001620] [debug] <--[C42] DL_GetCount
[0000086] [15:45:15:345723] [Tid0x00001620] [debug] -->[C43] DL_Rom_GetInfoAll #./api/api.cpp (line:2752)
[0000087] [15:45:15:345723] [Tid0x00001620] [debug] <--[C43] DL_Rom_GetInfoAll
[0000088] [15:45:15:346723] [Tid0x00001620] [debug] -->[C44] DL_Rom_SetEnableAttr #./api/api.cpp (line:2806)
[0000089] [15:45:15:346723] [Tid0x00001620] [debug] <--[C44] DL_Rom_SetEnableAttr
[0000090] [15:45:15:346723] [Tid0x00001620] [debug] -->[C45] DL_GetCount #./api/api.cpp (line:2587)
[0000091] [15:45:15:346723] [Tid0x00001620] [debug] <--[C45] DL_GetCount
[0000092] [15:45:15:346723] [Tid0x00001620] [debug] -->[C46] DL_Rom_GetInfoAll #./api/api.cpp (line:2752)
[0000093] [15:45:15:346723] [Tid0x00001620] [debug] <--[C46] DL_Rom_GetInfoAll
[0000094] [15:45:15:347723] [Tid0x00001620] [debug] -->[C47] DL_Rom_SetEnableAttr #./api/api.cpp (line:2806)
[0000095] [15:45:15:347723] [Tid0x00001620] [debug] <--[C47] DL_Rom_SetEnableAttr
[0000096] [15:45:15:347723] [Tid0x00001620] [debug] -->[C48] DL_GetCount #./api/api.cpp (line:2587)
[0000097] [15:45:15:347723] [Tid0x00001620] [debug] <--[C48] DL_GetCount
[0000098] [15:45:15:347723] [Tid0x00001620] [debug] -->[C49] DL_Rom_GetInfoAll #./api/api.cpp (line:2752)
[0000099] [15:45:15:347723] [Tid0x00001620] [debug] <--[C49] DL_Rom_GetInfoAll
[0000100] [15:45:15:348723] [Tid0x00001620] [debug] -->[C50] DL_Rom_SetEnableAttr #./api/api.cpp (line:2806)
[0000101] [15:45:15:348723] [Tid0x00001620] [debug] <--[C50] DL_Rom_SetEnableAttr
[0000102] [15:45:15:349723] [Tid0x00001620] [debug] -->[C51] DL_GetCount #./api/api.cpp (line:2587)
[0000103] [15:45:15:349723] [Tid0x00001620] [debug] <--[C51] DL_GetCount
[0000104] [15:45:15:349723] [Tid0x00001620] [debug] -->[C52] DL_Rom_GetInfoAll #./api/api.cpp (line:2752)
[0000105] [15:45:15:349723] [Tid0x00001620] [debug] <--[C52] DL_Rom_GetInfoAll
[0000106] [15:45:15:350723] [Tid0x00001620] [debug] -->[C53] DL_Rom_SetEnableAttr #./api/api.cpp (line:2806)
[0000107] [15:45:15:350723] [Tid0x00001620] [debug] <--[C53] DL_Rom_SetEnableAttr
[0000108] [15:45:15:350723] [Tid0x00001620] [debug] -->[C54] DL_GetCount #./api/api.cpp (line:2587)
[0000109] [15:45:15:350723] [Tid0x00001620] [debug] <--[C54] DL_GetCount
[0000110] [15:45:15:350723] [Tid0x00001620] [debug] -->[C55] DL_Rom_GetInfoAll #./api/api.cpp (line:2752)
[0000111] [15:45:15:350723] [Tid0x00001620] [debug] <--[C55] DL_Rom_GetInfoAll
[0000112] [15:45:15:351723] [Tid0x00001620] [debug] -->[C56] DL_Rom_SetEnableAttr #./api/api.cpp (line:2806)
[0000113] [15:45:15:351723] [Tid0x00001620] [debug] <--[C56] DL_Rom_SetEnableAttr
[0000114] [15:45:15:352723] [Tid0x00001620] [debug] -->[C57] DL_GetCount #./api/api.cpp (line:2587)
[0000115] [15:45:15:352723] [Tid0x00001620] [debug] <--[C57] DL_GetCount
[0000116] [15:45:15:352723] [Tid0x00001620] [debug] -->[C58] DL_Rom_GetInfoAll #./api/api.cpp (line:2752)
[0000117] [15:45:15:352723] [Tid0x00001620] [debug] <--[C58] DL_Rom_GetInfoAll
[0000118] [15:45:15:353723] [Tid0x00001620] [debug] -->[C59] DL_Rom_SetEnableAttr #./api/api.cpp (line:2806)
[0000119] [15:45:15:353723] [Tid0x00001620] [debug] <--[C59] DL_Rom_SetEnableAttr
[0000120] [15:45:15:353723] [Tid0x00001620] [debug] -->[C60] DL_GetCount #./api/api.cpp (line:2587)
[0000121] [15:45:15:353723] [Tid0x00001620] [debug] <--[C60] DL_GetCount
[0000122] [15:45:15:353723] [Tid0x00001620] [debug] -->[C61] DL_Rom_GetInfoAll #./api/api.cpp (line:2752)
[0000123] [15:45:15:354723] [Tid0x00001620] [debug] <--[C61] DL_Rom_GetInfoAll
[0000124] [15:45:15:354723] [Tid0x00001620] [debug] -->[C62] DL_Rom_SetEnableAttr #./api/api.cpp (line:2806)
[0000125] [15:45:15:354723] [Tid0x00001620] [debug] <--[C62] DL_Rom_SetEnableAttr
[0000126] [15:45:15:354723] [Tid0x00001620] [debug] -->[C63] DL_GetCount #./api/api.cpp (line:2587)
[0000127] [15:45:15:355723] [Tid0x00001620] [debug] <--[C63] DL_GetCount
[0000128] [15:45:15:355723] [Tid0x00001620] [debug] -->[C64] DL_Rom_GetInfoAll #./api/api.cpp (line:2752)
[0000129] [15:45:15:355723] [Tid0x00001620] [debug] <--[C64] DL_Rom_GetInfoAll
[0000130] [15:45:15:355723] [Tid0x00001620] [debug] -->[C65] DL_Rom_SetEnableAttr #./api/api.cpp (line:2806)
[0000131] [15:45:15:355723] [Tid0x00001620] [debug] <--[C65] DL_Rom_SetEnableAttr
[0000132] [15:45:15:356723] [Tid0x00001620] [debug] -->[C66] DL_GetCount #./api/api.cpp (line:2587)
[0000133] [15:45:15:356723] [Tid0x00001620] [debug] <--[C66] DL_GetCount
[0000134] [15:45:15:356723] [Tid0x00001620] [debug] -->[C67] DL_Rom_GetInfoAll #./api/api.cpp (line:2752)
[0000135] [15:45:15:356723] [Tid0x00001620] [debug] <--[C67] DL_Rom_GetInfoAll
[0000136] [15:45:15:357723] [Tid0x00001620] [debug] -->[C68] DL_Rom_SetEnableAttr #./api/api.cpp (line:2806)
[0000137] [15:45:15:357723] [Tid0x00001620] [debug] <--[C68] DL_Rom_SetEnableAttr
[0000138] [15:45:15:358723] [Tid0x00001620] [debug] -->[C69] DL_GetCount #./api/api.cpp (line:2587)
[0000139] [15:45:15:358723] [Tid0x00001620] [debug] <--[C69] DL_GetCount
[0000140] [15:45:15:358723] [Tid0x00001620] [debug] -->[C70] DL_Rom_GetInfoAll #./api/api.cpp (line:2752)
[0000141] [15:45:15:358723] [Tid0x00001620] [debug] <--[C70] DL_Rom_GetInfoAll
[0000142] [15:45:15:359723] [Tid0x00001620] [debug] -->[C71] DL_Rom_SetEnableAttr #./api/api.cpp (line:2806)
[0000143] [15:45:15:359723] [Tid0x00001620] [debug] <--[C71] DL_Rom_SetEnableAttr
[0000144] [15:45:15:359723] [Tid0x00001620] [debug] -->[C72] DL_GetCount #./api/api.cpp (line:2587)
[0000145] [15:45:15:359723] [Tid0x00001620] [debug] <--[C72] DL_GetCount
[0000146] [15:45:15:359723] [Tid0x00001620] [debug] -->[C73] DL_Rom_GetInfoAll #./api/api.cpp (line:2752)
[0000147] [15:45:15:359723] [Tid0x00001620] [debug] <--[C73] DL_Rom_GetInfoAll
[0000148] [15:45:15:360723] [Tid0x00001620] [debug] -->[C74] DL_Rom_SetEnableAttr #./api/api.cpp (line:2806)
[0000149] [15:45:15:360723] [Tid0x00001620] [debug] <--[C74] DL_Rom_SetEnableAttr
[0000150] [15:45:15:360723] [Tid0x00001620] [debug] -->[C75] DL_GetCount #./api/api.cpp (line:2587)
[0000151] [15:45:15:360723] [Tid0x00001620] [debug] <--[C75] DL_GetCount
[0000152] [15:45:15:360723] [Tid0x00001620] [debug] -->[C76] DL_Rom_GetInfoAll #./api/api.cpp (line:2752)
[0000153] [15:45:15:360723] [Tid0x00001620] [debug] <--[C76] DL_Rom_GetInfoAll
[0000154] [15:45:15:361723] [Tid0x00001620] [debug] -->[C77] DL_Rom_SetEnableAttr #./api/api.cpp (line:2806)
[0000155] [15:45:15:361723] [Tid0x00001620] [debug] <--[C77] DL_Rom_SetEnableAttr
[0000156] [15:45:15:362723] [Tid0x00001620] [debug] -->[C78] DL_GetCount #./api/api.cpp (line:2587)
[0000157] [15:45:15:362723] [Tid0x00001620] [debug] <--[C78] DL_GetCount
[0000158] [15:45:15:362723] [Tid0x00001620] [debug] -->[C79] DL_Rom_GetInfoAll #./api/api.cpp (line:2752)
[0000159] [15:45:15:362723] [Tid0x00001620] [debug] <--[C79] DL_Rom_GetInfoAll
[0000160] [15:45:15:363723] [Tid0x00001620] [debug] -->[C80] DL_Rom_SetEnableAttr #./api/api.cpp (line:2806)
[0000161] [15:45:15:363723] [Tid0x00001620] [debug] <--[C80] DL_Rom_SetEnableAttr
[0000162] [15:45:15:363723] [Tid0x00001620] [debug] -->[C81] DL_GetCount #./api/api.cpp (line:2587)
[0000163] [15:45:15:363723] [Tid0x00001620] [debug] <--[C81] DL_GetCount
[0000164] [15:45:15:363723] [Tid0x00001620] [debug] -->[C82] DL_Rom_GetInfoAll #./api/api.cpp (line:2752)
[0000165] [15:45:15:363723] [Tid0x00001620] [debug] <--[C82] DL_Rom_GetInfoAll
[0000166] [15:45:15:364723] [Tid0x00001620] [debug] -->[C83] DL_Rom_SetEnableAttr #./api/api.cpp (line:2806)
[0000167] [15:45:15:364723] [Tid0x00001620] [debug] <--[C83] DL_Rom_SetEnableAttr
[0000168] [15:45:15:365723] [Tid0x00001620] [debug] -->[C84] DL_GetCount #./api/api.cpp (line:2587)
[0000169] [15:45:15:365723] [Tid0x00001620] [debug] <--[C84] DL_GetCount
[0000170] [15:45:15:365723] [Tid0x00001620] [debug] -->[C85] DL_Rom_GetInfoAll #./api/api.cpp (line:2752)
[0000171] [15:45:15:365723] [Tid0x00001620] [debug] <--[C85] DL_Rom_GetInfoAll
[0000172] [15:45:15:366723] [Tid0x00001620] [debug] -->[C86] DL_Rom_SetEnableAttr #./api/api.cpp (line:2806)
[0000173] [15:45:15:366723] [Tid0x00001620] [debug] <--[C86] DL_Rom_SetEnableAttr
[0000174] [15:45:15:367723] [Tid0x00001620] [debug] -->[C87] DL_GetCount #./api/api.cpp (line:2587)
[0000175] [15:45:15:367723] [Tid0x00001620] [debug] <--[C87] DL_GetCount
[0000176] [15:45:15:367723] [Tid0x00001620] [debug] -->[C88] DL_Rom_GetInfoAll #./api/api.cpp (line:2752)
[0000177] [15:45:15:367723] [Tid0x00001620] [debug] <--[C88] DL_Rom_GetInfoAll
[0000178] [15:45:15:368723] [Tid0x00001620] [debug] -->[C89] DL_Rom_SetEnableAttr #./api/api.cpp (line:2806)
[0000179] [15:45:15:368723] [Tid0x00001620] [debug] <--[C89] DL_Rom_SetEnableAttr
[0000180] [15:45:15:368723] [Tid0x00001620] [debug] -->[C90] DL_GetCount #./api/api.cpp (line:2587)
[0000181] [15:45:15:368723] [Tid0x00001620] [debug] <--[C90] DL_GetCount
[0000182] [15:45:15:368723] [Tid0x00001620] [debug] -->[C91] DL_Rom_GetInfoAll #./api/api.cpp (line:2752)
[0000183] [15:45:15:368723] [Tid0x00001620] [debug] <--[C91] DL_Rom_GetInfoAll
[0000184] [15:45:15:369723] [Tid0x00001620] [debug] -->[C92] DL_Rom_SetEnableAttr #./api/api.cpp (line:2806)
[0000185] [15:45:15:369723] [Tid0x00001620] [debug] <--[C92] DL_Rom_SetEnableAttr
[0000186] [15:45:15:369723] [Tid0x00001620] [debug] -->[C93] DL_GetCount #./api/api.cpp (line:2587)
[0000187] [15:45:15:369723] [Tid0x00001620] [debug] <--[C93] DL_GetCount
[0000188] [15:45:15:369723] [Tid0x00001620] [debug] -->[C94] DL_Rom_GetInfoAll #./api/api.cpp (line:2752)
[0000189] [15:45:15:369723] [Tid0x00001620] [debug] <--[C94] DL_Rom_GetInfoAll
[0000190] [15:45:15:370723] [Tid0x00001620] [debug] -->[C95] DL_Rom_SetEnableAttr #./api/api.cpp (line:2806)
[0000191] [15:45:15:370723] [Tid0x00001620] [debug] <--[C95] DL_Rom_SetEnableAttr
[0000192] [15:45:15:371723] [Tid0x00001620] [debug] -->[C96] DL_GetCount #./api/api.cpp (line:2587)
[0000193] [15:45:15:371723] [Tid0x00001620] [debug] <--[C96] DL_GetCount
[0000194] [15:45:15:371723] [Tid0x00001620] [debug] -->[C97] DL_Rom_GetInfoAll #./api/api.cpp (line:2752)
[0000195] [15:45:15:371723] [Tid0x00001620] [debug] <--[C97] DL_Rom_GetInfoAll
[0000196] [15:45:15:372723] [Tid0x00001620] [debug] -->[C98] DL_Rom_SetEnableAttr #./api/api.cpp (line:2806)
[0000197] [15:45:15:372723] [Tid0x00001620] [debug] <--[C98] DL_Rom_SetEnableAttr
[0000198] [15:45:15:372723] [Tid0x00001620] [debug] -->[C99] DL_GetCount #./api/api.cpp (line:2587)
[0000199] [15:45:15:372723] [Tid0x00001620] [debug] <--[C99] DL_GetCount
[0000200] [15:45:15:372723] [Tid0x00001620] [debug] -->[C100] DL_Rom_GetInfoAll #./api/api.cpp (line:2752)
[0000201] [15:45:15:372723] [Tid0x00001620] [debug] <--[C100] DL_Rom_GetInfoAll
[0000202] [15:45:15:373723] [Tid0x00001620] [debug] -->[C101] DL_Rom_SetEnableAttr #./api/api.cpp (line:2806)
[0000203] [15:45:15:373723] [Tid0x00001620] [debug] <--[C101] DL_Rom_SetEnableAttr
[0000204] [15:45:15:374723] [Tid0x00001620] [debug] -->[C102] DL_GetCount #./api/api.cpp (line:2587)
[0000205] [15:45:15:374723] [Tid0x00001620] [debug] <--[C102] DL_GetCount
[0000206] [15:45:15:374723] [Tid0x00001620] [debug] -->[C103] DL_Rom_GetInfoAll #./api/api.cpp (line:2752)
[0000207] [15:45:15:374723] [Tid0x00001620] [debug] <--[C103] DL_Rom_GetInfoAll
[0000208] [15:45:15:375723] [Tid0x00001620] [debug] -->[C104] DL_Rom_SetEnableAttr #./api/api.cpp (line:2806)
[0000209] [15:45:15:375723] [Tid0x00001620] [debug] <--[C104] DL_Rom_SetEnableAttr
[0000210] [15:45:15:375723] [Tid0x00001620] [debug] -->[C105] DL_GetCount #./api/api.cpp (line:2587)
[0000211] [15:45:15:375723] [Tid0x00001620] [debug] <--[C105] DL_GetCount
[0000212] [15:45:15:375723] [Tid0x00001620] [debug] -->[C106] DL_Rom_GetInfoAll #./api/api.cpp (line:2752)
[0000213] [15:45:15:375723] [Tid0x00001620] [debug] <--[C106] DL_Rom_GetInfoAll
[0000214] [15:45:15:376723] [Tid0x00001620] [debug] -->[C107] DL_Rom_SetEnableAttr #./api/api.cpp (line:2806)
[0000215] [15:45:15:377723] [Tid0x00001620] [debug] <--[C107] DL_Rom_SetEnableAttr
[0000216] [15:45:15:377723] [Tid0x00001620] [debug] -->[C108] DL_GetCount #./api/api.cpp (line:2587)
[0000217] [15:45:15:377723] [Tid0x00001620] [debug] <--[C108] DL_GetCount
[0000218] [15:45:15:377723] [Tid0x00001620] [debug] -->[C109] DL_Rom_GetInfoAll #./api/api.cpp (line:2752)
[0000219] [15:45:15:377723] [Tid0x00001620] [debug] <--[C109] DL_Rom_GetInfoAll
[0000220] [15:45:15:378723] [Tid0x00001620] [debug] -->[C110] DL_Rom_SetEnableAttr #./api/api.cpp (line:2806)
[0000221] [15:45:15:378723] [Tid0x00001620] [debug] <--[C110] DL_Rom_SetEnableAttr
[0000222] [15:45:15:378723] [Tid0x00001620] [debug] -->[C111] DL_GetCount #./api/api.cpp (line:2587)
[0000223] [15:45:15:378723] [Tid0x00001620] [debug] <--[C111] DL_GetCount
[0000224] [15:45:15:378723] [Tid0x00001620] [debug] -->[C112] DL_Rom_GetInfoAll #./api/api.cpp (line:2752)
[0000225] [15:45:15:378723] [Tid0x00001620] [debug] <--[C112] DL_Rom_GetInfoAll
[0000226] [15:45:15:379723] [Tid0x00001620] [debug] -->[C113] DL_Rom_SetEnableAttr #./api/api.cpp (line:2806)
[0000227] [15:45:15:379723] [Tid0x00001620] [debug] <--[C113] DL_Rom_SetEnableAttr
[0000228] [15:45:15:380723] [Tid0x00001620] [debug] -->[C114] DL_SetChecksumLevel #./api/api.cpp (line:2516)
[0000229] [15:45:15:380723] [Tid0x00001620] [debug] <--[C114] DL_SetChecksumLevel
[0000230] [15:45:29:510723] [Tid0x00001620] [debug] -->[C115] DL_GetCount #./api/api.cpp (line:2587)
[0000231] [15:45:29:511723] [Tid0x00001620] [debug] <--[C115] DL_GetCount
[0000232] [15:45:29:511723] [Tid0x00001620] [debug] -->[C116] DL_Rom_GetInfoAll #./api/api.cpp (line:2752)
[0000233] [15:45:29:511723] [Tid0x00001620] [debug] <--[C116] DL_Rom_GetInfoAll
[0000234] [16:01:21:840323] [Tid0x00001c24] [debug] -->[C117] DL_LoadScatter #./api/api.cpp (line:2474)
[0000235] [16:01:21:866323] [Tid0x00001c24] [debug] used lib version: 1
[0000236] [16:01:21:867323] [Tid0x00001c24] [debug] <--[C117] DL_LoadScatter
[0000237] [16:01:21:867323] [Tid0x00001c24] [debug] -->[C118] DL_AutoLoadRomImages #./api/api.cpp (line:2667)
[0000238] [16:01:21:869323] [Tid0x00001c24] [debug] <--[C118] DL_AutoLoadRomImages
[0000239] [16:01:21:879323] [Tid0x00001620] [debug] -->[C119] DL_GetCount #./api/api.cpp (line:2587)
[0000240] [16:01:21:879323] [Tid0x00001620] [debug] <--[C119] DL_GetCount
[0000241] [16:01:21:880323] [Tid0x00001620] [debug] -->[C120] DL_Rom_GetInfoAll #./api/api.cpp (line:2752)
[0000242] [16:01:21:880323] [Tid0x00001620] [debug] <--[C120] DL_Rom_GetInfoAll
[0000243] [16:01:21:880323] [Tid0x00001620] [debug] -->[C121] DL_GetScatterInfo #./api/api.cpp (line:2688)
[0000244] [16:01:21:880323] [Tid0x00001620] [debug] <--[C121] DL_GetScatterInfo
[0000245] [16:01:21:884323] [Tid0x00001620] [debug] -->[C122] DL_GetCount #./api/api.cpp (line:2587)
[0000246] [16:01:21:884323] [Tid0x00001620] [debug] <--[C122] DL_GetCount
[0000247] [16:01:21:884323] [Tid0x00001620] [debug] -->[C123] DL_Rom_GetInfoAll #./api/api.cpp (line:2752)
[0000248] [16:01:21:884323] [Tid0x00001620] [debug] <--[C123] DL_Rom_GetInfoAll
[0000249] [16:01:21:884323] [Tid0x00001620] [debug] -->[C124] DL_Rom_SetEnableAttr #./api/api.cpp (line:2806)
[0000250] [16:01:21:884323] [Tid0x00001620] [debug] <--[C124] DL_Rom_SetEnableAttr
[0000251] [16:01:21:886323] [Tid0x00001620] [debug] -->[C125] DL_GetCount #./api/api.cpp (line:2587)
[0000252] [16:01:21:886323] [Tid0x00001620] [debug] <--[C125] DL_GetCount
[0000253] [16:01:21:886323] [Tid0x00001620] [debug] -->[C126] DL_Rom_GetInfoAll #./api/api.cpp (line:2752)
[0000254] [16:01:21:886323] [Tid0x00001620] [debug] <--[C126] DL_Rom_GetInfoAll
[0000255] [16:01:21:886323] [Tid0x00001620] [debug] -->[C127] DL_Rom_SetEnableAttr #./api/api.cpp (line:2806)
[0000256] [16:01:21:886323] [Tid0x00001620] [debug] <--[C127] DL_Rom_SetEnableAttr
[0000257] [16:01:21:887323] [Tid0x00001620] [debug] -->[C128] DL_GetCount #./api/api.cpp (line:2587)
[0000258] [16:01:21:887323] [Tid0x00001620] [debug] <--[C128] DL_GetCount
[0000259] [16:01:21:887323] [Tid0x00001620] [debug] -->[C129] DL_Rom_GetInfoAll #./api/api.cpp (line:2752)
[0000260] [16:01:21:887323] [Tid0x00001620] [debug] <--[C129] DL_Rom_GetInfoAll
[0000261] [16:01:21:887323] [Tid0x00001620] [debug] -->[C130] DL_Rom_SetEnableAttr #./api/api.cpp (line:2806)
[0000262] [16:01:21:887323] [Tid0x00001620] [debug] <--[C130] DL_Rom_SetEnableAttr
[0000263] [16:01:21:887323] [Tid0x00001620] [debug] -->[C131] DL_GetCount #./api/api.cpp (line:2587)
[0000264] [16:01:21:887323] [Tid0x00001620] [debug] <--[C131] DL_GetCount
[0000265] [16:01:21:887323] [Tid0x00001620] [debug] -->[C132] DL_Rom_GetInfoAll #./api/api.cpp (line:2752)
[0000266] [16:01:21:888323] [Tid0x00001620] [debug] <--[C132] DL_Rom_GetInfoAll
[0000267] [16:01:21:888323] [Tid0x00001620] [debug] -->[C133] DL_Rom_SetEnableAttr #./api/api.cpp (line:2806)
[0000268] [16:01:21:888323] [Tid0x00001620] [debug] <--[C133] DL_Rom_SetEnableAttr
[0000269] [16:01:21:889323] [Tid0x00001620] [debug] -->[C134] DL_GetCount #./api/api.cpp (line:2587)
[0000270] [16:01:21:889323] [Tid0x00001620] [debug] <--[C134] DL_GetCount
[0000271] [16:01:21:889323] [Tid0x00001620] [debug] -->[C135] DL_Rom_GetInfoAll #./api/api.cpp (line:2752)
[0000272] [16:01:21:889323] [Tid0x00001620] [debug] <--[C135] DL_Rom_GetInfoAll
[0000273] [16:01:21:890323] [Tid0x00001620] [debug] -->[C136] DL_Rom_SetEnableAttr #./api/api.cpp (line:2806)
[0000274] [16:01:21:890323] [Tid0x00001620] [debug] <--[C136] DL_Rom_SetEnableAttr
[0000275] [16:01:21:890323] [Tid0x00001620] [debug] -->[C137] DL_GetCount #./api/api.cpp (line:2587)
[0000276] [16:01:21:890323] [Tid0x00001620] [debug] <--[C137] DL_GetCount
[0000277] [16:01:21:890323] [Tid0x00001620] [debug] -->[C138] DL_Rom_GetInfoAll #./api/api.cpp (line:2752)
[0000278] [16:01:21:890323] [Tid0x00001620] [debug] <--[C138] DL_Rom_GetInfoAll
[0000279] [16:01:21:890323] [Tid0x00001620] [debug] -->[C139] DL_Rom_SetEnableAttr #./api/api.cpp (line:2806)
[0000280] [16:01:21:890323] [Tid0x00001620] [debug] <--[C139] DL_Rom_SetEnableAttr
[0000281] [16:01:21:891323] [Tid0x00001620] [debug] -->[C140] DL_GetCount #./api/api.cpp (line:2587)
[0000282] [16:01:21:891323] [Tid0x00001620] [debug] <--[C140] DL_GetCount
[0000283] [16:01:21:891323] [Tid0x00001620] [debug] -->[C141] DL_Rom_GetInfoAll #./api/api.cpp (line:2752)
[0000284] [16:01:21:891323] [Tid0x00001620] [debug] <--[C141] DL_Rom_GetInfoAll
[0000285] [16:01:21:891323] [Tid0x00001620] [debug] -->[C142] DL_Rom_SetEnableAttr #./api/api.cpp (line:2806)
[0000286] [16:01:21:891323] [Tid0x00001620] [debug] <--[C142] DL_Rom_SetEnableAttr
[0000287] [16:01:21:892323] [Tid0x00001620] [debug] -->[C143] DL_GetCount #./api/api.cpp (line:2587)
[0000288] [16:01:21:892323] [Tid0x00001620] [debug] <--[C143] DL_GetCount
[0000289] [16:01:21:892323] [Tid0x00001620] [debug] -->[C144] DL_Rom_GetInfoAll #./api/api.cpp (line:2752)
[0000290] [16:01:21:892323] [Tid0x00001620] [debug] <--[C144] DL_Rom_GetInfoAll
[0000291] [16:01:21:892323] [Tid0x00001620] [debug] -->[C145] DL_Rom_SetEnableAttr #./api/api.cpp (line:2806)
[0000292] [16:01:21:892323] [Tid0x00001620] [debug] <--[C145] DL_Rom_SetEnableAttr
[0000293] [16:01:21:892323] [Tid0x00001620] [debug] -->[C146] DL_GetCount #./api/api.cpp (line:2587)
[0000294] [16:01:21:892323] [Tid0x00001620] [debug] <--[C146] DL_GetCount
[0000295] [16:01:21:892323] [Tid0x00001620] [debug] -->[C147] DL_Rom_GetInfoAll #./api/api.cpp (line:2752)
[0000296] [16:01:21:892323] [Tid0x00001620] [debug] <--[C147] DL_Rom_GetInfoAll
[0000297] [16:01:21:892323] [Tid0x00001620] [debug] -->[C148] DL_Rom_SetEnableAttr #./api/api.cpp (line:2806)
[0000298] [16:01:21:892323] [Tid0x00001620] [debug] <--[C148] DL_Rom_SetEnableAttr
[0000299] [16:01:21:893323] [Tid0x00001620] [debug] -->[C149] DL_GetCount #./api/api.cpp (line:2587)
[0000300] [16:01:21:893323] [Tid0x00001620] [debug] <--[C149] DL_GetCount
[0000301] [16:01:21:893323] [Tid0x00001620] [debug] -->[C150] DL_Rom_GetInfoAll #./api/api.cpp (line:2752)
[0000302] [16:01:21:893323] [Tid0x00001620] [debug] <--[C150] DL_Rom_GetInfoAll
[0000303] [16:01:21:893323] [Tid0x00001620] [debug] -->[C151] DL_Rom_SetEnableAttr #./api/api.cpp (line:2806)
[0000304] [16:01:21:893323] [Tid0x00001620] [debug] <--[C151] DL_Rom_SetEnableAttr
[0000305] [16:01:21:893323] [Tid0x00001620] [debug] -->[C152] DL_GetCount #./api/api.cpp (line:2587)
[0000306] [16:01:21:893323] [Tid0x00001620] [debug] <--[C152] DL_GetCount
[0000307] [16:01:21:893323] [Tid0x00001620] [debug] -->[C153] DL_Rom_GetInfoAll #./api/api.cpp (line:2752)
[0000308] [16:01:21:894323] [Tid0x00001620] [debug] <--[C153] DL_Rom_GetInfoAll
[0000309] [16:01:21:894323] [Tid0x00001620] [debug] -->[C154] DL_Rom_SetEnableAttr #./api/api.cpp (line:2806)
[0000310] [16:01:21:894323] [Tid0x00001620] [debug] <--[C154] DL_Rom_SetEnableAttr
[0000311] [16:01:21:894323] [Tid0x00001620] [debug] -->[C155] DL_GetCount #./api/api.cpp (line:2587)
[0000312] [16:01:21:894323] [Tid0x00001620] [debug] <--[C155] DL_GetCount
[0000313] [16:01:21:894323] [Tid0x00001620] [debug] -->[C156] DL_Rom_GetInfoAll #./api/api.cpp (line:2752)
[0000314] [16:01:21:894323] [Tid0x00001620] [debug] <--[C156] DL_Rom_GetInfoAll
[0000315] [16:01:21:894323] [Tid0x00001620] [debug] -->[C157] DL_Rom_SetEnableAttr #./api/api.cpp (line:2806)
[0000316] [16:01:21:894323] [Tid0x00001620] [debug] <--[C157] DL_Rom_SetEnableAttr
[0000317] [16:01:21:895323] [Tid0x00001620] [debug] -->[C158] DL_GetCount #./api/api.cpp (line:2587)
[0000318] [16:01:21:895323] [Tid0x00001620] [debug] <--[C158] DL_GetCount
[0000319] [16:01:21:895323] [Tid0x00001620] [debug] -->[C159] DL_Rom_GetInfoAll #./api/api.cpp (line:2752)
[0000320] [16:01:21:895323] [Tid0x00001620] [debug] <--[C159] DL_Rom_GetInfoAll
[0000321] [16:01:21:895323] [Tid0x00001620] [debug] -->[C160] DL_Rom_SetEnableAttr #./api/api.cpp (line:2806)
[0000322] [16:01:21:895323] [Tid0x00001620] [debug] <--[C160] DL_Rom_SetEnableAttr
[0000323] [16:01:21:895323] [Tid0x00001620] [debug] -->[C161] DL_GetCount #./api/api.cpp (line:2587)
[0000324] [16:01:21:895323] [Tid0x00001620] [debug] <--[C161] DL_GetCount
[0000325] [16:01:21:895323] [Tid0x00001620] [debug] -->[C162] DL_Rom_GetInfoAll #./api/api.cpp (line:2752)
[0000326] [16:01:21:896323] [Tid0x00001620] [debug] <--[C162] DL_Rom_GetInfoAll
[0000327] [16:01:21:896323] [Tid0x00001620] [debug] -->[C163] DL_Rom_SetEnableAttr #./api/api.cpp (line:2806)
[0000328] [16:01:21:896323] [Tid0x00001620] [debug] <--[C163] DL_Rom_SetEnableAttr
[0000329] [16:01:21:896323] [Tid0x00001620] [debug] -->[C164] DL_GetCount #./api/api.cpp (line:2587)
[0000330] [16:01:21:896323] [Tid0x00001620] [debug] <--[C164] DL_GetCount
[0000331] [16:01:21:896323] [Tid0x00001620] [debug] -->[C165] DL_Rom_GetInfoAll #./api/api.cpp (line:2752)
[0000332] [16:01:21:897323] [Tid0x00001620] [debug] <--[C165] DL_Rom_GetInfoAll
[0000333] [16:01:21:897323] [Tid0x00001620] [debug] -->[C166] DL_Rom_SetEnableAttr #./api/api.cpp (line:2806)
[0000334] [16:01:21:897323] [Tid0x00001620] [debug] <--[C166] DL_Rom_SetEnableAttr
[0000335] [16:01:21:897323] [Tid0x00001620] [debug] -->[C167] DL_GetCount #./api/api.cpp (line:2587)
[0000336] [16:01:21:898323] [Tid0x00001620] [debug] <--[C167] DL_GetCount
[0000337] [16:01:21:898323] [Tid0x00001620] [debug] -->[C168] DL_Rom_GetInfoAll #./api/api.cpp (line:2752)
[0000338] [16:01:21:898323] [Tid0x00001620] [debug] <--[C168] DL_Rom_GetInfoAll
[0000339] [16:01:21:898323] [Tid0x00001620] [debug] -->[C169] DL_Rom_SetEnableAttr #./api/api.cpp (line:2806)
[0000340] [16:01:21:898323] [Tid0x00001620] [debug] <--[C169] DL_Rom_SetEnableAttr
[0000341] [16:01:21:899323] [Tid0x00001620] [debug] -->[C170] DL_GetCount #./api/api.cpp (line:2587)
[0000342] [16:01:21:899323] [Tid0x00001620] [debug] <--[C170] DL_GetCount
[0000343] [16:01:21:899323] [Tid0x00001620] [debug] -->[C171] DL_Rom_GetInfoAll #./api/api.cpp (line:2752)
[0000344] [16:01:21:899323] [Tid0x00001620] [debug] <--[C171] DL_Rom_GetInfoAll
[0000345] [16:01:21:899323] [Tid0x00001620] [debug] -->[C172] DL_Rom_SetEnableAttr #./api/api.cpp (line:2806)
[0000346] [16:01:21:899323] [Tid0x00001620] [debug] <--[C172] DL_Rom_SetEnableAttr
[0000347] [16:01:21:900323] [Tid0x00001620] [debug] -->[C173] DL_GetCount #./api/api.cpp (line:2587)
[0000348] [16:01:21:900323] [Tid0x00001620] [debug] <--[C173] DL_GetCount
[0000349] [16:01:21:900323] [Tid0x00001620] [debug] -->[C174] DL_Rom_GetInfoAll #./api/api.cpp (line:2752)
[0000350] [16:01:21:900323] [Tid0x00001620] [debug] <--[C174] DL_Rom_GetInfoAll
[0000351] [16:01:21:900323] [Tid0x00001620] [debug] -->[C175] DL_Rom_SetEnableAttr #./api/api.cpp (line:2806)
[0000352] [16:01:21:900323] [Tid0x00001620] [debug] <--[C175] DL_Rom_SetEnableAttr
[0000353] [16:01:21:901323] [Tid0x00001620] [debug] -->[C176] DL_GetCount #./api/api.cpp (line:2587)
[0000354] [16:01:21:901323] [Tid0x00001620] [debug] <--[C176] DL_GetCount
[0000355] [16:01:21:901323] [Tid0x00001620] [debug] -->[C177] DL_Rom_GetInfoAll #./api/api.cpp (line:2752)
[0000356] [16:01:21:901323] [Tid0x00001620] [debug] <--[C177] DL_Rom_GetInfoAll
[0000357] [16:01:21:901323] [Tid0x00001620] [debug] -->[C178] DL_Rom_SetEnableAttr #./api/api.cpp (line:2806)
[0000358] [16:01:21:901323] [Tid0x00001620] [debug] <--[C178] DL_Rom_SetEnableAttr
[0000359] [16:01:21:901323] [Tid0x00001620] [debug] -->[C179] DL_GetCount #./api/api.cpp (line:2587)
[0000360] [16:01:21:902323] [Tid0x00001620] [debug] <--[C179] DL_GetCount
[0000361] [16:01:21:902323] [Tid0x00001620] [debug] -->[C180] DL_Rom_GetInfoAll #./api/api.cpp (line:2752)
[0000362] [16:01:21:902323] [Tid0x00001620] [debug] <--[C180] DL_Rom_GetInfoAll
[0000363] [16:01:21:902323] [Tid0x00001620] [debug] -->[C181] DL_Rom_SetEnableAttr #./api/api.cpp (line:2806)
[0000364] [16:01:21:902323] [Tid0x00001620] [debug] <--[C181] DL_Rom_SetEnableAttr
[0000365] [16:01:21:902323] [Tid0x00001620] [debug] -->[C182] DL_GetCount #./api/api.cpp (line:2587)
[0000366] [16:01:21:902323] [Tid0x00001620] [debug] <--[C182] DL_GetCount
[0000367] [16:01:21:902323] [Tid0x00001620] [debug] -->[C183] DL_Rom_GetInfoAll #./api/api.cpp (line:2752)
[0000368] [16:01:21:902323] [Tid0x00001620] [debug] <--[C183] DL_Rom_GetInfoAll
[0000369] [16:01:21:903323] [Tid0x00001620] [debug] -->[C184] DL_Rom_SetEnableAttr #./api/api.cpp (line:2806)
[0000370] [16:01:21:903323] [Tid0x00001620] [debug] <--[C184] DL_Rom_SetEnableAttr
[0000371] [16:01:21:903323] [Tid0x00001620] [debug] -->[C185] DL_GetCount #./api/api.cpp (line:2587)
[0000372] [16:01:21:903323] [Tid0x00001620] [debug] <--[C185] DL_GetCount
[0000373] [16:01:21:903323] [Tid0x00001620] [debug] -->[C186] DL_Rom_GetInfoAll #./api/api.cpp (line:2752)
[0000374] [16:01:21:903323] [Tid0x00001620] [debug] <--[C186] DL_Rom_GetInfoAll
[0000375] [16:01:21:903323] [Tid0x00001620] [debug] -->[C187] DL_Rom_SetEnableAttr #./api/api.cpp (line:2806)
[0000376] [16:01:21:903323] [Tid0x00001620] [debug] <--[C187] DL_Rom_SetEnableAttr
[0000377] [16:01:21:904323] [Tid0x00001620] [debug] -->[C188] DL_GetCount #./api/api.cpp (line:2587)
[0000378] [16:01:21:904323] [Tid0x00001620] [debug] <--[C188] DL_GetCount
[0000379] [16:01:21:904323] [Tid0x00001620] [debug] -->[C189] DL_Rom_GetInfoAll #./api/api.cpp (line:2752)
[0000380] [16:01:21:904323] [Tid0x00001620] [debug] <--[C189] DL_Rom_GetInfoAll
[0000381] [16:01:21:904323] [Tid0x00001620] [debug] -->[C190] DL_Rom_SetEnableAttr #./api/api.cpp (line:2806)
[0000382] [16:01:21:904323] [Tid0x00001620] [debug] <--[C190] DL_Rom_SetEnableAttr
[0000383] [16:01:21:904323] [Tid0x00001620] [debug] -->[C191] DL_GetCount #./api/api.cpp (line:2587)
[0000384] [16:01:21:904323] [Tid0x00001620] [debug] <--[C191] DL_GetCount
[0000385] [16:01:21:905323] [Tid0x00001620] [debug] -->[C192] DL_Rom_GetInfoAll #./api/api.cpp (line:2752)
[0000386] [16:01:21:905323] [Tid0x00001620] [debug] <--[C192] DL_Rom_GetInfoAll
[0000387] [16:01:21:905323] [Tid0x00001620] [debug] -->[C193] DL_Rom_SetEnableAttr #./api/api.cpp (line:2806)
[0000388] [16:01:21:905323] [Tid0x00001620] [debug] <--[C193] DL_Rom_SetEnableAttr
[0000389] [16:01:21:905323] [Tid0x00001620] [debug] -->[C194] DL_GetCount #./api/api.cpp (line:2587)
[0000390] [16:01:21:905323] [Tid0x00001620] [debug] <--[C194] DL_GetCount
[0000391] [16:01:21:905323] [Tid0x00001620] [debug] -->[C195] DL_Rom_GetInfoAll #./api/api.cpp (line:2752)
[0000392] [16:01:21:905323] [Tid0x00001620] [debug] <--[C195] DL_Rom_GetInfoAll
[0000393] [16:01:21:906323] [Tid0x00001620] [debug] -->[C196] DL_Rom_SetEnableAttr #./api/api.cpp (line:2806)
[0000394] [16:01:21:906323] [Tid0x00001620] [debug] <--[C196] DL_Rom_SetEnableAttr
[0000395] [16:01:21:906323] [Tid0x00001620] [debug] -->[C197] DL_GetCount #./api/api.cpp (line:2587)
[0000396] [16:01:21:906323] [Tid0x00001620] [debug] <--[C197] DL_GetCount
[0000397] [16:01:21:906323] [Tid0x00001620] [debug] -->[C198] DL_Rom_GetInfoAll #./api/api.cpp (line:2752)
[0000398] [16:01:21:906323] [Tid0x00001620] [debug] <--[C198] DL_Rom_GetInfoAll
[0000399] [16:01:21:906323] [Tid0x00001620] [debug] -->[C199] DL_Rom_SetEnableAttr #./api/api.cpp (line:2806)
[0000400] [16:01:21:906323] [Tid0x00001620] [debug] <--[C199] DL_Rom_SetEnableAttr
[0000401] [16:01:21:907323] [Tid0x00001620] [debug] -->[C200] DL_GetCount #./api/api.cpp (line:2587)
[0000402] [16:01:21:907323] [Tid0x00001620] [debug] <--[C200] DL_GetCount
[0000403] [16:01:21:907323] [Tid0x00001620] [debug] -->[C201] DL_Rom_GetInfoAll #./api/api.cpp (line:2752)
[0000404] [16:01:21:907323] [Tid0x00001620] [debug] <--[C201] DL_Rom_GetInfoAll
[0000405] [16:01:21:907323] [Tid0x00001620] [debug] -->[C202] DL_Rom_SetEnableAttr #./api/api.cpp (line:2806)
[0000406] [16:01:21:907323] [Tid0x00001620] [debug] <--[C202] DL_Rom_SetEnableAttr
[0000407] [16:01:21:908323] [Tid0x00001620] [debug] -->[C203] DL_GetCount #./api/api.cpp (line:2587)
[0000408] [16:01:21:908323] [Tid0x00001620] [debug] <--[C203] DL_GetCount
[0000409] [16:01:21:908323] [Tid0x00001620] [debug] -->[C204] DL_Rom_GetInfoAll #./api/api.cpp (line:2752)
[0000410] [16:01:21:908323] [Tid0x00001620] [debug] <--[C204] DL_Rom_GetInfoAll
[0000411] [16:01:21:908323] [Tid0x00001620] [debug] -->[C205] DL_Rom_SetEnableAttr #./api/api.cpp (line:2806)
[0000412] [16:01:21:908323] [Tid0x00001620] [debug] <--[C205] DL_Rom_SetEnableAttr
[0000413] [16:01:21:908323] [Tid0x00001620] [debug] -->[C206] DL_GetCount #./api/api.cpp (line:2587)
[0000414] [16:01:21:908323] [Tid0x00001620] [debug] <--[C206] DL_GetCount
[0000415] [16:01:21:908323] [Tid0x00001620] [debug] -->[C207] DL_Rom_GetInfoAll #./api/api.cpp (line:2752)
[0000416] [16:01:21:908323] [Tid0x00001620] [debug] <--[C207] DL_Rom_GetInfoAll
[0000417] [16:01:21:908323] [Tid0x00001620] [debug] -->[C208] DL_Rom_SetEnableAttr #./api/api.cpp (line:2806)
[0000418] [16:01:21:908323] [Tid0x00001620] [debug] <--[C208] DL_Rom_SetEnableAttr
[0000419] [16:01:21:909323] [Tid0x00001620] [debug] -->[C209] DL_GetCount #./api/api.cpp (line:2587)
[0000420] [16:01:21:909323] [Tid0x00001620] [debug] <--[C209] DL_GetCount
[0000421] [16:01:21:909323] [Tid0x00001620] [debug] -->[C210] DL_Rom_GetInfoAll #./api/api.cpp (line:2752)
[0000422] [16:01:21:909323] [Tid0x00001620] [debug] <--[C210] DL_Rom_GetInfoAll
[0000423] [16:01:21:909323] [Tid0x00001620] [debug] -->[C211] DL_Rom_SetEnableAttr #./api/api.cpp (line:2806)
[0000424] [16:01:21:909323] [Tid0x00001620] [debug] <--[C211] DL_Rom_SetEnableAttr
[0000425] [16:01:21:910323] [Tid0x00001620] [debug] -->[C212] DL_GetCount #./api/api.cpp (line:2587)
[0000426] [16:01:21:910323] [Tid0x00001620] [debug] <--[C212] DL_GetCount
[0000427] [16:01:21:910323] [Tid0x00001620] [debug] -->[C213] DL_Rom_GetInfoAll #./api/api.cpp (line:2752)
[0000428] [16:01:21:910323] [Tid0x00001620] [debug] <--[C213] DL_Rom_GetInfoAll
[0000429] [16:01:21:910323] [Tid0x00001620] [debug] -->[C214] DL_Rom_SetEnableAttr #./api/api.cpp (line:2806)
[0000430] [16:01:21:910323] [Tid0x00001620] [debug] <--[C214] DL_Rom_SetEnableAttr
[0000431] [16:01:21:911323] [Tid0x00001620] [debug] -->[C215] DL_GetCount #./api/api.cpp (line:2587)
[0000432] [16:01:21:911323] [Tid0x00001620] [debug] <--[C215] DL_GetCount
[0000433] [16:01:21:911323] [Tid0x00001620] [debug] -->[C216] DL_Rom_GetInfoAll #./api/api.cpp (line:2752)
[0000434] [16:01:21:911323] [Tid0x00001620] [debug] <--[C216] DL_Rom_GetInfoAll
[0000435] [16:01:21:911323] [Tid0x00001620] [debug] -->[C217] DL_Rom_SetEnableAttr #./api/api.cpp (line:2806)
[0000436] [16:01:21:911323] [Tid0x00001620] [debug] <--[C217] DL_Rom_SetEnableAttr
[0000437] [16:01:21:911323] [Tid0x00001620] [debug] -->[C218] DL_GetCount #./api/api.cpp (line:2587)
[0000438] [16:01:21:911323] [Tid0x00001620] [debug] <--[C218] DL_GetCount
[0000439] [16:01:21:911323] [Tid0x00001620] [debug] -->[C219] DL_Rom_GetInfoAll #./api/api.cpp (line:2752)
[0000440] [16:01:21:911323] [Tid0x00001620] [debug] <--[C219] DL_Rom_GetInfoAll
[0000441] [16:01:21:911323] [Tid0x00001620] [debug] -->[C220] DL_Rom_SetEnableAttr #./api/api.cpp (line:2806)
[0000442] [16:01:21:911323] [Tid0x00001620] [debug] <--[C220] DL_Rom_SetEnableAttr
[0000443] [16:01:21:912323] [Tid0x00001620] [debug] -->[C221] DL_GetCount #./api/api.cpp (line:2587)
[0000444] [16:01:21:912323] [Tid0x00001620] [debug] <--[C221] DL_GetCount
[0000445] [16:01:21:912323] [Tid0x00001620] [debug] -->[C222] DL_Rom_GetInfoAll #./api/api.cpp (line:2752)
[0000446] [16:01:21:912323] [Tid0x00001620] [debug] <--[C222] DL_Rom_GetInfoAll
[0000447] [16:01:21:912323] [Tid0x00001620] [debug] -->[C223] DL_Rom_SetEnableAttr #./api/api.cpp (line:2806)
[0000448] [16:01:21:912323] [Tid0x00001620] [debug] <--[C223] DL_Rom_SetEnableAttr
[0000449] [16:01:21:912323] [Tid0x00001620] [debug] -->[C224] DL_GetCount #./api/api.cpp (line:2587)
[0000450] [16:01:21:912323] [Tid0x00001620] [debug] <--[C224] DL_GetCount
[0000451] [16:01:21:913323] [Tid0x00001620] [debug] -->[C225] DL_Rom_GetInfoAll #./api/api.cpp (line:2752)
[0000452] [16:01:21:913323] [Tid0x00001620] [debug] <--[C225] DL_Rom_GetInfoAll
[0000453] [16:01:21:913323] [Tid0x00001620] [debug] -->[C226] DL_Rom_SetEnableAttr #./api/api.cpp (line:2806)
[0000454] [16:01:21:913323] [Tid0x00001620] [debug] <--[C226] DL_Rom_SetEnableAttr
[0000455] [16:01:21:913323] [Tid0x00001620] [debug] -->[C227] DL_GetCount #./api/api.cpp (line:2587)
[0000456] [16:01:21:914323] [Tid0x00001620] [debug] <--[C227] DL_GetCount
[0000457] [16:01:21:914323] [Tid0x00001620] [debug] -->[C228] DL_Rom_GetInfoAll #./api/api.cpp (line:2752)
[0000458] [16:01:21:914323] [Tid0x00001620] [debug] <--[C228] DL_Rom_GetInfoAll
[0000459] [16:01:21:914323] [Tid0x00001620] [debug] -->[C229] DL_Rom_SetEnableAttr #./api/api.cpp (line:2806)
[0000460] [16:01:21:914323] [Tid0x00001620] [debug] <--[C229] DL_Rom_SetEnableAttr
[0000461] [16:01:21:914323] [Tid0x00001620] [debug] -->[C230] DL_GetCount #./api/api.cpp (line:2587)
[0000462] [16:01:21:914323] [Tid0x00001620] [debug] <--[C230] DL_GetCount
[0000463] [16:01:21:915323] [Tid0x00001620] [debug] -->[C231] DL_Rom_GetInfoAll #./api/api.cpp (line:2752)
[0000464] [16:01:21:915323] [Tid0x00001620] [debug] <--[C231] DL_Rom_GetInfoAll
[0000465] [16:01:21:915323] [Tid0x00001620] [debug] -->[C232] DL_Rom_SetEnableAttr #./api/api.cpp (line:2806)
[0000466] [16:01:21:915323] [Tid0x00001620] [debug] <--[C232] DL_Rom_SetEnableAttr
[0000467] [16:01:21:916323] [Tid0x00001620] [debug] -->[C233] DL_GetCount #./api/api.cpp (line:2587)
[0000468] [16:01:21:916323] [Tid0x00001620] [debug] <--[C233] DL_GetCount
[0000469] [16:01:21:916323] [Tid0x00001620] [debug] -->[C234] DL_Rom_GetInfoAll #./api/api.cpp (line:2752)
[0000470] [16:01:21:916323] [Tid0x00001620] [debug] <--[C234] DL_Rom_GetInfoAll
[0000471] [16:01:21:916323] [Tid0x00001620] [debug] -->[C235] DL_Rom_SetEnableAttr #./api/api.cpp (line:2806)
[0000472] [16:01:21:916323] [Tid0x00001620] [debug] <--[C235] DL_Rom_SetEnableAttr
[0000473] [16:01:21:916323] [Tid0x00001620] [debug] -->[C236] DL_GetCount #./api/api.cpp (line:2587)
[0000474] [16:01:21:916323] [Tid0x00001620] [debug] <--[C236] DL_GetCount
[0000475] [16:01:21:916323] [Tid0x00001620] [debug] -->[C237] DL_Rom_GetInfoAll #./api/api.cpp (line:2752)
[0000476] [16:01:21:917323] [Tid0x00001620] [debug] <--[C237] DL_Rom_GetInfoAll
[0000477] [16:01:21:917323] [Tid0x00001620] [debug] -->[C238] DL_Rom_SetEnableAttr #./api/api.cpp (line:2806)
[0000478] [16:01:21:917323] [Tid0x00001620] [debug] <--[C238] DL_Rom_SetEnableAttr
[0000479] [16:01:21:917323] [Tid0x00001620] [debug] -->[C239] DL_GetCount #./api/api.cpp (line:2587)
[0000480] [16:01:21:917323] [Tid0x00001620] [debug] <--[C239] DL_GetCount
[0000481] [16:01:21:917323] [Tid0x00001620] [debug] -->[C240] DL_Rom_GetInfoAll #./api/api.cpp (line:2752)
[0000482] [16:01:21:918323] [Tid0x00001620] [debug] <--[C240] DL_Rom_GetInfoAll
[0000483] [16:01:21:918323] [Tid0x00001620] [debug] -->[C241] DL_Rom_SetEnableAttr #./api/api.cpp (line:2806)
[0000484] [16:01:21:918323] [Tid0x00001620] [debug] <--[C241] DL_Rom_SetEnableAttr
[0000485] [16:01:21:918323] [Tid0x00001620] [debug] -->[C242] DL_GetCount #./api/api.cpp (line:2587)
[0000486] [16:01:21:918323] [Tid0x00001620] [debug] <--[C242] DL_GetCount
[0000487] [16:01:21:918323] [Tid0x00001620] [debug] -->[C243] DL_Rom_GetInfoAll #./api/api.cpp (line:2752)
[0000488] [16:01:21:918323] [Tid0x00001620] [debug] <--[C243] DL_Rom_GetInfoAll
[0000489] [16:01:21:919323] [Tid0x00001620] [debug] -->[C244] DL_Rom_SetEnableAttr #./api/api.cpp (line:2806)
[0000490] [16:01:21:919323] [Tid0x00001620] [debug] <--[C244] DL_Rom_SetEnableAttr
[0000491] [16:01:21:919323] [Tid0x00001620] [debug] -->[C245] DL_GetCount #./api/api.cpp (line:2587)
[0000492] [16:01:21:919323] [Tid0x00001620] [debug] <--[C245] DL_GetCount
[0000493] [16:01:21:919323] [Tid0x00001620] [debug] -->[C246] DL_Rom_GetInfoAll #./api/api.cpp (line:2752)
[0000494] [16:01:21:919323] [Tid0x00001620] [debug] <--[C246] DL_Rom_GetInfoAll
[0000495] [16:01:21:919323] [Tid0x00001620] [debug] -->[C247] DL_Rom_SetEnableAttr #./api/api.cpp (line:2806)
[0000496] [16:01:21:919323] [Tid0x00001620] [debug] <--[C247] DL_Rom_SetEnableAttr
[0000497] [16:01:21:920323] [Tid0x00001620] [debug] -->[C248] DL_GetCount #./api/api.cpp (line:2587)
[0000498] [16:01:21:920323] [Tid0x00001620] [debug] <--[C248] DL_GetCount
[0000499] [16:01:21:920323] [Tid0x00001620] [debug] -->[C249] DL_Rom_GetInfoAll #./api/api.cpp (line:2752)
[0000500] [16:01:21:920323] [Tid0x00001620] [debug] <--[C249] DL_Rom_GetInfoAll
[0000501] [16:01:21:920323] [Tid0x00001620] [debug] -->[C250] DL_Rom_SetEnableAttr #./api/api.cpp (line:2806)
[0000502] [16:01:21:920323] [Tid0x00001620] [debug] <--[C250] DL_Rom_SetEnableAttr
[0000503] [16:01:21:921323] [Tid0x00001620] [debug] -->[C251] DL_GetCount #./api/api.cpp (line:2587)
[0000504] [16:01:21:921323] [Tid0x00001620] [debug] <--[C251] DL_GetCount
[0000505] [16:01:21:921323] [Tid0x00001620] [debug] -->[C252] DL_Rom_GetInfoAll #./api/api.cpp (line:2752)
[0000506] [16:01:21:921323] [Tid0x00001620] [debug] <--[C252] DL_Rom_GetInfoAll
[0000507] [16:01:21:921323] [Tid0x00001620] [debug] -->[C253] DL_Rom_SetEnableAttr #./api/api.cpp (line:2806)
[0000508] [16:01:21:921323] [Tid0x00001620] [debug] <--[C253] DL_Rom_SetEnableAttr
[0000509] [16:01:21:921323] [Tid0x00001620] [debug] -->[C254] DL_GetCount #./api/api.cpp (line:2587)
[0000510] [16:01:21:921323] [Tid0x00001620] [debug] <--[C254] DL_GetCount
[0000511] [16:01:21:921323] [Tid0x00001620] [debug] -->[C255] DL_Rom_GetInfoAll #./api/api.cpp (line:2752)
[0000512] [16:01:21:921323] [Tid0x00001620] [debug] <--[C255] DL_Rom_GetInfoAll
[0000513] [16:01:21:921323] [Tid0x00001620] [debug] -->[C256] DL_Rom_SetEnableAttr #./api/api.cpp (line:2806)
[0000514] [16:01:21:922323] [Tid0x00001620] [debug] <--[C256] DL_Rom_SetEnableAttr
[0000515] [16:01:21:922323] [Tid0x00001620] [debug] -->[C257] DL_GetCount #./api/api.cpp (line:2587)
[0000516] [16:01:21:922323] [Tid0x00001620] [debug] <--[C257] DL_GetCount
[0000517] [16:01:21:922323] [Tid0x00001620] [debug] -->[C258] DL_Rom_GetInfoAll #./api/api.cpp (line:2752)
[0000518] [16:01:21:922323] [Tid0x00001620] [debug] <--[C258] DL_Rom_GetInfoAll
[0000519] [16:01:21:922323] [Tid0x00001620] [debug] -->[C259] DL_Rom_SetEnableAttr #./api/api.cpp (line:2806)
[0000520] [16:01:21:922323] [Tid0x00001620] [debug] <--[C259] DL_Rom_SetEnableAttr
[0000521] [16:01:21:922323] [Tid0x00001620] [debug] -->[C260] DL_GetCount #./api/api.cpp (line:2587)
[0000522] [16:01:21:922323] [Tid0x00001620] [debug] <--[C260] DL_GetCount
[0000523] [16:01:21:922323] [Tid0x00001620] [debug] -->[C261] DL_Rom_GetInfoAll #./api/api.cpp (line:2752)
[0000524] [16:01:21:922323] [Tid0x00001620] [debug] <--[C261] DL_Rom_GetInfoAll
[0000525] [16:01:21:923323] [Tid0x00001620] [debug] -->[C262] DL_Rom_SetEnableAttr #./api/api.cpp (line:2806)
[0000526] [16:01:21:923323] [Tid0x00001620] [debug] <--[C262] DL_Rom_SetEnableAttr
[0000527] [16:01:21:923323] [Tid0x00001620] [debug] -->[C263] DL_GetCount #./api/api.cpp (line:2587)
[0000528] [16:01:21:923323] [Tid0x00001620] [debug] <--[C263] DL_GetCount
[0000529] [16:01:21:923323] [Tid0x00001620] [debug] -->[C264] DL_Rom_GetInfoAll #./api/api.cpp (line:2752)
[0000530] [16:01:21:923323] [Tid0x00001620] [debug] <--[C264] DL_Rom_GetInfoAll
[0000531] [16:01:21:923323] [Tid0x00001620] [debug] -->[C265] DL_Rom_SetEnableAttr #./api/api.cpp (line:2806)
[0000532] [16:01:21:923323] [Tid0x00001620] [debug] <--[C265] DL_Rom_SetEnableAttr
[0000533] [16:01:21:924323] [Tid0x00001620] [debug] -->[C266] DL_GetCount #./api/api.cpp (line:2587)
[0000534] [16:01:21:924323] [Tid0x00001620] [debug] <--[C266] DL_GetCount
[0000535] [16:01:21:924323] [Tid0x00001620] [debug] -->[C267] DL_Rom_GetInfoAll #./api/api.cpp (line:2752)
[0000536] [16:01:21:924323] [Tid0x00001620] [debug] <--[C267] DL_Rom_GetInfoAll
[0000537] [16:01:21:924323] [Tid0x00001620] [debug] -->[C268] DL_Rom_SetEnableAttr #./api/api.cpp (line:2806)
[0000538] [16:01:21:924323] [Tid0x00001620] [debug] <--[C268] DL_Rom_SetEnableAttr
[0000539] [16:01:21:925323] [Tid0x00001620] [debug] -->[C269] DL_GetCount #./api/api.cpp (line:2587)
[0000540] [16:01:21:925323] [Tid0x00001620] [debug] <--[C269] DL_GetCount
[0000541] [16:01:21:925323] [Tid0x00001620] [debug] -->[C270] DL_Rom_GetInfoAll #./api/api.cpp (line:2752)
[0000542] [16:01:21:925323] [Tid0x00001620] [debug] <--[C270] DL_Rom_GetInfoAll
[0000543] [16:01:21:925323] [Tid0x00001620] [debug] -->[C271] DL_Rom_SetEnableAttr #./api/api.cpp (line:2806)
[0000544] [16:01:21:925323] [Tid0x00001620] [debug] <--[C271] DL_Rom_SetEnableAttr
[0000545] [16:01:21:925323] [Tid0x00001620] [debug] -->[C272] DL_GetCount #./api/api.cpp (line:2587)
[0000546] [16:01:21:925323] [Tid0x00001620] [debug] <--[C272] DL_GetCount
[0000547] [16:01:21:925323] [Tid0x00001620] [debug] -->[C273] DL_Rom_GetInfoAll #./api/api.cpp (line:2752)
[0000548] [16:01:21:925323] [Tid0x00001620] [debug] <--[C273] DL_Rom_GetInfoAll
[0000549] [16:01:21:925323] [Tid0x00001620] [debug] -->[C274] DL_Rom_SetEnableAttr #./api/api.cpp (line:2806)
[0000550] [16:01:21:925323] [Tid0x00001620] [debug] <--[C274] DL_Rom_SetEnableAttr
[0000551] [16:01:21:926323] [Tid0x00001620] [debug] -->[C275] DL_GetCount #./api/api.cpp (line:2587)
[0000552] [16:01:21:926323] [Tid0x00001620] [debug] <--[C275] DL_GetCount
[0000553] [16:01:21:926323] [Tid0x00001620] [debug] -->[C276] DL_Rom_GetInfoAll #./api/api.cpp (line:2752)
[0000554] [16:01:21:926323] [Tid0x00001620] [debug] <--[C276] DL_Rom_GetInfoAll
[0000555] [16:01:21:926323] [Tid0x00001620] [debug] -->[C277] DL_Rom_SetEnableAttr #./api/api.cpp (line:2806)
[0000556] [16:01:21:926323] [Tid0x00001620] [debug] <--[C277] DL_Rom_SetEnableAttr
[0000557] [16:01:21:927323] [Tid0x00001620] [debug] -->[C278] DL_GetCount #./api/api.cpp (line:2587)
[0000558] [16:01:21:927323] [Tid0x00001620] [debug] <--[C278] DL_GetCount
[0000559] [16:01:21:927323] [Tid0x00001620] [debug] -->[C279] DL_Rom_GetInfoAll #./api/api.cpp (line:2752)
[0000560] [16:01:21:927323] [Tid0x00001620] [debug] <--[C279] DL_Rom_GetInfoAll
[0000561] [16:01:21:927323] [Tid0x00001620] [debug] -->[C280] DL_Rom_SetEnableAttr #./api/api.cpp (line:2806)
[0000562] [16:01:21:927323] [Tid0x00001620] [debug] <--[C280] DL_Rom_SetEnableAttr
[0000563] [16:01:21:927323] [Tid0x00001620] [debug] -->[C281] DL_GetCount #./api/api.cpp (line:2587)
[0000564] [16:01:21:927323] [Tid0x00001620] [debug] <--[C281] DL_GetCount
[0000565] [16:01:21:927323] [Tid0x00001620] [debug] -->[C282] DL_Rom_GetInfoAll #./api/api.cpp (line:2752)
[0000566] [16:01:21:927323] [Tid0x00001620] [debug] <--[C282] DL_Rom_GetInfoAll
[0000567] [16:01:21:928323] [Tid0x00001620] [debug] -->[C283] DL_Rom_SetEnableAttr #./api/api.cpp (line:2806)
[0000568] [16:01:21:928323] [Tid0x00001620] [debug] <--[C283] DL_Rom_SetEnableAttr
[0000569] [16:01:21:928323] [Tid0x00001620] [debug] -->[C284] DL_GetCount #./api/api.cpp (line:2587)
[0000570] [16:01:21:928323] [Tid0x00001620] [debug] <--[C284] DL_GetCount
[0000571] [16:01:21:928323] [Tid0x00001620] [debug] -->[C285] DL_Rom_GetInfoAll #./api/api.cpp (line:2752)
[0000572] [16:01:21:928323] [Tid0x00001620] [debug] <--[C285] DL_Rom_GetInfoAll
[0000573] [16:01:21:928323] [Tid0x00001620] [debug] -->[C286] DL_Rom_SetEnableAttr #./api/api.cpp (line:2806)
[0000574] [16:01:21:928323] [Tid0x00001620] [debug] <--[C286] DL_Rom_SetEnableAttr
[0000575] [16:01:21:929323] [Tid0x00001620] [debug] -->[C287] DL_GetCount #./api/api.cpp (line:2587)
[0000576] [16:01:21:929323] [Tid0x00001620] [debug] <--[C287] DL_GetCount
[0000577] [16:01:21:929323] [Tid0x00001620] [debug] -->[C288] DL_Rom_GetInfoAll #./api/api.cpp (line:2752)
[0000578] [16:01:21:929323] [Tid0x00001620] [debug] <--[C288] DL_Rom_GetInfoAll
[0000579] [16:01:21:929323] [Tid0x00001620] [debug] -->[C289] DL_Rom_SetEnableAttr #./api/api.cpp (line:2806)
[0000580] [16:01:21:929323] [Tid0x00001620] [debug] <--[C289] DL_Rom_SetEnableAttr
[0000581] [16:01:21:930323] [Tid0x00001620] [debug] -->[C290] DL_GetCount #./api/api.cpp (line:2587)
[0000582] [16:01:21:930323] [Tid0x00001620] [debug] <--[C290] DL_GetCount
[0000583] [16:01:21:930323] [Tid0x00001620] [debug] -->[C291] DL_Rom_GetInfoAll #./api/api.cpp (line:2752)
[0000584] [16:01:21:930323] [Tid0x00001620] [debug] <--[C291] DL_Rom_GetInfoAll
[0000585] [16:01:21:930323] [Tid0x00001620] [debug] -->[C292] DL_Rom_SetEnableAttr #./api/api.cpp (line:2806)
[0000586] [16:01:21:930323] [Tid0x00001620] [debug] <--[C292] DL_Rom_SetEnableAttr
[0000587] [16:01:21:930323] [Tid0x00001620] [debug] -->[C293] DL_GetCount #./api/api.cpp (line:2587)
[0000588] [16:01:21:930323] [Tid0x00001620] [debug] <--[C293] DL_GetCount
[0000589] [16:01:21:930323] [Tid0x00001620] [debug] -->[C294] DL_Rom_GetInfoAll #./api/api.cpp (line:2752)
[0000590] [16:01:21:931323] [Tid0x00001620] [debug] <--[C294] DL_Rom_GetInfoAll
[0000591] [16:01:21:931323] [Tid0x00001620] [debug] -->[C295] DL_Rom_SetEnableAttr #./api/api.cpp (line:2806)
[0000592] [16:01:21:931323] [Tid0x00001620] [debug] <--[C295] DL_Rom_SetEnableAttr
[0000593] [16:01:21:931323] [Tid0x00001620] [debug] -->[C296] DL_GetCount #./api/api.cpp (line:2587)
[0000594] [16:01:21:931323] [Tid0x00001620] [debug] <--[C296] DL_GetCount
[0000595] [16:01:21:932323] [Tid0x00001620] [debug] -->[C297] DL_Rom_GetInfoAll #./api/api.cpp (line:2752)
[0000596] [16:01:21:932323] [Tid0x00001620] [debug] <--[C297] DL_Rom_GetInfoAll
[0000597] [16:01:21:932323] [Tid0x00001620] [debug] -->[C298] DL_Rom_SetEnableAttr #./api/api.cpp (line:2806)
[0000598] [16:01:21:932323] [Tid0x00001620] [debug] <--[C298] DL_Rom_SetEnableAttr
[0000599] [16:01:21:932323] [Tid0x00001620] [debug] -->[C299] DL_GetCount #./api/api.cpp (line:2587)
[0000600] [16:01:21:933323] [Tid0x00001620] [debug] <--[C299] DL_GetCount
[0000601] [16:01:21:933323] [Tid0x00001620] [debug] -->[C300] DL_Rom_GetInfoAll #./api/api.cpp (line:2752)
[0000602] [16:01:21:933323] [Tid0x00001620] [debug] <--[C300] DL_Rom_GetInfoAll
[0000603] [16:01:21:933323] [Tid0x00001620] [debug] -->[C301] DL_Rom_SetEnableAttr #./api/api.cpp (line:2806)
[0000604] [16:01:21:933323] [Tid0x00001620] [debug] <--[C301] DL_Rom_SetEnableAttr
[0000605] [16:01:21:933323] [Tid0x00001620] [debug] -->[C302] DL_GetCount #./api/api.cpp (line:2587)
[0000606] [16:01:21:933323] [Tid0x00001620] [debug] <--[C302] DL_GetCount
[0000607] [16:01:21:933323] [Tid0x00001620] [debug] -->[C303] DL_Rom_GetInfoAll #./api/api.cpp (line:2752)
[0000608] [16:01:21:933323] [Tid0x00001620] [debug] <--[C303] DL_Rom_GetInfoAll
[0000609] [16:01:21:934323] [Tid0x00001620] [debug] -->[C304] DL_Rom_SetEnableAttr #./api/api.cpp (line:2806)
[0000610] [16:01:21:934323] [Tid0x00001620] [debug] <--[C304] DL_Rom_SetEnableAttr
[0000611] [16:01:21:934323] [Tid0x00001620] [debug] -->[C305] DL_GetCount #./api/api.cpp (line:2587)
[0000612] [16:01:21:934323] [Tid0x00001620] [debug] <--[C305] DL_GetCount
[0000613] [16:01:21:934323] [Tid0x00001620] [debug] -->[C306] DL_Rom_GetInfoAll #./api/api.cpp (line:2752)
[0000614] [16:01:21:934323] [Tid0x00001620] [debug] <--[C306] DL_Rom_GetInfoAll
[0000615] [16:01:21:934323] [Tid0x00001620] [debug] -->[C307] DL_Rom_SetEnableAttr #./api/api.cpp (line:2806)
[0000616] [16:01:21:934323] [Tid0x00001620] [debug] <--[C307] DL_Rom_SetEnableAttr
[0000617] [16:01:21:935323] [Tid0x00001620] [debug] -->[C308] DL_GetCount #./api/api.cpp (line:2587)
[0000618] [16:01:21:935323] [Tid0x00001620] [debug] <--[C308] DL_GetCount
[0000619] [16:01:21:935323] [Tid0x00001620] [debug] -->[C309] DL_Rom_GetInfoAll #./api/api.cpp (line:2752)
[0000620] [16:01:21:935323] [Tid0x00001620] [debug] <--[C309] DL_Rom_GetInfoAll
[0000621] [16:01:21:935323] [Tid0x00001620] [debug] -->[C310] DL_Rom_SetEnableAttr #./api/api.cpp (line:2806)
[0000622] [16:01:21:935323] [Tid0x00001620] [debug] <--[C310] DL_Rom_SetEnableAttr
[0000623] [16:01:21:936323] [Tid0x00001620] [debug] -->[C311] DL_GetCount #./api/api.cpp (line:2587)
[0000624] [16:01:21:936323] [Tid0x00001620] [debug] <--[C311] DL_GetCount
[0000625] [16:01:21:936323] [Tid0x00001620] [debug] -->[C312] DL_Rom_GetInfoAll #./api/api.cpp (line:2752)
[0000626] [16:01:21:936323] [Tid0x00001620] [debug] <--[C312] DL_Rom_GetInfoAll
[0000627] [16:01:21:936323] [Tid0x00001620] [debug] -->[C313] DL_Rom_SetEnableAttr #./api/api.cpp (line:2806)
[0000628] [16:01:21:936323] [Tid0x00001620] [debug] <--[C313] DL_Rom_SetEnableAttr
[0000629] [16:01:21:936323] [Tid0x00001620] [debug] -->[C314] DL_GetCount #./api/api.cpp (line:2587)
[0000630] [16:01:21:936323] [Tid0x00001620] [debug] <--[C314] DL_GetCount
[0000631] [16:01:21:936323] [Tid0x00001620] [debug] -->[C315] DL_Rom_GetInfoAll #./api/api.cpp (line:2752)
[0000632] [16:01:21:936323] [Tid0x00001620] [debug] <--[C315] DL_Rom_GetInfoAll
[0000633] [16:01:21:936323] [Tid0x00001620] [debug] -->[C316] DL_Rom_SetEnableAttr #./api/api.cpp (line:2806)
[0000634] [16:01:21:936323] [Tid0x00001620] [debug] <--[C316] DL_Rom_SetEnableAttr
[0000635] [16:01:21:937323] [Tid0x00001620] [debug] -->[C317] DL_GetCount #./api/api.cpp (line:2587)
[0000636] [16:01:21:937323] [Tid0x00001620] [debug] <--[C317] DL_GetCount
[0000637] [16:01:21:937323] [Tid0x00001620] [debug] -->[C318] DL_Rom_GetInfoAll #./api/api.cpp (line:2752)
[0000638] [16:01:21:937323] [Tid0x00001620] [debug] <--[C318] DL_Rom_GetInfoAll
[0000639] [16:01:21:937323] [Tid0x00001620] [debug] -->[C319] DL_Rom_SetEnableAttr #./api/api.cpp (line:2806)
[0000640] [16:01:21:937323] [Tid0x00001620] [debug] <--[C319] DL_Rom_SetEnableAttr
[0000641] [16:01:21:937323] [Tid0x00001620] [debug] -->[C320] DL_GetCount #./api/api.cpp (line:2587)
[0000642] [16:01:21:938323] [Tid0x00001620] [debug] <--[C320] DL_GetCount
[0000643] [16:01:21:938323] [Tid0x00001620] [debug] -->[C321] DL_Rom_GetInfoAll #./api/api.cpp (line:2752)
[0000644] [16:01:21:938323] [Tid0x00001620] [debug] <--[C321] DL_Rom_GetInfoAll
[0000645] [16:01:21:938323] [Tid0x00001620] [debug] -->[C322] DL_Rom_SetEnableAttr #./api/api.cpp (line:2806)
[0000646] [16:01:21:938323] [Tid0x00001620] [debug] <--[C322] DL_Rom_SetEnableAttr
[0000647] [16:01:21:938323] [Tid0x00001620] [debug] -->[C323] DL_GetCount #./api/api.cpp (line:2587)
[0000648] [16:01:21:938323] [Tid0x00001620] [debug] <--[C323] DL_GetCount
[0000649] [16:01:21:938323] [Tid0x00001620] [debug] -->[C324] DL_Rom_GetInfoAll #./api/api.cpp (line:2752)
[0000650] [16:01:21:938323] [Tid0x00001620] [debug] <--[C324] DL_Rom_GetInfoAll
[0000651] [16:01:21:938323] [Tid0x00001620] [debug] -->[C325] DL_Rom_SetEnableAttr #./api/api.cpp (line:2806)
[0000652] [16:01:21:938323] [Tid0x00001620] [debug] <--[C325] DL_Rom_SetEnableAttr
[0000653] [16:01:21:939323] [Tid0x00001620] [debug] -->[C326] DL_GetCount #./api/api.cpp (line:2587)
[0000654] [16:01:21:939323] [Tid0x00001620] [debug] <--[C326] DL_GetCount
[0000655] [16:01:21:939323] [Tid0x00001620] [debug] -->[C327] DL_Rom_GetInfoAll #./api/api.cpp (line:2752)
[0000656] [16:01:21:939323] [Tid0x00001620] [debug] <--[C327] DL_Rom_GetInfoAll
[0000657] [16:01:21:939323] [Tid0x00001620] [debug] -->[C328] DL_Rom_SetEnableAttr #./api/api.cpp (line:2806)
[0000658] [16:01:21:939323] [Tid0x00001620] [debug] <--[C328] DL_Rom_SetEnableAttr
[0000659] [16:01:21:939323] [Tid0x00001620] [debug] -->[C329] DL_SetChecksumLevel #./api/api.cpp (line:2516)
[0000660] [16:01:21:939323] [Tid0x00001620] [debug] <--[C329] DL_SetChecksumLevel
[0000661] [16:03:56:658323] [Tid0x00001620] [debug] -->[C330] DL_GetCount #./api/api.cpp (line:2587)
[0000662] [16:03:56:658323] [Tid0x00001620] [debug] <--[C330] DL_GetCount
[0000663] [16:03:56:658323] [Tid0x00001620] [debug] -->[C331] DL_Rom_GetInfoAll #./api/api.cpp (line:2752)
[0000664] [16:03:56:658323] [Tid0x00001620] [debug] <--[C331] DL_Rom_GetInfoAll
