[0000001] [16:27:38:338900] [Tid0x00002354] [debug] -->[C1] DL_LoadScatter #./api/api.cpp (line:2474)
[0000002] [16:27:38:385700] [Tid0x00002354] [debug] used lib version: 1
[0000003] [16:27:38:385700] [Tid0x00002354] [debug] <--[C1] DL_LoadScatter
[0000004] [16:27:38:385700] [Tid0x00002354] [debug] -->[C2] DL_AutoLoadRomImages #./api/api.cpp (line:2667)
[0000005] [16:27:39:196900] [Tid0x00002354] [debug] <--[C2] DL_AutoLoadRomImages
[0000006] [16:27:39:228100] [Tid0x00001c98] [debug] -->[C3] DL_GetCount #./api/api.cpp (line:2587)
[0000007] [16:27:39:228100] [Tid0x00001c98] [debug] <--[C3] DL_GetCount
[0000008] [16:27:39:228100] [Tid0x00001c98] [debug] -->[C4] DL_Rom_GetInfoAll #./api/api.cpp (line:2752)
[0000009] [16:27:39:228100] [Tid0x00001c98] [debug] <--[C4] DL_Rom_GetInfoAll
[0000010] [16:27:39:228100] [Tid0x00001c98] [debug] -->[C5] DL_GetScatterInfo #./api/api.cpp (line:2688)
[0000011] [16:27:39:228100] [Tid0x00001c98] [debug] <--[C5] DL_GetScatterInfo
[0000012] [16:27:39:228100] [Tid0x00001c98] [debug] -->[C6] DL_GetCount #./api/api.cpp (line:2587)
[0000013] [16:27:39:228100] [Tid0x00001c98] [debug] <--[C6] DL_GetCount
[0000014] [16:27:39:228100] [Tid0x00001c98] [debug] -->[C7] DL_Rom_GetInfoAll #./api/api.cpp (line:2752)
[0000015] [16:27:39:228100] [Tid0x00001c98] [debug] <--[C7] DL_Rom_GetInfoAll
[0000016] [16:27:39:243700] [Tid0x00001c98] [debug] -->[C8] DL_Rom_SetEnableAttr #./api/api.cpp (line:2806)
[0000017] [16:27:39:243700] [Tid0x00001c98] [debug] <--[C8] DL_Rom_SetEnableAttr
[0000018] [16:27:39:243700] [Tid0x00001c98] [debug] -->[C9] DL_GetCount #./api/api.cpp (line:2587)
[0000019] [16:27:39:243700] [Tid0x00001c98] [debug] <--[C9] DL_GetCount
[0000020] [16:27:39:243700] [Tid0x00001c98] [debug] -->[C10] DL_Rom_GetInfoAll #./api/api.cpp (line:2752)
[0000021] [16:27:39:243700] [Tid0x00001c98] [debug] <--[C10] DL_Rom_GetInfoAll
[0000022] [16:27:39:243700] [Tid0x00001c98] [debug] -->[C11] DL_Rom_SetEnableAttr #./api/api.cpp (line:2806)
[0000023] [16:27:39:243700] [Tid0x00001c98] [debug] <--[C11] DL_Rom_SetEnableAttr
[0000024] [16:27:39:243700] [Tid0x00001c98] [debug] -->[C12] DL_GetCount #./api/api.cpp (line:2587)
[0000025] [16:27:39:243700] [Tid0x00001c98] [debug] <--[C12] DL_GetCount
[0000026] [16:27:39:243700] [Tid0x00001c98] [debug] -->[C13] DL_Rom_GetInfoAll #./api/api.cpp (line:2752)
[0000027] [16:27:39:243700] [Tid0x00001c98] [debug] <--[C13] DL_Rom_GetInfoAll
[0000028] [16:27:39:243700] [Tid0x00001c98] [debug] -->[C14] DL_Rom_SetEnableAttr #./api/api.cpp (line:2806)
[0000029] [16:27:39:243700] [Tid0x00001c98] [debug] <--[C14] DL_Rom_SetEnableAttr
[0000030] [16:27:39:243700] [Tid0x00001c98] [debug] -->[C15] DL_GetCount #./api/api.cpp (line:2587)
[0000031] [16:27:39:243700] [Tid0x00001c98] [debug] <--[C15] DL_GetCount
[0000032] [16:27:39:243700] [Tid0x00001c98] [debug] -->[C16] DL_Rom_GetInfoAll #./api/api.cpp (line:2752)
[0000033] [16:27:39:243700] [Tid0x00001c98] [debug] <--[C16] DL_Rom_GetInfoAll
[0000034] [16:27:39:243700] [Tid0x00001c98] [debug] -->[C17] DL_Rom_SetEnableAttr #./api/api.cpp (line:2806)
[0000035] [16:27:39:243700] [Tid0x00001c98] [debug] <--[C17] DL_Rom_SetEnableAttr
[0000036] [16:27:39:243700] [Tid0x00001c98] [debug] -->[C18] DL_GetCount #./api/api.cpp (line:2587)
[0000037] [16:27:39:243700] [Tid0x00001c98] [debug] <--[C18] DL_GetCount
[0000038] [16:27:39:243700] [Tid0x00001c98] [debug] -->[C19] DL_Rom_GetInfoAll #./api/api.cpp (line:2752)
[0000039] [16:27:39:243700] [Tid0x00001c98] [debug] <--[C19] DL_Rom_GetInfoAll
[0000040] [16:27:39:243700] [Tid0x00001c98] [debug] -->[C20] DL_Rom_SetEnableAttr #./api/api.cpp (line:2806)
[0000041] [16:27:39:243700] [Tid0x00001c98] [debug] <--[C20] DL_Rom_SetEnableAttr
[0000042] [16:27:39:243700] [Tid0x00001c98] [debug] -->[C21] DL_GetCount #./api/api.cpp (line:2587)
[0000043] [16:27:39:243700] [Tid0x00001c98] [debug] <--[C21] DL_GetCount
[0000044] [16:27:39:243700] [Tid0x00001c98] [debug] -->[C22] DL_Rom_GetInfoAll #./api/api.cpp (line:2752)
[0000045] [16:27:39:243700] [Tid0x00001c98] [debug] <--[C22] DL_Rom_GetInfoAll
[0000046] [16:27:39:243700] [Tid0x00001c98] [debug] -->[C23] DL_Rom_SetEnableAttr #./api/api.cpp (line:2806)
[0000047] [16:27:39:243700] [Tid0x00001c98] [debug] <--[C23] DL_Rom_SetEnableAttr
[0000048] [16:27:39:243700] [Tid0x00001c98] [debug] -->[C24] DL_GetCount #./api/api.cpp (line:2587)
[0000049] [16:27:39:243700] [Tid0x00001c98] [debug] <--[C24] DL_GetCount
[0000050] [16:27:39:243700] [Tid0x00001c98] [debug] -->[C25] DL_Rom_GetInfoAll #./api/api.cpp (line:2752)
[0000051] [16:27:39:243700] [Tid0x00001c98] [debug] <--[C25] DL_Rom_GetInfoAll
[0000052] [16:27:39:259300] [Tid0x00001c98] [debug] -->[C26] DL_Rom_SetEnableAttr #./api/api.cpp (line:2806)
[0000053] [16:27:39:259300] [Tid0x00001c98] [debug] <--[C26] DL_Rom_SetEnableAttr
[0000054] [16:27:39:259300] [Tid0x00001c98] [debug] -->[C27] DL_GetCount #./api/api.cpp (line:2587)
[0000055] [16:27:39:259300] [Tid0x00001c98] [debug] <--[C27] DL_GetCount
[0000056] [16:27:39:259300] [Tid0x00001c98] [debug] -->[C28] DL_Rom_GetInfoAll #./api/api.cpp (line:2752)
[0000057] [16:27:39:259300] [Tid0x00001c98] [debug] <--[C28] DL_Rom_GetInfoAll
[0000058] [16:27:39:259300] [Tid0x00001c98] [debug] -->[C29] DL_Rom_SetEnableAttr #./api/api.cpp (line:2806)
[0000059] [16:27:39:259300] [Tid0x00001c98] [debug] <--[C29] DL_Rom_SetEnableAttr
[0000060] [16:27:39:259300] [Tid0x00001c98] [debug] -->[C30] DL_GetCount #./api/api.cpp (line:2587)
[0000061] [16:27:39:259300] [Tid0x00001c98] [debug] <--[C30] DL_GetCount
[0000062] [16:27:39:259300] [Tid0x00001c98] [debug] -->[C31] DL_Rom_GetInfoAll #./api/api.cpp (line:2752)
[0000063] [16:27:39:259300] [Tid0x00001c98] [debug] <--[C31] DL_Rom_GetInfoAll
[0000064] [16:27:39:259300] [Tid0x00001c98] [debug] -->[C32] DL_Rom_SetEnableAttr #./api/api.cpp (line:2806)
[0000065] [16:27:39:259300] [Tid0x00001c98] [debug] <--[C32] DL_Rom_SetEnableAttr
[0000066] [16:27:39:259300] [Tid0x00001c98] [debug] -->[C33] DL_GetCount #./api/api.cpp (line:2587)
[0000067] [16:27:39:259300] [Tid0x00001c98] [debug] <--[C33] DL_GetCount
[0000068] [16:27:39:259300] [Tid0x00001c98] [debug] -->[C34] DL_Rom_GetInfoAll #./api/api.cpp (line:2752)
[0000069] [16:27:39:259300] [Tid0x00001c98] [debug] <--[C34] DL_Rom_GetInfoAll
[0000070] [16:27:39:259300] [Tid0x00001c98] [debug] -->[C35] DL_Rom_SetEnableAttr #./api/api.cpp (line:2806)
[0000071] [16:27:39:259300] [Tid0x00001c98] [debug] <--[C35] DL_Rom_SetEnableAttr
[0000072] [16:27:39:259300] [Tid0x00001c98] [debug] -->[C36] DL_GetCount #./api/api.cpp (line:2587)
[0000073] [16:27:39:259300] [Tid0x00001c98] [debug] <--[C36] DL_GetCount
[0000074] [16:27:39:259300] [Tid0x00001c98] [debug] -->[C37] DL_Rom_GetInfoAll #./api/api.cpp (line:2752)
[0000075] [16:27:39:259300] [Tid0x00001c98] [debug] <--[C37] DL_Rom_GetInfoAll
[0000076] [16:27:39:259300] [Tid0x00001c98] [debug] -->[C38] DL_Rom_SetEnableAttr #./api/api.cpp (line:2806)
[0000077] [16:27:39:259300] [Tid0x00001c98] [debug] <--[C38] DL_Rom_SetEnableAttr
[0000078] [16:27:39:259300] [Tid0x00001c98] [debug] -->[C39] DL_GetCount #./api/api.cpp (line:2587)
[0000079] [16:27:39:259300] [Tid0x00001c98] [debug] <--[C39] DL_GetCount
[0000080] [16:27:39:259300] [Tid0x00001c98] [debug] -->[C40] DL_Rom_GetInfoAll #./api/api.cpp (line:2752)
[0000081] [16:27:39:259300] [Tid0x00001c98] [debug] <--[C40] DL_Rom_GetInfoAll
[0000082] [16:27:39:259300] [Tid0x00001c98] [debug] -->[C41] DL_Rom_SetEnableAttr #./api/api.cpp (line:2806)
[0000083] [16:27:39:259300] [Tid0x00001c98] [debug] <--[C41] DL_Rom_SetEnableAttr
[0000084] [16:27:39:259300] [Tid0x00001c98] [debug] -->[C42] DL_GetCount #./api/api.cpp (line:2587)
[0000085] [16:27:39:259300] [Tid0x00001c98] [debug] <--[C42] DL_GetCount
[0000086] [16:27:39:259300] [Tid0x00001c98] [debug] -->[C43] DL_Rom_GetInfoAll #./api/api.cpp (line:2752)
[0000087] [16:27:39:259300] [Tid0x00001c98] [debug] <--[C43] DL_Rom_GetInfoAll
[0000088] [16:27:39:259300] [Tid0x00001c98] [debug] -->[C44] DL_Rom_SetEnableAttr #./api/api.cpp (line:2806)
[0000089] [16:27:39:259300] [Tid0x00001c98] [debug] <--[C44] DL_Rom_SetEnableAttr
[0000090] [16:27:39:259300] [Tid0x00001c98] [debug] -->[C45] DL_GetCount #./api/api.cpp (line:2587)
[0000091] [16:27:39:259300] [Tid0x00001c98] [debug] <--[C45] DL_GetCount
[0000092] [16:27:39:259300] [Tid0x00001c98] [debug] -->[C46] DL_Rom_GetInfoAll #./api/api.cpp (line:2752)
[0000093] [16:27:39:259300] [Tid0x00001c98] [debug] <--[C46] DL_Rom_GetInfoAll
[0000094] [16:27:39:259300] [Tid0x00001c98] [debug] -->[C47] DL_Rom_SetEnableAttr #./api/api.cpp (line:2806)
[0000095] [16:27:39:259300] [Tid0x00001c98] [debug] <--[C47] DL_Rom_SetEnableAttr
[0000096] [16:27:39:259300] [Tid0x00001c98] [debug] -->[C48] DL_GetCount #./api/api.cpp (line:2587)
[0000097] [16:27:39:259300] [Tid0x00001c98] [debug] <--[C48] DL_GetCount
[0000098] [16:27:39:259300] [Tid0x00001c98] [debug] -->[C49] DL_Rom_GetInfoAll #./api/api.cpp (line:2752)
[0000099] [16:27:39:259300] [Tid0x00001c98] [debug] <--[C49] DL_Rom_GetInfoAll
[0000100] [16:27:39:259300] [Tid0x00001c98] [debug] -->[C50] DL_Rom_SetEnableAttr #./api/api.cpp (line:2806)
[0000101] [16:27:39:259300] [Tid0x00001c98] [debug] <--[C50] DL_Rom_SetEnableAttr
[0000102] [16:27:39:259300] [Tid0x00001c98] [debug] -->[C51] DL_GetCount #./api/api.cpp (line:2587)
[0000103] [16:27:39:259300] [Tid0x00001c98] [debug] <--[C51] DL_GetCount
[0000104] [16:27:39:259300] [Tid0x00001c98] [debug] -->[C52] DL_Rom_GetInfoAll #./api/api.cpp (line:2752)
[0000105] [16:27:39:259300] [Tid0x00001c98] [debug] <--[C52] DL_Rom_GetInfoAll
[0000106] [16:27:39:259300] [Tid0x00001c98] [debug] -->[C53] DL_Rom_SetEnableAttr #./api/api.cpp (line:2806)
[0000107] [16:27:39:259300] [Tid0x00001c98] [debug] <--[C53] DL_Rom_SetEnableAttr
[0000108] [16:27:39:259300] [Tid0x00001c98] [debug] -->[C54] DL_GetCount #./api/api.cpp (line:2587)
[0000109] [16:27:39:259300] [Tid0x00001c98] [debug] <--[C54] DL_GetCount
[0000110] [16:27:39:259300] [Tid0x00001c98] [debug] -->[C55] DL_Rom_GetInfoAll #./api/api.cpp (line:2752)
[0000111] [16:27:39:259300] [Tid0x00001c98] [debug] <--[C55] DL_Rom_GetInfoAll
[0000112] [16:27:39:259300] [Tid0x00001c98] [debug] -->[C56] DL_Rom_SetEnableAttr #./api/api.cpp (line:2806)
[0000113] [16:27:39:259300] [Tid0x00001c98] [debug] <--[C56] DL_Rom_SetEnableAttr
[0000114] [16:27:39:259300] [Tid0x00001c98] [debug] -->[C57] DL_GetCount #./api/api.cpp (line:2587)
[0000115] [16:27:39:259300] [Tid0x00001c98] [debug] <--[C57] DL_GetCount
[0000116] [16:27:39:259300] [Tid0x00001c98] [debug] -->[C58] DL_Rom_GetInfoAll #./api/api.cpp (line:2752)
[0000117] [16:27:39:274900] [Tid0x00001c98] [debug] <--[C58] DL_Rom_GetInfoAll
[0000118] [16:27:39:274900] [Tid0x00001c98] [debug] -->[C59] DL_Rom_SetEnableAttr #./api/api.cpp (line:2806)
[0000119] [16:27:39:274900] [Tid0x00001c98] [debug] <--[C59] DL_Rom_SetEnableAttr
[0000120] [16:27:39:274900] [Tid0x00001c98] [debug] -->[C60] DL_GetCount #./api/api.cpp (line:2587)
[0000121] [16:27:39:274900] [Tid0x00001c98] [debug] <--[C60] DL_GetCount
[0000122] [16:27:39:274900] [Tid0x00001c98] [debug] -->[C61] DL_Rom_GetInfoAll #./api/api.cpp (line:2752)
[0000123] [16:27:39:274900] [Tid0x00001c98] [debug] <--[C61] DL_Rom_GetInfoAll
[0000124] [16:27:39:274900] [Tid0x00001c98] [debug] -->[C62] DL_Rom_SetEnableAttr #./api/api.cpp (line:2806)
[0000125] [16:27:39:274900] [Tid0x00001c98] [debug] <--[C62] DL_Rom_SetEnableAttr
[0000126] [16:27:39:274900] [Tid0x00001c98] [debug] -->[C63] DL_GetCount #./api/api.cpp (line:2587)
[0000127] [16:27:39:274900] [Tid0x00001c98] [debug] <--[C63] DL_GetCount
[0000128] [16:27:39:274900] [Tid0x00001c98] [debug] -->[C64] DL_Rom_GetInfoAll #./api/api.cpp (line:2752)
[0000129] [16:27:39:274900] [Tid0x00001c98] [debug] <--[C64] DL_Rom_GetInfoAll
[0000130] [16:27:39:274900] [Tid0x00001c98] [debug] -->[C65] DL_Rom_SetEnableAttr #./api/api.cpp (line:2806)
[0000131] [16:27:39:274900] [Tid0x00001c98] [debug] <--[C65] DL_Rom_SetEnableAttr
[0000132] [16:27:39:274900] [Tid0x00001c98] [debug] -->[C66] DL_GetCount #./api/api.cpp (line:2587)
[0000133] [16:27:39:274900] [Tid0x00001c98] [debug] <--[C66] DL_GetCount
[0000134] [16:27:39:274900] [Tid0x00001c98] [debug] -->[C67] DL_Rom_GetInfoAll #./api/api.cpp (line:2752)
[0000135] [16:27:39:274900] [Tid0x00001c98] [debug] <--[C67] DL_Rom_GetInfoAll
[0000136] [16:27:39:274900] [Tid0x00001c98] [debug] -->[C68] DL_Rom_SetEnableAttr #./api/api.cpp (line:2806)
[0000137] [16:27:39:274900] [Tid0x00001c98] [debug] <--[C68] DL_Rom_SetEnableAttr
[0000138] [16:27:39:274900] [Tid0x00001c98] [debug] -->[C69] DL_GetCount #./api/api.cpp (line:2587)
[0000139] [16:27:39:274900] [Tid0x00001c98] [debug] <--[C69] DL_GetCount
[0000140] [16:27:39:274900] [Tid0x00001c98] [debug] -->[C70] DL_Rom_GetInfoAll #./api/api.cpp (line:2752)
[0000141] [16:27:39:274900] [Tid0x00001c98] [debug] <--[C70] DL_Rom_GetInfoAll
[0000142] [16:27:39:274900] [Tid0x00001c98] [debug] -->[C71] DL_Rom_SetEnableAttr #./api/api.cpp (line:2806)
[0000143] [16:27:39:274900] [Tid0x00001c98] [debug] <--[C71] DL_Rom_SetEnableAttr
[0000144] [16:27:39:274900] [Tid0x00001c98] [debug] -->[C72] DL_GetCount #./api/api.cpp (line:2587)
[0000145] [16:27:39:274900] [Tid0x00001c98] [debug] <--[C72] DL_GetCount
[0000146] [16:27:39:274900] [Tid0x00001c98] [debug] -->[C73] DL_Rom_GetInfoAll #./api/api.cpp (line:2752)
[0000147] [16:27:39:274900] [Tid0x00001c98] [debug] <--[C73] DL_Rom_GetInfoAll
[0000148] [16:27:39:274900] [Tid0x00001c98] [debug] -->[C74] DL_Rom_SetEnableAttr #./api/api.cpp (line:2806)
[0000149] [16:27:39:274900] [Tid0x00001c98] [debug] <--[C74] DL_Rom_SetEnableAttr
[0000150] [16:27:39:274900] [Tid0x00001c98] [debug] -->[C75] DL_GetCount #./api/api.cpp (line:2587)
[0000151] [16:27:39:274900] [Tid0x00001c98] [debug] <--[C75] DL_GetCount
[0000152] [16:27:39:274900] [Tid0x00001c98] [debug] -->[C76] DL_Rom_GetInfoAll #./api/api.cpp (line:2752)
[0000153] [16:27:39:274900] [Tid0x00001c98] [debug] <--[C76] DL_Rom_GetInfoAll
[0000154] [16:27:39:274900] [Tid0x00001c98] [debug] -->[C77] DL_Rom_SetEnableAttr #./api/api.cpp (line:2806)
[0000155] [16:27:39:274900] [Tid0x00001c98] [debug] <--[C77] DL_Rom_SetEnableAttr
[0000156] [16:27:39:274900] [Tid0x00001c98] [debug] -->[C78] DL_GetCount #./api/api.cpp (line:2587)
[0000157] [16:27:39:274900] [Tid0x00001c98] [debug] <--[C78] DL_GetCount
[0000158] [16:27:39:274900] [Tid0x00001c98] [debug] -->[C79] DL_Rom_GetInfoAll #./api/api.cpp (line:2752)
[0000159] [16:27:39:274900] [Tid0x00001c98] [debug] <--[C79] DL_Rom_GetInfoAll
[0000160] [16:27:39:274900] [Tid0x00001c98] [debug] -->[C80] DL_Rom_SetEnableAttr #./api/api.cpp (line:2806)
[0000161] [16:27:39:274900] [Tid0x00001c98] [debug] <--[C80] DL_Rom_SetEnableAttr
[0000162] [16:27:39:274900] [Tid0x00001c98] [debug] -->[C81] DL_GetCount #./api/api.cpp (line:2587)
[0000163] [16:27:39:274900] [Tid0x00001c98] [debug] <--[C81] DL_GetCount
[0000164] [16:27:39:274900] [Tid0x00001c98] [debug] -->[C82] DL_Rom_GetInfoAll #./api/api.cpp (line:2752)
[0000165] [16:27:39:274900] [Tid0x00001c98] [debug] <--[C82] DL_Rom_GetInfoAll
[0000166] [16:27:39:274900] [Tid0x00001c98] [debug] -->[C83] DL_Rom_SetEnableAttr #./api/api.cpp (line:2806)
[0000167] [16:27:39:274900] [Tid0x00001c98] [debug] <--[C83] DL_Rom_SetEnableAttr
[0000168] [16:27:39:274900] [Tid0x00001c98] [debug] -->[C84] DL_GetCount #./api/api.cpp (line:2587)
[0000169] [16:27:39:274900] [Tid0x00001c98] [debug] <--[C84] DL_GetCount
[0000170] [16:27:39:274900] [Tid0x00001c98] [debug] -->[C85] DL_Rom_GetInfoAll #./api/api.cpp (line:2752)
[0000171] [16:27:39:274900] [Tid0x00001c98] [debug] <--[C85] DL_Rom_GetInfoAll
[0000172] [16:27:39:274900] [Tid0x00001c98] [debug] -->[C86] DL_Rom_SetEnableAttr #./api/api.cpp (line:2806)
[0000173] [16:27:39:274900] [Tid0x00001c98] [debug] <--[C86] DL_Rom_SetEnableAttr
[0000174] [16:27:39:274900] [Tid0x00001c98] [debug] -->[C87] DL_GetCount #./api/api.cpp (line:2587)
[0000175] [16:27:39:274900] [Tid0x00001c98] [debug] <--[C87] DL_GetCount
[0000176] [16:27:39:274900] [Tid0x00001c98] [debug] -->[C88] DL_Rom_GetInfoAll #./api/api.cpp (line:2752)
[0000177] [16:27:39:274900] [Tid0x00001c98] [debug] <--[C88] DL_Rom_GetInfoAll
[0000178] [16:27:39:274900] [Tid0x00001c98] [debug] -->[C89] DL_Rom_SetEnableAttr #./api/api.cpp (line:2806)
[0000179] [16:27:39:274900] [Tid0x00001c98] [debug] <--[C89] DL_Rom_SetEnableAttr
[0000180] [16:27:39:274900] [Tid0x00001c98] [debug] -->[C90] DL_GetCount #./api/api.cpp (line:2587)
[0000181] [16:27:39:274900] [Tid0x00001c98] [debug] <--[C90] DL_GetCount
[0000182] [16:27:39:274900] [Tid0x00001c98] [debug] -->[C91] DL_Rom_GetInfoAll #./api/api.cpp (line:2752)
[0000183] [16:27:39:290500] [Tid0x00001c98] [debug] <--[C91] DL_Rom_GetInfoAll
[0000184] [16:27:39:290500] [Tid0x00001c98] [debug] -->[C92] DL_Rom_SetEnableAttr #./api/api.cpp (line:2806)
[0000185] [16:27:39:290500] [Tid0x00001c98] [debug] <--[C92] DL_Rom_SetEnableAttr
[0000186] [16:27:39:290500] [Tid0x00001c98] [debug] -->[C93] DL_GetCount #./api/api.cpp (line:2587)
[0000187] [16:27:39:290500] [Tid0x00001c98] [debug] <--[C93] DL_GetCount
[0000188] [16:27:39:290500] [Tid0x00001c98] [debug] -->[C94] DL_Rom_GetInfoAll #./api/api.cpp (line:2752)
[0000189] [16:27:39:290500] [Tid0x00001c98] [debug] <--[C94] DL_Rom_GetInfoAll
[0000190] [16:27:39:290500] [Tid0x00001c98] [debug] -->[C95] DL_Rom_SetEnableAttr #./api/api.cpp (line:2806)
[0000191] [16:27:39:290500] [Tid0x00001c98] [debug] <--[C95] DL_Rom_SetEnableAttr
[0000192] [16:27:39:290500] [Tid0x00001c98] [debug] -->[C96] DL_GetCount #./api/api.cpp (line:2587)
[0000193] [16:27:39:290500] [Tid0x00001c98] [debug] <--[C96] DL_GetCount
[0000194] [16:27:39:290500] [Tid0x00001c98] [debug] -->[C97] DL_Rom_GetInfoAll #./api/api.cpp (line:2752)
[0000195] [16:27:39:290500] [Tid0x00001c98] [debug] <--[C97] DL_Rom_GetInfoAll
[0000196] [16:27:39:290500] [Tid0x00001c98] [debug] -->[C98] DL_Rom_SetEnableAttr #./api/api.cpp (line:2806)
[0000197] [16:27:39:290500] [Tid0x00001c98] [debug] <--[C98] DL_Rom_SetEnableAttr
[0000198] [16:27:39:290500] [Tid0x00001c98] [debug] -->[C99] DL_GetCount #./api/api.cpp (line:2587)
[0000199] [16:27:39:290500] [Tid0x00001c98] [debug] <--[C99] DL_GetCount
[0000200] [16:27:39:290500] [Tid0x00001c98] [debug] -->[C100] DL_Rom_GetInfoAll #./api/api.cpp (line:2752)
[0000201] [16:27:39:290500] [Tid0x00001c98] [debug] <--[C100] DL_Rom_GetInfoAll
[0000202] [16:27:39:290500] [Tid0x00001c98] [debug] -->[C101] DL_Rom_SetEnableAttr #./api/api.cpp (line:2806)
[0000203] [16:27:39:290500] [Tid0x00001c98] [debug] <--[C101] DL_Rom_SetEnableAttr
[0000204] [16:27:39:290500] [Tid0x00001c98] [debug] -->[C102] DL_GetCount #./api/api.cpp (line:2587)
[0000205] [16:27:39:290500] [Tid0x00001c98] [debug] <--[C102] DL_GetCount
[0000206] [16:27:39:290500] [Tid0x00001c98] [debug] -->[C103] DL_Rom_GetInfoAll #./api/api.cpp (line:2752)
[0000207] [16:27:39:290500] [Tid0x00001c98] [debug] <--[C103] DL_Rom_GetInfoAll
[0000208] [16:27:39:290500] [Tid0x00001c98] [debug] -->[C104] DL_Rom_SetEnableAttr #./api/api.cpp (line:2806)
[0000209] [16:27:39:290500] [Tid0x00001c98] [debug] <--[C104] DL_Rom_SetEnableAttr
[0000210] [16:27:39:290500] [Tid0x00001c98] [debug] -->[C105] DL_GetCount #./api/api.cpp (line:2587)
[0000211] [16:27:39:290500] [Tid0x00001c98] [debug] <--[C105] DL_GetCount
[0000212] [16:27:39:290500] [Tid0x00001c98] [debug] -->[C106] DL_Rom_GetInfoAll #./api/api.cpp (line:2752)
[0000213] [16:27:39:290500] [Tid0x00001c98] [debug] <--[C106] DL_Rom_GetInfoAll
[0000214] [16:27:39:290500] [Tid0x00001c98] [debug] -->[C107] DL_Rom_SetEnableAttr #./api/api.cpp (line:2806)
[0000215] [16:27:39:290500] [Tid0x00001c98] [debug] <--[C107] DL_Rom_SetEnableAttr
[0000216] [16:27:39:290500] [Tid0x00001c98] [debug] -->[C108] DL_GetCount #./api/api.cpp (line:2587)
[0000217] [16:27:39:290500] [Tid0x00001c98] [debug] <--[C108] DL_GetCount
[0000218] [16:27:39:290500] [Tid0x00001c98] [debug] -->[C109] DL_Rom_GetInfoAll #./api/api.cpp (line:2752)
[0000219] [16:27:39:290500] [Tid0x00001c98] [debug] <--[C109] DL_Rom_GetInfoAll
[0000220] [16:27:39:290500] [Tid0x00001c98] [debug] -->[C110] DL_Rom_SetEnableAttr #./api/api.cpp (line:2806)
[0000221] [16:27:39:290500] [Tid0x00001c98] [debug] <--[C110] DL_Rom_SetEnableAttr
[0000222] [16:27:39:290500] [Tid0x00001c98] [debug] -->[C111] DL_GetCount #./api/api.cpp (line:2587)
[0000223] [16:27:39:290500] [Tid0x00001c98] [debug] <--[C111] DL_GetCount
[0000224] [16:27:39:290500] [Tid0x00001c98] [debug] -->[C112] DL_Rom_GetInfoAll #./api/api.cpp (line:2752)
[0000225] [16:27:39:290500] [Tid0x00001c98] [debug] <--[C112] DL_Rom_GetInfoAll
[0000226] [16:27:39:290500] [Tid0x00001c98] [debug] -->[C113] DL_Rom_SetEnableAttr #./api/api.cpp (line:2806)
[0000227] [16:27:39:290500] [Tid0x00001c98] [debug] <--[C113] DL_Rom_SetEnableAttr
[0000228] [16:27:39:290500] [Tid0x00001c98] [debug] -->[C114] DL_SetChecksumLevel #./api/api.cpp (line:2516)
[0000229] [16:27:39:290500] [Tid0x00001c98] [debug] <--[C114] DL_SetChecksumLevel
[0000230] [16:27:58:215100] [Tid0x00001c98] [debug] -->[C115] DL_GetCount #./api/api.cpp (line:2587)
[0000231] [16:27:58:215100] [Tid0x00001c98] [debug] <--[C115] DL_GetCount
[0000232] [16:27:58:230700] [Tid0x00001c98] [debug] -->[C116] DL_Rom_GetInfoAll #./api/api.cpp (line:2752)
[0000233] [16:27:58:230700] [Tid0x00001c98] [debug] <--[C116] DL_Rom_GetInfoAll
[0000234] [16:27:58:230700] [Tid0x00001c98] [debug] -->[C117] DL_GetCount #./api/api.cpp (line:2587)
[0000235] [16:27:58:230700] [Tid0x00001c98] [debug] <--[C117] DL_GetCount
[0000236] [16:27:58:230700] [Tid0x00001c98] [debug] -->[C118] DL_Rom_GetInfoAll #./api/api.cpp (line:2752)
[0000237] [16:27:58:230700] [Tid0x00001c98] [debug] <--[C118] DL_Rom_GetInfoAll
[0000238] [16:28:03:175900] [Tid0x000021cc] [debug] -->[C119] FlashTool_Connect_BROM_ByName #./api/api.cpp (line:1975)
[0000239] [16:28:03:175900] [Tid0x000021cc] [debug] -->[C120] FlashTool_Connect_BROM_Ex #./api/api.cpp (line:1880)
[0000240] [16:28:03:175900] [Tid0x000021cc] [debug] bCheckScatter: 1
[0000241] [16:28:03:175900] [Tid0x000021cc] [debug] have load scatter already
[0000242] [16:28:03:175900] [Tid0x000021cc] [debug] libversion 1
[0000243] [16:28:03:859500] [Tid0x000021cc] [debug] <--[C120] FlashTool_Connect_BROM_Ex
[0000244] [16:28:03:859500] [Tid0x000021cc] [debug] <--[C119] FlashTool_Connect_BROM_ByName
[0000245] [16:28:03:859500] [Tid0x000021cc] [debug] -->[C121] FlashTool_GetBootResult #./api/api.cpp (line:1987)
[0000246] [16:28:03:859500] [Tid0x000021cc] [debug] <--[C121] FlashTool_GetBootResult
[0000247] [16:28:03:859500] [Tid0x000021cc] [debug] -->[C122] FlashTool_Connect_Download_DA #./api/api.cpp (line:2007)
[0000248] [16:28:03:859500] [Tid0x000021cc] [debug] bCheckScatter: 1
[0000249] [16:28:05:991100] [Tid0x000021cc] [debug] <--[C122] FlashTool_Connect_Download_DA
[0000250] [16:28:05:991100] [Tid0x000021cc] [debug] -->[C123] FlashTool_CheckUSBStatus #./api/api.cpp (line:1154)
[0000251] [16:28:05:991100] [Tid0x000021cc] [debug] <--[C123] FlashTool_CheckUSBStatus
[0000252] [16:28:05:991100] [Tid0x000021cc] [debug] -->[C124] FlashTool_CheckUSBStatus #./api/api.cpp (line:1154)
[0000253] [16:28:05:991100] [Tid0x000021cc] [debug] <--[C124] FlashTool_CheckUSBStatus
[0000254] [16:28:05:991100] [Tid0x000021cc] [debug] -->[C125] FlashTool_GetReservedRomSize #./api/api.cpp (line:1677)
[0000255] [16:28:05:991100] [Tid0x000021cc] [debug] <--[C125] FlashTool_GetReservedRomSize
[0000256] [16:28:05:991100] [Tid0x000021cc] [debug] -->[C126] FlashTool_RomGetCount #./api/api.cpp (line:1702)
[0000257] [16:28:05:991100] [Tid0x000021cc] [debug] <--[C126] FlashTool_RomGetCount
[0000258] [16:28:05:991100] [Tid0x000021cc] [debug] -->[C127] FlashTool_RomGetInfoAll #./api/api.cpp (line:1726)
[0000259] [16:28:05:991100] [Tid0x000021cc] [debug] <--[C127] FlashTool_RomGetInfoAll
[0000260] [16:28:05:991100] [Tid0x000021cc] [debug] -->[C128] FlashTool_ReadPartitionCount #./api/api.cpp (line:1633)
[0000261] [16:28:06:037900] [Tid0x000021cc] [debug] <--[C128] FlashTool_ReadPartitionCount
[0000262] [16:28:06:037900] [Tid0x000021cc] [debug] -->[C129] FlashTool_ReadPartitionInfo #./api/api.cpp (line:1654)
[0000263] [16:28:06:037900] [Tid0x000021cc] [debug] <--[C129] FlashTool_ReadPartitionInfo
[0000264] [16:28:06:037900] [Tid0x000021cc] [debug] -->[C130] FlashTool_Download #./api/api.cpp (line:1300)
[0000265] [16:34:57:830500] [Tid0x000021cc] [debug] <--[C130] FlashTool_Download
[0000266] [16:34:57:830500] [Tid0x000021cc] [debug] -->[C131] DL_GetCount #./api/api.cpp (line:2587)
[0000267] [16:34:57:830500] [Tid0x000021cc] [debug] <--[C131] DL_GetCount
[0000268] [16:34:57:830500] [Tid0x000021cc] [debug] -->[C132] DL_Rom_GetInfoAll #./api/api.cpp (line:2752)
[0000269] [16:34:57:830500] [Tid0x000021cc] [debug] <--[C132] DL_Rom_GetInfoAll
[0000270] [16:34:57:830500] [Tid0x000021cc] [debug] -->[C133] FlashTool_Disconnect #./api/api.cpp (line:1033)
[0000271] [16:34:57:861700] [Tid0x000021cc] [debug] <--[C133] FlashTool_Disconnect
[0000272] [10:00:59:073400] [Tid0x00001c98] [debug] -->[C134] DL_GetCount #./api/api.cpp (line:2587)
[0000273] [10:00:59:073400] [Tid0x00001c98] [debug] <--[C134] DL_GetCount
[0000274] [10:00:59:073400] [Tid0x00001c98] [debug] -->[C135] DL_Rom_GetInfoAll #./api/api.cpp (line:2752)
[0000275] [10:00:59:073400] [Tid0x00001c98] [debug] <--[C135] DL_Rom_GetInfoAll
[0000276] [10:00:59:076400] [Tid0x00001c98] [debug] -->[C136] DL_GetCount #./api/api.cpp (line:2587)
[0000277] [10:00:59:076400] [Tid0x00001c98] [debug] <--[C136] DL_GetCount
[0000278] [10:00:59:076400] [Tid0x00001c98] [debug] -->[C137] DL_Rom_GetInfoAll #./api/api.cpp (line:2752)
[0000279] [10:00:59:076400] [Tid0x00001c98] [debug] <--[C137] DL_Rom_GetInfoAll
[0000280] [10:01:05:615400] [Tid0x0000214c] [debug] -->[C138] FlashTool_Connect_BROM_ByName #./api/api.cpp (line:1975)
[0000281] [10:01:05:616400] [Tid0x0000214c] [debug] -->[C139] FlashTool_Connect_BROM_Ex #./api/api.cpp (line:1880)
[0000282] [10:01:05:616400] [Tid0x0000214c] [debug] bCheckScatter: 1
[0000283] [10:01:05:616400] [Tid0x0000214c] [debug] have load scatter already
[0000284] [10:01:05:616400] [Tid0x0000214c] [debug] libversion 1
[0000285] [10:01:06:196400] [Tid0x0000214c] [debug] <--[C139] FlashTool_Connect_BROM_Ex
[0000286] [10:01:06:196400] [Tid0x0000214c] [debug] <--[C138] FlashTool_Connect_BROM_ByName
[0000287] [10:01:06:196400] [Tid0x0000214c] [debug] -->[C140] FlashTool_GetBootResult #./api/api.cpp (line:1987)
[0000288] [10:01:06:196400] [Tid0x0000214c] [debug] <--[C140] FlashTool_GetBootResult
[0000289] [10:01:06:196400] [Tid0x0000214c] [debug] -->[C141] FlashTool_Connect_Download_DA #./api/api.cpp (line:2007)
[0000290] [10:01:06:196400] [Tid0x0000214c] [debug] bCheckScatter: 1
[0000291] [10:01:08:263400] [Tid0x0000214c] [debug] <--[C141] FlashTool_Connect_Download_DA
[0000292] [10:01:08:263400] [Tid0x0000214c] [debug] -->[C142] FlashTool_CheckUSBStatus #./api/api.cpp (line:1154)
[0000293] [10:01:08:264400] [Tid0x0000214c] [debug] <--[C142] FlashTool_CheckUSBStatus
[0000294] [10:01:08:264400] [Tid0x0000214c] [debug] -->[C143] FlashTool_CheckUSBStatus #./api/api.cpp (line:1154)
[0000295] [10:01:08:265400] [Tid0x0000214c] [debug] <--[C143] FlashTool_CheckUSBStatus
[0000296] [10:01:08:265400] [Tid0x0000214c] [debug] -->[C144] FlashTool_GetReservedRomSize #./api/api.cpp (line:1677)
[0000297] [10:01:08:266400] [Tid0x0000214c] [debug] <--[C144] FlashTool_GetReservedRomSize
[0000298] [10:01:08:266400] [Tid0x0000214c] [debug] -->[C145] FlashTool_RomGetCount #./api/api.cpp (line:1702)
[0000299] [10:01:08:267400] [Tid0x0000214c] [debug] <--[C145] FlashTool_RomGetCount
[0000300] [10:01:08:267400] [Tid0x0000214c] [debug] -->[C146] FlashTool_RomGetInfoAll #./api/api.cpp (line:1726)
[0000301] [10:01:08:268400] [Tid0x0000214c] [debug] <--[C146] FlashTool_RomGetInfoAll
[0000302] [10:01:08:268400] [Tid0x0000214c] [debug] -->[C147] FlashTool_ReadPartitionCount #./api/api.cpp (line:1633)
[0000303] [10:01:08:303400] [Tid0x0000214c] [debug] <--[C147] FlashTool_ReadPartitionCount
[0000304] [10:01:08:303400] [Tid0x0000214c] [debug] -->[C148] FlashTool_ReadPartitionInfo #./api/api.cpp (line:1654)
[0000305] [10:01:08:303400] [Tid0x0000214c] [debug] <--[C148] FlashTool_ReadPartitionInfo
[0000306] [10:01:08:303400] [Tid0x0000214c] [debug] -->[C149] FlashTool_Download #./api/api.cpp (line:1300)
[0000307] [10:07:52:987400] [Tid0x0000214c] [debug] <--[C149] FlashTool_Download
[0000308] [10:07:52:987400] [Tid0x0000214c] [debug] -->[C150] DL_GetCount #./api/api.cpp (line:2587)
[0000309] [10:07:52:987400] [Tid0x0000214c] [debug] <--[C150] DL_GetCount
[0000310] [10:07:52:987400] [Tid0x0000214c] [debug] -->[C151] DL_Rom_GetInfoAll #./api/api.cpp (line:2752)
[0000311] [10:07:52:987400] [Tid0x0000214c] [debug] <--[C151] DL_Rom_GetInfoAll
[0000312] [10:07:52:987400] [Tid0x0000214c] [debug] -->[C152] FlashTool_Disconnect #./api/api.cpp (line:1033)
[0000313] [10:07:53:008400] [Tid0x0000214c] [debug] <--[C152] FlashTool_Disconnect
[0000314] [10:28:28:565100] [Tid0x00001c98] [debug] -->[C153] DL_GetCount #./api/api.cpp (line:2587)
[0000315] [10:28:28:566100] [Tid0x00001c98] [debug] <--[C153] DL_GetCount
[0000316] [10:28:28:566100] [Tid0x00001c98] [debug] -->[C154] DL_Rom_GetInfoAll #./api/api.cpp (line:2752)
[0000317] [10:28:28:566100] [Tid0x00001c98] [debug] <--[C154] DL_Rom_GetInfoAll
[0000318] [10:28:28:568100] [Tid0x00001c98] [debug] -->[C155] DL_Rom_SetEnableAttr #./api/api.cpp (line:2806)
[0000319] [10:28:28:568100] [Tid0x00001c98] [debug] <--[C155] DL_Rom_SetEnableAttr
[0000320] [10:28:28:571100] [Tid0x00001c98] [debug] -->[C156] DL_GetCount #./api/api.cpp (line:2587)
[0000321] [10:28:28:571100] [Tid0x00001c98] [debug] <--[C156] DL_GetCount
[0000322] [10:28:28:571100] [Tid0x00001c98] [debug] -->[C157] DL_Rom_GetInfoAll #./api/api.cpp (line:2752)
[0000323] [10:28:28:571100] [Tid0x00001c98] [debug] <--[C157] DL_Rom_GetInfoAll
[0000324] [10:28:28:572100] [Tid0x00001c98] [debug] -->[C158] DL_Rom_SetEnableAttr #./api/api.cpp (line:2806)
[0000325] [10:28:28:572100] [Tid0x00001c98] [debug] <--[C158] DL_Rom_SetEnableAttr
[0000326] [10:28:28:575100] [Tid0x00001c98] [debug] -->[C159] DL_GetCount #./api/api.cpp (line:2587)
[0000327] [10:28:28:575100] [Tid0x00001c98] [debug] <--[C159] DL_GetCount
[0000328] [10:28:28:575100] [Tid0x00001c98] [debug] -->[C160] DL_Rom_GetInfoAll #./api/api.cpp (line:2752)
[0000329] [10:28:28:575100] [Tid0x00001c98] [debug] <--[C160] DL_Rom_GetInfoAll
[0000330] [10:28:28:576100] [Tid0x00001c98] [debug] -->[C161] DL_Rom_SetEnableAttr #./api/api.cpp (line:2806)
[0000331] [10:28:28:576100] [Tid0x00001c98] [debug] <--[C161] DL_Rom_SetEnableAttr
[0000332] [10:28:28:579100] [Tid0x00001c98] [debug] -->[C162] DL_GetCount #./api/api.cpp (line:2587)
[0000333] [10:28:28:579100] [Tid0x00001c98] [debug] <--[C162] DL_GetCount
[0000334] [10:28:28:579100] [Tid0x00001c98] [debug] -->[C163] DL_Rom_GetInfoAll #./api/api.cpp (line:2752)
[0000335] [10:28:28:579100] [Tid0x00001c98] [debug] <--[C163] DL_Rom_GetInfoAll
[0000336] [10:28:28:580100] [Tid0x00001c98] [debug] -->[C164] DL_Rom_SetEnableAttr #./api/api.cpp (line:2806)
[0000337] [10:28:28:580100] [Tid0x00001c98] [debug] <--[C164] DL_Rom_SetEnableAttr
[0000338] [10:28:28:582100] [Tid0x00001c98] [debug] -->[C165] DL_GetCount #./api/api.cpp (line:2587)
[0000339] [10:28:28:582100] [Tid0x00001c98] [debug] <--[C165] DL_GetCount
[0000340] [10:28:28:582100] [Tid0x00001c98] [debug] -->[C166] DL_Rom_GetInfoAll #./api/api.cpp (line:2752)
[0000341] [10:28:28:583100] [Tid0x00001c98] [debug] <--[C166] DL_Rom_GetInfoAll
[0000342] [10:28:28:584100] [Tid0x00001c98] [debug] -->[C167] DL_Rom_SetEnableAttr #./api/api.cpp (line:2806)
[0000343] [10:28:28:584100] [Tid0x00001c98] [debug] <--[C167] DL_Rom_SetEnableAttr
[0000344] [10:28:28:586100] [Tid0x00001c98] [debug] -->[C168] DL_GetCount #./api/api.cpp (line:2587)
[0000345] [10:28:28:586100] [Tid0x00001c98] [debug] <--[C168] DL_GetCount
[0000346] [10:28:28:586100] [Tid0x00001c98] [debug] -->[C169] DL_Rom_GetInfoAll #./api/api.cpp (line:2752)
[0000347] [10:28:28:586100] [Tid0x00001c98] [debug] <--[C169] DL_Rom_GetInfoAll
[0000348] [10:28:28:587100] [Tid0x00001c98] [debug] -->[C170] DL_Rom_SetEnableAttr #./api/api.cpp (line:2806)
[0000349] [10:28:28:587100] [Tid0x00001c98] [debug] <--[C170] DL_Rom_SetEnableAttr
[0000350] [10:28:28:590100] [Tid0x00001c98] [debug] -->[C171] DL_GetCount #./api/api.cpp (line:2587)
[0000351] [10:28:28:590100] [Tid0x00001c98] [debug] <--[C171] DL_GetCount
[0000352] [10:28:28:590100] [Tid0x00001c98] [debug] -->[C172] DL_Rom_GetInfoAll #./api/api.cpp (line:2752)
[0000353] [10:28:28:590100] [Tid0x00001c98] [debug] <--[C172] DL_Rom_GetInfoAll
[0000354] [10:28:28:591100] [Tid0x00001c98] [debug] -->[C173] DL_Rom_SetEnableAttr #./api/api.cpp (line:2806)
[0000355] [10:28:28:591100] [Tid0x00001c98] [debug] <--[C173] DL_Rom_SetEnableAttr
[0000356] [10:28:28:593100] [Tid0x00001c98] [debug] -->[C174] DL_GetCount #./api/api.cpp (line:2587)
[0000357] [10:28:28:593100] [Tid0x00001c98] [debug] <--[C174] DL_GetCount
[0000358] [10:28:28:593100] [Tid0x00001c98] [debug] -->[C175] DL_Rom_GetInfoAll #./api/api.cpp (line:2752)
[0000359] [10:28:28:594100] [Tid0x00001c98] [debug] <--[C175] DL_Rom_GetInfoAll
[0000360] [10:28:28:594100] [Tid0x00001c98] [debug] -->[C176] DL_Rom_SetEnableAttr #./api/api.cpp (line:2806)
[0000361] [10:28:28:594100] [Tid0x00001c98] [debug] <--[C176] DL_Rom_SetEnableAttr
[0000362] [10:28:28:597100] [Tid0x00001c98] [debug] -->[C177] DL_GetCount #./api/api.cpp (line:2587)
[0000363] [10:28:28:597100] [Tid0x00001c98] [debug] <--[C177] DL_GetCount
[0000364] [10:28:28:597100] [Tid0x00001c98] [debug] -->[C178] DL_Rom_GetInfoAll #./api/api.cpp (line:2752)
[0000365] [10:28:28:597100] [Tid0x00001c98] [debug] <--[C178] DL_Rom_GetInfoAll
[0000366] [10:28:28:598100] [Tid0x00001c98] [debug] -->[C179] DL_Rom_SetEnableAttr #./api/api.cpp (line:2806)
[0000367] [10:28:28:598100] [Tid0x00001c98] [debug] <--[C179] DL_Rom_SetEnableAttr
[0000368] [10:28:28:601100] [Tid0x00001c98] [debug] -->[C180] DL_GetCount #./api/api.cpp (line:2587)
[0000369] [10:28:28:601100] [Tid0x00001c98] [debug] <--[C180] DL_GetCount
[0000370] [10:28:28:601100] [Tid0x00001c98] [debug] -->[C181] DL_Rom_GetInfoAll #./api/api.cpp (line:2752)
[0000371] [10:28:28:601100] [Tid0x00001c98] [debug] <--[C181] DL_Rom_GetInfoAll
[0000372] [10:28:28:602100] [Tid0x00001c98] [debug] -->[C182] DL_Rom_SetEnableAttr #./api/api.cpp (line:2806)
[0000373] [10:28:28:602100] [Tid0x00001c98] [debug] <--[C182] DL_Rom_SetEnableAttr
[0000374] [10:28:28:603100] [Tid0x00001c98] [debug] -->[C183] DL_GetCount #./api/api.cpp (line:2587)
[0000375] [10:28:28:603100] [Tid0x00001c98] [debug] <--[C183] DL_GetCount
[0000376] [10:28:28:603100] [Tid0x00001c98] [debug] -->[C184] DL_Rom_GetInfoAll #./api/api.cpp (line:2752)
[0000377] [10:28:28:603100] [Tid0x00001c98] [debug] <--[C184] DL_Rom_GetInfoAll
[0000378] [10:28:28:603100] [Tid0x00001c98] [debug] -->[C185] DL_Rom_SetEnableAttr #./api/api.cpp (line:2806)
[0000379] [10:28:28:603100] [Tid0x00001c98] [debug] <--[C185] DL_Rom_SetEnableAttr
[0000380] [10:28:28:604100] [Tid0x00001c98] [debug] -->[C186] DL_GetCount #./api/api.cpp (line:2587)
[0000381] [10:28:28:604100] [Tid0x00001c98] [debug] <--[C186] DL_GetCount
[0000382] [10:28:28:604100] [Tid0x00001c98] [debug] -->[C187] DL_Rom_GetInfoAll #./api/api.cpp (line:2752)
[0000383] [10:28:28:604100] [Tid0x00001c98] [debug] <--[C187] DL_Rom_GetInfoAll
[0000384] [10:28:28:605100] [Tid0x00001c98] [debug] -->[C188] DL_Rom_SetEnableAttr #./api/api.cpp (line:2806)
[0000385] [10:28:28:605100] [Tid0x00001c98] [debug] <--[C188] DL_Rom_SetEnableAttr
[0000386] [10:28:28:606100] [Tid0x00001c98] [debug] -->[C189] DL_GetCount #./api/api.cpp (line:2587)
[0000387] [10:28:28:606100] [Tid0x00001c98] [debug] <--[C189] DL_GetCount
[0000388] [10:28:28:606100] [Tid0x00001c98] [debug] -->[C190] DL_Rom_GetInfoAll #./api/api.cpp (line:2752)
[0000389] [10:28:28:606100] [Tid0x00001c98] [debug] <--[C190] DL_Rom_GetInfoAll
[0000390] [10:28:28:606100] [Tid0x00001c98] [debug] -->[C191] DL_Rom_SetEnableAttr #./api/api.cpp (line:2806)
[0000391] [10:28:28:606100] [Tid0x00001c98] [debug] <--[C191] DL_Rom_SetEnableAttr
[0000392] [10:28:28:607100] [Tid0x00001c98] [debug] -->[C192] DL_GetCount #./api/api.cpp (line:2587)
[0000393] [10:28:28:607100] [Tid0x00001c98] [debug] <--[C192] DL_GetCount
[0000394] [10:28:28:607100] [Tid0x00001c98] [debug] -->[C193] DL_Rom_GetInfoAll #./api/api.cpp (line:2752)
[0000395] [10:28:28:607100] [Tid0x00001c98] [debug] <--[C193] DL_Rom_GetInfoAll
[0000396] [10:28:28:607100] [Tid0x00001c98] [debug] -->[C194] DL_Rom_SetEnableAttr #./api/api.cpp (line:2806)
[0000397] [10:28:28:607100] [Tid0x00001c98] [debug] <--[C194] DL_Rom_SetEnableAttr
[0000398] [10:28:28:608100] [Tid0x00001c98] [debug] -->[C195] DL_GetCount #./api/api.cpp (line:2587)
[0000399] [10:28:28:608100] [Tid0x00001c98] [debug] <--[C195] DL_GetCount
[0000400] [10:28:28:608100] [Tid0x00001c98] [debug] -->[C196] DL_Rom_GetInfoAll #./api/api.cpp (line:2752)
[0000401] [10:28:28:608100] [Tid0x00001c98] [debug] <--[C196] DL_Rom_GetInfoAll
[0000402] [10:28:28:608100] [Tid0x00001c98] [debug] -->[C197] DL_Rom_SetEnableAttr #./api/api.cpp (line:2806)
[0000403] [10:28:28:608100] [Tid0x00001c98] [debug] <--[C197] DL_Rom_SetEnableAttr
[0000404] [10:28:28:609100] [Tid0x00001c98] [debug] -->[C198] DL_GetCount #./api/api.cpp (line:2587)
[0000405] [10:28:28:609100] [Tid0x00001c98] [debug] <--[C198] DL_GetCount
[0000406] [10:28:28:609100] [Tid0x00001c98] [debug] -->[C199] DL_Rom_GetInfoAll #./api/api.cpp (line:2752)
[0000407] [10:28:28:609100] [Tid0x00001c98] [debug] <--[C199] DL_Rom_GetInfoAll
[0000408] [10:28:28:610100] [Tid0x00001c98] [debug] -->[C200] DL_Rom_SetEnableAttr #./api/api.cpp (line:2806)
[0000409] [10:28:28:610100] [Tid0x00001c98] [debug] <--[C200] DL_Rom_SetEnableAttr
[0000410] [10:28:28:611100] [Tid0x00001c98] [debug] -->[C201] DL_GetCount #./api/api.cpp (line:2587)
[0000411] [10:28:28:611100] [Tid0x00001c98] [debug] <--[C201] DL_GetCount
[0000412] [10:28:28:611100] [Tid0x00001c98] [debug] -->[C202] DL_Rom_GetInfoAll #./api/api.cpp (line:2752)
[0000413] [10:28:28:611100] [Tid0x00001c98] [debug] <--[C202] DL_Rom_GetInfoAll
[0000414] [10:28:28:611100] [Tid0x00001c98] [debug] -->[C203] DL_Rom_SetEnableAttr #./api/api.cpp (line:2806)
[0000415] [10:28:28:611100] [Tid0x00001c98] [debug] <--[C203] DL_Rom_SetEnableAttr
[0000416] [10:28:28:612100] [Tid0x00001c98] [debug] -->[C204] DL_GetCount #./api/api.cpp (line:2587)
[0000417] [10:28:28:612100] [Tid0x00001c98] [debug] <--[C204] DL_GetCount
[0000418] [10:28:28:612100] [Tid0x00001c98] [debug] -->[C205] DL_Rom_GetInfoAll #./api/api.cpp (line:2752)
[0000419] [10:28:28:612100] [Tid0x00001c98] [debug] <--[C205] DL_Rom_GetInfoAll
[0000420] [10:28:28:613100] [Tid0x00001c98] [debug] -->[C206] DL_Rom_SetEnableAttr #./api/api.cpp (line:2806)
[0000421] [10:28:28:613100] [Tid0x00001c98] [debug] <--[C206] DL_Rom_SetEnableAttr
[0000422] [10:28:28:614100] [Tid0x00001c98] [debug] -->[C207] DL_GetCount #./api/api.cpp (line:2587)
[0000423] [10:28:28:614100] [Tid0x00001c98] [debug] <--[C207] DL_GetCount
[0000424] [10:28:28:614100] [Tid0x00001c98] [debug] -->[C208] DL_Rom_GetInfoAll #./api/api.cpp (line:2752)
[0000425] [10:28:28:614100] [Tid0x00001c98] [debug] <--[C208] DL_Rom_GetInfoAll
[0000426] [10:28:28:614100] [Tid0x00001c98] [debug] -->[C209] DL_Rom_SetEnableAttr #./api/api.cpp (line:2806)
[0000427] [10:28:28:614100] [Tid0x00001c98] [debug] <--[C209] DL_Rom_SetEnableAttr
[0000428] [10:28:28:615100] [Tid0x00001c98] [debug] -->[C210] DL_GetCount #./api/api.cpp (line:2587)
[0000429] [10:28:28:615100] [Tid0x00001c98] [debug] <--[C210] DL_GetCount
[0000430] [10:28:28:615100] [Tid0x00001c98] [debug] -->[C211] DL_Rom_GetInfoAll #./api/api.cpp (line:2752)
[0000431] [10:28:28:615100] [Tid0x00001c98] [debug] <--[C211] DL_Rom_GetInfoAll
[0000432] [10:28:28:616100] [Tid0x00001c98] [debug] -->[C212] DL_Rom_SetEnableAttr #./api/api.cpp (line:2806)
[0000433] [10:28:28:616100] [Tid0x00001c98] [debug] <--[C212] DL_Rom_SetEnableAttr
[0000434] [10:28:28:617100] [Tid0x00001c98] [debug] -->[C213] DL_GetCount #./api/api.cpp (line:2587)
[0000435] [10:28:28:617100] [Tid0x00001c98] [debug] <--[C213] DL_GetCount
[0000436] [10:28:28:617100] [Tid0x00001c98] [debug] -->[C214] DL_Rom_GetInfoAll #./api/api.cpp (line:2752)
[0000437] [10:28:28:617100] [Tid0x00001c98] [debug] <--[C214] DL_Rom_GetInfoAll
[0000438] [10:28:28:617100] [Tid0x00001c98] [debug] -->[C215] DL_Rom_SetEnableAttr #./api/api.cpp (line:2806)
[0000439] [10:28:28:617100] [Tid0x00001c98] [debug] <--[C215] DL_Rom_SetEnableAttr
[0000440] [10:28:28:618100] [Tid0x00001c98] [debug] -->[C216] DL_GetCount #./api/api.cpp (line:2587)
[0000441] [10:28:28:619100] [Tid0x00001c98] [debug] <--[C216] DL_GetCount
[0000442] [10:28:28:619100] [Tid0x00001c98] [debug] -->[C217] DL_Rom_GetInfoAll #./api/api.cpp (line:2752)
[0000443] [10:28:28:619100] [Tid0x00001c98] [debug] <--[C217] DL_Rom_GetInfoAll
[0000444] [10:28:28:619100] [Tid0x00001c98] [debug] -->[C218] DL_Rom_SetEnableAttr #./api/api.cpp (line:2806)
[0000445] [10:28:28:619100] [Tid0x00001c98] [debug] <--[C218] DL_Rom_SetEnableAttr
[0000446] [10:28:28:621100] [Tid0x00001c98] [debug] -->[C219] DL_GetCount #./api/api.cpp (line:2587)
[0000447] [10:28:28:621100] [Tid0x00001c98] [debug] <--[C219] DL_GetCount
[0000448] [10:28:28:621100] [Tid0x00001c98] [debug] -->[C220] DL_Rom_GetInfoAll #./api/api.cpp (line:2752)
[0000449] [10:28:28:621100] [Tid0x00001c98] [debug] <--[C220] DL_Rom_GetInfoAll
[0000450] [10:28:28:622100] [Tid0x00001c98] [debug] -->[C221] DL_Rom_SetEnableAttr #./api/api.cpp (line:2806)
[0000451] [10:28:28:622100] [Tid0x00001c98] [debug] <--[C221] DL_Rom_SetEnableAttr
[0000452] [10:28:28:623100] [Tid0x00001c98] [debug] -->[C222] DL_GetCount #./api/api.cpp (line:2587)
[0000453] [10:28:28:623100] [Tid0x00001c98] [debug] <--[C222] DL_GetCount
[0000454] [10:28:28:623100] [Tid0x00001c98] [debug] -->[C223] DL_Rom_GetInfoAll #./api/api.cpp (line:2752)
[0000455] [10:28:28:623100] [Tid0x00001c98] [debug] <--[C223] DL_Rom_GetInfoAll
[0000456] [10:28:28:624100] [Tid0x00001c98] [debug] -->[C224] DL_Rom_SetEnableAttr #./api/api.cpp (line:2806)
[0000457] [10:28:28:624100] [Tid0x00001c98] [debug] <--[C224] DL_Rom_SetEnableAttr
[0000458] [10:28:29:528100] [Tid0x00001c98] [debug] -->[C225] DL_GetCount #./api/api.cpp (line:2587)
[0000459] [10:28:29:528100] [Tid0x00001c98] [debug] <--[C225] DL_GetCount
[0000460] [10:28:29:528100] [Tid0x00001c98] [debug] -->[C226] DL_Rom_GetInfoAll #./api/api.cpp (line:2752)
[0000461] [10:28:29:528100] [Tid0x00001c98] [debug] <--[C226] DL_Rom_GetInfoAll
[0000462] [10:28:29:530100] [Tid0x00001c98] [debug] -->[C227] DL_GetCount #./api/api.cpp (line:2587)
[0000463] [10:28:29:530100] [Tid0x00001c98] [debug] <--[C227] DL_GetCount
[0000464] [10:28:29:530100] [Tid0x00001c98] [debug] -->[C228] DL_Rom_GetInfoAll #./api/api.cpp (line:2752)
[0000465] [10:28:29:531100] [Tid0x00001c98] [debug] <--[C228] DL_Rom_GetInfoAll
[0000466] [10:29:09:510100] [Tid0x000024ac] [debug] -->[C229] FlashTool_Disconnect_BROM #./api/api.cpp (line:1051)
[0000467] [10:29:09:510100] [Tid0x000024ac] [debug] <--[C229] FlashTool_Disconnect_BROM
[0000468] [10:29:10:137100] [Tid0x00001c98] [debug] -->[C230] DL_GetCount #./api/api.cpp (line:2587)
[0000469] [10:29:10:137100] [Tid0x00001c98] [debug] <--[C230] DL_GetCount
[0000470] [10:29:10:137100] [Tid0x00001c98] [debug] -->[C231] DL_Rom_GetInfoAll #./api/api.cpp (line:2752)
[0000471] [10:29:10:137100] [Tid0x00001c98] [debug] <--[C231] DL_Rom_GetInfoAll
[0000472] [10:29:10:139100] [Tid0x00001c98] [debug] -->[C232] DL_GetCount #./api/api.cpp (line:2587)
[0000473] [10:29:10:139100] [Tid0x00001c98] [debug] <--[C232] DL_GetCount
[0000474] [10:29:10:139100] [Tid0x00001c98] [debug] -->[C233] DL_Rom_GetInfoAll #./api/api.cpp (line:2752)
[0000475] [10:29:10:139100] [Tid0x00001c98] [debug] <--[C233] DL_Rom_GetInfoAll
[0000476] [10:29:15:803100] [Tid0x000025ac] [debug] -->[C234] FlashTool_Connect_BROM_ByName #./api/api.cpp (line:1975)
[0000477] [10:29:15:803100] [Tid0x000025ac] [debug] -->[C235] FlashTool_Connect_BROM_Ex #./api/api.cpp (line:1880)
[0000478] [10:29:15:803100] [Tid0x000025ac] [debug] bCheckScatter: 1
[0000479] [10:29:15:803100] [Tid0x000025ac] [debug] have load scatter already
[0000480] [10:29:15:803100] [Tid0x000025ac] [debug] libversion 1
[0000481] [10:29:16:399100] [Tid0x000025ac] [debug] <--[C235] FlashTool_Connect_BROM_Ex
[0000482] [10:29:16:399100] [Tid0x000025ac] [debug] <--[C234] FlashTool_Connect_BROM_ByName
[0000483] [10:29:16:399100] [Tid0x000025ac] [debug] -->[C236] FlashTool_GetBootResult #./api/api.cpp (line:1987)
[0000484] [10:29:16:399100] [Tid0x000025ac] [debug] <--[C236] FlashTool_GetBootResult
[0000485] [10:29:16:399100] [Tid0x000025ac] [debug] -->[C237] FlashTool_Connect_Download_DA #./api/api.cpp (line:2007)
[0000486] [10:29:16:399100] [Tid0x000025ac] [debug] bCheckScatter: 1
[0000487] [10:29:18:467100] [Tid0x000025ac] [debug] <--[C237] FlashTool_Connect_Download_DA
[0000488] [10:29:18:467100] [Tid0x000025ac] [debug] -->[C238] FlashTool_CheckUSBStatus #./api/api.cpp (line:1154)
[0000489] [10:29:18:468100] [Tid0x000025ac] [debug] <--[C238] FlashTool_CheckUSBStatus
[0000490] [10:29:18:468100] [Tid0x000025ac] [debug] -->[C239] FlashTool_CheckUSBStatus #./api/api.cpp (line:1154)
[0000491] [10:29:18:469100] [Tid0x000025ac] [debug] <--[C239] FlashTool_CheckUSBStatus
[0000492] [10:29:18:498100] [Tid0x000025ac] [debug] -->[C240] FlashTool_GetReservedRomSize #./api/api.cpp (line:1677)
[0000493] [10:29:18:499100] [Tid0x000025ac] [debug] <--[C240] FlashTool_GetReservedRomSize
[0000494] [10:29:18:499100] [Tid0x000025ac] [debug] -->[C241] FlashTool_Format #./api/api.cpp (line:1346)
[0000495] [10:29:18:721100] [Tid0x000025ac] [debug] <--[C241] FlashTool_Format
[0000496] [10:29:18:721100] [Tid0x000025ac] [debug] -->[C242] FlashTool_GetReservedRomSize #./api/api.cpp (line:1677)
[0000497] [10:29:18:722100] [Tid0x000025ac] [debug] <--[C242] FlashTool_GetReservedRomSize
[0000498] [10:29:18:722100] [Tid0x000025ac] [debug] -->[C243] FlashTool_Format #./api/api.cpp (line:1346)
[0000499] [10:29:18:932100] [Tid0x000025ac] [debug] <--[C243] FlashTool_Format
[0000500] [10:29:18:932100] [Tid0x000025ac] [debug] -->[C244] FlashTool_GetReservedRomSize #./api/api.cpp (line:1677)
[0000501] [10:29:18:932100] [Tid0x000025ac] [debug] <--[C244] FlashTool_GetReservedRomSize
[0000502] [10:29:18:932100] [Tid0x000025ac] [debug] -->[C245] FlashTool_Format #./api/api.cpp (line:1346)
[0000503] [10:29:19:138100] [Tid0x000025ac] [debug] <--[C245] FlashTool_Format
[0000504] [10:29:19:138100] [Tid0x000025ac] [debug] -->[C246] FlashTool_GetReservedRomSize #./api/api.cpp (line:1677)
[0000505] [10:29:19:138100] [Tid0x000025ac] [debug] <--[C246] FlashTool_GetReservedRomSize
[0000506] [10:29:19:138100] [Tid0x000025ac] [debug] -->[C247] FlashTool_Format #./api/api.cpp (line:1346)
[0000507] [10:29:19:796100] [Tid0x000025ac] [debug] <--[C247] FlashTool_Format
[0000508] [10:29:19:796100] [Tid0x000025ac] [debug] -->[C248] FlashTool_Download #./api/api.cpp (line:1300)
[0000509] [10:36:05:190100] [Tid0x000025ac] [debug] <--[C248] FlashTool_Download
[0000510] [10:36:05:191100] [Tid0x000025ac] [debug] -->[C249] DL_GetCount #./api/api.cpp (line:2587)
[0000511] [10:36:05:191100] [Tid0x000025ac] [debug] <--[C249] DL_GetCount
[0000512] [10:36:05:191100] [Tid0x000025ac] [debug] -->[C250] DL_Rom_GetInfoAll #./api/api.cpp (line:2752)
[0000513] [10:36:05:191100] [Tid0x000025ac] [debug] <--[C250] DL_Rom_GetInfoAll
[0000514] [10:36:05:191100] [Tid0x000025ac] [debug] -->[C251] FlashTool_Disconnect #./api/api.cpp (line:1033)
[0000515] [10:36:05:212100] [Tid0x000025ac] [debug] <--[C251] FlashTool_Disconnect
[0000516] [11:51:31:508100] [Tid0x00001c98] [debug] -->[C252] DL_Rom_UnloadAll #./api/api.cpp (line:2795)
[0000517] [11:51:31:693100] [Tid0x00001c98] [debug] <--[C252] DL_Rom_UnloadAll
