[0000001] [16:08:28:951883] [Tid0x000015c4] [debug] -->[C1] DL_LoadScatter #./api/api.cpp (line:2474)
[0000002] [16:08:29:020883] [Tid0x000015c4] [debug] used lib version: 1
[0000003] [16:08:29:020883] [Tid0x000015c4] [debug] <--[C1] DL_LoadScatter
[0000004] [16:08:29:020883] [Tid0x000015c4] [debug] -->[C2] DL_AutoLoadRomImages #./api/api.cpp (line:2667)
[0000005] [16:08:30:070883] [Tid0x000015c4] [debug] <--[C2] DL_AutoLoadRomImages
[0000006] [16:08:30:196883] [Tid0x00000a04] [debug] -->[C3] DL_GetCount #./api/api.cpp (line:2587)
[0000007] [16:08:30:196883] [Tid0x00000a04] [debug] <--[C3] DL_GetCount
[0000008] [16:08:30:196883] [Tid0x00000a04] [debug] -->[C4] DL_Rom_GetInfoAll #./api/api.cpp (line:2752)
[0000009] [16:08:30:196883] [Tid0x00000a04] [debug] <--[C4] DL_Rom_GetInfoAll
[0000010] [16:08:30:199883] [Tid0x00000a04] [debug] -->[C5] DL_GetScatterInfo #./api/api.cpp (line:2688)
[0000011] [16:08:30:199883] [Tid0x00000a04] [debug] <--[C5] DL_GetScatterInfo
[0000012] [16:08:30:213883] [Tid0x00000a04] [debug] -->[C6] DL_GetCount #./api/api.cpp (line:2587)
[0000013] [16:08:30:213883] [Tid0x00000a04] [debug] <--[C6] DL_GetCount
[0000014] [16:08:30:213883] [Tid0x00000a04] [debug] -->[C7] DL_Rom_GetInfoAll #./api/api.cpp (line:2752)
[0000015] [16:08:30:213883] [Tid0x00000a04] [debug] <--[C7] DL_Rom_GetInfoAll
[0000016] [16:08:30:215883] [Tid0x00000a04] [debug] -->[C8] DL_Rom_SetEnableAttr #./api/api.cpp (line:2806)
[0000017] [16:08:30:215883] [Tid0x00000a04] [debug] <--[C8] DL_Rom_SetEnableAttr
[0000018] [16:08:30:215883] [Tid0x00000a04] [debug] -->[C9] DL_GetCount #./api/api.cpp (line:2587)
[0000019] [16:08:30:215883] [Tid0x00000a04] [debug] <--[C9] DL_GetCount
[0000020] [16:08:30:215883] [Tid0x00000a04] [debug] -->[C10] DL_Rom_GetInfoAll #./api/api.cpp (line:2752)
[0000021] [16:08:30:216883] [Tid0x00000a04] [debug] <--[C10] DL_Rom_GetInfoAll
[0000022] [16:08:30:217883] [Tid0x00000a04] [debug] -->[C11] DL_Rom_SetEnableAttr #./api/api.cpp (line:2806)
[0000023] [16:08:30:217883] [Tid0x00000a04] [debug] <--[C11] DL_Rom_SetEnableAttr
[0000024] [16:08:30:219883] [Tid0x00000a04] [debug] -->[C12] DL_GetCount #./api/api.cpp (line:2587)
[0000025] [16:08:30:219883] [Tid0x00000a04] [debug] <--[C12] DL_GetCount
[0000026] [16:08:30:219883] [Tid0x00000a04] [debug] -->[C13] DL_Rom_GetInfoAll #./api/api.cpp (line:2752)
[0000027] [16:08:30:219883] [Tid0x00000a04] [debug] <--[C13] DL_Rom_GetInfoAll
[0000028] [16:08:30:221883] [Tid0x00000a04] [debug] -->[C14] DL_Rom_SetEnableAttr #./api/api.cpp (line:2806)
[0000029] [16:08:30:221883] [Tid0x00000a04] [debug] <--[C14] DL_Rom_SetEnableAttr
[0000030] [16:08:30:222883] [Tid0x00000a04] [debug] -->[C15] DL_GetCount #./api/api.cpp (line:2587)
[0000031] [16:08:30:223883] [Tid0x00000a04] [debug] <--[C15] DL_GetCount
[0000032] [16:08:30:223883] [Tid0x00000a04] [debug] -->[C16] DL_Rom_GetInfoAll #./api/api.cpp (line:2752)
[0000033] [16:08:30:223883] [Tid0x00000a04] [debug] <--[C16] DL_Rom_GetInfoAll
[0000034] [16:08:30:225883] [Tid0x00000a04] [debug] -->[C17] DL_Rom_SetEnableAttr #./api/api.cpp (line:2806)
[0000035] [16:08:30:225883] [Tid0x00000a04] [debug] <--[C17] DL_Rom_SetEnableAttr
[0000036] [16:08:30:225883] [Tid0x00000a04] [debug] -->[C18] DL_GetCount #./api/api.cpp (line:2587)
[0000037] [16:08:30:225883] [Tid0x00000a04] [debug] <--[C18] DL_GetCount
[0000038] [16:08:30:225883] [Tid0x00000a04] [debug] -->[C19] DL_Rom_GetInfoAll #./api/api.cpp (line:2752)
[0000039] [16:08:30:225883] [Tid0x00000a04] [debug] <--[C19] DL_Rom_GetInfoAll
[0000040] [16:08:30:227883] [Tid0x00000a04] [debug] -->[C20] DL_Rom_SetEnableAttr #./api/api.cpp (line:2806)
[0000041] [16:08:30:227883] [Tid0x00000a04] [debug] <--[C20] DL_Rom_SetEnableAttr
[0000042] [16:08:30:228883] [Tid0x00000a04] [debug] -->[C21] DL_GetCount #./api/api.cpp (line:2587)
[0000043] [16:08:30:228883] [Tid0x00000a04] [debug] <--[C21] DL_GetCount
[0000044] [16:08:30:228883] [Tid0x00000a04] [debug] -->[C22] DL_Rom_GetInfoAll #./api/api.cpp (line:2752)
[0000045] [16:08:30:229883] [Tid0x00000a04] [debug] <--[C22] DL_Rom_GetInfoAll
[0000046] [16:08:30:231883] [Tid0x00000a04] [debug] -->[C23] DL_Rom_SetEnableAttr #./api/api.cpp (line:2806)
[0000047] [16:08:30:231883] [Tid0x00000a04] [debug] <--[C23] DL_Rom_SetEnableAttr
[0000048] [16:08:30:232883] [Tid0x00000a04] [debug] -->[C24] DL_GetCount #./api/api.cpp (line:2587)
[0000049] [16:08:30:232883] [Tid0x00000a04] [debug] <--[C24] DL_GetCount
[0000050] [16:08:30:232883] [Tid0x00000a04] [debug] -->[C25] DL_Rom_GetInfoAll #./api/api.cpp (line:2752)
[0000051] [16:08:30:232883] [Tid0x00000a04] [debug] <--[C25] DL_Rom_GetInfoAll
[0000052] [16:08:30:234883] [Tid0x00000a04] [debug] -->[C26] DL_Rom_SetEnableAttr #./api/api.cpp (line:2806)
[0000053] [16:08:30:234883] [Tid0x00000a04] [debug] <--[C26] DL_Rom_SetEnableAttr
[0000054] [16:08:30:234883] [Tid0x00000a04] [debug] -->[C27] DL_GetCount #./api/api.cpp (line:2587)
[0000055] [16:08:30:234883] [Tid0x00000a04] [debug] <--[C27] DL_GetCount
[0000056] [16:08:30:234883] [Tid0x00000a04] [debug] -->[C28] DL_Rom_GetInfoAll #./api/api.cpp (line:2752)
[0000057] [16:08:30:235883] [Tid0x00000a04] [debug] <--[C28] DL_Rom_GetInfoAll
[0000058] [16:08:30:236883] [Tid0x00000a04] [debug] -->[C29] DL_Rom_SetEnableAttr #./api/api.cpp (line:2806)
[0000059] [16:08:30:236883] [Tid0x00000a04] [debug] <--[C29] DL_Rom_SetEnableAttr
[0000060] [16:08:30:238883] [Tid0x00000a04] [debug] -->[C30] DL_GetCount #./api/api.cpp (line:2587)
[0000061] [16:08:30:238883] [Tid0x00000a04] [debug] <--[C30] DL_GetCount
[0000062] [16:08:30:238883] [Tid0x00000a04] [debug] -->[C31] DL_Rom_GetInfoAll #./api/api.cpp (line:2752)
[0000063] [16:08:30:238883] [Tid0x00000a04] [debug] <--[C31] DL_Rom_GetInfoAll
[0000064] [16:08:30:240883] [Tid0x00000a04] [debug] -->[C32] DL_Rom_SetEnableAttr #./api/api.cpp (line:2806)
[0000065] [16:08:30:240883] [Tid0x00000a04] [debug] <--[C32] DL_Rom_SetEnableAttr
[0000066] [16:08:30:241883] [Tid0x00000a04] [debug] -->[C33] DL_GetCount #./api/api.cpp (line:2587)
[0000067] [16:08:30:241883] [Tid0x00000a04] [debug] <--[C33] DL_GetCount
[0000068] [16:08:30:241883] [Tid0x00000a04] [debug] -->[C34] DL_Rom_GetInfoAll #./api/api.cpp (line:2752)
[0000069] [16:08:30:241883] [Tid0x00000a04] [debug] <--[C34] DL_Rom_GetInfoAll
[0000070] [16:08:30:243883] [Tid0x00000a04] [debug] -->[C35] DL_Rom_SetEnableAttr #./api/api.cpp (line:2806)
[0000071] [16:08:30:243883] [Tid0x00000a04] [debug] <--[C35] DL_Rom_SetEnableAttr
[0000072] [16:08:30:243883] [Tid0x00000a04] [debug] -->[C36] DL_GetCount #./api/api.cpp (line:2587)
[0000073] [16:08:30:243883] [Tid0x00000a04] [debug] <--[C36] DL_GetCount
[0000074] [16:08:30:243883] [Tid0x00000a04] [debug] -->[C37] DL_Rom_GetInfoAll #./api/api.cpp (line:2752)
[0000075] [16:08:30:243883] [Tid0x00000a04] [debug] <--[C37] DL_Rom_GetInfoAll
[0000076] [16:08:30:245883] [Tid0x00000a04] [debug] -->[C38] DL_Rom_SetEnableAttr #./api/api.cpp (line:2806)
[0000077] [16:08:30:245883] [Tid0x00000a04] [debug] <--[C38] DL_Rom_SetEnableAttr
[0000078] [16:08:30:246883] [Tid0x00000a04] [debug] -->[C39] DL_GetCount #./api/api.cpp (line:2587)
[0000079] [16:08:30:246883] [Tid0x00000a04] [debug] <--[C39] DL_GetCount
[0000080] [16:08:30:246883] [Tid0x00000a04] [debug] -->[C40] DL_Rom_GetInfoAll #./api/api.cpp (line:2752)
[0000081] [16:08:30:247883] [Tid0x00000a04] [debug] <--[C40] DL_Rom_GetInfoAll
[0000082] [16:08:30:248883] [Tid0x00000a04] [debug] -->[C41] DL_Rom_SetEnableAttr #./api/api.cpp (line:2806)
[0000083] [16:08:30:248883] [Tid0x00000a04] [debug] <--[C41] DL_Rom_SetEnableAttr
[0000084] [16:08:30:250883] [Tid0x00000a04] [debug] -->[C42] DL_GetCount #./api/api.cpp (line:2587)
[0000085] [16:08:30:250883] [Tid0x00000a04] [debug] <--[C42] DL_GetCount
[0000086] [16:08:30:250883] [Tid0x00000a04] [debug] -->[C43] DL_Rom_GetInfoAll #./api/api.cpp (line:2752)
[0000087] [16:08:30:250883] [Tid0x00000a04] [debug] <--[C43] DL_Rom_GetInfoAll
[0000088] [16:08:30:252883] [Tid0x00000a04] [debug] -->[C44] DL_Rom_SetEnableAttr #./api/api.cpp (line:2806)
[0000089] [16:08:30:252883] [Tid0x00000a04] [debug] <--[C44] DL_Rom_SetEnableAttr
[0000090] [16:08:30:252883] [Tid0x00000a04] [debug] -->[C45] DL_GetCount #./api/api.cpp (line:2587)
[0000091] [16:08:30:252883] [Tid0x00000a04] [debug] <--[C45] DL_GetCount
[0000092] [16:08:30:252883] [Tid0x00000a04] [debug] -->[C46] DL_Rom_GetInfoAll #./api/api.cpp (line:2752)
[0000093] [16:08:30:252883] [Tid0x00000a04] [debug] <--[C46] DL_Rom_GetInfoAll
[0000094] [16:08:30:254883] [Tid0x00000a04] [debug] -->[C47] DL_Rom_SetEnableAttr #./api/api.cpp (line:2806)
[0000095] [16:08:30:254883] [Tid0x00000a04] [debug] <--[C47] DL_Rom_SetEnableAttr
[0000096] [16:08:30:256883] [Tid0x00000a04] [debug] -->[C48] DL_GetCount #./api/api.cpp (line:2587)
[0000097] [16:08:30:256883] [Tid0x00000a04] [debug] <--[C48] DL_GetCount
[0000098] [16:08:30:256883] [Tid0x00000a04] [debug] -->[C49] DL_Rom_GetInfoAll #./api/api.cpp (line:2752)
[0000099] [16:08:30:256883] [Tid0x00000a04] [debug] <--[C49] DL_Rom_GetInfoAll
[0000100] [16:08:30:258883] [Tid0x00000a04] [debug] -->[C50] DL_Rom_SetEnableAttr #./api/api.cpp (line:2806)
[0000101] [16:08:30:258883] [Tid0x00000a04] [debug] <--[C50] DL_Rom_SetEnableAttr
[0000102] [16:08:30:258883] [Tid0x00000a04] [debug] -->[C51] DL_GetCount #./api/api.cpp (line:2587)
[0000103] [16:08:30:258883] [Tid0x00000a04] [debug] <--[C51] DL_GetCount
[0000104] [16:08:30:258883] [Tid0x00000a04] [debug] -->[C52] DL_Rom_GetInfoAll #./api/api.cpp (line:2752)
[0000105] [16:08:30:259883] [Tid0x00000a04] [debug] <--[C52] DL_Rom_GetInfoAll
[0000106] [16:08:30:260883] [Tid0x00000a04] [debug] -->[C53] DL_Rom_SetEnableAttr #./api/api.cpp (line:2806)
[0000107] [16:08:30:260883] [Tid0x00000a04] [debug] <--[C53] DL_Rom_SetEnableAttr
[0000108] [16:08:30:260883] [Tid0x00000a04] [debug] -->[C54] DL_GetCount #./api/api.cpp (line:2587)
[0000109] [16:08:30:260883] [Tid0x00000a04] [debug] <--[C54] DL_GetCount
[0000110] [16:08:30:260883] [Tid0x00000a04] [debug] -->[C55] DL_Rom_GetInfoAll #./api/api.cpp (line:2752)
[0000111] [16:08:30:260883] [Tid0x00000a04] [debug] <--[C55] DL_Rom_GetInfoAll
[0000112] [16:08:30:261883] [Tid0x00000a04] [debug] -->[C56] DL_Rom_SetEnableAttr #./api/api.cpp (line:2806)
[0000113] [16:08:30:261883] [Tid0x00000a04] [debug] <--[C56] DL_Rom_SetEnableAttr
[0000114] [16:08:30:262883] [Tid0x00000a04] [debug] -->[C57] DL_GetCount #./api/api.cpp (line:2587)
[0000115] [16:08:30:262883] [Tid0x00000a04] [debug] <--[C57] DL_GetCount
[0000116] [16:08:30:262883] [Tid0x00000a04] [debug] -->[C58] DL_Rom_GetInfoAll #./api/api.cpp (line:2752)
[0000117] [16:08:30:262883] [Tid0x00000a04] [debug] <--[C58] DL_Rom_GetInfoAll
[0000118] [16:08:30:263883] [Tid0x00000a04] [debug] -->[C59] DL_Rom_SetEnableAttr #./api/api.cpp (line:2806)
[0000119] [16:08:30:263883] [Tid0x00000a04] [debug] <--[C59] DL_Rom_SetEnableAttr
[0000120] [16:08:30:264883] [Tid0x00000a04] [debug] -->[C60] DL_GetCount #./api/api.cpp (line:2587)
[0000121] [16:08:30:264883] [Tid0x00000a04] [debug] <--[C60] DL_GetCount
[0000122] [16:08:30:264883] [Tid0x00000a04] [debug] -->[C61] DL_Rom_GetInfoAll #./api/api.cpp (line:2752)
[0000123] [16:08:30:264883] [Tid0x00000a04] [debug] <--[C61] DL_Rom_GetInfoAll
[0000124] [16:08:30:265883] [Tid0x00000a04] [debug] -->[C62] DL_Rom_SetEnableAttr #./api/api.cpp (line:2806)
[0000125] [16:08:30:265883] [Tid0x00000a04] [debug] <--[C62] DL_Rom_SetEnableAttr
[0000126] [16:08:30:265883] [Tid0x00000a04] [debug] -->[C63] DL_GetCount #./api/api.cpp (line:2587)
[0000127] [16:08:30:265883] [Tid0x00000a04] [debug] <--[C63] DL_GetCount
[0000128] [16:08:30:265883] [Tid0x00000a04] [debug] -->[C64] DL_Rom_GetInfoAll #./api/api.cpp (line:2752)
[0000129] [16:08:30:265883] [Tid0x00000a04] [debug] <--[C64] DL_Rom_GetInfoAll
[0000130] [16:08:30:267883] [Tid0x00000a04] [debug] -->[C65] DL_Rom_SetEnableAttr #./api/api.cpp (line:2806)
[0000131] [16:08:30:267883] [Tid0x00000a04] [debug] <--[C65] DL_Rom_SetEnableAttr
[0000132] [16:08:30:267883] [Tid0x00000a04] [debug] -->[C66] DL_GetCount #./api/api.cpp (line:2587)
[0000133] [16:08:30:267883] [Tid0x00000a04] [debug] <--[C66] DL_GetCount
[0000134] [16:08:30:267883] [Tid0x00000a04] [debug] -->[C67] DL_Rom_GetInfoAll #./api/api.cpp (line:2752)
[0000135] [16:08:30:267883] [Tid0x00000a04] [debug] <--[C67] DL_Rom_GetInfoAll
[0000136] [16:08:30:268883] [Tid0x00000a04] [debug] -->[C68] DL_Rom_SetEnableAttr #./api/api.cpp (line:2806)
[0000137] [16:08:30:269883] [Tid0x00000a04] [debug] <--[C68] DL_Rom_SetEnableAttr
[0000138] [16:08:30:269883] [Tid0x00000a04] [debug] -->[C69] DL_GetCount #./api/api.cpp (line:2587)
[0000139] [16:08:30:269883] [Tid0x00000a04] [debug] <--[C69] DL_GetCount
[0000140] [16:08:30:269883] [Tid0x00000a04] [debug] -->[C70] DL_Rom_GetInfoAll #./api/api.cpp (line:2752)
[0000141] [16:08:30:269883] [Tid0x00000a04] [debug] <--[C70] DL_Rom_GetInfoAll
[0000142] [16:08:30:270883] [Tid0x00000a04] [debug] -->[C71] DL_Rom_SetEnableAttr #./api/api.cpp (line:2806)
[0000143] [16:08:30:270883] [Tid0x00000a04] [debug] <--[C71] DL_Rom_SetEnableAttr
[0000144] [16:08:30:270883] [Tid0x00000a04] [debug] -->[C72] DL_GetCount #./api/api.cpp (line:2587)
[0000145] [16:08:30:271883] [Tid0x00000a04] [debug] <--[C72] DL_GetCount
[0000146] [16:08:30:271883] [Tid0x00000a04] [debug] -->[C73] DL_Rom_GetInfoAll #./api/api.cpp (line:2752)
[0000147] [16:08:30:271883] [Tid0x00000a04] [debug] <--[C73] DL_Rom_GetInfoAll
[0000148] [16:08:30:272883] [Tid0x00000a04] [debug] -->[C74] DL_Rom_SetEnableAttr #./api/api.cpp (line:2806)
[0000149] [16:08:30:272883] [Tid0x00000a04] [debug] <--[C74] DL_Rom_SetEnableAttr
[0000150] [16:08:30:272883] [Tid0x00000a04] [debug] -->[C75] DL_GetCount #./api/api.cpp (line:2587)
[0000151] [16:08:30:272883] [Tid0x00000a04] [debug] <--[C75] DL_GetCount
[0000152] [16:08:30:272883] [Tid0x00000a04] [debug] -->[C76] DL_Rom_GetInfoAll #./api/api.cpp (line:2752)
[0000153] [16:08:30:272883] [Tid0x00000a04] [debug] <--[C76] DL_Rom_GetInfoAll
[0000154] [16:08:30:274883] [Tid0x00000a04] [debug] -->[C77] DL_Rom_SetEnableAttr #./api/api.cpp (line:2806)
[0000155] [16:08:30:274883] [Tid0x00000a04] [debug] <--[C77] DL_Rom_SetEnableAttr
[0000156] [16:08:30:274883] [Tid0x00000a04] [debug] -->[C78] DL_GetCount #./api/api.cpp (line:2587)
[0000157] [16:08:30:274883] [Tid0x00000a04] [debug] <--[C78] DL_GetCount
[0000158] [16:08:30:274883] [Tid0x00000a04] [debug] -->[C79] DL_Rom_GetInfoAll #./api/api.cpp (line:2752)
[0000159] [16:08:30:274883] [Tid0x00000a04] [debug] <--[C79] DL_Rom_GetInfoAll
[0000160] [16:08:30:275883] [Tid0x00000a04] [debug] -->[C80] DL_Rom_SetEnableAttr #./api/api.cpp (line:2806)
[0000161] [16:08:30:275883] [Tid0x00000a04] [debug] <--[C80] DL_Rom_SetEnableAttr
[0000162] [16:08:30:275883] [Tid0x00000a04] [debug] -->[C81] DL_GetCount #./api/api.cpp (line:2587)
[0000163] [16:08:30:276883] [Tid0x00000a04] [debug] <--[C81] DL_GetCount
[0000164] [16:08:30:276883] [Tid0x00000a04] [debug] -->[C82] DL_Rom_GetInfoAll #./api/api.cpp (line:2752)
[0000165] [16:08:30:276883] [Tid0x00000a04] [debug] <--[C82] DL_Rom_GetInfoAll
[0000166] [16:08:30:277883] [Tid0x00000a04] [debug] -->[C83] DL_Rom_SetEnableAttr #./api/api.cpp (line:2806)
[0000167] [16:08:30:277883] [Tid0x00000a04] [debug] <--[C83] DL_Rom_SetEnableAttr
[0000168] [16:08:30:278883] [Tid0x00000a04] [debug] -->[C84] DL_GetCount #./api/api.cpp (line:2587)
[0000169] [16:08:30:278883] [Tid0x00000a04] [debug] <--[C84] DL_GetCount
[0000170] [16:08:30:278883] [Tid0x00000a04] [debug] -->[C85] DL_Rom_GetInfoAll #./api/api.cpp (line:2752)
[0000171] [16:08:30:278883] [Tid0x00000a04] [debug] <--[C85] DL_Rom_GetInfoAll
[0000172] [16:08:30:279883] [Tid0x00000a04] [debug] -->[C86] DL_Rom_SetEnableAttr #./api/api.cpp (line:2806)
[0000173] [16:08:30:279883] [Tid0x00000a04] [debug] <--[C86] DL_Rom_SetEnableAttr
[0000174] [16:08:30:280883] [Tid0x00000a04] [debug] -->[C87] DL_GetCount #./api/api.cpp (line:2587)
[0000175] [16:08:30:280883] [Tid0x00000a04] [debug] <--[C87] DL_GetCount
[0000176] [16:08:30:280883] [Tid0x00000a04] [debug] -->[C88] DL_Rom_GetInfoAll #./api/api.cpp (line:2752)
[0000177] [16:08:30:280883] [Tid0x00000a04] [debug] <--[C88] DL_Rom_GetInfoAll
[0000178] [16:08:30:282883] [Tid0x00000a04] [debug] -->[C89] DL_Rom_SetEnableAttr #./api/api.cpp (line:2806)
[0000179] [16:08:30:282883] [Tid0x00000a04] [debug] <--[C89] DL_Rom_SetEnableAttr
[0000180] [16:08:30:282883] [Tid0x00000a04] [debug] -->[C90] DL_GetCount #./api/api.cpp (line:2587)
[0000181] [16:08:30:282883] [Tid0x00000a04] [debug] <--[C90] DL_GetCount
[0000182] [16:08:30:282883] [Tid0x00000a04] [debug] -->[C91] DL_Rom_GetInfoAll #./api/api.cpp (line:2752)
[0000183] [16:08:30:282883] [Tid0x00000a04] [debug] <--[C91] DL_Rom_GetInfoAll
[0000184] [16:08:30:284883] [Tid0x00000a04] [debug] -->[C92] DL_Rom_SetEnableAttr #./api/api.cpp (line:2806)
[0000185] [16:08:30:284883] [Tid0x00000a04] [debug] <--[C92] DL_Rom_SetEnableAttr
[0000186] [16:08:30:285883] [Tid0x00000a04] [debug] -->[C93] DL_GetCount #./api/api.cpp (line:2587)
[0000187] [16:08:30:285883] [Tid0x00000a04] [debug] <--[C93] DL_GetCount
[0000188] [16:08:30:285883] [Tid0x00000a04] [debug] -->[C94] DL_Rom_GetInfoAll #./api/api.cpp (line:2752)
[0000189] [16:08:30:285883] [Tid0x00000a04] [debug] <--[C94] DL_Rom_GetInfoAll
[0000190] [16:08:30:286883] [Tid0x00000a04] [debug] -->[C95] DL_Rom_SetEnableAttr #./api/api.cpp (line:2806)
[0000191] [16:08:30:286883] [Tid0x00000a04] [debug] <--[C95] DL_Rom_SetEnableAttr
[0000192] [16:08:30:286883] [Tid0x00000a04] [debug] -->[C96] DL_GetCount #./api/api.cpp (line:2587)
[0000193] [16:08:30:287883] [Tid0x00000a04] [debug] <--[C96] DL_GetCount
[0000194] [16:08:30:287883] [Tid0x00000a04] [debug] -->[C97] DL_Rom_GetInfoAll #./api/api.cpp (line:2752)
[0000195] [16:08:30:287883] [Tid0x00000a04] [debug] <--[C97] DL_Rom_GetInfoAll
[0000196] [16:08:30:288883] [Tid0x00000a04] [debug] -->[C98] DL_Rom_SetEnableAttr #./api/api.cpp (line:2806)
[0000197] [16:08:30:288883] [Tid0x00000a04] [debug] <--[C98] DL_Rom_SetEnableAttr
[0000198] [16:08:30:288883] [Tid0x00000a04] [debug] -->[C99] DL_GetCount #./api/api.cpp (line:2587)
[0000199] [16:08:30:288883] [Tid0x00000a04] [debug] <--[C99] DL_GetCount
[0000200] [16:08:30:288883] [Tid0x00000a04] [debug] -->[C100] DL_Rom_GetInfoAll #./api/api.cpp (line:2752)
[0000201] [16:08:30:288883] [Tid0x00000a04] [debug] <--[C100] DL_Rom_GetInfoAll
[0000202] [16:08:30:289883] [Tid0x00000a04] [debug] -->[C101] DL_Rom_SetEnableAttr #./api/api.cpp (line:2806)
[0000203] [16:08:30:289883] [Tid0x00000a04] [debug] <--[C101] DL_Rom_SetEnableAttr
[0000204] [16:08:30:289883] [Tid0x00000a04] [debug] -->[C102] DL_GetCount #./api/api.cpp (line:2587)
[0000205] [16:08:30:289883] [Tid0x00000a04] [debug] <--[C102] DL_GetCount
[0000206] [16:08:30:289883] [Tid0x00000a04] [debug] -->[C103] DL_Rom_GetInfoAll #./api/api.cpp (line:2752)
[0000207] [16:08:30:289883] [Tid0x00000a04] [debug] <--[C103] DL_Rom_GetInfoAll
[0000208] [16:08:30:290883] [Tid0x00000a04] [debug] -->[C104] DL_Rom_SetEnableAttr #./api/api.cpp (line:2806)
[0000209] [16:08:30:290883] [Tid0x00000a04] [debug] <--[C104] DL_Rom_SetEnableAttr
[0000210] [16:08:30:291883] [Tid0x00000a04] [debug] -->[C105] DL_GetCount #./api/api.cpp (line:2587)
[0000211] [16:08:30:291883] [Tid0x00000a04] [debug] <--[C105] DL_GetCount
[0000212] [16:08:30:291883] [Tid0x00000a04] [debug] -->[C106] DL_Rom_GetInfoAll #./api/api.cpp (line:2752)
[0000213] [16:08:30:291883] [Tid0x00000a04] [debug] <--[C106] DL_Rom_GetInfoAll
[0000214] [16:08:30:292883] [Tid0x00000a04] [debug] -->[C107] DL_Rom_SetEnableAttr #./api/api.cpp (line:2806)
[0000215] [16:08:30:292883] [Tid0x00000a04] [debug] <--[C107] DL_Rom_SetEnableAttr
[0000216] [16:08:30:292883] [Tid0x00000a04] [debug] -->[C108] DL_GetCount #./api/api.cpp (line:2587)
[0000217] [16:08:30:292883] [Tid0x00000a04] [debug] <--[C108] DL_GetCount
[0000218] [16:08:30:292883] [Tid0x00000a04] [debug] -->[C109] DL_Rom_GetInfoAll #./api/api.cpp (line:2752)
[0000219] [16:08:30:292883] [Tid0x00000a04] [debug] <--[C109] DL_Rom_GetInfoAll
[0000220] [16:08:30:293883] [Tid0x00000a04] [debug] -->[C110] DL_Rom_SetEnableAttr #./api/api.cpp (line:2806)
[0000221] [16:08:30:293883] [Tid0x00000a04] [debug] <--[C110] DL_Rom_SetEnableAttr
[0000222] [16:08:30:293883] [Tid0x00000a04] [debug] -->[C111] DL_GetCount #./api/api.cpp (line:2587)
[0000223] [16:08:30:293883] [Tid0x00000a04] [debug] <--[C111] DL_GetCount
[0000224] [16:08:30:293883] [Tid0x00000a04] [debug] -->[C112] DL_Rom_GetInfoAll #./api/api.cpp (line:2752)
[0000225] [16:08:30:293883] [Tid0x00000a04] [debug] <--[C112] DL_Rom_GetInfoAll
[0000226] [16:08:30:294883] [Tid0x00000a04] [debug] -->[C113] DL_Rom_SetEnableAttr #./api/api.cpp (line:2806)
[0000227] [16:08:30:294883] [Tid0x00000a04] [debug] <--[C113] DL_Rom_SetEnableAttr
[0000228] [16:08:30:295883] [Tid0x00000a04] [debug] -->[C114] DL_SetChecksumLevel #./api/api.cpp (line:2516)
[0000229] [16:08:30:295883] [Tid0x00000a04] [debug] <--[C114] DL_SetChecksumLevel
[0000230] [16:09:38:912883] [Tid0x000015b0] [debug] -->[C115] DL_LoadScatter #./api/api.cpp (line:2474)
[0000231] [16:09:39:040883] [Tid0x000015b0] [debug] used lib version: 1
[0000232] [16:09:39:040883] [Tid0x000015b0] [debug] <--[C115] DL_LoadScatter
[0000233] [16:09:39:040883] [Tid0x000015b0] [debug] -->[C116] DL_AutoLoadRomImages #./api/api.cpp (line:2667)
[0000234] [16:09:41:523883] [Tid0x000015b0] [debug] <--[C116] DL_AutoLoadRomImages
[0000235] [16:09:41:543883] [Tid0x00000a04] [debug] -->[C117] DL_GetCount #./api/api.cpp (line:2587)
[0000236] [16:09:41:543883] [Tid0x00000a04] [debug] <--[C117] DL_GetCount
[0000237] [16:09:41:543883] [Tid0x00000a04] [debug] -->[C118] DL_Rom_GetInfoAll #./api/api.cpp (line:2752)
[0000238] [16:09:41:543883] [Tid0x00000a04] [debug] <--[C118] DL_Rom_GetInfoAll
[0000239] [16:09:41:546883] [Tid0x00000a04] [debug] -->[C119] DL_GetScatterInfo #./api/api.cpp (line:2688)
[0000240] [16:09:41:546883] [Tid0x00000a04] [debug] <--[C119] DL_GetScatterInfo
[0000241] [16:09:41:550883] [Tid0x00000a04] [debug] -->[C120] DL_GetCount #./api/api.cpp (line:2587)
[0000242] [16:09:41:551883] [Tid0x00000a04] [debug] <--[C120] DL_GetCount
[0000243] [16:09:41:551883] [Tid0x00000a04] [debug] -->[C121] DL_Rom_GetInfoAll #./api/api.cpp (line:2752)
[0000244] [16:09:41:551883] [Tid0x00000a04] [debug] <--[C121] DL_Rom_GetInfoAll
[0000245] [16:09:41:553883] [Tid0x00000a04] [debug] -->[C122] DL_Rom_SetEnableAttr #./api/api.cpp (line:2806)
[0000246] [16:09:41:553883] [Tid0x00000a04] [debug] <--[C122] DL_Rom_SetEnableAttr
[0000247] [16:09:41:558883] [Tid0x00000a04] [debug] -->[C123] DL_GetCount #./api/api.cpp (line:2587)
[0000248] [16:09:41:558883] [Tid0x00000a04] [debug] <--[C123] DL_GetCount
[0000249] [16:09:41:558883] [Tid0x00000a04] [debug] -->[C124] DL_Rom_GetInfoAll #./api/api.cpp (line:2752)
[0000250] [16:09:41:559883] [Tid0x00000a04] [debug] <--[C124] DL_Rom_GetInfoAll
[0000251] [16:09:41:560883] [Tid0x00000a04] [debug] -->[C125] DL_Rom_SetEnableAttr #./api/api.cpp (line:2806)
[0000252] [16:09:41:560883] [Tid0x00000a04] [debug] <--[C125] DL_Rom_SetEnableAttr
[0000253] [16:09:41:561883] [Tid0x00000a04] [debug] -->[C126] DL_GetCount #./api/api.cpp (line:2587)
[0000254] [16:09:41:562883] [Tid0x00000a04] [debug] <--[C126] DL_GetCount
[0000255] [16:09:41:562883] [Tid0x00000a04] [debug] -->[C127] DL_Rom_GetInfoAll #./api/api.cpp (line:2752)
[0000256] [16:09:41:562883] [Tid0x00000a04] [debug] <--[C127] DL_Rom_GetInfoAll
[0000257] [16:09:41:563883] [Tid0x00000a04] [debug] -->[C128] DL_Rom_SetEnableAttr #./api/api.cpp (line:2806)
[0000258] [16:09:41:563883] [Tid0x00000a04] [debug] <--[C128] DL_Rom_SetEnableAttr
[0000259] [16:09:41:568883] [Tid0x00000a04] [debug] -->[C129] DL_GetCount #./api/api.cpp (line:2587)
[0000260] [16:09:41:568883] [Tid0x00000a04] [debug] <--[C129] DL_GetCount
[0000261] [16:09:41:568883] [Tid0x00000a04] [debug] -->[C130] DL_Rom_GetInfoAll #./api/api.cpp (line:2752)
[0000262] [16:09:41:568883] [Tid0x00000a04] [debug] <--[C130] DL_Rom_GetInfoAll
[0000263] [16:09:41:569883] [Tid0x00000a04] [debug] -->[C131] DL_Rom_SetEnableAttr #./api/api.cpp (line:2806)
[0000264] [16:09:41:569883] [Tid0x00000a04] [debug] <--[C131] DL_Rom_SetEnableAttr
[0000265] [16:09:41:569883] [Tid0x00000a04] [debug] -->[C132] DL_GetCount #./api/api.cpp (line:2587)
[0000266] [16:09:41:569883] [Tid0x00000a04] [debug] <--[C132] DL_GetCount
[0000267] [16:09:41:569883] [Tid0x00000a04] [debug] -->[C133] DL_Rom_GetInfoAll #./api/api.cpp (line:2752)
[0000268] [16:09:41:569883] [Tid0x00000a04] [debug] <--[C133] DL_Rom_GetInfoAll
[0000269] [16:09:41:570883] [Tid0x00000a04] [debug] -->[C134] DL_Rom_SetEnableAttr #./api/api.cpp (line:2806)
[0000270] [16:09:41:570883] [Tid0x00000a04] [debug] <--[C134] DL_Rom_SetEnableAttr
[0000271] [16:09:41:574883] [Tid0x00000a04] [debug] -->[C135] DL_GetCount #./api/api.cpp (line:2587)
[0000272] [16:09:41:574883] [Tid0x00000a04] [debug] <--[C135] DL_GetCount
[0000273] [16:09:41:574883] [Tid0x00000a04] [debug] -->[C136] DL_Rom_GetInfoAll #./api/api.cpp (line:2752)
[0000274] [16:09:41:575883] [Tid0x00000a04] [debug] <--[C136] DL_Rom_GetInfoAll
[0000275] [16:09:41:575883] [Tid0x00000a04] [debug] -->[C137] DL_Rom_SetEnableAttr #./api/api.cpp (line:2806)
[0000276] [16:09:41:575883] [Tid0x00000a04] [debug] <--[C137] DL_Rom_SetEnableAttr
[0000277] [16:09:41:577883] [Tid0x00000a04] [debug] -->[C138] DL_GetCount #./api/api.cpp (line:2587)
[0000278] [16:09:41:577883] [Tid0x00000a04] [debug] <--[C138] DL_GetCount
[0000279] [16:09:41:577883] [Tid0x00000a04] [debug] -->[C139] DL_Rom_GetInfoAll #./api/api.cpp (line:2752)
[0000280] [16:09:41:577883] [Tid0x00000a04] [debug] <--[C139] DL_Rom_GetInfoAll
[0000281] [16:09:41:578883] [Tid0x00000a04] [debug] -->[C140] DL_Rom_SetEnableAttr #./api/api.cpp (line:2806)
[0000282] [16:09:41:578883] [Tid0x00000a04] [debug] <--[C140] DL_Rom_SetEnableAttr
[0000283] [16:09:41:578883] [Tid0x00000a04] [debug] -->[C141] DL_GetCount #./api/api.cpp (line:2587)
[0000284] [16:09:41:578883] [Tid0x00000a04] [debug] <--[C141] DL_GetCount
[0000285] [16:09:41:578883] [Tid0x00000a04] [debug] -->[C142] DL_Rom_GetInfoAll #./api/api.cpp (line:2752)
[0000286] [16:09:41:578883] [Tid0x00000a04] [debug] <--[C142] DL_Rom_GetInfoAll
[0000287] [16:09:41:579883] [Tid0x00000a04] [debug] -->[C143] DL_Rom_SetEnableAttr #./api/api.cpp (line:2806)
[0000288] [16:09:41:579883] [Tid0x00000a04] [debug] <--[C143] DL_Rom_SetEnableAttr
[0000289] [16:09:41:581883] [Tid0x00000a04] [debug] -->[C144] DL_GetCount #./api/api.cpp (line:2587)
[0000290] [16:09:41:581883] [Tid0x00000a04] [debug] <--[C144] DL_GetCount
[0000291] [16:09:41:581883] [Tid0x00000a04] [debug] -->[C145] DL_Rom_GetInfoAll #./api/api.cpp (line:2752)
[0000292] [16:09:41:581883] [Tid0x00000a04] [debug] <--[C145] DL_Rom_GetInfoAll
[0000293] [16:09:41:582883] [Tid0x00000a04] [debug] -->[C146] DL_Rom_SetEnableAttr #./api/api.cpp (line:2806)
[0000294] [16:09:41:582883] [Tid0x00000a04] [debug] <--[C146] DL_Rom_SetEnableAttr
[0000295] [16:09:41:583883] [Tid0x00000a04] [debug] -->[C147] DL_GetCount #./api/api.cpp (line:2587)
[0000296] [16:09:41:583883] [Tid0x00000a04] [debug] <--[C147] DL_GetCount
[0000297] [16:09:41:583883] [Tid0x00000a04] [debug] -->[C148] DL_Rom_GetInfoAll #./api/api.cpp (line:2752)
[0000298] [16:09:41:583883] [Tid0x00000a04] [debug] <--[C148] DL_Rom_GetInfoAll
[0000299] [16:09:41:584883] [Tid0x00000a04] [debug] -->[C149] DL_Rom_SetEnableAttr #./api/api.cpp (line:2806)
[0000300] [16:09:41:584883] [Tid0x00000a04] [debug] <--[C149] DL_Rom_SetEnableAttr
[0000301] [16:09:41:585883] [Tid0x00000a04] [debug] -->[C150] DL_GetCount #./api/api.cpp (line:2587)
[0000302] [16:09:41:585883] [Tid0x00000a04] [debug] <--[C150] DL_GetCount
[0000303] [16:09:41:585883] [Tid0x00000a04] [debug] -->[C151] DL_Rom_GetInfoAll #./api/api.cpp (line:2752)
[0000304] [16:09:41:585883] [Tid0x00000a04] [debug] <--[C151] DL_Rom_GetInfoAll
[0000305] [16:09:41:585883] [Tid0x00000a04] [debug] -->[C152] DL_Rom_SetEnableAttr #./api/api.cpp (line:2806)
[0000306] [16:09:41:585883] [Tid0x00000a04] [debug] <--[C152] DL_Rom_SetEnableAttr
[0000307] [16:09:41:588883] [Tid0x00000a04] [debug] -->[C153] DL_GetCount #./api/api.cpp (line:2587)
[0000308] [16:09:41:588883] [Tid0x00000a04] [debug] <--[C153] DL_GetCount
[0000309] [16:09:41:588883] [Tid0x00000a04] [debug] -->[C154] DL_Rom_GetInfoAll #./api/api.cpp (line:2752)
[0000310] [16:09:41:588883] [Tid0x00000a04] [debug] <--[C154] DL_Rom_GetInfoAll
[0000311] [16:09:41:589883] [Tid0x00000a04] [debug] -->[C155] DL_Rom_SetEnableAttr #./api/api.cpp (line:2806)
[0000312] [16:09:41:589883] [Tid0x00000a04] [debug] <--[C155] DL_Rom_SetEnableAttr
[0000313] [16:09:41:589883] [Tid0x00000a04] [debug] -->[C156] DL_GetCount #./api/api.cpp (line:2587)
[0000314] [16:09:41:589883] [Tid0x00000a04] [debug] <--[C156] DL_GetCount
[0000315] [16:09:41:589883] [Tid0x00000a04] [debug] -->[C157] DL_Rom_GetInfoAll #./api/api.cpp (line:2752)
[0000316] [16:09:41:589883] [Tid0x00000a04] [debug] <--[C157] DL_Rom_GetInfoAll
[0000317] [16:09:41:590883] [Tid0x00000a04] [debug] -->[C158] DL_Rom_SetEnableAttr #./api/api.cpp (line:2806)
[0000318] [16:09:41:590883] [Tid0x00000a04] [debug] <--[C158] DL_Rom_SetEnableAttr
[0000319] [16:09:41:595883] [Tid0x00000a04] [debug] -->[C159] DL_GetCount #./api/api.cpp (line:2587)
[0000320] [16:09:41:595883] [Tid0x00000a04] [debug] <--[C159] DL_GetCount
[0000321] [16:09:41:595883] [Tid0x00000a04] [debug] -->[C160] DL_Rom_GetInfoAll #./api/api.cpp (line:2752)
[0000322] [16:09:41:595883] [Tid0x00000a04] [debug] <--[C160] DL_Rom_GetInfoAll
[0000323] [16:09:41:596883] [Tid0x00000a04] [debug] -->[C161] DL_Rom_SetEnableAttr #./api/api.cpp (line:2806)
[0000324] [16:09:41:596883] [Tid0x00000a04] [debug] <--[C161] DL_Rom_SetEnableAttr
[0000325] [16:09:41:597883] [Tid0x00000a04] [debug] -->[C162] DL_GetCount #./api/api.cpp (line:2587)
[0000326] [16:09:41:597883] [Tid0x00000a04] [debug] <--[C162] DL_GetCount
[0000327] [16:09:41:597883] [Tid0x00000a04] [debug] -->[C163] DL_Rom_GetInfoAll #./api/api.cpp (line:2752)
[0000328] [16:09:41:597883] [Tid0x00000a04] [debug] <--[C163] DL_Rom_GetInfoAll
[0000329] [16:09:41:598883] [Tid0x00000a04] [debug] -->[C164] DL_Rom_SetEnableAttr #./api/api.cpp (line:2806)
[0000330] [16:09:41:598883] [Tid0x00000a04] [debug] <--[C164] DL_Rom_SetEnableAttr
[0000331] [16:09:41:599883] [Tid0x00000a04] [debug] -->[C165] DL_GetCount #./api/api.cpp (line:2587)
[0000332] [16:09:41:599883] [Tid0x00000a04] [debug] <--[C165] DL_GetCount
[0000333] [16:09:41:599883] [Tid0x00000a04] [debug] -->[C166] DL_Rom_GetInfoAll #./api/api.cpp (line:2752)
[0000334] [16:09:41:600883] [Tid0x00000a04] [debug] <--[C166] DL_Rom_GetInfoAll
[0000335] [16:09:41:600883] [Tid0x00000a04] [debug] -->[C167] DL_Rom_SetEnableAttr #./api/api.cpp (line:2806)
[0000336] [16:09:41:600883] [Tid0x00000a04] [debug] <--[C167] DL_Rom_SetEnableAttr
[0000337] [16:09:41:601883] [Tid0x00000a04] [debug] -->[C168] DL_GetCount #./api/api.cpp (line:2587)
[0000338] [16:09:41:601883] [Tid0x00000a04] [debug] <--[C168] DL_GetCount
[0000339] [16:09:41:601883] [Tid0x00000a04] [debug] -->[C169] DL_Rom_GetInfoAll #./api/api.cpp (line:2752)
[0000340] [16:09:41:601883] [Tid0x00000a04] [debug] <--[C169] DL_Rom_GetInfoAll
[0000341] [16:09:41:602883] [Tid0x00000a04] [debug] -->[C170] DL_Rom_SetEnableAttr #./api/api.cpp (line:2806)
[0000342] [16:09:41:602883] [Tid0x00000a04] [debug] <--[C170] DL_Rom_SetEnableAttr
[0000343] [16:09:41:603883] [Tid0x00000a04] [debug] -->[C171] DL_GetCount #./api/api.cpp (line:2587)
[0000344] [16:09:41:604883] [Tid0x00000a04] [debug] <--[C171] DL_GetCount
[0000345] [16:09:41:604883] [Tid0x00000a04] [debug] -->[C172] DL_Rom_GetInfoAll #./api/api.cpp (line:2752)
[0000346] [16:09:41:604883] [Tid0x00000a04] [debug] <--[C172] DL_Rom_GetInfoAll
[0000347] [16:09:41:604883] [Tid0x00000a04] [debug] -->[C173] DL_Rom_SetEnableAttr #./api/api.cpp (line:2806)
[0000348] [16:09:41:604883] [Tid0x00000a04] [debug] <--[C173] DL_Rom_SetEnableAttr
[0000349] [16:09:41:605883] [Tid0x00000a04] [debug] -->[C174] DL_GetCount #./api/api.cpp (line:2587)
[0000350] [16:09:41:605883] [Tid0x00000a04] [debug] <--[C174] DL_GetCount
[0000351] [16:09:41:605883] [Tid0x00000a04] [debug] -->[C175] DL_Rom_GetInfoAll #./api/api.cpp (line:2752)
[0000352] [16:09:41:605883] [Tid0x00000a04] [debug] <--[C175] DL_Rom_GetInfoAll
[0000353] [16:09:41:606883] [Tid0x00000a04] [debug] -->[C176] DL_Rom_SetEnableAttr #./api/api.cpp (line:2806)
[0000354] [16:09:41:606883] [Tid0x00000a04] [debug] <--[C176] DL_Rom_SetEnableAttr
[0000355] [16:09:41:608883] [Tid0x00000a04] [debug] -->[C177] DL_GetCount #./api/api.cpp (line:2587)
[0000356] [16:09:41:608883] [Tid0x00000a04] [debug] <--[C177] DL_GetCount
[0000357] [16:09:41:608883] [Tid0x00000a04] [debug] -->[C178] DL_Rom_GetInfoAll #./api/api.cpp (line:2752)
[0000358] [16:09:41:608883] [Tid0x00000a04] [debug] <--[C178] DL_Rom_GetInfoAll
[0000359] [16:09:41:608883] [Tid0x00000a04] [debug] -->[C179] DL_Rom_SetEnableAttr #./api/api.cpp (line:2806)
[0000360] [16:09:41:609883] [Tid0x00000a04] [debug] <--[C179] DL_Rom_SetEnableAttr
[0000361] [16:09:41:610883] [Tid0x00000a04] [debug] -->[C180] DL_GetCount #./api/api.cpp (line:2587)
[0000362] [16:09:41:610883] [Tid0x00000a04] [debug] <--[C180] DL_GetCount
[0000363] [16:09:41:610883] [Tid0x00000a04] [debug] -->[C181] DL_Rom_GetInfoAll #./api/api.cpp (line:2752)
[0000364] [16:09:41:610883] [Tid0x00000a04] [debug] <--[C181] DL_Rom_GetInfoAll
[0000365] [16:09:41:611883] [Tid0x00000a04] [debug] -->[C182] DL_Rom_SetEnableAttr #./api/api.cpp (line:2806)
[0000366] [16:09:41:612883] [Tid0x00000a04] [debug] <--[C182] DL_Rom_SetEnableAttr
[0000367] [16:09:41:613883] [Tid0x00000a04] [debug] -->[C183] DL_GetCount #./api/api.cpp (line:2587)
[0000368] [16:09:41:613883] [Tid0x00000a04] [debug] <--[C183] DL_GetCount
[0000369] [16:09:41:613883] [Tid0x00000a04] [debug] -->[C184] DL_Rom_GetInfoAll #./api/api.cpp (line:2752)
[0000370] [16:09:41:613883] [Tid0x00000a04] [debug] <--[C184] DL_Rom_GetInfoAll
[0000371] [16:09:41:614883] [Tid0x00000a04] [debug] -->[C185] DL_Rom_SetEnableAttr #./api/api.cpp (line:2806)
[0000372] [16:09:41:614883] [Tid0x00000a04] [debug] <--[C185] DL_Rom_SetEnableAttr
[0000373] [16:09:41:616883] [Tid0x00000a04] [debug] -->[C186] DL_GetCount #./api/api.cpp (line:2587)
[0000374] [16:09:41:616883] [Tid0x00000a04] [debug] <--[C186] DL_GetCount
[0000375] [16:09:41:617883] [Tid0x00000a04] [debug] -->[C187] DL_Rom_GetInfoAll #./api/api.cpp (line:2752)
[0000376] [16:09:41:617883] [Tid0x00000a04] [debug] <--[C187] DL_Rom_GetInfoAll
[0000377] [16:09:41:618883] [Tid0x00000a04] [debug] -->[C188] DL_Rom_SetEnableAttr #./api/api.cpp (line:2806)
[0000378] [16:09:41:618883] [Tid0x00000a04] [debug] <--[C188] DL_Rom_SetEnableAttr
[0000379] [16:09:41:619883] [Tid0x00000a04] [debug] -->[C189] DL_GetCount #./api/api.cpp (line:2587)
[0000380] [16:09:41:619883] [Tid0x00000a04] [debug] <--[C189] DL_GetCount
[0000381] [16:09:41:619883] [Tid0x00000a04] [debug] -->[C190] DL_Rom_GetInfoAll #./api/api.cpp (line:2752)
[0000382] [16:09:41:619883] [Tid0x00000a04] [debug] <--[C190] DL_Rom_GetInfoAll
[0000383] [16:09:41:620883] [Tid0x00000a04] [debug] -->[C191] DL_Rom_SetEnableAttr #./api/api.cpp (line:2806)
[0000384] [16:09:41:620883] [Tid0x00000a04] [debug] <--[C191] DL_Rom_SetEnableAttr
[0000385] [16:09:41:620883] [Tid0x00000a04] [debug] -->[C192] DL_GetCount #./api/api.cpp (line:2587)
[0000386] [16:09:41:621883] [Tid0x00000a04] [debug] <--[C192] DL_GetCount
[0000387] [16:09:41:621883] [Tid0x00000a04] [debug] -->[C193] DL_Rom_GetInfoAll #./api/api.cpp (line:2752)
[0000388] [16:09:41:621883] [Tid0x00000a04] [debug] <--[C193] DL_Rom_GetInfoAll
[0000389] [16:09:41:621883] [Tid0x00000a04] [debug] -->[C194] DL_Rom_SetEnableAttr #./api/api.cpp (line:2806)
[0000390] [16:09:41:621883] [Tid0x00000a04] [debug] <--[C194] DL_Rom_SetEnableAttr
[0000391] [16:09:41:623883] [Tid0x00000a04] [debug] -->[C195] DL_GetCount #./api/api.cpp (line:2587)
[0000392] [16:09:41:623883] [Tid0x00000a04] [debug] <--[C195] DL_GetCount
[0000393] [16:09:41:623883] [Tid0x00000a04] [debug] -->[C196] DL_Rom_GetInfoAll #./api/api.cpp (line:2752)
[0000394] [16:09:41:623883] [Tid0x00000a04] [debug] <--[C196] DL_Rom_GetInfoAll
[0000395] [16:09:41:624883] [Tid0x00000a04] [debug] -->[C197] DL_Rom_SetEnableAttr #./api/api.cpp (line:2806)
[0000396] [16:09:41:624883] [Tid0x00000a04] [debug] <--[C197] DL_Rom_SetEnableAttr
[0000397] [16:09:41:625883] [Tid0x00000a04] [debug] -->[C198] DL_GetCount #./api/api.cpp (line:2587)
[0000398] [16:09:41:625883] [Tid0x00000a04] [debug] <--[C198] DL_GetCount
[0000399] [16:09:41:625883] [Tid0x00000a04] [debug] -->[C199] DL_Rom_GetInfoAll #./api/api.cpp (line:2752)
[0000400] [16:09:41:625883] [Tid0x00000a04] [debug] <--[C199] DL_Rom_GetInfoAll
[0000401] [16:09:41:625883] [Tid0x00000a04] [debug] -->[C200] DL_Rom_SetEnableAttr #./api/api.cpp (line:2806)
[0000402] [16:09:41:625883] [Tid0x00000a04] [debug] <--[C200] DL_Rom_SetEnableAttr
[0000403] [16:09:41:627883] [Tid0x00000a04] [debug] -->[C201] DL_GetCount #./api/api.cpp (line:2587)
[0000404] [16:09:41:627883] [Tid0x00000a04] [debug] <--[C201] DL_GetCount
[0000405] [16:09:41:627883] [Tid0x00000a04] [debug] -->[C202] DL_Rom_GetInfoAll #./api/api.cpp (line:2752)
[0000406] [16:09:41:628883] [Tid0x00000a04] [debug] <--[C202] DL_Rom_GetInfoAll
[0000407] [16:09:41:628883] [Tid0x00000a04] [debug] -->[C203] DL_Rom_SetEnableAttr #./api/api.cpp (line:2806)
[0000408] [16:09:41:628883] [Tid0x00000a04] [debug] <--[C203] DL_Rom_SetEnableAttr
[0000409] [16:09:41:629883] [Tid0x00000a04] [debug] -->[C204] DL_GetCount #./api/api.cpp (line:2587)
[0000410] [16:09:41:629883] [Tid0x00000a04] [debug] <--[C204] DL_GetCount
[0000411] [16:09:41:629883] [Tid0x00000a04] [debug] -->[C205] DL_Rom_GetInfoAll #./api/api.cpp (line:2752)
[0000412] [16:09:41:629883] [Tid0x00000a04] [debug] <--[C205] DL_Rom_GetInfoAll
[0000413] [16:09:41:630883] [Tid0x00000a04] [debug] -->[C206] DL_Rom_SetEnableAttr #./api/api.cpp (line:2806)
[0000414] [16:09:41:630883] [Tid0x00000a04] [debug] <--[C206] DL_Rom_SetEnableAttr
[0000415] [16:09:41:631883] [Tid0x00000a04] [debug] -->[C207] DL_SetChecksumLevel #./api/api.cpp (line:2516)
[0000416] [16:09:41:631883] [Tid0x00000a04] [debug] <--[C207] DL_SetChecksumLevel
[0000417] [16:09:57:756883] [Tid0x00000a04] [debug] -->[C208] DL_GetCount #./api/api.cpp (line:2587)
[0000418] [16:09:57:756883] [Tid0x00000a04] [debug] <--[C208] DL_GetCount
[0000419] [16:09:57:756883] [Tid0x00000a04] [debug] -->[C209] DL_Rom_GetInfoAll #./api/api.cpp (line:2752)
[0000420] [16:09:57:756883] [Tid0x00000a04] [debug] <--[C209] DL_Rom_GetInfoAll
[0000421] [16:09:57:758883] [Tid0x00000a04] [debug] -->[C210] DL_GetCount #./api/api.cpp (line:2587)
[0000422] [16:09:57:758883] [Tid0x00000a04] [debug] <--[C210] DL_GetCount
[0000423] [16:09:57:759883] [Tid0x00000a04] [debug] -->[C211] DL_Rom_GetInfoAll #./api/api.cpp (line:2752)
[0000424] [16:09:57:759883] [Tid0x00000a04] [debug] <--[C211] DL_Rom_GetInfoAll
[0000425] [16:10:28:300883] [Tid0x00002e0c] [debug] -->[C212] FlashTool_Connect_BROM_ByName #./api/api.cpp (line:1975)
[0000426] [16:10:28:300883] [Tid0x00002e0c] [debug] -->[C213] FlashTool_Connect_BROM_Ex #./api/api.cpp (line:1880)
[0000427] [16:10:28:300883] [Tid0x00002e0c] [debug] bCheckScatter: 1
[0000428] [16:10:28:300883] [Tid0x00002e0c] [debug] have load scatter already
[0000429] [16:10:28:300883] [Tid0x00002e0c] [debug] libversion 1
[0000430] [16:10:29:260883] [Tid0x00002e0c] [debug] <--[C213] FlashTool_Connect_BROM_Ex
[0000431] [16:10:29:260883] [Tid0x00002e0c] [debug] <--[C212] FlashTool_Connect_BROM_ByName
[0000432] [16:10:29:295883] [Tid0x00002e0c] [debug] -->[C214] FlashTool_Disconnect_BROM #./api/api.cpp (line:1051)
[0000433] [16:10:29:295883] [Tid0x00002e0c] [debug] <--[C214] FlashTool_Disconnect_BROM
[0000434] [16:15:12:335883] [Tid0x00003f58] [debug] -->[C215] DL_LoadScatter #./api/api.cpp (line:2474)
[0000435] [16:15:12:365883] [Tid0x00003f58] [debug] used lib version: 1
[0000436] [16:15:12:365883] [Tid0x00003f58] [debug] <--[C215] DL_LoadScatter
[0000437] [16:15:12:365883] [Tid0x00003f58] [debug] -->[C216] DL_AutoLoadRomImages #./api/api.cpp (line:2667)
[0000438] [16:15:12:412883] [Tid0x00003f58] [debug] <--[C216] DL_AutoLoadRomImages
[0000439] [16:15:12:426883] [Tid0x00000a04] [debug] -->[C217] DL_GetCount #./api/api.cpp (line:2587)
[0000440] [16:15:12:426883] [Tid0x00000a04] [debug] <--[C217] DL_GetCount
[0000441] [16:15:12:426883] [Tid0x00000a04] [debug] -->[C218] DL_Rom_GetInfoAll #./api/api.cpp (line:2752)
[0000442] [16:15:12:426883] [Tid0x00000a04] [debug] <--[C218] DL_Rom_GetInfoAll
[0000443] [16:15:12:427883] [Tid0x00000a04] [debug] -->[C219] DL_GetScatterInfo #./api/api.cpp (line:2688)
[0000444] [16:15:12:427883] [Tid0x00000a04] [debug] <--[C219] DL_GetScatterInfo
[0000445] [16:15:12:429883] [Tid0x00000a04] [debug] -->[C220] DL_GetCount #./api/api.cpp (line:2587)
[0000446] [16:15:12:429883] [Tid0x00000a04] [debug] <--[C220] DL_GetCount
[0000447] [16:15:12:429883] [Tid0x00000a04] [debug] -->[C221] DL_Rom_GetInfoAll #./api/api.cpp (line:2752)
[0000448] [16:15:12:429883] [Tid0x00000a04] [debug] <--[C221] DL_Rom_GetInfoAll
[0000449] [16:15:12:430883] [Tid0x00000a04] [debug] -->[C222] DL_Rom_SetEnableAttr #./api/api.cpp (line:2806)
[0000450] [16:15:12:430883] [Tid0x00000a04] [debug] <--[C222] DL_Rom_SetEnableAttr
[0000451] [16:15:12:430883] [Tid0x00000a04] [debug] -->[C223] DL_GetCount #./api/api.cpp (line:2587)
[0000452] [16:15:12:430883] [Tid0x00000a04] [debug] <--[C223] DL_GetCount
[0000453] [16:15:12:430883] [Tid0x00000a04] [debug] -->[C224] DL_Rom_GetInfoAll #./api/api.cpp (line:2752)
[0000454] [16:15:12:430883] [Tid0x00000a04] [debug] <--[C224] DL_Rom_GetInfoAll
[0000455] [16:15:12:431883] [Tid0x00000a04] [debug] -->[C225] DL_Rom_SetEnableAttr #./api/api.cpp (line:2806)
[0000456] [16:15:12:431883] [Tid0x00000a04] [debug] <--[C225] DL_Rom_SetEnableAttr
[0000457] [16:15:12:432883] [Tid0x00000a04] [debug] -->[C226] DL_GetCount #./api/api.cpp (line:2587)
[0000458] [16:15:12:432883] [Tid0x00000a04] [debug] <--[C226] DL_GetCount
[0000459] [16:15:12:432883] [Tid0x00000a04] [debug] -->[C227] DL_Rom_GetInfoAll #./api/api.cpp (line:2752)
[0000460] [16:15:12:432883] [Tid0x00000a04] [debug] <--[C227] DL_Rom_GetInfoAll
[0000461] [16:15:12:433883] [Tid0x00000a04] [debug] -->[C228] DL_Rom_SetEnableAttr #./api/api.cpp (line:2806)
[0000462] [16:15:12:433883] [Tid0x00000a04] [debug] <--[C228] DL_Rom_SetEnableAttr
[0000463] [16:15:12:434883] [Tid0x00000a04] [debug] -->[C229] DL_GetCount #./api/api.cpp (line:2587)
[0000464] [16:15:12:434883] [Tid0x00000a04] [debug] <--[C229] DL_GetCount
[0000465] [16:15:12:434883] [Tid0x00000a04] [debug] -->[C230] DL_Rom_GetInfoAll #./api/api.cpp (line:2752)
[0000466] [16:15:12:434883] [Tid0x00000a04] [debug] <--[C230] DL_Rom_GetInfoAll
[0000467] [16:15:12:435883] [Tid0x00000a04] [debug] -->[C231] DL_Rom_SetEnableAttr #./api/api.cpp (line:2806)
[0000468] [16:15:12:435883] [Tid0x00000a04] [debug] <--[C231] DL_Rom_SetEnableAttr
[0000469] [16:15:12:438883] [Tid0x00000a04] [debug] -->[C232] DL_GetCount #./api/api.cpp (line:2587)
[0000470] [16:15:12:438883] [Tid0x00000a04] [debug] <--[C232] DL_GetCount
[0000471] [16:15:12:438883] [Tid0x00000a04] [debug] -->[C233] DL_Rom_GetInfoAll #./api/api.cpp (line:2752)
[0000472] [16:15:12:438883] [Tid0x00000a04] [debug] <--[C233] DL_Rom_GetInfoAll
[0000473] [16:15:12:439883] [Tid0x00000a04] [debug] -->[C234] DL_Rom_SetEnableAttr #./api/api.cpp (line:2806)
[0000474] [16:15:12:439883] [Tid0x00000a04] [debug] <--[C234] DL_Rom_SetEnableAttr
[0000475] [16:15:12:440883] [Tid0x00000a04] [debug] -->[C235] DL_GetCount #./api/api.cpp (line:2587)
[0000476] [16:15:12:440883] [Tid0x00000a04] [debug] <--[C235] DL_GetCount
[0000477] [16:15:12:440883] [Tid0x00000a04] [debug] -->[C236] DL_Rom_GetInfoAll #./api/api.cpp (line:2752)
[0000478] [16:15:12:440883] [Tid0x00000a04] [debug] <--[C236] DL_Rom_GetInfoAll
[0000479] [16:15:12:441883] [Tid0x00000a04] [debug] -->[C237] DL_Rom_SetEnableAttr #./api/api.cpp (line:2806)
[0000480] [16:15:12:441883] [Tid0x00000a04] [debug] <--[C237] DL_Rom_SetEnableAttr
[0000481] [16:15:12:442883] [Tid0x00000a04] [debug] -->[C238] DL_GetCount #./api/api.cpp (line:2587)
[0000482] [16:15:12:442883] [Tid0x00000a04] [debug] <--[C238] DL_GetCount
[0000483] [16:15:12:442883] [Tid0x00000a04] [debug] -->[C239] DL_Rom_GetInfoAll #./api/api.cpp (line:2752)
[0000484] [16:15:12:442883] [Tid0x00000a04] [debug] <--[C239] DL_Rom_GetInfoAll
[0000485] [16:15:12:443883] [Tid0x00000a04] [debug] -->[C240] DL_Rom_SetEnableAttr #./api/api.cpp (line:2806)
[0000486] [16:15:12:443883] [Tid0x00000a04] [debug] <--[C240] DL_Rom_SetEnableAttr
[0000487] [16:15:12:444883] [Tid0x00000a04] [debug] -->[C241] DL_GetCount #./api/api.cpp (line:2587)
[0000488] [16:15:12:444883] [Tid0x00000a04] [debug] <--[C241] DL_GetCount
[0000489] [16:15:12:444883] [Tid0x00000a04] [debug] -->[C242] DL_Rom_GetInfoAll #./api/api.cpp (line:2752)
[0000490] [16:15:12:444883] [Tid0x00000a04] [debug] <--[C242] DL_Rom_GetInfoAll
[0000491] [16:15:12:444883] [Tid0x00000a04] [debug] -->[C243] DL_Rom_SetEnableAttr #./api/api.cpp (line:2806)
[0000492] [16:15:12:445883] [Tid0x00000a04] [debug] <--[C243] DL_Rom_SetEnableAttr
[0000493] [16:15:12:445883] [Tid0x00000a04] [debug] -->[C244] DL_GetCount #./api/api.cpp (line:2587)
[0000494] [16:15:12:445883] [Tid0x00000a04] [debug] <--[C244] DL_GetCount
[0000495] [16:15:12:446883] [Tid0x00000a04] [debug] -->[C245] DL_Rom_GetInfoAll #./api/api.cpp (line:2752)
[0000496] [16:15:12:446883] [Tid0x00000a04] [debug] <--[C245] DL_Rom_GetInfoAll
[0000497] [16:15:12:446883] [Tid0x00000a04] [debug] -->[C246] DL_Rom_SetEnableAttr #./api/api.cpp (line:2806)
[0000498] [16:15:12:446883] [Tid0x00000a04] [debug] <--[C246] DL_Rom_SetEnableAttr
[0000499] [16:15:12:447883] [Tid0x00000a04] [debug] -->[C247] DL_GetCount #./api/api.cpp (line:2587)
[0000500] [16:15:12:447883] [Tid0x00000a04] [debug] <--[C247] DL_GetCount
[0000501] [16:15:12:447883] [Tid0x00000a04] [debug] -->[C248] DL_Rom_GetInfoAll #./api/api.cpp (line:2752)
[0000502] [16:15:12:447883] [Tid0x00000a04] [debug] <--[C248] DL_Rom_GetInfoAll
[0000503] [16:15:12:448883] [Tid0x00000a04] [debug] -->[C249] DL_Rom_SetEnableAttr #./api/api.cpp (line:2806)
[0000504] [16:15:12:448883] [Tid0x00000a04] [debug] <--[C249] DL_Rom_SetEnableAttr
[0000505] [16:15:12:449883] [Tid0x00000a04] [debug] -->[C250] DL_GetCount #./api/api.cpp (line:2587)
[0000506] [16:15:12:450883] [Tid0x00000a04] [debug] <--[C250] DL_GetCount
[0000507] [16:15:12:450883] [Tid0x00000a04] [debug] -->[C251] DL_Rom_GetInfoAll #./api/api.cpp (line:2752)
[0000508] [16:15:12:450883] [Tid0x00000a04] [debug] <--[C251] DL_Rom_GetInfoAll
[0000509] [16:15:12:452883] [Tid0x00000a04] [debug] -->[C252] DL_Rom_SetEnableAttr #./api/api.cpp (line:2806)
[0000510] [16:15:12:452883] [Tid0x00000a04] [debug] <--[C252] DL_Rom_SetEnableAttr
[0000511] [16:15:12:455883] [Tid0x00000a04] [debug] -->[C253] DL_GetCount #./api/api.cpp (line:2587)
[0000512] [16:15:12:455883] [Tid0x00000a04] [debug] <--[C253] DL_GetCount
[0000513] [16:15:12:455883] [Tid0x00000a04] [debug] -->[C254] DL_Rom_GetInfoAll #./api/api.cpp (line:2752)
[0000514] [16:15:12:456883] [Tid0x00000a04] [debug] <--[C254] DL_Rom_GetInfoAll
[0000515] [16:15:12:456883] [Tid0x00000a04] [debug] -->[C255] DL_Rom_SetEnableAttr #./api/api.cpp (line:2806)
[0000516] [16:15:12:456883] [Tid0x00000a04] [debug] <--[C255] DL_Rom_SetEnableAttr
[0000517] [16:15:12:457883] [Tid0x00000a04] [debug] -->[C256] DL_SetChecksumLevel #./api/api.cpp (line:2516)
[0000518] [16:15:12:457883] [Tid0x00000a04] [debug] <--[C256] DL_SetChecksumLevel
[0000519] [16:15:13:728883] [Tid0x00000a04] [debug] -->[C257] DL_GetCount #./api/api.cpp (line:2587)
[0000520] [16:15:13:729883] [Tid0x00000a04] [debug] <--[C257] DL_GetCount
[0000521] [16:15:13:729883] [Tid0x00000a04] [debug] -->[C258] DL_Rom_GetInfoAll #./api/api.cpp (line:2752)
[0000522] [16:15:13:729883] [Tid0x00000a04] [debug] <--[C258] DL_Rom_GetInfoAll
[0000523] [16:15:13:731883] [Tid0x00000a04] [debug] -->[C259] DL_GetCount #./api/api.cpp (line:2587)
[0000524] [16:15:13:732883] [Tid0x00000a04] [debug] <--[C259] DL_GetCount
[0000525] [16:15:13:732883] [Tid0x00000a04] [debug] -->[C260] DL_Rom_GetInfoAll #./api/api.cpp (line:2752)
[0000526] [16:15:13:732883] [Tid0x00000a04] [debug] <--[C260] DL_Rom_GetInfoAll
[0000527] [16:15:18:864883] [Tid0x00002734] [debug] -->[C261] FlashTool_Connect_BROM_ByName #./api/api.cpp (line:1975)
[0000528] [16:15:18:864883] [Tid0x00002734] [debug] -->[C262] FlashTool_Connect_BROM_Ex #./api/api.cpp (line:1880)
[0000529] [16:15:18:864883] [Tid0x00002734] [debug] bCheckScatter: 1
[0000530] [16:15:18:864883] [Tid0x00002734] [debug] have load scatter already
[0000531] [16:15:18:864883] [Tid0x00002734] [debug] libversion 1
[0000532] [16:15:19:765883] [Tid0x00002734] [debug] <--[C262] FlashTool_Connect_BROM_Ex
[0000533] [16:15:19:765883] [Tid0x00002734] [debug] <--[C261] FlashTool_Connect_BROM_ByName
[0000534] [16:15:19:765883] [Tid0x00002734] [debug] -->[C263] FlashTool_GetBootResult #./api/api.cpp (line:1987)
[0000535] [16:15:19:765883] [Tid0x00002734] [debug] <--[C263] FlashTool_GetBootResult
[0000536] [16:15:19:765883] [Tid0x00002734] [debug] -->[C264] FlashTool_Connect_Download_DA #./api/api.cpp (line:2007)
[0000537] [16:15:19:765883] [Tid0x00002734] [debug] bCheckScatter: 1
[0000538] [16:15:21:944883] [Tid0x00002734] [debug] <--[C264] FlashTool_Connect_Download_DA
[0000539] [16:15:21:944883] [Tid0x00002734] [debug] -->[C265] FlashTool_CheckUSBStatus #./api/api.cpp (line:1154)
[0000540] [16:15:21:945883] [Tid0x00002734] [debug] <--[C265] FlashTool_CheckUSBStatus
[0000541] [16:15:21:945883] [Tid0x00002734] [debug] -->[C266] FlashTool_CheckUSBStatus #./api/api.cpp (line:1154)
[0000542] [16:15:21:946883] [Tid0x00002734] [debug] <--[C266] FlashTool_CheckUSBStatus
[0000543] [16:15:21:946883] [Tid0x00002734] [debug] -->[C267] FlashTool_GetReservedRomSize #./api/api.cpp (line:1677)
[0000544] [16:15:21:946883] [Tid0x00002734] [debug] <--[C267] FlashTool_GetReservedRomSize
[0000545] [16:15:21:947883] [Tid0x00002734] [debug] -->[C268] FlashTool_RomGetCount #./api/api.cpp (line:1702)
[0000546] [16:15:21:949883] [Tid0x00002734] [debug] <--[C268] FlashTool_RomGetCount
[0000547] [16:15:21:949883] [Tid0x00002734] [debug] -->[C269] FlashTool_RomGetInfoAll #./api/api.cpp (line:1726)
[0000548] [16:15:21:950883] [Tid0x00002734] [debug] <--[C269] FlashTool_RomGetInfoAll
[0000549] [16:15:21:950883] [Tid0x00002734] [debug] -->[C270] FlashTool_ReadPartitionCount #./api/api.cpp (line:1633)
[0000550] [16:15:21:985883] [Tid0x00002734] [debug] <--[C270] FlashTool_ReadPartitionCount
[0000551] [16:15:21:985883] [Tid0x00002734] [debug] -->[C271] FlashTool_ReadPartitionInfo #./api/api.cpp (line:1654)
[0000552] [16:15:21:985883] [Tid0x00002734] [debug] <--[C271] FlashTool_ReadPartitionInfo
[0000553] [16:15:21:985883] [Tid0x00002734] [debug] -->[C272] FlashTool_Download #./api/api.cpp (line:1300)
[0000554] [16:22:21:908883] [Tid0x00002734] [debug] <--[C272] FlashTool_Download
[0000555] [16:22:21:908883] [Tid0x00002734] [debug] -->[C273] DL_GetCount #./api/api.cpp (line:2587)
[0000556] [16:22:21:908883] [Tid0x00002734] [debug] <--[C273] DL_GetCount
[0000557] [16:22:21:908883] [Tid0x00002734] [debug] -->[C274] DL_Rom_GetInfoAll #./api/api.cpp (line:2752)
[0000558] [16:22:21:909883] [Tid0x00002734] [debug] <--[C274] DL_Rom_GetInfoAll
[0000559] [16:22:21:925883] [Tid0x00002734] [debug] -->[C275] FlashTool_Disconnect #./api/api.cpp (line:1033)
[0000560] [16:22:21:959883] [Tid0x00002734] [debug] <--[C275] FlashTool_Disconnect
[0000561] [16:23:19:603883] [Tid0x00000a04] [debug] -->[C276] DL_GetCount #./api/api.cpp (line:2587)
[0000562] [16:23:19:604883] [Tid0x00000a04] [debug] <--[C276] DL_GetCount
[0000563] [16:23:19:604883] [Tid0x00000a04] [debug] -->[C277] DL_Rom_GetInfoAll #./api/api.cpp (line:2752)
[0000564] [16:23:19:604883] [Tid0x00000a04] [debug] <--[C277] DL_Rom_GetInfoAll
[0000565] [16:23:19:606883] [Tid0x00000a04] [debug] -->[C278] DL_GetCount #./api/api.cpp (line:2587)
[0000566] [16:23:19:606883] [Tid0x00000a04] [debug] <--[C278] DL_GetCount
[0000567] [16:23:19:607883] [Tid0x00000a04] [debug] -->[C279] DL_Rom_GetInfoAll #./api/api.cpp (line:2752)
[0000568] [16:23:19:607883] [Tid0x00000a04] [debug] <--[C279] DL_Rom_GetInfoAll
[0000569] [16:23:25:286883] [Tid0x00002db4] [debug] -->[C280] FlashTool_Connect_BROM_ByName #./api/api.cpp (line:1975)
[0000570] [16:23:25:286883] [Tid0x00002db4] [debug] -->[C281] FlashTool_Connect_BROM_Ex #./api/api.cpp (line:1880)
[0000571] [16:23:25:286883] [Tid0x00002db4] [debug] bCheckScatter: 1
[0000572] [16:23:25:286883] [Tid0x00002db4] [debug] have load scatter already
[0000573] [16:23:25:286883] [Tid0x00002db4] [debug] libversion 1
[0000574] [16:23:25:875883] [Tid0x00002db4] [debug] <--[C281] FlashTool_Connect_BROM_Ex
[0000575] [16:23:25:875883] [Tid0x00002db4] [debug] <--[C280] FlashTool_Connect_BROM_ByName
[0000576] [16:23:25:875883] [Tid0x00002db4] [debug] -->[C282] FlashTool_GetBootResult #./api/api.cpp (line:1987)
[0000577] [16:23:25:875883] [Tid0x00002db4] [debug] <--[C282] FlashTool_GetBootResult
[0000578] [16:23:25:875883] [Tid0x00002db4] [debug] -->[C283] FlashTool_Connect_Download_DA #./api/api.cpp (line:2007)
[0000579] [16:23:25:875883] [Tid0x00002db4] [debug] bCheckScatter: 1
[0000580] [16:23:27:990883] [Tid0x00002db4] [debug] <--[C283] FlashTool_Connect_Download_DA
[0000581] [16:23:27:990883] [Tid0x00002db4] [debug] -->[C284] FlashTool_CheckUSBStatus #./api/api.cpp (line:1154)
[0000582] [16:23:27:991883] [Tid0x00002db4] [debug] <--[C284] FlashTool_CheckUSBStatus
[0000583] [16:23:27:991883] [Tid0x00002db4] [debug] -->[C285] FlashTool_CheckUSBStatus #./api/api.cpp (line:1154)
[0000584] [16:23:27:991883] [Tid0x00002db4] [debug] <--[C285] FlashTool_CheckUSBStatus
[0000585] [16:23:27:992883] [Tid0x00002db4] [debug] -->[C286] FlashTool_GetReservedRomSize #./api/api.cpp (line:1677)
[0000586] [16:23:27:992883] [Tid0x00002db4] [debug] <--[C286] FlashTool_GetReservedRomSize
[0000587] [16:23:27:992883] [Tid0x00002db4] [debug] -->[C287] FlashTool_RomGetCount #./api/api.cpp (line:1702)
[0000588] [16:23:27:993883] [Tid0x00002db4] [debug] <--[C287] FlashTool_RomGetCount
[0000589] [16:23:27:993883] [Tid0x00002db4] [debug] -->[C288] FlashTool_RomGetInfoAll #./api/api.cpp (line:1726)
[0000590] [16:23:27:995883] [Tid0x00002db4] [debug] <--[C288] FlashTool_RomGetInfoAll
[0000591] [16:23:27:995883] [Tid0x00002db4] [debug] -->[C289] FlashTool_ReadPartitionCount #./api/api.cpp (line:1633)
[0000592] [16:23:28:029883] [Tid0x00002db4] [debug] <--[C289] FlashTool_ReadPartitionCount
[0000593] [16:23:28:029883] [Tid0x00002db4] [debug] -->[C290] FlashTool_ReadPartitionInfo #./api/api.cpp (line:1654)
[0000594] [16:23:28:029883] [Tid0x00002db4] [debug] <--[C290] FlashTool_ReadPartitionInfo
[0000595] [16:23:28:030883] [Tid0x00002db4] [debug] -->[C291] FlashTool_Download #./api/api.cpp (line:1300)
[0000596] [16:29:59:264883] [Tid0x00002db4] [debug] <--[C291] FlashTool_Download
[0000597] [16:29:59:264883] [Tid0x00002db4] [debug] -->[C292] DL_GetCount #./api/api.cpp (line:2587)
[0000598] [16:29:59:264883] [Tid0x00002db4] [debug] <--[C292] DL_GetCount
[0000599] [16:29:59:264883] [Tid0x00002db4] [debug] -->[C293] DL_Rom_GetInfoAll #./api/api.cpp (line:2752)
[0000600] [16:29:59:264883] [Tid0x00002db4] [debug] <--[C293] DL_Rom_GetInfoAll
[0000601] [16:29:59:264883] [Tid0x00002db4] [debug] -->[C294] FlashTool_Disconnect #./api/api.cpp (line:1033)
[0000602] [16:29:59:285883] [Tid0x00002db4] [debug] <--[C294] FlashTool_Disconnect
[0000603] [16:38:12:833483] [Tid0x00000a04] [debug] -->[C295] DL_GetCount #./api/api.cpp (line:2587)
[0000604] [16:38:12:833483] [Tid0x00000a04] [debug] <--[C295] DL_GetCount
[0000605] [16:38:12:833483] [Tid0x00000a04] [debug] -->[C296] DL_Rom_GetInfoAll #./api/api.cpp (line:2752)
[0000606] [16:38:12:833483] [Tid0x00000a04] [debug] <--[C296] DL_Rom_GetInfoAll
[0000607] [16:38:12:836483] [Tid0x00000a04] [debug] -->[C297] DL_GetCount #./api/api.cpp (line:2587)
[0000608] [16:38:12:836483] [Tid0x00000a04] [debug] <--[C297] DL_GetCount
[0000609] [16:38:12:836483] [Tid0x00000a04] [debug] -->[C298] DL_Rom_GetInfoAll #./api/api.cpp (line:2752)
[0000610] [16:38:12:836483] [Tid0x00000a04] [debug] <--[C298] DL_Rom_GetInfoAll
[0000611] [16:38:17:849483] [Tid0x000038a8] [debug] -->[C299] FlashTool_Connect_BROM_ByName #./api/api.cpp (line:1975)
[0000612] [16:38:17:849483] [Tid0x000038a8] [debug] -->[C300] FlashTool_Connect_BROM_Ex #./api/api.cpp (line:1880)
[0000613] [16:38:17:849483] [Tid0x000038a8] [debug] bCheckScatter: 1
[0000614] [16:38:17:850483] [Tid0x000038a8] [debug] have load scatter already
[0000615] [16:38:17:850483] [Tid0x000038a8] [debug] libversion 1
[0000616] [16:38:18:436483] [Tid0x000038a8] [debug] <--[C300] FlashTool_Connect_BROM_Ex
[0000617] [16:38:18:436483] [Tid0x000038a8] [debug] <--[C299] FlashTool_Connect_BROM_ByName
[0000618] [16:38:18:436483] [Tid0x000038a8] [debug] -->[C301] FlashTool_GetBootResult #./api/api.cpp (line:1987)
[0000619] [16:38:18:436483] [Tid0x000038a8] [debug] <--[C301] FlashTool_GetBootResult
[0000620] [16:38:18:436483] [Tid0x000038a8] [debug] -->[C302] FlashTool_Connect_Download_DA #./api/api.cpp (line:2007)
[0000621] [16:38:18:436483] [Tid0x000038a8] [debug] bCheckScatter: 1
[0000622] [16:38:20:508483] [Tid0x000038a8] [debug] <--[C302] FlashTool_Connect_Download_DA
[0000623] [16:38:20:509483] [Tid0x000038a8] [debug] -->[C303] FlashTool_CheckUSBStatus #./api/api.cpp (line:1154)
[0000624] [16:38:20:510483] [Tid0x000038a8] [debug] <--[C303] FlashTool_CheckUSBStatus
[0000625] [16:38:20:510483] [Tid0x000038a8] [debug] -->[C304] FlashTool_CheckUSBStatus #./api/api.cpp (line:1154)
[0000626] [16:38:20:510483] [Tid0x000038a8] [debug] <--[C304] FlashTool_CheckUSBStatus
[0000627] [16:38:20:511483] [Tid0x000038a8] [debug] -->[C305] FlashTool_GetReservedRomSize #./api/api.cpp (line:1677)
[0000628] [16:38:20:511483] [Tid0x000038a8] [debug] <--[C305] FlashTool_GetReservedRomSize
[0000629] [16:38:20:511483] [Tid0x000038a8] [debug] -->[C306] FlashTool_RomGetCount #./api/api.cpp (line:1702)
[0000630] [16:38:20:512483] [Tid0x000038a8] [debug] <--[C306] FlashTool_RomGetCount
[0000631] [16:38:20:512483] [Tid0x000038a8] [debug] -->[C307] FlashTool_RomGetInfoAll #./api/api.cpp (line:1726)
[0000632] [16:38:20:514483] [Tid0x000038a8] [debug] <--[C307] FlashTool_RomGetInfoAll
[0000633] [16:38:20:514483] [Tid0x000038a8] [debug] -->[C308] FlashTool_ReadPartitionCount #./api/api.cpp (line:1633)
[0000634] [16:38:20:548483] [Tid0x000038a8] [debug] <--[C308] FlashTool_ReadPartitionCount
[0000635] [16:38:20:548483] [Tid0x000038a8] [debug] -->[C309] FlashTool_ReadPartitionInfo #./api/api.cpp (line:1654)
[0000636] [16:38:20:548483] [Tid0x000038a8] [debug] <--[C309] FlashTool_ReadPartitionInfo
[0000637] [16:38:20:549483] [Tid0x000038a8] [debug] -->[C310] FlashTool_Download #./api/api.cpp (line:1300)
[0000638] [16:45:24:806483] [Tid0x000038a8] [debug] <--[C310] FlashTool_Download
[0000639] [16:45:24:807483] [Tid0x000038a8] [debug] -->[C311] DL_GetCount #./api/api.cpp (line:2587)
[0000640] [16:45:24:807483] [Tid0x000038a8] [debug] <--[C311] DL_GetCount
[0000641] [16:45:24:807483] [Tid0x000038a8] [debug] -->[C312] DL_Rom_GetInfoAll #./api/api.cpp (line:2752)
[0000642] [16:45:24:807483] [Tid0x000038a8] [debug] <--[C312] DL_Rom_GetInfoAll
[0000643] [16:45:24:807483] [Tid0x000038a8] [debug] -->[C313] FlashTool_Disconnect #./api/api.cpp (line:1033)
[0000644] [16:45:24:828483] [Tid0x000038a8] [debug] <--[C313] FlashTool_Disconnect
[0000645] [16:47:02:890483] [Tid0x00000a04] [debug] -->[C314] DL_GetCount #./api/api.cpp (line:2587)
[0000646] [16:47:02:890483] [Tid0x00000a04] [debug] <--[C314] DL_GetCount
[0000647] [16:47:02:890483] [Tid0x00000a04] [debug] -->[C315] DL_Rom_GetInfoAll #./api/api.cpp (line:2752)
[0000648] [16:47:02:891483] [Tid0x00000a04] [debug] <--[C315] DL_Rom_GetInfoAll
[0000649] [16:47:02:893483] [Tid0x00000a04] [debug] -->[C316] DL_GetCount #./api/api.cpp (line:2587)
[0000650] [16:47:02:893483] [Tid0x00000a04] [debug] <--[C316] DL_GetCount
[0000651] [16:47:02:893483] [Tid0x00000a04] [debug] -->[C317] DL_Rom_GetInfoAll #./api/api.cpp (line:2752)
[0000652] [16:47:02:893483] [Tid0x00000a04] [debug] <--[C317] DL_Rom_GetInfoAll
[0000653] [16:47:08:884483] [Tid0x00001c9c] [debug] -->[C318] FlashTool_Connect_BROM_ByName #./api/api.cpp (line:1975)
[0000654] [16:47:08:884483] [Tid0x00001c9c] [debug] -->[C319] FlashTool_Connect_BROM_Ex #./api/api.cpp (line:1880)
[0000655] [16:47:08:884483] [Tid0x00001c9c] [debug] bCheckScatter: 1
[0000656] [16:47:08:884483] [Tid0x00001c9c] [debug] have load scatter already
[0000657] [16:47:08:884483] [Tid0x00001c9c] [debug] libversion 1
[0000658] [16:47:09:466483] [Tid0x00001c9c] [debug] <--[C319] FlashTool_Connect_BROM_Ex
[0000659] [16:47:09:466483] [Tid0x00001c9c] [debug] <--[C318] FlashTool_Connect_BROM_ByName
[0000660] [16:47:09:466483] [Tid0x00001c9c] [debug] -->[C320] FlashTool_GetBootResult #./api/api.cpp (line:1987)
[0000661] [16:47:09:466483] [Tid0x00001c9c] [debug] <--[C320] FlashTool_GetBootResult
[0000662] [16:47:09:466483] [Tid0x00001c9c] [debug] -->[C321] FlashTool_Connect_Download_DA #./api/api.cpp (line:2007)
[0000663] [16:47:09:466483] [Tid0x00001c9c] [debug] bCheckScatter: 1
[0000664] [16:47:11:585483] [Tid0x00001c9c] [debug] <--[C321] FlashTool_Connect_Download_DA
[0000665] [16:47:11:586483] [Tid0x00001c9c] [debug] -->[C322] FlashTool_CheckUSBStatus #./api/api.cpp (line:1154)
[0000666] [16:47:11:586483] [Tid0x00001c9c] [debug] <--[C322] FlashTool_CheckUSBStatus
[0000667] [16:47:11:587483] [Tid0x00001c9c] [debug] -->[C323] FlashTool_CheckUSBStatus #./api/api.cpp (line:1154)
[0000668] [16:47:11:587483] [Tid0x00001c9c] [debug] <--[C323] FlashTool_CheckUSBStatus
[0000669] [16:47:11:588483] [Tid0x00001c9c] [debug] -->[C324] FlashTool_GetReservedRomSize #./api/api.cpp (line:1677)
[0000670] [16:47:11:588483] [Tid0x00001c9c] [debug] <--[C324] FlashTool_GetReservedRomSize
[0000671] [16:47:11:588483] [Tid0x00001c9c] [debug] -->[C325] FlashTool_RomGetCount #./api/api.cpp (line:1702)
[0000672] [16:47:11:589483] [Tid0x00001c9c] [debug] <--[C325] FlashTool_RomGetCount
[0000673] [16:47:11:589483] [Tid0x00001c9c] [debug] -->[C326] FlashTool_RomGetInfoAll #./api/api.cpp (line:1726)
[0000674] [16:47:11:591483] [Tid0x00001c9c] [debug] <--[C326] FlashTool_RomGetInfoAll
[0000675] [16:47:11:591483] [Tid0x00001c9c] [debug] -->[C327] FlashTool_ReadPartitionCount #./api/api.cpp (line:1633)
[0000676] [16:47:11:625483] [Tid0x00001c9c] [debug] <--[C327] FlashTool_ReadPartitionCount
[0000677] [16:47:11:625483] [Tid0x00001c9c] [debug] -->[C328] FlashTool_ReadPartitionInfo #./api/api.cpp (line:1654)
[0000678] [16:47:11:625483] [Tid0x00001c9c] [debug] <--[C328] FlashTool_ReadPartitionInfo
[0000679] [16:47:11:626483] [Tid0x00001c9c] [debug] -->[C329] FlashTool_Download #./api/api.cpp (line:1300)
[0000680] [16:47:15:725483] [Tid0x00001c9c] [debug] <--[C329] FlashTool_Download
[0000681] [16:47:15:741483] [Tid0x00001c9c] [debug] -->[C330] FlashTool_Disconnect #./api/api.cpp (line:1033)
[0000682] [16:47:26:355483] [Tid0x00001c9c] [debug] <--[C330] FlashTool_Disconnect
[0000683] [16:47:43:344483] [Tid0x00000a04] [debug] -->[C331] DL_GetCount #./api/api.cpp (line:2587)
[0000684] [16:47:43:344483] [Tid0x00000a04] [debug] <--[C331] DL_GetCount
[0000685] [16:47:43:344483] [Tid0x00000a04] [debug] -->[C332] DL_Rom_GetInfoAll #./api/api.cpp (line:2752)
[0000686] [16:47:43:344483] [Tid0x00000a04] [debug] <--[C332] DL_Rom_GetInfoAll
[0000687] [16:47:43:345483] [Tid0x00000a04] [debug] -->[C333] DL_GetCount #./api/api.cpp (line:2587)
[0000688] [16:47:43:346483] [Tid0x00000a04] [debug] <--[C333] DL_GetCount
[0000689] [16:47:43:346483] [Tid0x00000a04] [debug] -->[C334] DL_Rom_GetInfoAll #./api/api.cpp (line:2752)
[0000690] [16:47:43:346483] [Tid0x00000a04] [debug] <--[C334] DL_Rom_GetInfoAll
[0000691] [16:47:47:961483] [Tid0x00003a88] [debug] -->[C335] FlashTool_Connect_BROM_ByName #./api/api.cpp (line:1975)
[0000692] [16:47:47:961483] [Tid0x00003a88] [debug] -->[C336] FlashTool_Connect_BROM_Ex #./api/api.cpp (line:1880)
[0000693] [16:47:47:961483] [Tid0x00003a88] [debug] bCheckScatter: 1
[0000694] [16:47:47:961483] [Tid0x00003a88] [debug] have load scatter already
[0000695] [16:47:47:961483] [Tid0x00003a88] [debug] libversion 1
[0000696] [16:47:48:550483] [Tid0x00003a88] [debug] <--[C336] FlashTool_Connect_BROM_Ex
[0000697] [16:47:48:550483] [Tid0x00003a88] [debug] <--[C335] FlashTool_Connect_BROM_ByName
[0000698] [16:47:48:550483] [Tid0x00003a88] [debug] -->[C337] FlashTool_GetBootResult #./api/api.cpp (line:1987)
[0000699] [16:47:48:550483] [Tid0x00003a88] [debug] <--[C337] FlashTool_GetBootResult
[0000700] [16:47:48:550483] [Tid0x00003a88] [debug] -->[C338] FlashTool_Connect_Download_DA #./api/api.cpp (line:2007)
[0000701] [16:47:48:550483] [Tid0x00003a88] [debug] bCheckScatter: 1
[0000702] [16:47:50:617483] [Tid0x00003a88] [debug] <--[C338] FlashTool_Connect_Download_DA
[0000703] [16:47:50:617483] [Tid0x00003a88] [debug] -->[C339] FlashTool_CheckUSBStatus #./api/api.cpp (line:1154)
[0000704] [16:47:50:618483] [Tid0x00003a88] [debug] <--[C339] FlashTool_CheckUSBStatus
[0000705] [16:47:50:618483] [Tid0x00003a88] [debug] -->[C340] FlashTool_CheckUSBStatus #./api/api.cpp (line:1154)
[0000706] [16:47:50:619483] [Tid0x00003a88] [debug] <--[C340] FlashTool_CheckUSBStatus
[0000707] [16:47:50:619483] [Tid0x00003a88] [debug] -->[C341] FlashTool_GetReservedRomSize #./api/api.cpp (line:1677)
[0000708] [16:47:50:619483] [Tid0x00003a88] [debug] <--[C341] FlashTool_GetReservedRomSize
[0000709] [16:47:50:619483] [Tid0x00003a88] [debug] -->[C342] FlashTool_RomGetCount #./api/api.cpp (line:1702)
[0000710] [16:47:50:620483] [Tid0x00003a88] [debug] <--[C342] FlashTool_RomGetCount
[0000711] [16:47:50:620483] [Tid0x00003a88] [debug] -->[C343] FlashTool_RomGetInfoAll #./api/api.cpp (line:1726)
[0000712] [16:47:50:621483] [Tid0x00003a88] [debug] <--[C343] FlashTool_RomGetInfoAll
[0000713] [16:47:50:621483] [Tid0x00003a88] [debug] -->[C344] FlashTool_ReadPartitionCount #./api/api.cpp (line:1633)
[0000714] [16:47:50:656483] [Tid0x00003a88] [debug] <--[C344] FlashTool_ReadPartitionCount
[0000715] [16:47:50:656483] [Tid0x00003a88] [debug] -->[C345] FlashTool_ReadPartitionInfo #./api/api.cpp (line:1654)
[0000716] [16:47:50:656483] [Tid0x00003a88] [debug] <--[C345] FlashTool_ReadPartitionInfo
[0000717] [16:47:50:657483] [Tid0x00003a88] [debug] -->[C346] FlashTool_Download #./api/api.cpp (line:1300)
[0000718] [16:54:50:377483] [Tid0x00003a88] [debug] <--[C346] FlashTool_Download
[0000719] [16:54:50:377483] [Tid0x00003a88] [debug] -->[C347] DL_GetCount #./api/api.cpp (line:2587)
[0000720] [16:54:50:378483] [Tid0x00003a88] [debug] <--[C347] DL_GetCount
[0000721] [16:54:50:378483] [Tid0x00003a88] [debug] -->[C348] DL_Rom_GetInfoAll #./api/api.cpp (line:2752)
[0000722] [16:54:50:378483] [Tid0x00003a88] [debug] <--[C348] DL_Rom_GetInfoAll
[0000723] [16:54:50:378483] [Tid0x00003a88] [debug] -->[C349] FlashTool_Disconnect #./api/api.cpp (line:1033)
[0000724] [16:54:50:399483] [Tid0x00003a88] [debug] <--[C349] FlashTool_Disconnect
[0000725] [16:55:15:097483] [Tid0x00000a04] [debug] -->[C350] DL_GetCount #./api/api.cpp (line:2587)
[0000726] [16:55:15:097483] [Tid0x00000a04] [debug] <--[C350] DL_GetCount
[0000727] [16:55:15:097483] [Tid0x00000a04] [debug] -->[C351] DL_Rom_GetInfoAll #./api/api.cpp (line:2752)
[0000728] [16:55:15:097483] [Tid0x00000a04] [debug] <--[C351] DL_Rom_GetInfoAll
[0000729] [16:55:15:100483] [Tid0x00000a04] [debug] -->[C352] DL_GetCount #./api/api.cpp (line:2587)
[0000730] [16:55:15:100483] [Tid0x00000a04] [debug] <--[C352] DL_GetCount
[0000731] [16:55:15:100483] [Tid0x00000a04] [debug] -->[C353] DL_Rom_GetInfoAll #./api/api.cpp (line:2752)
[0000732] [16:55:15:101483] [Tid0x00000a04] [debug] <--[C353] DL_Rom_GetInfoAll
[0000733] [16:55:21:584483] [Tid0x00003660] [debug] -->[C354] FlashTool_Connect_BROM_ByName #./api/api.cpp (line:1975)
[0000734] [16:55:21:584483] [Tid0x00003660] [debug] -->[C355] FlashTool_Connect_BROM_Ex #./api/api.cpp (line:1880)
[0000735] [16:55:21:584483] [Tid0x00003660] [debug] bCheckScatter: 1
[0000736] [16:55:21:584483] [Tid0x00003660] [debug] have load scatter already
[0000737] [16:55:21:584483] [Tid0x00003660] [debug] libversion 1
[0000738] [16:55:22:181483] [Tid0x00003660] [debug] <--[C355] FlashTool_Connect_BROM_Ex
[0000739] [16:55:22:181483] [Tid0x00003660] [debug] <--[C354] FlashTool_Connect_BROM_ByName
[0000740] [16:55:22:181483] [Tid0x00003660] [debug] -->[C356] FlashTool_GetBootResult #./api/api.cpp (line:1987)
[0000741] [16:55:22:181483] [Tid0x00003660] [debug] <--[C356] FlashTool_GetBootResult
[0000742] [16:55:22:181483] [Tid0x00003660] [debug] -->[C357] FlashTool_Connect_Download_DA #./api/api.cpp (line:2007)
[0000743] [16:55:22:181483] [Tid0x00003660] [debug] bCheckScatter: 1
[0000744] [16:55:24:249483] [Tid0x00003660] [debug] <--[C357] FlashTool_Connect_Download_DA
[0000745] [16:55:24:249483] [Tid0x00003660] [debug] -->[C358] FlashTool_CheckUSBStatus #./api/api.cpp (line:1154)
[0000746] [16:55:24:250483] [Tid0x00003660] [debug] <--[C358] FlashTool_CheckUSBStatus
[0000747] [16:55:24:250483] [Tid0x00003660] [debug] -->[C359] FlashTool_CheckUSBStatus #./api/api.cpp (line:1154)
[0000748] [16:55:24:251483] [Tid0x00003660] [debug] <--[C359] FlashTool_CheckUSBStatus
[0000749] [16:55:24:251483] [Tid0x00003660] [debug] -->[C360] FlashTool_GetReservedRomSize #./api/api.cpp (line:1677)
[0000750] [16:55:24:251483] [Tid0x00003660] [debug] <--[C360] FlashTool_GetReservedRomSize
[0000751] [16:55:24:251483] [Tid0x00003660] [debug] -->[C361] FlashTool_RomGetCount #./api/api.cpp (line:1702)
[0000752] [16:55:24:252483] [Tid0x00003660] [debug] <--[C361] FlashTool_RomGetCount
[0000753] [16:55:24:252483] [Tid0x00003660] [debug] -->[C362] FlashTool_RomGetInfoAll #./api/api.cpp (line:1726)
[0000754] [16:55:24:254483] [Tid0x00003660] [debug] <--[C362] FlashTool_RomGetInfoAll
[0000755] [16:55:24:254483] [Tid0x00003660] [debug] -->[C363] FlashTool_ReadPartitionCount #./api/api.cpp (line:1633)
[0000756] [16:55:24:288483] [Tid0x00003660] [debug] <--[C363] FlashTool_ReadPartitionCount
[0000757] [16:55:24:288483] [Tid0x00003660] [debug] -->[C364] FlashTool_ReadPartitionInfo #./api/api.cpp (line:1654)
[0000758] [16:55:24:288483] [Tid0x00003660] [debug] <--[C364] FlashTool_ReadPartitionInfo
[0000759] [16:55:24:289483] [Tid0x00003660] [debug] -->[C365] FlashTool_Download #./api/api.cpp (line:1300)
[0000760] [17:02:26:396483] [Tid0x00003660] [debug] <--[C365] FlashTool_Download
[0000761] [17:02:26:396483] [Tid0x00003660] [debug] -->[C366] DL_GetCount #./api/api.cpp (line:2587)
[0000762] [17:02:26:396483] [Tid0x00003660] [debug] <--[C366] DL_GetCount
[0000763] [17:02:26:397483] [Tid0x00003660] [debug] -->[C367] DL_Rom_GetInfoAll #./api/api.cpp (line:2752)
[0000764] [17:02:26:397483] [Tid0x00003660] [debug] <--[C367] DL_Rom_GetInfoAll
[0000765] [17:02:26:397483] [Tid0x00003660] [debug] -->[C368] FlashTool_Disconnect #./api/api.cpp (line:1033)
[0000766] [17:02:26:421483] [Tid0x00003660] [debug] <--[C368] FlashTool_Disconnect
[0000767] [14:32:58:790083] [Tid0x00000a04] [debug] -->[C369] DL_Rom_UnloadAll #./api/api.cpp (line:2795)
[0000768] [14:32:59:301083] [Tid0x00000a04] [debug] <--[C369] DL_Rom_UnloadAll
