[0000001] [19:26:07:986922] [Tid0x00002ab0] [debug] -->[C1] DL_LoadScatter #./api/api.cpp (line:2474)
[0000002] [19:26:08:200118] [Tid0x00002ab0] [debug] used lib version: 1
[0000003] [19:26:08:200118] [Tid0x00002ab0] [debug] <--[C1] DL_LoadScatter
[0000004] [19:26:08:200118] [Tid0x00002ab0] [debug] -->[C2] DL_AutoLoadRomImages #./api/api.cpp (line:2667)
[0000005] [19:26:09:368303] [Tid0x00002ab0] [debug] <--[C2] DL_AutoLoadRomImages
[0000006] [19:26:09:595700] [Tid0x00002940] [debug] -->[C3] DL_GetCount #./api/api.cpp (line:2587)
[0000007] [19:26:09:595700] [Tid0x00002940] [debug] <--[C3] DL_GetCount
[0000008] [19:26:09:595700] [Tid0x00002940] [debug] -->[C4] DL_Rom_GetInfoAll #./api/api.cpp (line:2752)
[0000009] [19:26:09:595700] [Tid0x00002940] [debug] <--[C4] DL_Rom_GetInfoAll
[0000010] [19:26:09:597700] [Tid0x00002940] [debug] -->[C5] DL_GetScatterInfo #./api/api.cpp (line:2688)
[0000011] [19:26:09:597700] [Tid0x00002940] [debug] <--[C5] DL_GetScatterInfo
[0000012] [19:26:09:599700] [Tid0x00002940] [debug] -->[C6] DL_GetCount #./api/api.cpp (line:2587)
[0000013] [19:26:09:599700] [Tid0x00002940] [debug] <--[C6] DL_GetCount
[0000014] [19:26:09:599700] [Tid0x00002940] [debug] -->[C7] DL_Rom_GetInfoAll #./api/api.cpp (line:2752)
[0000015] [19:26:09:599700] [Tid0x00002940] [debug] <--[C7] DL_Rom_GetInfoAll
[0000016] [19:26:09:600700] [Tid0x00002940] [debug] -->[C8] DL_Rom_SetEnableAttr #./api/api.cpp (line:2806)
[0000017] [19:26:09:600700] [Tid0x00002940] [debug] <--[C8] DL_Rom_SetEnableAttr
[0000018] [19:26:09:600700] [Tid0x00002940] [debug] -->[C9] DL_GetCount #./api/api.cpp (line:2587)
[0000019] [19:26:09:600700] [Tid0x00002940] [debug] <--[C9] DL_GetCount
[0000020] [19:26:09:600700] [Tid0x00002940] [debug] -->[C10] DL_Rom_GetInfoAll #./api/api.cpp (line:2752)
[0000021] [19:26:09:600700] [Tid0x00002940] [debug] <--[C10] DL_Rom_GetInfoAll
[0000022] [19:26:09:601700] [Tid0x00002940] [debug] -->[C11] DL_Rom_SetEnableAttr #./api/api.cpp (line:2806)
[0000023] [19:26:09:601700] [Tid0x00002940] [debug] <--[C11] DL_Rom_SetEnableAttr
[0000024] [19:26:09:602700] [Tid0x00002940] [debug] -->[C12] DL_GetCount #./api/api.cpp (line:2587)
[0000025] [19:26:09:602700] [Tid0x00002940] [debug] <--[C12] DL_GetCount
[0000026] [19:26:09:602700] [Tid0x00002940] [debug] -->[C13] DL_Rom_GetInfoAll #./api/api.cpp (line:2752)
[0000027] [19:26:09:602700] [Tid0x00002940] [debug] <--[C13] DL_Rom_GetInfoAll
[0000028] [19:26:09:603700] [Tid0x00002940] [debug] -->[C14] DL_Rom_SetEnableAttr #./api/api.cpp (line:2806)
[0000029] [19:26:09:603700] [Tid0x00002940] [debug] <--[C14] DL_Rom_SetEnableAttr
[0000030] [19:26:09:604700] [Tid0x00002940] [debug] -->[C15] DL_GetCount #./api/api.cpp (line:2587)
[0000031] [19:26:09:604700] [Tid0x00002940] [debug] <--[C15] DL_GetCount
[0000032] [19:26:09:604700] [Tid0x00002940] [debug] -->[C16] DL_Rom_GetInfoAll #./api/api.cpp (line:2752)
[0000033] [19:26:09:604700] [Tid0x00002940] [debug] <--[C16] DL_Rom_GetInfoAll
[0000034] [19:26:09:605700] [Tid0x00002940] [debug] -->[C17] DL_Rom_SetEnableAttr #./api/api.cpp (line:2806)
[0000035] [19:26:09:606700] [Tid0x00002940] [debug] <--[C17] DL_Rom_SetEnableAttr
[0000036] [19:26:09:606700] [Tid0x00002940] [debug] -->[C18] DL_GetCount #./api/api.cpp (line:2587)
[0000037] [19:26:09:606700] [Tid0x00002940] [debug] <--[C18] DL_GetCount
[0000038] [19:26:09:606700] [Tid0x00002940] [debug] -->[C19] DL_Rom_GetInfoAll #./api/api.cpp (line:2752)
[0000039] [19:26:09:606700] [Tid0x00002940] [debug] <--[C19] DL_Rom_GetInfoAll
[0000040] [19:26:09:607700] [Tid0x00002940] [debug] -->[C20] DL_Rom_SetEnableAttr #./api/api.cpp (line:2806)
[0000041] [19:26:09:607700] [Tid0x00002940] [debug] <--[C20] DL_Rom_SetEnableAttr
[0000042] [19:26:09:608700] [Tid0x00002940] [debug] -->[C21] DL_GetCount #./api/api.cpp (line:2587)
[0000043] [19:26:09:608700] [Tid0x00002940] [debug] <--[C21] DL_GetCount
[0000044] [19:26:09:608700] [Tid0x00002940] [debug] -->[C22] DL_Rom_GetInfoAll #./api/api.cpp (line:2752)
[0000045] [19:26:09:608700] [Tid0x00002940] [debug] <--[C22] DL_Rom_GetInfoAll
[0000046] [19:26:09:609700] [Tid0x00002940] [debug] -->[C23] DL_Rom_SetEnableAttr #./api/api.cpp (line:2806)
[0000047] [19:26:09:609700] [Tid0x00002940] [debug] <--[C23] DL_Rom_SetEnableAttr
[0000048] [19:26:09:610700] [Tid0x00002940] [debug] -->[C24] DL_GetCount #./api/api.cpp (line:2587)
[0000049] [19:26:09:610700] [Tid0x00002940] [debug] <--[C24] DL_GetCount
[0000050] [19:26:09:610700] [Tid0x00002940] [debug] -->[C25] DL_Rom_GetInfoAll #./api/api.cpp (line:2752)
[0000051] [19:26:09:610700] [Tid0x00002940] [debug] <--[C25] DL_Rom_GetInfoAll
[0000052] [19:26:09:611700] [Tid0x00002940] [debug] -->[C26] DL_Rom_SetEnableAttr #./api/api.cpp (line:2806)
[0000053] [19:26:09:611700] [Tid0x00002940] [debug] <--[C26] DL_Rom_SetEnableAttr
[0000054] [19:26:09:611700] [Tid0x00002940] [debug] -->[C27] DL_GetCount #./api/api.cpp (line:2587)
[0000055] [19:26:09:612700] [Tid0x00002940] [debug] <--[C27] DL_GetCount
[0000056] [19:26:09:612700] [Tid0x00002940] [debug] -->[C28] DL_Rom_GetInfoAll #./api/api.cpp (line:2752)
[0000057] [19:26:09:612700] [Tid0x00002940] [debug] <--[C28] DL_Rom_GetInfoAll
[0000058] [19:26:09:613700] [Tid0x00002940] [debug] -->[C29] DL_Rom_SetEnableAttr #./api/api.cpp (line:2806)
[0000059] [19:26:09:613700] [Tid0x00002940] [debug] <--[C29] DL_Rom_SetEnableAttr
[0000060] [19:26:09:613700] [Tid0x00002940] [debug] -->[C30] DL_GetCount #./api/api.cpp (line:2587)
[0000061] [19:26:09:614700] [Tid0x00002940] [debug] <--[C30] DL_GetCount
[0000062] [19:26:09:614700] [Tid0x00002940] [debug] -->[C31] DL_Rom_GetInfoAll #./api/api.cpp (line:2752)
[0000063] [19:26:09:614700] [Tid0x00002940] [debug] <--[C31] DL_Rom_GetInfoAll
[0000064] [19:26:09:615700] [Tid0x00002940] [debug] -->[C32] DL_Rom_SetEnableAttr #./api/api.cpp (line:2806)
[0000065] [19:26:09:615700] [Tid0x00002940] [debug] <--[C32] DL_Rom_SetEnableAttr
[0000066] [19:26:09:615700] [Tid0x00002940] [debug] -->[C33] DL_GetCount #./api/api.cpp (line:2587)
[0000067] [19:26:09:616700] [Tid0x00002940] [debug] <--[C33] DL_GetCount
[0000068] [19:26:09:616700] [Tid0x00002940] [debug] -->[C34] DL_Rom_GetInfoAll #./api/api.cpp (line:2752)
[0000069] [19:26:09:616700] [Tid0x00002940] [debug] <--[C34] DL_Rom_GetInfoAll
[0000070] [19:26:09:617700] [Tid0x00002940] [debug] -->[C35] DL_Rom_SetEnableAttr #./api/api.cpp (line:2806)
[0000071] [19:26:09:617700] [Tid0x00002940] [debug] <--[C35] DL_Rom_SetEnableAttr
[0000072] [19:26:09:617700] [Tid0x00002940] [debug] -->[C36] DL_GetCount #./api/api.cpp (line:2587)
[0000073] [19:26:09:617700] [Tid0x00002940] [debug] <--[C36] DL_GetCount
[0000074] [19:26:09:617700] [Tid0x00002940] [debug] -->[C37] DL_Rom_GetInfoAll #./api/api.cpp (line:2752)
[0000075] [19:26:09:617700] [Tid0x00002940] [debug] <--[C37] DL_Rom_GetInfoAll
[0000076] [19:26:09:618700] [Tid0x00002940] [debug] -->[C38] DL_Rom_SetEnableAttr #./api/api.cpp (line:2806)
[0000077] [19:26:09:618700] [Tid0x00002940] [debug] <--[C38] DL_Rom_SetEnableAttr
[0000078] [19:26:09:644700] [Tid0x00002940] [debug] -->[C39] DL_GetCount #./api/api.cpp (line:2587)
[0000079] [19:26:09:644700] [Tid0x00002940] [debug] <--[C39] DL_GetCount
[0000080] [19:26:09:644700] [Tid0x00002940] [debug] -->[C40] DL_Rom_GetInfoAll #./api/api.cpp (line:2752)
[0000081] [19:26:09:644700] [Tid0x00002940] [debug] <--[C40] DL_Rom_GetInfoAll
[0000082] [19:26:09:645700] [Tid0x00002940] [debug] -->[C41] DL_Rom_SetEnableAttr #./api/api.cpp (line:2806)
[0000083] [19:26:09:645700] [Tid0x00002940] [debug] <--[C41] DL_Rom_SetEnableAttr
[0000084] [19:26:09:646700] [Tid0x00002940] [debug] -->[C42] DL_GetCount #./api/api.cpp (line:2587)
[0000085] [19:26:09:646700] [Tid0x00002940] [debug] <--[C42] DL_GetCount
[0000086] [19:26:09:646700] [Tid0x00002940] [debug] -->[C43] DL_Rom_GetInfoAll #./api/api.cpp (line:2752)
[0000087] [19:26:09:646700] [Tid0x00002940] [debug] <--[C43] DL_Rom_GetInfoAll
[0000088] [19:26:09:646700] [Tid0x00002940] [debug] -->[C44] DL_Rom_SetEnableAttr #./api/api.cpp (line:2806)
[0000089] [19:26:09:646700] [Tid0x00002940] [debug] <--[C44] DL_Rom_SetEnableAttr
[0000090] [19:26:09:647700] [Tid0x00002940] [debug] -->[C45] DL_GetCount #./api/api.cpp (line:2587)
[0000091] [19:26:09:647700] [Tid0x00002940] [debug] <--[C45] DL_GetCount
[0000092] [19:26:09:647700] [Tid0x00002940] [debug] -->[C46] DL_Rom_GetInfoAll #./api/api.cpp (line:2752)
[0000093] [19:26:09:647700] [Tid0x00002940] [debug] <--[C46] DL_Rom_GetInfoAll
[0000094] [19:26:09:647700] [Tid0x00002940] [debug] -->[C47] DL_Rom_SetEnableAttr #./api/api.cpp (line:2806)
[0000095] [19:26:09:647700] [Tid0x00002940] [debug] <--[C47] DL_Rom_SetEnableAttr
[0000096] [19:26:09:649700] [Tid0x00002940] [debug] -->[C48] DL_GetCount #./api/api.cpp (line:2587)
[0000097] [19:26:09:649700] [Tid0x00002940] [debug] <--[C48] DL_GetCount
[0000098] [19:26:09:649700] [Tid0x00002940] [debug] -->[C49] DL_Rom_GetInfoAll #./api/api.cpp (line:2752)
[0000099] [19:26:09:649700] [Tid0x00002940] [debug] <--[C49] DL_Rom_GetInfoAll
[0000100] [19:26:09:649700] [Tid0x00002940] [debug] -->[C50] DL_Rom_SetEnableAttr #./api/api.cpp (line:2806)
[0000101] [19:26:09:649700] [Tid0x00002940] [debug] <--[C50] DL_Rom_SetEnableAttr
[0000102] [19:26:09:650700] [Tid0x00002940] [debug] -->[C51] DL_GetCount #./api/api.cpp (line:2587)
[0000103] [19:26:09:650700] [Tid0x00002940] [debug] <--[C51] DL_GetCount
[0000104] [19:26:09:650700] [Tid0x00002940] [debug] -->[C52] DL_Rom_GetInfoAll #./api/api.cpp (line:2752)
[0000105] [19:26:09:650700] [Tid0x00002940] [debug] <--[C52] DL_Rom_GetInfoAll
[0000106] [19:26:09:651700] [Tid0x00002940] [debug] -->[C53] DL_Rom_SetEnableAttr #./api/api.cpp (line:2806)
[0000107] [19:26:09:651700] [Tid0x00002940] [debug] <--[C53] DL_Rom_SetEnableAttr
[0000108] [19:26:09:651700] [Tid0x00002940] [debug] -->[C54] DL_GetCount #./api/api.cpp (line:2587)
[0000109] [19:26:09:651700] [Tid0x00002940] [debug] <--[C54] DL_GetCount
[0000110] [19:26:09:651700] [Tid0x00002940] [debug] -->[C55] DL_Rom_GetInfoAll #./api/api.cpp (line:2752)
[0000111] [19:26:09:651700] [Tid0x00002940] [debug] <--[C55] DL_Rom_GetInfoAll
[0000112] [19:26:09:652700] [Tid0x00002940] [debug] -->[C56] DL_Rom_SetEnableAttr #./api/api.cpp (line:2806)
[0000113] [19:26:09:652700] [Tid0x00002940] [debug] <--[C56] DL_Rom_SetEnableAttr
[0000114] [19:26:09:655700] [Tid0x00002940] [debug] -->[C57] DL_GetCount #./api/api.cpp (line:2587)
[0000115] [19:26:09:655700] [Tid0x00002940] [debug] <--[C57] DL_GetCount
[0000116] [19:26:09:655700] [Tid0x00002940] [debug] -->[C58] DL_Rom_GetInfoAll #./api/api.cpp (line:2752)
[0000117] [19:26:09:655700] [Tid0x00002940] [debug] <--[C58] DL_Rom_GetInfoAll
[0000118] [19:26:09:656700] [Tid0x00002940] [debug] -->[C59] DL_Rom_SetEnableAttr #./api/api.cpp (line:2806)
[0000119] [19:26:09:656700] [Tid0x00002940] [debug] <--[C59] DL_Rom_SetEnableAttr
[0000120] [19:26:09:657700] [Tid0x00002940] [debug] -->[C60] DL_GetCount #./api/api.cpp (line:2587)
[0000121] [19:26:09:657700] [Tid0x00002940] [debug] <--[C60] DL_GetCount
[0000122] [19:26:09:657700] [Tid0x00002940] [debug] -->[C61] DL_Rom_GetInfoAll #./api/api.cpp (line:2752)
[0000123] [19:26:09:657700] [Tid0x00002940] [debug] <--[C61] DL_Rom_GetInfoAll
[0000124] [19:26:09:658700] [Tid0x00002940] [debug] -->[C62] DL_Rom_SetEnableAttr #./api/api.cpp (line:2806)
[0000125] [19:26:09:658700] [Tid0x00002940] [debug] <--[C62] DL_Rom_SetEnableAttr
[0000126] [19:26:09:658700] [Tid0x00002940] [debug] -->[C63] DL_GetCount #./api/api.cpp (line:2587)
[0000127] [19:26:09:658700] [Tid0x00002940] [debug] <--[C63] DL_GetCount
[0000128] [19:26:09:658700] [Tid0x00002940] [debug] -->[C64] DL_Rom_GetInfoAll #./api/api.cpp (line:2752)
[0000129] [19:26:09:658700] [Tid0x00002940] [debug] <--[C64] DL_Rom_GetInfoAll
[0000130] [19:26:09:659700] [Tid0x00002940] [debug] -->[C65] DL_Rom_SetEnableAttr #./api/api.cpp (line:2806)
[0000131] [19:26:09:659700] [Tid0x00002940] [debug] <--[C65] DL_Rom_SetEnableAttr
[0000132] [19:26:09:660700] [Tid0x00002940] [debug] -->[C66] DL_GetCount #./api/api.cpp (line:2587)
[0000133] [19:26:09:660700] [Tid0x00002940] [debug] <--[C66] DL_GetCount
[0000134] [19:26:09:660700] [Tid0x00002940] [debug] -->[C67] DL_Rom_GetInfoAll #./api/api.cpp (line:2752)
[0000135] [19:26:09:660700] [Tid0x00002940] [debug] <--[C67] DL_Rom_GetInfoAll
[0000136] [19:26:09:661700] [Tid0x00002940] [debug] -->[C68] DL_Rom_SetEnableAttr #./api/api.cpp (line:2806)
[0000137] [19:26:09:661700] [Tid0x00002940] [debug] <--[C68] DL_Rom_SetEnableAttr
[0000138] [19:26:09:661700] [Tid0x00002940] [debug] -->[C69] DL_GetCount #./api/api.cpp (line:2587)
[0000139] [19:26:09:661700] [Tid0x00002940] [debug] <--[C69] DL_GetCount
[0000140] [19:26:09:661700] [Tid0x00002940] [debug] -->[C70] DL_Rom_GetInfoAll #./api/api.cpp (line:2752)
[0000141] [19:26:09:661700] [Tid0x00002940] [debug] <--[C70] DL_Rom_GetInfoAll
[0000142] [19:26:09:662700] [Tid0x00002940] [debug] -->[C71] DL_Rom_SetEnableAttr #./api/api.cpp (line:2806)
[0000143] [19:26:09:662700] [Tid0x00002940] [debug] <--[C71] DL_Rom_SetEnableAttr
[0000144] [19:26:09:662700] [Tid0x00002940] [debug] -->[C72] DL_GetCount #./api/api.cpp (line:2587)
[0000145] [19:26:09:662700] [Tid0x00002940] [debug] <--[C72] DL_GetCount
[0000146] [19:26:09:662700] [Tid0x00002940] [debug] -->[C73] DL_Rom_GetInfoAll #./api/api.cpp (line:2752)
[0000147] [19:26:09:662700] [Tid0x00002940] [debug] <--[C73] DL_Rom_GetInfoAll
[0000148] [19:26:09:663700] [Tid0x00002940] [debug] -->[C74] DL_Rom_SetEnableAttr #./api/api.cpp (line:2806)
[0000149] [19:26:09:663700] [Tid0x00002940] [debug] <--[C74] DL_Rom_SetEnableAttr
[0000150] [19:26:09:664700] [Tid0x00002940] [debug] -->[C75] DL_GetCount #./api/api.cpp (line:2587)
[0000151] [19:26:09:664700] [Tid0x00002940] [debug] <--[C75] DL_GetCount
[0000152] [19:26:09:664700] [Tid0x00002940] [debug] -->[C76] DL_Rom_GetInfoAll #./api/api.cpp (line:2752)
[0000153] [19:26:09:664700] [Tid0x00002940] [debug] <--[C76] DL_Rom_GetInfoAll
[0000154] [19:26:09:664700] [Tid0x00002940] [debug] -->[C77] DL_Rom_SetEnableAttr #./api/api.cpp (line:2806)
[0000155] [19:26:09:664700] [Tid0x00002940] [debug] <--[C77] DL_Rom_SetEnableAttr
[0000156] [19:26:09:665700] [Tid0x00002940] [debug] -->[C78] DL_GetCount #./api/api.cpp (line:2587)
[0000157] [19:26:09:665700] [Tid0x00002940] [debug] <--[C78] DL_GetCount
[0000158] [19:26:09:665700] [Tid0x00002940] [debug] -->[C79] DL_Rom_GetInfoAll #./api/api.cpp (line:2752)
[0000159] [19:26:09:665700] [Tid0x00002940] [debug] <--[C79] DL_Rom_GetInfoAll
[0000160] [19:26:09:666700] [Tid0x00002940] [debug] -->[C80] DL_Rom_SetEnableAttr #./api/api.cpp (line:2806)
[0000161] [19:26:09:666700] [Tid0x00002940] [debug] <--[C80] DL_Rom_SetEnableAttr
[0000162] [19:26:09:666700] [Tid0x00002940] [debug] -->[C81] DL_GetCount #./api/api.cpp (line:2587)
[0000163] [19:26:09:666700] [Tid0x00002940] [debug] <--[C81] DL_GetCount
[0000164] [19:26:09:666700] [Tid0x00002940] [debug] -->[C82] DL_Rom_GetInfoAll #./api/api.cpp (line:2752)
[0000165] [19:26:09:666700] [Tid0x00002940] [debug] <--[C82] DL_Rom_GetInfoAll
[0000166] [19:26:09:667700] [Tid0x00002940] [debug] -->[C83] DL_Rom_SetEnableAttr #./api/api.cpp (line:2806)
[0000167] [19:26:09:667700] [Tid0x00002940] [debug] <--[C83] DL_Rom_SetEnableAttr
[0000168] [19:26:09:667700] [Tid0x00002940] [debug] -->[C84] DL_GetCount #./api/api.cpp (line:2587)
[0000169] [19:26:09:667700] [Tid0x00002940] [debug] <--[C84] DL_GetCount
[0000170] [19:26:09:667700] [Tid0x00002940] [debug] -->[C85] DL_Rom_GetInfoAll #./api/api.cpp (line:2752)
[0000171] [19:26:09:667700] [Tid0x00002940] [debug] <--[C85] DL_Rom_GetInfoAll
[0000172] [19:26:09:668700] [Tid0x00002940] [debug] -->[C86] DL_Rom_SetEnableAttr #./api/api.cpp (line:2806)
[0000173] [19:26:09:668700] [Tid0x00002940] [debug] <--[C86] DL_Rom_SetEnableAttr
[0000174] [19:26:09:669700] [Tid0x00002940] [debug] -->[C87] DL_GetCount #./api/api.cpp (line:2587)
[0000175] [19:26:09:669700] [Tid0x00002940] [debug] <--[C87] DL_GetCount
[0000176] [19:26:09:669700] [Tid0x00002940] [debug] -->[C88] DL_Rom_GetInfoAll #./api/api.cpp (line:2752)
[0000177] [19:26:09:669700] [Tid0x00002940] [debug] <--[C88] DL_Rom_GetInfoAll
[0000178] [19:26:09:670700] [Tid0x00002940] [debug] -->[C89] DL_Rom_SetEnableAttr #./api/api.cpp (line:2806)
[0000179] [19:26:09:670700] [Tid0x00002940] [debug] <--[C89] DL_Rom_SetEnableAttr
[0000180] [19:26:09:670700] [Tid0x00002940] [debug] -->[C90] DL_GetCount #./api/api.cpp (line:2587)
[0000181] [19:26:09:670700] [Tid0x00002940] [debug] <--[C90] DL_GetCount
[0000182] [19:26:09:670700] [Tid0x00002940] [debug] -->[C91] DL_Rom_GetInfoAll #./api/api.cpp (line:2752)
[0000183] [19:26:09:670700] [Tid0x00002940] [debug] <--[C91] DL_Rom_GetInfoAll
[0000184] [19:26:09:671700] [Tid0x00002940] [debug] -->[C92] DL_Rom_SetEnableAttr #./api/api.cpp (line:2806)
[0000185] [19:26:09:671700] [Tid0x00002940] [debug] <--[C92] DL_Rom_SetEnableAttr
[0000186] [19:26:09:687300] [Tid0x00002940] [debug] -->[C93] DL_GetCount #./api/api.cpp (line:2587)
[0000187] [19:26:09:687300] [Tid0x00002940] [debug] <--[C93] DL_GetCount
[0000188] [19:26:09:687300] [Tid0x00002940] [debug] -->[C94] DL_Rom_GetInfoAll #./api/api.cpp (line:2752)
[0000189] [19:26:09:687300] [Tid0x00002940] [debug] <--[C94] DL_Rom_GetInfoAll
[0000190] [19:26:09:688300] [Tid0x00002940] [debug] -->[C95] DL_Rom_SetEnableAttr #./api/api.cpp (line:2806)
[0000191] [19:26:09:688300] [Tid0x00002940] [debug] <--[C95] DL_Rom_SetEnableAttr
[0000192] [19:26:09:688300] [Tid0x00002940] [debug] -->[C96] DL_GetCount #./api/api.cpp (line:2587)
[0000193] [19:26:09:688300] [Tid0x00002940] [debug] <--[C96] DL_GetCount
[0000194] [19:26:09:688300] [Tid0x00002940] [debug] -->[C97] DL_Rom_GetInfoAll #./api/api.cpp (line:2752)
[0000195] [19:26:09:688300] [Tid0x00002940] [debug] <--[C97] DL_Rom_GetInfoAll
[0000196] [19:26:09:688300] [Tid0x00002940] [debug] -->[C98] DL_Rom_SetEnableAttr #./api/api.cpp (line:2806)
[0000197] [19:26:09:688300] [Tid0x00002940] [debug] <--[C98] DL_Rom_SetEnableAttr
[0000198] [19:26:09:688300] [Tid0x00002940] [debug] -->[C99] DL_GetCount #./api/api.cpp (line:2587)
[0000199] [19:26:09:688300] [Tid0x00002940] [debug] <--[C99] DL_GetCount
[0000200] [19:26:09:688300] [Tid0x00002940] [debug] -->[C100] DL_Rom_GetInfoAll #./api/api.cpp (line:2752)
[0000201] [19:26:09:688300] [Tid0x00002940] [debug] <--[C100] DL_Rom_GetInfoAll
[0000202] [19:26:09:688300] [Tid0x00002940] [debug] -->[C101] DL_Rom_SetEnableAttr #./api/api.cpp (line:2806)
[0000203] [19:26:09:688300] [Tid0x00002940] [debug] <--[C101] DL_Rom_SetEnableAttr
[0000204] [19:26:09:688300] [Tid0x00002940] [debug] -->[C102] DL_GetCount #./api/api.cpp (line:2587)
[0000205] [19:26:09:688300] [Tid0x00002940] [debug] <--[C102] DL_GetCount
[0000206] [19:26:09:688300] [Tid0x00002940] [debug] -->[C103] DL_Rom_GetInfoAll #./api/api.cpp (line:2752)
[0000207] [19:26:09:688300] [Tid0x00002940] [debug] <--[C103] DL_Rom_GetInfoAll
[0000208] [19:26:09:688300] [Tid0x00002940] [debug] -->[C104] DL_Rom_SetEnableAttr #./api/api.cpp (line:2806)
[0000209] [19:26:09:688300] [Tid0x00002940] [debug] <--[C104] DL_Rom_SetEnableAttr
[0000210] [19:26:09:688300] [Tid0x00002940] [debug] -->[C105] DL_GetCount #./api/api.cpp (line:2587)
[0000211] [19:26:09:688300] [Tid0x00002940] [debug] <--[C105] DL_GetCount
[0000212] [19:26:09:688300] [Tid0x00002940] [debug] -->[C106] DL_Rom_GetInfoAll #./api/api.cpp (line:2752)
[0000213] [19:26:09:688300] [Tid0x00002940] [debug] <--[C106] DL_Rom_GetInfoAll
[0000214] [19:26:09:688300] [Tid0x00002940] [debug] -->[C107] DL_Rom_SetEnableAttr #./api/api.cpp (line:2806)
[0000215] [19:26:09:688300] [Tid0x00002940] [debug] <--[C107] DL_Rom_SetEnableAttr
[0000216] [19:26:09:688300] [Tid0x00002940] [debug] -->[C108] DL_GetCount #./api/api.cpp (line:2587)
[0000217] [19:26:09:688300] [Tid0x00002940] [debug] <--[C108] DL_GetCount
[0000218] [19:26:09:688300] [Tid0x00002940] [debug] -->[C109] DL_Rom_GetInfoAll #./api/api.cpp (line:2752)
[0000219] [19:26:09:688300] [Tid0x00002940] [debug] <--[C109] DL_Rom_GetInfoAll
[0000220] [19:26:09:688300] [Tid0x00002940] [debug] -->[C110] DL_Rom_SetEnableAttr #./api/api.cpp (line:2806)
[0000221] [19:26:09:688300] [Tid0x00002940] [debug] <--[C110] DL_Rom_SetEnableAttr
[0000222] [19:26:09:688300] [Tid0x00002940] [debug] -->[C111] DL_GetCount #./api/api.cpp (line:2587)
[0000223] [19:26:09:688300] [Tid0x00002940] [debug] <--[C111] DL_GetCount
[0000224] [19:26:09:688300] [Tid0x00002940] [debug] -->[C112] DL_Rom_GetInfoAll #./api/api.cpp (line:2752)
[0000225] [19:26:09:688300] [Tid0x00002940] [debug] <--[C112] DL_Rom_GetInfoAll
[0000226] [19:26:09:688300] [Tid0x00002940] [debug] -->[C113] DL_Rom_SetEnableAttr #./api/api.cpp (line:2806)
[0000227] [19:26:09:688300] [Tid0x00002940] [debug] <--[C113] DL_Rom_SetEnableAttr
[0000228] [19:26:09:688300] [Tid0x00002940] [debug] -->[C114] DL_SetChecksumLevel #./api/api.cpp (line:2516)
[0000229] [19:26:09:688300] [Tid0x00002940] [debug] <--[C114] DL_SetChecksumLevel
[0000230] [19:26:34:859715] [Tid0x00002ab0] [debug] -->[C115] DL_LoadScatter #./api/api.cpp (line:2474)
[0000231] [19:26:34:924114] [Tid0x00002ab0] [debug] used lib version: 1
[0000232] [19:26:34:924114] [Tid0x00002ab0] [debug] <--[C115] DL_LoadScatter
[0000233] [19:26:34:924114] [Tid0x00002ab0] [debug] -->[C116] DL_AutoLoadRomImages #./api/api.cpp (line:2667)
[0000234] [19:26:35:565904] [Tid0x00002ab0] [debug] <--[C116] DL_AutoLoadRomImages
[0000235] [19:26:35:566904] [Tid0x00002940] [debug] -->[C117] DL_GetCount #./api/api.cpp (line:2587)
[0000236] [19:26:35:566904] [Tid0x00002940] [debug] <--[C117] DL_GetCount
[0000237] [19:26:35:566904] [Tid0x00002940] [debug] -->[C118] DL_Rom_GetInfoAll #./api/api.cpp (line:2752)
[0000238] [19:26:35:566904] [Tid0x00002940] [debug] <--[C118] DL_Rom_GetInfoAll
[0000239] [19:26:35:567904] [Tid0x00002940] [debug] -->[C119] DL_GetScatterInfo #./api/api.cpp (line:2688)
[0000240] [19:26:35:567904] [Tid0x00002940] [debug] <--[C119] DL_GetScatterInfo
[0000241] [19:26:35:584504] [Tid0x00002940] [debug] -->[C120] DL_GetCount #./api/api.cpp (line:2587)
[0000242] [19:26:35:584504] [Tid0x00002940] [debug] <--[C120] DL_GetCount
[0000243] [19:26:35:584504] [Tid0x00002940] [debug] -->[C121] DL_Rom_GetInfoAll #./api/api.cpp (line:2752)
[0000244] [19:26:35:584504] [Tid0x00002940] [debug] <--[C121] DL_Rom_GetInfoAll
[0000245] [19:26:35:584504] [Tid0x00002940] [debug] -->[C122] DL_Rom_SetEnableAttr #./api/api.cpp (line:2806)
[0000246] [19:26:35:584504] [Tid0x00002940] [debug] <--[C122] DL_Rom_SetEnableAttr
[0000247] [19:26:35:584504] [Tid0x00002940] [debug] -->[C123] DL_GetCount #./api/api.cpp (line:2587)
[0000248] [19:26:35:584504] [Tid0x00002940] [debug] <--[C123] DL_GetCount
[0000249] [19:26:35:584504] [Tid0x00002940] [debug] -->[C124] DL_Rom_GetInfoAll #./api/api.cpp (line:2752)
[0000250] [19:26:35:584504] [Tid0x00002940] [debug] <--[C124] DL_Rom_GetInfoAll
[0000251] [19:26:35:584504] [Tid0x00002940] [debug] -->[C125] DL_Rom_SetEnableAttr #./api/api.cpp (line:2806)
[0000252] [19:26:35:584504] [Tid0x00002940] [debug] <--[C125] DL_Rom_SetEnableAttr
[0000253] [19:26:35:585504] [Tid0x00002940] [debug] -->[C126] DL_GetCount #./api/api.cpp (line:2587)
[0000254] [19:26:35:585504] [Tid0x00002940] [debug] <--[C126] DL_GetCount
[0000255] [19:26:35:585504] [Tid0x00002940] [debug] -->[C127] DL_Rom_GetInfoAll #./api/api.cpp (line:2752)
[0000256] [19:26:35:585504] [Tid0x00002940] [debug] <--[C127] DL_Rom_GetInfoAll
[0000257] [19:26:35:586504] [Tid0x00002940] [debug] -->[C128] DL_Rom_SetEnableAttr #./api/api.cpp (line:2806)
[0000258] [19:26:35:586504] [Tid0x00002940] [debug] <--[C128] DL_Rom_SetEnableAttr
[0000259] [19:26:35:590504] [Tid0x00002940] [debug] -->[C129] DL_GetCount #./api/api.cpp (line:2587)
[0000260] [19:26:35:590504] [Tid0x00002940] [debug] <--[C129] DL_GetCount
[0000261] [19:26:35:590504] [Tid0x00002940] [debug] -->[C130] DL_Rom_GetInfoAll #./api/api.cpp (line:2752)
[0000262] [19:26:35:590504] [Tid0x00002940] [debug] <--[C130] DL_Rom_GetInfoAll
[0000263] [19:26:35:591504] [Tid0x00002940] [debug] -->[C131] DL_Rom_SetEnableAttr #./api/api.cpp (line:2806)
[0000264] [19:26:35:591504] [Tid0x00002940] [debug] <--[C131] DL_Rom_SetEnableAttr
[0000265] [19:26:35:592504] [Tid0x00002940] [debug] -->[C132] DL_GetCount #./api/api.cpp (line:2587)
[0000266] [19:26:35:592504] [Tid0x00002940] [debug] <--[C132] DL_GetCount
[0000267] [19:26:35:592504] [Tid0x00002940] [debug] -->[C133] DL_Rom_GetInfoAll #./api/api.cpp (line:2752)
[0000268] [19:26:35:592504] [Tid0x00002940] [debug] <--[C133] DL_Rom_GetInfoAll
[0000269] [19:26:35:593504] [Tid0x00002940] [debug] -->[C134] DL_Rom_SetEnableAttr #./api/api.cpp (line:2806)
[0000270] [19:26:35:594504] [Tid0x00002940] [debug] <--[C134] DL_Rom_SetEnableAttr
[0000271] [19:26:35:597504] [Tid0x00002940] [debug] -->[C135] DL_GetCount #./api/api.cpp (line:2587)
[0000272] [19:26:35:597504] [Tid0x00002940] [debug] <--[C135] DL_GetCount
[0000273] [19:26:35:597504] [Tid0x00002940] [debug] -->[C136] DL_Rom_GetInfoAll #./api/api.cpp (line:2752)
[0000274] [19:26:35:597504] [Tid0x00002940] [debug] <--[C136] DL_Rom_GetInfoAll
[0000275] [19:26:35:598504] [Tid0x00002940] [debug] -->[C137] DL_Rom_SetEnableAttr #./api/api.cpp (line:2806)
[0000276] [19:26:35:598504] [Tid0x00002940] [debug] <--[C137] DL_Rom_SetEnableAttr
[0000277] [19:26:35:599504] [Tid0x00002940] [debug] -->[C138] DL_GetCount #./api/api.cpp (line:2587)
[0000278] [19:26:35:599504] [Tid0x00002940] [debug] <--[C138] DL_GetCount
[0000279] [19:26:35:599504] [Tid0x00002940] [debug] -->[C139] DL_Rom_GetInfoAll #./api/api.cpp (line:2752)
[0000280] [19:26:35:599504] [Tid0x00002940] [debug] <--[C139] DL_Rom_GetInfoAll
[0000281] [19:26:35:600504] [Tid0x00002940] [debug] -->[C140] DL_Rom_SetEnableAttr #./api/api.cpp (line:2806)
[0000282] [19:26:35:600504] [Tid0x00002940] [debug] <--[C140] DL_Rom_SetEnableAttr
[0000283] [19:26:35:603504] [Tid0x00002940] [debug] -->[C141] DL_GetCount #./api/api.cpp (line:2587)
[0000284] [19:26:35:603504] [Tid0x00002940] [debug] <--[C141] DL_GetCount
[0000285] [19:26:35:603504] [Tid0x00002940] [debug] -->[C142] DL_Rom_GetInfoAll #./api/api.cpp (line:2752)
[0000286] [19:26:35:603504] [Tid0x00002940] [debug] <--[C142] DL_Rom_GetInfoAll
[0000287] [19:26:35:604504] [Tid0x00002940] [debug] -->[C143] DL_Rom_SetEnableAttr #./api/api.cpp (line:2806)
[0000288] [19:26:35:604504] [Tid0x00002940] [debug] <--[C143] DL_Rom_SetEnableAttr
[0000289] [19:26:35:605504] [Tid0x00002940] [debug] -->[C144] DL_GetCount #./api/api.cpp (line:2587)
[0000290] [19:26:35:605504] [Tid0x00002940] [debug] <--[C144] DL_GetCount
[0000291] [19:26:35:605504] [Tid0x00002940] [debug] -->[C145] DL_Rom_GetInfoAll #./api/api.cpp (line:2752)
[0000292] [19:26:35:605504] [Tid0x00002940] [debug] <--[C145] DL_Rom_GetInfoAll
[0000293] [19:26:35:606504] [Tid0x00002940] [debug] -->[C146] DL_Rom_SetEnableAttr #./api/api.cpp (line:2806)
[0000294] [19:26:35:606504] [Tid0x00002940] [debug] <--[C146] DL_Rom_SetEnableAttr
[0000295] [19:26:35:609504] [Tid0x00002940] [debug] -->[C147] DL_GetCount #./api/api.cpp (line:2587)
[0000296] [19:26:35:609504] [Tid0x00002940] [debug] <--[C147] DL_GetCount
[0000297] [19:26:35:609504] [Tid0x00002940] [debug] -->[C148] DL_Rom_GetInfoAll #./api/api.cpp (line:2752)
[0000298] [19:26:35:609504] [Tid0x00002940] [debug] <--[C148] DL_Rom_GetInfoAll
[0000299] [19:26:35:610504] [Tid0x00002940] [debug] -->[C149] DL_Rom_SetEnableAttr #./api/api.cpp (line:2806)
[0000300] [19:26:35:610504] [Tid0x00002940] [debug] <--[C149] DL_Rom_SetEnableAttr
[0000301] [19:26:35:611504] [Tid0x00002940] [debug] -->[C150] DL_GetCount #./api/api.cpp (line:2587)
[0000302] [19:26:35:611504] [Tid0x00002940] [debug] <--[C150] DL_GetCount
[0000303] [19:26:35:611504] [Tid0x00002940] [debug] -->[C151] DL_Rom_GetInfoAll #./api/api.cpp (line:2752)
[0000304] [19:26:35:611504] [Tid0x00002940] [debug] <--[C151] DL_Rom_GetInfoAll
[0000305] [19:26:35:611504] [Tid0x00002940] [debug] -->[C152] DL_Rom_SetEnableAttr #./api/api.cpp (line:2806)
[0000306] [19:26:35:611504] [Tid0x00002940] [debug] <--[C152] DL_Rom_SetEnableAttr
[0000307] [19:26:35:613504] [Tid0x00002940] [debug] -->[C153] DL_GetCount #./api/api.cpp (line:2587)
[0000308] [19:26:35:614504] [Tid0x00002940] [debug] <--[C153] DL_GetCount
[0000309] [19:26:35:614504] [Tid0x00002940] [debug] -->[C154] DL_Rom_GetInfoAll #./api/api.cpp (line:2752)
[0000310] [19:26:35:614504] [Tid0x00002940] [debug] <--[C154] DL_Rom_GetInfoAll
[0000311] [19:26:35:614504] [Tid0x00002940] [debug] -->[C155] DL_Rom_SetEnableAttr #./api/api.cpp (line:2806)
[0000312] [19:26:35:614504] [Tid0x00002940] [debug] <--[C155] DL_Rom_SetEnableAttr
[0000313] [19:26:35:615504] [Tid0x00002940] [debug] -->[C156] DL_GetCount #./api/api.cpp (line:2587)
[0000314] [19:26:35:615504] [Tid0x00002940] [debug] <--[C156] DL_GetCount
[0000315] [19:26:35:615504] [Tid0x00002940] [debug] -->[C157] DL_Rom_GetInfoAll #./api/api.cpp (line:2752)
[0000316] [19:26:35:615504] [Tid0x00002940] [debug] <--[C157] DL_Rom_GetInfoAll
[0000317] [19:26:35:616504] [Tid0x00002940] [debug] -->[C158] DL_Rom_SetEnableAttr #./api/api.cpp (line:2806)
[0000318] [19:26:35:616504] [Tid0x00002940] [debug] <--[C158] DL_Rom_SetEnableAttr
[0000319] [19:26:35:618504] [Tid0x00002940] [debug] -->[C159] DL_GetCount #./api/api.cpp (line:2587)
[0000320] [19:26:35:618504] [Tid0x00002940] [debug] <--[C159] DL_GetCount
[0000321] [19:26:35:618504] [Tid0x00002940] [debug] -->[C160] DL_Rom_GetInfoAll #./api/api.cpp (line:2752)
[0000322] [19:26:35:618504] [Tid0x00002940] [debug] <--[C160] DL_Rom_GetInfoAll
[0000323] [19:26:35:619504] [Tid0x00002940] [debug] -->[C161] DL_Rom_SetEnableAttr #./api/api.cpp (line:2806)
[0000324] [19:26:35:619504] [Tid0x00002940] [debug] <--[C161] DL_Rom_SetEnableAttr
[0000325] [19:26:35:620504] [Tid0x00002940] [debug] -->[C162] DL_GetCount #./api/api.cpp (line:2587)
[0000326] [19:26:35:620504] [Tid0x00002940] [debug] <--[C162] DL_GetCount
[0000327] [19:26:35:620504] [Tid0x00002940] [debug] -->[C163] DL_Rom_GetInfoAll #./api/api.cpp (line:2752)
[0000328] [19:26:35:620504] [Tid0x00002940] [debug] <--[C163] DL_Rom_GetInfoAll
[0000329] [19:26:35:621504] [Tid0x00002940] [debug] -->[C164] DL_Rom_SetEnableAttr #./api/api.cpp (line:2806)
[0000330] [19:26:35:621504] [Tid0x00002940] [debug] <--[C164] DL_Rom_SetEnableAttr
[0000331] [19:26:35:623504] [Tid0x00002940] [debug] -->[C165] DL_GetCount #./api/api.cpp (line:2587)
[0000332] [19:26:35:623504] [Tid0x00002940] [debug] <--[C165] DL_GetCount
[0000333] [19:26:35:623504] [Tid0x00002940] [debug] -->[C166] DL_Rom_GetInfoAll #./api/api.cpp (line:2752)
[0000334] [19:26:35:623504] [Tid0x00002940] [debug] <--[C166] DL_Rom_GetInfoAll
[0000335] [19:26:35:623504] [Tid0x00002940] [debug] -->[C167] DL_Rom_SetEnableAttr #./api/api.cpp (line:2806)
[0000336] [19:26:35:623504] [Tid0x00002940] [debug] <--[C167] DL_Rom_SetEnableAttr
[0000337] [19:26:35:624504] [Tid0x00002940] [debug] -->[C168] DL_GetCount #./api/api.cpp (line:2587)
[0000338] [19:26:35:624504] [Tid0x00002940] [debug] <--[C168] DL_GetCount
[0000339] [19:26:35:624504] [Tid0x00002940] [debug] -->[C169] DL_Rom_GetInfoAll #./api/api.cpp (line:2752)
[0000340] [19:26:35:624504] [Tid0x00002940] [debug] <--[C169] DL_Rom_GetInfoAll
[0000341] [19:26:35:625504] [Tid0x00002940] [debug] -->[C170] DL_Rom_SetEnableAttr #./api/api.cpp (line:2806)
[0000342] [19:26:35:625504] [Tid0x00002940] [debug] <--[C170] DL_Rom_SetEnableAttr
[0000343] [19:26:35:627504] [Tid0x00002940] [debug] -->[C171] DL_GetCount #./api/api.cpp (line:2587)
[0000344] [19:26:35:627504] [Tid0x00002940] [debug] <--[C171] DL_GetCount
[0000345] [19:26:35:627504] [Tid0x00002940] [debug] -->[C172] DL_Rom_GetInfoAll #./api/api.cpp (line:2752)
[0000346] [19:26:35:627504] [Tid0x00002940] [debug] <--[C172] DL_Rom_GetInfoAll
[0000347] [19:26:35:628504] [Tid0x00002940] [debug] -->[C173] DL_Rom_SetEnableAttr #./api/api.cpp (line:2806)
[0000348] [19:26:35:628504] [Tid0x00002940] [debug] <--[C173] DL_Rom_SetEnableAttr
[0000349] [19:26:35:633504] [Tid0x00002940] [debug] -->[C174] DL_GetCount #./api/api.cpp (line:2587)
[0000350] [19:26:35:633504] [Tid0x00002940] [debug] <--[C174] DL_GetCount
[0000351] [19:26:35:633504] [Tid0x00002940] [debug] -->[C175] DL_Rom_GetInfoAll #./api/api.cpp (line:2752)
[0000352] [19:26:35:633504] [Tid0x00002940] [debug] <--[C175] DL_Rom_GetInfoAll
[0000353] [19:26:35:634504] [Tid0x00002940] [debug] -->[C176] DL_Rom_SetEnableAttr #./api/api.cpp (line:2806)
[0000354] [19:26:35:634504] [Tid0x00002940] [debug] <--[C176] DL_Rom_SetEnableAttr
[0000355] [19:26:35:635504] [Tid0x00002940] [debug] -->[C177] DL_GetCount #./api/api.cpp (line:2587)
[0000356] [19:26:35:635504] [Tid0x00002940] [debug] <--[C177] DL_GetCount
[0000357] [19:26:35:635504] [Tid0x00002940] [debug] -->[C178] DL_Rom_GetInfoAll #./api/api.cpp (line:2752)
[0000358] [19:26:35:635504] [Tid0x00002940] [debug] <--[C178] DL_Rom_GetInfoAll
[0000359] [19:26:35:636504] [Tid0x00002940] [debug] -->[C179] DL_Rom_SetEnableAttr #./api/api.cpp (line:2806)
[0000360] [19:26:35:636504] [Tid0x00002940] [debug] <--[C179] DL_Rom_SetEnableAttr
[0000361] [19:26:35:638504] [Tid0x00002940] [debug] -->[C180] DL_GetCount #./api/api.cpp (line:2587)
[0000362] [19:26:35:638504] [Tid0x00002940] [debug] <--[C180] DL_GetCount
[0000363] [19:26:35:638504] [Tid0x00002940] [debug] -->[C181] DL_Rom_GetInfoAll #./api/api.cpp (line:2752)
[0000364] [19:26:35:638504] [Tid0x00002940] [debug] <--[C181] DL_Rom_GetInfoAll
[0000365] [19:26:35:639504] [Tid0x00002940] [debug] -->[C182] DL_Rom_SetEnableAttr #./api/api.cpp (line:2806)
[0000366] [19:26:35:639504] [Tid0x00002940] [debug] <--[C182] DL_Rom_SetEnableAttr
[0000367] [19:26:35:640504] [Tid0x00002940] [debug] -->[C183] DL_GetCount #./api/api.cpp (line:2587)
[0000368] [19:26:35:640504] [Tid0x00002940] [debug] <--[C183] DL_GetCount
[0000369] [19:26:35:640504] [Tid0x00002940] [debug] -->[C184] DL_Rom_GetInfoAll #./api/api.cpp (line:2752)
[0000370] [19:26:35:640504] [Tid0x00002940] [debug] <--[C184] DL_Rom_GetInfoAll
[0000371] [19:26:35:641504] [Tid0x00002940] [debug] -->[C185] DL_Rom_SetEnableAttr #./api/api.cpp (line:2806)
[0000372] [19:26:35:641504] [Tid0x00002940] [debug] <--[C185] DL_Rom_SetEnableAttr
[0000373] [19:26:35:642504] [Tid0x00002940] [debug] -->[C186] DL_GetCount #./api/api.cpp (line:2587)
[0000374] [19:26:35:642504] [Tid0x00002940] [debug] <--[C186] DL_GetCount
[0000375] [19:26:35:642504] [Tid0x00002940] [debug] -->[C187] DL_Rom_GetInfoAll #./api/api.cpp (line:2752)
[0000376] [19:26:35:642504] [Tid0x00002940] [debug] <--[C187] DL_Rom_GetInfoAll
[0000377] [19:26:35:643504] [Tid0x00002940] [debug] -->[C188] DL_Rom_SetEnableAttr #./api/api.cpp (line:2806)
[0000378] [19:26:35:643504] [Tid0x00002940] [debug] <--[C188] DL_Rom_SetEnableAttr
[0000379] [19:26:35:646504] [Tid0x00002940] [debug] -->[C189] DL_GetCount #./api/api.cpp (line:2587)
[0000380] [19:26:35:647504] [Tid0x00002940] [debug] <--[C189] DL_GetCount
[0000381] [19:26:35:647504] [Tid0x00002940] [debug] -->[C190] DL_Rom_GetInfoAll #./api/api.cpp (line:2752)
[0000382] [19:26:35:647504] [Tid0x00002940] [debug] <--[C190] DL_Rom_GetInfoAll
[0000383] [19:26:35:647504] [Tid0x00002940] [debug] -->[C191] DL_Rom_SetEnableAttr #./api/api.cpp (line:2806)
[0000384] [19:26:35:647504] [Tid0x00002940] [debug] <--[C191] DL_Rom_SetEnableAttr
[0000385] [19:26:35:648504] [Tid0x00002940] [debug] -->[C192] DL_GetCount #./api/api.cpp (line:2587)
[0000386] [19:26:35:648504] [Tid0x00002940] [debug] <--[C192] DL_GetCount
[0000387] [19:26:35:648504] [Tid0x00002940] [debug] -->[C193] DL_Rom_GetInfoAll #./api/api.cpp (line:2752)
[0000388] [19:26:35:648504] [Tid0x00002940] [debug] <--[C193] DL_Rom_GetInfoAll
[0000389] [19:26:35:649504] [Tid0x00002940] [debug] -->[C194] DL_Rom_SetEnableAttr #./api/api.cpp (line:2806)
[0000390] [19:26:35:649504] [Tid0x00002940] [debug] <--[C194] DL_Rom_SetEnableAttr
[0000391] [19:26:35:651504] [Tid0x00002940] [debug] -->[C195] DL_GetCount #./api/api.cpp (line:2587)
[0000392] [19:26:35:651504] [Tid0x00002940] [debug] <--[C195] DL_GetCount
[0000393] [19:26:35:651504] [Tid0x00002940] [debug] -->[C196] DL_Rom_GetInfoAll #./api/api.cpp (line:2752)
[0000394] [19:26:35:651504] [Tid0x00002940] [debug] <--[C196] DL_Rom_GetInfoAll
[0000395] [19:26:35:652504] [Tid0x00002940] [debug] -->[C197] DL_Rom_SetEnableAttr #./api/api.cpp (line:2806)
[0000396] [19:26:35:652504] [Tid0x00002940] [debug] <--[C197] DL_Rom_SetEnableAttr
[0000397] [19:26:35:652504] [Tid0x00002940] [debug] -->[C198] DL_GetCount #./api/api.cpp (line:2587)
[0000398] [19:26:35:652504] [Tid0x00002940] [debug] <--[C198] DL_GetCount
[0000399] [19:26:35:652504] [Tid0x00002940] [debug] -->[C199] DL_Rom_GetInfoAll #./api/api.cpp (line:2752)
[0000400] [19:26:35:652504] [Tid0x00002940] [debug] <--[C199] DL_Rom_GetInfoAll
[0000401] [19:26:35:653504] [Tid0x00002940] [debug] -->[C200] DL_Rom_SetEnableAttr #./api/api.cpp (line:2806)
[0000402] [19:26:35:653504] [Tid0x00002940] [debug] <--[C200] DL_Rom_SetEnableAttr
[0000403] [19:26:35:654504] [Tid0x00002940] [debug] -->[C201] DL_SetChecksumLevel #./api/api.cpp (line:2516)
[0000404] [19:26:35:654504] [Tid0x00002940] [debug] <--[C201] DL_SetChecksumLevel
[0000405] [19:27:02:791895] [Tid0x00002940] [debug] -->[C202] DL_GetCount #./api/api.cpp (line:2587)
[0000406] [19:27:02:791895] [Tid0x00002940] [debug] <--[C202] DL_GetCount
[0000407] [19:27:02:791895] [Tid0x00002940] [debug] -->[C203] DL_Rom_GetInfoAll #./api/api.cpp (line:2752)
[0000408] [19:27:02:791895] [Tid0x00002940] [debug] <--[C203] DL_Rom_GetInfoAll
[0000409] [19:27:02:791895] [Tid0x00002940] [debug] -->[C204] DL_GetCount #./api/api.cpp (line:2587)
[0000410] [19:27:02:791895] [Tid0x00002940] [debug] <--[C204] DL_GetCount
[0000411] [19:27:02:791895] [Tid0x00002940] [debug] -->[C205] DL_Rom_GetInfoAll #./api/api.cpp (line:2752)
[0000412] [19:27:02:791895] [Tid0x00002940] [debug] <--[C205] DL_Rom_GetInfoAll
[0000413] [19:27:16:304890] [Tid0x00001cd4] [debug] -->[C206] FlashTool_Connect_BROM_ByName #./api/api.cpp (line:1975)
[0000414] [19:27:16:304890] [Tid0x00001cd4] [debug] -->[C207] FlashTool_Connect_BROM_Ex #./api/api.cpp (line:1880)
[0000415] [19:27:16:304890] [Tid0x00001cd4] [debug] bCheckScatter: 1
[0000416] [19:27:16:304890] [Tid0x00001cd4] [debug] have load scatter already
[0000417] [19:27:16:304890] [Tid0x00001cd4] [debug] libversion 1
[0000418] [19:27:16:886281] [Tid0x00001cd4] [debug] <--[C207] FlashTool_Connect_BROM_Ex
[0000419] [19:27:16:886281] [Tid0x00001cd4] [debug] <--[C206] FlashTool_Connect_BROM_ByName
[0000420] [19:27:16:886281] [Tid0x00001cd4] [debug] -->[C208] FlashTool_GetBootResult #./api/api.cpp (line:1987)
[0000421] [19:27:16:886281] [Tid0x00001cd4] [debug] <--[C208] FlashTool_GetBootResult
[0000422] [19:27:16:886281] [Tid0x00001cd4] [debug] -->[C209] FlashTool_Connect_Download_DA #./api/api.cpp (line:2007)
[0000423] [19:27:16:886281] [Tid0x00001cd4] [debug] bCheckScatter: 1
[0000424] [19:27:18:974650] [Tid0x00001cd4] [debug] <--[C209] FlashTool_Connect_Download_DA
[0000425] [19:27:18:974650] [Tid0x00001cd4] [debug] -->[C210] FlashTool_CheckUSBStatus #./api/api.cpp (line:1154)
[0000426] [19:27:18:974650] [Tid0x00001cd4] [debug] <--[C210] FlashTool_CheckUSBStatus
[0000427] [19:27:18:974650] [Tid0x00001cd4] [debug] -->[C211] FlashTool_CheckUSBStatus #./api/api.cpp (line:1154)
[0000428] [19:27:18:974650] [Tid0x00001cd4] [debug] <--[C211] FlashTool_CheckUSBStatus
[0000429] [19:27:18:974650] [Tid0x00001cd4] [debug] -->[C212] FlashTool_GetReservedRomSize #./api/api.cpp (line:1677)
[0000430] [19:27:18:974650] [Tid0x00001cd4] [debug] <--[C212] FlashTool_GetReservedRomSize
[0000431] [19:27:18:974650] [Tid0x00001cd4] [debug] -->[C213] FlashTool_RomGetCount #./api/api.cpp (line:1702)
[0000432] [19:27:18:974650] [Tid0x00001cd4] [debug] <--[C213] FlashTool_RomGetCount
[0000433] [19:27:18:974650] [Tid0x00001cd4] [debug] -->[C214] FlashTool_RomGetInfoAll #./api/api.cpp (line:1726)
[0000434] [19:27:18:974650] [Tid0x00001cd4] [debug] <--[C214] FlashTool_RomGetInfoAll
[0000435] [19:27:18:974650] [Tid0x00001cd4] [debug] -->[C215] FlashTool_ReadPartitionCount #./api/api.cpp (line:1633)
[0000436] [19:27:19:009849] [Tid0x00001cd4] [debug] <--[C215] FlashTool_ReadPartitionCount
[0000437] [19:27:19:009849] [Tid0x00001cd4] [debug] -->[C216] FlashTool_ReadPartitionInfo #./api/api.cpp (line:1654)
[0000438] [19:27:19:009849] [Tid0x00001cd4] [debug] <--[C216] FlashTool_ReadPartitionInfo
[0000439] [19:27:19:009849] [Tid0x00001cd4] [debug] -->[C217] FlashTool_Download #./api/api.cpp (line:1300)
[0000440] [19:34:07:985114] [Tid0x00001cd4] [debug] <--[C217] FlashTool_Download
[0000441] [19:34:07:985114] [Tid0x00001cd4] [debug] -->[C218] DL_GetCount #./api/api.cpp (line:2587)
[0000442] [19:34:07:985114] [Tid0x00001cd4] [debug] <--[C218] DL_GetCount
[0000443] [19:34:07:985114] [Tid0x00001cd4] [debug] -->[C219] DL_Rom_GetInfoAll #./api/api.cpp (line:2752)
[0000444] [19:34:07:985114] [Tid0x00001cd4] [debug] <--[C219] DL_Rom_GetInfoAll
[0000445] [19:34:08:018314] [Tid0x00001cd4] [debug] -->[C220] FlashTool_Disconnect #./api/api.cpp (line:1033)
[0000446] [19:34:08:052513] [Tid0x00001cd4] [debug] <--[C220] FlashTool_Disconnect
[0000447] [19:38:13:876758] [Tid0x00002940] [debug] -->[C221] DL_GetCount #./api/api.cpp (line:2587)
[0000448] [19:38:13:876758] [Tid0x00002940] [debug] <--[C221] DL_GetCount
[0000449] [19:38:13:876758] [Tid0x00002940] [debug] -->[C222] DL_Rom_GetInfoAll #./api/api.cpp (line:2752)
[0000450] [19:38:13:876758] [Tid0x00002940] [debug] <--[C222] DL_Rom_GetInfoAll
[0000451] [19:38:13:893358] [Tid0x00002940] [debug] -->[C223] DL_GetCount #./api/api.cpp (line:2587)
[0000452] [19:38:13:893358] [Tid0x00002940] [debug] <--[C223] DL_GetCount
[0000453] [19:38:13:893358] [Tid0x00002940] [debug] -->[C224] DL_Rom_GetInfoAll #./api/api.cpp (line:2752)
[0000454] [19:38:13:893358] [Tid0x00002940] [debug] <--[C224] DL_Rom_GetInfoAll
[0000455] [19:38:48:986013] [Tid0x0000291c] [debug] -->[C225] FlashTool_Connect_BROM_ByName #./api/api.cpp (line:1975)
[0000456] [19:38:48:987013] [Tid0x0000291c] [debug] -->[C226] FlashTool_Connect_BROM_Ex #./api/api.cpp (line:1880)
[0000457] [19:38:48:987013] [Tid0x0000291c] [debug] bCheckScatter: 1
[0000458] [19:38:48:987013] [Tid0x0000291c] [debug] have load scatter already
[0000459] [19:38:48:987013] [Tid0x0000291c] [debug] libversion 1
[0000460] [19:38:49:780602] [Tid0x0000291c] [debug] <--[C226] FlashTool_Connect_BROM_Ex
[0000461] [19:38:49:780602] [Tid0x0000291c] [debug] <--[C225] FlashTool_Connect_BROM_ByName
[0000462] [19:38:49:780602] [Tid0x0000291c] [debug] -->[C227] FlashTool_GetBootResult #./api/api.cpp (line:1987)
[0000463] [19:38:49:780602] [Tid0x0000291c] [debug] <--[C227] FlashTool_GetBootResult
[0000464] [19:38:49:780602] [Tid0x0000291c] [debug] -->[C228] FlashTool_Connect_Download_DA #./api/api.cpp (line:2007)
[0000465] [19:38:49:780602] [Tid0x0000291c] [debug] bCheckScatter: 1
[0000466] [19:38:51:874172] [Tid0x0000291c] [debug] <--[C228] FlashTool_Connect_Download_DA
[0000467] [19:38:51:874172] [Tid0x0000291c] [debug] -->[C229] FlashTool_CheckUSBStatus #./api/api.cpp (line:1154)
[0000468] [19:38:51:874172] [Tid0x0000291c] [debug] <--[C229] FlashTool_CheckUSBStatus
[0000469] [19:38:51:874172] [Tid0x0000291c] [debug] -->[C230] FlashTool_CheckUSBStatus #./api/api.cpp (line:1154)
[0000470] [19:38:51:874172] [Tid0x0000291c] [debug] <--[C230] FlashTool_CheckUSBStatus
[0000471] [19:38:51:874172] [Tid0x0000291c] [debug] -->[C231] FlashTool_GetReservedRomSize #./api/api.cpp (line:1677)
[0000472] [19:38:51:874172] [Tid0x0000291c] [debug] <--[C231] FlashTool_GetReservedRomSize
[0000473] [19:38:51:874172] [Tid0x0000291c] [debug] -->[C232] FlashTool_RomGetCount #./api/api.cpp (line:1702)
[0000474] [19:38:51:874172] [Tid0x0000291c] [debug] <--[C232] FlashTool_RomGetCount
[0000475] [19:38:51:874172] [Tid0x0000291c] [debug] -->[C233] FlashTool_RomGetInfoAll #./api/api.cpp (line:1726)
[0000476] [19:38:51:874172] [Tid0x0000291c] [debug] <--[C233] FlashTool_RomGetInfoAll
[0000477] [19:38:51:874172] [Tid0x0000291c] [debug] -->[C234] FlashTool_ReadPartitionCount #./api/api.cpp (line:1633)
[0000478] [19:38:51:907371] [Tid0x0000291c] [debug] <--[C234] FlashTool_ReadPartitionCount
[0000479] [19:38:51:907371] [Tid0x0000291c] [debug] -->[C235] FlashTool_ReadPartitionInfo #./api/api.cpp (line:1654)
[0000480] [19:38:51:907371] [Tid0x0000291c] [debug] <--[C235] FlashTool_ReadPartitionInfo
[0000481] [19:38:51:907371] [Tid0x0000291c] [debug] -->[C236] FlashTool_Download #./api/api.cpp (line:1300)
[0000482] [19:45:38:734710] [Tid0x0000291c] [debug] <--[C236] FlashTool_Download
[0000483] [19:45:38:734710] [Tid0x0000291c] [debug] -->[C237] DL_GetCount #./api/api.cpp (line:2587)
[0000484] [19:45:38:734710] [Tid0x0000291c] [debug] <--[C237] DL_GetCount
[0000485] [19:45:38:734710] [Tid0x0000291c] [debug] -->[C238] DL_Rom_GetInfoAll #./api/api.cpp (line:2752)
[0000486] [19:45:38:734710] [Tid0x0000291c] [debug] <--[C238] DL_Rom_GetInfoAll
[0000487] [19:45:38:734710] [Tid0x0000291c] [debug] -->[C239] FlashTool_Disconnect #./api/api.cpp (line:1033)
[0000488] [19:45:38:752309] [Tid0x0000291c] [debug] <--[C239] FlashTool_Disconnect
[0000489] [14:26:08:740798] [Tid0x00002424] [debug] -->[C240] DL_LoadScatter #./api/api.cpp (line:2474)
[0000490] [14:26:09:561386] [Tid0x00002424] [debug] used lib version: 1
[0000491] [14:26:09:561386] [Tid0x00002424] [debug] <--[C240] DL_LoadScatter
[0000492] [14:26:09:561386] [Tid0x00002424] [debug] -->[C241] DL_AutoLoadRomImages #./api/api.cpp (line:2667)
[0000493] [14:26:10:102179] [Tid0x00002424] [debug] <--[C241] DL_AutoLoadRomImages
[0000494] [14:26:10:240377] [Tid0x00002940] [debug] -->[C242] DL_GetCount #./api/api.cpp (line:2587)
[0000495] [14:26:10:255977] [Tid0x00002940] [debug] <--[C242] DL_GetCount
[0000496] [14:26:10:255977] [Tid0x00002940] [debug] -->[C243] DL_Rom_GetInfoAll #./api/api.cpp (line:2752)
[0000497] [14:26:10:255977] [Tid0x00002940] [debug] <--[C243] DL_Rom_GetInfoAll
[0000498] [14:26:10:271977] [Tid0x00002940] [debug] -->[C244] DL_GetScatterInfo #./api/api.cpp (line:2688)
[0000499] [14:26:10:271977] [Tid0x00002940] [debug] <--[C244] DL_GetScatterInfo
[0000500] [14:26:10:781969] [Tid0x00002940] [debug] -->[C245] DL_GetCount #./api/api.cpp (line:2587)
[0000501] [14:26:10:781969] [Tid0x00002940] [debug] <--[C245] DL_GetCount
[0000502] [14:26:10:781969] [Tid0x00002940] [debug] -->[C246] DL_Rom_GetInfoAll #./api/api.cpp (line:2752)
[0000503] [14:26:10:781969] [Tid0x00002940] [debug] <--[C246] DL_Rom_GetInfoAll
[0000504] [14:26:10:781969] [Tid0x00002940] [debug] -->[C247] DL_Rom_SetEnableAttr #./api/api.cpp (line:2806)
[0000505] [14:26:10:781969] [Tid0x00002940] [debug] <--[C247] DL_Rom_SetEnableAttr
[0000506] [14:26:10:832768] [Tid0x00002940] [debug] -->[C248] DL_GetCount #./api/api.cpp (line:2587)
[0000507] [14:26:10:832768] [Tid0x00002940] [debug] <--[C248] DL_GetCount
[0000508] [14:26:10:833768] [Tid0x00002940] [debug] -->[C249] DL_Rom_GetInfoAll #./api/api.cpp (line:2752)
[0000509] [14:26:10:833768] [Tid0x00002940] [debug] <--[C249] DL_Rom_GetInfoAll
[0000510] [14:26:10:833768] [Tid0x00002940] [debug] -->[C250] DL_Rom_SetEnableAttr #./api/api.cpp (line:2806)
[0000511] [14:26:10:833768] [Tid0x00002940] [debug] <--[C250] DL_Rom_SetEnableAttr
[0000512] [14:26:10:833768] [Tid0x00002940] [debug] -->[C251] DL_GetCount #./api/api.cpp (line:2587)
[0000513] [14:26:10:833768] [Tid0x00002940] [debug] <--[C251] DL_GetCount
[0000514] [14:26:10:833768] [Tid0x00002940] [debug] -->[C252] DL_Rom_GetInfoAll #./api/api.cpp (line:2752)
[0000515] [14:26:10:833768] [Tid0x00002940] [debug] <--[C252] DL_Rom_GetInfoAll
[0000516] [14:26:10:833768] [Tid0x00002940] [debug] -->[C253] DL_Rom_SetEnableAttr #./api/api.cpp (line:2806)
[0000517] [14:26:10:833768] [Tid0x00002940] [debug] <--[C253] DL_Rom_SetEnableAttr
[0000518] [14:26:10:833768] [Tid0x00002940] [debug] -->[C254] DL_GetCount #./api/api.cpp (line:2587)
[0000519] [14:26:10:833768] [Tid0x00002940] [debug] <--[C254] DL_GetCount
[0000520] [14:26:10:833768] [Tid0x00002940] [debug] -->[C255] DL_Rom_GetInfoAll #./api/api.cpp (line:2752)
[0000521] [14:26:10:833768] [Tid0x00002940] [debug] <--[C255] DL_Rom_GetInfoAll
[0000522] [14:26:10:833768] [Tid0x00002940] [debug] -->[C256] DL_Rom_SetEnableAttr #./api/api.cpp (line:2806)
[0000523] [14:26:10:833768] [Tid0x00002940] [debug] <--[C256] DL_Rom_SetEnableAttr
[0000524] [14:26:10:850368] [Tid0x00002940] [debug] -->[C257] DL_GetCount #./api/api.cpp (line:2587)
[0000525] [14:26:10:850368] [Tid0x00002940] [debug] <--[C257] DL_GetCount
[0000526] [14:26:10:850368] [Tid0x00002940] [debug] -->[C258] DL_Rom_GetInfoAll #./api/api.cpp (line:2752)
[0000527] [14:26:10:850368] [Tid0x00002940] [debug] <--[C258] DL_Rom_GetInfoAll
[0000528] [14:26:10:851368] [Tid0x00002940] [debug] -->[C259] DL_Rom_SetEnableAttr #./api/api.cpp (line:2806)
[0000529] [14:26:10:851368] [Tid0x00002940] [debug] <--[C259] DL_Rom_SetEnableAttr
[0000530] [14:26:10:851368] [Tid0x00002940] [debug] -->[C260] DL_GetCount #./api/api.cpp (line:2587)
[0000531] [14:26:10:851368] [Tid0x00002940] [debug] <--[C260] DL_GetCount
[0000532] [14:26:10:851368] [Tid0x00002940] [debug] -->[C261] DL_Rom_GetInfoAll #./api/api.cpp (line:2752)
[0000533] [14:26:10:851368] [Tid0x00002940] [debug] <--[C261] DL_Rom_GetInfoAll
[0000534] [14:26:10:851368] [Tid0x00002940] [debug] -->[C262] DL_Rom_SetEnableAttr #./api/api.cpp (line:2806)
[0000535] [14:26:10:851368] [Tid0x00002940] [debug] <--[C262] DL_Rom_SetEnableAttr
[0000536] [14:26:10:851368] [Tid0x00002940] [debug] -->[C263] DL_GetCount #./api/api.cpp (line:2587)
[0000537] [14:26:10:851368] [Tid0x00002940] [debug] <--[C263] DL_GetCount
[0000538] [14:26:10:851368] [Tid0x00002940] [debug] -->[C264] DL_Rom_GetInfoAll #./api/api.cpp (line:2752)
[0000539] [14:26:10:851368] [Tid0x00002940] [debug] <--[C264] DL_Rom_GetInfoAll
[0000540] [14:26:10:851368] [Tid0x00002940] [debug] -->[C265] DL_Rom_SetEnableAttr #./api/api.cpp (line:2806)
[0000541] [14:26:10:851368] [Tid0x00002940] [debug] <--[C265] DL_Rom_SetEnableAttr
[0000542] [14:26:10:868968] [Tid0x00002940] [debug] -->[C266] DL_GetCount #./api/api.cpp (line:2587)
[0000543] [14:26:10:868968] [Tid0x00002940] [debug] <--[C266] DL_GetCount
[0000544] [14:26:10:868968] [Tid0x00002940] [debug] -->[C267] DL_Rom_GetInfoAll #./api/api.cpp (line:2752)
[0000545] [14:26:10:868968] [Tid0x00002940] [debug] <--[C267] DL_Rom_GetInfoAll
[0000546] [14:26:10:868968] [Tid0x00002940] [debug] -->[C268] DL_Rom_SetEnableAttr #./api/api.cpp (line:2806)
[0000547] [14:26:10:868968] [Tid0x00002940] [debug] <--[C268] DL_Rom_SetEnableAttr
[0000548] [14:26:10:868968] [Tid0x00002940] [debug] -->[C269] DL_GetCount #./api/api.cpp (line:2587)
[0000549] [14:26:10:868968] [Tid0x00002940] [debug] <--[C269] DL_GetCount
[0000550] [14:26:10:868968] [Tid0x00002940] [debug] -->[C270] DL_Rom_GetInfoAll #./api/api.cpp (line:2752)
[0000551] [14:26:10:868968] [Tid0x00002940] [debug] <--[C270] DL_Rom_GetInfoAll
[0000552] [14:26:10:868968] [Tid0x00002940] [debug] -->[C271] DL_Rom_SetEnableAttr #./api/api.cpp (line:2806)
[0000553] [14:26:10:868968] [Tid0x00002940] [debug] <--[C271] DL_Rom_SetEnableAttr
[0000554] [14:26:10:868968] [Tid0x00002940] [debug] -->[C272] DL_GetCount #./api/api.cpp (line:2587)
[0000555] [14:26:10:868968] [Tid0x00002940] [debug] <--[C272] DL_GetCount
[0000556] [14:26:10:868968] [Tid0x00002940] [debug] -->[C273] DL_Rom_GetInfoAll #./api/api.cpp (line:2752)
[0000557] [14:26:10:868968] [Tid0x00002940] [debug] <--[C273] DL_Rom_GetInfoAll
[0000558] [14:26:10:869968] [Tid0x00002940] [debug] -->[C274] DL_Rom_SetEnableAttr #./api/api.cpp (line:2806)
[0000559] [14:26:10:869968] [Tid0x00002940] [debug] <--[C274] DL_Rom_SetEnableAttr
[0000560] [14:26:10:885567] [Tid0x00002940] [debug] -->[C275] DL_GetCount #./api/api.cpp (line:2587)
[0000561] [14:26:10:885567] [Tid0x00002940] [debug] <--[C275] DL_GetCount
[0000562] [14:26:10:885567] [Tid0x00002940] [debug] -->[C276] DL_Rom_GetInfoAll #./api/api.cpp (line:2752)
[0000563] [14:26:10:885567] [Tid0x00002940] [debug] <--[C276] DL_Rom_GetInfoAll
[0000564] [14:26:10:886567] [Tid0x00002940] [debug] -->[C277] DL_Rom_SetEnableAttr #./api/api.cpp (line:2806)
[0000565] [14:26:10:886567] [Tid0x00002940] [debug] <--[C277] DL_Rom_SetEnableAttr
[0000566] [14:26:10:886567] [Tid0x00002940] [debug] -->[C278] DL_GetCount #./api/api.cpp (line:2587)
[0000567] [14:26:10:886567] [Tid0x00002940] [debug] <--[C278] DL_GetCount
[0000568] [14:26:10:886567] [Tid0x00002940] [debug] -->[C279] DL_Rom_GetInfoAll #./api/api.cpp (line:2752)
[0000569] [14:26:10:886567] [Tid0x00002940] [debug] <--[C279] DL_Rom_GetInfoAll
[0000570] [14:26:10:886567] [Tid0x00002940] [debug] -->[C280] DL_Rom_SetEnableAttr #./api/api.cpp (line:2806)
[0000571] [14:26:10:886567] [Tid0x00002940] [debug] <--[C280] DL_Rom_SetEnableAttr
[0000572] [14:26:10:886567] [Tid0x00002940] [debug] -->[C281] DL_GetCount #./api/api.cpp (line:2587)
[0000573] [14:26:10:886567] [Tid0x00002940] [debug] <--[C281] DL_GetCount
[0000574] [14:26:10:886567] [Tid0x00002940] [debug] -->[C282] DL_Rom_GetInfoAll #./api/api.cpp (line:2752)
[0000575] [14:26:10:886567] [Tid0x00002940] [debug] <--[C282] DL_Rom_GetInfoAll
[0000576] [14:26:10:886567] [Tid0x00002940] [debug] -->[C283] DL_Rom_SetEnableAttr #./api/api.cpp (line:2806)
[0000577] [14:26:10:886567] [Tid0x00002940] [debug] <--[C283] DL_Rom_SetEnableAttr
[0000578] [14:26:10:886567] [Tid0x00002940] [debug] -->[C284] DL_GetCount #./api/api.cpp (line:2587)
[0000579] [14:26:10:886567] [Tid0x00002940] [debug] <--[C284] DL_GetCount
[0000580] [14:26:10:886567] [Tid0x00002940] [debug] -->[C285] DL_Rom_GetInfoAll #./api/api.cpp (line:2752)
[0000581] [14:26:10:886567] [Tid0x00002940] [debug] <--[C285] DL_Rom_GetInfoAll
[0000582] [14:26:10:886567] [Tid0x00002940] [debug] -->[C286] DL_Rom_SetEnableAttr #./api/api.cpp (line:2806)
[0000583] [14:26:10:886567] [Tid0x00002940] [debug] <--[C286] DL_Rom_SetEnableAttr
[0000584] [14:26:10:886567] [Tid0x00002940] [debug] -->[C287] DL_GetCount #./api/api.cpp (line:2587)
[0000585] [14:26:10:886567] [Tid0x00002940] [debug] <--[C287] DL_GetCount
[0000586] [14:26:10:886567] [Tid0x00002940] [debug] -->[C288] DL_Rom_GetInfoAll #./api/api.cpp (line:2752)
[0000587] [14:26:10:886567] [Tid0x00002940] [debug] <--[C288] DL_Rom_GetInfoAll
[0000588] [14:26:10:886567] [Tid0x00002940] [debug] -->[C289] DL_Rom_SetEnableAttr #./api/api.cpp (line:2806)
[0000589] [14:26:10:886567] [Tid0x00002940] [debug] <--[C289] DL_Rom_SetEnableAttr
[0000590] [14:26:10:886567] [Tid0x00002940] [debug] -->[C290] DL_GetCount #./api/api.cpp (line:2587)
[0000591] [14:26:10:886567] [Tid0x00002940] [debug] <--[C290] DL_GetCount
[0000592] [14:26:10:886567] [Tid0x00002940] [debug] -->[C291] DL_Rom_GetInfoAll #./api/api.cpp (line:2752)
[0000593] [14:26:10:886567] [Tid0x00002940] [debug] <--[C291] DL_Rom_GetInfoAll
[0000594] [14:26:10:886567] [Tid0x00002940] [debug] -->[C292] DL_Rom_SetEnableAttr #./api/api.cpp (line:2806)
[0000595] [14:26:10:886567] [Tid0x00002940] [debug] <--[C292] DL_Rom_SetEnableAttr
[0000596] [14:26:10:886567] [Tid0x00002940] [debug] -->[C293] DL_GetCount #./api/api.cpp (line:2587)
[0000597] [14:26:10:887567] [Tid0x00002940] [debug] <--[C293] DL_GetCount
[0000598] [14:26:10:887567] [Tid0x00002940] [debug] -->[C294] DL_Rom_GetInfoAll #./api/api.cpp (line:2752)
[0000599] [14:26:10:887567] [Tid0x00002940] [debug] <--[C294] DL_Rom_GetInfoAll
[0000600] [14:26:10:888567] [Tid0x00002940] [debug] -->[C295] DL_Rom_SetEnableAttr #./api/api.cpp (line:2806)
[0000601] [14:26:10:888567] [Tid0x00002940] [debug] <--[C295] DL_Rom_SetEnableAttr
[0000602] [14:26:10:892567] [Tid0x00002940] [debug] -->[C296] DL_GetCount #./api/api.cpp (line:2587)
[0000603] [14:26:10:892567] [Tid0x00002940] [debug] <--[C296] DL_GetCount
[0000604] [14:26:10:892567] [Tid0x00002940] [debug] -->[C297] DL_Rom_GetInfoAll #./api/api.cpp (line:2752)
[0000605] [14:26:10:892567] [Tid0x00002940] [debug] <--[C297] DL_Rom_GetInfoAll
[0000606] [14:26:10:893567] [Tid0x00002940] [debug] -->[C298] DL_Rom_SetEnableAttr #./api/api.cpp (line:2806)
[0000607] [14:26:10:893567] [Tid0x00002940] [debug] <--[C298] DL_Rom_SetEnableAttr
[0000608] [14:26:10:895567] [Tid0x00002940] [debug] -->[C299] DL_GetCount #./api/api.cpp (line:2587)
[0000609] [14:26:10:895567] [Tid0x00002940] [debug] <--[C299] DL_GetCount
[0000610] [14:26:10:895567] [Tid0x00002940] [debug] -->[C300] DL_Rom_GetInfoAll #./api/api.cpp (line:2752)
[0000611] [14:26:10:895567] [Tid0x00002940] [debug] <--[C300] DL_Rom_GetInfoAll
[0000612] [14:26:10:896567] [Tid0x00002940] [debug] -->[C301] DL_Rom_SetEnableAttr #./api/api.cpp (line:2806)
[0000613] [14:26:10:896567] [Tid0x00002940] [debug] <--[C301] DL_Rom_SetEnableAttr
[0000614] [14:26:10:897567] [Tid0x00002940] [debug] -->[C302] DL_GetCount #./api/api.cpp (line:2587)
[0000615] [14:26:10:897567] [Tid0x00002940] [debug] <--[C302] DL_GetCount
[0000616] [14:26:10:897567] [Tid0x00002940] [debug] -->[C303] DL_Rom_GetInfoAll #./api/api.cpp (line:2752)
[0000617] [14:26:10:897567] [Tid0x00002940] [debug] <--[C303] DL_Rom_GetInfoAll
[0000618] [14:26:10:898567] [Tid0x00002940] [debug] -->[C304] DL_Rom_SetEnableAttr #./api/api.cpp (line:2806)
[0000619] [14:26:10:898567] [Tid0x00002940] [debug] <--[C304] DL_Rom_SetEnableAttr
[0000620] [14:26:10:900567] [Tid0x00002940] [debug] -->[C305] DL_GetCount #./api/api.cpp (line:2587)
[0000621] [14:26:10:900567] [Tid0x00002940] [debug] <--[C305] DL_GetCount
[0000622] [14:26:10:900567] [Tid0x00002940] [debug] -->[C306] DL_Rom_GetInfoAll #./api/api.cpp (line:2752)
[0000623] [14:26:10:900567] [Tid0x00002940] [debug] <--[C306] DL_Rom_GetInfoAll
[0000624] [14:26:10:901567] [Tid0x00002940] [debug] -->[C307] DL_Rom_SetEnableAttr #./api/api.cpp (line:2806)
[0000625] [14:26:10:901567] [Tid0x00002940] [debug] <--[C307] DL_Rom_SetEnableAttr
[0000626] [14:26:10:902567] [Tid0x00002940] [debug] -->[C308] DL_GetCount #./api/api.cpp (line:2587)
[0000627] [14:26:10:902567] [Tid0x00002940] [debug] <--[C308] DL_GetCount
[0000628] [14:26:10:902567] [Tid0x00002940] [debug] -->[C309] DL_Rom_GetInfoAll #./api/api.cpp (line:2752)
[0000629] [14:26:10:902567] [Tid0x00002940] [debug] <--[C309] DL_Rom_GetInfoAll
[0000630] [14:26:10:903567] [Tid0x00002940] [debug] -->[C310] DL_Rom_SetEnableAttr #./api/api.cpp (line:2806)
[0000631] [14:26:10:903567] [Tid0x00002940] [debug] <--[C310] DL_Rom_SetEnableAttr
[0000632] [14:26:10:904567] [Tid0x00002940] [debug] -->[C311] DL_GetCount #./api/api.cpp (line:2587)
[0000633] [14:26:10:904567] [Tid0x00002940] [debug] <--[C311] DL_GetCount
[0000634] [14:26:10:904567] [Tid0x00002940] [debug] -->[C312] DL_Rom_GetInfoAll #./api/api.cpp (line:2752)
[0000635] [14:26:10:904567] [Tid0x00002940] [debug] <--[C312] DL_Rom_GetInfoAll
[0000636] [14:26:10:905567] [Tid0x00002940] [debug] -->[C313] DL_Rom_SetEnableAttr #./api/api.cpp (line:2806)
[0000637] [14:26:10:905567] [Tid0x00002940] [debug] <--[C313] DL_Rom_SetEnableAttr
[0000638] [14:26:10:907567] [Tid0x00002940] [debug] -->[C314] DL_GetCount #./api/api.cpp (line:2587)
[0000639] [14:26:10:907567] [Tid0x00002940] [debug] <--[C314] DL_GetCount
[0000640] [14:26:10:907567] [Tid0x00002940] [debug] -->[C315] DL_Rom_GetInfoAll #./api/api.cpp (line:2752)
[0000641] [14:26:10:907567] [Tid0x00002940] [debug] <--[C315] DL_Rom_GetInfoAll
[0000642] [14:26:10:908567] [Tid0x00002940] [debug] -->[C316] DL_Rom_SetEnableAttr #./api/api.cpp (line:2806)
[0000643] [14:26:10:908567] [Tid0x00002940] [debug] <--[C316] DL_Rom_SetEnableAttr
[0000644] [14:26:10:908567] [Tid0x00002940] [debug] -->[C317] DL_GetCount #./api/api.cpp (line:2587)
[0000645] [14:26:10:908567] [Tid0x00002940] [debug] <--[C317] DL_GetCount
[0000646] [14:26:10:908567] [Tid0x00002940] [debug] -->[C318] DL_Rom_GetInfoAll #./api/api.cpp (line:2752)
[0000647] [14:26:10:908567] [Tid0x00002940] [debug] <--[C318] DL_Rom_GetInfoAll
[0000648] [14:26:10:909567] [Tid0x00002940] [debug] -->[C319] DL_Rom_SetEnableAttr #./api/api.cpp (line:2806)
[0000649] [14:26:10:909567] [Tid0x00002940] [debug] <--[C319] DL_Rom_SetEnableAttr
[0000650] [14:26:10:911567] [Tid0x00002940] [debug] -->[C320] DL_GetCount #./api/api.cpp (line:2587)
[0000651] [14:26:10:911567] [Tid0x00002940] [debug] <--[C320] DL_GetCount
[0000652] [14:26:10:911567] [Tid0x00002940] [debug] -->[C321] DL_Rom_GetInfoAll #./api/api.cpp (line:2752)
[0000653] [14:26:10:911567] [Tid0x00002940] [debug] <--[C321] DL_Rom_GetInfoAll
[0000654] [14:26:10:912567] [Tid0x00002940] [debug] -->[C322] DL_Rom_SetEnableAttr #./api/api.cpp (line:2806)
[0000655] [14:26:10:912567] [Tid0x00002940] [debug] <--[C322] DL_Rom_SetEnableAttr
[0000656] [14:26:10:912567] [Tid0x00002940] [debug] -->[C323] DL_GetCount #./api/api.cpp (line:2587)
[0000657] [14:26:10:913567] [Tid0x00002940] [debug] <--[C323] DL_GetCount
[0000658] [14:26:10:913567] [Tid0x00002940] [debug] -->[C324] DL_Rom_GetInfoAll #./api/api.cpp (line:2752)
[0000659] [14:26:10:913567] [Tid0x00002940] [debug] <--[C324] DL_Rom_GetInfoAll
[0000660] [14:26:10:913567] [Tid0x00002940] [debug] -->[C325] DL_Rom_SetEnableAttr #./api/api.cpp (line:2806)
[0000661] [14:26:10:913567] [Tid0x00002940] [debug] <--[C325] DL_Rom_SetEnableAttr
[0000662] [14:26:10:931567] [Tid0x00002940] [debug] -->[C326] DL_SetChecksumLevel #./api/api.cpp (line:2516)
[0000663] [14:26:10:931567] [Tid0x00002940] [debug] <--[C326] DL_SetChecksumLevel
[0000664] [14:26:10:981767] [Tid0x00002940] [debug] -->[C327] DL_GetCount #./api/api.cpp (line:2587)
[0000665] [14:26:10:981767] [Tid0x00002940] [debug] <--[C327] DL_GetCount
[0000666] [14:26:10:981767] [Tid0x00002940] [debug] -->[C328] DL_Rom_GetInfoAll #./api/api.cpp (line:2752)
[0000667] [14:26:10:981767] [Tid0x00002940] [debug] <--[C328] DL_Rom_GetInfoAll
[0000668] [14:26:10:981767] [Tid0x00002940] [debug] -->[C329] DL_GetCount #./api/api.cpp (line:2587)
[0000669] [14:26:10:981767] [Tid0x00002940] [debug] <--[C329] DL_GetCount
[0000670] [14:26:10:981767] [Tid0x00002940] [debug] -->[C330] DL_Rom_GetInfoAll #./api/api.cpp (line:2752)
[0000671] [14:26:10:981767] [Tid0x00002940] [debug] <--[C330] DL_Rom_GetInfoAll
[0000672] [14:26:17:953267] [Tid0x00002304] [debug] -->[C331] FlashTool_Connect_BROM_ByName #./api/api.cpp (line:1975)
[0000673] [14:26:17:953267] [Tid0x00002304] [debug] -->[C332] FlashTool_Connect_BROM_Ex #./api/api.cpp (line:1880)
[0000674] [14:26:17:953267] [Tid0x00002304] [debug] bCheckScatter: 1
[0000675] [14:26:17:953267] [Tid0x00002304] [debug] have load scatter already
[0000676] [14:26:17:953267] [Tid0x00002304] [debug] libversion 1
[0000677] [14:26:18:879254] [Tid0x00002304] [debug] <--[C332] FlashTool_Connect_BROM_Ex
[0000678] [14:26:18:879254] [Tid0x00002304] [debug] <--[C331] FlashTool_Connect_BROM_ByName
[0000679] [14:26:18:879254] [Tid0x00002304] [debug] -->[C333] FlashTool_GetBootResult #./api/api.cpp (line:1987)
[0000680] [14:26:18:879254] [Tid0x00002304] [debug] <--[C333] FlashTool_GetBootResult
[0000681] [14:26:18:911454] [Tid0x00002304] [debug] -->[C334] FlashTool_Connect_Download_DA #./api/api.cpp (line:2007)
[0000682] [14:26:18:911454] [Tid0x00002304] [debug] bCheckScatter: 1
[0000683] [14:26:21:161220] [Tid0x00002304] [debug] <--[C334] FlashTool_Connect_Download_DA
[0000684] [14:26:21:161220] [Tid0x00002304] [debug] -->[C335] FlashTool_CheckUSBStatus #./api/api.cpp (line:1154)
[0000685] [14:26:21:193220] [Tid0x00002304] [debug] <--[C335] FlashTool_CheckUSBStatus
[0000686] [14:26:21:193220] [Tid0x00002304] [debug] -->[C336] FlashTool_CheckUSBStatus #./api/api.cpp (line:1154)
[0000687] [14:26:21:194220] [Tid0x00002304] [debug] <--[C336] FlashTool_CheckUSBStatus
[0000688] [14:26:21:194220] [Tid0x00002304] [debug] -->[C337] FlashTool_GetReservedRomSize #./api/api.cpp (line:1677)
[0000689] [14:26:21:195220] [Tid0x00002304] [debug] <--[C337] FlashTool_GetReservedRomSize
[0000690] [14:26:21:195220] [Tid0x00002304] [debug] -->[C338] FlashTool_RomGetCount #./api/api.cpp (line:1702)
[0000691] [14:26:21:243419] [Tid0x00002304] [debug] <--[C338] FlashTool_RomGetCount
[0000692] [14:26:21:243419] [Tid0x00002304] [debug] -->[C339] FlashTool_RomGetInfoAll #./api/api.cpp (line:1726)
[0000693] [14:26:21:243419] [Tid0x00002304] [debug] <--[C339] FlashTool_RomGetInfoAll
[0000694] [14:26:21:243419] [Tid0x00002304] [debug] -->[C340] FlashTool_ReadPartitionCount #./api/api.cpp (line:1633)
[0000695] [14:26:21:276619] [Tid0x00002304] [debug] <--[C340] FlashTool_ReadPartitionCount
[0000696] [14:26:21:276619] [Tid0x00002304] [debug] -->[C341] FlashTool_ReadPartitionInfo #./api/api.cpp (line:1654)
[0000697] [14:26:21:276619] [Tid0x00002304] [debug] <--[C341] FlashTool_ReadPartitionInfo
[0000698] [14:26:21:276619] [Tid0x00002304] [debug] -->[C342] FlashTool_Download #./api/api.cpp (line:1300)
[0000699] [14:33:24:109249] [Tid0x00002304] [debug] <--[C342] FlashTool_Download
[0000700] [14:33:24:109249] [Tid0x00002304] [debug] -->[C343] DL_GetCount #./api/api.cpp (line:2587)
[0000701] [14:33:24:109249] [Tid0x00002304] [debug] <--[C343] DL_GetCount
[0000702] [14:33:24:110249] [Tid0x00002304] [debug] -->[C344] DL_Rom_GetInfoAll #./api/api.cpp (line:2752)
[0000703] [14:33:24:110249] [Tid0x00002304] [debug] <--[C344] DL_Rom_GetInfoAll
[0000704] [14:33:24:188048] [Tid0x00002304] [debug] -->[C345] FlashTool_Disconnect #./api/api.cpp (line:1033)
[0000705] [14:33:24:237847] [Tid0x00002304] [debug] <--[C345] FlashTool_Disconnect
[0000706] [14:36:02:631485] [Tid0x00002940] [debug] -->[C346] DL_GetCount #./api/api.cpp (line:2587)
[0000707] [14:36:02:631485] [Tid0x00002940] [debug] <--[C346] DL_GetCount
[0000708] [14:36:02:631485] [Tid0x00002940] [debug] -->[C347] DL_Rom_GetInfoAll #./api/api.cpp (line:2752)
[0000709] [14:36:02:631485] [Tid0x00002940] [debug] <--[C347] DL_Rom_GetInfoAll
[0000710] [14:36:02:631485] [Tid0x00002940] [debug] -->[C348] DL_GetCount #./api/api.cpp (line:2587)
[0000711] [14:36:02:631485] [Tid0x00002940] [debug] <--[C348] DL_GetCount
[0000712] [14:36:02:631485] [Tid0x00002940] [debug] -->[C349] DL_Rom_GetInfoAll #./api/api.cpp (line:2752)
[0000713] [14:36:02:631485] [Tid0x00002940] [debug] <--[C349] DL_Rom_GetInfoAll
[0000714] [14:36:07:260022] [Tid0x00002778] [debug] -->[C350] FlashTool_Connect_BROM_ByName #./api/api.cpp (line:1975)
[0000715] [14:36:07:260022] [Tid0x00002778] [debug] -->[C351] FlashTool_Connect_BROM_Ex #./api/api.cpp (line:1880)
[0000716] [14:36:07:260022] [Tid0x00002778] [debug] bCheckScatter: 1
[0000717] [14:36:07:260022] [Tid0x00002778] [debug] have load scatter already
[0000718] [14:36:07:260022] [Tid0x00002778] [debug] libversion 1
[0000719] [14:36:07:836414] [Tid0x00002778] [debug] <--[C351] FlashTool_Connect_BROM_Ex
[0000720] [14:36:07:836414] [Tid0x00002778] [debug] <--[C350] FlashTool_Connect_BROM_ByName
[0000721] [14:36:07:836414] [Tid0x00002778] [debug] -->[C352] FlashTool_GetBootResult #./api/api.cpp (line:1987)
[0000722] [14:36:07:836414] [Tid0x00002778] [debug] <--[C352] FlashTool_GetBootResult
[0000723] [14:36:07:836414] [Tid0x00002778] [debug] -->[C353] FlashTool_Connect_Download_DA #./api/api.cpp (line:2007)
[0000724] [14:36:07:836414] [Tid0x00002778] [debug] bCheckScatter: 1
[0000725] [14:36:09:983582] [Tid0x00002778] [debug] <--[C353] FlashTool_Connect_Download_DA
[0000726] [14:36:09:983582] [Tid0x00002778] [debug] -->[C354] FlashTool_CheckUSBStatus #./api/api.cpp (line:1154)
[0000727] [14:36:09:983582] [Tid0x00002778] [debug] <--[C354] FlashTool_CheckUSBStatus
[0000728] [14:36:09:983582] [Tid0x00002778] [debug] -->[C355] FlashTool_CheckUSBStatus #./api/api.cpp (line:1154)
[0000729] [14:36:09:983582] [Tid0x00002778] [debug] <--[C355] FlashTool_CheckUSBStatus
[0000730] [14:36:09:983582] [Tid0x00002778] [debug] -->[C356] FlashTool_GetReservedRomSize #./api/api.cpp (line:1677)
[0000731] [14:36:09:983582] [Tid0x00002778] [debug] <--[C356] FlashTool_GetReservedRomSize
[0000732] [14:36:09:983582] [Tid0x00002778] [debug] -->[C357] FlashTool_RomGetCount #./api/api.cpp (line:1702)
[0000733] [14:36:09:983582] [Tid0x00002778] [debug] <--[C357] FlashTool_RomGetCount
[0000734] [14:36:09:983582] [Tid0x00002778] [debug] -->[C358] FlashTool_RomGetInfoAll #./api/api.cpp (line:1726)
[0000735] [14:36:09:983582] [Tid0x00002778] [debug] <--[C358] FlashTool_RomGetInfoAll
[0000736] [14:36:09:983582] [Tid0x00002778] [debug] -->[C359] FlashTool_ReadPartitionCount #./api/api.cpp (line:1633)
[0000737] [14:36:10:016781] [Tid0x00002778] [debug] <--[C359] FlashTool_ReadPartitionCount
[0000738] [14:36:10:016781] [Tid0x00002778] [debug] -->[C360] FlashTool_ReadPartitionInfo #./api/api.cpp (line:1654)
[0000739] [14:36:10:016781] [Tid0x00002778] [debug] <--[C360] FlashTool_ReadPartitionInfo
[0000740] [14:36:10:016781] [Tid0x00002778] [debug] -->[C361] FlashTool_Download #./api/api.cpp (line:1300)
[0000741] [14:42:51:526567] [Tid0x00002778] [debug] <--[C361] FlashTool_Download
[0000742] [14:42:51:526567] [Tid0x00002778] [debug] -->[C362] DL_GetCount #./api/api.cpp (line:2587)
[0000743] [14:42:51:526567] [Tid0x00002778] [debug] <--[C362] DL_GetCount
[0000744] [14:42:51:526567] [Tid0x00002778] [debug] -->[C363] DL_Rom_GetInfoAll #./api/api.cpp (line:2752)
[0000745] [14:42:51:526567] [Tid0x00002778] [debug] <--[C363] DL_Rom_GetInfoAll
[0000746] [14:42:51:526567] [Tid0x00002778] [debug] -->[C364] FlashTool_Disconnect #./api/api.cpp (line:1033)
[0000747] [14:42:51:559766] [Tid0x00002778] [debug] <--[C364] FlashTool_Disconnect
[0000748] [12:40:29:588288] [Tid0x00002940] [debug] -->[C365] DL_Rom_UnloadAll #./api/api.cpp (line:2795)
[0000749] [12:40:30:128685] [Tid0x00002940] [debug] <--[C365] DL_Rom_UnloadAll
