[0000001] [16:05:39:542963] [Tid0x00002a58] [debug] -->[C1] DL_LoadScatter #./api/api.cpp (line:2474)
[0000002] [16:05:39:619963] [Tid0x00002a58] [debug] used lib version: 1
[0000003] [16:05:39:619963] [Tid0x00002a58] [debug] <--[C1] DL_LoadScatter
[0000004] [16:05:39:619963] [Tid0x00002a58] [debug] -->[C2] DL_AutoLoadRomImages #./api/api.cpp (line:2667)
[0000005] [16:05:40:362963] [Tid0x00002a58] [debug] <--[C2] DL_AutoLoadRomImages
[0000006] [16:05:40:410963] [Tid0x0000327c] [debug] -->[C3] DL_GetCount #./api/api.cpp (line:2587)
[0000007] [16:05:40:411963] [Tid0x0000327c] [debug] <--[C3] DL_GetCount
[0000008] [16:05:40:411963] [Tid0x0000327c] [debug] -->[C4] DL_Rom_GetInfoAll #./api/api.cpp (line:2752)
[0000009] [16:05:40:411963] [Tid0x0000327c] [debug] <--[C4] DL_Rom_GetInfoAll
[0000010] [16:05:40:412963] [Tid0x0000327c] [debug] -->[C5] DL_GetScatterInfo #./api/api.cpp (line:2688)
[0000011] [16:05:40:412963] [Tid0x0000327c] [debug] <--[C5] DL_GetScatterInfo
[0000012] [16:05:40:416963] [Tid0x0000327c] [debug] -->[C6] DL_GetCount #./api/api.cpp (line:2587)
[0000013] [16:05:40:417963] [Tid0x0000327c] [debug] <--[C6] DL_GetCount
[0000014] [16:05:40:417963] [Tid0x0000327c] [debug] -->[C7] DL_Rom_GetInfoAll #./api/api.cpp (line:2752)
[0000015] [16:05:40:417963] [Tid0x0000327c] [debug] <--[C7] DL_Rom_GetInfoAll
[0000016] [16:05:40:418963] [Tid0x0000327c] [debug] -->[C8] DL_Rom_SetEnableAttr #./api/api.cpp (line:2806)
[0000017] [16:05:40:418963] [Tid0x0000327c] [debug] <--[C8] DL_Rom_SetEnableAttr
[0000018] [16:05:40:418963] [Tid0x0000327c] [debug] -->[C9] DL_GetCount #./api/api.cpp (line:2587)
[0000019] [16:05:40:418963] [Tid0x0000327c] [debug] <--[C9] DL_GetCount
[0000020] [16:05:40:418963] [Tid0x0000327c] [debug] -->[C10] DL_Rom_GetInfoAll #./api/api.cpp (line:2752)
[0000021] [16:05:40:418963] [Tid0x0000327c] [debug] <--[C10] DL_Rom_GetInfoAll
[0000022] [16:05:40:419963] [Tid0x0000327c] [debug] -->[C11] DL_Rom_SetEnableAttr #./api/api.cpp (line:2806)
[0000023] [16:05:40:419963] [Tid0x0000327c] [debug] <--[C11] DL_Rom_SetEnableAttr
[0000024] [16:05:40:420963] [Tid0x0000327c] [debug] -->[C12] DL_GetCount #./api/api.cpp (line:2587)
[0000025] [16:05:40:420963] [Tid0x0000327c] [debug] <--[C12] DL_GetCount
[0000026] [16:05:40:420963] [Tid0x0000327c] [debug] -->[C13] DL_Rom_GetInfoAll #./api/api.cpp (line:2752)
[0000027] [16:05:40:420963] [Tid0x0000327c] [debug] <--[C13] DL_Rom_GetInfoAll
[0000028] [16:05:40:421963] [Tid0x0000327c] [debug] -->[C14] DL_Rom_SetEnableAttr #./api/api.cpp (line:2806)
[0000029] [16:05:40:421963] [Tid0x0000327c] [debug] <--[C14] DL_Rom_SetEnableAttr
[0000030] [16:05:40:422963] [Tid0x0000327c] [debug] -->[C15] DL_GetCount #./api/api.cpp (line:2587)
[0000031] [16:05:40:422963] [Tid0x0000327c] [debug] <--[C15] DL_GetCount
[0000032] [16:05:40:422963] [Tid0x0000327c] [debug] -->[C16] DL_Rom_GetInfoAll #./api/api.cpp (line:2752)
[0000033] [16:05:40:422963] [Tid0x0000327c] [debug] <--[C16] DL_Rom_GetInfoAll
[0000034] [16:05:40:423963] [Tid0x0000327c] [debug] -->[C17] DL_Rom_SetEnableAttr #./api/api.cpp (line:2806)
[0000035] [16:05:40:423963] [Tid0x0000327c] [debug] <--[C17] DL_Rom_SetEnableAttr
[0000036] [16:05:40:423963] [Tid0x0000327c] [debug] -->[C18] DL_GetCount #./api/api.cpp (line:2587)
[0000037] [16:05:40:424963] [Tid0x0000327c] [debug] <--[C18] DL_GetCount
[0000038] [16:05:40:424963] [Tid0x0000327c] [debug] -->[C19] DL_Rom_GetInfoAll #./api/api.cpp (line:2752)
[0000039] [16:05:40:424963] [Tid0x0000327c] [debug] <--[C19] DL_Rom_GetInfoAll
[0000040] [16:05:40:425963] [Tid0x0000327c] [debug] -->[C20] DL_Rom_SetEnableAttr #./api/api.cpp (line:2806)
[0000041] [16:05:40:425963] [Tid0x0000327c] [debug] <--[C20] DL_Rom_SetEnableAttr
[0000042] [16:05:40:425963] [Tid0x0000327c] [debug] -->[C21] DL_GetCount #./api/api.cpp (line:2587)
[0000043] [16:05:40:426963] [Tid0x0000327c] [debug] <--[C21] DL_GetCount
[0000044] [16:05:40:426963] [Tid0x0000327c] [debug] -->[C22] DL_Rom_GetInfoAll #./api/api.cpp (line:2752)
[0000045] [16:05:40:426963] [Tid0x0000327c] [debug] <--[C22] DL_Rom_GetInfoAll
[0000046] [16:05:40:427963] [Tid0x0000327c] [debug] -->[C23] DL_Rom_SetEnableAttr #./api/api.cpp (line:2806)
[0000047] [16:05:40:427963] [Tid0x0000327c] [debug] <--[C23] DL_Rom_SetEnableAttr
[0000048] [16:05:40:428963] [Tid0x0000327c] [debug] -->[C24] DL_GetCount #./api/api.cpp (line:2587)
[0000049] [16:05:40:428963] [Tid0x0000327c] [debug] <--[C24] DL_GetCount
[0000050] [16:05:40:428963] [Tid0x0000327c] [debug] -->[C25] DL_Rom_GetInfoAll #./api/api.cpp (line:2752)
[0000051] [16:05:40:428963] [Tid0x0000327c] [debug] <--[C25] DL_Rom_GetInfoAll
[0000052] [16:05:40:429963] [Tid0x0000327c] [debug] -->[C26] DL_Rom_SetEnableAttr #./api/api.cpp (line:2806)
[0000053] [16:05:40:429963] [Tid0x0000327c] [debug] <--[C26] DL_Rom_SetEnableAttr
[0000054] [16:05:40:429963] [Tid0x0000327c] [debug] -->[C27] DL_GetCount #./api/api.cpp (line:2587)
[0000055] [16:05:40:429963] [Tid0x0000327c] [debug] <--[C27] DL_GetCount
[0000056] [16:05:40:429963] [Tid0x0000327c] [debug] -->[C28] DL_Rom_GetInfoAll #./api/api.cpp (line:2752)
[0000057] [16:05:40:429963] [Tid0x0000327c] [debug] <--[C28] DL_Rom_GetInfoAll
[0000058] [16:05:40:430963] [Tid0x0000327c] [debug] -->[C29] DL_Rom_SetEnableAttr #./api/api.cpp (line:2806)
[0000059] [16:05:40:431963] [Tid0x0000327c] [debug] <--[C29] DL_Rom_SetEnableAttr
[0000060] [16:05:40:431963] [Tid0x0000327c] [debug] -->[C30] DL_GetCount #./api/api.cpp (line:2587)
[0000061] [16:05:40:431963] [Tid0x0000327c] [debug] <--[C30] DL_GetCount
[0000062] [16:05:40:431963] [Tid0x0000327c] [debug] -->[C31] DL_Rom_GetInfoAll #./api/api.cpp (line:2752)
[0000063] [16:05:40:431963] [Tid0x0000327c] [debug] <--[C31] DL_Rom_GetInfoAll
[0000064] [16:05:40:433963] [Tid0x0000327c] [debug] -->[C32] DL_Rom_SetEnableAttr #./api/api.cpp (line:2806)
[0000065] [16:05:40:433963] [Tid0x0000327c] [debug] <--[C32] DL_Rom_SetEnableAttr
[0000066] [16:05:40:433963] [Tid0x0000327c] [debug] -->[C33] DL_GetCount #./api/api.cpp (line:2587)
[0000067] [16:05:40:434963] [Tid0x0000327c] [debug] <--[C33] DL_GetCount
[0000068] [16:05:40:434963] [Tid0x0000327c] [debug] -->[C34] DL_Rom_GetInfoAll #./api/api.cpp (line:2752)
[0000069] [16:05:40:434963] [Tid0x0000327c] [debug] <--[C34] DL_Rom_GetInfoAll
[0000070] [16:05:40:435963] [Tid0x0000327c] [debug] -->[C35] DL_Rom_SetEnableAttr #./api/api.cpp (line:2806)
[0000071] [16:05:40:435963] [Tid0x0000327c] [debug] <--[C35] DL_Rom_SetEnableAttr
[0000072] [16:05:40:435963] [Tid0x0000327c] [debug] -->[C36] DL_GetCount #./api/api.cpp (line:2587)
[0000073] [16:05:40:435963] [Tid0x0000327c] [debug] <--[C36] DL_GetCount
[0000074] [16:05:40:435963] [Tid0x0000327c] [debug] -->[C37] DL_Rom_GetInfoAll #./api/api.cpp (line:2752)
[0000075] [16:05:40:435963] [Tid0x0000327c] [debug] <--[C37] DL_Rom_GetInfoAll
[0000076] [16:05:40:436963] [Tid0x0000327c] [debug] -->[C38] DL_Rom_SetEnableAttr #./api/api.cpp (line:2806)
[0000077] [16:05:40:436963] [Tid0x0000327c] [debug] <--[C38] DL_Rom_SetEnableAttr
[0000078] [16:05:40:437963] [Tid0x0000327c] [debug] -->[C39] DL_GetCount #./api/api.cpp (line:2587)
[0000079] [16:05:40:437963] [Tid0x0000327c] [debug] <--[C39] DL_GetCount
[0000080] [16:05:40:437963] [Tid0x0000327c] [debug] -->[C40] DL_Rom_GetInfoAll #./api/api.cpp (line:2752)
[0000081] [16:05:40:437963] [Tid0x0000327c] [debug] <--[C40] DL_Rom_GetInfoAll
[0000082] [16:05:40:438963] [Tid0x0000327c] [debug] -->[C41] DL_Rom_SetEnableAttr #./api/api.cpp (line:2806)
[0000083] [16:05:40:438963] [Tid0x0000327c] [debug] <--[C41] DL_Rom_SetEnableAttr
[0000084] [16:05:40:439963] [Tid0x0000327c] [debug] -->[C42] DL_GetCount #./api/api.cpp (line:2587)
[0000085] [16:05:40:439963] [Tid0x0000327c] [debug] <--[C42] DL_GetCount
[0000086] [16:05:40:439963] [Tid0x0000327c] [debug] -->[C43] DL_Rom_GetInfoAll #./api/api.cpp (line:2752)
[0000087] [16:05:40:439963] [Tid0x0000327c] [debug] <--[C43] DL_Rom_GetInfoAll
[0000088] [16:05:40:440963] [Tid0x0000327c] [debug] -->[C44] DL_Rom_SetEnableAttr #./api/api.cpp (line:2806)
[0000089] [16:05:40:440963] [Tid0x0000327c] [debug] <--[C44] DL_Rom_SetEnableAttr
[0000090] [16:05:40:468963] [Tid0x0000327c] [debug] -->[C45] DL_GetCount #./api/api.cpp (line:2587)
[0000091] [16:05:40:468963] [Tid0x0000327c] [debug] <--[C45] DL_GetCount
[0000092] [16:05:40:468963] [Tid0x0000327c] [debug] -->[C46] DL_Rom_GetInfoAll #./api/api.cpp (line:2752)
[0000093] [16:05:40:468963] [Tid0x0000327c] [debug] <--[C46] DL_Rom_GetInfoAll
[0000094] [16:05:40:470963] [Tid0x0000327c] [debug] -->[C47] DL_Rom_SetEnableAttr #./api/api.cpp (line:2806)
[0000095] [16:05:40:470963] [Tid0x0000327c] [debug] <--[C47] DL_Rom_SetEnableAttr
[0000096] [16:05:40:470963] [Tid0x0000327c] [debug] -->[C48] DL_GetCount #./api/api.cpp (line:2587)
[0000097] [16:05:40:470963] [Tid0x0000327c] [debug] <--[C48] DL_GetCount
[0000098] [16:05:40:471963] [Tid0x0000327c] [debug] -->[C49] DL_Rom_GetInfoAll #./api/api.cpp (line:2752)
[0000099] [16:05:40:471963] [Tid0x0000327c] [debug] <--[C49] DL_Rom_GetInfoAll
[0000100] [16:05:40:472963] [Tid0x0000327c] [debug] -->[C50] DL_Rom_SetEnableAttr #./api/api.cpp (line:2806)
[0000101] [16:05:40:472963] [Tid0x0000327c] [debug] <--[C50] DL_Rom_SetEnableAttr
[0000102] [16:05:40:473963] [Tid0x0000327c] [debug] -->[C51] DL_GetCount #./api/api.cpp (line:2587)
[0000103] [16:05:40:473963] [Tid0x0000327c] [debug] <--[C51] DL_GetCount
[0000104] [16:05:40:473963] [Tid0x0000327c] [debug] -->[C52] DL_Rom_GetInfoAll #./api/api.cpp (line:2752)
[0000105] [16:05:40:473963] [Tid0x0000327c] [debug] <--[C52] DL_Rom_GetInfoAll
[0000106] [16:05:40:474963] [Tid0x0000327c] [debug] -->[C53] DL_Rom_SetEnableAttr #./api/api.cpp (line:2806)
[0000107] [16:05:40:474963] [Tid0x0000327c] [debug] <--[C53] DL_Rom_SetEnableAttr
[0000108] [16:05:40:474963] [Tid0x0000327c] [debug] -->[C54] DL_GetCount #./api/api.cpp (line:2587)
[0000109] [16:05:40:474963] [Tid0x0000327c] [debug] <--[C54] DL_GetCount
[0000110] [16:05:40:474963] [Tid0x0000327c] [debug] -->[C55] DL_Rom_GetInfoAll #./api/api.cpp (line:2752)
[0000111] [16:05:40:474963] [Tid0x0000327c] [debug] <--[C55] DL_Rom_GetInfoAll
[0000112] [16:05:40:475963] [Tid0x0000327c] [debug] -->[C56] DL_Rom_SetEnableAttr #./api/api.cpp (line:2806)
[0000113] [16:05:40:475963] [Tid0x0000327c] [debug] <--[C56] DL_Rom_SetEnableAttr
[0000114] [16:05:40:476963] [Tid0x0000327c] [debug] -->[C57] DL_GetCount #./api/api.cpp (line:2587)
[0000115] [16:05:40:476963] [Tid0x0000327c] [debug] <--[C57] DL_GetCount
[0000116] [16:05:40:476963] [Tid0x0000327c] [debug] -->[C58] DL_Rom_GetInfoAll #./api/api.cpp (line:2752)
[0000117] [16:05:40:476963] [Tid0x0000327c] [debug] <--[C58] DL_Rom_GetInfoAll
[0000118] [16:05:40:478963] [Tid0x0000327c] [debug] -->[C59] DL_Rom_SetEnableAttr #./api/api.cpp (line:2806)
[0000119] [16:05:40:478963] [Tid0x0000327c] [debug] <--[C59] DL_Rom_SetEnableAttr
[0000120] [16:05:40:479963] [Tid0x0000327c] [debug] -->[C60] DL_GetCount #./api/api.cpp (line:2587)
[0000121] [16:05:40:479963] [Tid0x0000327c] [debug] <--[C60] DL_GetCount
[0000122] [16:05:40:479963] [Tid0x0000327c] [debug] -->[C61] DL_Rom_GetInfoAll #./api/api.cpp (line:2752)
[0000123] [16:05:40:479963] [Tid0x0000327c] [debug] <--[C61] DL_Rom_GetInfoAll
[0000124] [16:05:40:480963] [Tid0x0000327c] [debug] -->[C62] DL_Rom_SetEnableAttr #./api/api.cpp (line:2806)
[0000125] [16:05:40:480963] [Tid0x0000327c] [debug] <--[C62] DL_Rom_SetEnableAttr
[0000126] [16:05:40:480963] [Tid0x0000327c] [debug] -->[C63] DL_GetCount #./api/api.cpp (line:2587)
[0000127] [16:05:40:480963] [Tid0x0000327c] [debug] <--[C63] DL_GetCount
[0000128] [16:05:40:480963] [Tid0x0000327c] [debug] -->[C64] DL_Rom_GetInfoAll #./api/api.cpp (line:2752)
[0000129] [16:05:40:481963] [Tid0x0000327c] [debug] <--[C64] DL_Rom_GetInfoAll
[0000130] [16:05:40:482963] [Tid0x0000327c] [debug] -->[C65] DL_Rom_SetEnableAttr #./api/api.cpp (line:2806)
[0000131] [16:05:40:482963] [Tid0x0000327c] [debug] <--[C65] DL_Rom_SetEnableAttr
[0000132] [16:05:40:482963] [Tid0x0000327c] [debug] -->[C66] DL_GetCount #./api/api.cpp (line:2587)
[0000133] [16:05:40:482963] [Tid0x0000327c] [debug] <--[C66] DL_GetCount
[0000134] [16:05:40:483963] [Tid0x0000327c] [debug] -->[C67] DL_Rom_GetInfoAll #./api/api.cpp (line:2752)
[0000135] [16:05:40:483963] [Tid0x0000327c] [debug] <--[C67] DL_Rom_GetInfoAll
[0000136] [16:05:40:484963] [Tid0x0000327c] [debug] -->[C68] DL_Rom_SetEnableAttr #./api/api.cpp (line:2806)
[0000137] [16:05:40:484963] [Tid0x0000327c] [debug] <--[C68] DL_Rom_SetEnableAttr
[0000138] [16:05:40:485963] [Tid0x0000327c] [debug] -->[C69] DL_GetCount #./api/api.cpp (line:2587)
[0000139] [16:05:40:485963] [Tid0x0000327c] [debug] <--[C69] DL_GetCount
[0000140] [16:05:40:485963] [Tid0x0000327c] [debug] -->[C70] DL_Rom_GetInfoAll #./api/api.cpp (line:2752)
[0000141] [16:05:40:485963] [Tid0x0000327c] [debug] <--[C70] DL_Rom_GetInfoAll
[0000142] [16:05:40:486963] [Tid0x0000327c] [debug] -->[C71] DL_Rom_SetEnableAttr #./api/api.cpp (line:2806)
[0000143] [16:05:40:486963] [Tid0x0000327c] [debug] <--[C71] DL_Rom_SetEnableAttr
[0000144] [16:05:40:486963] [Tid0x0000327c] [debug] -->[C72] DL_GetCount #./api/api.cpp (line:2587)
[0000145] [16:05:40:486963] [Tid0x0000327c] [debug] <--[C72] DL_GetCount
[0000146] [16:05:40:486963] [Tid0x0000327c] [debug] -->[C73] DL_Rom_GetInfoAll #./api/api.cpp (line:2752)
[0000147] [16:05:40:486963] [Tid0x0000327c] [debug] <--[C73] DL_Rom_GetInfoAll
[0000148] [16:05:40:487963] [Tid0x0000327c] [debug] -->[C74] DL_Rom_SetEnableAttr #./api/api.cpp (line:2806)
[0000149] [16:05:40:487963] [Tid0x0000327c] [debug] <--[C74] DL_Rom_SetEnableAttr
[0000150] [16:05:40:488963] [Tid0x0000327c] [debug] -->[C75] DL_GetCount #./api/api.cpp (line:2587)
[0000151] [16:05:40:488963] [Tid0x0000327c] [debug] <--[C75] DL_GetCount
[0000152] [16:05:40:488963] [Tid0x0000327c] [debug] -->[C76] DL_Rom_GetInfoAll #./api/api.cpp (line:2752)
[0000153] [16:05:40:488963] [Tid0x0000327c] [debug] <--[C76] DL_Rom_GetInfoAll
[0000154] [16:05:40:489963] [Tid0x0000327c] [debug] -->[C77] DL_Rom_SetEnableAttr #./api/api.cpp (line:2806)
[0000155] [16:05:40:489963] [Tid0x0000327c] [debug] <--[C77] DL_Rom_SetEnableAttr
[0000156] [16:05:40:490963] [Tid0x0000327c] [debug] -->[C78] DL_GetCount #./api/api.cpp (line:2587)
[0000157] [16:05:40:490963] [Tid0x0000327c] [debug] <--[C78] DL_GetCount
[0000158] [16:05:40:490963] [Tid0x0000327c] [debug] -->[C79] DL_Rom_GetInfoAll #./api/api.cpp (line:2752)
[0000159] [16:05:40:490963] [Tid0x0000327c] [debug] <--[C79] DL_Rom_GetInfoAll
[0000160] [16:05:40:491963] [Tid0x0000327c] [debug] -->[C80] DL_Rom_SetEnableAttr #./api/api.cpp (line:2806)
[0000161] [16:05:40:491963] [Tid0x0000327c] [debug] <--[C80] DL_Rom_SetEnableAttr
[0000162] [16:05:40:491963] [Tid0x0000327c] [debug] -->[C81] DL_GetCount #./api/api.cpp (line:2587)
[0000163] [16:05:40:491963] [Tid0x0000327c] [debug] <--[C81] DL_GetCount
[0000164] [16:05:40:491963] [Tid0x0000327c] [debug] -->[C82] DL_Rom_GetInfoAll #./api/api.cpp (line:2752)
[0000165] [16:05:40:492963] [Tid0x0000327c] [debug] <--[C82] DL_Rom_GetInfoAll
[0000166] [16:05:40:493963] [Tid0x0000327c] [debug] -->[C83] DL_Rom_SetEnableAttr #./api/api.cpp (line:2806)
[0000167] [16:05:40:493963] [Tid0x0000327c] [debug] <--[C83] DL_Rom_SetEnableAttr
[0000168] [16:05:40:493963] [Tid0x0000327c] [debug] -->[C84] DL_GetCount #./api/api.cpp (line:2587)
[0000169] [16:05:40:494963] [Tid0x0000327c] [debug] <--[C84] DL_GetCount
[0000170] [16:05:40:494963] [Tid0x0000327c] [debug] -->[C85] DL_Rom_GetInfoAll #./api/api.cpp (line:2752)
[0000171] [16:05:40:494963] [Tid0x0000327c] [debug] <--[C85] DL_Rom_GetInfoAll
[0000172] [16:05:40:495963] [Tid0x0000327c] [debug] -->[C86] DL_Rom_SetEnableAttr #./api/api.cpp (line:2806)
[0000173] [16:05:40:495963] [Tid0x0000327c] [debug] <--[C86] DL_Rom_SetEnableAttr
[0000174] [16:05:40:496963] [Tid0x0000327c] [debug] -->[C87] DL_GetCount #./api/api.cpp (line:2587)
[0000175] [16:05:40:496963] [Tid0x0000327c] [debug] <--[C87] DL_GetCount
[0000176] [16:05:40:496963] [Tid0x0000327c] [debug] -->[C88] DL_Rom_GetInfoAll #./api/api.cpp (line:2752)
[0000177] [16:05:40:496963] [Tid0x0000327c] [debug] <--[C88] DL_Rom_GetInfoAll
[0000178] [16:05:40:497963] [Tid0x0000327c] [debug] -->[C89] DL_Rom_SetEnableAttr #./api/api.cpp (line:2806)
[0000179] [16:05:40:497963] [Tid0x0000327c] [debug] <--[C89] DL_Rom_SetEnableAttr
[0000180] [16:05:40:497963] [Tid0x0000327c] [debug] -->[C90] DL_GetCount #./api/api.cpp (line:2587)
[0000181] [16:05:40:497963] [Tid0x0000327c] [debug] <--[C90] DL_GetCount
[0000182] [16:05:40:497963] [Tid0x0000327c] [debug] -->[C91] DL_Rom_GetInfoAll #./api/api.cpp (line:2752)
[0000183] [16:05:40:497963] [Tid0x0000327c] [debug] <--[C91] DL_Rom_GetInfoAll
[0000184] [16:05:40:498963] [Tid0x0000327c] [debug] -->[C92] DL_Rom_SetEnableAttr #./api/api.cpp (line:2806)
[0000185] [16:05:40:498963] [Tid0x0000327c] [debug] <--[C92] DL_Rom_SetEnableAttr
[0000186] [16:05:40:499963] [Tid0x0000327c] [debug] -->[C93] DL_GetCount #./api/api.cpp (line:2587)
[0000187] [16:05:40:499963] [Tid0x0000327c] [debug] <--[C93] DL_GetCount
[0000188] [16:05:40:499963] [Tid0x0000327c] [debug] -->[C94] DL_Rom_GetInfoAll #./api/api.cpp (line:2752)
[0000189] [16:05:40:499963] [Tid0x0000327c] [debug] <--[C94] DL_Rom_GetInfoAll
[0000190] [16:05:40:500963] [Tid0x0000327c] [debug] -->[C95] DL_Rom_SetEnableAttr #./api/api.cpp (line:2806)
[0000191] [16:05:40:500963] [Tid0x0000327c] [debug] <--[C95] DL_Rom_SetEnableAttr
[0000192] [16:05:40:501963] [Tid0x0000327c] [debug] -->[C96] DL_GetCount #./api/api.cpp (line:2587)
[0000193] [16:05:40:501963] [Tid0x0000327c] [debug] <--[C96] DL_GetCount
[0000194] [16:05:40:501963] [Tid0x0000327c] [debug] -->[C97] DL_Rom_GetInfoAll #./api/api.cpp (line:2752)
[0000195] [16:05:40:501963] [Tid0x0000327c] [debug] <--[C97] DL_Rom_GetInfoAll
[0000196] [16:05:40:502963] [Tid0x0000327c] [debug] -->[C98] DL_Rom_SetEnableAttr #./api/api.cpp (line:2806)
[0000197] [16:05:40:502963] [Tid0x0000327c] [debug] <--[C98] DL_Rom_SetEnableAttr
[0000198] [16:05:40:502963] [Tid0x0000327c] [debug] -->[C99] DL_GetCount #./api/api.cpp (line:2587)
[0000199] [16:05:40:502963] [Tid0x0000327c] [debug] <--[C99] DL_GetCount
[0000200] [16:05:40:502963] [Tid0x0000327c] [debug] -->[C100] DL_Rom_GetInfoAll #./api/api.cpp (line:2752)
[0000201] [16:05:40:503963] [Tid0x0000327c] [debug] <--[C100] DL_Rom_GetInfoAll
[0000202] [16:05:40:504963] [Tid0x0000327c] [debug] -->[C101] DL_Rom_SetEnableAttr #./api/api.cpp (line:2806)
[0000203] [16:05:40:504963] [Tid0x0000327c] [debug] <--[C101] DL_Rom_SetEnableAttr
[0000204] [16:05:40:504963] [Tid0x0000327c] [debug] -->[C102] DL_GetCount #./api/api.cpp (line:2587)
[0000205] [16:05:40:504963] [Tid0x0000327c] [debug] <--[C102] DL_GetCount
[0000206] [16:05:40:504963] [Tid0x0000327c] [debug] -->[C103] DL_Rom_GetInfoAll #./api/api.cpp (line:2752)
[0000207] [16:05:40:505963] [Tid0x0000327c] [debug] <--[C103] DL_Rom_GetInfoAll
[0000208] [16:05:40:506963] [Tid0x0000327c] [debug] -->[C104] DL_Rom_SetEnableAttr #./api/api.cpp (line:2806)
[0000209] [16:05:40:506963] [Tid0x0000327c] [debug] <--[C104] DL_Rom_SetEnableAttr
[0000210] [16:05:40:506963] [Tid0x0000327c] [debug] -->[C105] DL_GetCount #./api/api.cpp (line:2587)
[0000211] [16:05:40:506963] [Tid0x0000327c] [debug] <--[C105] DL_GetCount
[0000212] [16:05:40:507963] [Tid0x0000327c] [debug] -->[C106] DL_Rom_GetInfoAll #./api/api.cpp (line:2752)
[0000213] [16:05:40:507963] [Tid0x0000327c] [debug] <--[C106] DL_Rom_GetInfoAll
[0000214] [16:05:40:508963] [Tid0x0000327c] [debug] -->[C107] DL_Rom_SetEnableAttr #./api/api.cpp (line:2806)
[0000215] [16:05:40:508963] [Tid0x0000327c] [debug] <--[C107] DL_Rom_SetEnableAttr
[0000216] [16:05:40:508963] [Tid0x0000327c] [debug] -->[C108] DL_GetCount #./api/api.cpp (line:2587)
[0000217] [16:05:40:508963] [Tid0x0000327c] [debug] <--[C108] DL_GetCount
[0000218] [16:05:40:508963] [Tid0x0000327c] [debug] -->[C109] DL_Rom_GetInfoAll #./api/api.cpp (line:2752)
[0000219] [16:05:40:508963] [Tid0x0000327c] [debug] <--[C109] DL_Rom_GetInfoAll
[0000220] [16:05:40:509963] [Tid0x0000327c] [debug] -->[C110] DL_Rom_SetEnableAttr #./api/api.cpp (line:2806)
[0000221] [16:05:40:509963] [Tid0x0000327c] [debug] <--[C110] DL_Rom_SetEnableAttr
[0000222] [16:05:40:510963] [Tid0x0000327c] [debug] -->[C111] DL_GetCount #./api/api.cpp (line:2587)
[0000223] [16:05:40:510963] [Tid0x0000327c] [debug] <--[C111] DL_GetCount
[0000224] [16:05:40:510963] [Tid0x0000327c] [debug] -->[C112] DL_Rom_GetInfoAll #./api/api.cpp (line:2752)
[0000225] [16:05:40:510963] [Tid0x0000327c] [debug] <--[C112] DL_Rom_GetInfoAll
[0000226] [16:05:40:511963] [Tid0x0000327c] [debug] -->[C113] DL_Rom_SetEnableAttr #./api/api.cpp (line:2806)
[0000227] [16:05:40:511963] [Tid0x0000327c] [debug] <--[C113] DL_Rom_SetEnableAttr
[0000228] [16:05:40:511963] [Tid0x0000327c] [debug] -->[C114] DL_SetChecksumLevel #./api/api.cpp (line:2516)
[0000229] [16:05:40:511963] [Tid0x0000327c] [debug] <--[C114] DL_SetChecksumLevel
[0000230] [16:05:53:201963] [Tid0x0000327c] [debug] -->[C115] DL_GetCount #./api/api.cpp (line:2587)
[0000231] [16:05:53:201963] [Tid0x0000327c] [debug] <--[C115] DL_GetCount
[0000232] [16:05:53:201963] [Tid0x0000327c] [debug] -->[C116] DL_Rom_GetInfoAll #./api/api.cpp (line:2752)
[0000233] [16:05:53:201963] [Tid0x0000327c] [debug] <--[C116] DL_Rom_GetInfoAll
[0000234] [16:05:53:204963] [Tid0x0000327c] [debug] -->[C117] DL_GetCount #./api/api.cpp (line:2587)
[0000235] [16:05:53:204963] [Tid0x0000327c] [debug] <--[C117] DL_GetCount
[0000236] [16:05:53:204963] [Tid0x0000327c] [debug] -->[C118] DL_Rom_GetInfoAll #./api/api.cpp (line:2752)
[0000237] [16:05:53:204963] [Tid0x0000327c] [debug] <--[C118] DL_Rom_GetInfoAll
[0000238] [16:06:05:443963] [Tid0x0000338c] [debug] -->[C119] FlashTool_Connect_BROM_ByName #./api/api.cpp (line:1975)
[0000239] [16:06:05:443963] [Tid0x0000338c] [debug] -->[C120] FlashTool_Connect_BROM_Ex #./api/api.cpp (line:1880)
[0000240] [16:06:05:444963] [Tid0x0000338c] [debug] bCheckScatter: 1
[0000241] [16:06:05:444963] [Tid0x0000338c] [debug] have load scatter already
[0000242] [16:06:05:444963] [Tid0x0000338c] [debug] libversion 1
[0000243] [16:06:06:039963] [Tid0x0000338c] [debug] <--[C120] FlashTool_Connect_BROM_Ex
[0000244] [16:06:06:039963] [Tid0x0000338c] [debug] <--[C119] FlashTool_Connect_BROM_ByName
[0000245] [16:06:06:039963] [Tid0x0000338c] [debug] -->[C121] FlashTool_GetBootResult #./api/api.cpp (line:1987)
[0000246] [16:06:06:039963] [Tid0x0000338c] [debug] <--[C121] FlashTool_GetBootResult
[0000247] [16:06:06:039963] [Tid0x0000338c] [debug] -->[C122] FlashTool_Connect_Download_DA #./api/api.cpp (line:2007)
[0000248] [16:06:06:039963] [Tid0x0000338c] [debug] bCheckScatter: 1
[0000249] [16:06:08:155963] [Tid0x0000338c] [debug] <--[C122] FlashTool_Connect_Download_DA
[0000250] [16:06:08:155963] [Tid0x0000338c] [debug] -->[C123] FlashTool_CheckUSBStatus #./api/api.cpp (line:1154)
[0000251] [16:06:08:156963] [Tid0x0000338c] [debug] <--[C123] FlashTool_CheckUSBStatus
[0000252] [16:06:08:156963] [Tid0x0000338c] [debug] -->[C124] FlashTool_CheckUSBStatus #./api/api.cpp (line:1154)
[0000253] [16:06:08:157963] [Tid0x0000338c] [debug] <--[C124] FlashTool_CheckUSBStatus
[0000254] [16:06:08:157963] [Tid0x0000338c] [debug] -->[C125] FlashTool_GetReservedRomSize #./api/api.cpp (line:1677)
[0000255] [16:06:08:157963] [Tid0x0000338c] [debug] <--[C125] FlashTool_GetReservedRomSize
[0000256] [16:06:08:157963] [Tid0x0000338c] [debug] -->[C126] FlashTool_RomGetCount #./api/api.cpp (line:1702)
[0000257] [16:06:08:158963] [Tid0x0000338c] [debug] <--[C126] FlashTool_RomGetCount
[0000258] [16:06:08:158963] [Tid0x0000338c] [debug] -->[C127] FlashTool_RomGetInfoAll #./api/api.cpp (line:1726)
[0000259] [16:06:08:160963] [Tid0x0000338c] [debug] <--[C127] FlashTool_RomGetInfoAll
[0000260] [16:06:08:160963] [Tid0x0000338c] [debug] -->[C128] FlashTool_ReadPartitionCount #./api/api.cpp (line:1633)
[0000261] [16:06:08:194963] [Tid0x0000338c] [debug] <--[C128] FlashTool_ReadPartitionCount
[0000262] [16:06:08:194963] [Tid0x0000338c] [debug] -->[C129] FlashTool_ReadPartitionInfo #./api/api.cpp (line:1654)
[0000263] [16:06:08:194963] [Tid0x0000338c] [debug] <--[C129] FlashTool_ReadPartitionInfo
[0000264] [16:06:08:194963] [Tid0x0000338c] [debug] -->[C130] FlashTool_Download #./api/api.cpp (line:1300)
[0000265] [16:12:55:427963] [Tid0x0000338c] [debug] <--[C130] FlashTool_Download
[0000266] [16:12:55:427963] [Tid0x0000338c] [debug] -->[C131] DL_GetCount #./api/api.cpp (line:2587)
[0000267] [16:12:55:427963] [Tid0x0000338c] [debug] <--[C131] DL_GetCount
[0000268] [16:12:55:427963] [Tid0x0000338c] [debug] -->[C132] DL_Rom_GetInfoAll #./api/api.cpp (line:2752)
[0000269] [16:12:55:428963] [Tid0x0000338c] [debug] <--[C132] DL_Rom_GetInfoAll
[0000270] [16:12:55:456963] [Tid0x0000338c] [debug] -->[C133] FlashTool_Disconnect #./api/api.cpp (line:1033)
[0000271] [16:12:55:483963] [Tid0x0000338c] [debug] <--[C133] FlashTool_Disconnect
[0000272] [16:19:34:638963] [Tid0x0000327c] [debug] -->[C134] DL_Rom_UnloadAll #./api/api.cpp (line:2795)
[0000273] [16:19:34:640963] [Tid0x0000327c] [debug] <--[C134] DL_Rom_UnloadAll
