[0000001] [15:01:31:100796] [Tid0x00001cbc] [debug] -->[C1] DL_LoadScatter #./api/api.cpp (line:2474)
[0000002] [15:01:31:183796] [Tid0x00001cbc] [debug] used lib version: 1
[0000003] [15:01:31:183796] [Tid0x00001cbc] [debug] <--[C1] DL_LoadScatter
[0000004] [15:01:31:183796] [Tid0x00001cbc] [debug] -->[C2] DL_AutoLoadRomImages #./api/api.cpp (line:2667)
[0000005] [15:01:31:350796] [Tid0x00001cbc] [debug] <--[C2] DL_AutoLoadRomImages
[0000006] [15:01:31:584796] [Tid0x00002fb0] [debug] -->[C3] DL_GetCount #./api/api.cpp (line:2587)
[0000007] [15:01:31:584796] [Tid0x00002fb0] [debug] <--[C3] DL_GetCount
[0000008] [15:01:31:584796] [Tid0x00002fb0] [debug] -->[C4] DL_Rom_GetInfoAll #./api/api.cpp (line:2752)
[0000009] [15:01:31:584796] [Tid0x00002fb0] [debug] <--[C4] DL_Rom_GetInfoAll
[0000010] [15:01:31:585796] [Tid0x00002fb0] [debug] -->[C5] DL_GetScatterInfo #./api/api.cpp (line:2688)
[0000011] [15:01:31:585796] [Tid0x00002fb0] [debug] <--[C5] DL_GetScatterInfo
[0000012] [15:01:31:587796] [Tid0x00002fb0] [debug] -->[C6] DL_GetCount #./api/api.cpp (line:2587)
[0000013] [15:01:31:587796] [Tid0x00002fb0] [debug] <--[C6] DL_GetCount
[0000014] [15:01:31:587796] [Tid0x00002fb0] [debug] -->[C7] DL_Rom_GetInfoAll #./api/api.cpp (line:2752)
[0000015] [15:01:31:587796] [Tid0x00002fb0] [debug] <--[C7] DL_Rom_GetInfoAll
[0000016] [15:01:31:588796] [Tid0x00002fb0] [debug] -->[C8] DL_Rom_SetEnableAttr #./api/api.cpp (line:2806)
[0000017] [15:01:31:588796] [Tid0x00002fb0] [debug] <--[C8] DL_Rom_SetEnableAttr
[0000018] [15:01:31:589796] [Tid0x00002fb0] [debug] -->[C9] DL_GetCount #./api/api.cpp (line:2587)
[0000019] [15:01:31:589796] [Tid0x00002fb0] [debug] <--[C9] DL_GetCount
[0000020] [15:01:31:589796] [Tid0x00002fb0] [debug] -->[C10] DL_Rom_GetInfoAll #./api/api.cpp (line:2752)
[0000021] [15:01:31:589796] [Tid0x00002fb0] [debug] <--[C10] DL_Rom_GetInfoAll
[0000022] [15:01:31:590796] [Tid0x00002fb0] [debug] -->[C11] DL_Rom_SetEnableAttr #./api/api.cpp (line:2806)
[0000023] [15:01:31:590796] [Tid0x00002fb0] [debug] <--[C11] DL_Rom_SetEnableAttr
[0000024] [15:01:31:591796] [Tid0x00002fb0] [debug] -->[C12] DL_GetCount #./api/api.cpp (line:2587)
[0000025] [15:01:31:591796] [Tid0x00002fb0] [debug] <--[C12] DL_GetCount
[0000026] [15:01:31:591796] [Tid0x00002fb0] [debug] -->[C13] DL_Rom_GetInfoAll #./api/api.cpp (line:2752)
[0000027] [15:01:31:591796] [Tid0x00002fb0] [debug] <--[C13] DL_Rom_GetInfoAll
[0000028] [15:01:31:591796] [Tid0x00002fb0] [debug] -->[C14] DL_Rom_SetEnableAttr #./api/api.cpp (line:2806)
[0000029] [15:01:31:592796] [Tid0x00002fb0] [debug] <--[C14] DL_Rom_SetEnableAttr
[0000030] [15:01:31:592796] [Tid0x00002fb0] [debug] -->[C15] DL_GetCount #./api/api.cpp (line:2587)
[0000031] [15:01:31:593796] [Tid0x00002fb0] [debug] <--[C15] DL_GetCount
[0000032] [15:01:31:593796] [Tid0x00002fb0] [debug] -->[C16] DL_Rom_GetInfoAll #./api/api.cpp (line:2752)
[0000033] [15:01:31:593796] [Tid0x00002fb0] [debug] <--[C16] DL_Rom_GetInfoAll
[0000034] [15:01:31:593796] [Tid0x00002fb0] [debug] -->[C17] DL_Rom_SetEnableAttr #./api/api.cpp (line:2806)
[0000035] [15:01:31:593796] [Tid0x00002fb0] [debug] <--[C17] DL_Rom_SetEnableAttr
[0000036] [15:01:31:593796] [Tid0x00002fb0] [debug] -->[C18] DL_GetCount #./api/api.cpp (line:2587)
[0000037] [15:01:31:594796] [Tid0x00002fb0] [debug] <--[C18] DL_GetCount
[0000038] [15:01:31:594796] [Tid0x00002fb0] [debug] -->[C19] DL_Rom_GetInfoAll #./api/api.cpp (line:2752)
[0000039] [15:01:31:594796] [Tid0x00002fb0] [debug] <--[C19] DL_Rom_GetInfoAll
[0000040] [15:01:31:594796] [Tid0x00002fb0] [debug] -->[C20] DL_Rom_SetEnableAttr #./api/api.cpp (line:2806)
[0000041] [15:01:31:594796] [Tid0x00002fb0] [debug] <--[C20] DL_Rom_SetEnableAttr
[0000042] [15:01:31:595796] [Tid0x00002fb0] [debug] -->[C21] DL_GetCount #./api/api.cpp (line:2587)
[0000043] [15:01:31:595796] [Tid0x00002fb0] [debug] <--[C21] DL_GetCount
[0000044] [15:01:31:595796] [Tid0x00002fb0] [debug] -->[C22] DL_Rom_GetInfoAll #./api/api.cpp (line:2752)
[0000045] [15:01:31:595796] [Tid0x00002fb0] [debug] <--[C22] DL_Rom_GetInfoAll
[0000046] [15:01:31:596796] [Tid0x00002fb0] [debug] -->[C23] DL_Rom_SetEnableAttr #./api/api.cpp (line:2806)
[0000047] [15:01:31:596796] [Tid0x00002fb0] [debug] <--[C23] DL_Rom_SetEnableAttr
[0000048] [15:01:31:597796] [Tid0x00002fb0] [debug] -->[C24] DL_GetCount #./api/api.cpp (line:2587)
[0000049] [15:01:31:597796] [Tid0x00002fb0] [debug] <--[C24] DL_GetCount
[0000050] [15:01:31:597796] [Tid0x00002fb0] [debug] -->[C25] DL_Rom_GetInfoAll #./api/api.cpp (line:2752)
[0000051] [15:01:31:597796] [Tid0x00002fb0] [debug] <--[C25] DL_Rom_GetInfoAll
[0000052] [15:01:31:598796] [Tid0x00002fb0] [debug] -->[C26] DL_Rom_SetEnableAttr #./api/api.cpp (line:2806)
[0000053] [15:01:31:598796] [Tid0x00002fb0] [debug] <--[C26] DL_Rom_SetEnableAttr
[0000054] [15:01:31:598796] [Tid0x00002fb0] [debug] -->[C27] DL_GetCount #./api/api.cpp (line:2587)
[0000055] [15:01:31:598796] [Tid0x00002fb0] [debug] <--[C27] DL_GetCount
[0000056] [15:01:31:598796] [Tid0x00002fb0] [debug] -->[C28] DL_Rom_GetInfoAll #./api/api.cpp (line:2752)
[0000057] [15:01:31:598796] [Tid0x00002fb0] [debug] <--[C28] DL_Rom_GetInfoAll
[0000058] [15:01:31:599796] [Tid0x00002fb0] [debug] -->[C29] DL_Rom_SetEnableAttr #./api/api.cpp (line:2806)
[0000059] [15:01:31:599796] [Tid0x00002fb0] [debug] <--[C29] DL_Rom_SetEnableAttr
[0000060] [15:01:31:599796] [Tid0x00002fb0] [debug] -->[C30] DL_GetCount #./api/api.cpp (line:2587)
[0000061] [15:01:31:599796] [Tid0x00002fb0] [debug] <--[C30] DL_GetCount
[0000062] [15:01:31:599796] [Tid0x00002fb0] [debug] -->[C31] DL_Rom_GetInfoAll #./api/api.cpp (line:2752)
[0000063] [15:01:31:599796] [Tid0x00002fb0] [debug] <--[C31] DL_Rom_GetInfoAll
[0000064] [15:01:31:600796] [Tid0x00002fb0] [debug] -->[C32] DL_Rom_SetEnableAttr #./api/api.cpp (line:2806)
[0000065] [15:01:31:600796] [Tid0x00002fb0] [debug] <--[C32] DL_Rom_SetEnableAttr
[0000066] [15:01:31:601796] [Tid0x00002fb0] [debug] -->[C33] DL_GetCount #./api/api.cpp (line:2587)
[0000067] [15:01:31:601796] [Tid0x00002fb0] [debug] <--[C33] DL_GetCount
[0000068] [15:01:31:601796] [Tid0x00002fb0] [debug] -->[C34] DL_Rom_GetInfoAll #./api/api.cpp (line:2752)
[0000069] [15:01:31:601796] [Tid0x00002fb0] [debug] <--[C34] DL_Rom_GetInfoAll
[0000070] [15:01:31:602796] [Tid0x00002fb0] [debug] -->[C35] DL_Rom_SetEnableAttr #./api/api.cpp (line:2806)
[0000071] [15:01:31:602796] [Tid0x00002fb0] [debug] <--[C35] DL_Rom_SetEnableAttr
[0000072] [15:01:31:602796] [Tid0x00002fb0] [debug] -->[C36] DL_GetCount #./api/api.cpp (line:2587)
[0000073] [15:01:31:602796] [Tid0x00002fb0] [debug] <--[C36] DL_GetCount
[0000074] [15:01:31:602796] [Tid0x00002fb0] [debug] -->[C37] DL_Rom_GetInfoAll #./api/api.cpp (line:2752)
[0000075] [15:01:31:602796] [Tid0x00002fb0] [debug] <--[C37] DL_Rom_GetInfoAll
[0000076] [15:01:31:603796] [Tid0x00002fb0] [debug] -->[C38] DL_Rom_SetEnableAttr #./api/api.cpp (line:2806)
[0000077] [15:01:31:603796] [Tid0x00002fb0] [debug] <--[C38] DL_Rom_SetEnableAttr
[0000078] [15:01:31:603796] [Tid0x00002fb0] [debug] -->[C39] DL_GetCount #./api/api.cpp (line:2587)
[0000079] [15:01:31:604796] [Tid0x00002fb0] [debug] <--[C39] DL_GetCount
[0000080] [15:01:31:604796] [Tid0x00002fb0] [debug] -->[C40] DL_Rom_GetInfoAll #./api/api.cpp (line:2752)
[0000081] [15:01:31:604796] [Tid0x00002fb0] [debug] <--[C40] DL_Rom_GetInfoAll
[0000082] [15:01:31:605796] [Tid0x00002fb0] [debug] -->[C41] DL_Rom_SetEnableAttr #./api/api.cpp (line:2806)
[0000083] [15:01:31:605796] [Tid0x00002fb0] [debug] <--[C41] DL_Rom_SetEnableAttr
[0000084] [15:01:31:606796] [Tid0x00002fb0] [debug] -->[C42] DL_GetCount #./api/api.cpp (line:2587)
[0000085] [15:01:31:606796] [Tid0x00002fb0] [debug] <--[C42] DL_GetCount
[0000086] [15:01:31:606796] [Tid0x00002fb0] [debug] -->[C43] DL_Rom_GetInfoAll #./api/api.cpp (line:2752)
[0000087] [15:01:31:606796] [Tid0x00002fb0] [debug] <--[C43] DL_Rom_GetInfoAll
[0000088] [15:01:31:607796] [Tid0x00002fb0] [debug] -->[C44] DL_Rom_SetEnableAttr #./api/api.cpp (line:2806)
[0000089] [15:01:31:607796] [Tid0x00002fb0] [debug] <--[C44] DL_Rom_SetEnableAttr
[0000090] [15:01:31:607796] [Tid0x00002fb0] [debug] -->[C45] DL_GetCount #./api/api.cpp (line:2587)
[0000091] [15:01:31:607796] [Tid0x00002fb0] [debug] <--[C45] DL_GetCount
[0000092] [15:01:31:607796] [Tid0x00002fb0] [debug] -->[C46] DL_Rom_GetInfoAll #./api/api.cpp (line:2752)
[0000093] [15:01:31:607796] [Tid0x00002fb0] [debug] <--[C46] DL_Rom_GetInfoAll
[0000094] [15:01:31:608796] [Tid0x00002fb0] [debug] -->[C47] DL_Rom_SetEnableAttr #./api/api.cpp (line:2806)
[0000095] [15:01:31:608796] [Tid0x00002fb0] [debug] <--[C47] DL_Rom_SetEnableAttr
[0000096] [15:01:31:609796] [Tid0x00002fb0] [debug] -->[C48] DL_GetCount #./api/api.cpp (line:2587)
[0000097] [15:01:31:609796] [Tid0x00002fb0] [debug] <--[C48] DL_GetCount
[0000098] [15:01:31:609796] [Tid0x00002fb0] [debug] -->[C49] DL_Rom_GetInfoAll #./api/api.cpp (line:2752)
[0000099] [15:01:31:609796] [Tid0x00002fb0] [debug] <--[C49] DL_Rom_GetInfoAll
[0000100] [15:01:31:610796] [Tid0x00002fb0] [debug] -->[C50] DL_Rom_SetEnableAttr #./api/api.cpp (line:2806)
[0000101] [15:01:31:610796] [Tid0x00002fb0] [debug] <--[C50] DL_Rom_SetEnableAttr
[0000102] [15:01:31:611796] [Tid0x00002fb0] [debug] -->[C51] DL_GetCount #./api/api.cpp (line:2587)
[0000103] [15:01:31:611796] [Tid0x00002fb0] [debug] <--[C51] DL_GetCount
[0000104] [15:01:31:611796] [Tid0x00002fb0] [debug] -->[C52] DL_Rom_GetInfoAll #./api/api.cpp (line:2752)
[0000105] [15:01:31:611796] [Tid0x00002fb0] [debug] <--[C52] DL_Rom_GetInfoAll
[0000106] [15:01:31:612796] [Tid0x00002fb0] [debug] -->[C53] DL_Rom_SetEnableAttr #./api/api.cpp (line:2806)
[0000107] [15:01:31:612796] [Tid0x00002fb0] [debug] <--[C53] DL_Rom_SetEnableAttr
[0000108] [15:01:31:612796] [Tid0x00002fb0] [debug] -->[C54] DL_GetCount #./api/api.cpp (line:2587)
[0000109] [15:01:31:612796] [Tid0x00002fb0] [debug] <--[C54] DL_GetCount
[0000110] [15:01:31:612796] [Tid0x00002fb0] [debug] -->[C55] DL_Rom_GetInfoAll #./api/api.cpp (line:2752)
[0000111] [15:01:31:612796] [Tid0x00002fb0] [debug] <--[C55] DL_Rom_GetInfoAll
[0000112] [15:01:31:613796] [Tid0x00002fb0] [debug] -->[C56] DL_Rom_SetEnableAttr #./api/api.cpp (line:2806)
[0000113] [15:01:31:613796] [Tid0x00002fb0] [debug] <--[C56] DL_Rom_SetEnableAttr
[0000114] [15:01:31:613796] [Tid0x00002fb0] [debug] -->[C57] DL_GetCount #./api/api.cpp (line:2587)
[0000115] [15:01:31:614796] [Tid0x00002fb0] [debug] <--[C57] DL_GetCount
[0000116] [15:01:31:614796] [Tid0x00002fb0] [debug] -->[C58] DL_Rom_GetInfoAll #./api/api.cpp (line:2752)
[0000117] [15:01:31:614796] [Tid0x00002fb0] [debug] <--[C58] DL_Rom_GetInfoAll
[0000118] [15:01:31:615796] [Tid0x00002fb0] [debug] -->[C59] DL_Rom_SetEnableAttr #./api/api.cpp (line:2806)
[0000119] [15:01:31:615796] [Tid0x00002fb0] [debug] <--[C59] DL_Rom_SetEnableAttr
[0000120] [15:01:31:615796] [Tid0x00002fb0] [debug] -->[C60] DL_GetCount #./api/api.cpp (line:2587)
[0000121] [15:01:31:616796] [Tid0x00002fb0] [debug] <--[C60] DL_GetCount
[0000122] [15:01:31:616796] [Tid0x00002fb0] [debug] -->[C61] DL_Rom_GetInfoAll #./api/api.cpp (line:2752)
[0000123] [15:01:31:616796] [Tid0x00002fb0] [debug] <--[C61] DL_Rom_GetInfoAll
[0000124] [15:01:31:617796] [Tid0x00002fb0] [debug] -->[C62] DL_Rom_SetEnableAttr #./api/api.cpp (line:2806)
[0000125] [15:01:31:617796] [Tid0x00002fb0] [debug] <--[C62] DL_Rom_SetEnableAttr
[0000126] [15:01:31:617796] [Tid0x00002fb0] [debug] -->[C63] DL_GetCount #./api/api.cpp (line:2587)
[0000127] [15:01:31:618796] [Tid0x00002fb0] [debug] <--[C63] DL_GetCount
[0000128] [15:01:31:618796] [Tid0x00002fb0] [debug] -->[C64] DL_Rom_GetInfoAll #./api/api.cpp (line:2752)
[0000129] [15:01:31:618796] [Tid0x00002fb0] [debug] <--[C64] DL_Rom_GetInfoAll
[0000130] [15:01:31:619796] [Tid0x00002fb0] [debug] -->[C65] DL_Rom_SetEnableAttr #./api/api.cpp (line:2806)
[0000131] [15:01:31:619796] [Tid0x00002fb0] [debug] <--[C65] DL_Rom_SetEnableAttr
[0000132] [15:01:31:620796] [Tid0x00002fb0] [debug] -->[C66] DL_GetCount #./api/api.cpp (line:2587)
[0000133] [15:01:31:620796] [Tid0x00002fb0] [debug] <--[C66] DL_GetCount
[0000134] [15:01:31:620796] [Tid0x00002fb0] [debug] -->[C67] DL_Rom_GetInfoAll #./api/api.cpp (line:2752)
[0000135] [15:01:31:620796] [Tid0x00002fb0] [debug] <--[C67] DL_Rom_GetInfoAll
[0000136] [15:01:31:621796] [Tid0x00002fb0] [debug] -->[C68] DL_Rom_SetEnableAttr #./api/api.cpp (line:2806)
[0000137] [15:01:31:621796] [Tid0x00002fb0] [debug] <--[C68] DL_Rom_SetEnableAttr
[0000138] [15:01:31:622796] [Tid0x00002fb0] [debug] -->[C69] DL_GetCount #./api/api.cpp (line:2587)
[0000139] [15:01:31:622796] [Tid0x00002fb0] [debug] <--[C69] DL_GetCount
[0000140] [15:01:31:622796] [Tid0x00002fb0] [debug] -->[C70] DL_Rom_GetInfoAll #./api/api.cpp (line:2752)
[0000141] [15:01:31:622796] [Tid0x00002fb0] [debug] <--[C70] DL_Rom_GetInfoAll
[0000142] [15:01:31:623796] [Tid0x00002fb0] [debug] -->[C71] DL_Rom_SetEnableAttr #./api/api.cpp (line:2806)
[0000143] [15:01:31:623796] [Tid0x00002fb0] [debug] <--[C71] DL_Rom_SetEnableAttr
[0000144] [15:01:31:623796] [Tid0x00002fb0] [debug] -->[C72] DL_GetCount #./api/api.cpp (line:2587)
[0000145] [15:01:31:623796] [Tid0x00002fb0] [debug] <--[C72] DL_GetCount
[0000146] [15:01:31:623796] [Tid0x00002fb0] [debug] -->[C73] DL_Rom_GetInfoAll #./api/api.cpp (line:2752)
[0000147] [15:01:31:623796] [Tid0x00002fb0] [debug] <--[C73] DL_Rom_GetInfoAll
[0000148] [15:01:31:624796] [Tid0x00002fb0] [debug] -->[C74] DL_Rom_SetEnableAttr #./api/api.cpp (line:2806)
[0000149] [15:01:31:624796] [Tid0x00002fb0] [debug] <--[C74] DL_Rom_SetEnableAttr
[0000150] [15:01:31:625796] [Tid0x00002fb0] [debug] -->[C75] DL_GetCount #./api/api.cpp (line:2587)
[0000151] [15:01:31:625796] [Tid0x00002fb0] [debug] <--[C75] DL_GetCount
[0000152] [15:01:31:625796] [Tid0x00002fb0] [debug] -->[C76] DL_Rom_GetInfoAll #./api/api.cpp (line:2752)
[0000153] [15:01:31:625796] [Tid0x00002fb0] [debug] <--[C76] DL_Rom_GetInfoAll
[0000154] [15:01:31:626796] [Tid0x00002fb0] [debug] -->[C77] DL_Rom_SetEnableAttr #./api/api.cpp (line:2806)
[0000155] [15:01:31:626796] [Tid0x00002fb0] [debug] <--[C77] DL_Rom_SetEnableAttr
[0000156] [15:01:31:626796] [Tid0x00002fb0] [debug] -->[C78] DL_GetCount #./api/api.cpp (line:2587)
[0000157] [15:01:31:626796] [Tid0x00002fb0] [debug] <--[C78] DL_GetCount
[0000158] [15:01:31:626796] [Tid0x00002fb0] [debug] -->[C79] DL_Rom_GetInfoAll #./api/api.cpp (line:2752)
[0000159] [15:01:31:626796] [Tid0x00002fb0] [debug] <--[C79] DL_Rom_GetInfoAll
[0000160] [15:01:31:627796] [Tid0x00002fb0] [debug] -->[C80] DL_Rom_SetEnableAttr #./api/api.cpp (line:2806)
[0000161] [15:01:31:627796] [Tid0x00002fb0] [debug] <--[C80] DL_Rom_SetEnableAttr
[0000162] [15:01:31:627796] [Tid0x00002fb0] [debug] -->[C81] DL_GetCount #./api/api.cpp (line:2587)
[0000163] [15:01:31:627796] [Tid0x00002fb0] [debug] <--[C81] DL_GetCount
[0000164] [15:01:31:627796] [Tid0x00002fb0] [debug] -->[C82] DL_Rom_GetInfoAll #./api/api.cpp (line:2752)
[0000165] [15:01:31:627796] [Tid0x00002fb0] [debug] <--[C82] DL_Rom_GetInfoAll
[0000166] [15:01:31:628796] [Tid0x00002fb0] [debug] -->[C83] DL_Rom_SetEnableAttr #./api/api.cpp (line:2806)
[0000167] [15:01:31:628796] [Tid0x00002fb0] [debug] <--[C83] DL_Rom_SetEnableAttr
[0000168] [15:01:31:629796] [Tid0x00002fb0] [debug] -->[C84] DL_GetCount #./api/api.cpp (line:2587)
[0000169] [15:01:31:629796] [Tid0x00002fb0] [debug] <--[C84] DL_GetCount
[0000170] [15:01:31:629796] [Tid0x00002fb0] [debug] -->[C85] DL_Rom_GetInfoAll #./api/api.cpp (line:2752)
[0000171] [15:01:31:629796] [Tid0x00002fb0] [debug] <--[C85] DL_Rom_GetInfoAll
[0000172] [15:01:31:630796] [Tid0x00002fb0] [debug] -->[C86] DL_Rom_SetEnableAttr #./api/api.cpp (line:2806)
[0000173] [15:01:31:630796] [Tid0x00002fb0] [debug] <--[C86] DL_Rom_SetEnableAttr
[0000174] [15:01:31:631796] [Tid0x00002fb0] [debug] -->[C87] DL_GetCount #./api/api.cpp (line:2587)
[0000175] [15:01:31:631796] [Tid0x00002fb0] [debug] <--[C87] DL_GetCount
[0000176] [15:01:31:631796] [Tid0x00002fb0] [debug] -->[C88] DL_Rom_GetInfoAll #./api/api.cpp (line:2752)
[0000177] [15:01:31:631796] [Tid0x00002fb0] [debug] <--[C88] DL_Rom_GetInfoAll
[0000178] [15:01:31:632796] [Tid0x00002fb0] [debug] -->[C89] DL_Rom_SetEnableAttr #./api/api.cpp (line:2806)
[0000179] [15:01:31:632796] [Tid0x00002fb0] [debug] <--[C89] DL_Rom_SetEnableAttr
[0000180] [15:01:31:632796] [Tid0x00002fb0] [debug] -->[C90] DL_GetCount #./api/api.cpp (line:2587)
[0000181] [15:01:31:632796] [Tid0x00002fb0] [debug] <--[C90] DL_GetCount
[0000182] [15:01:31:632796] [Tid0x00002fb0] [debug] -->[C91] DL_Rom_GetInfoAll #./api/api.cpp (line:2752)
[0000183] [15:01:31:632796] [Tid0x00002fb0] [debug] <--[C91] DL_Rom_GetInfoAll
[0000184] [15:01:31:634796] [Tid0x00002fb0] [debug] -->[C92] DL_Rom_SetEnableAttr #./api/api.cpp (line:2806)
[0000185] [15:01:31:634796] [Tid0x00002fb0] [debug] <--[C92] DL_Rom_SetEnableAttr
[0000186] [15:01:31:635796] [Tid0x00002fb0] [debug] -->[C93] DL_GetCount #./api/api.cpp (line:2587)
[0000187] [15:01:31:635796] [Tid0x00002fb0] [debug] <--[C93] DL_GetCount
[0000188] [15:01:31:635796] [Tid0x00002fb0] [debug] -->[C94] DL_Rom_GetInfoAll #./api/api.cpp (line:2752)
[0000189] [15:01:31:635796] [Tid0x00002fb0] [debug] <--[C94] DL_Rom_GetInfoAll
[0000190] [15:01:31:636796] [Tid0x00002fb0] [debug] -->[C95] DL_Rom_SetEnableAttr #./api/api.cpp (line:2806)
[0000191] [15:01:31:636796] [Tid0x00002fb0] [debug] <--[C95] DL_Rom_SetEnableAttr
[0000192] [15:01:31:637796] [Tid0x00002fb0] [debug] -->[C96] DL_GetCount #./api/api.cpp (line:2587)
[0000193] [15:01:31:637796] [Tid0x00002fb0] [debug] <--[C96] DL_GetCount
[0000194] [15:01:31:637796] [Tid0x00002fb0] [debug] -->[C97] DL_Rom_GetInfoAll #./api/api.cpp (line:2752)
[0000195] [15:01:31:637796] [Tid0x00002fb0] [debug] <--[C97] DL_Rom_GetInfoAll
[0000196] [15:01:31:639796] [Tid0x00002fb0] [debug] -->[C98] DL_Rom_SetEnableAttr #./api/api.cpp (line:2806)
[0000197] [15:01:31:639796] [Tid0x00002fb0] [debug] <--[C98] DL_Rom_SetEnableAttr
[0000198] [15:01:31:639796] [Tid0x00002fb0] [debug] -->[C99] DL_GetCount #./api/api.cpp (line:2587)
[0000199] [15:01:31:639796] [Tid0x00002fb0] [debug] <--[C99] DL_GetCount
[0000200] [15:01:31:639796] [Tid0x00002fb0] [debug] -->[C100] DL_Rom_GetInfoAll #./api/api.cpp (line:2752)
[0000201] [15:01:31:640796] [Tid0x00002fb0] [debug] <--[C100] DL_Rom_GetInfoAll
[0000202] [15:01:31:642796] [Tid0x00002fb0] [debug] -->[C101] DL_Rom_SetEnableAttr #./api/api.cpp (line:2806)
[0000203] [15:01:31:642796] [Tid0x00002fb0] [debug] <--[C101] DL_Rom_SetEnableAttr
[0000204] [15:01:31:642796] [Tid0x00002fb0] [debug] -->[C102] DL_GetCount #./api/api.cpp (line:2587)
[0000205] [15:01:31:643796] [Tid0x00002fb0] [debug] <--[C102] DL_GetCount
[0000206] [15:01:31:643796] [Tid0x00002fb0] [debug] -->[C103] DL_Rom_GetInfoAll #./api/api.cpp (line:2752)
[0000207] [15:01:31:643796] [Tid0x00002fb0] [debug] <--[C103] DL_Rom_GetInfoAll
[0000208] [15:01:31:643796] [Tid0x00002fb0] [debug] -->[C104] DL_Rom_SetEnableAttr #./api/api.cpp (line:2806)
[0000209] [15:01:31:643796] [Tid0x00002fb0] [debug] <--[C104] DL_Rom_SetEnableAttr
[0000210] [15:01:31:644796] [Tid0x00002fb0] [debug] -->[C105] DL_GetCount #./api/api.cpp (line:2587)
[0000211] [15:01:31:644796] [Tid0x00002fb0] [debug] <--[C105] DL_GetCount
[0000212] [15:01:31:644796] [Tid0x00002fb0] [debug] -->[C106] DL_Rom_GetInfoAll #./api/api.cpp (line:2752)
[0000213] [15:01:31:644796] [Tid0x00002fb0] [debug] <--[C106] DL_Rom_GetInfoAll
[0000214] [15:01:31:645796] [Tid0x00002fb0] [debug] -->[C107] DL_Rom_SetEnableAttr #./api/api.cpp (line:2806)
[0000215] [15:01:31:645796] [Tid0x00002fb0] [debug] <--[C107] DL_Rom_SetEnableAttr
[0000216] [15:01:31:645796] [Tid0x00002fb0] [debug] -->[C108] DL_GetCount #./api/api.cpp (line:2587)
[0000217] [15:01:31:645796] [Tid0x00002fb0] [debug] <--[C108] DL_GetCount
[0000218] [15:01:31:645796] [Tid0x00002fb0] [debug] -->[C109] DL_Rom_GetInfoAll #./api/api.cpp (line:2752)
[0000219] [15:01:31:645796] [Tid0x00002fb0] [debug] <--[C109] DL_Rom_GetInfoAll
[0000220] [15:01:31:646796] [Tid0x00002fb0] [debug] -->[C110] DL_Rom_SetEnableAttr #./api/api.cpp (line:2806)
[0000221] [15:01:31:646796] [Tid0x00002fb0] [debug] <--[C110] DL_Rom_SetEnableAttr
[0000222] [15:01:31:647796] [Tid0x00002fb0] [debug] -->[C111] DL_GetCount #./api/api.cpp (line:2587)
[0000223] [15:01:31:647796] [Tid0x00002fb0] [debug] <--[C111] DL_GetCount
[0000224] [15:01:31:647796] [Tid0x00002fb0] [debug] -->[C112] DL_Rom_GetInfoAll #./api/api.cpp (line:2752)
[0000225] [15:01:31:647796] [Tid0x00002fb0] [debug] <--[C112] DL_Rom_GetInfoAll
[0000226] [15:01:31:648796] [Tid0x00002fb0] [debug] -->[C113] DL_Rom_SetEnableAttr #./api/api.cpp (line:2806)
[0000227] [15:01:31:648796] [Tid0x00002fb0] [debug] <--[C113] DL_Rom_SetEnableAttr
[0000228] [15:01:31:649796] [Tid0x00002fb0] [debug] -->[C114] DL_SetChecksumLevel #./api/api.cpp (line:2516)
[0000229] [15:01:31:649796] [Tid0x00002fb0] [debug] <--[C114] DL_SetChecksumLevel
[0000230] [15:01:47:422796] [Tid0x00001cbc] [debug] -->[C115] DL_LoadScatter #./api/api.cpp (line:2474)
[0000231] [15:01:47:473796] [Tid0x00001cbc] [debug] used lib version: 1
[0000232] [15:01:47:473796] [Tid0x00001cbc] [debug] <--[C115] DL_LoadScatter
[0000233] [15:01:47:474796] [Tid0x00001cbc] [debug] -->[C116] DL_AutoLoadRomImages #./api/api.cpp (line:2667)
[0000234] [15:01:47:508796] [Tid0x00001cbc] [debug] <--[C116] DL_AutoLoadRomImages
[0000235] [15:01:47:519796] [Tid0x00002fb0] [debug] -->[C117] DL_GetCount #./api/api.cpp (line:2587)
[0000236] [15:01:47:520796] [Tid0x00002fb0] [debug] <--[C117] DL_GetCount
[0000237] [15:01:47:520796] [Tid0x00002fb0] [debug] -->[C118] DL_Rom_GetInfoAll #./api/api.cpp (line:2752)
[0000238] [15:01:47:520796] [Tid0x00002fb0] [debug] <--[C118] DL_Rom_GetInfoAll
[0000239] [15:01:47:520796] [Tid0x00002fb0] [debug] -->[C119] DL_GetScatterInfo #./api/api.cpp (line:2688)
[0000240] [15:01:47:520796] [Tid0x00002fb0] [debug] <--[C119] DL_GetScatterInfo
[0000241] [15:01:47:521796] [Tid0x00002fb0] [debug] -->[C120] DL_GetCount #./api/api.cpp (line:2587)
[0000242] [15:01:47:521796] [Tid0x00002fb0] [debug] <--[C120] DL_GetCount
[0000243] [15:01:47:521796] [Tid0x00002fb0] [debug] -->[C121] DL_Rom_GetInfoAll #./api/api.cpp (line:2752)
[0000244] [15:01:47:521796] [Tid0x00002fb0] [debug] <--[C121] DL_Rom_GetInfoAll
[0000245] [15:01:47:521796] [Tid0x00002fb0] [debug] -->[C122] DL_Rom_SetEnableAttr #./api/api.cpp (line:2806)
[0000246] [15:01:47:521796] [Tid0x00002fb0] [debug] <--[C122] DL_Rom_SetEnableAttr
[0000247] [15:01:47:521796] [Tid0x00002fb0] [debug] -->[C123] DL_GetCount #./api/api.cpp (line:2587)
[0000248] [15:01:47:521796] [Tid0x00002fb0] [debug] <--[C123] DL_GetCount
[0000249] [15:01:47:521796] [Tid0x00002fb0] [debug] -->[C124] DL_Rom_GetInfoAll #./api/api.cpp (line:2752)
[0000250] [15:01:47:521796] [Tid0x00002fb0] [debug] <--[C124] DL_Rom_GetInfoAll
[0000251] [15:01:47:521796] [Tid0x00002fb0] [debug] -->[C125] DL_Rom_SetEnableAttr #./api/api.cpp (line:2806)
[0000252] [15:01:47:521796] [Tid0x00002fb0] [debug] <--[C125] DL_Rom_SetEnableAttr
[0000253] [15:01:47:522796] [Tid0x00002fb0] [debug] -->[C126] DL_GetCount #./api/api.cpp (line:2587)
[0000254] [15:01:47:522796] [Tid0x00002fb0] [debug] <--[C126] DL_GetCount
[0000255] [15:01:47:522796] [Tid0x00002fb0] [debug] -->[C127] DL_Rom_GetInfoAll #./api/api.cpp (line:2752)
[0000256] [15:01:47:522796] [Tid0x00002fb0] [debug] <--[C127] DL_Rom_GetInfoAll
[0000257] [15:01:47:522796] [Tid0x00002fb0] [debug] -->[C128] DL_Rom_SetEnableAttr #./api/api.cpp (line:2806)
[0000258] [15:01:47:523796] [Tid0x00002fb0] [debug] <--[C128] DL_Rom_SetEnableAttr
[0000259] [15:01:47:523796] [Tid0x00002fb0] [debug] -->[C129] DL_GetCount #./api/api.cpp (line:2587)
[0000260] [15:01:47:523796] [Tid0x00002fb0] [debug] <--[C129] DL_GetCount
[0000261] [15:01:47:523796] [Tid0x00002fb0] [debug] -->[C130] DL_Rom_GetInfoAll #./api/api.cpp (line:2752)
[0000262] [15:01:47:523796] [Tid0x00002fb0] [debug] <--[C130] DL_Rom_GetInfoAll
[0000263] [15:01:47:523796] [Tid0x00002fb0] [debug] -->[C131] DL_Rom_SetEnableAttr #./api/api.cpp (line:2806)
[0000264] [15:01:47:524796] [Tid0x00002fb0] [debug] <--[C131] DL_Rom_SetEnableAttr
[0000265] [15:01:47:524796] [Tid0x00002fb0] [debug] -->[C132] DL_GetCount #./api/api.cpp (line:2587)
[0000266] [15:01:47:524796] [Tid0x00002fb0] [debug] <--[C132] DL_GetCount
[0000267] [15:01:47:524796] [Tid0x00002fb0] [debug] -->[C133] DL_Rom_GetInfoAll #./api/api.cpp (line:2752)
[0000268] [15:01:47:524796] [Tid0x00002fb0] [debug] <--[C133] DL_Rom_GetInfoAll
[0000269] [15:01:47:524796] [Tid0x00002fb0] [debug] -->[C134] DL_Rom_SetEnableAttr #./api/api.cpp (line:2806)
[0000270] [15:01:47:524796] [Tid0x00002fb0] [debug] <--[C134] DL_Rom_SetEnableAttr
[0000271] [15:01:47:525796] [Tid0x00002fb0] [debug] -->[C135] DL_GetCount #./api/api.cpp (line:2587)
[0000272] [15:01:47:525796] [Tid0x00002fb0] [debug] <--[C135] DL_GetCount
[0000273] [15:01:47:525796] [Tid0x00002fb0] [debug] -->[C136] DL_Rom_GetInfoAll #./api/api.cpp (line:2752)
[0000274] [15:01:47:525796] [Tid0x00002fb0] [debug] <--[C136] DL_Rom_GetInfoAll
[0000275] [15:01:47:525796] [Tid0x00002fb0] [debug] -->[C137] DL_Rom_SetEnableAttr #./api/api.cpp (line:2806)
[0000276] [15:01:47:525796] [Tid0x00002fb0] [debug] <--[C137] DL_Rom_SetEnableAttr
[0000277] [15:01:47:525796] [Tid0x00002fb0] [debug] -->[C138] DL_SetChecksumLevel #./api/api.cpp (line:2516)
[0000278] [15:01:47:525796] [Tid0x00002fb0] [debug] <--[C138] DL_SetChecksumLevel
[0000279] [15:01:57:841796] [Tid0x00001cbc] [debug] -->[C139] DL_LoadScatter #./api/api.cpp (line:2474)
[0000280] [15:01:57:862796] [Tid0x00001cbc] [debug] used lib version: 1
[0000281] [15:01:57:862796] [Tid0x00001cbc] [debug] <--[C139] DL_LoadScatter
[0000282] [15:01:57:863796] [Tid0x00001cbc] [debug] -->[C140] DL_AutoLoadRomImages #./api/api.cpp (line:2667)
[0000283] [15:01:57:900796] [Tid0x00001cbc] [debug] <--[C140] DL_AutoLoadRomImages
[0000284] [15:01:57:911796] [Tid0x00002fb0] [debug] -->[C141] DL_GetCount #./api/api.cpp (line:2587)
[0000285] [15:01:57:911796] [Tid0x00002fb0] [debug] <--[C141] DL_GetCount
[0000286] [15:01:57:911796] [Tid0x00002fb0] [debug] -->[C142] DL_Rom_GetInfoAll #./api/api.cpp (line:2752)
[0000287] [15:01:57:911796] [Tid0x00002fb0] [debug] <--[C142] DL_Rom_GetInfoAll
[0000288] [15:01:57:913796] [Tid0x00002fb0] [debug] -->[C143] DL_GetScatterInfo #./api/api.cpp (line:2688)
[0000289] [15:01:57:913796] [Tid0x00002fb0] [debug] <--[C143] DL_GetScatterInfo
[0000290] [15:01:57:914796] [Tid0x00002fb0] [debug] -->[C144] DL_GetCount #./api/api.cpp (line:2587)
[0000291] [15:01:57:915796] [Tid0x00002fb0] [debug] <--[C144] DL_GetCount
[0000292] [15:01:57:915796] [Tid0x00002fb0] [debug] -->[C145] DL_Rom_GetInfoAll #./api/api.cpp (line:2752)
[0000293] [15:01:57:915796] [Tid0x00002fb0] [debug] <--[C145] DL_Rom_GetInfoAll
[0000294] [15:01:57:916796] [Tid0x00002fb0] [debug] -->[C146] DL_Rom_SetEnableAttr #./api/api.cpp (line:2806)
[0000295] [15:01:57:916796] [Tid0x00002fb0] [debug] <--[C146] DL_Rom_SetEnableAttr
[0000296] [15:01:57:916796] [Tid0x00002fb0] [debug] -->[C147] DL_GetCount #./api/api.cpp (line:2587)
[0000297] [15:01:57:916796] [Tid0x00002fb0] [debug] <--[C147] DL_GetCount
[0000298] [15:01:57:916796] [Tid0x00002fb0] [debug] -->[C148] DL_Rom_GetInfoAll #./api/api.cpp (line:2752)
[0000299] [15:01:57:916796] [Tid0x00002fb0] [debug] <--[C148] DL_Rom_GetInfoAll
[0000300] [15:01:57:917796] [Tid0x00002fb0] [debug] -->[C149] DL_Rom_SetEnableAttr #./api/api.cpp (line:2806)
[0000301] [15:01:57:917796] [Tid0x00002fb0] [debug] <--[C149] DL_Rom_SetEnableAttr
[0000302] [15:01:57:918796] [Tid0x00002fb0] [debug] -->[C150] DL_GetCount #./api/api.cpp (line:2587)
[0000303] [15:01:57:918796] [Tid0x00002fb0] [debug] <--[C150] DL_GetCount
[0000304] [15:01:57:918796] [Tid0x00002fb0] [debug] -->[C151] DL_Rom_GetInfoAll #./api/api.cpp (line:2752)
[0000305] [15:01:57:918796] [Tid0x00002fb0] [debug] <--[C151] DL_Rom_GetInfoAll
[0000306] [15:01:57:919796] [Tid0x00002fb0] [debug] -->[C152] DL_Rom_SetEnableAttr #./api/api.cpp (line:2806)
[0000307] [15:01:57:919796] [Tid0x00002fb0] [debug] <--[C152] DL_Rom_SetEnableAttr
[0000308] [15:01:57:920796] [Tid0x00002fb0] [debug] -->[C153] DL_GetCount #./api/api.cpp (line:2587)
[0000309] [15:01:57:920796] [Tid0x00002fb0] [debug] <--[C153] DL_GetCount
[0000310] [15:01:57:920796] [Tid0x00002fb0] [debug] -->[C154] DL_Rom_GetInfoAll #./api/api.cpp (line:2752)
[0000311] [15:01:57:920796] [Tid0x00002fb0] [debug] <--[C154] DL_Rom_GetInfoAll
[0000312] [15:01:57:921796] [Tid0x00002fb0] [debug] -->[C155] DL_Rom_SetEnableAttr #./api/api.cpp (line:2806)
[0000313] [15:01:57:921796] [Tid0x00002fb0] [debug] <--[C155] DL_Rom_SetEnableAttr
[0000314] [15:01:57:921796] [Tid0x00002fb0] [debug] -->[C156] DL_GetCount #./api/api.cpp (line:2587)
[0000315] [15:01:57:921796] [Tid0x00002fb0] [debug] <--[C156] DL_GetCount
[0000316] [15:01:57:921796] [Tid0x00002fb0] [debug] -->[C157] DL_Rom_GetInfoAll #./api/api.cpp (line:2752)
[0000317] [15:01:57:921796] [Tid0x00002fb0] [debug] <--[C157] DL_Rom_GetInfoAll
[0000318] [15:01:57:923796] [Tid0x00002fb0] [debug] -->[C158] DL_Rom_SetEnableAttr #./api/api.cpp (line:2806)
[0000319] [15:01:57:923796] [Tid0x00002fb0] [debug] <--[C158] DL_Rom_SetEnableAttr
[0000320] [15:01:57:924796] [Tid0x00002fb0] [debug] -->[C159] DL_GetCount #./api/api.cpp (line:2587)
[0000321] [15:01:57:924796] [Tid0x00002fb0] [debug] <--[C159] DL_GetCount
[0000322] [15:01:57:924796] [Tid0x00002fb0] [debug] -->[C160] DL_Rom_GetInfoAll #./api/api.cpp (line:2752)
[0000323] [15:01:57:924796] [Tid0x00002fb0] [debug] <--[C160] DL_Rom_GetInfoAll
[0000324] [15:01:57:925796] [Tid0x00002fb0] [debug] -->[C161] DL_Rom_SetEnableAttr #./api/api.cpp (line:2806)
[0000325] [15:01:57:925796] [Tid0x00002fb0] [debug] <--[C161] DL_Rom_SetEnableAttr
[0000326] [15:01:57:925796] [Tid0x00002fb0] [debug] -->[C162] DL_GetCount #./api/api.cpp (line:2587)
[0000327] [15:01:57:925796] [Tid0x00002fb0] [debug] <--[C162] DL_GetCount
[0000328] [15:01:57:925796] [Tid0x00002fb0] [debug] -->[C163] DL_Rom_GetInfoAll #./api/api.cpp (line:2752)
[0000329] [15:01:57:925796] [Tid0x00002fb0] [debug] <--[C163] DL_Rom_GetInfoAll
[0000330] [15:01:57:926796] [Tid0x00002fb0] [debug] -->[C164] DL_Rom_SetEnableAttr #./api/api.cpp (line:2806)
[0000331] [15:01:57:926796] [Tid0x00002fb0] [debug] <--[C164] DL_Rom_SetEnableAttr
[0000332] [15:01:57:926796] [Tid0x00002fb0] [debug] -->[C165] DL_GetCount #./api/api.cpp (line:2587)
[0000333] [15:01:57:926796] [Tid0x00002fb0] [debug] <--[C165] DL_GetCount
[0000334] [15:01:57:926796] [Tid0x00002fb0] [debug] -->[C166] DL_Rom_GetInfoAll #./api/api.cpp (line:2752)
[0000335] [15:01:57:927796] [Tid0x00002fb0] [debug] <--[C166] DL_Rom_GetInfoAll
[0000336] [15:01:57:927796] [Tid0x00002fb0] [debug] -->[C167] DL_Rom_SetEnableAttr #./api/api.cpp (line:2806)
[0000337] [15:01:57:927796] [Tid0x00002fb0] [debug] <--[C167] DL_Rom_SetEnableAttr
[0000338] [15:01:57:929796] [Tid0x00002fb0] [debug] -->[C168] DL_GetCount #./api/api.cpp (line:2587)
[0000339] [15:01:57:929796] [Tid0x00002fb0] [debug] <--[C168] DL_GetCount
[0000340] [15:01:57:929796] [Tid0x00002fb0] [debug] -->[C169] DL_Rom_GetInfoAll #./api/api.cpp (line:2752)
[0000341] [15:01:57:929796] [Tid0x00002fb0] [debug] <--[C169] DL_Rom_GetInfoAll
[0000342] [15:01:57:930796] [Tid0x00002fb0] [debug] -->[C170] DL_Rom_SetEnableAttr #./api/api.cpp (line:2806)
[0000343] [15:01:57:930796] [Tid0x00002fb0] [debug] <--[C170] DL_Rom_SetEnableAttr
[0000344] [15:01:57:931796] [Tid0x00002fb0] [debug] -->[C171] DL_GetCount #./api/api.cpp (line:2587)
[0000345] [15:01:57:931796] [Tid0x00002fb0] [debug] <--[C171] DL_GetCount
[0000346] [15:01:57:931796] [Tid0x00002fb0] [debug] -->[C172] DL_Rom_GetInfoAll #./api/api.cpp (line:2752)
[0000347] [15:01:57:931796] [Tid0x00002fb0] [debug] <--[C172] DL_Rom_GetInfoAll
[0000348] [15:01:57:932796] [Tid0x00002fb0] [debug] -->[C173] DL_Rom_SetEnableAttr #./api/api.cpp (line:2806)
[0000349] [15:01:57:932796] [Tid0x00002fb0] [debug] <--[C173] DL_Rom_SetEnableAttr
[0000350] [15:01:57:932796] [Tid0x00002fb0] [debug] -->[C174] DL_GetCount #./api/api.cpp (line:2587)
[0000351] [15:01:57:932796] [Tid0x00002fb0] [debug] <--[C174] DL_GetCount
[0000352] [15:01:57:932796] [Tid0x00002fb0] [debug] -->[C175] DL_Rom_GetInfoAll #./api/api.cpp (line:2752)
[0000353] [15:01:57:932796] [Tid0x00002fb0] [debug] <--[C175] DL_Rom_GetInfoAll
[0000354] [15:01:57:933796] [Tid0x00002fb0] [debug] -->[C176] DL_Rom_SetEnableAttr #./api/api.cpp (line:2806)
[0000355] [15:01:57:933796] [Tid0x00002fb0] [debug] <--[C176] DL_Rom_SetEnableAttr
[0000356] [15:01:57:934796] [Tid0x00002fb0] [debug] -->[C177] DL_GetCount #./api/api.cpp (line:2587)
[0000357] [15:01:57:934796] [Tid0x00002fb0] [debug] <--[C177] DL_GetCount
[0000358] [15:01:57:934796] [Tid0x00002fb0] [debug] -->[C178] DL_Rom_GetInfoAll #./api/api.cpp (line:2752)
[0000359] [15:01:57:934796] [Tid0x00002fb0] [debug] <--[C178] DL_Rom_GetInfoAll
[0000360] [15:01:57:935796] [Tid0x00002fb0] [debug] -->[C179] DL_Rom_SetEnableAttr #./api/api.cpp (line:2806)
[0000361] [15:01:57:935796] [Tid0x00002fb0] [debug] <--[C179] DL_Rom_SetEnableAttr
[0000362] [15:01:57:936796] [Tid0x00002fb0] [debug] -->[C180] DL_GetCount #./api/api.cpp (line:2587)
[0000363] [15:01:57:936796] [Tid0x00002fb0] [debug] <--[C180] DL_GetCount
[0000364] [15:01:57:936796] [Tid0x00002fb0] [debug] -->[C181] DL_Rom_GetInfoAll #./api/api.cpp (line:2752)
[0000365] [15:01:57:936796] [Tid0x00002fb0] [debug] <--[C181] DL_Rom_GetInfoAll
[0000366] [15:01:57:937796] [Tid0x00002fb0] [debug] -->[C182] DL_Rom_SetEnableAttr #./api/api.cpp (line:2806)
[0000367] [15:01:57:937796] [Tid0x00002fb0] [debug] <--[C182] DL_Rom_SetEnableAttr
[0000368] [15:01:57:937796] [Tid0x00002fb0] [debug] -->[C183] DL_GetCount #./api/api.cpp (line:2587)
[0000369] [15:01:57:937796] [Tid0x00002fb0] [debug] <--[C183] DL_GetCount
[0000370] [15:01:57:937796] [Tid0x00002fb0] [debug] -->[C184] DL_Rom_GetInfoAll #./api/api.cpp (line:2752)
[0000371] [15:01:57:937796] [Tid0x00002fb0] [debug] <--[C184] DL_Rom_GetInfoAll
[0000372] [15:01:57:938796] [Tid0x00002fb0] [debug] -->[C185] DL_Rom_SetEnableAttr #./api/api.cpp (line:2806)
[0000373] [15:01:57:938796] [Tid0x00002fb0] [debug] <--[C185] DL_Rom_SetEnableAttr
[0000374] [15:01:57:939796] [Tid0x00002fb0] [debug] -->[C186] DL_GetCount #./api/api.cpp (line:2587)
[0000375] [15:01:57:939796] [Tid0x00002fb0] [debug] <--[C186] DL_GetCount
[0000376] [15:01:57:939796] [Tid0x00002fb0] [debug] -->[C187] DL_Rom_GetInfoAll #./api/api.cpp (line:2752)
[0000377] [15:01:57:939796] [Tid0x00002fb0] [debug] <--[C187] DL_Rom_GetInfoAll
[0000378] [15:01:57:940796] [Tid0x00002fb0] [debug] -->[C188] DL_Rom_SetEnableAttr #./api/api.cpp (line:2806)
[0000379] [15:01:57:941796] [Tid0x00002fb0] [debug] <--[C188] DL_Rom_SetEnableAttr
[0000380] [15:01:57:941796] [Tid0x00002fb0] [debug] -->[C189] DL_GetCount #./api/api.cpp (line:2587)
[0000381] [15:01:57:941796] [Tid0x00002fb0] [debug] <--[C189] DL_GetCount
[0000382] [15:01:57:941796] [Tid0x00002fb0] [debug] -->[C190] DL_Rom_GetInfoAll #./api/api.cpp (line:2752)
[0000383] [15:01:57:941796] [Tid0x00002fb0] [debug] <--[C190] DL_Rom_GetInfoAll
[0000384] [15:01:57:943796] [Tid0x00002fb0] [debug] -->[C191] DL_Rom_SetEnableAttr #./api/api.cpp (line:2806)
[0000385] [15:01:57:943796] [Tid0x00002fb0] [debug] <--[C191] DL_Rom_SetEnableAttr
[0000386] [15:01:57:943796] [Tid0x00002fb0] [debug] -->[C192] DL_GetCount #./api/api.cpp (line:2587)
[0000387] [15:01:57:943796] [Tid0x00002fb0] [debug] <--[C192] DL_GetCount
[0000388] [15:01:57:943796] [Tid0x00002fb0] [debug] -->[C193] DL_Rom_GetInfoAll #./api/api.cpp (line:2752)
[0000389] [15:01:57:943796] [Tid0x00002fb0] [debug] <--[C193] DL_Rom_GetInfoAll
[0000390] [15:01:57:944796] [Tid0x00002fb0] [debug] -->[C194] DL_Rom_SetEnableAttr #./api/api.cpp (line:2806)
[0000391] [15:01:57:944796] [Tid0x00002fb0] [debug] <--[C194] DL_Rom_SetEnableAttr
[0000392] [15:01:57:945796] [Tid0x00002fb0] [debug] -->[C195] DL_GetCount #./api/api.cpp (line:2587)
[0000393] [15:01:57:946796] [Tid0x00002fb0] [debug] <--[C195] DL_GetCount
[0000394] [15:01:57:946796] [Tid0x00002fb0] [debug] -->[C196] DL_Rom_GetInfoAll #./api/api.cpp (line:2752)
[0000395] [15:01:57:946796] [Tid0x00002fb0] [debug] <--[C196] DL_Rom_GetInfoAll
[0000396] [15:01:57:946796] [Tid0x00002fb0] [debug] -->[C197] DL_Rom_SetEnableAttr #./api/api.cpp (line:2806)
[0000397] [15:01:57:946796] [Tid0x00002fb0] [debug] <--[C197] DL_Rom_SetEnableAttr
[0000398] [15:01:57:947796] [Tid0x00002fb0] [debug] -->[C198] DL_GetCount #./api/api.cpp (line:2587)
[0000399] [15:01:57:947796] [Tid0x00002fb0] [debug] <--[C198] DL_GetCount
[0000400] [15:01:57:947796] [Tid0x00002fb0] [debug] -->[C199] DL_Rom_GetInfoAll #./api/api.cpp (line:2752)
[0000401] [15:01:57:947796] [Tid0x00002fb0] [debug] <--[C199] DL_Rom_GetInfoAll
[0000402] [15:01:57:948796] [Tid0x00002fb0] [debug] -->[C200] DL_Rom_SetEnableAttr #./api/api.cpp (line:2806)
[0000403] [15:01:57:948796] [Tid0x00002fb0] [debug] <--[C200] DL_Rom_SetEnableAttr
[0000404] [15:01:57:948796] [Tid0x00002fb0] [debug] -->[C201] DL_GetCount #./api/api.cpp (line:2587)
[0000405] [15:01:57:948796] [Tid0x00002fb0] [debug] <--[C201] DL_GetCount
[0000406] [15:01:57:949796] [Tid0x00002fb0] [debug] -->[C202] DL_Rom_GetInfoAll #./api/api.cpp (line:2752)
[0000407] [15:01:57:949796] [Tid0x00002fb0] [debug] <--[C202] DL_Rom_GetInfoAll
[0000408] [15:01:57:950796] [Tid0x00002fb0] [debug] -->[C203] DL_Rom_SetEnableAttr #./api/api.cpp (line:2806)
[0000409] [15:01:57:950796] [Tid0x00002fb0] [debug] <--[C203] DL_Rom_SetEnableAttr
[0000410] [15:01:57:950796] [Tid0x00002fb0] [debug] -->[C204] DL_GetCount #./api/api.cpp (line:2587)
[0000411] [15:01:57:950796] [Tid0x00002fb0] [debug] <--[C204] DL_GetCount
[0000412] [15:01:57:950796] [Tid0x00002fb0] [debug] -->[C205] DL_Rom_GetInfoAll #./api/api.cpp (line:2752)
[0000413] [15:01:57:950796] [Tid0x00002fb0] [debug] <--[C205] DL_Rom_GetInfoAll
[0000414] [15:01:57:951796] [Tid0x00002fb0] [debug] -->[C206] DL_Rom_SetEnableAttr #./api/api.cpp (line:2806)
[0000415] [15:01:57:951796] [Tid0x00002fb0] [debug] <--[C206] DL_Rom_SetEnableAttr
[0000416] [15:01:57:952796] [Tid0x00002fb0] [debug] -->[C207] DL_GetCount #./api/api.cpp (line:2587)
[0000417] [15:01:57:952796] [Tid0x00002fb0] [debug] <--[C207] DL_GetCount
[0000418] [15:01:57:952796] [Tid0x00002fb0] [debug] -->[C208] DL_Rom_GetInfoAll #./api/api.cpp (line:2752)
[0000419] [15:01:57:952796] [Tid0x00002fb0] [debug] <--[C208] DL_Rom_GetInfoAll
[0000420] [15:01:57:953796] [Tid0x00002fb0] [debug] -->[C209] DL_Rom_SetEnableAttr #./api/api.cpp (line:2806)
[0000421] [15:01:57:953796] [Tid0x00002fb0] [debug] <--[C209] DL_Rom_SetEnableAttr
[0000422] [15:01:57:953796] [Tid0x00002fb0] [debug] -->[C210] DL_GetCount #./api/api.cpp (line:2587)
[0000423] [15:01:57:953796] [Tid0x00002fb0] [debug] <--[C210] DL_GetCount
[0000424] [15:01:57:953796] [Tid0x00002fb0] [debug] -->[C211] DL_Rom_GetInfoAll #./api/api.cpp (line:2752)
[0000425] [15:01:57:953796] [Tid0x00002fb0] [debug] <--[C211] DL_Rom_GetInfoAll
[0000426] [15:01:57:954796] [Tid0x00002fb0] [debug] -->[C212] DL_Rom_SetEnableAttr #./api/api.cpp (line:2806)
[0000427] [15:01:57:954796] [Tid0x00002fb0] [debug] <--[C212] DL_Rom_SetEnableAttr
[0000428] [15:01:57:955796] [Tid0x00002fb0] [debug] -->[C213] DL_GetCount #./api/api.cpp (line:2587)
[0000429] [15:01:57:955796] [Tid0x00002fb0] [debug] <--[C213] DL_GetCount
[0000430] [15:01:57:955796] [Tid0x00002fb0] [debug] -->[C214] DL_Rom_GetInfoAll #./api/api.cpp (line:2752)
[0000431] [15:01:57:955796] [Tid0x00002fb0] [debug] <--[C214] DL_Rom_GetInfoAll
[0000432] [15:01:57:956796] [Tid0x00002fb0] [debug] -->[C215] DL_Rom_SetEnableAttr #./api/api.cpp (line:2806)
[0000433] [15:01:57:956796] [Tid0x00002fb0] [debug] <--[C215] DL_Rom_SetEnableAttr
[0000434] [15:01:57:956796] [Tid0x00002fb0] [debug] -->[C216] DL_GetCount #./api/api.cpp (line:2587)
[0000435] [15:01:57:957796] [Tid0x00002fb0] [debug] <--[C216] DL_GetCount
[0000436] [15:01:57:957796] [Tid0x00002fb0] [debug] -->[C217] DL_Rom_GetInfoAll #./api/api.cpp (line:2752)
[0000437] [15:01:57:957796] [Tid0x00002fb0] [debug] <--[C217] DL_Rom_GetInfoAll
[0000438] [15:01:57:957796] [Tid0x00002fb0] [debug] -->[C218] DL_Rom_SetEnableAttr #./api/api.cpp (line:2806)
[0000439] [15:01:57:957796] [Tid0x00002fb0] [debug] <--[C218] DL_Rom_SetEnableAttr
[0000440] [15:01:57:957796] [Tid0x00002fb0] [debug] -->[C219] DL_GetCount #./api/api.cpp (line:2587)
[0000441] [15:01:57:958796] [Tid0x00002fb0] [debug] <--[C219] DL_GetCount
[0000442] [15:01:57:958796] [Tid0x00002fb0] [debug] -->[C220] DL_Rom_GetInfoAll #./api/api.cpp (line:2752)
[0000443] [15:01:57:958796] [Tid0x00002fb0] [debug] <--[C220] DL_Rom_GetInfoAll
[0000444] [15:01:57:959796] [Tid0x00002fb0] [debug] -->[C221] DL_Rom_SetEnableAttr #./api/api.cpp (line:2806)
[0000445] [15:01:57:959796] [Tid0x00002fb0] [debug] <--[C221] DL_Rom_SetEnableAttr
[0000446] [15:01:57:961796] [Tid0x00002fb0] [debug] -->[C222] DL_GetCount #./api/api.cpp (line:2587)
[0000447] [15:01:57:961796] [Tid0x00002fb0] [debug] <--[C222] DL_GetCount
[0000448] [15:01:57:961796] [Tid0x00002fb0] [debug] -->[C223] DL_Rom_GetInfoAll #./api/api.cpp (line:2752)
[0000449] [15:01:57:961796] [Tid0x00002fb0] [debug] <--[C223] DL_Rom_GetInfoAll
[0000450] [15:01:57:962796] [Tid0x00002fb0] [debug] -->[C224] DL_Rom_SetEnableAttr #./api/api.cpp (line:2806)
[0000451] [15:01:57:962796] [Tid0x00002fb0] [debug] <--[C224] DL_Rom_SetEnableAttr
[0000452] [15:01:57:963796] [Tid0x00002fb0] [debug] -->[C225] DL_GetCount #./api/api.cpp (line:2587)
[0000453] [15:01:57:963796] [Tid0x00002fb0] [debug] <--[C225] DL_GetCount
[0000454] [15:01:57:963796] [Tid0x00002fb0] [debug] -->[C226] DL_Rom_GetInfoAll #./api/api.cpp (line:2752)
[0000455] [15:01:57:963796] [Tid0x00002fb0] [debug] <--[C226] DL_Rom_GetInfoAll
[0000456] [15:01:57:964796] [Tid0x00002fb0] [debug] -->[C227] DL_Rom_SetEnableAttr #./api/api.cpp (line:2806)
[0000457] [15:01:57:964796] [Tid0x00002fb0] [debug] <--[C227] DL_Rom_SetEnableAttr
[0000458] [15:01:57:964796] [Tid0x00002fb0] [debug] -->[C228] DL_GetCount #./api/api.cpp (line:2587)
[0000459] [15:01:57:964796] [Tid0x00002fb0] [debug] <--[C228] DL_GetCount
[0000460] [15:01:57:964796] [Tid0x00002fb0] [debug] -->[C229] DL_Rom_GetInfoAll #./api/api.cpp (line:2752)
[0000461] [15:01:57:964796] [Tid0x00002fb0] [debug] <--[C229] DL_Rom_GetInfoAll
[0000462] [15:01:57:965796] [Tid0x00002fb0] [debug] -->[C230] DL_Rom_SetEnableAttr #./api/api.cpp (line:2806)
[0000463] [15:01:57:965796] [Tid0x00002fb0] [debug] <--[C230] DL_Rom_SetEnableAttr
[0000464] [15:01:57:965796] [Tid0x00002fb0] [debug] -->[C231] DL_GetCount #./api/api.cpp (line:2587)
[0000465] [15:01:57:966796] [Tid0x00002fb0] [debug] <--[C231] DL_GetCount
[0000466] [15:01:57:966796] [Tid0x00002fb0] [debug] -->[C232] DL_Rom_GetInfoAll #./api/api.cpp (line:2752)
[0000467] [15:01:57:966796] [Tid0x00002fb0] [debug] <--[C232] DL_Rom_GetInfoAll
[0000468] [15:01:57:966796] [Tid0x00002fb0] [debug] -->[C233] DL_Rom_SetEnableAttr #./api/api.cpp (line:2806)
[0000469] [15:01:57:966796] [Tid0x00002fb0] [debug] <--[C233] DL_Rom_SetEnableAttr
[0000470] [15:01:57:967796] [Tid0x00002fb0] [debug] -->[C234] DL_GetCount #./api/api.cpp (line:2587)
[0000471] [15:01:57:967796] [Tid0x00002fb0] [debug] <--[C234] DL_GetCount
[0000472] [15:01:57:967796] [Tid0x00002fb0] [debug] -->[C235] DL_Rom_GetInfoAll #./api/api.cpp (line:2752)
[0000473] [15:01:57:967796] [Tid0x00002fb0] [debug] <--[C235] DL_Rom_GetInfoAll
[0000474] [15:01:57:968796] [Tid0x00002fb0] [debug] -->[C236] DL_Rom_SetEnableAttr #./api/api.cpp (line:2806)
[0000475] [15:01:57:968796] [Tid0x00002fb0] [debug] <--[C236] DL_Rom_SetEnableAttr
[0000476] [15:01:57:968796] [Tid0x00002fb0] [debug] -->[C237] DL_GetCount #./api/api.cpp (line:2587)
[0000477] [15:01:57:968796] [Tid0x00002fb0] [debug] <--[C237] DL_GetCount
[0000478] [15:01:57:968796] [Tid0x00002fb0] [debug] -->[C238] DL_Rom_GetInfoAll #./api/api.cpp (line:2752)
[0000479] [15:01:57:969796] [Tid0x00002fb0] [debug] <--[C238] DL_Rom_GetInfoAll
[0000480] [15:01:57:969796] [Tid0x00002fb0] [debug] -->[C239] DL_Rom_SetEnableAttr #./api/api.cpp (line:2806)
[0000481] [15:01:57:969796] [Tid0x00002fb0] [debug] <--[C239] DL_Rom_SetEnableAttr
[0000482] [15:01:57:970796] [Tid0x00002fb0] [debug] -->[C240] DL_GetCount #./api/api.cpp (line:2587)
[0000483] [15:01:57:970796] [Tid0x00002fb0] [debug] <--[C240] DL_GetCount
[0000484] [15:01:57:970796] [Tid0x00002fb0] [debug] -->[C241] DL_Rom_GetInfoAll #./api/api.cpp (line:2752)
[0000485] [15:01:57:970796] [Tid0x00002fb0] [debug] <--[C241] DL_Rom_GetInfoAll
[0000486] [15:01:57:971796] [Tid0x00002fb0] [debug] -->[C242] DL_Rom_SetEnableAttr #./api/api.cpp (line:2806)
[0000487] [15:01:57:971796] [Tid0x00002fb0] [debug] <--[C242] DL_Rom_SetEnableAttr
[0000488] [15:01:57:972796] [Tid0x00002fb0] [debug] -->[C243] DL_GetCount #./api/api.cpp (line:2587)
[0000489] [15:01:57:972796] [Tid0x00002fb0] [debug] <--[C243] DL_GetCount
[0000490] [15:01:57:972796] [Tid0x00002fb0] [debug] -->[C244] DL_Rom_GetInfoAll #./api/api.cpp (line:2752)
[0000491] [15:01:57:972796] [Tid0x00002fb0] [debug] <--[C244] DL_Rom_GetInfoAll
[0000492] [15:01:57:973796] [Tid0x00002fb0] [debug] -->[C245] DL_Rom_SetEnableAttr #./api/api.cpp (line:2806)
[0000493] [15:01:57:973796] [Tid0x00002fb0] [debug] <--[C245] DL_Rom_SetEnableAttr
[0000494] [15:01:57:973796] [Tid0x00002fb0] [debug] -->[C246] DL_GetCount #./api/api.cpp (line:2587)
[0000495] [15:01:57:973796] [Tid0x00002fb0] [debug] <--[C246] DL_GetCount
[0000496] [15:01:57:973796] [Tid0x00002fb0] [debug] -->[C247] DL_Rom_GetInfoAll #./api/api.cpp (line:2752)
[0000497] [15:01:57:973796] [Tid0x00002fb0] [debug] <--[C247] DL_Rom_GetInfoAll
[0000498] [15:01:57:974796] [Tid0x00002fb0] [debug] -->[C248] DL_Rom_SetEnableAttr #./api/api.cpp (line:2806)
[0000499] [15:01:57:974796] [Tid0x00002fb0] [debug] <--[C248] DL_Rom_SetEnableAttr
[0000500] [15:01:57:975796] [Tid0x00002fb0] [debug] -->[C249] DL_GetCount #./api/api.cpp (line:2587)
[0000501] [15:01:57:975796] [Tid0x00002fb0] [debug] <--[C249] DL_GetCount
[0000502] [15:01:57:975796] [Tid0x00002fb0] [debug] -->[C250] DL_Rom_GetInfoAll #./api/api.cpp (line:2752)
[0000503] [15:01:57:975796] [Tid0x00002fb0] [debug] <--[C250] DL_Rom_GetInfoAll
[0000504] [15:01:57:976796] [Tid0x00002fb0] [debug] -->[C251] DL_Rom_SetEnableAttr #./api/api.cpp (line:2806)
[0000505] [15:01:57:976796] [Tid0x00002fb0] [debug] <--[C251] DL_Rom_SetEnableAttr
[0000506] [15:01:57:977796] [Tid0x00002fb0] [debug] -->[C252] DL_SetChecksumLevel #./api/api.cpp (line:2516)
[0000507] [15:01:57:977796] [Tid0x00002fb0] [debug] <--[C252] DL_SetChecksumLevel
[0000508] [15:05:31:855796] [Tid0x000025fc] [debug] -->[C253] DL_LoadScatter #./api/api.cpp (line:2474)
[0000509] [15:05:31:880796] [Tid0x000025fc] [debug] used lib version: 1
[0000510] [15:05:31:880796] [Tid0x000025fc] [debug] <--[C253] DL_LoadScatter
[0000511] [15:05:31:880796] [Tid0x000025fc] [debug] -->[C254] DL_AutoLoadRomImages #./api/api.cpp (line:2667)
[0000512] [15:05:31:920796] [Tid0x000025fc] [debug] <--[C254] DL_AutoLoadRomImages
[0000513] [15:05:31:930796] [Tid0x00002fb0] [debug] -->[C255] DL_GetCount #./api/api.cpp (line:2587)
[0000514] [15:05:31:931796] [Tid0x00002fb0] [debug] <--[C255] DL_GetCount
[0000515] [15:05:31:931796] [Tid0x00002fb0] [debug] -->[C256] DL_Rom_GetInfoAll #./api/api.cpp (line:2752)
[0000516] [15:05:31:931796] [Tid0x00002fb0] [debug] <--[C256] DL_Rom_GetInfoAll
[0000517] [15:05:31:932796] [Tid0x00002fb0] [debug] -->[C257] DL_GetScatterInfo #./api/api.cpp (line:2688)
[0000518] [15:05:31:932796] [Tid0x00002fb0] [debug] <--[C257] DL_GetScatterInfo
[0000519] [15:05:31:935796] [Tid0x00002fb0] [debug] -->[C258] DL_GetCount #./api/api.cpp (line:2587)
[0000520] [15:05:31:935796] [Tid0x00002fb0] [debug] <--[C258] DL_GetCount
[0000521] [15:05:31:935796] [Tid0x00002fb0] [debug] -->[C259] DL_Rom_GetInfoAll #./api/api.cpp (line:2752)
[0000522] [15:05:31:935796] [Tid0x00002fb0] [debug] <--[C259] DL_Rom_GetInfoAll
[0000523] [15:05:31:936796] [Tid0x00002fb0] [debug] -->[C260] DL_Rom_SetEnableAttr #./api/api.cpp (line:2806)
[0000524] [15:05:31:936796] [Tid0x00002fb0] [debug] <--[C260] DL_Rom_SetEnableAttr
[0000525] [15:05:31:936796] [Tid0x00002fb0] [debug] -->[C261] DL_GetCount #./api/api.cpp (line:2587)
[0000526] [15:05:31:936796] [Tid0x00002fb0] [debug] <--[C261] DL_GetCount
[0000527] [15:05:31:936796] [Tid0x00002fb0] [debug] -->[C262] DL_Rom_GetInfoAll #./api/api.cpp (line:2752)
[0000528] [15:05:31:936796] [Tid0x00002fb0] [debug] <--[C262] DL_Rom_GetInfoAll
[0000529] [15:05:31:937796] [Tid0x00002fb0] [debug] -->[C263] DL_Rom_SetEnableAttr #./api/api.cpp (line:2806)
[0000530] [15:05:31:937796] [Tid0x00002fb0] [debug] <--[C263] DL_Rom_SetEnableAttr
[0000531] [15:05:31:939796] [Tid0x00002fb0] [debug] -->[C264] DL_GetCount #./api/api.cpp (line:2587)
[0000532] [15:05:31:939796] [Tid0x00002fb0] [debug] <--[C264] DL_GetCount
[0000533] [15:05:31:939796] [Tid0x00002fb0] [debug] -->[C265] DL_Rom_GetInfoAll #./api/api.cpp (line:2752)
[0000534] [15:05:31:939796] [Tid0x00002fb0] [debug] <--[C265] DL_Rom_GetInfoAll
[0000535] [15:05:31:940796] [Tid0x00002fb0] [debug] -->[C266] DL_Rom_SetEnableAttr #./api/api.cpp (line:2806)
[0000536] [15:05:31:940796] [Tid0x00002fb0] [debug] <--[C266] DL_Rom_SetEnableAttr
[0000537] [15:05:31:942796] [Tid0x00002fb0] [debug] -->[C267] DL_GetCount #./api/api.cpp (line:2587)
[0000538] [15:05:31:942796] [Tid0x00002fb0] [debug] <--[C267] DL_GetCount
[0000539] [15:05:31:942796] [Tid0x00002fb0] [debug] -->[C268] DL_Rom_GetInfoAll #./api/api.cpp (line:2752)
[0000540] [15:05:31:942796] [Tid0x00002fb0] [debug] <--[C268] DL_Rom_GetInfoAll
[0000541] [15:05:31:943796] [Tid0x00002fb0] [debug] -->[C269] DL_Rom_SetEnableAttr #./api/api.cpp (line:2806)
[0000542] [15:05:31:943796] [Tid0x00002fb0] [debug] <--[C269] DL_Rom_SetEnableAttr
[0000543] [15:05:31:944796] [Tid0x00002fb0] [debug] -->[C270] DL_GetCount #./api/api.cpp (line:2587)
[0000544] [15:05:31:944796] [Tid0x00002fb0] [debug] <--[C270] DL_GetCount
[0000545] [15:05:31:944796] [Tid0x00002fb0] [debug] -->[C271] DL_Rom_GetInfoAll #./api/api.cpp (line:2752)
[0000546] [15:05:31:944796] [Tid0x00002fb0] [debug] <--[C271] DL_Rom_GetInfoAll
[0000547] [15:05:31:945796] [Tid0x00002fb0] [debug] -->[C272] DL_Rom_SetEnableAttr #./api/api.cpp (line:2806)
[0000548] [15:05:31:945796] [Tid0x00002fb0] [debug] <--[C272] DL_Rom_SetEnableAttr
[0000549] [15:05:31:946796] [Tid0x00002fb0] [debug] -->[C273] DL_GetCount #./api/api.cpp (line:2587)
[0000550] [15:05:31:947796] [Tid0x00002fb0] [debug] <--[C273] DL_GetCount
[0000551] [15:05:31:947796] [Tid0x00002fb0] [debug] -->[C274] DL_Rom_GetInfoAll #./api/api.cpp (line:2752)
[0000552] [15:05:31:947796] [Tid0x00002fb0] [debug] <--[C274] DL_Rom_GetInfoAll
[0000553] [15:05:31:948796] [Tid0x00002fb0] [debug] -->[C275] DL_Rom_SetEnableAttr #./api/api.cpp (line:2806)
[0000554] [15:05:31:948796] [Tid0x00002fb0] [debug] <--[C275] DL_Rom_SetEnableAttr
[0000555] [15:05:31:949796] [Tid0x00002fb0] [debug] -->[C276] DL_GetCount #./api/api.cpp (line:2587)
[0000556] [15:05:31:949796] [Tid0x00002fb0] [debug] <--[C276] DL_GetCount
[0000557] [15:05:31:949796] [Tid0x00002fb0] [debug] -->[C277] DL_Rom_GetInfoAll #./api/api.cpp (line:2752)
[0000558] [15:05:31:949796] [Tid0x00002fb0] [debug] <--[C277] DL_Rom_GetInfoAll
[0000559] [15:05:31:950796] [Tid0x00002fb0] [debug] -->[C278] DL_Rom_SetEnableAttr #./api/api.cpp (line:2806)
[0000560] [15:05:31:950796] [Tid0x00002fb0] [debug] <--[C278] DL_Rom_SetEnableAttr
[0000561] [15:05:31:951796] [Tid0x00002fb0] [debug] -->[C279] DL_GetCount #./api/api.cpp (line:2587)
[0000562] [15:05:31:951796] [Tid0x00002fb0] [debug] <--[C279] DL_GetCount
[0000563] [15:05:31:951796] [Tid0x00002fb0] [debug] -->[C280] DL_Rom_GetInfoAll #./api/api.cpp (line:2752)
[0000564] [15:05:31:951796] [Tid0x00002fb0] [debug] <--[C280] DL_Rom_GetInfoAll
[0000565] [15:05:31:952796] [Tid0x00002fb0] [debug] -->[C281] DL_Rom_SetEnableAttr #./api/api.cpp (line:2806)
[0000566] [15:05:31:952796] [Tid0x00002fb0] [debug] <--[C281] DL_Rom_SetEnableAttr
[0000567] [15:05:31:953796] [Tid0x00002fb0] [debug] -->[C282] DL_GetCount #./api/api.cpp (line:2587)
[0000568] [15:05:31:954796] [Tid0x00002fb0] [debug] <--[C282] DL_GetCount
[0000569] [15:05:31:954796] [Tid0x00002fb0] [debug] -->[C283] DL_Rom_GetInfoAll #./api/api.cpp (line:2752)
[0000570] [15:05:31:954796] [Tid0x00002fb0] [debug] <--[C283] DL_Rom_GetInfoAll
[0000571] [15:05:31:954796] [Tid0x00002fb0] [debug] -->[C284] DL_Rom_SetEnableAttr #./api/api.cpp (line:2806)
[0000572] [15:05:31:954796] [Tid0x00002fb0] [debug] <--[C284] DL_Rom_SetEnableAttr
[0000573] [15:05:31:956796] [Tid0x00002fb0] [debug] -->[C285] DL_GetCount #./api/api.cpp (line:2587)
[0000574] [15:05:31:956796] [Tid0x00002fb0] [debug] <--[C285] DL_GetCount
[0000575] [15:05:31:957796] [Tid0x00002fb0] [debug] -->[C286] DL_Rom_GetInfoAll #./api/api.cpp (line:2752)
[0000576] [15:05:31:957796] [Tid0x00002fb0] [debug] <--[C286] DL_Rom_GetInfoAll
[0000577] [15:05:31:958796] [Tid0x00002fb0] [debug] -->[C287] DL_Rom_SetEnableAttr #./api/api.cpp (line:2806)
[0000578] [15:05:31:958796] [Tid0x00002fb0] [debug] <--[C287] DL_Rom_SetEnableAttr
[0000579] [15:05:31:959796] [Tid0x00002fb0] [debug] -->[C288] DL_GetCount #./api/api.cpp (line:2587)
[0000580] [15:05:31:959796] [Tid0x00002fb0] [debug] <--[C288] DL_GetCount
[0000581] [15:05:31:959796] [Tid0x00002fb0] [debug] -->[C289] DL_Rom_GetInfoAll #./api/api.cpp (line:2752)
[0000582] [15:05:31:959796] [Tid0x00002fb0] [debug] <--[C289] DL_Rom_GetInfoAll
[0000583] [15:05:31:960796] [Tid0x00002fb0] [debug] -->[C290] DL_Rom_SetEnableAttr #./api/api.cpp (line:2806)
[0000584] [15:05:31:960796] [Tid0x00002fb0] [debug] <--[C290] DL_Rom_SetEnableAttr
[0000585] [15:05:31:961796] [Tid0x00002fb0] [debug] -->[C291] DL_GetCount #./api/api.cpp (line:2587)
[0000586] [15:05:31:961796] [Tid0x00002fb0] [debug] <--[C291] DL_GetCount
[0000587] [15:05:31:961796] [Tid0x00002fb0] [debug] -->[C292] DL_Rom_GetInfoAll #./api/api.cpp (line:2752)
[0000588] [15:05:31:961796] [Tid0x00002fb0] [debug] <--[C292] DL_Rom_GetInfoAll
[0000589] [15:05:31:962796] [Tid0x00002fb0] [debug] -->[C293] DL_Rom_SetEnableAttr #./api/api.cpp (line:2806)
[0000590] [15:05:31:962796] [Tid0x00002fb0] [debug] <--[C293] DL_Rom_SetEnableAttr
[0000591] [15:05:31:963796] [Tid0x00002fb0] [debug] -->[C294] DL_SetChecksumLevel #./api/api.cpp (line:2516)
[0000592] [15:05:31:963796] [Tid0x00002fb0] [debug] <--[C294] DL_SetChecksumLevel
[0000593] [15:05:33:997796] [Tid0x00002fb0] [debug] -->[C295] DL_GetCount #./api/api.cpp (line:2587)
[0000594] [15:05:33:997796] [Tid0x00002fb0] [debug] <--[C295] DL_GetCount
[0000595] [15:05:33:997796] [Tid0x00002fb0] [debug] -->[C296] DL_Rom_GetInfoAll #./api/api.cpp (line:2752)
[0000596] [15:05:33:997796] [Tid0x00002fb0] [debug] <--[C296] DL_Rom_GetInfoAll
[0000597] [15:05:33:998796] [Tid0x00002fb0] [debug] -->[C297] DL_GetCount #./api/api.cpp (line:2587)
[0000598] [15:05:33:998796] [Tid0x00002fb0] [debug] <--[C297] DL_GetCount
[0000599] [15:05:33:998796] [Tid0x00002fb0] [debug] -->[C298] DL_Rom_GetInfoAll #./api/api.cpp (line:2752)
[0000600] [15:05:33:998796] [Tid0x00002fb0] [debug] <--[C298] DL_Rom_GetInfoAll
[0000601] [15:05:39:642796] [Tid0x0000068c] [debug] -->[C299] FlashTool_Connect_BROM_ByName #./api/api.cpp (line:1975)
[0000602] [15:05:39:642796] [Tid0x0000068c] [debug] -->[C300] FlashTool_Connect_BROM_Ex #./api/api.cpp (line:1880)
[0000603] [15:05:39:642796] [Tid0x0000068c] [debug] bCheckScatter: 1
[0000604] [15:05:39:642796] [Tid0x0000068c] [debug] have load scatter already
[0000605] [15:05:39:642796] [Tid0x0000068c] [debug] libversion 1
[0000606] [15:05:40:228796] [Tid0x0000068c] [debug] <--[C300] FlashTool_Connect_BROM_Ex
[0000607] [15:05:40:228796] [Tid0x0000068c] [debug] <--[C299] FlashTool_Connect_BROM_ByName
[0000608] [15:05:40:228796] [Tid0x0000068c] [debug] -->[C301] FlashTool_GetBootResult #./api/api.cpp (line:1987)
[0000609] [15:05:40:228796] [Tid0x0000068c] [debug] <--[C301] FlashTool_GetBootResult
[0000610] [15:05:40:228796] [Tid0x0000068c] [debug] -->[C302] FlashTool_Connect_Download_DA #./api/api.cpp (line:2007)
[0000611] [15:05:40:228796] [Tid0x0000068c] [debug] bCheckScatter: 1
[0000612] [15:05:42:294796] [Tid0x0000068c] [debug] <--[C302] FlashTool_Connect_Download_DA
[0000613] [15:05:42:294796] [Tid0x0000068c] [debug] -->[C303] FlashTool_CheckUSBStatus #./api/api.cpp (line:1154)
[0000614] [15:05:42:295796] [Tid0x0000068c] [debug] <--[C303] FlashTool_CheckUSBStatus
[0000615] [15:05:42:295796] [Tid0x0000068c] [debug] -->[C304] FlashTool_CheckUSBStatus #./api/api.cpp (line:1154)
[0000616] [15:05:42:296796] [Tid0x0000068c] [debug] <--[C304] FlashTool_CheckUSBStatus
[0000617] [15:05:42:296796] [Tid0x0000068c] [debug] -->[C305] FlashTool_GetReservedRomSize #./api/api.cpp (line:1677)
[0000618] [15:05:42:296796] [Tid0x0000068c] [debug] <--[C305] FlashTool_GetReservedRomSize
[0000619] [15:05:42:296796] [Tid0x0000068c] [debug] -->[C306] FlashTool_RomGetCount #./api/api.cpp (line:1702)
[0000620] [15:05:42:297796] [Tid0x0000068c] [debug] <--[C306] FlashTool_RomGetCount
[0000621] [15:05:42:297796] [Tid0x0000068c] [debug] -->[C307] FlashTool_RomGetInfoAll #./api/api.cpp (line:1726)
[0000622] [15:05:42:297796] [Tid0x0000068c] [debug] <--[C307] FlashTool_RomGetInfoAll
[0000623] [15:05:42:297796] [Tid0x0000068c] [debug] -->[C308] FlashTool_ReadPartitionCount #./api/api.cpp (line:1633)
[0000624] [15:05:42:332796] [Tid0x0000068c] [debug] <--[C308] FlashTool_ReadPartitionCount
[0000625] [15:05:42:332796] [Tid0x0000068c] [debug] -->[C309] FlashTool_ReadPartitionInfo #./api/api.cpp (line:1654)
[0000626] [15:05:42:332796] [Tid0x0000068c] [debug] <--[C309] FlashTool_ReadPartitionInfo
[0000627] [15:05:42:332796] [Tid0x0000068c] [debug] -->[C310] FlashTool_Download #./api/api.cpp (line:1300)
[0000628] [15:12:30:190796] [Tid0x0000068c] [debug] <--[C310] FlashTool_Download
[0000629] [15:12:30:190796] [Tid0x0000068c] [debug] -->[C311] DL_GetCount #./api/api.cpp (line:2587)
[0000630] [15:12:30:190796] [Tid0x0000068c] [debug] <--[C311] DL_GetCount
[0000631] [15:12:30:190796] [Tid0x0000068c] [debug] -->[C312] DL_Rom_GetInfoAll #./api/api.cpp (line:2752)
[0000632] [15:12:30:191796] [Tid0x0000068c] [debug] <--[C312] DL_Rom_GetInfoAll
[0000633] [15:12:30:220796] [Tid0x0000068c] [debug] -->[C313] FlashTool_Disconnect #./api/api.cpp (line:1033)
[0000634] [15:12:30:241796] [Tid0x0000068c] [debug] <--[C313] FlashTool_Disconnect
[0000635] [15:34:42:941796] [Tid0x00002fb0] [debug] -->[C314] DL_GetCount #./api/api.cpp (line:2587)
[0000636] [15:34:42:941796] [Tid0x00002fb0] [debug] <--[C314] DL_GetCount
[0000637] [15:34:42:941796] [Tid0x00002fb0] [debug] -->[C315] DL_Rom_GetInfoAll #./api/api.cpp (line:2752)
[0000638] [15:34:42:941796] [Tid0x00002fb0] [debug] <--[C315] DL_Rom_GetInfoAll
[0000639] [15:34:42:942796] [Tid0x00002fb0] [debug] -->[C316] DL_GetCount #./api/api.cpp (line:2587)
[0000640] [15:34:42:942796] [Tid0x00002fb0] [debug] <--[C316] DL_GetCount
[0000641] [15:34:42:942796] [Tid0x00002fb0] [debug] -->[C317] DL_Rom_GetInfoAll #./api/api.cpp (line:2752)
[0000642] [15:34:42:942796] [Tid0x00002fb0] [debug] <--[C317] DL_Rom_GetInfoAll
[0000643] [15:34:48:538796] [Tid0x00002ab4] [debug] -->[C318] FlashTool_Connect_BROM_ByName #./api/api.cpp (line:1975)
[0000644] [15:34:48:538796] [Tid0x00002ab4] [debug] -->[C319] FlashTool_Connect_BROM_Ex #./api/api.cpp (line:1880)
[0000645] [15:34:48:538796] [Tid0x00002ab4] [debug] bCheckScatter: 1
[0000646] [15:34:48:538796] [Tid0x00002ab4] [debug] have load scatter already
[0000647] [15:34:48:538796] [Tid0x00002ab4] [debug] libversion 1
[0000648] [15:34:49:135796] [Tid0x00002ab4] [debug] <--[C319] FlashTool_Connect_BROM_Ex
[0000649] [15:34:49:135796] [Tid0x00002ab4] [debug] <--[C318] FlashTool_Connect_BROM_ByName
[0000650] [15:34:49:135796] [Tid0x00002ab4] [debug] -->[C320] FlashTool_GetBootResult #./api/api.cpp (line:1987)
[0000651] [15:34:49:135796] [Tid0x00002ab4] [debug] <--[C320] FlashTool_GetBootResult
[0000652] [15:34:49:135796] [Tid0x00002ab4] [debug] -->[C321] FlashTool_Connect_Download_DA #./api/api.cpp (line:2007)
[0000653] [15:34:49:135796] [Tid0x00002ab4] [debug] bCheckScatter: 1
[0000654] [15:34:51:201796] [Tid0x00002ab4] [debug] <--[C321] FlashTool_Connect_Download_DA
[0000655] [15:34:51:201796] [Tid0x00002ab4] [debug] -->[C322] FlashTool_CheckUSBStatus #./api/api.cpp (line:1154)
[0000656] [15:34:51:202796] [Tid0x00002ab4] [debug] <--[C322] FlashTool_CheckUSBStatus
[0000657] [15:34:51:202796] [Tid0x00002ab4] [debug] -->[C323] FlashTool_CheckUSBStatus #./api/api.cpp (line:1154)
[0000658] [15:34:51:203796] [Tid0x00002ab4] [debug] <--[C323] FlashTool_CheckUSBStatus
[0000659] [15:34:51:203796] [Tid0x00002ab4] [debug] -->[C324] FlashTool_GetReservedRomSize #./api/api.cpp (line:1677)
[0000660] [15:34:51:203796] [Tid0x00002ab4] [debug] <--[C324] FlashTool_GetReservedRomSize
[0000661] [15:34:51:203796] [Tid0x00002ab4] [debug] -->[C325] FlashTool_RomGetCount #./api/api.cpp (line:1702)
[0000662] [15:34:51:203796] [Tid0x00002ab4] [debug] <--[C325] FlashTool_RomGetCount
[0000663] [15:34:51:203796] [Tid0x00002ab4] [debug] -->[C326] FlashTool_RomGetInfoAll #./api/api.cpp (line:1726)
[0000664] [15:34:51:204796] [Tid0x00002ab4] [debug] <--[C326] FlashTool_RomGetInfoAll
[0000665] [15:34:51:204796] [Tid0x00002ab4] [debug] -->[C327] FlashTool_ReadPartitionCount #./api/api.cpp (line:1633)
[0000666] [15:34:51:238796] [Tid0x00002ab4] [debug] <--[C327] FlashTool_ReadPartitionCount
[0000667] [15:34:51:238796] [Tid0x00002ab4] [debug] -->[C328] FlashTool_ReadPartitionInfo #./api/api.cpp (line:1654)
[0000668] [15:34:51:238796] [Tid0x00002ab4] [debug] <--[C328] FlashTool_ReadPartitionInfo
[0000669] [15:34:51:238796] [Tid0x00002ab4] [debug] -->[C329] FlashTool_Download #./api/api.cpp (line:1300)
[0000670] [15:41:40:311796] [Tid0x00002ab4] [debug] <--[C329] FlashTool_Download
[0000671] [15:41:40:311796] [Tid0x00002ab4] [debug] -->[C330] DL_GetCount #./api/api.cpp (line:2587)
[0000672] [15:41:40:311796] [Tid0x00002ab4] [debug] <--[C330] DL_GetCount
[0000673] [15:41:40:311796] [Tid0x00002ab4] [debug] -->[C331] DL_Rom_GetInfoAll #./api/api.cpp (line:2752)
[0000674] [15:41:40:311796] [Tid0x00002ab4] [debug] <--[C331] DL_Rom_GetInfoAll
[0000675] [15:41:40:311796] [Tid0x00002ab4] [debug] -->[C332] FlashTool_Disconnect #./api/api.cpp (line:1033)
[0000676] [15:41:40:332796] [Tid0x00002ab4] [debug] <--[C332] FlashTool_Disconnect
[0000677] [17:44:15:229796] [Tid0x00002fb0] [debug] -->[C333] DL_GetCount #./api/api.cpp (line:2587)
[0000678] [17:44:15:595796] [Tid0x00002fb0] [debug] <--[C333] DL_GetCount
[0000679] [17:44:15:595796] [Tid0x00002fb0] [debug] -->[C334] DL_Rom_GetInfoAll #./api/api.cpp (line:2752)
[0000680] [17:44:15:625796] [Tid0x00002fb0] [debug] <--[C334] DL_Rom_GetInfoAll
[0000681] [17:44:15:721796] [Tid0x00002fb0] [debug] -->[C335] DL_GetCount #./api/api.cpp (line:2587)
[0000682] [17:44:15:721796] [Tid0x00002fb0] [debug] <--[C335] DL_GetCount
[0000683] [17:44:15:721796] [Tid0x00002fb0] [debug] -->[C336] DL_Rom_GetInfoAll #./api/api.cpp (line:2752)
[0000684] [17:44:15:721796] [Tid0x00002fb0] [debug] <--[C336] DL_Rom_GetInfoAll
[0000685] [17:44:24:817796] [Tid0x00001f48] [debug] -->[C337] FlashTool_Connect_BROM_ByName #./api/api.cpp (line:1975)
[0000686] [17:44:24:868796] [Tid0x00001f48] [debug] -->[C338] FlashTool_Connect_BROM_Ex #./api/api.cpp (line:1880)
[0000687] [17:44:24:868796] [Tid0x00001f48] [debug] bCheckScatter: 1
[0000688] [17:44:24:868796] [Tid0x00001f48] [debug] have load scatter already
[0000689] [17:44:24:868796] [Tid0x00001f48] [debug] libversion 1
[0000690] [17:44:25:458796] [Tid0x00001f48] [debug] <--[C338] FlashTool_Connect_BROM_Ex
[0000691] [17:44:25:458796] [Tid0x00001f48] [debug] <--[C337] FlashTool_Connect_BROM_ByName
[0000692] [17:44:25:519796] [Tid0x00001f48] [debug] -->[C339] FlashTool_Disconnect_BROM #./api/api.cpp (line:1051)
[0000693] [17:44:25:519796] [Tid0x00001f48] [debug] <--[C339] FlashTool_Disconnect_BROM
[0000694] [17:44:39:786796] [Tid0x00002fb0] [debug] -->[C340] DL_GetCount #./api/api.cpp (line:2587)
[0000695] [17:44:39:787796] [Tid0x00002fb0] [debug] <--[C340] DL_GetCount
[0000696] [17:44:39:787796] [Tid0x00002fb0] [debug] -->[C341] DL_Rom_GetInfoAll #./api/api.cpp (line:2752)
[0000697] [17:44:39:787796] [Tid0x00002fb0] [debug] <--[C341] DL_Rom_GetInfoAll
[0000698] [17:44:39:788796] [Tid0x00002fb0] [debug] -->[C342] DL_GetCount #./api/api.cpp (line:2587)
[0000699] [17:44:39:788796] [Tid0x00002fb0] [debug] <--[C342] DL_GetCount
[0000700] [17:44:39:788796] [Tid0x00002fb0] [debug] -->[C343] DL_Rom_GetInfoAll #./api/api.cpp (line:2752)
[0000701] [17:44:39:788796] [Tid0x00002fb0] [debug] <--[C343] DL_Rom_GetInfoAll
[0000702] [17:45:51:567796] [Tid0x00002e8c] [debug] -->[C344] FlashTool_Connect_BROM_ByName #./api/api.cpp (line:1975)
[0000703] [17:45:51:567796] [Tid0x00002e8c] [debug] -->[C345] FlashTool_Connect_BROM_Ex #./api/api.cpp (line:1880)
[0000704] [17:45:51:567796] [Tid0x00002e8c] [debug] bCheckScatter: 1
[0000705] [17:45:51:567796] [Tid0x00002e8c] [debug] have load scatter already
[0000706] [17:45:51:567796] [Tid0x00002e8c] [debug] libversion 1
[0000707] [17:45:52:356796] [Tid0x00002e8c] [debug] <--[C345] FlashTool_Connect_BROM_Ex
[0000708] [17:45:52:356796] [Tid0x00002e8c] [debug] <--[C344] FlashTool_Connect_BROM_ByName
[0000709] [17:45:52:356796] [Tid0x00002e8c] [debug] -->[C346] FlashTool_GetBootResult #./api/api.cpp (line:1987)
[0000710] [17:45:52:356796] [Tid0x00002e8c] [debug] <--[C346] FlashTool_GetBootResult
[0000711] [17:45:52:379796] [Tid0x00002e8c] [debug] -->[C347] FlashTool_Connect_Download_DA #./api/api.cpp (line:2007)
[0000712] [17:45:52:379796] [Tid0x00002e8c] [debug] bCheckScatter: 1
[0000713] [17:45:54:898796] [Tid0x00002e8c] [debug] <--[C347] FlashTool_Connect_Download_DA
[0000714] [17:45:54:898796] [Tid0x00002e8c] [debug] -->[C348] FlashTool_CheckUSBStatus #./api/api.cpp (line:1154)
[0000715] [17:45:54:899796] [Tid0x00002e8c] [debug] <--[C348] FlashTool_CheckUSBStatus
[0000716] [17:45:54:899796] [Tid0x00002e8c] [debug] -->[C349] FlashTool_CheckUSBStatus #./api/api.cpp (line:1154)
[0000717] [17:45:54:900796] [Tid0x00002e8c] [debug] <--[C349] FlashTool_CheckUSBStatus
[0000718] [17:45:54:900796] [Tid0x00002e8c] [debug] -->[C350] FlashTool_GetReservedRomSize #./api/api.cpp (line:1677)
[0000719] [17:45:55:058796] [Tid0x00002e8c] [debug] <--[C350] FlashTool_GetReservedRomSize
[0000720] [17:45:55:058796] [Tid0x00002e8c] [debug] -->[C351] FlashTool_RomGetCount #./api/api.cpp (line:1702)
[0000721] [17:45:55:068796] [Tid0x00002e8c] [debug] <--[C351] FlashTool_RomGetCount
[0000722] [17:45:55:068796] [Tid0x00002e8c] [debug] -->[C352] FlashTool_RomGetInfoAll #./api/api.cpp (line:1726)
[0000723] [17:45:55:069796] [Tid0x00002e8c] [debug] <--[C352] FlashTool_RomGetInfoAll
[0000724] [17:45:55:069796] [Tid0x00002e8c] [debug] -->[C353] FlashTool_ReadPartitionCount #./api/api.cpp (line:1633)
[0000725] [17:45:55:103796] [Tid0x00002e8c] [debug] <--[C353] FlashTool_ReadPartitionCount
[0000726] [17:45:55:103796] [Tid0x00002e8c] [debug] -->[C354] FlashTool_ReadPartitionInfo #./api/api.cpp (line:1654)
[0000727] [17:45:55:103796] [Tid0x00002e8c] [debug] <--[C354] FlashTool_ReadPartitionInfo
[0000728] [17:45:55:103796] [Tid0x00002e8c] [debug] -->[C355] FlashTool_Download #./api/api.cpp (line:1300)
[0000729] [17:52:47:955796] [Tid0x00002e8c] [debug] <--[C355] FlashTool_Download
[0000730] [17:52:47:955796] [Tid0x00002e8c] [debug] -->[C356] DL_GetCount #./api/api.cpp (line:2587)
[0000731] [17:52:47:955796] [Tid0x00002e8c] [debug] <--[C356] DL_GetCount
[0000732] [17:52:47:955796] [Tid0x00002e8c] [debug] -->[C357] DL_Rom_GetInfoAll #./api/api.cpp (line:2752)
[0000733] [17:52:47:956796] [Tid0x00002e8c] [debug] <--[C357] DL_Rom_GetInfoAll
[0000734] [17:52:47:956796] [Tid0x00002e8c] [debug] -->[C358] FlashTool_Disconnect #./api/api.cpp (line:1033)
[0000735] [17:52:47:976796] [Tid0x00002e8c] [debug] <--[C358] FlashTool_Disconnect
[0000736] [19:29:19:797796] [Tid0x00002fb0] [debug] -->[C359] DL_GetCount #./api/api.cpp (line:2587)
[0000737] [19:29:19:797796] [Tid0x00002fb0] [debug] <--[C359] DL_GetCount
[0000738] [19:29:19:797796] [Tid0x00002fb0] [debug] -->[C360] DL_Rom_GetInfoAll #./api/api.cpp (line:2752)
[0000739] [19:29:19:797796] [Tid0x00002fb0] [debug] <--[C360] DL_Rom_GetInfoAll
[0000740] [19:29:19:798796] [Tid0x00002fb0] [debug] -->[C361] DL_GetCount #./api/api.cpp (line:2587)
[0000741] [19:29:19:798796] [Tid0x00002fb0] [debug] <--[C361] DL_GetCount
[0000742] [19:29:19:798796] [Tid0x00002fb0] [debug] -->[C362] DL_Rom_GetInfoAll #./api/api.cpp (line:2752)
[0000743] [19:29:19:798796] [Tid0x00002fb0] [debug] <--[C362] DL_Rom_GetInfoAll
[0000744] [19:30:10:034796] [Tid0x00001f9c] [debug] -->[C363] FlashTool_Connect_BROM_ByName #./api/api.cpp (line:1975)
[0000745] [19:30:10:034796] [Tid0x00001f9c] [debug] -->[C364] FlashTool_Connect_BROM_Ex #./api/api.cpp (line:1880)
[0000746] [19:30:10:034796] [Tid0x00001f9c] [debug] bCheckScatter: 1
[0000747] [19:30:10:034796] [Tid0x00001f9c] [debug] have load scatter already
[0000748] [19:30:10:034796] [Tid0x00001f9c] [debug] libversion 1
[0000749] [19:30:10:619796] [Tid0x00001f9c] [debug] <--[C364] FlashTool_Connect_BROM_Ex
[0000750] [19:30:10:619796] [Tid0x00001f9c] [debug] <--[C363] FlashTool_Connect_BROM_ByName
[0000751] [19:30:10:619796] [Tid0x00001f9c] [debug] -->[C365] FlashTool_GetBootResult #./api/api.cpp (line:1987)
[0000752] [19:30:10:619796] [Tid0x00001f9c] [debug] <--[C365] FlashTool_GetBootResult
[0000753] [19:30:10:619796] [Tid0x00001f9c] [debug] -->[C366] FlashTool_Connect_Download_DA #./api/api.cpp (line:2007)
[0000754] [19:30:10:619796] [Tid0x00001f9c] [debug] bCheckScatter: 1
[0000755] [19:30:12:686796] [Tid0x00001f9c] [debug] <--[C366] FlashTool_Connect_Download_DA
[0000756] [19:30:12:686796] [Tid0x00001f9c] [debug] -->[C367] FlashTool_CheckUSBStatus #./api/api.cpp (line:1154)
[0000757] [19:30:12:687796] [Tid0x00001f9c] [debug] <--[C367] FlashTool_CheckUSBStatus
[0000758] [19:30:12:687796] [Tid0x00001f9c] [debug] -->[C368] FlashTool_CheckUSBStatus #./api/api.cpp (line:1154)
[0000759] [19:30:12:688796] [Tid0x00001f9c] [debug] <--[C368] FlashTool_CheckUSBStatus
[0000760] [19:30:12:688796] [Tid0x00001f9c] [debug] -->[C369] FlashTool_GetReservedRomSize #./api/api.cpp (line:1677)
[0000761] [19:30:12:688796] [Tid0x00001f9c] [debug] <--[C369] FlashTool_GetReservedRomSize
[0000762] [19:30:12:688796] [Tid0x00001f9c] [debug] -->[C370] FlashTool_RomGetCount #./api/api.cpp (line:1702)
[0000763] [19:30:12:689796] [Tid0x00001f9c] [debug] <--[C370] FlashTool_RomGetCount
[0000764] [19:30:12:689796] [Tid0x00001f9c] [debug] -->[C371] FlashTool_RomGetInfoAll #./api/api.cpp (line:1726)
[0000765] [19:30:12:689796] [Tid0x00001f9c] [debug] <--[C371] FlashTool_RomGetInfoAll
[0000766] [19:30:12:689796] [Tid0x00001f9c] [debug] -->[C372] FlashTool_ReadPartitionCount #./api/api.cpp (line:1633)
[0000767] [19:30:12:723796] [Tid0x00001f9c] [debug] <--[C372] FlashTool_ReadPartitionCount
[0000768] [19:30:12:724796] [Tid0x00001f9c] [debug] -->[C373] FlashTool_ReadPartitionInfo #./api/api.cpp (line:1654)
[0000769] [19:30:12:724796] [Tid0x00001f9c] [debug] <--[C373] FlashTool_ReadPartitionInfo
[0000770] [19:30:12:724796] [Tid0x00001f9c] [debug] -->[C374] FlashTool_Download #./api/api.cpp (line:1300)
[0000771] [19:37:07:007796] [Tid0x00001f9c] [debug] <--[C374] FlashTool_Download
[0000772] [19:37:07:007796] [Tid0x00001f9c] [debug] -->[C375] DL_GetCount #./api/api.cpp (line:2587)
[0000773] [19:37:07:007796] [Tid0x00001f9c] [debug] <--[C375] DL_GetCount
[0000774] [19:37:07:007796] [Tid0x00001f9c] [debug] -->[C376] DL_Rom_GetInfoAll #./api/api.cpp (line:2752)
[0000775] [19:37:07:007796] [Tid0x00001f9c] [debug] <--[C376] DL_Rom_GetInfoAll
[0000776] [19:37:07:043796] [Tid0x00001f9c] [debug] -->[C377] FlashTool_Disconnect #./api/api.cpp (line:1033)
[0000777] [19:37:07:079796] [Tid0x00001f9c] [debug] <--[C377] FlashTool_Disconnect
[0000778] [19:41:57:292796] [Tid0x00002c58] [debug] -->[C378] DL_LoadScatter #./api/api.cpp (line:2474)
[0000779] [19:41:57:896796] [Tid0x00002c58] [debug] used lib version: 1
[0000780] [19:41:57:896796] [Tid0x00002c58] [debug] <--[C378] DL_LoadScatter
[0000781] [19:41:57:896796] [Tid0x00002c58] [debug] -->[C379] DL_AutoLoadRomImages #./api/api.cpp (line:2667)
[0000782] [19:41:57:975796] [Tid0x00002c58] [debug] <--[C379] DL_AutoLoadRomImages
[0000783] [19:41:58:197796] [Tid0x00002fb0] [debug] -->[C380] DL_GetCount #./api/api.cpp (line:2587)
[0000784] [19:41:58:197796] [Tid0x00002fb0] [debug] <--[C380] DL_GetCount
[0000785] [19:41:58:197796] [Tid0x00002fb0] [debug] -->[C381] DL_Rom_GetInfoAll #./api/api.cpp (line:2752)
[0000786] [19:41:58:197796] [Tid0x00002fb0] [debug] <--[C381] DL_Rom_GetInfoAll
[0000787] [19:41:58:244796] [Tid0x00002fb0] [debug] -->[C382] DL_GetScatterInfo #./api/api.cpp (line:2688)
[0000788] [19:41:58:244796] [Tid0x00002fb0] [debug] <--[C382] DL_GetScatterInfo
[0000789] [19:41:58:749796] [Tid0x00002fb0] [debug] -->[C383] DL_GetCount #./api/api.cpp (line:2587)
[0000790] [19:41:58:749796] [Tid0x00002fb0] [debug] <--[C383] DL_GetCount
[0000791] [19:41:58:749796] [Tid0x00002fb0] [debug] -->[C384] DL_Rom_GetInfoAll #./api/api.cpp (line:2752)
[0000792] [19:41:58:749796] [Tid0x00002fb0] [debug] <--[C384] DL_Rom_GetInfoAll
[0000793] [19:41:58:750796] [Tid0x00002fb0] [debug] -->[C385] DL_Rom_SetEnableAttr #./api/api.cpp (line:2806)
[0000794] [19:41:58:750796] [Tid0x00002fb0] [debug] <--[C385] DL_Rom_SetEnableAttr
[0000795] [19:41:58:774796] [Tid0x00002fb0] [debug] -->[C386] DL_GetCount #./api/api.cpp (line:2587)
[0000796] [19:41:58:774796] [Tid0x00002fb0] [debug] <--[C386] DL_GetCount
[0000797] [19:41:58:774796] [Tid0x00002fb0] [debug] -->[C387] DL_Rom_GetInfoAll #./api/api.cpp (line:2752)
[0000798] [19:41:58:774796] [Tid0x00002fb0] [debug] <--[C387] DL_Rom_GetInfoAll
[0000799] [19:41:58:775796] [Tid0x00002fb0] [debug] -->[C388] DL_Rom_SetEnableAttr #./api/api.cpp (line:2806)
[0000800] [19:41:58:775796] [Tid0x00002fb0] [debug] <--[C388] DL_Rom_SetEnableAttr
[0000801] [19:41:58:809796] [Tid0x00002fb0] [debug] -->[C389] DL_GetCount #./api/api.cpp (line:2587)
[0000802] [19:41:58:809796] [Tid0x00002fb0] [debug] <--[C389] DL_GetCount
[0000803] [19:41:58:809796] [Tid0x00002fb0] [debug] -->[C390] DL_Rom_GetInfoAll #./api/api.cpp (line:2752)
[0000804] [19:41:58:809796] [Tid0x00002fb0] [debug] <--[C390] DL_Rom_GetInfoAll
[0000805] [19:41:58:809796] [Tid0x00002fb0] [debug] -->[C391] DL_Rom_SetEnableAttr #./api/api.cpp (line:2806)
[0000806] [19:41:58:809796] [Tid0x00002fb0] [debug] <--[C391] DL_Rom_SetEnableAttr
[0000807] [19:41:58:809796] [Tid0x00002fb0] [debug] -->[C392] DL_GetCount #./api/api.cpp (line:2587)
[0000808] [19:41:58:810796] [Tid0x00002fb0] [debug] <--[C392] DL_GetCount
[0000809] [19:41:58:810796] [Tid0x00002fb0] [debug] -->[C393] DL_Rom_GetInfoAll #./api/api.cpp (line:2752)
[0000810] [19:41:58:810796] [Tid0x00002fb0] [debug] <--[C393] DL_Rom_GetInfoAll
[0000811] [19:41:58:810796] [Tid0x00002fb0] [debug] -->[C394] DL_Rom_SetEnableAttr #./api/api.cpp (line:2806)
[0000812] [19:41:58:810796] [Tid0x00002fb0] [debug] <--[C394] DL_Rom_SetEnableAttr
[0000813] [19:41:58:810796] [Tid0x00002fb0] [debug] -->[C395] DL_GetCount #./api/api.cpp (line:2587)
[0000814] [19:41:58:810796] [Tid0x00002fb0] [debug] <--[C395] DL_GetCount
[0000815] [19:41:58:810796] [Tid0x00002fb0] [debug] -->[C396] DL_Rom_GetInfoAll #./api/api.cpp (line:2752)
[0000816] [19:41:58:810796] [Tid0x00002fb0] [debug] <--[C396] DL_Rom_GetInfoAll
[0000817] [19:41:58:810796] [Tid0x00002fb0] [debug] -->[C397] DL_Rom_SetEnableAttr #./api/api.cpp (line:2806)
[0000818] [19:41:58:811796] [Tid0x00002fb0] [debug] <--[C397] DL_Rom_SetEnableAttr
[0000819] [19:41:58:811796] [Tid0x00002fb0] [debug] -->[C398] DL_GetCount #./api/api.cpp (line:2587)
[0000820] [19:41:58:811796] [Tid0x00002fb0] [debug] <--[C398] DL_GetCount
[0000821] [19:41:58:811796] [Tid0x00002fb0] [debug] -->[C399] DL_Rom_GetInfoAll #./api/api.cpp (line:2752)
[0000822] [19:41:58:811796] [Tid0x00002fb0] [debug] <--[C399] DL_Rom_GetInfoAll
[0000823] [19:41:58:811796] [Tid0x00002fb0] [debug] -->[C400] DL_Rom_SetEnableAttr #./api/api.cpp (line:2806)
[0000824] [19:41:58:811796] [Tid0x00002fb0] [debug] <--[C400] DL_Rom_SetEnableAttr
[0000825] [19:41:58:812796] [Tid0x00002fb0] [debug] -->[C401] DL_SetChecksumLevel #./api/api.cpp (line:2516)
[0000826] [19:41:58:812796] [Tid0x00002fb0] [debug] <--[C401] DL_SetChecksumLevel
[0000827] [19:42:31:252796] [Tid0x00002fb0] [debug] -->[C402] DL_GetCount #./api/api.cpp (line:2587)
[0000828] [19:42:31:252796] [Tid0x00002fb0] [debug] <--[C402] DL_GetCount
[0000829] [19:42:31:253796] [Tid0x00002fb0] [debug] -->[C403] DL_Rom_GetInfoAll #./api/api.cpp (line:2752)
[0000830] [19:42:31:253796] [Tid0x00002fb0] [debug] <--[C403] DL_Rom_GetInfoAll
[0000831] [19:42:31:253796] [Tid0x00002fb0] [debug] -->[C404] DL_GetCount #./api/api.cpp (line:2587)
[0000832] [19:42:31:253796] [Tid0x00002fb0] [debug] <--[C404] DL_GetCount
[0000833] [19:42:31:253796] [Tid0x00002fb0] [debug] -->[C405] DL_Rom_GetInfoAll #./api/api.cpp (line:2752)
[0000834] [19:42:31:253796] [Tid0x00002fb0] [debug] <--[C405] DL_Rom_GetInfoAll
[0000835] [19:42:39:858796] [Tid0x00002f20] [debug] -->[C406] FlashTool_Connect_BROM_ByName #./api/api.cpp (line:1975)
[0000836] [19:42:39:858796] [Tid0x00002f20] [debug] -->[C407] FlashTool_Connect_BROM_Ex #./api/api.cpp (line:1880)
[0000837] [19:42:39:858796] [Tid0x00002f20] [debug] bCheckScatter: 1
[0000838] [19:42:39:858796] [Tid0x00002f20] [debug] have load scatter already
[0000839] [19:42:39:858796] [Tid0x00002f20] [debug] libversion 1
[0000840] [19:42:40:356796] [Tid0x00002f20] [debug] <--[C407] FlashTool_Connect_BROM_Ex
[0000841] [19:42:40:356796] [Tid0x00002f20] [debug] <--[C406] FlashTool_Connect_BROM_ByName
[0000842] [19:42:40:473796] [Tid0x00002f20] [debug] -->[C408] FlashTool_Disconnect_BROM #./api/api.cpp (line:1051)
[0000843] [19:42:40:473796] [Tid0x00002f20] [debug] <--[C408] FlashTool_Disconnect_BROM
[0000844] [19:46:28:379796] [Tid0x00002fb0] [debug] -->[C409] DL_Rom_UnloadAll #./api/api.cpp (line:2795)
[0000845] [19:46:28:380796] [Tid0x00002fb0] [debug] <--[C409] DL_Rom_UnloadAll
