[0000001] [19:49:34:561161] [Tid0x00001824] [debug] -->[C1] DL_LoadScatter #./api/api.cpp (line:2486)
[0000002] [19:49:34:711346] [Tid0x00001824] [debug] used lib version: 1
[0000003] [19:49:34:712346] [Tid0x00001824] [debug] <--[C1] DL_LoadScatter
[0000004] [19:49:34:712346] [Tid0x00001824] [debug] -->[C2] DL_AutoLoadRomImages #./api/api.cpp (line:2679)
[0000005] [19:49:35:284088] [Tid0x00001824] [debug] <--[C2] DL_AutoLoadRomImages
[0000006] [19:49:35:286087] [Tid0x00001824] [debug] -->[C3] DL_GetCount #./api/api.cpp (line:2599)
[0000007] [19:49:35:286087] [Tid0x00001824] [debug] <--[C3] DL_GetCount
[0000008] [19:49:35:286087] [Tid0x00001824] [debug] -->[C4] DL_Rom_GetInfoAll #./api/api.cpp (line:2764)
[0000009] [19:49:35:287087] [Tid0x00001824] [debug] <--[C4] DL_Rom_GetInfoAll
[0000010] [19:49:35:287087] [Tid0x00001824] [debug] -->[C5] DL_VerifyROMMemBuf #./api/api.cpp (line:2556)
[0000011] [19:49:35:288087] [Tid0x00001824] [debug] <--[C5] DL_VerifyROMMemBuf
[0000012] [19:49:35:289087] [Tid0x00001824] [debug] -->[C6] DL_VerifyROMMemBuf #./api/api.cpp (line:2556)
[0000013] [19:49:35:290087] [Tid0x00001824] [debug] <--[C6] DL_VerifyROMMemBuf
[0000014] [19:49:35:290087] [Tid0x00001824] [debug] -->[C7] DL_VerifyROMMemBuf #./api/api.cpp (line:2556)
[0000015] [19:49:35:493267] [Tid0x00001824] [debug] <--[C7] DL_VerifyROMMemBuf
[0000016] [19:49:35:493267] [Tid0x00001824] [debug] -->[C8] DL_VerifyROMMemBuf #./api/api.cpp (line:2556)
[0000017] [19:49:35:770839] [Tid0x00001824] [debug] <--[C8] DL_VerifyROMMemBuf
[0000018] [19:49:35:771839] [Tid0x00001824] [debug] -->[C9] DL_VerifyROMMemBuf #./api/api.cpp (line:2556)
[0000019] [19:49:35:861830] [Tid0x00001824] [debug] <--[C9] DL_VerifyROMMemBuf
[0000020] [19:49:35:862830] [Tid0x00001824] [debug] -->[C10] DL_VerifyROMMemBuf #./api/api.cpp (line:2556)
[0000021] [19:49:35:863830] [Tid0x00001824] [debug] <--[C10] DL_VerifyROMMemBuf
[0000022] [19:49:35:863830] [Tid0x00001824] [debug] -->[C11] DL_VerifyROMMemBuf #./api/api.cpp (line:2556)
[0000023] [19:49:35:863830] [Tid0x00001824] [debug] <--[C11] DL_VerifyROMMemBuf
[0000024] [19:49:35:863830] [Tid0x00001824] [debug] -->[C12] DL_VerifyROMMemBuf #./api/api.cpp (line:2556)
[0000025] [19:49:35:864829] [Tid0x00001824] [debug] <--[C12] DL_VerifyROMMemBuf
[0000026] [19:49:35:864829] [Tid0x00001824] [debug] -->[C13] DL_VerifyROMMemBuf #./api/api.cpp (line:2556)
[0000027] [19:50:17:698218] [Tid0x00001824] [debug] <--[C13] DL_VerifyROMMemBuf
[0000028] [19:50:17:698218] [Tid0x00001824] [debug] -->[C14] DL_VerifyROMMemBuf #./api/api.cpp (line:2556)
[0000029] [19:50:18:013786] [Tid0x00001824] [debug] <--[C14] DL_VerifyROMMemBuf
[0000030] [19:50:18:013786] [Tid0x00001824] [debug] -->[C15] DL_VerifyROMMemBuf #./api/api.cpp (line:2556)
[0000031] [19:50:18:778110] [Tid0x00001824] [debug] <--[C15] DL_VerifyROMMemBuf
[0000032] [19:50:19:549232] [Tid0x00003414] [debug] -->[C16] DL_GetCount #./api/api.cpp (line:2599)
[0000033] [19:50:19:549232] [Tid0x00003414] [debug] <--[C16] DL_GetCount
[0000034] [19:50:19:549232] [Tid0x00003414] [debug] -->[C17] DL_Rom_GetInfoAll #./api/api.cpp (line:2764)
[0000035] [19:50:19:550232] [Tid0x00003414] [debug] <--[C17] DL_Rom_GetInfoAll
[0000036] [19:50:19:570830] [Tid0x00003414] [debug] -->[C18] DL_GetScatterInfo #./api/api.cpp (line:2700)
[0000037] [19:50:19:570830] [Tid0x00003414] [debug] <--[C18] DL_GetScatterInfo
[0000038] [19:50:19:621825] [Tid0x00003414] [debug] -->[C19] DL_GetCount #./api/api.cpp (line:2599)
[0000039] [19:50:19:621825] [Tid0x00003414] [debug] <--[C19] DL_GetCount
[0000040] [19:50:19:621825] [Tid0x00003414] [debug] -->[C20] DL_Rom_GetInfoAll #./api/api.cpp (line:2764)
[0000041] [19:50:19:622825] [Tid0x00003414] [debug] <--[C20] DL_Rom_GetInfoAll
[0000042] [19:50:19:624825] [Tid0x00003414] [debug] -->[C21] DL_Rom_SetEnableAttr #./api/api.cpp (line:2818)
[0000043] [19:50:19:624825] [Tid0x00003414] [debug] <--[C21] DL_Rom_SetEnableAttr
[0000044] [19:50:19:624825] [Tid0x00003414] [debug] -->[C22] DL_GetCount #./api/api.cpp (line:2599)
[0000045] [19:50:19:624825] [Tid0x00003414] [debug] <--[C22] DL_GetCount
[0000046] [19:50:19:624825] [Tid0x00003414] [debug] -->[C23] DL_Rom_GetInfoAll #./api/api.cpp (line:2764)
[0000047] [19:50:19:624825] [Tid0x00003414] [debug] <--[C23] DL_Rom_GetInfoAll
[0000048] [19:50:19:626825] [Tid0x00003414] [debug] -->[C24] DL_Rom_SetEnableAttr #./api/api.cpp (line:2818)
[0000049] [19:50:19:626825] [Tid0x00003414] [debug] <--[C24] DL_Rom_SetEnableAttr
[0000050] [19:50:19:634824] [Tid0x00003414] [debug] -->[C25] DL_GetCount #./api/api.cpp (line:2599)
[0000051] [19:50:19:635824] [Tid0x00003414] [debug] <--[C25] DL_GetCount
[0000052] [19:50:19:635824] [Tid0x00003414] [debug] -->[C26] DL_Rom_GetInfoAll #./api/api.cpp (line:2764)
[0000053] [19:50:19:635824] [Tid0x00003414] [debug] <--[C26] DL_Rom_GetInfoAll
[0000054] [19:50:19:637824] [Tid0x00003414] [debug] -->[C27] DL_Rom_SetEnableAttr #./api/api.cpp (line:2818)
[0000055] [19:50:19:637824] [Tid0x00003414] [debug] <--[C27] DL_Rom_SetEnableAttr
[0000056] [19:50:19:645823] [Tid0x00003414] [debug] -->[C28] DL_GetCount #./api/api.cpp (line:2599)
[0000057] [19:50:19:645823] [Tid0x00003414] [debug] <--[C28] DL_GetCount
[0000058] [19:50:19:645823] [Tid0x00003414] [debug] -->[C29] DL_Rom_GetInfoAll #./api/api.cpp (line:2764)
[0000059] [19:50:19:645823] [Tid0x00003414] [debug] <--[C29] DL_Rom_GetInfoAll
[0000060] [19:50:19:647823] [Tid0x00003414] [debug] -->[C30] DL_Rom_SetEnableAttr #./api/api.cpp (line:2818)
[0000061] [19:50:19:647823] [Tid0x00003414] [debug] <--[C30] DL_Rom_SetEnableAttr
[0000062] [19:50:19:647823] [Tid0x00003414] [debug] -->[C31] DL_GetCount #./api/api.cpp (line:2599)
[0000063] [19:50:19:648822] [Tid0x00003414] [debug] <--[C31] DL_GetCount
[0000064] [19:50:19:648822] [Tid0x00003414] [debug] -->[C32] DL_Rom_GetInfoAll #./api/api.cpp (line:2764)
[0000065] [19:50:19:648822] [Tid0x00003414] [debug] <--[C32] DL_Rom_GetInfoAll
[0000066] [19:50:19:650822] [Tid0x00003414] [debug] -->[C33] DL_Rom_SetEnableAttr #./api/api.cpp (line:2818)
[0000067] [19:50:19:650822] [Tid0x00003414] [debug] <--[C33] DL_Rom_SetEnableAttr
[0000068] [19:50:19:657822] [Tid0x00003414] [debug] -->[C34] DL_GetCount #./api/api.cpp (line:2599)
[0000069] [19:50:19:657822] [Tid0x00003414] [debug] <--[C34] DL_GetCount
[0000070] [19:50:19:658821] [Tid0x00003414] [debug] -->[C35] DL_Rom_GetInfoAll #./api/api.cpp (line:2764)
[0000071] [19:50:19:658821] [Tid0x00003414] [debug] <--[C35] DL_Rom_GetInfoAll
[0000072] [19:50:19:660821] [Tid0x00003414] [debug] -->[C36] DL_Rom_SetEnableAttr #./api/api.cpp (line:2818)
[0000073] [19:50:19:660821] [Tid0x00003414] [debug] <--[C36] DL_Rom_SetEnableAttr
[0000074] [19:50:19:667821] [Tid0x00003414] [debug] -->[C37] DL_GetCount #./api/api.cpp (line:2599)
[0000075] [19:50:19:667821] [Tid0x00003414] [debug] <--[C37] DL_GetCount
[0000076] [19:50:19:667821] [Tid0x00003414] [debug] -->[C38] DL_Rom_GetInfoAll #./api/api.cpp (line:2764)
[0000077] [19:50:19:668820] [Tid0x00003414] [debug] <--[C38] DL_Rom_GetInfoAll
[0000078] [19:50:19:670820] [Tid0x00003414] [debug] -->[C39] DL_Rom_SetEnableAttr #./api/api.cpp (line:2818)
[0000079] [19:50:19:670820] [Tid0x00003414] [debug] <--[C39] DL_Rom_SetEnableAttr
[0000080] [19:50:19:670820] [Tid0x00003414] [debug] -->[C40] DL_GetCount #./api/api.cpp (line:2599)
[0000081] [19:50:19:670820] [Tid0x00003414] [debug] <--[C40] DL_GetCount
[0000082] [19:50:19:670820] [Tid0x00003414] [debug] -->[C41] DL_Rom_GetInfoAll #./api/api.cpp (line:2764)
[0000083] [19:50:19:670820] [Tid0x00003414] [debug] <--[C41] DL_Rom_GetInfoAll
[0000084] [19:50:19:672820] [Tid0x00003414] [debug] -->[C42] DL_Rom_SetEnableAttr #./api/api.cpp (line:2818)
[0000085] [19:50:19:672820] [Tid0x00003414] [debug] <--[C42] DL_Rom_SetEnableAttr
[0000086] [19:50:19:681819] [Tid0x00003414] [debug] -->[C43] DL_GetCount #./api/api.cpp (line:2599)
[0000087] [19:50:19:681819] [Tid0x00003414] [debug] <--[C43] DL_GetCount
[0000088] [19:50:19:681819] [Tid0x00003414] [debug] -->[C44] DL_Rom_GetInfoAll #./api/api.cpp (line:2764)
[0000089] [19:50:19:682819] [Tid0x00003414] [debug] <--[C44] DL_Rom_GetInfoAll
[0000090] [19:50:19:683819] [Tid0x00003414] [debug] -->[C45] DL_Rom_SetEnableAttr #./api/api.cpp (line:2818)
[0000091] [19:50:19:683819] [Tid0x00003414] [debug] <--[C45] DL_Rom_SetEnableAttr
[0000092] [19:50:19:691818] [Tid0x00003414] [debug] -->[C46] DL_GetCount #./api/api.cpp (line:2599)
[0000093] [19:50:19:691818] [Tid0x00003414] [debug] <--[C46] DL_GetCount
[0000094] [19:50:19:691818] [Tid0x00003414] [debug] -->[C47] DL_Rom_GetInfoAll #./api/api.cpp (line:2764)
[0000095] [19:50:19:692818] [Tid0x00003414] [debug] <--[C47] DL_Rom_GetInfoAll
[0000096] [19:50:19:694818] [Tid0x00003414] [debug] -->[C48] DL_Rom_SetEnableAttr #./api/api.cpp (line:2818)
[0000097] [19:50:19:694818] [Tid0x00003414] [debug] <--[C48] DL_Rom_SetEnableAttr
[0000098] [19:50:19:694818] [Tid0x00003414] [debug] -->[C49] DL_GetCount #./api/api.cpp (line:2599)
[0000099] [19:50:19:694818] [Tid0x00003414] [debug] <--[C49] DL_GetCount
[0000100] [19:50:19:694818] [Tid0x00003414] [debug] -->[C50] DL_Rom_GetInfoAll #./api/api.cpp (line:2764)
[0000101] [19:50:19:695818] [Tid0x00003414] [debug] <--[C50] DL_Rom_GetInfoAll
[0000102] [19:50:19:697818] [Tid0x00003414] [debug] -->[C51] DL_Rom_SetEnableAttr #./api/api.cpp (line:2818)
[0000103] [19:50:19:697818] [Tid0x00003414] [debug] <--[C51] DL_Rom_SetEnableAttr
[0000104] [19:50:19:704817] [Tid0x00003414] [debug] -->[C52] DL_GetCount #./api/api.cpp (line:2599)
[0000105] [19:50:19:705817] [Tid0x00003414] [debug] <--[C52] DL_GetCount
[0000106] [19:50:19:705817] [Tid0x00003414] [debug] -->[C53] DL_Rom_GetInfoAll #./api/api.cpp (line:2764)
[0000107] [19:50:19:705817] [Tid0x00003414] [debug] <--[C53] DL_Rom_GetInfoAll
[0000108] [19:50:19:707817] [Tid0x00003414] [debug] -->[C54] DL_Rom_SetEnableAttr #./api/api.cpp (line:2818)
[0000109] [19:50:19:707817] [Tid0x00003414] [debug] <--[C54] DL_Rom_SetEnableAttr
[0000110] [19:50:19:716816] [Tid0x00003414] [debug] -->[C55] DL_GetCount #./api/api.cpp (line:2599)
[0000111] [19:50:19:716816] [Tid0x00003414] [debug] <--[C55] DL_GetCount
[0000112] [19:50:19:716816] [Tid0x00003414] [debug] -->[C56] DL_Rom_GetInfoAll #./api/api.cpp (line:2764)
[0000113] [19:50:19:716816] [Tid0x00003414] [debug] <--[C56] DL_Rom_GetInfoAll
[0000114] [19:50:19:719815] [Tid0x00003414] [debug] -->[C57] DL_Rom_SetEnableAttr #./api/api.cpp (line:2818)
[0000115] [19:50:19:719815] [Tid0x00003414] [debug] <--[C57] DL_Rom_SetEnableAttr
[0000116] [19:50:19:719815] [Tid0x00003414] [debug] -->[C58] DL_GetCount #./api/api.cpp (line:2599)
[0000117] [19:50:19:719815] [Tid0x00003414] [debug] <--[C58] DL_GetCount
[0000118] [19:50:19:719815] [Tid0x00003414] [debug] -->[C59] DL_Rom_GetInfoAll #./api/api.cpp (line:2764)
[0000119] [19:50:19:720815] [Tid0x00003414] [debug] <--[C59] DL_Rom_GetInfoAll
[0000120] [19:50:19:722815] [Tid0x00003414] [debug] -->[C60] DL_Rom_SetEnableAttr #./api/api.cpp (line:2818)
[0000121] [19:50:19:722815] [Tid0x00003414] [debug] <--[C60] DL_Rom_SetEnableAttr
[0000122] [19:50:19:729814] [Tid0x00003414] [debug] -->[C61] DL_GetCount #./api/api.cpp (line:2599)
[0000123] [19:50:19:730814] [Tid0x00003414] [debug] <--[C61] DL_GetCount
[0000124] [19:50:19:730814] [Tid0x00003414] [debug] -->[C62] DL_Rom_GetInfoAll #./api/api.cpp (line:2764)
[0000125] [19:50:19:730814] [Tid0x00003414] [debug] <--[C62] DL_Rom_GetInfoAll
[0000126] [19:50:19:732814] [Tid0x00003414] [debug] -->[C63] DL_Rom_SetEnableAttr #./api/api.cpp (line:2818)
[0000127] [19:50:19:732814] [Tid0x00003414] [debug] <--[C63] DL_Rom_SetEnableAttr
[0000128] [19:50:19:740813] [Tid0x00003414] [debug] -->[C64] DL_GetCount #./api/api.cpp (line:2599)
[0000129] [19:50:19:741813] [Tid0x00003414] [debug] <--[C64] DL_GetCount
[0000130] [19:50:19:741813] [Tid0x00003414] [debug] -->[C65] DL_Rom_GetInfoAll #./api/api.cpp (line:2764)
[0000131] [19:50:19:741813] [Tid0x00003414] [debug] <--[C65] DL_Rom_GetInfoAll
[0000132] [19:50:19:743813] [Tid0x00003414] [debug] -->[C66] DL_Rom_SetEnableAttr #./api/api.cpp (line:2818)
[0000133] [19:50:19:743813] [Tid0x00003414] [debug] <--[C66] DL_Rom_SetEnableAttr
[0000134] [19:50:19:744813] [Tid0x00003414] [debug] -->[C67] DL_GetCount #./api/api.cpp (line:2599)
[0000135] [19:50:19:744813] [Tid0x00003414] [debug] <--[C67] DL_GetCount
[0000136] [19:50:19:744813] [Tid0x00003414] [debug] -->[C68] DL_Rom_GetInfoAll #./api/api.cpp (line:2764)
[0000137] [19:50:19:744813] [Tid0x00003414] [debug] <--[C68] DL_Rom_GetInfoAll
[0000138] [19:50:19:746813] [Tid0x00003414] [debug] -->[C69] DL_Rom_SetEnableAttr #./api/api.cpp (line:2818)
[0000139] [19:50:19:746813] [Tid0x00003414] [debug] <--[C69] DL_Rom_SetEnableAttr
[0000140] [19:50:19:754812] [Tid0x00003414] [debug] -->[C70] DL_GetCount #./api/api.cpp (line:2599)
[0000141] [19:50:19:754812] [Tid0x00003414] [debug] <--[C70] DL_GetCount
[0000142] [19:50:19:754812] [Tid0x00003414] [debug] -->[C71] DL_Rom_GetInfoAll #./api/api.cpp (line:2764)
[0000143] [19:50:19:754812] [Tid0x00003414] [debug] <--[C71] DL_Rom_GetInfoAll
[0000144] [19:50:19:756812] [Tid0x00003414] [debug] -->[C72] DL_Rom_SetEnableAttr #./api/api.cpp (line:2818)
[0000145] [19:50:19:756812] [Tid0x00003414] [debug] <--[C72] DL_Rom_SetEnableAttr
[0000146] [19:50:19:764811] [Tid0x00003414] [debug] -->[C73] DL_GetCount #./api/api.cpp (line:2599)
[0000147] [19:50:19:764811] [Tid0x00003414] [debug] <--[C73] DL_GetCount
[0000148] [19:50:19:764811] [Tid0x00003414] [debug] -->[C74] DL_Rom_GetInfoAll #./api/api.cpp (line:2764)
[0000149] [19:50:19:765811] [Tid0x00003414] [debug] <--[C74] DL_Rom_GetInfoAll
[0000150] [19:50:19:766811] [Tid0x00003414] [debug] -->[C75] DL_Rom_SetEnableAttr #./api/api.cpp (line:2818)
[0000151] [19:50:19:766811] [Tid0x00003414] [debug] <--[C75] DL_Rom_SetEnableAttr
[0000152] [19:50:19:767811] [Tid0x00003414] [debug] -->[C76] DL_GetCount #./api/api.cpp (line:2599)
[0000153] [19:50:19:767811] [Tid0x00003414] [debug] <--[C76] DL_GetCount
[0000154] [19:50:19:767811] [Tid0x00003414] [debug] -->[C77] DL_Rom_GetInfoAll #./api/api.cpp (line:2764)
[0000155] [19:50:19:767811] [Tid0x00003414] [debug] <--[C77] DL_Rom_GetInfoAll
[0000156] [19:50:19:769810] [Tid0x00003414] [debug] -->[C78] DL_Rom_SetEnableAttr #./api/api.cpp (line:2818)
[0000157] [19:50:19:769810] [Tid0x00003414] [debug] <--[C78] DL_Rom_SetEnableAttr
[0000158] [19:50:19:776810] [Tid0x00003414] [debug] -->[C79] DL_GetCount #./api/api.cpp (line:2599)
[0000159] [19:50:19:777810] [Tid0x00003414] [debug] <--[C79] DL_GetCount
[0000160] [19:50:19:777810] [Tid0x00003414] [debug] -->[C80] DL_Rom_GetInfoAll #./api/api.cpp (line:2764)
[0000161] [19:50:19:777810] [Tid0x00003414] [debug] <--[C80] DL_Rom_GetInfoAll
[0000162] [19:50:19:779809] [Tid0x00003414] [debug] -->[C81] DL_Rom_SetEnableAttr #./api/api.cpp (line:2818)
[0000163] [19:50:19:779809] [Tid0x00003414] [debug] <--[C81] DL_Rom_SetEnableAttr
[0000164] [19:50:19:788808] [Tid0x00003414] [debug] -->[C82] DL_GetCount #./api/api.cpp (line:2599)
[0000165] [19:50:19:788808] [Tid0x00003414] [debug] <--[C82] DL_GetCount
[0000166] [19:50:19:788808] [Tid0x00003414] [debug] -->[C83] DL_Rom_GetInfoAll #./api/api.cpp (line:2764)
[0000167] [19:50:19:788808] [Tid0x00003414] [debug] <--[C83] DL_Rom_GetInfoAll
[0000168] [19:50:19:790808] [Tid0x00003414] [debug] -->[C84] DL_Rom_SetEnableAttr #./api/api.cpp (line:2818)
[0000169] [19:50:19:790808] [Tid0x00003414] [debug] <--[C84] DL_Rom_SetEnableAttr
[0000170] [19:50:19:790808] [Tid0x00003414] [debug] -->[C85] DL_GetCount #./api/api.cpp (line:2599)
[0000171] [19:50:19:790808] [Tid0x00003414] [debug] <--[C85] DL_GetCount
[0000172] [19:50:19:791808] [Tid0x00003414] [debug] -->[C86] DL_Rom_GetInfoAll #./api/api.cpp (line:2764)
[0000173] [19:50:19:791808] [Tid0x00003414] [debug] <--[C86] DL_Rom_GetInfoAll
[0000174] [19:50:19:793808] [Tid0x00003414] [debug] -->[C87] DL_Rom_SetEnableAttr #./api/api.cpp (line:2818)
[0000175] [19:50:19:793808] [Tid0x00003414] [debug] <--[C87] DL_Rom_SetEnableAttr
[0000176] [19:50:19:801807] [Tid0x00003414] [debug] -->[C88] DL_GetCount #./api/api.cpp (line:2599)
[0000177] [19:50:19:802807] [Tid0x00003414] [debug] <--[C88] DL_GetCount
[0000178] [19:50:19:802807] [Tid0x00003414] [debug] -->[C89] DL_Rom_GetInfoAll #./api/api.cpp (line:2764)
[0000179] [19:50:19:802807] [Tid0x00003414] [debug] <--[C89] DL_Rom_GetInfoAll
[0000180] [19:50:19:805807] [Tid0x00003414] [debug] -->[C90] DL_Rom_SetEnableAttr #./api/api.cpp (line:2818)
[0000181] [19:50:19:805807] [Tid0x00003414] [debug] <--[C90] DL_Rom_SetEnableAttr
[0000182] [19:50:19:813806] [Tid0x00003414] [debug] -->[C91] DL_GetCount #./api/api.cpp (line:2599)
[0000183] [19:50:19:813806] [Tid0x00003414] [debug] <--[C91] DL_GetCount
[0000184] [19:50:19:814806] [Tid0x00003414] [debug] -->[C92] DL_Rom_GetInfoAll #./api/api.cpp (line:2764)
[0000185] [19:50:19:814806] [Tid0x00003414] [debug] <--[C92] DL_Rom_GetInfoAll
[0000186] [19:50:19:816806] [Tid0x00003414] [debug] -->[C93] DL_Rom_SetEnableAttr #./api/api.cpp (line:2818)
[0000187] [19:50:19:816806] [Tid0x00003414] [debug] <--[C93] DL_Rom_SetEnableAttr
[0000188] [19:50:19:816806] [Tid0x00003414] [debug] -->[C94] DL_GetCount #./api/api.cpp (line:2599)
[0000189] [19:50:19:816806] [Tid0x00003414] [debug] <--[C94] DL_GetCount
[0000190] [19:50:19:816806] [Tid0x00003414] [debug] -->[C95] DL_Rom_GetInfoAll #./api/api.cpp (line:2764)
[0000191] [19:50:19:817806] [Tid0x00003414] [debug] <--[C95] DL_Rom_GetInfoAll
[0000192] [19:50:19:819805] [Tid0x00003414] [debug] -->[C96] DL_Rom_SetEnableAttr #./api/api.cpp (line:2818)
[0000193] [19:50:19:819805] [Tid0x00003414] [debug] <--[C96] DL_Rom_SetEnableAttr
[0000194] [19:50:19:827805] [Tid0x00003414] [debug] -->[C97] DL_GetCount #./api/api.cpp (line:2599)
[0000195] [19:50:19:827805] [Tid0x00003414] [debug] <--[C97] DL_GetCount
[0000196] [19:50:19:827805] [Tid0x00003414] [debug] -->[C98] DL_Rom_GetInfoAll #./api/api.cpp (line:2764)
[0000197] [19:50:19:827805] [Tid0x00003414] [debug] <--[C98] DL_Rom_GetInfoAll
[0000198] [19:50:19:829804] [Tid0x00003414] [debug] -->[C99] DL_Rom_SetEnableAttr #./api/api.cpp (line:2818)
[0000199] [19:50:19:829804] [Tid0x00003414] [debug] <--[C99] DL_Rom_SetEnableAttr
[0000200] [19:50:19:837804] [Tid0x00003414] [debug] -->[C100] DL_GetCount #./api/api.cpp (line:2599)
[0000201] [19:50:19:837804] [Tid0x00003414] [debug] <--[C100] DL_GetCount
[0000202] [19:50:19:837804] [Tid0x00003414] [debug] -->[C101] DL_Rom_GetInfoAll #./api/api.cpp (line:2764)
[0000203] [19:50:19:838803] [Tid0x00003414] [debug] <--[C101] DL_Rom_GetInfoAll
[0000204] [19:50:19:840803] [Tid0x00003414] [debug] -->[C102] DL_Rom_SetEnableAttr #./api/api.cpp (line:2818)
[0000205] [19:50:19:840803] [Tid0x00003414] [debug] <--[C102] DL_Rom_SetEnableAttr
[0000206] [19:50:19:840803] [Tid0x00003414] [debug] -->[C103] DL_GetCount #./api/api.cpp (line:2599)
[0000207] [19:50:19:840803] [Tid0x00003414] [debug] <--[C103] DL_GetCount
[0000208] [19:50:19:840803] [Tid0x00003414] [debug] -->[C104] DL_Rom_GetInfoAll #./api/api.cpp (line:2764)
[0000209] [19:50:19:841803] [Tid0x00003414] [debug] <--[C104] DL_Rom_GetInfoAll
[0000210] [19:50:19:842803] [Tid0x00003414] [debug] -->[C105] DL_Rom_SetEnableAttr #./api/api.cpp (line:2818)
[0000211] [19:50:19:842803] [Tid0x00003414] [debug] <--[C105] DL_Rom_SetEnableAttr
[0000212] [19:50:19:850802] [Tid0x00003414] [debug] -->[C106] DL_GetCount #./api/api.cpp (line:2599)
[0000213] [19:50:19:850802] [Tid0x00003414] [debug] <--[C106] DL_GetCount
[0000214] [19:50:19:850802] [Tid0x00003414] [debug] -->[C107] DL_Rom_GetInfoAll #./api/api.cpp (line:2764)
[0000215] [19:50:19:851802] [Tid0x00003414] [debug] <--[C107] DL_Rom_GetInfoAll
[0000216] [19:50:19:852802] [Tid0x00003414] [debug] -->[C108] DL_Rom_SetEnableAttr #./api/api.cpp (line:2818)
[0000217] [19:50:19:853802] [Tid0x00003414] [debug] <--[C108] DL_Rom_SetEnableAttr
[0000218] [19:50:19:861801] [Tid0x00003414] [debug] -->[C109] DL_GetCount #./api/api.cpp (line:2599)
[0000219] [19:50:19:861801] [Tid0x00003414] [debug] <--[C109] DL_GetCount
[0000220] [19:50:19:861801] [Tid0x00003414] [debug] -->[C110] DL_Rom_GetInfoAll #./api/api.cpp (line:2764)
[0000221] [19:50:19:861801] [Tid0x00003414] [debug] <--[C110] DL_Rom_GetInfoAll
[0000222] [19:50:19:863801] [Tid0x00003414] [debug] -->[C111] DL_Rom_SetEnableAttr #./api/api.cpp (line:2818)
[0000223] [19:50:19:863801] [Tid0x00003414] [debug] <--[C111] DL_Rom_SetEnableAttr
[0000224] [19:50:19:863801] [Tid0x00003414] [debug] -->[C112] DL_GetCount #./api/api.cpp (line:2599)
[0000225] [19:50:19:863801] [Tid0x00003414] [debug] <--[C112] DL_GetCount
[0000226] [19:50:19:864801] [Tid0x00003414] [debug] -->[C113] DL_Rom_GetInfoAll #./api/api.cpp (line:2764)
[0000227] [19:50:19:864801] [Tid0x00003414] [debug] <--[C113] DL_Rom_GetInfoAll
[0000228] [19:50:19:867801] [Tid0x00003414] [debug] -->[C114] DL_Rom_SetEnableAttr #./api/api.cpp (line:2818)
[0000229] [19:50:19:867801] [Tid0x00003414] [debug] <--[C114] DL_Rom_SetEnableAttr
[0000230] [19:50:19:875800] [Tid0x00003414] [debug] -->[C115] DL_GetCount #./api/api.cpp (line:2599)
[0000231] [19:50:19:875800] [Tid0x00003414] [debug] <--[C115] DL_GetCount
[0000232] [19:50:19:875800] [Tid0x00003414] [debug] -->[C116] DL_Rom_GetInfoAll #./api/api.cpp (line:2764)
[0000233] [19:50:19:876800] [Tid0x00003414] [debug] <--[C116] DL_Rom_GetInfoAll
[0000234] [19:50:19:877800] [Tid0x00003414] [debug] -->[C117] DL_Rom_SetEnableAttr #./api/api.cpp (line:2818)
[0000235] [19:50:19:878799] [Tid0x00003414] [debug] <--[C117] DL_Rom_SetEnableAttr
[0000236] [19:50:19:886799] [Tid0x00003414] [debug] -->[C118] DL_SetChecksumLevel #./api/api.cpp (line:2528)
[0000237] [19:50:19:886799] [Tid0x00003414] [debug] <--[C118] DL_SetChecksumLevel
[0000238] [19:50:48:926555] [Tid0x00003414] [debug] -->[C119] DL_GetCount #./api/api.cpp (line:2599)
[0000239] [19:50:48:927555] [Tid0x00003414] [debug] <--[C119] DL_GetCount
[0000240] [19:50:48:927555] [Tid0x00003414] [debug] -->[C120] DL_Rom_GetInfoAll #./api/api.cpp (line:2764)
[0000241] [19:50:48:927555] [Tid0x00003414] [debug] <--[C120] DL_Rom_GetInfoAll
[0000242] [19:50:48:929555] [Tid0x00003414] [debug] -->[C121] DL_GetCount #./api/api.cpp (line:2599)
[0000243] [19:50:48:929555] [Tid0x00003414] [debug] <--[C121] DL_GetCount
[0000244] [19:50:48:929555] [Tid0x00003414] [debug] -->[C122] DL_Rom_GetInfoAll #./api/api.cpp (line:2764)
[0000245] [19:50:48:930555] [Tid0x00003414] [debug] <--[C122] DL_Rom_GetInfoAll
[0000246] [19:51:50:233664] [Tid0x00002acc] [debug] -->[C123] FlashTool_Disconnect_BROM #./api/api.cpp (line:1051)
[0000247] [19:51:50:421664] [Tid0x00002acc] [debug] <--[C123] FlashTool_Disconnect_BROM
[0000248] [19:51:53:610849] [Tid0x00003414] [debug] -->[C124] DL_Rom_UnloadAll #./api/api.cpp (line:2807)
[0000249] [19:51:53:612849] [Tid0x00003414] [debug] <--[C124] DL_Rom_UnloadAll
