==================================================================================================================================
MediaTek SP Flash Tool v5.1644.00 runtime trace is ON.
Build: 2016/11/02 14:43 (0x357405)
Comment: N/A
Load Path: C:/ProgramData/Motorola/SmartTool/FlashTools/SP_Flash_Tool_5.1644
==================================================================================================================================

08/03/2017 19:49:34.405 FlashTool[14320][13332][D]: AppCore::LoadDA(): loading DA (41, C:\ProgramData\Motorola\SmartTool\FlashTools\SP_Flash_Tool_5.1644\DA_SWSEC.bin)(..\..\flashtool\Public\AppCore.cpp,54)
08/03/2017 19:49:34.423 FlashTool[14320][13332][D]: APCore::DAHandle::DAHandle(): ctor of DAHandle(..\..\flashtool\Resource\Handle\DAHandle.cpp,18)
08/03/2017 19:49:34.516 FlashTool[14320][13332][D]: DownloadWidget::LoadLastScatterFile(): Init read the history list size is 5.
(..\..\flashtool\UI\src\DownloadWidget.cpp,483)
08/03/2017 19:49:34.540 FlashTool[14320][13332][D]: APCore::DLHandle::DLHandle(): DL_Create(0)(..\..\flashtool\Resource\Handle\DLHandle.cpp,12)
08/03/2017 19:49:34.540 FlashTool[14320][13332][D]: APCore::DLHandle::SetStopLoadFlag(): set DL_SetStopFlag(0).(..\..\flashtool\Resource\Handle\DLHandle.cpp,214)
08/03/2017 19:49:34.541 FlashTool[14320][13332][D]: LoadScatterRunnable::LoadScatterRunnable(): ctor of LoadScatterRunnable...(..\..\flashtool\UI\src\AsyncResourceLoader.cpp,24)
08/03/2017 19:49:34.541 FlashTool[14320][6180][D]: AppCore::LoadScatter(): loading scatter (41, C:\ProgramData\Motorola\SmartTool\RecoveryFiles\APAC_A158L_K300_DS_V1.0B22_DL_user_SVC1\MT6737M_Android_scatter.txt)(..\..\flashtool\Public\AppCore.cpp,181)
08/03/2017 19:49:35.285 FlashTool[14320][6180][D]: ChksumRule::IniChksumMap(): Check if do checksum(1)(..\..\flashtool\Rules\ChksumRule.cpp,38)
08/03/2017 19:49:35.285 FlashTool[14320][6180][D]: ChksumRule::IniChksumMap(): chksum name(boot), chksum value(0x44e3)(..\..\flashtool\Rules\ChksumRule.cpp,51)
08/03/2017 19:49:35.285 FlashTool[14320][6180][D]: ChksumRule::IniChksumMap(): chksum name(cache), chksum value(0x8cbd)(..\..\flashtool\Rules\ChksumRule.cpp,51)
08/03/2017 19:49:35.285 FlashTool[14320][6180][D]: ChksumRule::IniChksumMap(): chksum name(lk), chksum value(0xc1db)(..\..\flashtool\Rules\ChksumRule.cpp,51)
08/03/2017 19:49:35.285 FlashTool[14320][6180][D]: ChksumRule::IniChksumMap(): chksum name(logo), chksum value(0x4c2e)(..\..\flashtool\Rules\ChksumRule.cpp,51)
08/03/2017 19:49:35.285 FlashTool[14320][6180][D]: ChksumRule::IniChksumMap(): chksum name(preloader), chksum value(0x6d0c)(..\..\flashtool\Rules\ChksumRule.cpp,51)
08/03/2017 19:49:35.285 FlashTool[14320][6180][D]: ChksumRule::IniChksumMap(): chksum name(recovery), chksum value(0x200e)(..\..\flashtool\Rules\ChksumRule.cpp,51)
08/03/2017 19:49:35.285 FlashTool[14320][6180][D]: ChksumRule::IniChksumMap(): chksum name(secro), chksum value(0x4075)(..\..\flashtool\Rules\ChksumRule.cpp,51)
08/03/2017 19:49:35.286 FlashTool[14320][6180][D]: ChksumRule::IniChksumMap(): chksum name(system), chksum value(0xf742)(..\..\flashtool\Rules\ChksumRule.cpp,51)
08/03/2017 19:49:35.286 FlashTool[14320][6180][D]: ChksumRule::IniChksumMap(): chksum name(tee1), chksum value(0xe079)(..\..\flashtool\Rules\ChksumRule.cpp,51)
08/03/2017 19:49:35.286 FlashTool[14320][6180][D]: ChksumRule::IniChksumMap(): chksum name(tee2), chksum value(0xe079)(..\..\flashtool\Rules\ChksumRule.cpp,51)
08/03/2017 19:49:35.286 FlashTool[14320][6180][D]: ChksumRule::IniChksumMap(): chksum name(userdata), chksum value(0xd1c0)(..\..\flashtool\Rules\ChksumRule.cpp,51)
08/03/2017 19:49:35.287 FlashTool[14320][6180][D]: AppCore::VerifyImageChksum(): image_name(preloader), chksum_value(27916), index(0)(..\..\flashtool\Public\AppCore.cpp,230)
08/03/2017 19:49:35.288 FlashTool[14320][6180][D]: AppCore::VerifyImageChksum(): skip chksum for rom(pgpt).(..\..\flashtool\Public\AppCore.cpp,221)
08/03/2017 19:49:35.288 FlashTool[14320][6180][D]: AppCore::VerifyImageChksum(): skip chksum for rom(proinfo).(..\..\flashtool\Public\AppCore.cpp,221)
08/03/2017 19:49:35.288 FlashTool[14320][6180][D]: AppCore::VerifyImageChksum(): skip chksum for rom(nvram).(..\..\flashtool\Public\AppCore.cpp,221)
08/03/2017 19:49:35.288 FlashTool[14320][6180][D]: AppCore::VerifyImageChksum(): skip chksum for rom(protect1).(..\..\flashtool\Public\AppCore.cpp,221)
08/03/2017 19:49:35.289 FlashTool[14320][6180][D]: AppCore::VerifyImageChksum(): skip chksum for rom(protect2).(..\..\flashtool\Public\AppCore.cpp,221)
08/03/2017 19:49:35.289 FlashTool[14320][6180][D]: AppCore::VerifyImageChksum(): image_name(lk), chksum_value(49627), index(6)(..\..\flashtool\Public\AppCore.cpp,230)
08/03/2017 19:49:35.290 FlashTool[14320][6180][D]: AppCore::VerifyImageChksum(): skip chksum for rom(para).(..\..\flashtool\Public\AppCore.cpp,221)
08/03/2017 19:49:35.290 FlashTool[14320][6180][D]: AppCore::VerifyImageChksum(): image_name(boot), chksum_value(17635), index(8)(..\..\flashtool\Public\AppCore.cpp,230)
08/03/2017 19:49:35.493 FlashTool[14320][6180][D]: AppCore::VerifyImageChksum(): image_name(recovery), chksum_value(8206), index(9)(..\..\flashtool\Public\AppCore.cpp,230)
08/03/2017 19:49:35.771 FlashTool[14320][6180][D]: AppCore::VerifyImageChksum(): image_name(logo), chksum_value(19502), index(10)(..\..\flashtool\Public\AppCore.cpp,230)
08/03/2017 19:49:35.861 FlashTool[14320][6180][D]: AppCore::VerifyImageChksum(): skip chksum for rom(expdb).(..\..\flashtool\Public\AppCore.cpp,221)
08/03/2017 19:49:35.861 FlashTool[14320][6180][D]: AppCore::VerifyImageChksum(): skip chksum for rom(seccfg).(..\..\flashtool\Public\AppCore.cpp,221)
08/03/2017 19:49:35.862 FlashTool[14320][6180][D]: AppCore::VerifyImageChksum(): skip chksum for rom(oemkeystore).(..\..\flashtool\Public\AppCore.cpp,221)
08/03/2017 19:49:35.862 FlashTool[14320][6180][D]: AppCore::VerifyImageChksum(): image_name(secro), chksum_value(16501), index(14)(..\..\flashtool\Public\AppCore.cpp,230)
08/03/2017 19:49:35.863 FlashTool[14320][6180][D]: AppCore::VerifyImageChksum(): skip chksum for rom(keystore).(..\..\flashtool\Public\AppCore.cpp,221)
08/03/2017 19:49:35.863 FlashTool[14320][6180][D]: AppCore::VerifyImageChksum(): image_name(tee1), chksum_value(57465), index(16)(..\..\flashtool\Public\AppCore.cpp,230)
08/03/2017 19:49:35.863 FlashTool[14320][6180][D]: AppCore::VerifyImageChksum(): image_name(tee2), chksum_value(57465), index(17)(..\..\flashtool\Public\AppCore.cpp,230)
08/03/2017 19:49:35.864 FlashTool[14320][6180][D]: AppCore::VerifyImageChksum(): skip chksum for rom(frp).(..\..\flashtool\Public\AppCore.cpp,221)
08/03/2017 19:49:35.864 FlashTool[14320][6180][D]: AppCore::VerifyImageChksum(): skip chksum for rom(nvdata).(..\..\flashtool\Public\AppCore.cpp,221)
08/03/2017 19:49:35.864 FlashTool[14320][6180][D]: AppCore::VerifyImageChksum(): skip chksum for rom(metadata).(..\..\flashtool\Public\AppCore.cpp,221)
08/03/2017 19:49:35.864 FlashTool[14320][6180][D]: AppCore::VerifyImageChksum(): image_name(system), chksum_value(63298), index(21)(..\..\flashtool\Public\AppCore.cpp,230)
08/03/2017 19:50:17.698 FlashTool[14320][6180][D]: AppCore::VerifyImageChksum(): image_name(cache), chksum_value(36029), index(22)(..\..\flashtool\Public\AppCore.cpp,230)
08/03/2017 19:50:18.013 FlashTool[14320][6180][D]: AppCore::VerifyImageChksum(): image_name(userdata), chksum_value(53696), index(23)(..\..\flashtool\Public\AppCore.cpp,230)
08/03/2017 19:50:18.778 FlashTool[14320][6180][D]: AppCore::VerifyImageChksum(): skip chksum for rom(otp).(..\..\flashtool\Public\AppCore.cpp,221)
08/03/2017 19:50:18.778 FlashTool[14320][6180][D]: AppCore::VerifyImageChksum(): skip chksum for rom(flashinfo).(..\..\flashtool\Public\AppCore.cpp,221)
08/03/2017 19:50:18.778 FlashTool[14320][6180][D]: AppCore::VerifyImageChksum(): skip chksum for rom(sgpt).(..\..\flashtool\Public\AppCore.cpp,221)
08/03/2017 19:50:19.043 FlashTool[14320][6180][D]: LoadScatterRunnable::~LoadScatterRunnable(): dtor of LoadScatterRunnable...(..\..\flashtool\UI\src\AsyncResourceLoader.cpp,35)
08/03/2017 19:50:19.191 FlashTool[14320][13332][D]: APCore::DLHandle::GetPlatformInfo(): Platform Info: storage(EMMC), chip(MT6737M)(..\..\flashtool\Resource\Handle\DLHandle.cpp,93)
08/03/2017 19:50:19.335 FlashTool[14320][13332][D]: TiXmlDocument::LoadFile(): LoadFile filename: C:/ProgramData/Motorola/SmartTool/FlashTools/SP_Flash_Tool_5.1644\platform.xml(..\..\flashtool\XMLParser\tinyxml.cpp,977)
08/03/2017 19:50:19.335 FlashTool[14320][13332][D]: TiXmlFOpen(): open file: C:/ProgramData/Motorola/SmartTool/FlashTools/SP_Flash_Tool_5.1644\platform.xml(..\..\flashtool\XMLParser\tinyxml.cpp,52)
08/03/2017 19:50:19.395 FlashTool[14320][13332][D]: TiXmlFOpen(): create time: 2017/01/12 13:32:54(..\..\flashtool\XMLParser\tinyxml.cpp,69)
08/03/2017 19:50:19.395 FlashTool[14320][13332][D]: TiXmlFOpen(): modify time: 2016/11/02 14:49:24(..\..\flashtool\XMLParser\tinyxml.cpp,77)
08/03/2017 19:50:19.395 FlashTool[14320][13332][D]: TiXmlFOpen(): access time: 2017/04/24 14:45:21(..\..\flashtool\XMLParser\tinyxml.cpp,85)
08/03/2017 19:50:19.461 FlashTool[14320][13332][D]: Platform::LoadXML(): default_bmt_blocks is 80.
(..\..\flashtool\Rules\PlatformRule.cpp,89)
08/03/2017 19:50:19.461 FlashTool[14320][13332][D]: Platform::LoadXML(): default_bmt_blocks is 80.
(..\..\flashtool\Rules\PlatformRule.cpp,89)
08/03/2017 19:50:19.461 FlashTool[14320][13332][D]: Platform::LoadXML(): default_bmt_blocks is 80.
(..\..\flashtool\Rules\PlatformRule.cpp,89)
08/03/2017 19:50:19.461 FlashTool[14320][13332][D]: Platform::LoadXML(): default_bmt_blocks is 80.
(..\..\flashtool\Rules\PlatformRule.cpp,89)
08/03/2017 19:50:19.461 FlashTool[14320][13332][D]: Platform::LoadXML(): default_bmt_blocks is 80.
(..\..\flashtool\Rules\PlatformRule.cpp,89)
08/03/2017 19:50:19.461 FlashTool[14320][13332][D]: Platform::LoadXML(): default_bmt_blocks is 80.
(..\..\flashtool\Rules\PlatformRule.cpp,89)
08/03/2017 19:50:19.461 FlashTool[14320][13332][D]: Platform::LoadXML(): default_bmt_blocks is 80.
(..\..\flashtool\Rules\PlatformRule.cpp,89)
08/03/2017 19:50:19.461 FlashTool[14320][13332][D]: Platform::LoadXML(): default_bmt_blocks is 80.
(..\..\flashtool\Rules\PlatformRule.cpp,89)
08/03/2017 19:50:19.461 FlashTool[14320][13332][D]: Platform::LoadXML(): default_bmt_blocks is 80.
(..\..\flashtool\Rules\PlatformRule.cpp,89)
08/03/2017 19:50:19.461 FlashTool[14320][13332][D]: Platform::LoadXML(): default_bmt_blocks is 80.
(..\..\flashtool\Rules\PlatformRule.cpp,89)
08/03/2017 19:50:19.462 FlashTool[14320][13332][D]: Platform::LoadXML(): default_bmt_blocks is 80.
(..\..\flashtool\Rules\PlatformRule.cpp,89)
08/03/2017 19:50:19.462 FlashTool[14320][13332][D]: Platform::LoadXML(): default_bmt_blocks is 80.
(..\..\flashtool\Rules\PlatformRule.cpp,89)
08/03/2017 19:50:19.462 FlashTool[14320][13332][D]: Platform::LoadXML(): default_bmt_blocks is 80.
(..\..\flashtool\Rules\PlatformRule.cpp,89)
08/03/2017 19:50:19.462 FlashTool[14320][13332][D]: Platform::LoadXML(): default_bmt_blocks is 80.
(..\..\flashtool\Rules\PlatformRule.cpp,89)
08/03/2017 19:50:19.462 FlashTool[14320][13332][D]: Platform::LoadXML(): default_bmt_blocks is 80.
(..\..\flashtool\Rules\PlatformRule.cpp,89)
08/03/2017 19:50:19.462 FlashTool[14320][13332][D]: Platform::LoadXML(): default_bmt_blocks is 80.
(..\..\flashtool\Rules\PlatformRule.cpp,89)
08/03/2017 19:50:19.462 FlashTool[14320][13332][D]: Platform::LoadXML(): default_bmt_blocks is 80.
(..\..\flashtool\Rules\PlatformRule.cpp,89)
08/03/2017 19:50:19.462 FlashTool[14320][13332][D]: Platform::LoadXML(): default_bmt_blocks is 80.
(..\..\flashtool\Rules\PlatformRule.cpp,89)
08/03/2017 19:50:19.462 FlashTool[14320][13332][D]: Platform::LoadXML(): default_bmt_blocks is 80.
(..\..\flashtool\Rules\PlatformRule.cpp,89)
08/03/2017 19:50:19.462 FlashTool[14320][13332][D]: Platform::LoadXML(): default_bmt_blocks is 80.
(..\..\flashtool\Rules\PlatformRule.cpp,89)
08/03/2017 19:50:19.462 FlashTool[14320][13332][D]: Platform::LoadXML(): default_bmt_blocks is 80.
(..\..\flashtool\Rules\PlatformRule.cpp,89)
08/03/2017 19:50:19.463 FlashTool[14320][13332][D]: Platform::LoadXML(): default_bmt_blocks is 80.
(..\..\flashtool\Rules\PlatformRule.cpp,89)
08/03/2017 19:50:19.463 FlashTool[14320][13332][D]: Platform::LoadXML(): default_bmt_blocks is 80.
(..\..\flashtool\Rules\PlatformRule.cpp,89)
08/03/2017 19:50:19.463 FlashTool[14320][13332][D]: Platform::LoadXML(): default_bmt_blocks is 80.
(..\..\flashtool\Rules\PlatformRule.cpp,89)
08/03/2017 19:50:19.463 FlashTool[14320][13332][D]: Platform::LoadXML(): default_bmt_blocks is 80.
(..\..\flashtool\Rules\PlatformRule.cpp,89)
08/03/2017 19:50:19.463 FlashTool[14320][13332][D]: Platform::LoadXML(): default_bmt_blocks is 80.
(..\..\flashtool\Rules\PlatformRule.cpp,89)
08/03/2017 19:50:19.463 FlashTool[14320][13332][D]: Platform::LoadXML(): default_bmt_blocks is 80.
(..\..\flashtool\Rules\PlatformRule.cpp,89)
08/03/2017 19:50:19.463 FlashTool[14320][13332][D]: Platform::LoadXML(): default_bmt_blocks is 80.
(..\..\flashtool\Rules\PlatformRule.cpp,89)
08/03/2017 19:50:19.463 FlashTool[14320][13332][D]: Platform::LoadXML(): default_bmt_blocks is 80.
(..\..\flashtool\Rules\PlatformRule.cpp,89)
08/03/2017 19:50:19.463 FlashTool[14320][13332][D]: Platform::LoadXML(): default_bmt_blocks is 80.
(..\..\flashtool\Rules\PlatformRule.cpp,89)
08/03/2017 19:50:19.463 FlashTool[14320][13332][D]: Platform::LoadXML(): default_bmt_blocks is 80.
(..\..\flashtool\Rules\PlatformRule.cpp,89)
08/03/2017 19:50:19.463 FlashTool[14320][13332][D]: Platform::LoadXML(): default_bmt_blocks is 80.
(..\..\flashtool\Rules\PlatformRule.cpp,89)
08/03/2017 19:50:19.463 FlashTool[14320][13332][D]: Platform::LoadXML(): default_bmt_blocks is 80.
(..\..\flashtool\Rules\PlatformRule.cpp,89)
08/03/2017 19:50:19.464 FlashTool[14320][13332][D]: Platform::LoadXML(): default_bmt_blocks is 80.
(..\..\flashtool\Rules\PlatformRule.cpp,89)
08/03/2017 19:50:19.464 FlashTool[14320][13332][D]: Platform::LoadXML(): default_bmt_blocks is 80.
(..\..\flashtool\Rules\PlatformRule.cpp,89)
08/03/2017 19:50:19.464 FlashTool[14320][13332][D]: Platform::LoadXML(): default_bmt_blocks is 80.
(..\..\flashtool\Rules\PlatformRule.cpp,89)
08/03/2017 19:50:19.464 FlashTool[14320][13332][D]: Platform::LoadXML(): default_bmt_blocks is 80.
(..\..\flashtool\Rules\PlatformRule.cpp,89)
08/03/2017 19:50:19.464 FlashTool[14320][13332][D]: Platform::LoadXML(): default_bmt_blocks is 80.
(..\..\flashtool\Rules\PlatformRule.cpp,89)
08/03/2017 19:50:19.464 FlashTool[14320][13332][D]: Platform::LoadXML(): default_bmt_blocks is 80.
(..\..\flashtool\Rules\PlatformRule.cpp,89)
08/03/2017 19:50:19.464 FlashTool[14320][13332][D]: PlatformTable::parseScatterName(): PlatformTable::parseScatterName() : MT6737M(..\..\flashtool\Rules\PlatformRule.cpp,134)
08/03/2017 19:50:19.464 FlashTool[14320][13332][D]: PlatformTable::parseScatterName(): lower name = elbrus(..\..\flashtool\Rules\PlatformRule.cpp,144)
08/03/2017 19:50:19.464 FlashTool[14320][13332][D]: PlatformTable::parseScatterName(): lower name = mt0690(..\..\flashtool\Rules\PlatformRule.cpp,144)
08/03/2017 19:50:19.464 FlashTool[14320][13332][D]: PlatformTable::parseScatterName(): lower name = mt2601(..\..\flashtool\Rules\PlatformRule.cpp,144)
08/03/2017 19:50:19.464 FlashTool[14320][13332][D]: PlatformTable::parseScatterName(): lower name = mt6570(..\..\flashtool\Rules\PlatformRule.cpp,144)
08/03/2017 19:50:19.465 FlashTool[14320][13332][D]: PlatformTable::parseScatterName(): lower name = mt6571(..\..\flashtool\Rules\PlatformRule.cpp,144)
08/03/2017 19:50:19.465 FlashTool[14320][13332][D]: PlatformTable::parseScatterName(): lower name = mt6572(..\..\flashtool\Rules\PlatformRule.cpp,144)
08/03/2017 19:50:19.465 FlashTool[14320][13332][D]: PlatformTable::parseScatterName(): lower name = mt6573(..\..\flashtool\Rules\PlatformRule.cpp,144)
08/03/2017 19:50:19.465 FlashTool[14320][13332][D]: PlatformTable::parseScatterName(): lower name = mt6575(..\..\flashtool\Rules\PlatformRule.cpp,144)
08/03/2017 19:50:19.465 FlashTool[14320][13332][D]: PlatformTable::parseScatterName(): lower name = mt6577(..\..\flashtool\Rules\PlatformRule.cpp,144)
08/03/2017 19:50:19.465 FlashTool[14320][13332][D]: PlatformTable::parseScatterName(): lower name = mt6580(..\..\flashtool\Rules\PlatformRule.cpp,144)
08/03/2017 19:50:19.465 FlashTool[14320][13332][D]: PlatformTable::parseScatterName(): lower name = mt6582(..\..\flashtool\Rules\PlatformRule.cpp,144)
08/03/2017 19:50:19.465 FlashTool[14320][13332][D]: PlatformTable::parseScatterName(): lower name = mt6589(..\..\flashtool\Rules\PlatformRule.cpp,144)
08/03/2017 19:50:19.465 FlashTool[14320][13332][D]: PlatformTable::parseScatterName(): lower name = mt6592(..\..\flashtool\Rules\PlatformRule.cpp,144)
08/03/2017 19:50:19.465 FlashTool[14320][13332][D]: PlatformTable::parseScatterName(): lower name = mt6595(..\..\flashtool\Rules\PlatformRule.cpp,144)
08/03/2017 19:50:19.465 FlashTool[14320][13332][D]: PlatformTable::parseScatterName(): lower name = mt6735(..\..\flashtool\Rules\PlatformRule.cpp,144)
08/03/2017 19:50:19.465 FlashTool[14320][13332][D]: PlatformTable::parseScatterName(): lower name = mt6735m(..\..\flashtool\Rules\PlatformRule.cpp,144)
08/03/2017 19:50:19.481 FlashTool[14320][13332][D]: APCore::PlatformSetting::initByNewScatterFile(): PlatformSetting::initByScatterFile(): notifying OBs with new platform: MT6737M(..\..\flashtool\Setting\PlatformSetting.cpp,107)
08/03/2017 19:50:19.481 FlashTool[14320][13332][D]: APCore::PlatformSetting::getLoadPlatformName(): PlatformSetting::getLoadPlatformName(): MT6737M(..\..\flashtool\Setting\PlatformSetting.cpp,170)
08/03/2017 19:50:19.507 FlashTool[14320][13332][D]: APCore::PlatformSetting::getLoadPlatformName(): PlatformSetting::getLoadPlatformName(): MT6737M(..\..\flashtool\Setting\PlatformSetting.cpp,170)
08/03/2017 19:50:19.507 FlashTool[14320][13332][D]: APCore::PlatformSetting::getLoadPlatformName(): PlatformSetting::getLoadPlatformName(): MT6737M(..\..\flashtool\Setting\PlatformSetting.cpp,170)
08/03/2017 19:50:19.507 FlashTool[14320][13332][D]: APCore::PlatformSetting::initByNewScatterFile(): 
-------------dumping platform config-------------
name:MT6737M_S00
simple_name:MT6737M
-----------------------------------------------
(..\..\flashtool\Setting\PlatformSetting.cpp,110)
08/03/2017 19:50:19.507 FlashTool[14320][13332][D]: TiXmlDocument::LoadFile(): LoadFile filename: C:/ProgramData/Motorola/SmartTool/FlashTools/SP_Flash_Tool_5.1644\storage_setting.xml(..\..\flashtool\XMLParser\tinyxml.cpp,977)
08/03/2017 19:50:19.507 FlashTool[14320][13332][D]: TiXmlFOpen(): open file: C:/ProgramData/Motorola/SmartTool/FlashTools/SP_Flash_Tool_5.1644\storage_setting.xml(..\..\flashtool\XMLParser\tinyxml.cpp,52)
08/03/2017 19:50:19.508 FlashTool[14320][13332][D]: TiXmlFOpen(): create time: 2017/01/12 13:32:54(..\..\flashtool\XMLParser\tinyxml.cpp,69)
08/03/2017 19:50:19.508 FlashTool[14320][13332][D]: TiXmlFOpen(): modify time: 2016/11/02 14:49:24(..\..\flashtool\XMLParser\tinyxml.cpp,77)
08/03/2017 19:50:19.508 FlashTool[14320][13332][D]: TiXmlFOpen(): access time: 2017/04/24 14:45:23(..\..\flashtool\XMLParser\tinyxml.cpp,85)
08/03/2017 19:50:19.530 FlashTool[14320][13332][D]: FlashToolStorageTable::Dump(): platform(MT6516).(..\..\flashtool\Rules\StorageRule.cpp,142)
08/03/2017 19:50:19.531 FlashTool[14320][13332][D]: FlashToolStorageTable::Dump(): storage type(EMMC) -> is_support(false), is_support_auto_format(false), storage_type_(HW_STORAGE_EMMC), memory_type_(HW_MEM_EMMC).(..\..\flashtool\Rules\StorageRule.cpp,146)
08/03/2017 19:50:19.531 FlashTool[14320][13332][D]: FlashToolStorageTable::Dump(): storage type(NAND) -> is_support(true), is_support_auto_format(true), storage_type_(HW_STORAGE_NAND), memory_type_(HW_MEM_NAND).(..\..\flashtool\Rules\StorageRule.cpp,146)
08/03/2017 19:50:19.531 FlashTool[14320][13332][D]: FlashToolStorageTable::Dump(): storage type(NOR) -> is_support(false), is_support_auto_format(false), storage_type_(HW_STORAGE_NOR), memory_type_(HW_MEM_NOR).(..\..\flashtool\Rules\StorageRule.cpp,146)
08/03/2017 19:50:19.531 FlashTool[14320][13332][D]: FlashToolStorageTable::Dump(): storage type(SDMMC) -> is_support(false), is_support_auto_format(false), storage_type_(HW_STORAGE_SDMMC), memory_type_(HW_MEM_SDMMC).(..\..\flashtool\Rules\StorageRule.cpp,146)
08/03/2017 19:50:19.531 FlashTool[14320][13332][D]: FlashToolStorageTable::Dump(): platform(MT6573).(..\..\flashtool\Rules\StorageRule.cpp,142)
08/03/2017 19:50:19.531 FlashTool[14320][13332][D]: FlashToolStorageTable::Dump(): storage type(EMMC) -> is_support(true), is_support_auto_format(false), storage_type_(HW_STORAGE_EMMC), memory_type_(HW_MEM_EMMC).(..\..\flashtool\Rules\StorageRule.cpp,146)
08/03/2017 19:50:19.531 FlashTool[14320][13332][D]: FlashToolStorageTable::Dump(): storage type(NAND) -> is_support(true), is_support_auto_format(true), storage_type_(HW_STORAGE_NAND), memory_type_(HW_MEM_NAND).(..\..\flashtool\Rules\StorageRule.cpp,146)
08/03/2017 19:50:19.531 FlashTool[14320][13332][D]: FlashToolStorageTable::Dump(): storage type(NOR) -> is_support(false), is_support_auto_format(false), storage_type_(HW_STORAGE_NOR), memory_type_(HW_MEM_NOR).(..\..\flashtool\Rules\StorageRule.cpp,146)
08/03/2017 19:50:19.531 FlashTool[14320][13332][D]: FlashToolStorageTable::Dump(): storage type(SDMMC) -> is_support(false), is_support_auto_format(false), storage_type_(HW_STORAGE_SDMMC), memory_type_(HW_MEM_SDMMC).(..\..\flashtool\Rules\StorageRule.cpp,146)
08/03/2017 19:50:19.531 FlashTool[14320][13332][D]: FlashToolStorageTable::Dump(): platform(MT6575).(..\..\flashtool\Rules\StorageRule.cpp,142)
08/03/2017 19:50:19.531 FlashTool[14320][13332][D]: FlashToolStorageTable::Dump(): storage type(EMMC) -> is_support(true), is_support_auto_format(true), storage_type_(HW_STORAGE_EMMC), memory_type_(HW_MEM_EMMC).(..\..\flashtool\Rules\StorageRule.cpp,146)
08/03/2017 19:50:19.532 FlashTool[14320][13332][D]: FlashToolStorageTable::Dump(): storage type(NAND) -> is_support(true), is_support_auto_format(true), storage_type_(HW_STORAGE_NAND), memory_type_(HW_MEM_NAND).(..\..\flashtool\Rules\StorageRule.cpp,146)
08/03/2017 19:50:19.532 FlashTool[14320][13332][D]: FlashToolStorageTable::Dump(): storage type(NOR) -> is_support(false), is_support_auto_format(false), storage_type_(HW_STORAGE_NOR), memory_type_(HW_MEM_NOR).(..\..\flashtool\Rules\StorageRule.cpp,146)
08/03/2017 19:50:19.532 FlashTool[14320][13332][D]: FlashToolStorageTable::Dump(): storage type(SDMMC) -> is_support(true), is_support_auto_format(false), storage_type_(HW_STORAGE_SDMMC), memory_type_(HW_MEM_SDMMC).(..\..\flashtool\Rules\StorageRule.cpp,146)
08/03/2017 19:50:19.532 FlashTool[14320][13332][D]: FlashToolStorageTable::Dump(): platform(MT6577).(..\..\flashtool\Rules\StorageRule.cpp,142)
08/03/2017 19:50:19.532 FlashTool[14320][13332][D]: FlashToolStorageTable::Dump(): storage type(EMMC) -> is_support(true), is_support_auto_format(true), storage_type_(HW_STORAGE_EMMC), memory_type_(HW_MEM_EMMC).(..\..\flashtool\Rules\StorageRule.cpp,146)
08/03/2017 19:50:19.532 FlashTool[14320][13332][D]: FlashToolStorageTable::Dump(): storage type(NAND) -> is_support(true), is_support_auto_format(true), storage_type_(HW_STORAGE_NAND), memory_type_(HW_MEM_NAND).(..\..\flashtool\Rules\StorageRule.cpp,146)
08/03/2017 19:50:19.532 FlashTool[14320][13332][D]: FlashToolStorageTable::Dump(): storage type(NOR) -> is_support(false), is_support_auto_format(false), storage_type_(HW_STORAGE_NOR), memory_type_(HW_MEM_NOR).(..\..\flashtool\Rules\StorageRule.cpp,146)
08/03/2017 19:50:19.532 FlashTool[14320][13332][D]: FlashToolStorageTable::Dump(): storage type(SDMMC) -> is_support(true), is_support_auto_format(false), storage_type_(HW_STORAGE_SDMMC), memory_type_(HW_MEM_SDMMC).(..\..\flashtool\Rules\StorageRule.cpp,146)
08/03/2017 19:50:19.532 FlashTool[14320][13332][D]: FlashToolStorageTable::Dump(): platform(MT6589).(..\..\flashtool\Rules\StorageRule.cpp,142)
08/03/2017 19:50:19.532 FlashTool[14320][13332][D]: FlashToolStorageTable::Dump(): storage type(EMMC) -> is_support(true), is_support_auto_format(true), storage_type_(HW_STORAGE_EMMC), memory_type_(HW_MEM_EMMC).(..\..\flashtool\Rules\StorageRule.cpp,146)
08/03/2017 19:50:19.532 FlashTool[14320][13332][D]: FlashToolStorageTable::Dump(): storage type(NAND) -> is_support(true), is_support_auto_format(true), storage_type_(HW_STORAGE_NAND), memory_type_(HW_MEM_NAND).(..\..\flashtool\Rules\StorageRule.cpp,146)
08/03/2017 19:50:19.532 FlashTool[14320][13332][D]: FlashToolStorageTable::Dump(): storage type(NOR) -> is_support(false), is_support_auto_format(false), storage_type_(HW_STORAGE_NOR), memory_type_(HW_MEM_NOR).(..\..\flashtool\Rules\StorageRule.cpp,146)
08/03/2017 19:50:19.532 FlashTool[14320][13332][D]: FlashToolStorageTable::Dump(): storage type(SDMMC) -> is_support(true), is_support_auto_format(false), storage_type_(HW_STORAGE_SDMMC), memory_type_(HW_MEM_SDMMC).(..\..\flashtool\Rules\StorageRule.cpp,146)
08/03/2017 19:50:19.532 FlashTool[14320][13332][D]: FlashToolStorageTable::Dump(): platform(MT6572).(..\..\flashtool\Rules\StorageRule.cpp,142)
08/03/2017 19:50:19.533 FlashTool[14320][13332][D]: FlashToolStorageTable::Dump(): storage type(EMMC) -> is_support(true), is_support_auto_format(true), storage_type_(HW_STORAGE_EMMC), memory_type_(HW_MEM_EMMC).(..\..\flashtool\Rules\StorageRule.cpp,146)
08/03/2017 19:50:19.533 FlashTool[14320][13332][D]: FlashToolStorageTable::Dump(): storage type(NAND) -> is_support(true), is_support_auto_format(true), storage_type_(HW_STORAGE_NAND), memory_type_(HW_MEM_NAND).(..\..\flashtool\Rules\StorageRule.cpp,146)
08/03/2017 19:50:19.533 FlashTool[14320][13332][D]: FlashToolStorageTable::Dump(): storage type(NOR) -> is_support(false), is_support_auto_format(false), storage_type_(HW_STORAGE_NOR), memory_type_(HW_MEM_NOR).(..\..\flashtool\Rules\StorageRule.cpp,146)
08/03/2017 19:50:19.533 FlashTool[14320][13332][D]: FlashToolStorageTable::Dump(): storage type(SDMMC) -> is_support(true), is_support_auto_format(true), storage_type_(HW_STORAGE_SDMMC), memory_type_(HW_MEM_SDMMC).(..\..\flashtool\Rules\StorageRule.cpp,146)
08/03/2017 19:50:19.533 FlashTool[14320][13332][D]: FlashToolStorageTable::Dump(): platform(MT6571).(..\..\flashtool\Rules\StorageRule.cpp,142)
08/03/2017 19:50:19.533 FlashTool[14320][13332][D]: FlashToolStorageTable::Dump(): storage type(EMMC) -> is_support(true), is_support_auto_format(true), storage_type_(HW_STORAGE_EMMC), memory_type_(HW_MEM_EMMC).(..\..\flashtool\Rules\StorageRule.cpp,146)
08/03/2017 19:50:19.533 FlashTool[14320][13332][D]: FlashToolStorageTable::Dump(): storage type(NAND) -> is_support(true), is_support_auto_format(true), storage_type_(HW_STORAGE_NAND), memory_type_(HW_MEM_NAND).(..\..\flashtool\Rules\StorageRule.cpp,146)
08/03/2017 19:50:19.533 FlashTool[14320][13332][D]: FlashToolStorageTable::Dump(): storage type(NOR) -> is_support(false), is_support_auto_format(false), storage_type_(HW_STORAGE_NOR), memory_type_(HW_MEM_NOR).(..\..\flashtool\Rules\StorageRule.cpp,146)
08/03/2017 19:50:19.533 FlashTool[14320][13332][D]: FlashToolStorageTable::Dump(): storage type(SDMMC) -> is_support(true), is_support_auto_format(true), storage_type_(HW_STORAGE_SDMMC), memory_type_(HW_MEM_SDMMC).(..\..\flashtool\Rules\StorageRule.cpp,146)
08/03/2017 19:50:19.533 FlashTool[14320][13332][D]: FlashToolStorageTable::Dump(): platform(MT6582).(..\..\flashtool\Rules\StorageRule.cpp,142)
08/03/2017 19:50:19.533 FlashTool[14320][13332][D]: FlashToolStorageTable::Dump(): storage type(EMMC) -> is_support(true), is_support_auto_format(true), storage_type_(HW_STORAGE_EMMC), memory_type_(HW_MEM_EMMC).(..\..\flashtool\Rules\StorageRule.cpp,146)
08/03/2017 19:50:19.533 FlashTool[14320][13332][D]: FlashToolStorageTable::Dump(): storage type(NAND) -> is_support(true), is_support_auto_format(true), storage_type_(HW_STORAGE_NAND), memory_type_(HW_MEM_NAND).(..\..\flashtool\Rules\StorageRule.cpp,146)
08/03/2017 19:50:19.533 FlashTool[14320][13332][D]: FlashToolStorageTable::Dump(): storage type(NOR) -> is_support(false), is_support_auto_format(false), storage_type_(HW_STORAGE_NOR), memory_type_(HW_MEM_NOR).(..\..\flashtool\Rules\StorageRule.cpp,146)
08/03/2017 19:50:19.534 FlashTool[14320][13332][D]: FlashToolStorageTable::Dump(): storage type(SDMMC) -> is_support(true), is_support_auto_format(true), storage_type_(HW_STORAGE_SDMMC), memory_type_(HW_MEM_SDMMC).(..\..\flashtool\Rules\StorageRule.cpp,146)
08/03/2017 19:50:19.534 FlashTool[14320][13332][D]: FlashToolStorageTable::Dump(): platform(MT6592).(..\..\flashtool\Rules\StorageRule.cpp,142)
08/03/2017 19:50:19.534 FlashTool[14320][13332][D]: FlashToolStorageTable::Dump(): storage type(EMMC) -> is_support(true), is_support_auto_format(true), storage_type_(HW_STORAGE_EMMC), memory_type_(HW_MEM_EMMC).(..\..\flashtool\Rules\StorageRule.cpp,146)
08/03/2017 19:50:19.534 FlashTool[14320][13332][D]: FlashToolStorageTable::Dump(): storage type(NAND) -> is_support(true), is_support_auto_format(true), storage_type_(HW_STORAGE_NAND), memory_type_(HW_MEM_NAND).(..\..\flashtool\Rules\StorageRule.cpp,146)
08/03/2017 19:50:19.534 FlashTool[14320][13332][D]: FlashToolStorageTable::Dump(): storage type(NOR) -> is_support(false), is_support_auto_format(false), storage_type_(HW_STORAGE_NOR), memory_type_(HW_MEM_NOR).(..\..\flashtool\Rules\StorageRule.cpp,146)
08/03/2017 19:50:19.534 FlashTool[14320][13332][D]: FlashToolStorageTable::Dump(): storage type(SDMMC) -> is_support(true), is_support_auto_format(true), storage_type_(HW_STORAGE_SDMMC), memory_type_(HW_MEM_SDMMC).(..\..\flashtool\Rules\StorageRule.cpp,146)
08/03/2017 19:50:19.534 FlashTool[14320][13332][D]: FlashToolStorageTable::Dump(): platform(MT6595).(..\..\flashtool\Rules\StorageRule.cpp,142)
08/03/2017 19:50:19.534 FlashTool[14320][13332][D]: FlashToolStorageTable::Dump(): storage type(EMMC) -> is_support(true), is_support_auto_format(true), storage_type_(HW_STORAGE_EMMC), memory_type_(HW_MEM_EMMC).(..\..\flashtool\Rules\StorageRule.cpp,146)
08/03/2017 19:50:19.534 FlashTool[14320][13332][D]: FlashToolStorageTable::Dump(): storage type(NAND) -> is_support(true), is_support_auto_format(true), storage_type_(HW_STORAGE_NAND), memory_type_(HW_MEM_NAND).(..\..\flashtool\Rules\StorageRule.cpp,146)
08/03/2017 19:50:19.534 FlashTool[14320][13332][D]: FlashToolStorageTable::Dump(): storage type(NOR) -> is_support(false), is_support_auto_format(false), storage_type_(HW_STORAGE_NOR), memory_type_(HW_MEM_NOR).(..\..\flashtool\Rules\StorageRule.cpp,146)
08/03/2017 19:50:19.534 FlashTool[14320][13332][D]: FlashToolStorageTable::Dump(): storage type(SDMMC) -> is_support(true), is_support_auto_format(true), storage_type_(HW_STORAGE_SDMMC), memory_type_(HW_MEM_SDMMC).(..\..\flashtool\Rules\StorageRule.cpp,146)
08/03/2017 19:50:19.534 FlashTool[14320][13332][D]: FlashToolStorageTable::Dump(): platform(MT8135).(..\..\flashtool\Rules\StorageRule.cpp,142)
08/03/2017 19:50:19.534 FlashTool[14320][13332][D]: FlashToolStorageTable::Dump(): storage type(EMMC) -> is_support(true), is_support_auto_format(true), storage_type_(HW_STORAGE_EMMC), memory_type_(HW_MEM_EMMC).(..\..\flashtool\Rules\StorageRule.cpp,146)
08/03/2017 19:50:19.535 FlashTool[14320][13332][D]: FlashToolStorageTable::Dump(): storage type(NAND) -> is_support(true), is_support_auto_format(true), storage_type_(HW_STORAGE_NAND), memory_type_(HW_MEM_NAND).(..\..\flashtool\Rules\StorageRule.cpp,146)
08/03/2017 19:50:19.535 FlashTool[14320][13332][D]: FlashToolStorageTable::Dump(): storage type(NOR) -> is_support(false), is_support_auto_format(false), storage_type_(HW_STORAGE_NOR), memory_type_(HW_MEM_NOR).(..\..\flashtool\Rules\StorageRule.cpp,146)
08/03/2017 19:50:19.535 FlashTool[14320][13332][D]: FlashToolStorageTable::Dump(): storage type(SDMMC) -> is_support(true), is_support_auto_format(false), storage_type_(HW_STORAGE_SDMMC), memory_type_(HW_MEM_SDMMC).(..\..\flashtool\Rules\StorageRule.cpp,146)
08/03/2017 19:50:19.535 FlashTool[14320][13332][D]: FlashToolStorageTable::Dump(): platform(MT8127).(..\..\flashtool\Rules\StorageRule.cpp,142)
08/03/2017 19:50:19.535 FlashTool[14320][13332][D]: FlashToolStorageTable::Dump(): storage type(EMMC) -> is_support(true), is_support_auto_format(true), storage_type_(HW_STORAGE_EMMC), memory_type_(HW_MEM_EMMC).(..\..\flashtool\Rules\StorageRule.cpp,146)
08/03/2017 19:50:19.535 FlashTool[14320][13332][D]: FlashToolStorageTable::Dump(): storage type(NAND) -> is_support(true), is_support_auto_format(true), storage_type_(HW_STORAGE_NAND), memory_type_(HW_MEM_NAND).(..\..\flashtool\Rules\StorageRule.cpp,146)
08/03/2017 19:50:19.535 FlashTool[14320][13332][D]: FlashToolStorageTable::Dump(): storage type(NOR) -> is_support(false), is_support_auto_format(false), storage_type_(HW_STORAGE_NOR), memory_type_(HW_MEM_NOR).(..\..\flashtool\Rules\StorageRule.cpp,146)
08/03/2017 19:50:19.535 FlashTool[14320][13332][D]: FlashToolStorageTable::Dump(): storage type(SDMMC) -> is_support(true), is_support_auto_format(false), storage_type_(HW_STORAGE_SDMMC), memory_type_(HW_MEM_SDMMC).(..\..\flashtool\Rules\StorageRule.cpp,146)
08/03/2017 19:50:19.535 FlashTool[14320][13332][D]: FlashToolStorageTable::Dump(): platform(MT6752).(..\..\flashtool\Rules\StorageRule.cpp,142)
08/03/2017 19:50:19.535 FlashTool[14320][13332][D]: FlashToolStorageTable::Dump(): storage type(EMMC) -> is_support(true), is_support_auto_format(true), storage_type_(HW_STORAGE_EMMC), memory_type_(HW_MEM_EMMC).(..\..\flashtool\Rules\StorageRule.cpp,146)
08/03/2017 19:50:19.535 FlashTool[14320][13332][D]: FlashToolStorageTable::Dump(): storage type(NAND) -> is_support(true), is_support_auto_format(true), storage_type_(HW_STORAGE_NAND), memory_type_(HW_MEM_NAND).(..\..\flashtool\Rules\StorageRule.cpp,146)
08/03/2017 19:50:19.535 FlashTool[14320][13332][D]: FlashToolStorageTable::Dump(): storage type(NOR) -> is_support(false), is_support_auto_format(false), storage_type_(HW_STORAGE_NOR), memory_type_(HW_MEM_NOR).(..\..\flashtool\Rules\StorageRule.cpp,146)
08/03/2017 19:50:19.535 FlashTool[14320][13332][D]: FlashToolStorageTable::Dump(): storage type(SDMMC) -> is_support(true), is_support_auto_format(false), storage_type_(HW_STORAGE_SDMMC), memory_type_(HW_MEM_SDMMC).(..\..\flashtool\Rules\StorageRule.cpp,146)
08/03/2017 19:50:19.536 FlashTool[14320][13332][D]: FlashToolStorageTable::Dump(): platform(MT2601).(..\..\flashtool\Rules\StorageRule.cpp,142)
08/03/2017 19:50:19.536 FlashTool[14320][13332][D]: FlashToolStorageTable::Dump(): storage type(EMMC) -> is_support(true), is_support_auto_format(true), storage_type_(HW_STORAGE_EMMC), memory_type_(HW_MEM_EMMC).(..\..\flashtool\Rules\StorageRule.cpp,146)
08/03/2017 19:50:19.536 FlashTool[14320][13332][D]: FlashToolStorageTable::Dump(): storage type(NAND) -> is_support(true), is_support_auto_format(true), storage_type_(HW_STORAGE_NAND), memory_type_(HW_MEM_NAND).(..\..\flashtool\Rules\StorageRule.cpp,146)
08/03/2017 19:50:19.536 FlashTool[14320][13332][D]: FlashToolStorageTable::Dump(): storage type(NOR) -> is_support(false), is_support_auto_format(false), storage_type_(HW_STORAGE_NOR), memory_type_(HW_MEM_NOR).(..\..\flashtool\Rules\StorageRule.cpp,146)
08/03/2017 19:50:19.536 FlashTool[14320][13332][D]: FlashToolStorageTable::Dump(): storage type(SDMMC) -> is_support(true), is_support_auto_format(true), storage_type_(HW_STORAGE_SDMMC), memory_type_(HW_MEM_SDMMC).(..\..\flashtool\Rules\StorageRule.cpp,146)
08/03/2017 19:50:19.536 FlashTool[14320][13332][D]: FlashToolStorageTable::Dump(): platform(MT6795).(..\..\flashtool\Rules\StorageRule.cpp,142)
08/03/2017 19:50:19.536 FlashTool[14320][13332][D]: FlashToolStorageTable::Dump(): storage type(EMMC) -> is_support(true), is_support_auto_format(true), storage_type_(HW_STORAGE_EMMC), memory_type_(HW_MEM_EMMC).(..\..\flashtool\Rules\StorageRule.cpp,146)
08/03/2017 19:50:19.536 FlashTool[14320][13332][D]: FlashToolStorageTable::Dump(): storage type(NAND) -> is_support(true), is_support_auto_format(true), storage_type_(HW_STORAGE_NAND), memory_type_(HW_MEM_NAND).(..\..\flashtool\Rules\StorageRule.cpp,146)
08/03/2017 19:50:19.536 FlashTool[14320][13332][D]: FlashToolStorageTable::Dump(): storage type(NOR) -> is_support(false), is_support_auto_format(false), storage_type_(HW_STORAGE_NOR), memory_type_(HW_MEM_NOR).(..\..\flashtool\Rules\StorageRule.cpp,146)
08/03/2017 19:50:19.536 FlashTool[14320][13332][D]: FlashToolStorageTable::Dump(): storage type(SDMMC) -> is_support(true), is_support_auto_format(true), storage_type_(HW_STORAGE_SDMMC), memory_type_(HW_MEM_SDMMC).(..\..\flashtool\Rules\StorageRule.cpp,146)
08/03/2017 19:50:19.536 FlashTool[14320][13332][D]: FlashToolStorageTable::Dump(): platform(MT8173).(..\..\flashtool\Rules\StorageRule.cpp,142)
08/03/2017 19:50:19.536 FlashTool[14320][13332][D]: FlashToolStorageTable::Dump(): storage type(EMMC) -> is_support(true), is_support_auto_format(true), storage_type_(HW_STORAGE_EMMC), memory_type_(HW_MEM_EMMC).(..\..\flashtool\Rules\StorageRule.cpp,146)
08/03/2017 19:50:19.536 FlashTool[14320][13332][D]: FlashToolStorageTable::Dump(): storage type(NAND) -> is_support(true), is_support_auto_format(true), storage_type_(HW_STORAGE_NAND), memory_type_(HW_MEM_NAND).(..\..\flashtool\Rules\StorageRule.cpp,146)
08/03/2017 19:50:19.536 FlashTool[14320][13332][D]: FlashToolStorageTable::Dump(): storage type(NOR) -> is_support(false), is_support_auto_format(false), storage_type_(HW_STORAGE_NOR), memory_type_(HW_MEM_NOR).(..\..\flashtool\Rules\StorageRule.cpp,146)
08/03/2017 19:50:19.537 FlashTool[14320][13332][D]: FlashToolStorageTable::Dump(): storage type(SDMMC) -> is_support(true), is_support_auto_format(true), storage_type_(HW_STORAGE_SDMMC), memory_type_(HW_MEM_SDMMC).(..\..\flashtool\Rules\StorageRule.cpp,146)
08/03/2017 19:50:19.537 FlashTool[14320][13332][D]: FlashToolStorageTable::Dump(): platform(MT6735).(..\..\flashtool\Rules\StorageRule.cpp,142)
08/03/2017 19:50:19.537 FlashTool[14320][13332][D]: FlashToolStorageTable::Dump(): storage type(EMMC) -> is_support(true), is_support_auto_format(true), storage_type_(HW_STORAGE_EMMC), memory_type_(HW_MEM_EMMC).(..\..\flashtool\Rules\StorageRule.cpp,146)
08/03/2017 19:50:19.537 FlashTool[14320][13332][D]: FlashToolStorageTable::Dump(): storage type(NAND) -> is_support(true), is_support_auto_format(true), storage_type_(HW_STORAGE_NAND), memory_type_(HW_MEM_NAND).(..\..\flashtool\Rules\StorageRule.cpp,146)
08/03/2017 19:50:19.537 FlashTool[14320][13332][D]: FlashToolStorageTable::Dump(): storage type(NOR) -> is_support(false), is_support_auto_format(false), storage_type_(HW_STORAGE_NOR), memory_type_(HW_MEM_NOR).(..\..\flashtool\Rules\StorageRule.cpp,146)
08/03/2017 19:50:19.537 FlashTool[14320][13332][D]: FlashToolStorageTable::Dump(): storage type(SDMMC) -> is_support(true), is_support_auto_format(false), storage_type_(HW_STORAGE_SDMMC), memory_type_(HW_MEM_SDMMC).(..\..\flashtool\Rules\StorageRule.cpp,146)
08/03/2017 19:50:19.537 FlashTool[14320][13332][D]: FlashToolStorageTable::Dump(): platform(MT6737T).(..\..\flashtool\Rules\StorageRule.cpp,142)
08/03/2017 19:50:19.537 FlashTool[14320][13332][D]: FlashToolStorageTable::Dump(): storage type(EMMC) -> is_support(true), is_support_auto_format(true), storage_type_(HW_STORAGE_EMMC), memory_type_(HW_MEM_EMMC).(..\..\flashtool\Rules\StorageRule.cpp,146)
08/03/2017 19:50:19.537 FlashTool[14320][13332][D]: FlashToolStorageTable::Dump(): storage type(NAND) -> is_support(true), is_support_auto_format(true), storage_type_(HW_STORAGE_NAND), memory_type_(HW_MEM_NAND).(..\..\flashtool\Rules\StorageRule.cpp,146)
08/03/2017 19:50:19.537 FlashTool[14320][13332][D]: FlashToolStorageTable::Dump(): storage type(NOR) -> is_support(false), is_support_auto_format(false), storage_type_(HW_STORAGE_NOR), memory_type_(HW_MEM_NOR).(..\..\flashtool\Rules\StorageRule.cpp,146)
08/03/2017 19:50:19.537 FlashTool[14320][13332][D]: FlashToolStorageTable::Dump(): storage type(SDMMC) -> is_support(true), is_support_auto_format(false), storage_type_(HW_STORAGE_SDMMC), memory_type_(HW_MEM_SDMMC).(..\..\flashtool\Rules\StorageRule.cpp,146)
08/03/2017 19:50:19.537 FlashTool[14320][13332][D]: FlashToolStorageTable::Dump(): platform(MT6735M).(..\..\flashtool\Rules\StorageRule.cpp,142)
08/03/2017 19:50:19.537 FlashTool[14320][13332][D]: FlashToolStorageTable::Dump(): storage type(EMMC) -> is_support(true), is_support_auto_format(true), storage_type_(HW_STORAGE_EMMC), memory_type_(HW_MEM_EMMC).(..\..\flashtool\Rules\StorageRule.cpp,146)
08/03/2017 19:50:19.538 FlashTool[14320][13332][D]: FlashToolStorageTable::Dump(): storage type(NAND) -> is_support(true), is_support_auto_format(true), storage_type_(HW_STORAGE_NAND), memory_type_(HW_MEM_NAND).(..\..\flashtool\Rules\StorageRule.cpp,146)
08/03/2017 19:50:19.538 FlashTool[14320][13332][D]: FlashToolStorageTable::Dump(): storage type(NOR) -> is_support(false), is_support_auto_format(false), storage_type_(HW_STORAGE_NOR), memory_type_(HW_MEM_NOR).(..\..\flashtool\Rules\StorageRule.cpp,146)
08/03/2017 19:50:19.538 FlashTool[14320][13332][D]: FlashToolStorageTable::Dump(): storage type(SDMMC) -> is_support(true), is_support_auto_format(false), storage_type_(HW_STORAGE_SDMMC), memory_type_(HW_MEM_SDMMC).(..\..\flashtool\Rules\StorageRule.cpp,146)
08/03/2017 19:50:19.538 FlashTool[14320][13332][D]: FlashToolStorageTable::Dump(): platform(MT6737M).(..\..\flashtool\Rules\StorageRule.cpp,142)
08/03/2017 19:50:19.538 FlashTool[14320][13332][D]: FlashToolStorageTable::Dump(): storage type(EMMC) -> is_support(true), is_support_auto_format(true), storage_type_(HW_STORAGE_EMMC), memory_type_(HW_MEM_EMMC).(..\..\flashtool\Rules\StorageRule.cpp,146)
08/03/2017 19:50:19.538 FlashTool[14320][13332][D]: FlashToolStorageTable::Dump(): storage type(NAND) -> is_support(true), is_support_auto_format(true), storage_type_(HW_STORAGE_NAND), memory_type_(HW_MEM_NAND).(..\..\flashtool\Rules\StorageRule.cpp,146)
08/03/2017 19:50:19.538 FlashTool[14320][13332][D]: FlashToolStorageTable::Dump(): storage type(NOR) -> is_support(false), is_support_auto_format(false), storage_type_(HW_STORAGE_NOR), memory_type_(HW_MEM_NOR).(..\..\flashtool\Rules\StorageRule.cpp,146)
08/03/2017 19:50:19.538 FlashTool[14320][13332][D]: FlashToolStorageTable::Dump(): storage type(SDMMC) -> is_support(true), is_support_auto_format(false), storage_type_(HW_STORAGE_SDMMC), memory_type_(HW_MEM_SDMMC).(..\..\flashtool\Rules\StorageRule.cpp,146)
08/03/2017 19:50:19.538 FlashTool[14320][13332][D]: FlashToolStorageTable::Dump(): platform(MT6753).(..\..\flashtool\Rules\StorageRule.cpp,142)
08/03/2017 19:50:19.538 FlashTool[14320][13332][D]: FlashToolStorageTable::Dump(): storage type(EMMC) -> is_support(true), is_support_auto_format(true), storage_type_(HW_STORAGE_EMMC), memory_type_(HW_MEM_EMMC).(..\..\flashtool\Rules\StorageRule.cpp,146)
08/03/2017 19:50:19.538 FlashTool[14320][13332][D]: FlashToolStorageTable::Dump(): storage type(NAND) -> is_support(true), is_support_auto_format(true), storage_type_(HW_STORAGE_NAND), memory_type_(HW_MEM_NAND).(..\..\flashtool\Rules\StorageRule.cpp,146)
08/03/2017 19:50:19.538 FlashTool[14320][13332][D]: FlashToolStorageTable::Dump(): storage type(NOR) -> is_support(false), is_support_auto_format(false), storage_type_(HW_STORAGE_NOR), memory_type_(HW_MEM_NOR).(..\..\flashtool\Rules\StorageRule.cpp,146)
08/03/2017 19:50:19.538 FlashTool[14320][13332][D]: FlashToolStorageTable::Dump(): storage type(SDMMC) -> is_support(true), is_support_auto_format(false), storage_type_(HW_STORAGE_SDMMC), memory_type_(HW_MEM_SDMMC).(..\..\flashtool\Rules\StorageRule.cpp,146)
08/03/2017 19:50:19.538 FlashTool[14320][13332][D]: FlashToolStorageTable::Dump(): platform(MT8163).(..\..\flashtool\Rules\StorageRule.cpp,142)
08/03/2017 19:50:19.539 FlashTool[14320][13332][D]: FlashToolStorageTable::Dump(): storage type(EMMC) -> is_support(true), is_support_auto_format(true), storage_type_(HW_STORAGE_EMMC), memory_type_(HW_MEM_EMMC).(..\..\flashtool\Rules\StorageRule.cpp,146)
08/03/2017 19:50:19.539 FlashTool[14320][13332][D]: FlashToolStorageTable::Dump(): storage type(NAND) -> is_support(true), is_support_auto_format(true), storage_type_(HW_STORAGE_NAND), memory_type_(HW_MEM_NAND).(..\..\flashtool\Rules\StorageRule.cpp,146)
08/03/2017 19:50:19.539 FlashTool[14320][13332][D]: FlashToolStorageTable::Dump(): storage type(NOR) -> is_support(false), is_support_auto_format(false), storage_type_(HW_STORAGE_NOR), memory_type_(HW_MEM_NOR).(..\..\flashtool\Rules\StorageRule.cpp,146)
08/03/2017 19:50:19.539 FlashTool[14320][13332][D]: FlashToolStorageTable::Dump(): storage type(SDMMC) -> is_support(true), is_support_auto_format(false), storage_type_(HW_STORAGE_SDMMC), memory_type_(HW_MEM_SDMMC).(..\..\flashtool\Rules\StorageRule.cpp,146)
08/03/2017 19:50:19.539 FlashTool[14320][13332][D]: FlashToolStorageTable::Dump(): platform(MT8590).(..\..\flashtool\Rules\StorageRule.cpp,142)
08/03/2017 19:50:19.539 FlashTool[14320][13332][D]: FlashToolStorageTable::Dump(): storage type(EMMC) -> is_support(true), is_support_auto_format(true), storage_type_(HW_STORAGE_EMMC), memory_type_(HW_MEM_EMMC).(..\..\flashtool\Rules\StorageRule.cpp,146)
08/03/2017 19:50:19.539 FlashTool[14320][13332][D]: FlashToolStorageTable::Dump(): storage type(NAND) -> is_support(true), is_support_auto_format(true), storage_type_(HW_STORAGE_NAND), memory_type_(HW_MEM_NAND).(..\..\flashtool\Rules\StorageRule.cpp,146)
08/03/2017 19:50:19.539 FlashTool[14320][13332][D]: FlashToolStorageTable::Dump(): storage type(NOR) -> is_support(true), is_support_auto_format(false), storage_type_(HW_STORAGE_NOR), memory_type_(HW_MEM_NOR).(..\..\flashtool\Rules\StorageRule.cpp,146)
08/03/2017 19:50:19.539 FlashTool[14320][13332][D]: FlashToolStorageTable::Dump(): storage type(SDMMC) -> is_support(true), is_support_auto_format(false), storage_type_(HW_STORAGE_SDMMC), memory_type_(HW_MEM_SDMMC).(..\..\flashtool\Rules\StorageRule.cpp,146)
08/03/2017 19:50:19.539 FlashTool[14320][13332][D]: FlashToolStorageTable::Dump(): platform(MT8521).(..\..\flashtool\Rules\StorageRule.cpp,142)
08/03/2017 19:50:19.539 FlashTool[14320][13332][D]: FlashToolStorageTable::Dump(): storage type(EMMC) -> is_support(true), is_support_auto_format(true), storage_type_(HW_STORAGE_EMMC), memory_type_(HW_MEM_EMMC).(..\..\flashtool\Rules\StorageRule.cpp,146)
08/03/2017 19:50:19.539 FlashTool[14320][13332][D]: FlashToolStorageTable::Dump(): storage type(NAND) -> is_support(true), is_support_auto_format(true), storage_type_(HW_STORAGE_NAND), memory_type_(HW_MEM_NAND).(..\..\flashtool\Rules\StorageRule.cpp,146)
08/03/2017 19:50:19.539 FlashTool[14320][13332][D]: FlashToolStorageTable::Dump(): storage type(NOR) -> is_support(true), is_support_auto_format(false), storage_type_(HW_STORAGE_NOR), memory_type_(HW_MEM_NOR).(..\..\flashtool\Rules\StorageRule.cpp,146)
08/03/2017 19:50:19.540 FlashTool[14320][13332][D]: FlashToolStorageTable::Dump(): storage type(SDMMC) -> is_support(true), is_support_auto_format(false), storage_type_(HW_STORAGE_SDMMC), memory_type_(HW_MEM_SDMMC).(..\..\flashtool\Rules\StorageRule.cpp,146)
08/03/2017 19:50:19.540 FlashTool[14320][13332][D]: FlashToolStorageTable::Dump(): platform(MT7623).(..\..\flashtool\Rules\StorageRule.cpp,142)
08/03/2017 19:50:19.540 FlashTool[14320][13332][D]: FlashToolStorageTable::Dump(): storage type(EMMC) -> is_support(true), is_support_auto_format(true), storage_type_(HW_STORAGE_EMMC), memory_type_(HW_MEM_EMMC).(..\..\flashtool\Rules\StorageRule.cpp,146)
08/03/2017 19:50:19.540 FlashTool[14320][13332][D]: FlashToolStorageTable::Dump(): storage type(NAND) -> is_support(true), is_support_auto_format(true), storage_type_(HW_STORAGE_NAND), memory_type_(HW_MEM_NAND).(..\..\flashtool\Rules\StorageRule.cpp,146)
08/03/2017 19:50:19.540 FlashTool[14320][13332][D]: FlashToolStorageTable::Dump(): storage type(NOR) -> is_support(true), is_support_auto_format(false), storage_type_(HW_STORAGE_NOR), memory_type_(HW_MEM_NOR).(..\..\flashtool\Rules\StorageRule.cpp,146)
08/03/2017 19:50:19.540 FlashTool[14320][13332][D]: FlashToolStorageTable::Dump(): storage type(SDMMC) -> is_support(true), is_support_auto_format(false), storage_type_(HW_STORAGE_SDMMC), memory_type_(HW_MEM_SDMMC).(..\..\flashtool\Rules\StorageRule.cpp,146)
08/03/2017 19:50:19.540 FlashTool[14320][13332][D]: FlashToolStorageTable::Dump(): platform(MT6580).(..\..\flashtool\Rules\StorageRule.cpp,142)
08/03/2017 19:50:19.540 FlashTool[14320][13332][D]: FlashToolStorageTable::Dump(): storage type(EMMC) -> is_support(true), is_support_auto_format(true), storage_type_(HW_STORAGE_EMMC), memory_type_(HW_MEM_EMMC).(..\..\flashtool\Rules\StorageRule.cpp,146)
08/03/2017 19:50:19.540 FlashTool[14320][13332][D]: FlashToolStorageTable::Dump(): storage type(NAND) -> is_support(true), is_support_auto_format(true), storage_type_(HW_STORAGE_NAND), memory_type_(HW_MEM_NAND).(..\..\flashtool\Rules\StorageRule.cpp,146)
08/03/2017 19:50:19.540 FlashTool[14320][13332][D]: FlashToolStorageTable::Dump(): storage type(NOR) -> is_support(false), is_support_auto_format(false), storage_type_(HW_STORAGE_NOR), memory_type_(HW_MEM_NOR).(..\..\flashtool\Rules\StorageRule.cpp,146)
08/03/2017 19:50:19.540 FlashTool[14320][13332][D]: FlashToolStorageTable::Dump(): storage type(SDMMC) -> is_support(true), is_support_auto_format(false), storage_type_(HW_STORAGE_SDMMC), memory_type_(HW_MEM_SDMMC).(..\..\flashtool\Rules\StorageRule.cpp,146)
08/03/2017 19:50:19.540 FlashTool[14320][13332][D]: FlashToolStorageTable::Dump(): platform(MT6570).(..\..\flashtool\Rules\StorageRule.cpp,142)
08/03/2017 19:50:19.540 FlashTool[14320][13332][D]: FlashToolStorageTable::Dump(): storage type(EMMC) -> is_support(true), is_support_auto_format(true), storage_type_(HW_STORAGE_EMMC), memory_type_(HW_MEM_EMMC).(..\..\flashtool\Rules\StorageRule.cpp,146)
08/03/2017 19:50:19.541 FlashTool[14320][13332][D]: FlashToolStorageTable::Dump(): storage type(NAND) -> is_support(true), is_support_auto_format(true), storage_type_(HW_STORAGE_NAND), memory_type_(HW_MEM_NAND).(..\..\flashtool\Rules\StorageRule.cpp,146)
08/03/2017 19:50:19.541 FlashTool[14320][13332][D]: FlashToolStorageTable::Dump(): storage type(NOR) -> is_support(false), is_support_auto_format(false), storage_type_(HW_STORAGE_NOR), memory_type_(HW_MEM_NOR).(..\..\flashtool\Rules\StorageRule.cpp,146)
08/03/2017 19:50:19.541 FlashTool[14320][13332][D]: FlashToolStorageTable::Dump(): storage type(SDMMC) -> is_support(true), is_support_auto_format(false), storage_type_(HW_STORAGE_SDMMC), memory_type_(HW_MEM_SDMMC).(..\..\flashtool\Rules\StorageRule.cpp,146)
08/03/2017 19:50:19.541 FlashTool[14320][13332][D]: FlashToolStorageTable::Dump(): platform(MT6755).(..\..\flashtool\Rules\StorageRule.cpp,142)
08/03/2017 19:50:19.541 FlashTool[14320][13332][D]: FlashToolStorageTable::Dump(): storage type(EMMC) -> is_support(true), is_support_auto_format(true), storage_type_(HW_STORAGE_EMMC), memory_type_(HW_MEM_EMMC).(..\..\flashtool\Rules\StorageRule.cpp,146)
08/03/2017 19:50:19.541 FlashTool[14320][13332][D]: FlashToolStorageTable::Dump(): storage type(NAND) -> is_support(true), is_support_auto_format(true), storage_type_(HW_STORAGE_NAND), memory_type_(HW_MEM_NAND).(..\..\flashtool\Rules\StorageRule.cpp,146)
08/03/2017 19:50:19.541 FlashTool[14320][13332][D]: FlashToolStorageTable::Dump(): storage type(NOR) -> is_support(false), is_support_auto_format(false), storage_type_(HW_STORAGE_NOR), memory_type_(HW_MEM_NOR).(..\..\flashtool\Rules\StorageRule.cpp,146)
08/03/2017 19:50:19.541 FlashTool[14320][13332][D]: FlashToolStorageTable::Dump(): storage type(SDMMC) -> is_support(true), is_support_auto_format(false), storage_type_(HW_STORAGE_SDMMC), memory_type_(HW_MEM_SDMMC).(..\..\flashtool\Rules\StorageRule.cpp,146)
08/03/2017 19:50:19.541 FlashTool[14320][13332][D]: FlashToolStorageTable::Dump(): storage type(UFS) -> is_support(true), is_support_auto_format(true), storage_type_(HW_STORAGE_UFS), memory_type_(HW_MEM_UFS).(..\..\flashtool\Rules\StorageRule.cpp,146)
08/03/2017 19:50:19.541 FlashTool[14320][13332][D]: FlashToolStorageTable::Dump(): platform(MT6750).(..\..\flashtool\Rules\StorageRule.cpp,142)
08/03/2017 19:50:19.541 FlashTool[14320][13332][D]: FlashToolStorageTable::Dump(): storage type(EMMC) -> is_support(true), is_support_auto_format(true), storage_type_(HW_STORAGE_EMMC), memory_type_(HW_MEM_EMMC).(..\..\flashtool\Rules\StorageRule.cpp,146)
08/03/2017 19:50:19.541 FlashTool[14320][13332][D]: FlashToolStorageTable::Dump(): storage type(NAND) -> is_support(true), is_support_auto_format(true), storage_type_(HW_STORAGE_NAND), memory_type_(HW_MEM_NAND).(..\..\flashtool\Rules\StorageRule.cpp,146)
08/03/2017 19:50:19.542 FlashTool[14320][13332][D]: FlashToolStorageTable::Dump(): storage type(NOR) -> is_support(false), is_support_auto_format(false), storage_type_(HW_STORAGE_NOR), memory_type_(HW_MEM_NOR).(..\..\flashtool\Rules\StorageRule.cpp,146)
08/03/2017 19:50:19.542 FlashTool[14320][13332][D]: FlashToolStorageTable::Dump(): storage type(SDMMC) -> is_support(true), is_support_auto_format(false), storage_type_(HW_STORAGE_SDMMC), memory_type_(HW_MEM_SDMMC).(..\..\flashtool\Rules\StorageRule.cpp,146)
08/03/2017 19:50:19.542 FlashTool[14320][13332][D]: FlashToolStorageTable::Dump(): storage type(UFS) -> is_support(true), is_support_auto_format(true), storage_type_(HW_STORAGE_UFS), memory_type_(HW_MEM_UFS).(..\..\flashtool\Rules\StorageRule.cpp,146)
08/03/2017 19:50:19.542 FlashTool[14320][13332][D]: FlashToolStorageTable::Dump(): platform(MT6797).(..\..\flashtool\Rules\StorageRule.cpp,142)
08/03/2017 19:50:19.542 FlashTool[14320][13332][D]: FlashToolStorageTable::Dump(): storage type(EMMC) -> is_support(true), is_support_auto_format(true), storage_type_(HW_STORAGE_EMMC), memory_type_(HW_MEM_EMMC).(..\..\flashtool\Rules\StorageRule.cpp,146)
08/03/2017 19:50:19.542 FlashTool[14320][13332][D]: FlashToolStorageTable::Dump(): storage type(NAND) -> is_support(true), is_support_auto_format(true), storage_type_(HW_STORAGE_NAND), memory_type_(HW_MEM_NAND).(..\..\flashtool\Rules\StorageRule.cpp,146)
08/03/2017 19:50:19.542 FlashTool[14320][13332][D]: FlashToolStorageTable::Dump(): storage type(NOR) -> is_support(false), is_support_auto_format(false), storage_type_(HW_STORAGE_NOR), memory_type_(HW_MEM_NOR).(..\..\flashtool\Rules\StorageRule.cpp,146)
08/03/2017 19:50:19.542 FlashTool[14320][13332][D]: FlashToolStorageTable::Dump(): storage type(SDMMC) -> is_support(true), is_support_auto_format(false), storage_type_(HW_STORAGE_SDMMC), memory_type_(HW_MEM_SDMMC).(..\..\flashtool\Rules\StorageRule.cpp,146)
08/03/2017 19:50:19.542 FlashTool[14320][13332][D]: FlashToolStorageTable::Dump(): storage type(UFS) -> is_support(true), is_support_auto_format(true), storage_type_(HW_STORAGE_UFS), memory_type_(HW_MEM_UFS).(..\..\flashtool\Rules\StorageRule.cpp,146)
08/03/2017 19:50:19.542 FlashTool[14320][13332][D]: FlashToolStorageTable::Dump(): platform(MT6757).(..\..\flashtool\Rules\StorageRule.cpp,142)
08/03/2017 19:50:19.542 FlashTool[14320][13332][D]: FlashToolStorageTable::Dump(): storage type(EMMC) -> is_support(true), is_support_auto_format(true), storage_type_(HW_STORAGE_EMMC), memory_type_(HW_MEM_EMMC).(..\..\flashtool\Rules\StorageRule.cpp,146)
08/03/2017 19:50:19.542 FlashTool[14320][13332][D]: FlashToolStorageTable::Dump(): storage type(NAND) -> is_support(true), is_support_auto_format(true), storage_type_(HW_STORAGE_NAND), memory_type_(HW_MEM_NAND).(..\..\flashtool\Rules\StorageRule.cpp,146)
08/03/2017 19:50:19.542 FlashTool[14320][13332][D]: FlashToolStorageTable::Dump(): storage type(NOR) -> is_support(false), is_support_auto_format(false), storage_type_(HW_STORAGE_NOR), memory_type_(HW_MEM_NOR).(..\..\flashtool\Rules\StorageRule.cpp,146)
08/03/2017 19:50:19.542 FlashTool[14320][13332][D]: FlashToolStorageTable::Dump(): storage type(SDMMC) -> is_support(true), is_support_auto_format(false), storage_type_(HW_STORAGE_SDMMC), memory_type_(HW_MEM_SDMMC).(..\..\flashtool\Rules\StorageRule.cpp,146)
08/03/2017 19:50:19.543 FlashTool[14320][13332][D]: FlashToolStorageTable::Dump(): storage type(UFS) -> is_support(true), is_support_auto_format(true), storage_type_(HW_STORAGE_UFS), memory_type_(HW_MEM_UFS).(..\..\flashtool\Rules\StorageRule.cpp,146)
08/03/2017 19:50:19.543 FlashTool[14320][13332][D]: FlashToolStorageTable::Dump(): platform(MT6757D).(..\..\flashtool\Rules\StorageRule.cpp,142)
08/03/2017 19:50:19.543 FlashTool[14320][13332][D]: FlashToolStorageTable::Dump(): storage type(EMMC) -> is_support(true), is_support_auto_format(true), storage_type_(HW_STORAGE_EMMC), memory_type_(HW_MEM_EMMC).(..\..\flashtool\Rules\StorageRule.cpp,146)
08/03/2017 19:50:19.543 FlashTool[14320][13332][D]: FlashToolStorageTable::Dump(): storage type(NAND) -> is_support(true), is_support_auto_format(true), storage_type_(HW_STORAGE_NAND), memory_type_(HW_MEM_NAND).(..\..\flashtool\Rules\StorageRule.cpp,146)
08/03/2017 19:50:19.543 FlashTool[14320][13332][D]: FlashToolStorageTable::Dump(): storage type(NOR) -> is_support(false), is_support_auto_format(false), storage_type_(HW_STORAGE_NOR), memory_type_(HW_MEM_NOR).(..\..\flashtool\Rules\StorageRule.cpp,146)
08/03/2017 19:50:19.543 FlashTool[14320][13332][D]: FlashToolStorageTable::Dump(): storage type(SDMMC) -> is_support(true), is_support_auto_format(false), storage_type_(HW_STORAGE_SDMMC), memory_type_(HW_MEM_SDMMC).(..\..\flashtool\Rules\StorageRule.cpp,146)
08/03/2017 19:50:19.543 FlashTool[14320][13332][D]: FlashToolStorageTable::Dump(): storage type(UFS) -> is_support(true), is_support_auto_format(true), storage_type_(HW_STORAGE_UFS), memory_type_(HW_MEM_UFS).(..\..\flashtool\Rules\StorageRule.cpp,146)
08/03/2017 19:50:19.543 FlashTool[14320][13332][D]: FlashToolStorageTable::Dump(): platform(ELBRUS).(..\..\flashtool\Rules\StorageRule.cpp,142)
08/03/2017 19:50:19.543 FlashTool[14320][13332][D]: FlashToolStorageTable::Dump(): storage type(EMMC) -> is_support(true), is_support_auto_format(true), storage_type_(HW_STORAGE_EMMC), memory_type_(HW_MEM_EMMC).(..\..\flashtool\Rules\StorageRule.cpp,146)
08/03/2017 19:50:19.543 FlashTool[14320][13332][D]: FlashToolStorageTable::Dump(): storage type(NAND) -> is_support(true), is_support_auto_format(true), storage_type_(HW_STORAGE_NAND), memory_type_(HW_MEM_NAND).(..\..\flashtool\Rules\StorageRule.cpp,146)
08/03/2017 19:50:19.543 FlashTool[14320][13332][D]: FlashToolStorageTable::Dump(): storage type(NOR) -> is_support(false), is_support_auto_format(false), storage_type_(HW_STORAGE_NOR), memory_type_(HW_MEM_NOR).(..\..\flashtool\Rules\StorageRule.cpp,146)
08/03/2017 19:50:19.543 FlashTool[14320][13332][D]: FlashToolStorageTable::Dump(): storage type(SDMMC) -> is_support(true), is_support_auto_format(false), storage_type_(HW_STORAGE_SDMMC), memory_type_(HW_MEM_SDMMC).(..\..\flashtool\Rules\StorageRule.cpp,146)
08/03/2017 19:50:19.543 FlashTool[14320][13332][D]: FlashToolStorageTable::Dump(): storage type(UFS) -> is_support(true), is_support_auto_format(true), storage_type_(HW_STORAGE_UFS), memory_type_(HW_MEM_UFS).(..\..\flashtool\Rules\StorageRule.cpp,146)
08/03/2017 19:50:19.544 FlashTool[14320][13332][D]: FlashToolStorageTable::Dump(): platform(MT6799).(..\..\flashtool\Rules\StorageRule.cpp,142)
08/03/2017 19:50:19.544 FlashTool[14320][13332][D]: FlashToolStorageTable::Dump(): storage type(EMMC) -> is_support(true), is_support_auto_format(true), storage_type_(HW_STORAGE_EMMC), memory_type_(HW_MEM_EMMC).(..\..\flashtool\Rules\StorageRule.cpp,146)
08/03/2017 19:50:19.544 FlashTool[14320][13332][D]: FlashToolStorageTable::Dump(): storage type(NAND) -> is_support(true), is_support_auto_format(true), storage_type_(HW_STORAGE_NAND), memory_type_(HW_MEM_NAND).(..\..\flashtool\Rules\StorageRule.cpp,146)
08/03/2017 19:50:19.544 FlashTool[14320][13332][D]: FlashToolStorageTable::Dump(): storage type(NOR) -> is_support(false), is_support_auto_format(false), storage_type_(HW_STORAGE_NOR), memory_type_(HW_MEM_NOR).(..\..\flashtool\Rules\StorageRule.cpp,146)
08/03/2017 19:50:19.544 FlashTool[14320][13332][D]: FlashToolStorageTable::Dump(): storage type(SDMMC) -> is_support(true), is_support_auto_format(false), storage_type_(HW_STORAGE_SDMMC), memory_type_(HW_MEM_SDMMC).(..\..\flashtool\Rules\StorageRule.cpp,146)
08/03/2017 19:50:19.544 FlashTool[14320][13332][D]: FlashToolStorageTable::Dump(): storage type(UFS) -> is_support(true), is_support_auto_format(true), storage_type_(HW_STORAGE_UFS), memory_type_(HW_MEM_UFS).(..\..\flashtool\Rules\StorageRule.cpp,146)
08/03/2017 19:50:19.544 FlashTool[14320][13332][D]: FlashToolStorageTable::Dump(): platform(MT6798).(..\..\flashtool\Rules\StorageRule.cpp,142)
08/03/2017 19:50:19.544 FlashTool[14320][13332][D]: FlashToolStorageTable::Dump(): storage type(EMMC) -> is_support(true), is_support_auto_format(true), storage_type_(HW_STORAGE_EMMC), memory_type_(HW_MEM_EMMC).(..\..\flashtool\Rules\StorageRule.cpp,146)
08/03/2017 19:50:19.544 FlashTool[14320][13332][D]: FlashToolStorageTable::Dump(): storage type(NAND) -> is_support(true), is_support_auto_format(true), storage_type_(HW_STORAGE_NAND), memory_type_(HW_MEM_NAND).(..\..\flashtool\Rules\StorageRule.cpp,146)
08/03/2017 19:50:19.544 FlashTool[14320][13332][D]: FlashToolStorageTable::Dump(): storage type(NOR) -> is_support(false), is_support_auto_format(false), storage_type_(HW_STORAGE_NOR), memory_type_(HW_MEM_NOR).(..\..\flashtool\Rules\StorageRule.cpp,146)
08/03/2017 19:50:19.544 FlashTool[14320][13332][D]: FlashToolStorageTable::Dump(): storage type(SDMMC) -> is_support(true), is_support_auto_format(false), storage_type_(HW_STORAGE_SDMMC), memory_type_(HW_MEM_SDMMC).(..\..\flashtool\Rules\StorageRule.cpp,146)
08/03/2017 19:50:19.544 FlashTool[14320][13332][D]: FlashToolStorageTable::Dump(): storage type(UFS) -> is_support(true), is_support_auto_format(true), storage_type_(HW_STORAGE_UFS), memory_type_(HW_MEM_UFS).(..\..\flashtool\Rules\StorageRule.cpp,146)
08/03/2017 19:50:19.544 FlashTool[14320][13332][D]: FlashToolStorageTable::Dump(): platform(MT8167).(..\..\flashtool\Rules\StorageRule.cpp,142)
08/03/2017 19:50:19.544 FlashTool[14320][13332][D]: FlashToolStorageTable::Dump(): storage type(EMMC) -> is_support(true), is_support_auto_format(true), storage_type_(HW_STORAGE_EMMC), memory_type_(HW_MEM_EMMC).(..\..\flashtool\Rules\StorageRule.cpp,146)
08/03/2017 19:50:19.545 FlashTool[14320][13332][D]: FlashToolStorageTable::Dump(): storage type(NAND) -> is_support(true), is_support_auto_format(true), storage_type_(HW_STORAGE_NAND), memory_type_(HW_MEM_NAND).(..\..\flashtool\Rules\StorageRule.cpp,146)
08/03/2017 19:50:19.545 FlashTool[14320][13332][D]: FlashToolStorageTable::Dump(): storage type(NOR) -> is_support(false), is_support_auto_format(false), storage_type_(HW_STORAGE_NOR), memory_type_(HW_MEM_NOR).(..\..\flashtool\Rules\StorageRule.cpp,146)
08/03/2017 19:50:19.545 FlashTool[14320][13332][D]: FlashToolStorageTable::Dump(): storage type(SDMMC) -> is_support(true), is_support_auto_format(false), storage_type_(HW_STORAGE_SDMMC), memory_type_(HW_MEM_SDMMC).(..\..\flashtool\Rules\StorageRule.cpp,146)
08/03/2017 19:50:19.545 FlashTool[14320][13332][D]: FlashToolStorageTable::Dump(): platform(MT6570).(..\..\flashtool\Rules\StorageRule.cpp,142)
08/03/2017 19:50:19.545 FlashTool[14320][13332][D]: FlashToolStorageTable::Dump(): storage type(EMMC) -> is_support(true), is_support_auto_format(true), storage_type_(HW_STORAGE_EMMC), memory_type_(HW_MEM_EMMC).(..\..\flashtool\Rules\StorageRule.cpp,146)
08/03/2017 19:50:19.545 FlashTool[14320][13332][D]: FlashToolStorageTable::Dump(): storage type(NAND) -> is_support(true), is_support_auto_format(true), storage_type_(HW_STORAGE_NAND), memory_type_(HW_MEM_NAND).(..\..\flashtool\Rules\StorageRule.cpp,146)
08/03/2017 19:50:19.545 FlashTool[14320][13332][D]: FlashToolStorageTable::Dump(): storage type(NOR) -> is_support(false), is_support_auto_format(false), storage_type_(HW_STORAGE_NOR), memory_type_(HW_MEM_NOR).(..\..\flashtool\Rules\StorageRule.cpp,146)
08/03/2017 19:50:19.545 FlashTool[14320][13332][D]: FlashToolStorageTable::Dump(): storage type(SDMMC) -> is_support(true), is_support_auto_format(false), storage_type_(HW_STORAGE_SDMMC), memory_type_(HW_MEM_SDMMC).(..\..\flashtool\Rules\StorageRule.cpp,146)
08/03/2017 19:50:19.545 FlashTool[14320][13332][D]: FlashToolStorageTable::Dump(): platform(MT0690).(..\..\flashtool\Rules\StorageRule.cpp,142)
08/03/2017 19:50:19.545 FlashTool[14320][13332][D]: FlashToolStorageTable::Dump(): storage type(EMMC) -> is_support(true), is_support_auto_format(true), storage_type_(HW_STORAGE_EMMC), memory_type_(HW_MEM_EMMC).(..\..\flashtool\Rules\StorageRule.cpp,146)
08/03/2017 19:50:19.545 FlashTool[14320][13332][D]: FlashToolStorageTable::Dump(): storage type(NAND) -> is_support(true), is_support_auto_format(true), storage_type_(HW_STORAGE_NAND), memory_type_(HW_MEM_NAND).(..\..\flashtool\Rules\StorageRule.cpp,146)
08/03/2017 19:50:19.545 FlashTool[14320][13332][D]: FlashToolStorageTable::Dump(): storage type(NOR) -> is_support(false), is_support_auto_format(false), storage_type_(HW_STORAGE_NOR), memory_type_(HW_MEM_NOR).(..\..\flashtool\Rules\StorageRule.cpp,146)
08/03/2017 19:50:19.546 FlashTool[14320][13332][D]: FlashToolStorageTable::Dump(): storage type(SDMMC) -> is_support(true), is_support_auto_format(false), storage_type_(HW_STORAGE_SDMMC), memory_type_(HW_MEM_SDMMC).(..\..\flashtool\Rules\StorageRule.cpp,146)
08/03/2017 19:50:19.546 FlashTool[14320][13332][D]: FlashToolStorageTable::Dump(): storage type(UFS) -> is_support(true), is_support_auto_format(true), storage_type_(HW_STORAGE_UFS), memory_type_(HW_MEM_UFS).(..\..\flashtool\Rules\StorageRule.cpp,146)
08/03/2017 19:50:19.546 FlashTool[14320][13332][D]: FlashToolStorageTable::Dump(): Storage type(HW_STORAGE_NOR) -> Storage name(NOR).(..\..\flashtool\Rules\StorageRule.cpp,156)
08/03/2017 19:50:19.546 FlashTool[14320][13332][D]: FlashToolStorageTable::Dump(): Storage type(HW_STORAGE_NAND) -> Storage name(NAND).(..\..\flashtool\Rules\StorageRule.cpp,156)
08/03/2017 19:50:19.546 FlashTool[14320][13332][D]: FlashToolStorageTable::Dump(): Storage type(HW_STORAGE_EMMC) -> Storage name(EMMC).(..\..\flashtool\Rules\StorageRule.cpp,156)
08/03/2017 19:50:19.546 FlashTool[14320][13332][D]: FlashToolStorageTable::Dump(): Storage type(HW_STORAGE_SDMMC) -> Storage name(SDMMC).(..\..\flashtool\Rules\StorageRule.cpp,156)
08/03/2017 19:50:19.546 FlashTool[14320][13332][D]: FlashToolStorageTable::Dump(): Storage type(HW_STORAGE_UFS) -> Storage name(UFS).(..\..\flashtool\Rules\StorageRule.cpp,156)
08/03/2017 19:50:19.546 FlashTool[14320][13332][D]: FlashToolStorageTable::QueryStorageInfo(): platform(MT6737M), storage_name(EMMC) to be queried.(..\..\flashtool\Rules\StorageRule.cpp,166)
08/03/2017 19:50:19.547 FlashTool[14320][13332][D]: FlashToolStorageTable::QueryStorageInfo(): platform(MT6516) in the table.(..\..\flashtool\Rules\StorageRule.cpp,173)
08/03/2017 19:50:19.547 FlashTool[14320][13332][D]: FlashToolStorageTable::QueryStorageInfo(): platform(MT6573) in the table.(..\..\flashtool\Rules\StorageRule.cpp,173)
08/03/2017 19:50:19.547 FlashTool[14320][13332][D]: FlashToolStorageTable::QueryStorageInfo(): platform(MT6575) in the table.(..\..\flashtool\Rules\StorageRule.cpp,173)
08/03/2017 19:50:19.547 FlashTool[14320][13332][D]: FlashToolStorageTable::QueryStorageInfo(): platform(MT6577) in the table.(..\..\flashtool\Rules\StorageRule.cpp,173)
08/03/2017 19:50:19.547 FlashTool[14320][13332][D]: FlashToolStorageTable::QueryStorageInfo(): platform(MT6589) in the table.(..\..\flashtool\Rules\StorageRule.cpp,173)
08/03/2017 19:50:19.547 FlashTool[14320][13332][D]: FlashToolStorageTable::QueryStorageInfo(): platform(MT6572) in the table.(..\..\flashtool\Rules\StorageRule.cpp,173)
08/03/2017 19:50:19.547 FlashTool[14320][13332][D]: FlashToolStorageTable::QueryStorageInfo(): platform(MT6571) in the table.(..\..\flashtool\Rules\StorageRule.cpp,173)
08/03/2017 19:50:19.547 FlashTool[14320][13332][D]: FlashToolStorageTable::QueryStorageInfo(): platform(MT6582) in the table.(..\..\flashtool\Rules\StorageRule.cpp,173)
08/03/2017 19:50:19.547 FlashTool[14320][13332][D]: FlashToolStorageTable::QueryStorageInfo(): platform(MT6592) in the table.(..\..\flashtool\Rules\StorageRule.cpp,173)
08/03/2017 19:50:19.547 FlashTool[14320][13332][D]: FlashToolStorageTable::QueryStorageInfo(): platform(MT6595) in the table.(..\..\flashtool\Rules\StorageRule.cpp,173)
08/03/2017 19:50:19.547 FlashTool[14320][13332][D]: FlashToolStorageTable::QueryStorageInfo(): platform(MT8135) in the table.(..\..\flashtool\Rules\StorageRule.cpp,173)
08/03/2017 19:50:19.547 FlashTool[14320][13332][D]: FlashToolStorageTable::QueryStorageInfo(): platform(MT8127) in the table.(..\..\flashtool\Rules\StorageRule.cpp,173)
08/03/2017 19:50:19.548 FlashTool[14320][13332][D]: FlashToolStorageTable::QueryStorageInfo(): platform(MT6752) in the table.(..\..\flashtool\Rules\StorageRule.cpp,173)
08/03/2017 19:50:19.548 FlashTool[14320][13332][D]: FlashToolStorageTable::QueryStorageInfo(): platform(MT2601) in the table.(..\..\flashtool\Rules\StorageRule.cpp,173)
08/03/2017 19:50:19.548 FlashTool[14320][13332][D]: FlashToolStorageTable::QueryStorageInfo(): platform(MT6795) in the table.(..\..\flashtool\Rules\StorageRule.cpp,173)
08/03/2017 19:50:19.548 FlashTool[14320][13332][D]: FlashToolStorageTable::QueryStorageInfo(): platform(MT8173) in the table.(..\..\flashtool\Rules\StorageRule.cpp,173)
08/03/2017 19:50:19.548 FlashTool[14320][13332][D]: FlashToolStorageTable::QueryStorageInfo(): platform(MT6735) in the table.(..\..\flashtool\Rules\StorageRule.cpp,173)
08/03/2017 19:50:19.548 FlashTool[14320][13332][D]: FlashToolStorageTable::QueryStorageInfo(): platform(MT6737T) in the table.(..\..\flashtool\Rules\StorageRule.cpp,173)
08/03/2017 19:50:19.548 FlashTool[14320][13332][D]: FlashToolStorageTable::QueryStorageInfo(): platform(MT6735M) in the table.(..\..\flashtool\Rules\StorageRule.cpp,173)
08/03/2017 19:50:19.548 FlashTool[14320][13332][D]: FlashToolStorageTable::QueryStorageInfo(): platform(MT6737M) in the table.(..\..\flashtool\Rules\StorageRule.cpp,173)
08/03/2017 19:50:19.548 FlashTool[14320][13332][D]: FlashToolStorageTable::QueryStorageInfo(): MT6737M is matched.(..\..\flashtool\Rules\StorageRule.cpp,176)
08/03/2017 19:50:19.548 FlashTool[14320][13332][D]: FlashToolStorageTable::QueryStorageInfo(): EMMC type is matched, and (Yes) be supported.(..\..\flashtool\Rules\StorageRule.cpp,183)
08/03/2017 19:50:19.548 FlashTool[14320][13332][D]: FlashToolStorageConfig::QueryStorage(): (MT6737M) is supported by (EMMC).(..\..\flashtool\Rules\StorageRule.cpp,289)
08/03/2017 19:50:19.548 FlashTool[14320][13332][D]: FlashToolStorageConfig::IsOperationChangend(): Old platform(), storage type().(..\..\flashtool\Rules\StorageRule.cpp,344)
08/03/2017 19:50:19.549 FlashTool[14320][13332][D]: FlashToolStorageConfig::IsOperationChangend(): New platform(MT6737M), storage type(EMMC).(..\..\flashtool\Rules\StorageRule.cpp,350)
08/03/2017 19:50:19.549 FlashTool[14320][13332][D]: APCore::PlatformSetting::getLoadPlatformName(): PlatformSetting::getLoadPlatformName(): MT6737M(..\..\flashtool\Setting\PlatformSetting.cpp,170)
08/03/2017 19:50:19.549 FlashTool[14320][13332][D]: APCore::PlatformSetting::getLoadPlatformName(): PlatformSetting::getLoadPlatformName(): MT6737M(..\..\flashtool\Setting\PlatformSetting.cpp,170)
08/03/2017 19:50:19.549 FlashTool[14320][13332][D]: APCore::PlatformSetting::getLoadPlatformName(): PlatformSetting::getLoadPlatformName(): MT6737M(..\..\flashtool\Setting\PlatformSetting.cpp,170)
08/03/2017 19:50:19.570 FlashTool[14320][13332][D]: APCore::DLHandle::GetScatterInfo(): Scatter version(V1.1.2)(..\..\flashtool\Resource\Handle\DLHandle.cpp,125)
08/03/2017 19:50:19.621 FlashTool[14320][13332][D]: EnumToRomString(): EnumToRomString: storage_(2),region_id(1) (..\..\flashtool\Utility\Utils.cpp,21)
08/03/2017 19:50:19.624 FlashTool[14320][13332][D]: AppCore::EnableROM(): enable ROM(0): 1(..\..\flashtool\Public\AppCore.cpp,362)
08/03/2017 19:50:19.624 FlashTool[14320][13332][D]: DownloadWidget::on_tableWidget_itemChanged(): row 0 item changed.
(..\..\flashtool\UI\src\DownloadWidget.cpp,1277)
08/03/2017 19:50:19.626 FlashTool[14320][13332][D]: AppCore::EnableROM(): enable ROM(0): 1(..\..\flashtool\Public\AppCore.cpp,362)
08/03/2017 19:50:19.634 FlashTool[14320][13332][D]: DownloadWidget::on_tableWidget_itemChanged(): row 0 item changed.
(..\..\flashtool\UI\src\DownloadWidget.cpp,1277)
08/03/2017 19:50:19.637 FlashTool[14320][13332][D]: AppCore::EnableROM(): enable ROM(0): 1(..\..\flashtool\Public\AppCore.cpp,362)
08/03/2017 19:50:19.645 FlashTool[14320][13332][D]: EnumToRomString(): EnumToRomString: storage_(2),region_id(8) (..\..\flashtool\Utility\Utils.cpp,21)
08/03/2017 19:50:19.647 FlashTool[14320][13332][D]: AppCore::EnableROM(): enable ROM(6): 1(..\..\flashtool\Public\AppCore.cpp,362)
08/03/2017 19:50:19.647 FlashTool[14320][13332][D]: DownloadWidget::on_tableWidget_itemChanged(): row 1 item changed.
(..\..\flashtool\UI\src\DownloadWidget.cpp,1277)
08/03/2017 19:50:19.650 FlashTool[14320][13332][D]: AppCore::EnableROM(): enable ROM(6): 1(..\..\flashtool\Public\AppCore.cpp,362)
08/03/2017 19:50:19.657 FlashTool[14320][13332][D]: DownloadWidget::on_tableWidget_itemChanged(): row 1 item changed.
(..\..\flashtool\UI\src\DownloadWidget.cpp,1277)
08/03/2017 19:50:19.660 FlashTool[14320][13332][D]: AppCore::EnableROM(): enable ROM(6): 1(..\..\flashtool\Public\AppCore.cpp,362)
08/03/2017 19:50:19.667 FlashTool[14320][13332][D]: EnumToRomString(): EnumToRomString: storage_(2),region_id(8) (..\..\flashtool\Utility\Utils.cpp,21)
08/03/2017 19:50:19.669 FlashTool[14320][13332][D]: AppCore::EnableROM(): enable ROM(8): 1(..\..\flashtool\Public\AppCore.cpp,362)
08/03/2017 19:50:19.670 FlashTool[14320][13332][D]: DownloadWidget::on_tableWidget_itemChanged(): row 2 item changed.
(..\..\flashtool\UI\src\DownloadWidget.cpp,1277)
08/03/2017 19:50:19.672 FlashTool[14320][13332][D]: AppCore::EnableROM(): enable ROM(8): 1(..\..\flashtool\Public\AppCore.cpp,362)
08/03/2017 19:50:19.681 FlashTool[14320][13332][D]: DownloadWidget::on_tableWidget_itemChanged(): row 2 item changed.
(..\..\flashtool\UI\src\DownloadWidget.cpp,1277)
08/03/2017 19:50:19.683 FlashTool[14320][13332][D]: AppCore::EnableROM(): enable ROM(8): 1(..\..\flashtool\Public\AppCore.cpp,362)
08/03/2017 19:50:19.691 FlashTool[14320][13332][D]: EnumToRomString(): EnumToRomString: storage_(2),region_id(8) (..\..\flashtool\Utility\Utils.cpp,21)
08/03/2017 19:50:19.694 FlashTool[14320][13332][D]: AppCore::EnableROM(): enable ROM(9): 1(..\..\flashtool\Public\AppCore.cpp,362)
08/03/2017 19:50:19.694 FlashTool[14320][13332][D]: DownloadWidget::on_tableWidget_itemChanged(): row 3 item changed.
(..\..\flashtool\UI\src\DownloadWidget.cpp,1277)
08/03/2017 19:50:19.696 FlashTool[14320][13332][D]: AppCore::EnableROM(): enable ROM(9): 1(..\..\flashtool\Public\AppCore.cpp,362)
08/03/2017 19:50:19.704 FlashTool[14320][13332][D]: DownloadWidget::on_tableWidget_itemChanged(): row 3 item changed.
(..\..\flashtool\UI\src\DownloadWidget.cpp,1277)
08/03/2017 19:50:19.707 FlashTool[14320][13332][D]: AppCore::EnableROM(): enable ROM(9): 1(..\..\flashtool\Public\AppCore.cpp,362)
08/03/2017 19:50:19.715 FlashTool[14320][13332][D]: EnumToRomString(): EnumToRomString: storage_(2),region_id(8) (..\..\flashtool\Utility\Utils.cpp,21)
08/03/2017 19:50:19.719 FlashTool[14320][13332][D]: AppCore::EnableROM(): enable ROM(10): 1(..\..\flashtool\Public\AppCore.cpp,362)
08/03/2017 19:50:19.719 FlashTool[14320][13332][D]: DownloadWidget::on_tableWidget_itemChanged(): row 4 item changed.
(..\..\flashtool\UI\src\DownloadWidget.cpp,1277)
08/03/2017 19:50:19.722 FlashTool[14320][13332][D]: AppCore::EnableROM(): enable ROM(10): 1(..\..\flashtool\Public\AppCore.cpp,362)
08/03/2017 19:50:19.729 FlashTool[14320][13332][D]: DownloadWidget::on_tableWidget_itemChanged(): row 4 item changed.
(..\..\flashtool\UI\src\DownloadWidget.cpp,1277)
08/03/2017 19:50:19.732 FlashTool[14320][13332][D]: AppCore::EnableROM(): enable ROM(10): 1(..\..\flashtool\Public\AppCore.cpp,362)
08/03/2017 19:50:19.740 FlashTool[14320][13332][D]: EnumToRomString(): EnumToRomString: storage_(2),region_id(8) (..\..\flashtool\Utility\Utils.cpp,21)
08/03/2017 19:50:19.743 FlashTool[14320][13332][D]: AppCore::EnableROM(): enable ROM(14): 1(..\..\flashtool\Public\AppCore.cpp,362)
08/03/2017 19:50:19.743 FlashTool[14320][13332][D]: DownloadWidget::on_tableWidget_itemChanged(): row 5 item changed.
(..\..\flashtool\UI\src\DownloadWidget.cpp,1277)
08/03/2017 19:50:19.746 FlashTool[14320][13332][D]: AppCore::EnableROM(): enable ROM(14): 1(..\..\flashtool\Public\AppCore.cpp,362)
08/03/2017 19:50:19.754 FlashTool[14320][13332][D]: DownloadWidget::on_tableWidget_itemChanged(): row 5 item changed.
(..\..\flashtool\UI\src\DownloadWidget.cpp,1277)
08/03/2017 19:50:19.756 FlashTool[14320][13332][D]: AppCore::EnableROM(): enable ROM(14): 1(..\..\flashtool\Public\AppCore.cpp,362)
08/03/2017 19:50:19.764 FlashTool[14320][13332][D]: EnumToRomString(): EnumToRomString: storage_(2),region_id(8) (..\..\flashtool\Utility\Utils.cpp,21)
08/03/2017 19:50:19.766 FlashTool[14320][13332][D]: AppCore::EnableROM(): enable ROM(16): 1(..\..\flashtool\Public\AppCore.cpp,362)
08/03/2017 19:50:19.767 FlashTool[14320][13332][D]: DownloadWidget::on_tableWidget_itemChanged(): row 6 item changed.
(..\..\flashtool\UI\src\DownloadWidget.cpp,1277)
08/03/2017 19:50:19.769 FlashTool[14320][13332][D]: AppCore::EnableROM(): enable ROM(16): 1(..\..\flashtool\Public\AppCore.cpp,362)
08/03/2017 19:50:19.776 FlashTool[14320][13332][D]: DownloadWidget::on_tableWidget_itemChanged(): row 6 item changed.
(..\..\flashtool\UI\src\DownloadWidget.cpp,1277)
08/03/2017 19:50:19.779 FlashTool[14320][13332][D]: AppCore::EnableROM(): enable ROM(16): 1(..\..\flashtool\Public\AppCore.cpp,362)
08/03/2017 19:50:19.788 FlashTool[14320][13332][D]: EnumToRomString(): EnumToRomString: storage_(2),region_id(8) (..\..\flashtool\Utility\Utils.cpp,21)
08/03/2017 19:50:19.790 FlashTool[14320][13332][D]: AppCore::EnableROM(): enable ROM(17): 1(..\..\flashtool\Public\AppCore.cpp,362)
08/03/2017 19:50:19.790 FlashTool[14320][13332][D]: DownloadWidget::on_tableWidget_itemChanged(): row 7 item changed.
(..\..\flashtool\UI\src\DownloadWidget.cpp,1277)
08/03/2017 19:50:19.793 FlashTool[14320][13332][D]: AppCore::EnableROM(): enable ROM(17): 1(..\..\flashtool\Public\AppCore.cpp,362)
08/03/2017 19:50:19.801 FlashTool[14320][13332][D]: DownloadWidget::on_tableWidget_itemChanged(): row 7 item changed.
(..\..\flashtool\UI\src\DownloadWidget.cpp,1277)
08/03/2017 19:50:19.805 FlashTool[14320][13332][D]: AppCore::EnableROM(): enable ROM(17): 1(..\..\flashtool\Public\AppCore.cpp,362)
08/03/2017 19:50:19.813 FlashTool[14320][13332][D]: EnumToRomString(): EnumToRomString: storage_(2),region_id(8) (..\..\flashtool\Utility\Utils.cpp,21)
08/03/2017 19:50:19.816 FlashTool[14320][13332][D]: AppCore::EnableROM(): enable ROM(21): 1(..\..\flashtool\Public\AppCore.cpp,362)
08/03/2017 19:50:19.816 FlashTool[14320][13332][D]: DownloadWidget::on_tableWidget_itemChanged(): row 8 item changed.
(..\..\flashtool\UI\src\DownloadWidget.cpp,1277)
08/03/2017 19:50:19.819 FlashTool[14320][13332][D]: AppCore::EnableROM(): enable ROM(21): 1(..\..\flashtool\Public\AppCore.cpp,362)
08/03/2017 19:50:19.826 FlashTool[14320][13332][D]: DownloadWidget::on_tableWidget_itemChanged(): row 8 item changed.
(..\..\flashtool\UI\src\DownloadWidget.cpp,1277)
08/03/2017 19:50:19.829 FlashTool[14320][13332][D]: AppCore::EnableROM(): enable ROM(21): 1(..\..\flashtool\Public\AppCore.cpp,362)
08/03/2017 19:50:19.837 FlashTool[14320][13332][D]: EnumToRomString(): EnumToRomString: storage_(2),region_id(8) (..\..\flashtool\Utility\Utils.cpp,21)
08/03/2017 19:50:19.840 FlashTool[14320][13332][D]: AppCore::EnableROM(): enable ROM(22): 1(..\..\flashtool\Public\AppCore.cpp,362)
08/03/2017 19:50:19.840 FlashTool[14320][13332][D]: DownloadWidget::on_tableWidget_itemChanged(): row 9 item changed.
(..\..\flashtool\UI\src\DownloadWidget.cpp,1277)
08/03/2017 19:50:19.842 FlashTool[14320][13332][D]: AppCore::EnableROM(): enable ROM(22): 1(..\..\flashtool\Public\AppCore.cpp,362)
08/03/2017 19:50:19.850 FlashTool[14320][13332][D]: DownloadWidget::on_tableWidget_itemChanged(): row 9 item changed.
(..\..\flashtool\UI\src\DownloadWidget.cpp,1277)
08/03/2017 19:50:19.852 FlashTool[14320][13332][D]: AppCore::EnableROM(): enable ROM(22): 1(..\..\flashtool\Public\AppCore.cpp,362)
08/03/2017 19:50:19.860 FlashTool[14320][13332][D]: EnumToRomString(): EnumToRomString: storage_(2),region_id(8) (..\..\flashtool\Utility\Utils.cpp,21)
08/03/2017 19:50:19.863 FlashTool[14320][13332][D]: AppCore::EnableROM(): enable ROM(23): 1(..\..\flashtool\Public\AppCore.cpp,362)
08/03/2017 19:50:19.863 FlashTool[14320][13332][D]: DownloadWidget::on_tableWidget_itemChanged(): row 10 item changed.
(..\..\flashtool\UI\src\DownloadWidget.cpp,1277)
08/03/2017 19:50:19.867 FlashTool[14320][13332][D]: AppCore::EnableROM(): enable ROM(23): 1(..\..\flashtool\Public\AppCore.cpp,362)
08/03/2017 19:50:19.875 FlashTool[14320][13332][D]: DownloadWidget::on_tableWidget_itemChanged(): row 10 item changed.
(..\..\flashtool\UI\src\DownloadWidget.cpp,1277)
08/03/2017 19:50:19.877 FlashTool[14320][13332][D]: AppCore::EnableROM(): enable ROM(23): 1(..\..\flashtool\Public\AppCore.cpp,362)
08/03/2017 19:50:19.886 FlashTool[14320][13332][D]: AppCore::EnableDAChksum(): DA Chksum Level: 0.(..\..\flashtool\Public\AppCore.cpp,459)
08/03/2017 19:50:19.886 FlashTool[14320][13332][D]: APCore::DLHandle::EnableDAChksum(): set DL_SetChecksumLevel(0).(..\..\flashtool\Resource\Handle\DLHandle.cpp,203)
08/03/2017 19:50:48.993 FlashTool[14320][13332][D]: MainWindow::CreateDLSetting(): Download scene:(DOWNLOAD_ONLY).(..\..\flashtool\UI\src\MainWindow.cpp,377)
08/03/2017 19:50:48.993 FlashTool[14320][13332][D]: ISetting::set_stop_flag(): dummpy stop_flag(0x0399C0C8) set.(d:\home\mtk07255\for_lock_source_code\project\wcp2_cleanroom\da\download_agent_main\flashtool\setting\ISetting.h,41)
08/03/2017 19:50:49.044 FlashTool[14320][10956][D]: APCore::Connection::ConnectBROM(): Connecting to BROM...(..\..\flashtool\Conn\Connection.cpp,70)
08/03/2017 19:50:49.044 FlashTool[14320][10956][D]: APCore::ConnMediaUSB::PreConnect(): Scanning USB port...(..\..\flashtool\Conn\ConnMedia.cpp,55)
08/03/2017 19:50:49.044 FlashTool[14320][10956][D]: TiXmlDocument::LoadFile(): LoadFile filename: C:/ProgramData/Motorola/SmartTool/FlashTools/SP_Flash_Tool_5.1644\usb_setting.xml(..\..\flashtool\XMLParser\tinyxml.cpp,977)
08/03/2017 19:50:49.044 FlashTool[14320][10956][D]: TiXmlFOpen(): open file: C:/ProgramData/Motorola/SmartTool/FlashTools/SP_Flash_Tool_5.1644\usb_setting.xml(..\..\flashtool\XMLParser\tinyxml.cpp,52)
08/03/2017 19:50:49.045 FlashTool[14320][10956][D]: TiXmlFOpen(): create time: 2017/01/12 13:32:54(..\..\flashtool\XMLParser\tinyxml.cpp,69)
08/03/2017 19:50:49.045 FlashTool[14320][10956][D]: TiXmlFOpen(): modify time: 2016/11/02 14:49:24(..\..\flashtool\XMLParser\tinyxml.cpp,77)
08/03/2017 19:50:49.045 FlashTool[14320][10956][D]: TiXmlFOpen(): access time: 2017/04/24 14:45:23(..\..\flashtool\XMLParser\tinyxml.cpp,85)
08/03/2017 19:50:49.045 FlashTool[14320][10956][D]: APCore::ConnMediaUSB::Search(): Search usb, timeout set as 3600000 ms(..\..\flashtool\Conn\ConnMedia.cpp,21)
08/03/2017 19:51:15.295 FlashTool[14320][13332][D]: OptionDialog::winEvent(): USB Device plug in.(..\..\flashtool\UI\src\OptionDialog.cpp,562)
08/03/2017 19:51:15.295 FlashTool[14320][13332][D]: OptionDialog::InitUARTInfo(): No com port detected.(..\..\flashtool\UI\src\OptionDialog.cpp,500)
08/03/2017 19:51:32.154 FlashTool[14320][13332][D]: OptionDialog::winEvent(): USB Device plug in.(..\..\flashtool\UI\src\OptionDialog.cpp,562)
08/03/2017 19:51:32.155 FlashTool[14320][13332][D]: OptionDialog::InitUARTInfo(): No com port detected.(..\..\flashtool\UI\src\OptionDialog.cpp,500)
08/03/2017 19:51:32.433 FlashTool[14320][13332][D]: OptionDialog::InitUARTInfo(): No com port detected.(..\..\flashtool\UI\src\OptionDialog.cpp,500)
08/03/2017 19:51:33.805 FlashTool[14320][13332][D]: OptionDialog::InitUARTInfo(): No com port detected.(..\..\flashtool\UI\src\OptionDialog.cpp,500)
08/03/2017 19:51:34.225 FlashTool[14320][13332][D]: OptionDialog::winEvent(): USB Device Removed.(..\..\flashtool\UI\src\OptionDialog.cpp,567)
08/03/2017 19:51:34.226 FlashTool[14320][13332][D]: OptionDialog::InitUARTInfo(): No com port detected.(..\..\flashtool\UI\src\OptionDialog.cpp,500)
08/03/2017 19:51:40.384 FlashTool[14320][13332][D]: OptionDialog::winEvent(): USB Device Removed.(..\..\flashtool\UI\src\OptionDialog.cpp,567)
08/03/2017 19:51:40.385 FlashTool[14320][13332][D]: OptionDialog::InitUARTInfo(): No com port detected.(..\..\flashtool\UI\src\OptionDialog.cpp,500)
08/03/2017 19:51:49.811 FlashTool[14320][13332][D]: MainController::StopByUser(): emit stop signal to background thread.(..\..\flashtool\UI\src\MainController.cpp,281)
08/03/2017 19:51:49.811 FlashTool[14320][13332][D]: BackgroundWorker::slot_stop_executing(): stopping,(0x0399C0C8,9876)(..\..\flashtool\UI\src\BackgroundWorker.cpp,145)
08/03/2017 19:51:49.811 FlashTool[14320][13332][D]: MainController::StopByUser(): wait for thread finishing...(..\..\flashtool\UI\src\MainController.cpp,284)
08/03/2017 19:51:49.844 FlashTool[14320][10956][D]: USBSetting::SearchUSBPortPool(): SearchUSBPortPool failed!(..\..\flashtool\Conn\USBSetting.cpp,165)
08/03/2017 19:51:49.844 FlashTool[14320][10956][D]: USBSetting::Search(): Scaning USB port failed!(..\..\flashtool\Conn\USBSetting.cpp,139)
08/03/2017 19:51:49.844 FlashTool[14320][10956][D]: APCore::ConnMediaUSB::PreConnect(): Failed to find USB port(..\..\flashtool\Conn\ConnMedia.cpp,74)
08/03/2017 19:51:49.934 FlashTool[14320][10956][D]: APCore::Connection::ConnectBROM(): Connect BROM failed: S_TIMEOUT(..\..\flashtool\Conn\Connection.cpp,84)
08/03/2017 19:51:50.162 FlashTool[14320][10956][D]: APCore::Connection::Disconnect(): Disconnect!(..\..\flashtool\Conn\Connection.cpp,140)
08/03/2017 19:51:50.421 FlashTool[14320][10956][D]: BackgroundWorker::run(): User stopped.(..\..\flashtool\UI\src\BackgroundWorker.cpp,91)
08/03/2017 19:51:50.421 FlashTool[14320][13332][D]: MainController::CreateNewThread(): creating a new working thread.(..\..\flashtool\UI\src\MainController.cpp,309)
08/03/2017 19:51:50.421 FlashTool[14320][13332][D]: BackgroundWorker::BackgroundWorker(): ctor of BackgroundWorker...(..\..\flashtool\UI\src\BackgroundWorker.cpp,17)
08/03/2017 19:51:50.527 FlashTool[14320][13332][D]: BackgroundWorker::~BackgroundWorker(): dtor of BackgroundWorker...(..\..\flashtool\UI\src\BackgroundWorker.cpp,22)
08/03/2017 19:51:53.007 FlashTool[14320][13332][D]: MainWindow::closeEvent(): UI has unlocked!(..\..\flashtool\UI\src\MainWindow.cpp,1805)
08/03/2017 19:51:53.394 FlashTool[14320][13332][D]: OptionDialog::SaveConnSettings(): comboTimeout index(3) saved.(..\..\flashtool\UI\src\OptionDialog.cpp,485)
08/03/2017 19:51:53.552 FlashTool[14320][13332][D]: BackgroundWorker::~BackgroundWorker(): dtor of BackgroundWorker...(..\..\flashtool\UI\src\BackgroundWorker.cpp,22)
08/03/2017 19:51:53.610 FlashTool[14320][13332][D]: APCore::DAHandle::~DAHandle(): dtor of DAHandle(..\..\flashtool\Resource\Handle\DAHandle.cpp,25)
08/03/2017 19:51:53.613 FlashTool[14320][13332][D]: APCore::DLHandle::~DLHandle(): dtor of DLHandle(..\..\flashtool\Resource\Handle\DLHandle.cpp,23)
08/03/2017 19:51:53.613 FlashTool[14320][13332][D]: APCore::RBHandle::~RBHandle(): dtor of RBHandle(..\..\flashtool\Resource\Handle\RBHandle.cpp,19)
08/03/2017 19:51:53.613 FlashTool[14320][13332][D]: APCore::RBHandle::~RBHandle(): RB_ClearAll(0)(..\..\flashtool\Resource\Handle\RBHandle.cpp,21)
08/03/2017 19:51:53.613 FlashTool[14320][13332][D]: APCore::RBHandle::~RBHandle(): RB_Destroy(0)(..\..\flashtool\Resource\Handle\RBHandle.cpp,23)
08/03/2017 19:51:53.613 FlashTool[14320][13332][D]: APCore::ScretHandle::~ScretHandle(): dtor of ScretHandle(..\..\flashtool\Resource\Handle\ScretHandle.cpp,23)
08/03/2017 19:51:53.613 FlashTool[14320][13332][D]: APCore::AuthHandle::~AuthHandle(): dtor of auth handle.(..\..\flashtool\Resource\Handle\AuthHandle.cpp,22)

Logger deinited.