==================================================================================================================================
MediaTek SP Flash Tool v5.1644.00 runtime trace is ON.
Build: 2016/11/02 14:43 (0x357405)
Comment: N/A
Load Path: C:/ProgramData/Motorola/SmartTool/FlashTools/SP_Flash_Tool_5.1644
==================================================================================================================================

08/03/2017 19:32:59.690 FlashTool[11676][13456][D]: AppCore::LoadDA(): loading DA (41, D:\Lacrosse\Driver and Download SOP\SP_Flash_Tool_exe_Windows_v5.1644.00.000\SP_Flash_Tool_exe_Windows_v5.1644.00.000\MTK_AllInOne_DA.bin)(..\..\flashtool\Public\AppCore.cpp,54)
08/03/2017 19:32:59.690 FlashTool[11676][13456][D]: APCore::DAHandle::DAHandle(): ctor of DAHandle(..\..\flashtool\Resource\Handle\DAHandle.cpp,18)
08/03/2017 19:32:59.965 FlashTool[11676][13456][D]: DownloadWidget::LoadLastScatterFile(): Init read the history list size is 5.
(..\..\flashtool\UI\src\DownloadWidget.cpp,483)
08/03/2017 19:33:42.872 FlashTool[11676][13456][D]: AppCore::LoadDA(): loading DA (41, C:\ProgramData\Motorola\SmartTool\FlashTools\SP_Flash_Tool_5.1644\DA_SWSEC.bin)(..\..\flashtool\Public\AppCore.cpp,54)
08/03/2017 19:33:58.341 FlashTool[11676][13456][D]: APCore::DLHandle::DLHandle(): DL_Create(0)(..\..\flashtool\Resource\Handle\DLHandle.cpp,12)
08/03/2017 19:33:58.341 FlashTool[11676][13456][D]: APCore::DLHandle::SetStopLoadFlag(): set DL_SetStopFlag(0).(..\..\flashtool\Resource\Handle\DLHandle.cpp,214)
08/03/2017 19:33:58.341 FlashTool[11676][13456][D]: LoadScatterRunnable::LoadScatterRunnable(): ctor of LoadScatterRunnable...(..\..\flashtool\UI\src\AsyncResourceLoader.cpp,24)
08/03/2017 19:33:58.341 FlashTool[11676][13456][D]: DownloadWidget::UpdateScatterFile(): The history list size is 5.
(..\..\flashtool\UI\src\DownloadWidget.cpp,826)
08/03/2017 19:33:58.341 FlashTool[11676][12976][D]: AppCore::LoadScatter(): loading scatter (41, C:\ProgramData\Motorola\SmartTool\RecoveryFiles\APAC_A158L_K300_DS_V1.0B22_DL_user_SVC1\MT6737M_Android_scatter.txt)(..\..\flashtool\Public\AppCore.cpp,181)
08/03/2017 19:33:59.587 FlashTool[11676][12976][D]: ChksumRule::IniChksumMap(): Check if do checksum(1)(..\..\flashtool\Rules\ChksumRule.cpp,38)
08/03/2017 19:33:59.587 FlashTool[11676][12976][D]: ChksumRule::IniChksumMap(): chksum name(boot), chksum value(0x44e3)(..\..\flashtool\Rules\ChksumRule.cpp,51)
08/03/2017 19:33:59.587 FlashTool[11676][12976][D]: ChksumRule::IniChksumMap(): chksum name(cache), chksum value(0x8cbd)(..\..\flashtool\Rules\ChksumRule.cpp,51)
08/03/2017 19:33:59.587 FlashTool[11676][12976][D]: ChksumRule::IniChksumMap(): chksum name(lk), chksum value(0xc1db)(..\..\flashtool\Rules\ChksumRule.cpp,51)
08/03/2017 19:33:59.588 FlashTool[11676][12976][D]: ChksumRule::IniChksumMap(): chksum name(logo), chksum value(0x4c2e)(..\..\flashtool\Rules\ChksumRule.cpp,51)
08/03/2017 19:33:59.588 FlashTool[11676][12976][D]: ChksumRule::IniChksumMap(): chksum name(preloader), chksum value(0x6d0c)(..\..\flashtool\Rules\ChksumRule.cpp,51)
08/03/2017 19:33:59.588 FlashTool[11676][12976][D]: ChksumRule::IniChksumMap(): chksum name(recovery), chksum value(0x200e)(..\..\flashtool\Rules\ChksumRule.cpp,51)
08/03/2017 19:33:59.588 FlashTool[11676][12976][D]: ChksumRule::IniChksumMap(): chksum name(secro), chksum value(0x4075)(..\..\flashtool\Rules\ChksumRule.cpp,51)
08/03/2017 19:33:59.588 FlashTool[11676][12976][D]: ChksumRule::IniChksumMap(): chksum name(system), chksum value(0xf742)(..\..\flashtool\Rules\ChksumRule.cpp,51)
08/03/2017 19:33:59.588 FlashTool[11676][12976][D]: ChksumRule::IniChksumMap(): chksum name(tee1), chksum value(0xe079)(..\..\flashtool\Rules\ChksumRule.cpp,51)
08/03/2017 19:33:59.588 FlashTool[11676][12976][D]: ChksumRule::IniChksumMap(): chksum name(tee2), chksum value(0xe079)(..\..\flashtool\Rules\ChksumRule.cpp,51)
08/03/2017 19:33:59.588 FlashTool[11676][12976][D]: ChksumRule::IniChksumMap(): chksum name(userdata), chksum value(0xd1c0)(..\..\flashtool\Rules\ChksumRule.cpp,51)
08/03/2017 19:33:59.589 FlashTool[11676][12976][D]: AppCore::VerifyImageChksum(): image_name(preloader), chksum_value(27916), index(0)(..\..\flashtool\Public\AppCore.cpp,230)
08/03/2017 19:33:59.590 FlashTool[11676][12976][D]: AppCore::VerifyImageChksum(): skip chksum for rom(pgpt).(..\..\flashtool\Public\AppCore.cpp,221)
08/03/2017 19:33:59.590 FlashTool[11676][12976][D]: AppCore::VerifyImageChksum(): skip chksum for rom(proinfo).(..\..\flashtool\Public\AppCore.cpp,221)
08/03/2017 19:33:59.590 FlashTool[11676][12976][D]: AppCore::VerifyImageChksum(): skip chksum for rom(nvram).(..\..\flashtool\Public\AppCore.cpp,221)
08/03/2017 19:33:59.590 FlashTool[11676][12976][D]: AppCore::VerifyImageChksum(): skip chksum for rom(protect1).(..\..\flashtool\Public\AppCore.cpp,221)
08/03/2017 19:33:59.590 FlashTool[11676][12976][D]: AppCore::VerifyImageChksum(): skip chksum for rom(protect2).(..\..\flashtool\Public\AppCore.cpp,221)
08/03/2017 19:33:59.590 FlashTool[11676][12976][D]: AppCore::VerifyImageChksum(): image_name(lk), chksum_value(49627), index(6)(..\..\flashtool\Public\AppCore.cpp,230)
08/03/2017 19:33:59.591 FlashTool[11676][12976][D]: AppCore::VerifyImageChksum(): skip chksum for rom(para).(..\..\flashtool\Public\AppCore.cpp,221)
08/03/2017 19:33:59.591 FlashTool[11676][12976][D]: AppCore::VerifyImageChksum(): image_name(boot), chksum_value(17635), index(8)(..\..\flashtool\Public\AppCore.cpp,230)
08/03/2017 19:33:59.630 FlashTool[11676][12976][D]: AppCore::VerifyImageChksum(): image_name(recovery), chksum_value(8206), index(9)(..\..\flashtool\Public\AppCore.cpp,230)
08/03/2017 19:33:59.693 FlashTool[11676][12976][D]: AppCore::VerifyImageChksum(): image_name(logo), chksum_value(19502), index(10)(..\..\flashtool\Public\AppCore.cpp,230)
08/03/2017 19:33:59.710 FlashTool[11676][12976][D]: AppCore::VerifyImageChksum(): skip chksum for rom(expdb).(..\..\flashtool\Public\AppCore.cpp,221)
08/03/2017 19:33:59.710 FlashTool[11676][12976][D]: AppCore::VerifyImageChksum(): skip chksum for rom(seccfg).(..\..\flashtool\Public\AppCore.cpp,221)
08/03/2017 19:33:59.710 FlashTool[11676][12976][D]: AppCore::VerifyImageChksum(): skip chksum for rom(oemkeystore).(..\..\flashtool\Public\AppCore.cpp,221)
08/03/2017 19:33:59.710 FlashTool[11676][12976][D]: AppCore::VerifyImageChksum(): image_name(secro), chksum_value(16501), index(14)(..\..\flashtool\Public\AppCore.cpp,230)
08/03/2017 19:33:59.711 FlashTool[11676][12976][D]: AppCore::VerifyImageChksum(): skip chksum for rom(keystore).(..\..\flashtool\Public\AppCore.cpp,221)
08/03/2017 19:33:59.711 FlashTool[11676][12976][D]: AppCore::VerifyImageChksum(): image_name(tee1), chksum_value(57465), index(16)(..\..\flashtool\Public\AppCore.cpp,230)
08/03/2017 19:33:59.711 FlashTool[11676][12976][D]: AppCore::VerifyImageChksum(): image_name(tee2), chksum_value(57465), index(17)(..\..\flashtool\Public\AppCore.cpp,230)
08/03/2017 19:33:59.712 FlashTool[11676][12976][D]: AppCore::VerifyImageChksum(): skip chksum for rom(frp).(..\..\flashtool\Public\AppCore.cpp,221)
08/03/2017 19:33:59.712 FlashTool[11676][12976][D]: AppCore::VerifyImageChksum(): skip chksum for rom(nvdata).(..\..\flashtool\Public\AppCore.cpp,221)
08/03/2017 19:33:59.712 FlashTool[11676][12976][D]: AppCore::VerifyImageChksum(): skip chksum for rom(metadata).(..\..\flashtool\Public\AppCore.cpp,221)
08/03/2017 19:33:59.712 FlashTool[11676][12976][D]: AppCore::VerifyImageChksum(): image_name(system), chksum_value(63298), index(21)(..\..\flashtool\Public\AppCore.cpp,230)
08/03/2017 19:34:37.348 FlashTool[11676][12976][D]: AppCore::VerifyImageChksum(): image_name(cache), chksum_value(36029), index(22)(..\..\flashtool\Public\AppCore.cpp,230)
08/03/2017 19:34:37.715 FlashTool[11676][12976][D]: AppCore::VerifyImageChksum(): image_name(userdata), chksum_value(53696), index(23)(..\..\flashtool\Public\AppCore.cpp,230)
08/03/2017 19:34:38.325 FlashTool[11676][12976][D]: AppCore::VerifyImageChksum(): skip chksum for rom(otp).(..\..\flashtool\Public\AppCore.cpp,221)
08/03/2017 19:34:38.325 FlashTool[11676][12976][D]: AppCore::VerifyImageChksum(): skip chksum for rom(flashinfo).(..\..\flashtool\Public\AppCore.cpp,221)
08/03/2017 19:34:38.325 FlashTool[11676][12976][D]: AppCore::VerifyImageChksum(): skip chksum for rom(sgpt).(..\..\flashtool\Public\AppCore.cpp,221)
08/03/2017 19:34:38.341 FlashTool[11676][12976][D]: LoadScatterRunnable::~LoadScatterRunnable(): dtor of LoadScatterRunnable...(..\..\flashtool\UI\src\AsyncResourceLoader.cpp,35)
08/03/2017 19:34:38.397 FlashTool[11676][13456][D]: APCore::DLHandle::GetPlatformInfo(): Platform Info: storage(EMMC), chip(MT6737M)(..\..\flashtool\Resource\Handle\DLHandle.cpp,93)
08/03/2017 19:34:38.397 FlashTool[11676][13456][D]: TiXmlDocument::LoadFile(): LoadFile filename: C:/ProgramData/Motorola/SmartTool/FlashTools/SP_Flash_Tool_5.1644\platform.xml(..\..\flashtool\XMLParser\tinyxml.cpp,977)
08/03/2017 19:34:38.397 FlashTool[11676][13456][D]: TiXmlFOpen(): open file: C:/ProgramData/Motorola/SmartTool/FlashTools/SP_Flash_Tool_5.1644\platform.xml(..\..\flashtool\XMLParser\tinyxml.cpp,52)
08/03/2017 19:34:38.625 FlashTool[11676][13456][D]: TiXmlFOpen(): create time: 2017/01/12 13:32:54(..\..\flashtool\XMLParser\tinyxml.cpp,69)
08/03/2017 19:34:38.625 FlashTool[11676][13456][D]: TiXmlFOpen(): modify time: 2016/11/02 14:49:24(..\..\flashtool\XMLParser\tinyxml.cpp,77)
08/03/2017 19:34:38.625 FlashTool[11676][13456][D]: TiXmlFOpen(): access time: 2017/04/24 14:45:21(..\..\flashtool\XMLParser\tinyxml.cpp,85)
08/03/2017 19:34:38.626 FlashTool[11676][13456][D]: Platform::LoadXML(): default_bmt_blocks is 80.
(..\..\flashtool\Rules\PlatformRule.cpp,89)
08/03/2017 19:34:38.626 FlashTool[11676][13456][D]: Platform::LoadXML(): default_bmt_blocks is 80.
(..\..\flashtool\Rules\PlatformRule.cpp,89)
08/03/2017 19:34:38.627 FlashTool[11676][13456][D]: Platform::LoadXML(): default_bmt_blocks is 80.
(..\..\flashtool\Rules\PlatformRule.cpp,89)
08/03/2017 19:34:38.627 FlashTool[11676][13456][D]: Platform::LoadXML(): default_bmt_blocks is 80.
(..\..\flashtool\Rules\PlatformRule.cpp,89)
08/03/2017 19:34:38.627 FlashTool[11676][13456][D]: Platform::LoadXML(): default_bmt_blocks is 80.
(..\..\flashtool\Rules\PlatformRule.cpp,89)
08/03/2017 19:34:38.627 FlashTool[11676][13456][D]: Platform::LoadXML(): default_bmt_blocks is 80.
(..\..\flashtool\Rules\PlatformRule.cpp,89)
08/03/2017 19:34:38.627 FlashTool[11676][13456][D]: Platform::LoadXML(): default_bmt_blocks is 80.
(..\..\flashtool\Rules\PlatformRule.cpp,89)
08/03/2017 19:34:38.627 FlashTool[11676][13456][D]: Platform::LoadXML(): default_bmt_blocks is 80.
(..\..\flashtool\Rules\PlatformRule.cpp,89)
08/03/2017 19:34:38.628 FlashTool[11676][13456][D]: Platform::LoadXML(): default_bmt_blocks is 80.
(..\..\flashtool\Rules\PlatformRule.cpp,89)
08/03/2017 19:34:38.628 FlashTool[11676][13456][D]: Platform::LoadXML(): default_bmt_blocks is 80.
(..\..\flashtool\Rules\PlatformRule.cpp,89)
08/03/2017 19:34:38.628 FlashTool[11676][13456][D]: Platform::LoadXML(): default_bmt_blocks is 80.
(..\..\flashtool\Rules\PlatformRule.cpp,89)
08/03/2017 19:34:38.628 FlashTool[11676][13456][D]: Platform::LoadXML(): default_bmt_blocks is 80.
(..\..\flashtool\Rules\PlatformRule.cpp,89)
08/03/2017 19:34:38.628 FlashTool[11676][13456][D]: Platform::LoadXML(): default_bmt_blocks is 80.
(..\..\flashtool\Rules\PlatformRule.cpp,89)
08/03/2017 19:34:38.628 FlashTool[11676][13456][D]: Platform::LoadXML(): default_bmt_blocks is 80.
(..\..\flashtool\Rules\PlatformRule.cpp,89)
08/03/2017 19:34:38.628 FlashTool[11676][13456][D]: Platform::LoadXML(): default_bmt_blocks is 80.
(..\..\flashtool\Rules\PlatformRule.cpp,89)
08/03/2017 19:34:38.629 FlashTool[11676][13456][D]: Platform::LoadXML(): default_bmt_blocks is 80.
(..\..\flashtool\Rules\PlatformRule.cpp,89)
08/03/2017 19:34:38.629 FlashTool[11676][13456][D]: Platform::LoadXML(): default_bmt_blocks is 80.
(..\..\flashtool\Rules\PlatformRule.cpp,89)
08/03/2017 19:34:38.629 FlashTool[11676][13456][D]: Platform::LoadXML(): default_bmt_blocks is 80.
(..\..\flashtool\Rules\PlatformRule.cpp,89)
08/03/2017 19:34:38.629 FlashTool[11676][13456][D]: Platform::LoadXML(): default_bmt_blocks is 80.
(..\..\flashtool\Rules\PlatformRule.cpp,89)
08/03/2017 19:34:38.629 FlashTool[11676][13456][D]: Platform::LoadXML(): default_bmt_blocks is 80.
(..\..\flashtool\Rules\PlatformRule.cpp,89)
08/03/2017 19:34:38.629 FlashTool[11676][13456][D]: Platform::LoadXML(): default_bmt_blocks is 80.
(..\..\flashtool\Rules\PlatformRule.cpp,89)
08/03/2017 19:34:38.630 FlashTool[11676][13456][D]: Platform::LoadXML(): default_bmt_blocks is 80.
(..\..\flashtool\Rules\PlatformRule.cpp,89)
08/03/2017 19:34:38.630 FlashTool[11676][13456][D]: Platform::LoadXML(): default_bmt_blocks is 80.
(..\..\flashtool\Rules\PlatformRule.cpp,89)
08/03/2017 19:34:38.630 FlashTool[11676][13456][D]: Platform::LoadXML(): default_bmt_blocks is 80.
(..\..\flashtool\Rules\PlatformRule.cpp,89)
08/03/2017 19:34:38.630 FlashTool[11676][13456][D]: Platform::LoadXML(): default_bmt_blocks is 80.
(..\..\flashtool\Rules\PlatformRule.cpp,89)
08/03/2017 19:34:38.630 FlashTool[11676][13456][D]: Platform::LoadXML(): default_bmt_blocks is 80.
(..\..\flashtool\Rules\PlatformRule.cpp,89)
08/03/2017 19:34:38.630 FlashTool[11676][13456][D]: Platform::LoadXML(): default_bmt_blocks is 80.
(..\..\flashtool\Rules\PlatformRule.cpp,89)
08/03/2017 19:34:38.630 FlashTool[11676][13456][D]: Platform::LoadXML(): default_bmt_blocks is 80.
(..\..\flashtool\Rules\PlatformRule.cpp,89)
08/03/2017 19:34:38.630 FlashTool[11676][13456][D]: Platform::LoadXML(): default_bmt_blocks is 80.
(..\..\flashtool\Rules\PlatformRule.cpp,89)
08/03/2017 19:34:38.630 FlashTool[11676][13456][D]: Platform::LoadXML(): default_bmt_blocks is 80.
(..\..\flashtool\Rules\PlatformRule.cpp,89)
08/03/2017 19:34:38.630 FlashTool[11676][13456][D]: Platform::LoadXML(): default_bmt_blocks is 80.
(..\..\flashtool\Rules\PlatformRule.cpp,89)
08/03/2017 19:34:38.631 FlashTool[11676][13456][D]: Platform::LoadXML(): default_bmt_blocks is 80.
(..\..\flashtool\Rules\PlatformRule.cpp,89)
08/03/2017 19:34:38.631 FlashTool[11676][13456][D]: Platform::LoadXML(): default_bmt_blocks is 80.
(..\..\flashtool\Rules\PlatformRule.cpp,89)
08/03/2017 19:34:38.631 FlashTool[11676][13456][D]: Platform::LoadXML(): default_bmt_blocks is 80.
(..\..\flashtool\Rules\PlatformRule.cpp,89)
08/03/2017 19:34:38.631 FlashTool[11676][13456][D]: Platform::LoadXML(): default_bmt_blocks is 80.
(..\..\flashtool\Rules\PlatformRule.cpp,89)
08/03/2017 19:34:38.631 FlashTool[11676][13456][D]: Platform::LoadXML(): default_bmt_blocks is 80.
(..\..\flashtool\Rules\PlatformRule.cpp,89)
08/03/2017 19:34:38.631 FlashTool[11676][13456][D]: Platform::LoadXML(): default_bmt_blocks is 80.
(..\..\flashtool\Rules\PlatformRule.cpp,89)
08/03/2017 19:34:38.631 FlashTool[11676][13456][D]: Platform::LoadXML(): default_bmt_blocks is 80.
(..\..\flashtool\Rules\PlatformRule.cpp,89)
08/03/2017 19:34:38.631 FlashTool[11676][13456][D]: Platform::LoadXML(): default_bmt_blocks is 80.
(..\..\flashtool\Rules\PlatformRule.cpp,89)
08/03/2017 19:34:38.631 FlashTool[11676][13456][D]: PlatformTable::parseScatterName(): PlatformTable::parseScatterName() : MT6737M(..\..\flashtool\Rules\PlatformRule.cpp,134)
08/03/2017 19:34:38.631 FlashTool[11676][13456][D]: PlatformTable::parseScatterName(): lower name = elbrus(..\..\flashtool\Rules\PlatformRule.cpp,144)
08/03/2017 19:34:38.632 FlashTool[11676][13456][D]: PlatformTable::parseScatterName(): lower name = mt0690(..\..\flashtool\Rules\PlatformRule.cpp,144)
08/03/2017 19:34:38.632 FlashTool[11676][13456][D]: PlatformTable::parseScatterName(): lower name = mt2601(..\..\flashtool\Rules\PlatformRule.cpp,144)
08/03/2017 19:34:38.632 FlashTool[11676][13456][D]: PlatformTable::parseScatterName(): lower name = mt6570(..\..\flashtool\Rules\PlatformRule.cpp,144)
08/03/2017 19:34:38.632 FlashTool[11676][13456][D]: PlatformTable::parseScatterName(): lower name = mt6571(..\..\flashtool\Rules\PlatformRule.cpp,144)
08/03/2017 19:34:38.632 FlashTool[11676][13456][D]: PlatformTable::parseScatterName(): lower name = mt6572(..\..\flashtool\Rules\PlatformRule.cpp,144)
08/03/2017 19:34:38.632 FlashTool[11676][13456][D]: PlatformTable::parseScatterName(): lower name = mt6573(..\..\flashtool\Rules\PlatformRule.cpp,144)
08/03/2017 19:34:38.632 FlashTool[11676][13456][D]: PlatformTable::parseScatterName(): lower name = mt6575(..\..\flashtool\Rules\PlatformRule.cpp,144)
08/03/2017 19:34:38.632 FlashTool[11676][13456][D]: PlatformTable::parseScatterName(): lower name = mt6577(..\..\flashtool\Rules\PlatformRule.cpp,144)
08/03/2017 19:34:38.632 FlashTool[11676][13456][D]: PlatformTable::parseScatterName(): lower name = mt6580(..\..\flashtool\Rules\PlatformRule.cpp,144)
08/03/2017 19:34:38.632 FlashTool[11676][13456][D]: PlatformTable::parseScatterName(): lower name = mt6582(..\..\flashtool\Rules\PlatformRule.cpp,144)
08/03/2017 19:34:38.632 FlashTool[11676][13456][D]: PlatformTable::parseScatterName(): lower name = mt6589(..\..\flashtool\Rules\PlatformRule.cpp,144)
08/03/2017 19:34:38.632 FlashTool[11676][13456][D]: PlatformTable::parseScatterName(): lower name = mt6592(..\..\flashtool\Rules\PlatformRule.cpp,144)
08/03/2017 19:34:38.633 FlashTool[11676][13456][D]: PlatformTable::parseScatterName(): lower name = mt6595(..\..\flashtool\Rules\PlatformRule.cpp,144)
08/03/2017 19:34:38.633 FlashTool[11676][13456][D]: PlatformTable::parseScatterName(): lower name = mt6735(..\..\flashtool\Rules\PlatformRule.cpp,144)
08/03/2017 19:34:38.633 FlashTool[11676][13456][D]: PlatformTable::parseScatterName(): lower name = mt6735m(..\..\flashtool\Rules\PlatformRule.cpp,144)
08/03/2017 19:34:38.633 FlashTool[11676][13456][D]: APCore::PlatformSetting::initByNewScatterFile(): PlatformSetting::initByScatterFile(): notifying OBs with new platform: MT6737M(..\..\flashtool\Setting\PlatformSetting.cpp,107)
08/03/2017 19:34:38.633 FlashTool[11676][13456][D]: APCore::PlatformSetting::getLoadPlatformName(): PlatformSetting::getLoadPlatformName(): MT6737M(..\..\flashtool\Setting\PlatformSetting.cpp,170)
08/03/2017 19:34:38.652 FlashTool[11676][13456][D]: APCore::PlatformSetting::getLoadPlatformName(): PlatformSetting::getLoadPlatformName(): MT6737M(..\..\flashtool\Setting\PlatformSetting.cpp,170)
08/03/2017 19:34:38.652 FlashTool[11676][13456][D]: APCore::PlatformSetting::getLoadPlatformName(): PlatformSetting::getLoadPlatformName(): MT6737M(..\..\flashtool\Setting\PlatformSetting.cpp,170)
08/03/2017 19:34:38.652 FlashTool[11676][13456][D]: APCore::PlatformSetting::initByNewScatterFile(): 
-------------dumping platform config-------------
name:MT6737M_S00
simple_name:MT6737M
-----------------------------------------------
(..\..\flashtool\Setting\PlatformSetting.cpp,110)
08/03/2017 19:34:38.652 FlashTool[11676][13456][D]: TiXmlDocument::LoadFile(): LoadFile filename: C:/ProgramData/Motorola/SmartTool/FlashTools/SP_Flash_Tool_5.1644\storage_setting.xml(..\..\flashtool\XMLParser\tinyxml.cpp,977)
08/03/2017 19:34:38.653 FlashTool[11676][13456][D]: TiXmlFOpen(): open file: C:/ProgramData/Motorola/SmartTool/FlashTools/SP_Flash_Tool_5.1644\storage_setting.xml(..\..\flashtool\XMLParser\tinyxml.cpp,52)
08/03/2017 19:34:38.914 FlashTool[11676][13456][D]: TiXmlFOpen(): create time: 2017/01/12 13:32:54(..\..\flashtool\XMLParser\tinyxml.cpp,69)
08/03/2017 19:34:38.914 FlashTool[11676][13456][D]: TiXmlFOpen(): modify time: 2016/11/02 14:49:24(..\..\flashtool\XMLParser\tinyxml.cpp,77)
08/03/2017 19:34:38.914 FlashTool[11676][13456][D]: TiXmlFOpen(): access time: 2017/04/24 14:45:23(..\..\flashtool\XMLParser\tinyxml.cpp,85)
08/03/2017 19:34:38.916 FlashTool[11676][13456][D]: FlashToolStorageTable::Dump(): platform(MT6516).(..\..\flashtool\Rules\StorageRule.cpp,142)
08/03/2017 19:34:38.916 FlashTool[11676][13456][D]: FlashToolStorageTable::Dump(): storage type(EMMC) -> is_support(false), is_support_auto_format(false), storage_type_(HW_STORAGE_EMMC), memory_type_(HW_MEM_EMMC).(..\..\flashtool\Rules\StorageRule.cpp,146)
08/03/2017 19:34:38.916 FlashTool[11676][13456][D]: FlashToolStorageTable::Dump(): storage type(NAND) -> is_support(true), is_support_auto_format(true), storage_type_(HW_STORAGE_NAND), memory_type_(HW_MEM_NAND).(..\..\flashtool\Rules\StorageRule.cpp,146)
08/03/2017 19:34:38.917 FlashTool[11676][13456][D]: FlashToolStorageTable::Dump(): storage type(NOR) -> is_support(false), is_support_auto_format(false), storage_type_(HW_STORAGE_NOR), memory_type_(HW_MEM_NOR).(..\..\flashtool\Rules\StorageRule.cpp,146)
08/03/2017 19:34:38.917 FlashTool[11676][13456][D]: FlashToolStorageTable::Dump(): storage type(SDMMC) -> is_support(false), is_support_auto_format(false), storage_type_(HW_STORAGE_SDMMC), memory_type_(HW_MEM_SDMMC).(..\..\flashtool\Rules\StorageRule.cpp,146)
08/03/2017 19:34:38.917 FlashTool[11676][13456][D]: FlashToolStorageTable::Dump(): platform(MT6573).(..\..\flashtool\Rules\StorageRule.cpp,142)
08/03/2017 19:34:38.917 FlashTool[11676][13456][D]: FlashToolStorageTable::Dump(): storage type(EMMC) -> is_support(true), is_support_auto_format(false), storage_type_(HW_STORAGE_EMMC), memory_type_(HW_MEM_EMMC).(..\..\flashtool\Rules\StorageRule.cpp,146)
08/03/2017 19:34:38.917 FlashTool[11676][13456][D]: FlashToolStorageTable::Dump(): storage type(NAND) -> is_support(true), is_support_auto_format(true), storage_type_(HW_STORAGE_NAND), memory_type_(HW_MEM_NAND).(..\..\flashtool\Rules\StorageRule.cpp,146)
08/03/2017 19:34:38.917 FlashTool[11676][13456][D]: FlashToolStorageTable::Dump(): storage type(NOR) -> is_support(false), is_support_auto_format(false), storage_type_(HW_STORAGE_NOR), memory_type_(HW_MEM_NOR).(..\..\flashtool\Rules\StorageRule.cpp,146)
08/03/2017 19:34:38.917 FlashTool[11676][13456][D]: FlashToolStorageTable::Dump(): storage type(SDMMC) -> is_support(false), is_support_auto_format(false), storage_type_(HW_STORAGE_SDMMC), memory_type_(HW_MEM_SDMMC).(..\..\flashtool\Rules\StorageRule.cpp,146)
08/03/2017 19:34:38.917 FlashTool[11676][13456][D]: FlashToolStorageTable::Dump(): platform(MT6575).(..\..\flashtool\Rules\StorageRule.cpp,142)
08/03/2017 19:34:38.917 FlashTool[11676][13456][D]: FlashToolStorageTable::Dump(): storage type(EMMC) -> is_support(true), is_support_auto_format(true), storage_type_(HW_STORAGE_EMMC), memory_type_(HW_MEM_EMMC).(..\..\flashtool\Rules\StorageRule.cpp,146)
08/03/2017 19:34:38.917 FlashTool[11676][13456][D]: FlashToolStorageTable::Dump(): storage type(NAND) -> is_support(true), is_support_auto_format(true), storage_type_(HW_STORAGE_NAND), memory_type_(HW_MEM_NAND).(..\..\flashtool\Rules\StorageRule.cpp,146)
08/03/2017 19:34:38.917 FlashTool[11676][13456][D]: FlashToolStorageTable::Dump(): storage type(NOR) -> is_support(false), is_support_auto_format(false), storage_type_(HW_STORAGE_NOR), memory_type_(HW_MEM_NOR).(..\..\flashtool\Rules\StorageRule.cpp,146)
08/03/2017 19:34:38.917 FlashTool[11676][13456][D]: FlashToolStorageTable::Dump(): storage type(SDMMC) -> is_support(true), is_support_auto_format(false), storage_type_(HW_STORAGE_SDMMC), memory_type_(HW_MEM_SDMMC).(..\..\flashtool\Rules\StorageRule.cpp,146)
08/03/2017 19:34:38.917 FlashTool[11676][13456][D]: FlashToolStorageTable::Dump(): platform(MT6577).(..\..\flashtool\Rules\StorageRule.cpp,142)
08/03/2017 19:34:38.917 FlashTool[11676][13456][D]: FlashToolStorageTable::Dump(): storage type(EMMC) -> is_support(true), is_support_auto_format(true), storage_type_(HW_STORAGE_EMMC), memory_type_(HW_MEM_EMMC).(..\..\flashtool\Rules\StorageRule.cpp,146)
08/03/2017 19:34:38.918 FlashTool[11676][13456][D]: FlashToolStorageTable::Dump(): storage type(NAND) -> is_support(true), is_support_auto_format(true), storage_type_(HW_STORAGE_NAND), memory_type_(HW_MEM_NAND).(..\..\flashtool\Rules\StorageRule.cpp,146)
08/03/2017 19:34:38.918 FlashTool[11676][13456][D]: FlashToolStorageTable::Dump(): storage type(NOR) -> is_support(false), is_support_auto_format(false), storage_type_(HW_STORAGE_NOR), memory_type_(HW_MEM_NOR).(..\..\flashtool\Rules\StorageRule.cpp,146)
08/03/2017 19:34:38.918 FlashTool[11676][13456][D]: FlashToolStorageTable::Dump(): storage type(SDMMC) -> is_support(true), is_support_auto_format(false), storage_type_(HW_STORAGE_SDMMC), memory_type_(HW_MEM_SDMMC).(..\..\flashtool\Rules\StorageRule.cpp,146)
08/03/2017 19:34:38.918 FlashTool[11676][13456][D]: FlashToolStorageTable::Dump(): platform(MT6589).(..\..\flashtool\Rules\StorageRule.cpp,142)
08/03/2017 19:34:38.918 FlashTool[11676][13456][D]: FlashToolStorageTable::Dump(): storage type(EMMC) -> is_support(true), is_support_auto_format(true), storage_type_(HW_STORAGE_EMMC), memory_type_(HW_MEM_EMMC).(..\..\flashtool\Rules\StorageRule.cpp,146)
08/03/2017 19:34:38.918 FlashTool[11676][13456][D]: FlashToolStorageTable::Dump(): storage type(NAND) -> is_support(true), is_support_auto_format(true), storage_type_(HW_STORAGE_NAND), memory_type_(HW_MEM_NAND).(..\..\flashtool\Rules\StorageRule.cpp,146)
08/03/2017 19:34:38.918 FlashTool[11676][13456][D]: FlashToolStorageTable::Dump(): storage type(NOR) -> is_support(false), is_support_auto_format(false), storage_type_(HW_STORAGE_NOR), memory_type_(HW_MEM_NOR).(..\..\flashtool\Rules\StorageRule.cpp,146)
08/03/2017 19:34:38.918 FlashTool[11676][13456][D]: FlashToolStorageTable::Dump(): storage type(SDMMC) -> is_support(true), is_support_auto_format(false), storage_type_(HW_STORAGE_SDMMC), memory_type_(HW_MEM_SDMMC).(..\..\flashtool\Rules\StorageRule.cpp,146)
08/03/2017 19:34:38.918 FlashTool[11676][13456][D]: FlashToolStorageTable::Dump(): platform(MT6572).(..\..\flashtool\Rules\StorageRule.cpp,142)
08/03/2017 19:34:38.918 FlashTool[11676][13456][D]: FlashToolStorageTable::Dump(): storage type(EMMC) -> is_support(true), is_support_auto_format(true), storage_type_(HW_STORAGE_EMMC), memory_type_(HW_MEM_EMMC).(..\..\flashtool\Rules\StorageRule.cpp,146)
08/03/2017 19:34:38.918 FlashTool[11676][13456][D]: FlashToolStorageTable::Dump(): storage type(NAND) -> is_support(true), is_support_auto_format(true), storage_type_(HW_STORAGE_NAND), memory_type_(HW_MEM_NAND).(..\..\flashtool\Rules\StorageRule.cpp,146)
08/03/2017 19:34:38.918 FlashTool[11676][13456][D]: FlashToolStorageTable::Dump(): storage type(NOR) -> is_support(false), is_support_auto_format(false), storage_type_(HW_STORAGE_NOR), memory_type_(HW_MEM_NOR).(..\..\flashtool\Rules\StorageRule.cpp,146)
08/03/2017 19:34:38.918 FlashTool[11676][13456][D]: FlashToolStorageTable::Dump(): storage type(SDMMC) -> is_support(true), is_support_auto_format(true), storage_type_(HW_STORAGE_SDMMC), memory_type_(HW_MEM_SDMMC).(..\..\flashtool\Rules\StorageRule.cpp,146)
08/03/2017 19:34:38.919 FlashTool[11676][13456][D]: FlashToolStorageTable::Dump(): platform(MT6571).(..\..\flashtool\Rules\StorageRule.cpp,142)
08/03/2017 19:34:38.919 FlashTool[11676][13456][D]: FlashToolStorageTable::Dump(): storage type(EMMC) -> is_support(true), is_support_auto_format(true), storage_type_(HW_STORAGE_EMMC), memory_type_(HW_MEM_EMMC).(..\..\flashtool\Rules\StorageRule.cpp,146)
08/03/2017 19:34:38.919 FlashTool[11676][13456][D]: FlashToolStorageTable::Dump(): storage type(NAND) -> is_support(true), is_support_auto_format(true), storage_type_(HW_STORAGE_NAND), memory_type_(HW_MEM_NAND).(..\..\flashtool\Rules\StorageRule.cpp,146)
08/03/2017 19:34:38.919 FlashTool[11676][13456][D]: FlashToolStorageTable::Dump(): storage type(NOR) -> is_support(false), is_support_auto_format(false), storage_type_(HW_STORAGE_NOR), memory_type_(HW_MEM_NOR).(..\..\flashtool\Rules\StorageRule.cpp,146)
08/03/2017 19:34:38.919 FlashTool[11676][13456][D]: FlashToolStorageTable::Dump(): storage type(SDMMC) -> is_support(true), is_support_auto_format(true), storage_type_(HW_STORAGE_SDMMC), memory_type_(HW_MEM_SDMMC).(..\..\flashtool\Rules\StorageRule.cpp,146)
08/03/2017 19:34:38.919 FlashTool[11676][13456][D]: FlashToolStorageTable::Dump(): platform(MT6582).(..\..\flashtool\Rules\StorageRule.cpp,142)
08/03/2017 19:34:38.919 FlashTool[11676][13456][D]: FlashToolStorageTable::Dump(): storage type(EMMC) -> is_support(true), is_support_auto_format(true), storage_type_(HW_STORAGE_EMMC), memory_type_(HW_MEM_EMMC).(..\..\flashtool\Rules\StorageRule.cpp,146)
08/03/2017 19:34:38.919 FlashTool[11676][13456][D]: FlashToolStorageTable::Dump(): storage type(NAND) -> is_support(true), is_support_auto_format(true), storage_type_(HW_STORAGE_NAND), memory_type_(HW_MEM_NAND).(..\..\flashtool\Rules\StorageRule.cpp,146)
08/03/2017 19:34:38.919 FlashTool[11676][13456][D]: FlashToolStorageTable::Dump(): storage type(NOR) -> is_support(false), is_support_auto_format(false), storage_type_(HW_STORAGE_NOR), memory_type_(HW_MEM_NOR).(..\..\flashtool\Rules\StorageRule.cpp,146)
08/03/2017 19:34:38.919 FlashTool[11676][13456][D]: FlashToolStorageTable::Dump(): storage type(SDMMC) -> is_support(true), is_support_auto_format(true), storage_type_(HW_STORAGE_SDMMC), memory_type_(HW_MEM_SDMMC).(..\..\flashtool\Rules\StorageRule.cpp,146)
08/03/2017 19:34:38.919 FlashTool[11676][13456][D]: FlashToolStorageTable::Dump(): platform(MT6592).(..\..\flashtool\Rules\StorageRule.cpp,142)
08/03/2017 19:34:38.919 FlashTool[11676][13456][D]: FlashToolStorageTable::Dump(): storage type(EMMC) -> is_support(true), is_support_auto_format(true), storage_type_(HW_STORAGE_EMMC), memory_type_(HW_MEM_EMMC).(..\..\flashtool\Rules\StorageRule.cpp,146)
08/03/2017 19:34:38.919 FlashTool[11676][13456][D]: FlashToolStorageTable::Dump(): storage type(NAND) -> is_support(true), is_support_auto_format(true), storage_type_(HW_STORAGE_NAND), memory_type_(HW_MEM_NAND).(..\..\flashtool\Rules\StorageRule.cpp,146)
08/03/2017 19:34:38.920 FlashTool[11676][13456][D]: FlashToolStorageTable::Dump(): storage type(NOR) -> is_support(false), is_support_auto_format(false), storage_type_(HW_STORAGE_NOR), memory_type_(HW_MEM_NOR).(..\..\flashtool\Rules\StorageRule.cpp,146)
08/03/2017 19:34:38.920 FlashTool[11676][13456][D]: FlashToolStorageTable::Dump(): storage type(SDMMC) -> is_support(true), is_support_auto_format(true), storage_type_(HW_STORAGE_SDMMC), memory_type_(HW_MEM_SDMMC).(..\..\flashtool\Rules\StorageRule.cpp,146)
08/03/2017 19:34:38.920 FlashTool[11676][13456][D]: FlashToolStorageTable::Dump(): platform(MT6595).(..\..\flashtool\Rules\StorageRule.cpp,142)
08/03/2017 19:34:38.920 FlashTool[11676][13456][D]: FlashToolStorageTable::Dump(): storage type(EMMC) -> is_support(true), is_support_auto_format(true), storage_type_(HW_STORAGE_EMMC), memory_type_(HW_MEM_EMMC).(..\..\flashtool\Rules\StorageRule.cpp,146)
08/03/2017 19:34:38.920 FlashTool[11676][13456][D]: FlashToolStorageTable::Dump(): storage type(NAND) -> is_support(true), is_support_auto_format(true), storage_type_(HW_STORAGE_NAND), memory_type_(HW_MEM_NAND).(..\..\flashtool\Rules\StorageRule.cpp,146)
08/03/2017 19:34:38.920 FlashTool[11676][13456][D]: FlashToolStorageTable::Dump(): storage type(NOR) -> is_support(false), is_support_auto_format(false), storage_type_(HW_STORAGE_NOR), memory_type_(HW_MEM_NOR).(..\..\flashtool\Rules\StorageRule.cpp,146)
08/03/2017 19:34:38.920 FlashTool[11676][13456][D]: FlashToolStorageTable::Dump(): storage type(SDMMC) -> is_support(true), is_support_auto_format(true), storage_type_(HW_STORAGE_SDMMC), memory_type_(HW_MEM_SDMMC).(..\..\flashtool\Rules\StorageRule.cpp,146)
08/03/2017 19:34:38.920 FlashTool[11676][13456][D]: FlashToolStorageTable::Dump(): platform(MT8135).(..\..\flashtool\Rules\StorageRule.cpp,142)
08/03/2017 19:34:38.920 FlashTool[11676][13456][D]: FlashToolStorageTable::Dump(): storage type(EMMC) -> is_support(true), is_support_auto_format(true), storage_type_(HW_STORAGE_EMMC), memory_type_(HW_MEM_EMMC).(..\..\flashtool\Rules\StorageRule.cpp,146)
08/03/2017 19:34:38.920 FlashTool[11676][13456][D]: FlashToolStorageTable::Dump(): storage type(NAND) -> is_support(true), is_support_auto_format(true), storage_type_(HW_STORAGE_NAND), memory_type_(HW_MEM_NAND).(..\..\flashtool\Rules\StorageRule.cpp,146)
08/03/2017 19:34:38.920 FlashTool[11676][13456][D]: FlashToolStorageTable::Dump(): storage type(NOR) -> is_support(false), is_support_auto_format(false), storage_type_(HW_STORAGE_NOR), memory_type_(HW_MEM_NOR).(..\..\flashtool\Rules\StorageRule.cpp,146)
08/03/2017 19:34:38.920 FlashTool[11676][13456][D]: FlashToolStorageTable::Dump(): storage type(SDMMC) -> is_support(true), is_support_auto_format(false), storage_type_(HW_STORAGE_SDMMC), memory_type_(HW_MEM_SDMMC).(..\..\flashtool\Rules\StorageRule.cpp,146)
08/03/2017 19:34:38.920 FlashTool[11676][13456][D]: FlashToolStorageTable::Dump(): platform(MT8127).(..\..\flashtool\Rules\StorageRule.cpp,142)
08/03/2017 19:34:38.921 FlashTool[11676][13456][D]: FlashToolStorageTable::Dump(): storage type(EMMC) -> is_support(true), is_support_auto_format(true), storage_type_(HW_STORAGE_EMMC), memory_type_(HW_MEM_EMMC).(..\..\flashtool\Rules\StorageRule.cpp,146)
08/03/2017 19:34:38.921 FlashTool[11676][13456][D]: FlashToolStorageTable::Dump(): storage type(NAND) -> is_support(true), is_support_auto_format(true), storage_type_(HW_STORAGE_NAND), memory_type_(HW_MEM_NAND).(..\..\flashtool\Rules\StorageRule.cpp,146)
08/03/2017 19:34:38.921 FlashTool[11676][13456][D]: FlashToolStorageTable::Dump(): storage type(NOR) -> is_support(false), is_support_auto_format(false), storage_type_(HW_STORAGE_NOR), memory_type_(HW_MEM_NOR).(..\..\flashtool\Rules\StorageRule.cpp,146)
08/03/2017 19:34:38.921 FlashTool[11676][13456][D]: FlashToolStorageTable::Dump(): storage type(SDMMC) -> is_support(true), is_support_auto_format(false), storage_type_(HW_STORAGE_SDMMC), memory_type_(HW_MEM_SDMMC).(..\..\flashtool\Rules\StorageRule.cpp,146)
08/03/2017 19:34:38.921 FlashTool[11676][13456][D]: FlashToolStorageTable::Dump(): platform(MT6752).(..\..\flashtool\Rules\StorageRule.cpp,142)
08/03/2017 19:34:38.921 FlashTool[11676][13456][D]: FlashToolStorageTable::Dump(): storage type(EMMC) -> is_support(true), is_support_auto_format(true), storage_type_(HW_STORAGE_EMMC), memory_type_(HW_MEM_EMMC).(..\..\flashtool\Rules\StorageRule.cpp,146)
08/03/2017 19:34:38.921 FlashTool[11676][13456][D]: FlashToolStorageTable::Dump(): storage type(NAND) -> is_support(true), is_support_auto_format(true), storage_type_(HW_STORAGE_NAND), memory_type_(HW_MEM_NAND).(..\..\flashtool\Rules\StorageRule.cpp,146)
08/03/2017 19:34:38.921 FlashTool[11676][13456][D]: FlashToolStorageTable::Dump(): storage type(NOR) -> is_support(false), is_support_auto_format(false), storage_type_(HW_STORAGE_NOR), memory_type_(HW_MEM_NOR).(..\..\flashtool\Rules\StorageRule.cpp,146)
08/03/2017 19:34:38.921 FlashTool[11676][13456][D]: FlashToolStorageTable::Dump(): storage type(SDMMC) -> is_support(true), is_support_auto_format(false), storage_type_(HW_STORAGE_SDMMC), memory_type_(HW_MEM_SDMMC).(..\..\flashtool\Rules\StorageRule.cpp,146)
08/03/2017 19:34:38.921 FlashTool[11676][13456][D]: FlashToolStorageTable::Dump(): platform(MT2601).(..\..\flashtool\Rules\StorageRule.cpp,142)
08/03/2017 19:34:38.921 FlashTool[11676][13456][D]: FlashToolStorageTable::Dump(): storage type(EMMC) -> is_support(true), is_support_auto_format(true), storage_type_(HW_STORAGE_EMMC), memory_type_(HW_MEM_EMMC).(..\..\flashtool\Rules\StorageRule.cpp,146)
08/03/2017 19:34:38.921 FlashTool[11676][13456][D]: FlashToolStorageTable::Dump(): storage type(NAND) -> is_support(true), is_support_auto_format(true), storage_type_(HW_STORAGE_NAND), memory_type_(HW_MEM_NAND).(..\..\flashtool\Rules\StorageRule.cpp,146)
08/03/2017 19:34:38.921 FlashTool[11676][13456][D]: FlashToolStorageTable::Dump(): storage type(NOR) -> is_support(false), is_support_auto_format(false), storage_type_(HW_STORAGE_NOR), memory_type_(HW_MEM_NOR).(..\..\flashtool\Rules\StorageRule.cpp,146)
08/03/2017 19:34:38.922 FlashTool[11676][13456][D]: FlashToolStorageTable::Dump(): storage type(SDMMC) -> is_support(true), is_support_auto_format(true), storage_type_(HW_STORAGE_SDMMC), memory_type_(HW_MEM_SDMMC).(..\..\flashtool\Rules\StorageRule.cpp,146)
08/03/2017 19:34:38.922 FlashTool[11676][13456][D]: FlashToolStorageTable::Dump(): platform(MT6795).(..\..\flashtool\Rules\StorageRule.cpp,142)
08/03/2017 19:34:38.922 FlashTool[11676][13456][D]: FlashToolStorageTable::Dump(): storage type(EMMC) -> is_support(true), is_support_auto_format(true), storage_type_(HW_STORAGE_EMMC), memory_type_(HW_MEM_EMMC).(..\..\flashtool\Rules\StorageRule.cpp,146)
08/03/2017 19:34:38.922 FlashTool[11676][13456][D]: FlashToolStorageTable::Dump(): storage type(NAND) -> is_support(true), is_support_auto_format(true), storage_type_(HW_STORAGE_NAND), memory_type_(HW_MEM_NAND).(..\..\flashtool\Rules\StorageRule.cpp,146)
08/03/2017 19:34:38.922 FlashTool[11676][13456][D]: FlashToolStorageTable::Dump(): storage type(NOR) -> is_support(false), is_support_auto_format(false), storage_type_(HW_STORAGE_NOR), memory_type_(HW_MEM_NOR).(..\..\flashtool\Rules\StorageRule.cpp,146)
08/03/2017 19:34:38.922 FlashTool[11676][13456][D]: FlashToolStorageTable::Dump(): storage type(SDMMC) -> is_support(true), is_support_auto_format(true), storage_type_(HW_STORAGE_SDMMC), memory_type_(HW_MEM_SDMMC).(..\..\flashtool\Rules\StorageRule.cpp,146)
08/03/2017 19:34:38.922 FlashTool[11676][13456][D]: FlashToolStorageTable::Dump(): platform(MT8173).(..\..\flashtool\Rules\StorageRule.cpp,142)
08/03/2017 19:34:38.922 FlashTool[11676][13456][D]: FlashToolStorageTable::Dump(): storage type(EMMC) -> is_support(true), is_support_auto_format(true), storage_type_(HW_STORAGE_EMMC), memory_type_(HW_MEM_EMMC).(..\..\flashtool\Rules\StorageRule.cpp,146)
08/03/2017 19:34:38.922 FlashTool[11676][13456][D]: FlashToolStorageTable::Dump(): storage type(NAND) -> is_support(true), is_support_auto_format(true), storage_type_(HW_STORAGE_NAND), memory_type_(HW_MEM_NAND).(..\..\flashtool\Rules\StorageRule.cpp,146)
08/03/2017 19:34:38.922 FlashTool[11676][13456][D]: FlashToolStorageTable::Dump(): storage type(NOR) -> is_support(false), is_support_auto_format(false), storage_type_(HW_STORAGE_NOR), memory_type_(HW_MEM_NOR).(..\..\flashtool\Rules\StorageRule.cpp,146)
08/03/2017 19:34:38.922 FlashTool[11676][13456][D]: FlashToolStorageTable::Dump(): storage type(SDMMC) -> is_support(true), is_support_auto_format(true), storage_type_(HW_STORAGE_SDMMC), memory_type_(HW_MEM_SDMMC).(..\..\flashtool\Rules\StorageRule.cpp,146)
08/03/2017 19:34:38.922 FlashTool[11676][13456][D]: FlashToolStorageTable::Dump(): platform(MT6735).(..\..\flashtool\Rules\StorageRule.cpp,142)
08/03/2017 19:34:38.922 FlashTool[11676][13456][D]: FlashToolStorageTable::Dump(): storage type(EMMC) -> is_support(true), is_support_auto_format(true), storage_type_(HW_STORAGE_EMMC), memory_type_(HW_MEM_EMMC).(..\..\flashtool\Rules\StorageRule.cpp,146)
08/03/2017 19:34:38.923 FlashTool[11676][13456][D]: FlashToolStorageTable::Dump(): storage type(NAND) -> is_support(true), is_support_auto_format(true), storage_type_(HW_STORAGE_NAND), memory_type_(HW_MEM_NAND).(..\..\flashtool\Rules\StorageRule.cpp,146)
08/03/2017 19:34:38.923 FlashTool[11676][13456][D]: FlashToolStorageTable::Dump(): storage type(NOR) -> is_support(false), is_support_auto_format(false), storage_type_(HW_STORAGE_NOR), memory_type_(HW_MEM_NOR).(..\..\flashtool\Rules\StorageRule.cpp,146)
08/03/2017 19:34:38.923 FlashTool[11676][13456][D]: FlashToolStorageTable::Dump(): storage type(SDMMC) -> is_support(true), is_support_auto_format(false), storage_type_(HW_STORAGE_SDMMC), memory_type_(HW_MEM_SDMMC).(..\..\flashtool\Rules\StorageRule.cpp,146)
08/03/2017 19:34:38.923 FlashTool[11676][13456][D]: FlashToolStorageTable::Dump(): platform(MT6737T).(..\..\flashtool\Rules\StorageRule.cpp,142)
08/03/2017 19:34:38.923 FlashTool[11676][13456][D]: FlashToolStorageTable::Dump(): storage type(EMMC) -> is_support(true), is_support_auto_format(true), storage_type_(HW_STORAGE_EMMC), memory_type_(HW_MEM_EMMC).(..\..\flashtool\Rules\StorageRule.cpp,146)
08/03/2017 19:34:38.923 FlashTool[11676][13456][D]: FlashToolStorageTable::Dump(): storage type(NAND) -> is_support(true), is_support_auto_format(true), storage_type_(HW_STORAGE_NAND), memory_type_(HW_MEM_NAND).(..\..\flashtool\Rules\StorageRule.cpp,146)
08/03/2017 19:34:38.923 FlashTool[11676][13456][D]: FlashToolStorageTable::Dump(): storage type(NOR) -> is_support(false), is_support_auto_format(false), storage_type_(HW_STORAGE_NOR), memory_type_(HW_MEM_NOR).(..\..\flashtool\Rules\StorageRule.cpp,146)
08/03/2017 19:34:38.923 FlashTool[11676][13456][D]: FlashToolStorageTable::Dump(): storage type(SDMMC) -> is_support(true), is_support_auto_format(false), storage_type_(HW_STORAGE_SDMMC), memory_type_(HW_MEM_SDMMC).(..\..\flashtool\Rules\StorageRule.cpp,146)
08/03/2017 19:34:38.923 FlashTool[11676][13456][D]: FlashToolStorageTable::Dump(): platform(MT6735M).(..\..\flashtool\Rules\StorageRule.cpp,142)
08/03/2017 19:34:38.923 FlashTool[11676][13456][D]: FlashToolStorageTable::Dump(): storage type(EMMC) -> is_support(true), is_support_auto_format(true), storage_type_(HW_STORAGE_EMMC), memory_type_(HW_MEM_EMMC).(..\..\flashtool\Rules\StorageRule.cpp,146)
08/03/2017 19:34:38.923 FlashTool[11676][13456][D]: FlashToolStorageTable::Dump(): storage type(NAND) -> is_support(true), is_support_auto_format(true), storage_type_(HW_STORAGE_NAND), memory_type_(HW_MEM_NAND).(..\..\flashtool\Rules\StorageRule.cpp,146)
08/03/2017 19:34:38.923 FlashTool[11676][13456][D]: FlashToolStorageTable::Dump(): storage type(NOR) -> is_support(false), is_support_auto_format(false), storage_type_(HW_STORAGE_NOR), memory_type_(HW_MEM_NOR).(..\..\flashtool\Rules\StorageRule.cpp,146)
08/03/2017 19:34:38.924 FlashTool[11676][13456][D]: FlashToolStorageTable::Dump(): storage type(SDMMC) -> is_support(true), is_support_auto_format(false), storage_type_(HW_STORAGE_SDMMC), memory_type_(HW_MEM_SDMMC).(..\..\flashtool\Rules\StorageRule.cpp,146)
08/03/2017 19:34:38.924 FlashTool[11676][13456][D]: FlashToolStorageTable::Dump(): platform(MT6737M).(..\..\flashtool\Rules\StorageRule.cpp,142)
08/03/2017 19:34:38.924 FlashTool[11676][13456][D]: FlashToolStorageTable::Dump(): storage type(EMMC) -> is_support(true), is_support_auto_format(true), storage_type_(HW_STORAGE_EMMC), memory_type_(HW_MEM_EMMC).(..\..\flashtool\Rules\StorageRule.cpp,146)
08/03/2017 19:34:38.924 FlashTool[11676][13456][D]: FlashToolStorageTable::Dump(): storage type(NAND) -> is_support(true), is_support_auto_format(true), storage_type_(HW_STORAGE_NAND), memory_type_(HW_MEM_NAND).(..\..\flashtool\Rules\StorageRule.cpp,146)
08/03/2017 19:34:38.924 FlashTool[11676][13456][D]: FlashToolStorageTable::Dump(): storage type(NOR) -> is_support(false), is_support_auto_format(false), storage_type_(HW_STORAGE_NOR), memory_type_(HW_MEM_NOR).(..\..\flashtool\Rules\StorageRule.cpp,146)
08/03/2017 19:34:38.924 FlashTool[11676][13456][D]: FlashToolStorageTable::Dump(): storage type(SDMMC) -> is_support(true), is_support_auto_format(false), storage_type_(HW_STORAGE_SDMMC), memory_type_(HW_MEM_SDMMC).(..\..\flashtool\Rules\StorageRule.cpp,146)
08/03/2017 19:34:38.924 FlashTool[11676][13456][D]: FlashToolStorageTable::Dump(): platform(MT6753).(..\..\flashtool\Rules\StorageRule.cpp,142)
08/03/2017 19:34:38.924 FlashTool[11676][13456][D]: FlashToolStorageTable::Dump(): storage type(EMMC) -> is_support(true), is_support_auto_format(true), storage_type_(HW_STORAGE_EMMC), memory_type_(HW_MEM_EMMC).(..\..\flashtool\Rules\StorageRule.cpp,146)
08/03/2017 19:34:38.924 FlashTool[11676][13456][D]: FlashToolStorageTable::Dump(): storage type(NAND) -> is_support(true), is_support_auto_format(true), storage_type_(HW_STORAGE_NAND), memory_type_(HW_MEM_NAND).(..\..\flashtool\Rules\StorageRule.cpp,146)
08/03/2017 19:34:38.924 FlashTool[11676][13456][D]: FlashToolStorageTable::Dump(): storage type(NOR) -> is_support(false), is_support_auto_format(false), storage_type_(HW_STORAGE_NOR), memory_type_(HW_MEM_NOR).(..\..\flashtool\Rules\StorageRule.cpp,146)
08/03/2017 19:34:38.924 FlashTool[11676][13456][D]: FlashToolStorageTable::Dump(): storage type(SDMMC) -> is_support(true), is_support_auto_format(false), storage_type_(HW_STORAGE_SDMMC), memory_type_(HW_MEM_SDMMC).(..\..\flashtool\Rules\StorageRule.cpp,146)
08/03/2017 19:34:38.924 FlashTool[11676][13456][D]: FlashToolStorageTable::Dump(): platform(MT8163).(..\..\flashtool\Rules\StorageRule.cpp,142)
08/03/2017 19:34:38.924 FlashTool[11676][13456][D]: FlashToolStorageTable::Dump(): storage type(EMMC) -> is_support(true), is_support_auto_format(true), storage_type_(HW_STORAGE_EMMC), memory_type_(HW_MEM_EMMC).(..\..\flashtool\Rules\StorageRule.cpp,146)
08/03/2017 19:34:38.924 FlashTool[11676][13456][D]: FlashToolStorageTable::Dump(): storage type(NAND) -> is_support(true), is_support_auto_format(true), storage_type_(HW_STORAGE_NAND), memory_type_(HW_MEM_NAND).(..\..\flashtool\Rules\StorageRule.cpp,146)
08/03/2017 19:34:38.925 FlashTool[11676][13456][D]: FlashToolStorageTable::Dump(): storage type(NOR) -> is_support(false), is_support_auto_format(false), storage_type_(HW_STORAGE_NOR), memory_type_(HW_MEM_NOR).(..\..\flashtool\Rules\StorageRule.cpp,146)
08/03/2017 19:34:38.925 FlashTool[11676][13456][D]: FlashToolStorageTable::Dump(): storage type(SDMMC) -> is_support(true), is_support_auto_format(false), storage_type_(HW_STORAGE_SDMMC), memory_type_(HW_MEM_SDMMC).(..\..\flashtool\Rules\StorageRule.cpp,146)
08/03/2017 19:34:38.925 FlashTool[11676][13456][D]: FlashToolStorageTable::Dump(): platform(MT8590).(..\..\flashtool\Rules\StorageRule.cpp,142)
08/03/2017 19:34:38.925 FlashTool[11676][13456][D]: FlashToolStorageTable::Dump(): storage type(EMMC) -> is_support(true), is_support_auto_format(true), storage_type_(HW_STORAGE_EMMC), memory_type_(HW_MEM_EMMC).(..\..\flashtool\Rules\StorageRule.cpp,146)
08/03/2017 19:34:38.925 FlashTool[11676][13456][D]: FlashToolStorageTable::Dump(): storage type(NAND) -> is_support(true), is_support_auto_format(true), storage_type_(HW_STORAGE_NAND), memory_type_(HW_MEM_NAND).(..\..\flashtool\Rules\StorageRule.cpp,146)
08/03/2017 19:34:38.925 FlashTool[11676][13456][D]: FlashToolStorageTable::Dump(): storage type(NOR) -> is_support(true), is_support_auto_format(false), storage_type_(HW_STORAGE_NOR), memory_type_(HW_MEM_NOR).(..\..\flashtool\Rules\StorageRule.cpp,146)
08/03/2017 19:34:38.925 FlashTool[11676][13456][D]: FlashToolStorageTable::Dump(): storage type(SDMMC) -> is_support(true), is_support_auto_format(false), storage_type_(HW_STORAGE_SDMMC), memory_type_(HW_MEM_SDMMC).(..\..\flashtool\Rules\StorageRule.cpp,146)
08/03/2017 19:34:38.925 FlashTool[11676][13456][D]: FlashToolStorageTable::Dump(): platform(MT8521).(..\..\flashtool\Rules\StorageRule.cpp,142)
08/03/2017 19:34:38.925 FlashTool[11676][13456][D]: FlashToolStorageTable::Dump(): storage type(EMMC) -> is_support(true), is_support_auto_format(true), storage_type_(HW_STORAGE_EMMC), memory_type_(HW_MEM_EMMC).(..\..\flashtool\Rules\StorageRule.cpp,146)
08/03/2017 19:34:38.925 FlashTool[11676][13456][D]: FlashToolStorageTable::Dump(): storage type(NAND) -> is_support(true), is_support_auto_format(true), storage_type_(HW_STORAGE_NAND), memory_type_(HW_MEM_NAND).(..\..\flashtool\Rules\StorageRule.cpp,146)
08/03/2017 19:34:38.925 FlashTool[11676][13456][D]: FlashToolStorageTable::Dump(): storage type(NOR) -> is_support(true), is_support_auto_format(false), storage_type_(HW_STORAGE_NOR), memory_type_(HW_MEM_NOR).(..\..\flashtool\Rules\StorageRule.cpp,146)
08/03/2017 19:34:38.925 FlashTool[11676][13456][D]: FlashToolStorageTable::Dump(): storage type(SDMMC) -> is_support(true), is_support_auto_format(false), storage_type_(HW_STORAGE_SDMMC), memory_type_(HW_MEM_SDMMC).(..\..\flashtool\Rules\StorageRule.cpp,146)
08/03/2017 19:34:38.925 FlashTool[11676][13456][D]: FlashToolStorageTable::Dump(): platform(MT7623).(..\..\flashtool\Rules\StorageRule.cpp,142)
08/03/2017 19:34:38.926 FlashTool[11676][13456][D]: FlashToolStorageTable::Dump(): storage type(EMMC) -> is_support(true), is_support_auto_format(true), storage_type_(HW_STORAGE_EMMC), memory_type_(HW_MEM_EMMC).(..\..\flashtool\Rules\StorageRule.cpp,146)
08/03/2017 19:34:38.926 FlashTool[11676][13456][D]: FlashToolStorageTable::Dump(): storage type(NAND) -> is_support(true), is_support_auto_format(true), storage_type_(HW_STORAGE_NAND), memory_type_(HW_MEM_NAND).(..\..\flashtool\Rules\StorageRule.cpp,146)
08/03/2017 19:34:38.926 FlashTool[11676][13456][D]: FlashToolStorageTable::Dump(): storage type(NOR) -> is_support(true), is_support_auto_format(false), storage_type_(HW_STORAGE_NOR), memory_type_(HW_MEM_NOR).(..\..\flashtool\Rules\StorageRule.cpp,146)
08/03/2017 19:34:38.926 FlashTool[11676][13456][D]: FlashToolStorageTable::Dump(): storage type(SDMMC) -> is_support(true), is_support_auto_format(false), storage_type_(HW_STORAGE_SDMMC), memory_type_(HW_MEM_SDMMC).(..\..\flashtool\Rules\StorageRule.cpp,146)
08/03/2017 19:34:38.926 FlashTool[11676][13456][D]: FlashToolStorageTable::Dump(): platform(MT6580).(..\..\flashtool\Rules\StorageRule.cpp,142)
08/03/2017 19:34:38.926 FlashTool[11676][13456][D]: FlashToolStorageTable::Dump(): storage type(EMMC) -> is_support(true), is_support_auto_format(true), storage_type_(HW_STORAGE_EMMC), memory_type_(HW_MEM_EMMC).(..\..\flashtool\Rules\StorageRule.cpp,146)
08/03/2017 19:34:38.926 FlashTool[11676][13456][D]: FlashToolStorageTable::Dump(): storage type(NAND) -> is_support(true), is_support_auto_format(true), storage_type_(HW_STORAGE_NAND), memory_type_(HW_MEM_NAND).(..\..\flashtool\Rules\StorageRule.cpp,146)
08/03/2017 19:34:38.926 FlashTool[11676][13456][D]: FlashToolStorageTable::Dump(): storage type(NOR) -> is_support(false), is_support_auto_format(false), storage_type_(HW_STORAGE_NOR), memory_type_(HW_MEM_NOR).(..\..\flashtool\Rules\StorageRule.cpp,146)
08/03/2017 19:34:38.926 FlashTool[11676][13456][D]: FlashToolStorageTable::Dump(): storage type(SDMMC) -> is_support(true), is_support_auto_format(false), storage_type_(HW_STORAGE_SDMMC), memory_type_(HW_MEM_SDMMC).(..\..\flashtool\Rules\StorageRule.cpp,146)
08/03/2017 19:34:38.926 FlashTool[11676][13456][D]: FlashToolStorageTable::Dump(): platform(MT6570).(..\..\flashtool\Rules\StorageRule.cpp,142)
08/03/2017 19:34:38.926 FlashTool[11676][13456][D]: FlashToolStorageTable::Dump(): storage type(EMMC) -> is_support(true), is_support_auto_format(true), storage_type_(HW_STORAGE_EMMC), memory_type_(HW_MEM_EMMC).(..\..\flashtool\Rules\StorageRule.cpp,146)
08/03/2017 19:34:38.926 FlashTool[11676][13456][D]: FlashToolStorageTable::Dump(): storage type(NAND) -> is_support(true), is_support_auto_format(true), storage_type_(HW_STORAGE_NAND), memory_type_(HW_MEM_NAND).(..\..\flashtool\Rules\StorageRule.cpp,146)
08/03/2017 19:34:38.926 FlashTool[11676][13456][D]: FlashToolStorageTable::Dump(): storage type(NOR) -> is_support(false), is_support_auto_format(false), storage_type_(HW_STORAGE_NOR), memory_type_(HW_MEM_NOR).(..\..\flashtool\Rules\StorageRule.cpp,146)
08/03/2017 19:34:38.927 FlashTool[11676][13456][D]: FlashToolStorageTable::Dump(): storage type(SDMMC) -> is_support(true), is_support_auto_format(false), storage_type_(HW_STORAGE_SDMMC), memory_type_(HW_MEM_SDMMC).(..\..\flashtool\Rules\StorageRule.cpp,146)
08/03/2017 19:34:38.927 FlashTool[11676][13456][D]: FlashToolStorageTable::Dump(): platform(MT6755).(..\..\flashtool\Rules\StorageRule.cpp,142)
08/03/2017 19:34:38.927 FlashTool[11676][13456][D]: FlashToolStorageTable::Dump(): storage type(EMMC) -> is_support(true), is_support_auto_format(true), storage_type_(HW_STORAGE_EMMC), memory_type_(HW_MEM_EMMC).(..\..\flashtool\Rules\StorageRule.cpp,146)
08/03/2017 19:34:38.927 FlashTool[11676][13456][D]: FlashToolStorageTable::Dump(): storage type(NAND) -> is_support(true), is_support_auto_format(true), storage_type_(HW_STORAGE_NAND), memory_type_(HW_MEM_NAND).(..\..\flashtool\Rules\StorageRule.cpp,146)
08/03/2017 19:34:38.927 FlashTool[11676][13456][D]: FlashToolStorageTable::Dump(): storage type(NOR) -> is_support(false), is_support_auto_format(false), storage_type_(HW_STORAGE_NOR), memory_type_(HW_MEM_NOR).(..\..\flashtool\Rules\StorageRule.cpp,146)
08/03/2017 19:34:38.927 FlashTool[11676][13456][D]: FlashToolStorageTable::Dump(): storage type(SDMMC) -> is_support(true), is_support_auto_format(false), storage_type_(HW_STORAGE_SDMMC), memory_type_(HW_MEM_SDMMC).(..\..\flashtool\Rules\StorageRule.cpp,146)
08/03/2017 19:34:38.927 FlashTool[11676][13456][D]: FlashToolStorageTable::Dump(): storage type(UFS) -> is_support(true), is_support_auto_format(true), storage_type_(HW_STORAGE_UFS), memory_type_(HW_MEM_UFS).(..\..\flashtool\Rules\StorageRule.cpp,146)
08/03/2017 19:34:38.927 FlashTool[11676][13456][D]: FlashToolStorageTable::Dump(): platform(MT6750).(..\..\flashtool\Rules\StorageRule.cpp,142)
08/03/2017 19:34:38.927 FlashTool[11676][13456][D]: FlashToolStorageTable::Dump(): storage type(EMMC) -> is_support(true), is_support_auto_format(true), storage_type_(HW_STORAGE_EMMC), memory_type_(HW_MEM_EMMC).(..\..\flashtool\Rules\StorageRule.cpp,146)
08/03/2017 19:34:38.927 FlashTool[11676][13456][D]: FlashToolStorageTable::Dump(): storage type(NAND) -> is_support(true), is_support_auto_format(true), storage_type_(HW_STORAGE_NAND), memory_type_(HW_MEM_NAND).(..\..\flashtool\Rules\StorageRule.cpp,146)
08/03/2017 19:34:38.927 FlashTool[11676][13456][D]: FlashToolStorageTable::Dump(): storage type(NOR) -> is_support(false), is_support_auto_format(false), storage_type_(HW_STORAGE_NOR), memory_type_(HW_MEM_NOR).(..\..\flashtool\Rules\StorageRule.cpp,146)
08/03/2017 19:34:38.927 FlashTool[11676][13456][D]: FlashToolStorageTable::Dump(): storage type(SDMMC) -> is_support(true), is_support_auto_format(false), storage_type_(HW_STORAGE_SDMMC), memory_type_(HW_MEM_SDMMC).(..\..\flashtool\Rules\StorageRule.cpp,146)
08/03/2017 19:34:38.927 FlashTool[11676][13456][D]: FlashToolStorageTable::Dump(): storage type(UFS) -> is_support(true), is_support_auto_format(true), storage_type_(HW_STORAGE_UFS), memory_type_(HW_MEM_UFS).(..\..\flashtool\Rules\StorageRule.cpp,146)
08/03/2017 19:34:38.927 FlashTool[11676][13456][D]: FlashToolStorageTable::Dump(): platform(MT6797).(..\..\flashtool\Rules\StorageRule.cpp,142)
08/03/2017 19:34:38.928 FlashTool[11676][13456][D]: FlashToolStorageTable::Dump(): storage type(EMMC) -> is_support(true), is_support_auto_format(true), storage_type_(HW_STORAGE_EMMC), memory_type_(HW_MEM_EMMC).(..\..\flashtool\Rules\StorageRule.cpp,146)
08/03/2017 19:34:38.928 FlashTool[11676][13456][D]: FlashToolStorageTable::Dump(): storage type(NAND) -> is_support(true), is_support_auto_format(true), storage_type_(HW_STORAGE_NAND), memory_type_(HW_MEM_NAND).(..\..\flashtool\Rules\StorageRule.cpp,146)
08/03/2017 19:34:38.928 FlashTool[11676][13456][D]: FlashToolStorageTable::Dump(): storage type(NOR) -> is_support(false), is_support_auto_format(false), storage_type_(HW_STORAGE_NOR), memory_type_(HW_MEM_NOR).(..\..\flashtool\Rules\StorageRule.cpp,146)
08/03/2017 19:34:38.928 FlashTool[11676][13456][D]: FlashToolStorageTable::Dump(): storage type(SDMMC) -> is_support(true), is_support_auto_format(false), storage_type_(HW_STORAGE_SDMMC), memory_type_(HW_MEM_SDMMC).(..\..\flashtool\Rules\StorageRule.cpp,146)
08/03/2017 19:34:38.928 FlashTool[11676][13456][D]: FlashToolStorageTable::Dump(): storage type(UFS) -> is_support(true), is_support_auto_format(true), storage_type_(HW_STORAGE_UFS), memory_type_(HW_MEM_UFS).(..\..\flashtool\Rules\StorageRule.cpp,146)
08/03/2017 19:34:38.928 FlashTool[11676][13456][D]: FlashToolStorageTable::Dump(): platform(MT6757).(..\..\flashtool\Rules\StorageRule.cpp,142)
08/03/2017 19:34:38.928 FlashTool[11676][13456][D]: FlashToolStorageTable::Dump(): storage type(EMMC) -> is_support(true), is_support_auto_format(true), storage_type_(HW_STORAGE_EMMC), memory_type_(HW_MEM_EMMC).(..\..\flashtool\Rules\StorageRule.cpp,146)
08/03/2017 19:34:38.928 FlashTool[11676][13456][D]: FlashToolStorageTable::Dump(): storage type(NAND) -> is_support(true), is_support_auto_format(true), storage_type_(HW_STORAGE_NAND), memory_type_(HW_MEM_NAND).(..\..\flashtool\Rules\StorageRule.cpp,146)
08/03/2017 19:34:38.928 FlashTool[11676][13456][D]: FlashToolStorageTable::Dump(): storage type(NOR) -> is_support(false), is_support_auto_format(false), storage_type_(HW_STORAGE_NOR), memory_type_(HW_MEM_NOR).(..\..\flashtool\Rules\StorageRule.cpp,146)
08/03/2017 19:34:38.928 FlashTool[11676][13456][D]: FlashToolStorageTable::Dump(): storage type(SDMMC) -> is_support(true), is_support_auto_format(false), storage_type_(HW_STORAGE_SDMMC), memory_type_(HW_MEM_SDMMC).(..\..\flashtool\Rules\StorageRule.cpp,146)
08/03/2017 19:34:38.928 FlashTool[11676][13456][D]: FlashToolStorageTable::Dump(): storage type(UFS) -> is_support(true), is_support_auto_format(true), storage_type_(HW_STORAGE_UFS), memory_type_(HW_MEM_UFS).(..\..\flashtool\Rules\StorageRule.cpp,146)
08/03/2017 19:34:38.928 FlashTool[11676][13456][D]: FlashToolStorageTable::Dump(): platform(MT6757D).(..\..\flashtool\Rules\StorageRule.cpp,142)
08/03/2017 19:34:38.928 FlashTool[11676][13456][D]: FlashToolStorageTable::Dump(): storage type(EMMC) -> is_support(true), is_support_auto_format(true), storage_type_(HW_STORAGE_EMMC), memory_type_(HW_MEM_EMMC).(..\..\flashtool\Rules\StorageRule.cpp,146)
08/03/2017 19:34:38.928 FlashTool[11676][13456][D]: FlashToolStorageTable::Dump(): storage type(NAND) -> is_support(true), is_support_auto_format(true), storage_type_(HW_STORAGE_NAND), memory_type_(HW_MEM_NAND).(..\..\flashtool\Rules\StorageRule.cpp,146)
08/03/2017 19:34:38.929 FlashTool[11676][13456][D]: FlashToolStorageTable::Dump(): storage type(NOR) -> is_support(false), is_support_auto_format(false), storage_type_(HW_STORAGE_NOR), memory_type_(HW_MEM_NOR).(..\..\flashtool\Rules\StorageRule.cpp,146)
08/03/2017 19:34:38.929 FlashTool[11676][13456][D]: FlashToolStorageTable::Dump(): storage type(SDMMC) -> is_support(true), is_support_auto_format(false), storage_type_(HW_STORAGE_SDMMC), memory_type_(HW_MEM_SDMMC).(..\..\flashtool\Rules\StorageRule.cpp,146)
08/03/2017 19:34:38.929 FlashTool[11676][13456][D]: FlashToolStorageTable::Dump(): storage type(UFS) -> is_support(true), is_support_auto_format(true), storage_type_(HW_STORAGE_UFS), memory_type_(HW_MEM_UFS).(..\..\flashtool\Rules\StorageRule.cpp,146)
08/03/2017 19:34:38.929 FlashTool[11676][13456][D]: FlashToolStorageTable::Dump(): platform(ELBRUS).(..\..\flashtool\Rules\StorageRule.cpp,142)
08/03/2017 19:34:38.929 FlashTool[11676][13456][D]: FlashToolStorageTable::Dump(): storage type(EMMC) -> is_support(true), is_support_auto_format(true), storage_type_(HW_STORAGE_EMMC), memory_type_(HW_MEM_EMMC).(..\..\flashtool\Rules\StorageRule.cpp,146)
08/03/2017 19:34:38.929 FlashTool[11676][13456][D]: FlashToolStorageTable::Dump(): storage type(NAND) -> is_support(true), is_support_auto_format(true), storage_type_(HW_STORAGE_NAND), memory_type_(HW_MEM_NAND).(..\..\flashtool\Rules\StorageRule.cpp,146)
08/03/2017 19:34:38.929 FlashTool[11676][13456][D]: FlashToolStorageTable::Dump(): storage type(NOR) -> is_support(false), is_support_auto_format(false), storage_type_(HW_STORAGE_NOR), memory_type_(HW_MEM_NOR).(..\..\flashtool\Rules\StorageRule.cpp,146)
08/03/2017 19:34:38.929 FlashTool[11676][13456][D]: FlashToolStorageTable::Dump(): storage type(SDMMC) -> is_support(true), is_support_auto_format(false), storage_type_(HW_STORAGE_SDMMC), memory_type_(HW_MEM_SDMMC).(..\..\flashtool\Rules\StorageRule.cpp,146)
08/03/2017 19:34:38.929 FlashTool[11676][13456][D]: FlashToolStorageTable::Dump(): storage type(UFS) -> is_support(true), is_support_auto_format(true), storage_type_(HW_STORAGE_UFS), memory_type_(HW_MEM_UFS).(..\..\flashtool\Rules\StorageRule.cpp,146)
08/03/2017 19:34:38.929 FlashTool[11676][13456][D]: FlashToolStorageTable::Dump(): platform(MT6799).(..\..\flashtool\Rules\StorageRule.cpp,142)
08/03/2017 19:34:38.929 FlashTool[11676][13456][D]: FlashToolStorageTable::Dump(): storage type(EMMC) -> is_support(true), is_support_auto_format(true), storage_type_(HW_STORAGE_EMMC), memory_type_(HW_MEM_EMMC).(..\..\flashtool\Rules\StorageRule.cpp,146)
08/03/2017 19:34:38.929 FlashTool[11676][13456][D]: FlashToolStorageTable::Dump(): storage type(NAND) -> is_support(true), is_support_auto_format(true), storage_type_(HW_STORAGE_NAND), memory_type_(HW_MEM_NAND).(..\..\flashtool\Rules\StorageRule.cpp,146)
08/03/2017 19:34:38.929 FlashTool[11676][13456][D]: FlashToolStorageTable::Dump(): storage type(NOR) -> is_support(false), is_support_auto_format(false), storage_type_(HW_STORAGE_NOR), memory_type_(HW_MEM_NOR).(..\..\flashtool\Rules\StorageRule.cpp,146)
08/03/2017 19:34:38.930 FlashTool[11676][13456][D]: FlashToolStorageTable::Dump(): storage type(SDMMC) -> is_support(true), is_support_auto_format(false), storage_type_(HW_STORAGE_SDMMC), memory_type_(HW_MEM_SDMMC).(..\..\flashtool\Rules\StorageRule.cpp,146)
08/03/2017 19:34:38.930 FlashTool[11676][13456][D]: FlashToolStorageTable::Dump(): storage type(UFS) -> is_support(true), is_support_auto_format(true), storage_type_(HW_STORAGE_UFS), memory_type_(HW_MEM_UFS).(..\..\flashtool\Rules\StorageRule.cpp,146)
08/03/2017 19:34:38.930 FlashTool[11676][13456][D]: FlashToolStorageTable::Dump(): platform(MT6798).(..\..\flashtool\Rules\StorageRule.cpp,142)
08/03/2017 19:34:38.930 FlashTool[11676][13456][D]: FlashToolStorageTable::Dump(): storage type(EMMC) -> is_support(true), is_support_auto_format(true), storage_type_(HW_STORAGE_EMMC), memory_type_(HW_MEM_EMMC).(..\..\flashtool\Rules\StorageRule.cpp,146)
08/03/2017 19:34:38.930 FlashTool[11676][13456][D]: FlashToolStorageTable::Dump(): storage type(NAND) -> is_support(true), is_support_auto_format(true), storage_type_(HW_STORAGE_NAND), memory_type_(HW_MEM_NAND).(..\..\flashtool\Rules\StorageRule.cpp,146)
08/03/2017 19:34:38.930 FlashTool[11676][13456][D]: FlashToolStorageTable::Dump(): storage type(NOR) -> is_support(false), is_support_auto_format(false), storage_type_(HW_STORAGE_NOR), memory_type_(HW_MEM_NOR).(..\..\flashtool\Rules\StorageRule.cpp,146)
08/03/2017 19:34:38.930 FlashTool[11676][13456][D]: FlashToolStorageTable::Dump(): storage type(SDMMC) -> is_support(true), is_support_auto_format(false), storage_type_(HW_STORAGE_SDMMC), memory_type_(HW_MEM_SDMMC).(..\..\flashtool\Rules\StorageRule.cpp,146)
08/03/2017 19:34:38.930 FlashTool[11676][13456][D]: FlashToolStorageTable::Dump(): storage type(UFS) -> is_support(true), is_support_auto_format(true), storage_type_(HW_STORAGE_UFS), memory_type_(HW_MEM_UFS).(..\..\flashtool\Rules\StorageRule.cpp,146)
08/03/2017 19:34:38.930 FlashTool[11676][13456][D]: FlashToolStorageTable::Dump(): platform(MT8167).(..\..\flashtool\Rules\StorageRule.cpp,142)
08/03/2017 19:34:38.930 FlashTool[11676][13456][D]: FlashToolStorageTable::Dump(): storage type(EMMC) -> is_support(true), is_support_auto_format(true), storage_type_(HW_STORAGE_EMMC), memory_type_(HW_MEM_EMMC).(..\..\flashtool\Rules\StorageRule.cpp,146)
08/03/2017 19:34:38.930 FlashTool[11676][13456][D]: FlashToolStorageTable::Dump(): storage type(NAND) -> is_support(true), is_support_auto_format(true), storage_type_(HW_STORAGE_NAND), memory_type_(HW_MEM_NAND).(..\..\flashtool\Rules\StorageRule.cpp,146)
08/03/2017 19:34:38.930 FlashTool[11676][13456][D]: FlashToolStorageTable::Dump(): storage type(NOR) -> is_support(false), is_support_auto_format(false), storage_type_(HW_STORAGE_NOR), memory_type_(HW_MEM_NOR).(..\..\flashtool\Rules\StorageRule.cpp,146)
08/03/2017 19:34:38.931 FlashTool[11676][13456][D]: FlashToolStorageTable::Dump(): storage type(SDMMC) -> is_support(true), is_support_auto_format(false), storage_type_(HW_STORAGE_SDMMC), memory_type_(HW_MEM_SDMMC).(..\..\flashtool\Rules\StorageRule.cpp,146)
08/03/2017 19:34:38.931 FlashTool[11676][13456][D]: FlashToolStorageTable::Dump(): platform(MT6570).(..\..\flashtool\Rules\StorageRule.cpp,142)
08/03/2017 19:34:38.931 FlashTool[11676][13456][D]: FlashToolStorageTable::Dump(): storage type(EMMC) -> is_support(true), is_support_auto_format(true), storage_type_(HW_STORAGE_EMMC), memory_type_(HW_MEM_EMMC).(..\..\flashtool\Rules\StorageRule.cpp,146)
08/03/2017 19:34:38.931 FlashTool[11676][13456][D]: FlashToolStorageTable::Dump(): storage type(NAND) -> is_support(true), is_support_auto_format(true), storage_type_(HW_STORAGE_NAND), memory_type_(HW_MEM_NAND).(..\..\flashtool\Rules\StorageRule.cpp,146)
08/03/2017 19:34:38.931 FlashTool[11676][13456][D]: FlashToolStorageTable::Dump(): storage type(NOR) -> is_support(false), is_support_auto_format(false), storage_type_(HW_STORAGE_NOR), memory_type_(HW_MEM_NOR).(..\..\flashtool\Rules\StorageRule.cpp,146)
08/03/2017 19:34:38.931 FlashTool[11676][13456][D]: FlashToolStorageTable::Dump(): storage type(SDMMC) -> is_support(true), is_support_auto_format(false), storage_type_(HW_STORAGE_SDMMC), memory_type_(HW_MEM_SDMMC).(..\..\flashtool\Rules\StorageRule.cpp,146)
08/03/2017 19:34:38.931 FlashTool[11676][13456][D]: FlashToolStorageTable::Dump(): platform(MT0690).(..\..\flashtool\Rules\StorageRule.cpp,142)
08/03/2017 19:34:38.931 FlashTool[11676][13456][D]: FlashToolStorageTable::Dump(): storage type(EMMC) -> is_support(true), is_support_auto_format(true), storage_type_(HW_STORAGE_EMMC), memory_type_(HW_MEM_EMMC).(..\..\flashtool\Rules\StorageRule.cpp,146)
08/03/2017 19:34:38.931 FlashTool[11676][13456][D]: FlashToolStorageTable::Dump(): storage type(NAND) -> is_support(true), is_support_auto_format(true), storage_type_(HW_STORAGE_NAND), memory_type_(HW_MEM_NAND).(..\..\flashtool\Rules\StorageRule.cpp,146)
08/03/2017 19:34:38.931 FlashTool[11676][13456][D]: FlashToolStorageTable::Dump(): storage type(NOR) -> is_support(false), is_support_auto_format(false), storage_type_(HW_STORAGE_NOR), memory_type_(HW_MEM_NOR).(..\..\flashtool\Rules\StorageRule.cpp,146)
08/03/2017 19:34:38.931 FlashTool[11676][13456][D]: FlashToolStorageTable::Dump(): storage type(SDMMC) -> is_support(true), is_support_auto_format(false), storage_type_(HW_STORAGE_SDMMC), memory_type_(HW_MEM_SDMMC).(..\..\flashtool\Rules\StorageRule.cpp,146)
08/03/2017 19:34:38.931 FlashTool[11676][13456][D]: FlashToolStorageTable::Dump(): storage type(UFS) -> is_support(true), is_support_auto_format(true), storage_type_(HW_STORAGE_UFS), memory_type_(HW_MEM_UFS).(..\..\flashtool\Rules\StorageRule.cpp,146)
08/03/2017 19:34:38.931 FlashTool[11676][13456][D]: FlashToolStorageTable::Dump(): Storage type(HW_STORAGE_NOR) -> Storage name(NOR).(..\..\flashtool\Rules\StorageRule.cpp,156)
08/03/2017 19:34:38.932 FlashTool[11676][13456][D]: FlashToolStorageTable::Dump(): Storage type(HW_STORAGE_NAND) -> Storage name(NAND).(..\..\flashtool\Rules\StorageRule.cpp,156)
08/03/2017 19:34:38.932 FlashTool[11676][13456][D]: FlashToolStorageTable::Dump(): Storage type(HW_STORAGE_EMMC) -> Storage name(EMMC).(..\..\flashtool\Rules\StorageRule.cpp,156)
08/03/2017 19:34:38.932 FlashTool[11676][13456][D]: FlashToolStorageTable::Dump(): Storage type(HW_STORAGE_SDMMC) -> Storage name(SDMMC).(..\..\flashtool\Rules\StorageRule.cpp,156)
08/03/2017 19:34:38.932 FlashTool[11676][13456][D]: FlashToolStorageTable::Dump(): Storage type(HW_STORAGE_UFS) -> Storage name(UFS).(..\..\flashtool\Rules\StorageRule.cpp,156)
08/03/2017 19:34:38.932 FlashTool[11676][13456][D]: FlashToolStorageTable::QueryStorageInfo(): platform(MT6737M), storage_name(EMMC) to be queried.(..\..\flashtool\Rules\StorageRule.cpp,166)
08/03/2017 19:34:38.932 FlashTool[11676][13456][D]: FlashToolStorageTable::QueryStorageInfo(): platform(MT6516) in the table.(..\..\flashtool\Rules\StorageRule.cpp,173)
08/03/2017 19:34:38.932 FlashTool[11676][13456][D]: FlashToolStorageTable::QueryStorageInfo(): platform(MT6573) in the table.(..\..\flashtool\Rules\StorageRule.cpp,173)
08/03/2017 19:34:38.932 FlashTool[11676][13456][D]: FlashToolStorageTable::QueryStorageInfo(): platform(MT6575) in the table.(..\..\flashtool\Rules\StorageRule.cpp,173)
08/03/2017 19:34:38.932 FlashTool[11676][13456][D]: FlashToolStorageTable::QueryStorageInfo(): platform(MT6577) in the table.(..\..\flashtool\Rules\StorageRule.cpp,173)
08/03/2017 19:34:38.932 FlashTool[11676][13456][D]: FlashToolStorageTable::QueryStorageInfo(): platform(MT6589) in the table.(..\..\flashtool\Rules\StorageRule.cpp,173)
08/03/2017 19:34:38.932 FlashTool[11676][13456][D]: FlashToolStorageTable::QueryStorageInfo(): platform(MT6572) in the table.(..\..\flashtool\Rules\StorageRule.cpp,173)
08/03/2017 19:34:38.933 FlashTool[11676][13456][D]: FlashToolStorageTable::QueryStorageInfo(): platform(MT6571) in the table.(..\..\flashtool\Rules\StorageRule.cpp,173)
08/03/2017 19:34:38.933 FlashTool[11676][13456][D]: FlashToolStorageTable::QueryStorageInfo(): platform(MT6582) in the table.(..\..\flashtool\Rules\StorageRule.cpp,173)
08/03/2017 19:34:38.933 FlashTool[11676][13456][D]: FlashToolStorageTable::QueryStorageInfo(): platform(MT6592) in the table.(..\..\flashtool\Rules\StorageRule.cpp,173)
08/03/2017 19:34:38.933 FlashTool[11676][13456][D]: FlashToolStorageTable::QueryStorageInfo(): platform(MT6595) in the table.(..\..\flashtool\Rules\StorageRule.cpp,173)
08/03/2017 19:34:38.933 FlashTool[11676][13456][D]: FlashToolStorageTable::QueryStorageInfo(): platform(MT8135) in the table.(..\..\flashtool\Rules\StorageRule.cpp,173)
08/03/2017 19:34:38.933 FlashTool[11676][13456][D]: FlashToolStorageTable::QueryStorageInfo(): platform(MT8127) in the table.(..\..\flashtool\Rules\StorageRule.cpp,173)
08/03/2017 19:34:38.933 FlashTool[11676][13456][D]: FlashToolStorageTable::QueryStorageInfo(): platform(MT6752) in the table.(..\..\flashtool\Rules\StorageRule.cpp,173)
08/03/2017 19:34:38.933 FlashTool[11676][13456][D]: FlashToolStorageTable::QueryStorageInfo(): platform(MT2601) in the table.(..\..\flashtool\Rules\StorageRule.cpp,173)
08/03/2017 19:34:38.933 FlashTool[11676][13456][D]: FlashToolStorageTable::QueryStorageInfo(): platform(MT6795) in the table.(..\..\flashtool\Rules\StorageRule.cpp,173)
08/03/2017 19:34:38.933 FlashTool[11676][13456][D]: FlashToolStorageTable::QueryStorageInfo(): platform(MT8173) in the table.(..\..\flashtool\Rules\StorageRule.cpp,173)
08/03/2017 19:34:38.933 FlashTool[11676][13456][D]: FlashToolStorageTable::QueryStorageInfo(): platform(MT6735) in the table.(..\..\flashtool\Rules\StorageRule.cpp,173)
08/03/2017 19:34:38.933 FlashTool[11676][13456][D]: FlashToolStorageTable::QueryStorageInfo(): platform(MT6737T) in the table.(..\..\flashtool\Rules\StorageRule.cpp,173)
08/03/2017 19:34:38.933 FlashTool[11676][13456][D]: FlashToolStorageTable::QueryStorageInfo(): platform(MT6735M) in the table.(..\..\flashtool\Rules\StorageRule.cpp,173)
08/03/2017 19:34:38.933 FlashTool[11676][13456][D]: FlashToolStorageTable::QueryStorageInfo(): platform(MT6737M) in the table.(..\..\flashtool\Rules\StorageRule.cpp,173)
08/03/2017 19:34:38.934 FlashTool[11676][13456][D]: FlashToolStorageTable::QueryStorageInfo(): MT6737M is matched.(..\..\flashtool\Rules\StorageRule.cpp,176)
08/03/2017 19:34:38.934 FlashTool[11676][13456][D]: FlashToolStorageTable::QueryStorageInfo(): EMMC type is matched, and (Yes) be supported.(..\..\flashtool\Rules\StorageRule.cpp,183)
08/03/2017 19:34:38.934 FlashTool[11676][13456][D]: FlashToolStorageConfig::QueryStorage(): (MT6737M) is supported by (EMMC).(..\..\flashtool\Rules\StorageRule.cpp,289)
08/03/2017 19:34:38.934 FlashTool[11676][13456][D]: FlashToolStorageConfig::IsOperationChangend(): Old platform(), storage type().(..\..\flashtool\Rules\StorageRule.cpp,344)
08/03/2017 19:34:38.934 FlashTool[11676][13456][D]: FlashToolStorageConfig::IsOperationChangend(): New platform(MT6737M), storage type(EMMC).(..\..\flashtool\Rules\StorageRule.cpp,350)
08/03/2017 19:34:38.934 FlashTool[11676][13456][D]: APCore::PlatformSetting::getLoadPlatformName(): PlatformSetting::getLoadPlatformName(): MT6737M(..\..\flashtool\Setting\PlatformSetting.cpp,170)
08/03/2017 19:34:38.934 FlashTool[11676][13456][D]: APCore::PlatformSetting::getLoadPlatformName(): PlatformSetting::getLoadPlatformName(): MT6737M(..\..\flashtool\Setting\PlatformSetting.cpp,170)
08/03/2017 19:34:38.934 FlashTool[11676][13456][D]: APCore::PlatformSetting::getLoadPlatformName(): PlatformSetting::getLoadPlatformName(): MT6737M(..\..\flashtool\Setting\PlatformSetting.cpp,170)
08/03/2017 19:34:39.091 FlashTool[11676][13456][D]: APCore::DLHandle::GetScatterInfo(): Scatter version(V1.1.2)(..\..\flashtool\Resource\Handle\DLHandle.cpp,125)
08/03/2017 19:34:39.139 FlashTool[11676][13456][D]: EnumToRomString(): EnumToRomString: storage_(2),region_id(1) (..\..\flashtool\Utility\Utils.cpp,21)
08/03/2017 19:34:39.142 FlashTool[11676][13456][D]: AppCore::EnableROM(): enable ROM(0): 1(..\..\flashtool\Public\AppCore.cpp,362)
08/03/2017 19:34:39.142 FlashTool[11676][13456][D]: DownloadWidget::on_tableWidget_itemChanged(): row 0 item changed.
(..\..\flashtool\UI\src\DownloadWidget.cpp,1277)
08/03/2017 19:34:39.145 FlashTool[11676][13456][D]: AppCore::EnableROM(): enable ROM(0): 1(..\..\flashtool\Public\AppCore.cpp,362)
08/03/2017 19:34:39.152 FlashTool[11676][13456][D]: DownloadWidget::on_tableWidget_itemChanged(): row 0 item changed.
(..\..\flashtool\UI\src\DownloadWidget.cpp,1277)
08/03/2017 19:34:39.155 FlashTool[11676][13456][D]: AppCore::EnableROM(): enable ROM(0): 1(..\..\flashtool\Public\AppCore.cpp,362)
08/03/2017 19:34:39.163 FlashTool[11676][13456][D]: EnumToRomString(): EnumToRomString: storage_(2),region_id(8) (..\..\flashtool\Utility\Utils.cpp,21)
08/03/2017 19:34:39.166 FlashTool[11676][13456][D]: AppCore::EnableROM(): enable ROM(6): 1(..\..\flashtool\Public\AppCore.cpp,362)
08/03/2017 19:34:39.166 FlashTool[11676][13456][D]: DownloadWidget::on_tableWidget_itemChanged(): row 1 item changed.
(..\..\flashtool\UI\src\DownloadWidget.cpp,1277)
08/03/2017 19:34:39.168 FlashTool[11676][13456][D]: AppCore::EnableROM(): enable ROM(6): 1(..\..\flashtool\Public\AppCore.cpp,362)
08/03/2017 19:34:39.176 FlashTool[11676][13456][D]: DownloadWidget::on_tableWidget_itemChanged(): row 1 item changed.
(..\..\flashtool\UI\src\DownloadWidget.cpp,1277)
08/03/2017 19:34:39.178 FlashTool[11676][13456][D]: AppCore::EnableROM(): enable ROM(6): 1(..\..\flashtool\Public\AppCore.cpp,362)
08/03/2017 19:34:39.187 FlashTool[11676][13456][D]: EnumToRomString(): EnumToRomString: storage_(2),region_id(8) (..\..\flashtool\Utility\Utils.cpp,21)
08/03/2017 19:34:39.190 FlashTool[11676][13456][D]: AppCore::EnableROM(): enable ROM(8): 1(..\..\flashtool\Public\AppCore.cpp,362)
08/03/2017 19:34:39.190 FlashTool[11676][13456][D]: DownloadWidget::on_tableWidget_itemChanged(): row 2 item changed.
(..\..\flashtool\UI\src\DownloadWidget.cpp,1277)
08/03/2017 19:34:39.193 FlashTool[11676][13456][D]: AppCore::EnableROM(): enable ROM(8): 1(..\..\flashtool\Public\AppCore.cpp,362)
08/03/2017 19:34:39.202 FlashTool[11676][13456][D]: DownloadWidget::on_tableWidget_itemChanged(): row 2 item changed.
(..\..\flashtool\UI\src\DownloadWidget.cpp,1277)
08/03/2017 19:34:39.206 FlashTool[11676][13456][D]: AppCore::EnableROM(): enable ROM(8): 1(..\..\flashtool\Public\AppCore.cpp,362)
08/03/2017 19:34:39.219 FlashTool[11676][13456][D]: EnumToRomString(): EnumToRomString: storage_(2),region_id(8) (..\..\flashtool\Utility\Utils.cpp,21)
08/03/2017 19:34:39.222 FlashTool[11676][13456][D]: AppCore::EnableROM(): enable ROM(9): 1(..\..\flashtool\Public\AppCore.cpp,362)
08/03/2017 19:34:39.222 FlashTool[11676][13456][D]: DownloadWidget::on_tableWidget_itemChanged(): row 3 item changed.
(..\..\flashtool\UI\src\DownloadWidget.cpp,1277)
08/03/2017 19:34:39.224 FlashTool[11676][13456][D]: AppCore::EnableROM(): enable ROM(9): 1(..\..\flashtool\Public\AppCore.cpp,362)
08/03/2017 19:34:39.232 FlashTool[11676][13456][D]: DownloadWidget::on_tableWidget_itemChanged(): row 3 item changed.
(..\..\flashtool\UI\src\DownloadWidget.cpp,1277)
08/03/2017 19:34:39.234 FlashTool[11676][13456][D]: AppCore::EnableROM(): enable ROM(9): 1(..\..\flashtool\Public\AppCore.cpp,362)
08/03/2017 19:34:39.242 FlashTool[11676][13456][D]: EnumToRomString(): EnumToRomString: storage_(2),region_id(8) (..\..\flashtool\Utility\Utils.cpp,21)
08/03/2017 19:34:39.245 FlashTool[11676][13456][D]: AppCore::EnableROM(): enable ROM(10): 1(..\..\flashtool\Public\AppCore.cpp,362)
08/03/2017 19:34:39.245 FlashTool[11676][13456][D]: DownloadWidget::on_tableWidget_itemChanged(): row 4 item changed.
(..\..\flashtool\UI\src\DownloadWidget.cpp,1277)
08/03/2017 19:34:39.247 FlashTool[11676][13456][D]: AppCore::EnableROM(): enable ROM(10): 1(..\..\flashtool\Public\AppCore.cpp,362)
08/03/2017 19:34:39.290 FlashTool[11676][13456][D]: DownloadWidget::on_tableWidget_itemChanged(): row 4 item changed.
(..\..\flashtool\UI\src\DownloadWidget.cpp,1277)
08/03/2017 19:34:39.293 FlashTool[11676][13456][D]: AppCore::EnableROM(): enable ROM(10): 1(..\..\flashtool\Public\AppCore.cpp,362)
08/03/2017 19:34:39.300 FlashTool[11676][13456][D]: EnumToRomString(): EnumToRomString: storage_(2),region_id(8) (..\..\flashtool\Utility\Utils.cpp,21)
08/03/2017 19:34:39.303 FlashTool[11676][13456][D]: AppCore::EnableROM(): enable ROM(14): 1(..\..\flashtool\Public\AppCore.cpp,362)
08/03/2017 19:34:39.303 FlashTool[11676][13456][D]: DownloadWidget::on_tableWidget_itemChanged(): row 5 item changed.
(..\..\flashtool\UI\src\DownloadWidget.cpp,1277)
08/03/2017 19:34:39.305 FlashTool[11676][13456][D]: AppCore::EnableROM(): enable ROM(14): 1(..\..\flashtool\Public\AppCore.cpp,362)
08/03/2017 19:34:39.314 FlashTool[11676][13456][D]: DownloadWidget::on_tableWidget_itemChanged(): row 5 item changed.
(..\..\flashtool\UI\src\DownloadWidget.cpp,1277)
08/03/2017 19:34:39.317 FlashTool[11676][13456][D]: AppCore::EnableROM(): enable ROM(14): 1(..\..\flashtool\Public\AppCore.cpp,362)
08/03/2017 19:34:39.325 FlashTool[11676][13456][D]: EnumToRomString(): EnumToRomString: storage_(2),region_id(8) (..\..\flashtool\Utility\Utils.cpp,21)
08/03/2017 19:34:39.328 FlashTool[11676][13456][D]: AppCore::EnableROM(): enable ROM(16): 1(..\..\flashtool\Public\AppCore.cpp,362)
08/03/2017 19:34:39.328 FlashTool[11676][13456][D]: DownloadWidget::on_tableWidget_itemChanged(): row 6 item changed.
(..\..\flashtool\UI\src\DownloadWidget.cpp,1277)
08/03/2017 19:34:39.331 FlashTool[11676][13456][D]: AppCore::EnableROM(): enable ROM(16): 1(..\..\flashtool\Public\AppCore.cpp,362)
08/03/2017 19:34:39.338 FlashTool[11676][13456][D]: DownloadWidget::on_tableWidget_itemChanged(): row 6 item changed.
(..\..\flashtool\UI\src\DownloadWidget.cpp,1277)
08/03/2017 19:34:39.341 FlashTool[11676][13456][D]: AppCore::EnableROM(): enable ROM(16): 1(..\..\flashtool\Public\AppCore.cpp,362)
08/03/2017 19:34:39.393 FlashTool[11676][13456][D]: EnumToRomString(): EnumToRomString: storage_(2),region_id(8) (..\..\flashtool\Utility\Utils.cpp,21)
08/03/2017 19:34:39.395 FlashTool[11676][13456][D]: AppCore::EnableROM(): enable ROM(17): 1(..\..\flashtool\Public\AppCore.cpp,362)
08/03/2017 19:34:39.395 FlashTool[11676][13456][D]: DownloadWidget::on_tableWidget_itemChanged(): row 7 item changed.
(..\..\flashtool\UI\src\DownloadWidget.cpp,1277)
08/03/2017 19:34:39.398 FlashTool[11676][13456][D]: AppCore::EnableROM(): enable ROM(17): 1(..\..\flashtool\Public\AppCore.cpp,362)
08/03/2017 19:34:39.406 FlashTool[11676][13456][D]: DownloadWidget::on_tableWidget_itemChanged(): row 7 item changed.
(..\..\flashtool\UI\src\DownloadWidget.cpp,1277)
08/03/2017 19:34:39.408 FlashTool[11676][13456][D]: AppCore::EnableROM(): enable ROM(17): 1(..\..\flashtool\Public\AppCore.cpp,362)
08/03/2017 19:34:39.417 FlashTool[11676][13456][D]: EnumToRomString(): EnumToRomString: storage_(2),region_id(8) (..\..\flashtool\Utility\Utils.cpp,21)
08/03/2017 19:34:39.419 FlashTool[11676][13456][D]: AppCore::EnableROM(): enable ROM(21): 1(..\..\flashtool\Public\AppCore.cpp,362)
08/03/2017 19:34:39.420 FlashTool[11676][13456][D]: DownloadWidget::on_tableWidget_itemChanged(): row 8 item changed.
(..\..\flashtool\UI\src\DownloadWidget.cpp,1277)
08/03/2017 19:34:39.422 FlashTool[11676][13456][D]: AppCore::EnableROM(): enable ROM(21): 1(..\..\flashtool\Public\AppCore.cpp,362)
08/03/2017 19:34:39.430 FlashTool[11676][13456][D]: DownloadWidget::on_tableWidget_itemChanged(): row 8 item changed.
(..\..\flashtool\UI\src\DownloadWidget.cpp,1277)
08/03/2017 19:34:39.432 FlashTool[11676][13456][D]: AppCore::EnableROM(): enable ROM(21): 1(..\..\flashtool\Public\AppCore.cpp,362)
08/03/2017 19:34:39.440 FlashTool[11676][13456][D]: EnumToRomString(): EnumToRomString: storage_(2),region_id(8) (..\..\flashtool\Utility\Utils.cpp,21)
08/03/2017 19:34:39.442 FlashTool[11676][13456][D]: AppCore::EnableROM(): enable ROM(22): 1(..\..\flashtool\Public\AppCore.cpp,362)
08/03/2017 19:34:39.442 FlashTool[11676][13456][D]: DownloadWidget::on_tableWidget_itemChanged(): row 9 item changed.
(..\..\flashtool\UI\src\DownloadWidget.cpp,1277)
08/03/2017 19:34:39.445 FlashTool[11676][13456][D]: AppCore::EnableROM(): enable ROM(22): 1(..\..\flashtool\Public\AppCore.cpp,362)
08/03/2017 19:34:39.476 FlashTool[11676][13456][D]: DownloadWidget::on_tableWidget_itemChanged(): row 9 item changed.
(..\..\flashtool\UI\src\DownloadWidget.cpp,1277)
08/03/2017 19:34:39.479 FlashTool[11676][13456][D]: AppCore::EnableROM(): enable ROM(22): 1(..\..\flashtool\Public\AppCore.cpp,362)
08/03/2017 19:34:39.520 FlashTool[11676][13456][D]: EnumToRomString(): EnumToRomString: storage_(2),region_id(8) (..\..\flashtool\Utility\Utils.cpp,21)
08/03/2017 19:34:39.523 FlashTool[11676][13456][D]: AppCore::EnableROM(): enable ROM(23): 1(..\..\flashtool\Public\AppCore.cpp,362)
08/03/2017 19:34:39.523 FlashTool[11676][13456][D]: DownloadWidget::on_tableWidget_itemChanged(): row 10 item changed.
(..\..\flashtool\UI\src\DownloadWidget.cpp,1277)
08/03/2017 19:34:39.526 FlashTool[11676][13456][D]: AppCore::EnableROM(): enable ROM(23): 1(..\..\flashtool\Public\AppCore.cpp,362)
08/03/2017 19:34:39.533 FlashTool[11676][13456][D]: DownloadWidget::on_tableWidget_itemChanged(): row 10 item changed.
(..\..\flashtool\UI\src\DownloadWidget.cpp,1277)
08/03/2017 19:34:39.536 FlashTool[11676][13456][D]: AppCore::EnableROM(): enable ROM(23): 1(..\..\flashtool\Public\AppCore.cpp,362)
08/03/2017 19:34:39.543 FlashTool[11676][13456][D]: AppCore::EnableDAChksum(): DA Chksum Level: 0.(..\..\flashtool\Public\AppCore.cpp,459)
08/03/2017 19:34:39.544 FlashTool[11676][13456][D]: APCore::DLHandle::EnableDAChksum(): set DL_SetChecksumLevel(0).(..\..\flashtool\Resource\Handle\DLHandle.cpp,203)
08/03/2017 19:35:40.060 FlashTool[11676][13456][D]: ConsoleMode::CommandSetting::vClearSetting(): Clear all Commands!!(..\..\flashtool\ConsoleMode\CommandSetting.cpp,324)
08/03/2017 19:35:40.060 FlashTool[11676][13456][D]: APCore::PlatformSetting::getLoadPlatformName(): PlatformSetting::getLoadPlatformName(): MT6737M(..\..\flashtool\Setting\PlatformSetting.cpp,170)
08/03/2017 19:35:40.064 FlashTool[11676][13456][D]: MainWindow::CreateDLSetting(): Download scene:(DOWNLOAD_ONLY).(..\..\flashtool\UI\src\MainWindow.cpp,377)
08/03/2017 19:35:40.064 FlashTool[11676][13456][D]: XML::DocumentImpl::DocumentImpl(): The encoding is "dřpUTF-8.(..\..\flashtool\XMLParser\XMLDocumentImpl.cpp,83)
08/03/2017 19:35:40.065 FlashTool[11676][13456][D]: ConsoleMode::CommandSetting::SaveXML(): CommandSetting::SaveXML(..\..\flashtool\ConsoleMode\CommandSetting.cpp,45)
08/03/2017 19:35:40.065 FlashTool[11676][13456][D]: APCore::DLOnlySetting::SaveXML(): 18d2ccI64x(..\..\flashtool\Setting\DLOnlySetting.cpp,41)
08/03/2017 19:35:40.065 FlashTool[11676][13456][D]: ConsoleMode::CommandSetting::SaveXML(): CommandSetting::SaveXML Done!(..\..\flashtool\ConsoleMode\CommandSetting.cpp,51)
08/03/2017 19:35:40.065 FlashTool[11676][13456][D]: TiXmlFOpen(): open file: D:\Lacrosse\XT1721 FlashInfo\download.xml(..\..\flashtool\XMLParser\tinyxml.cpp,52)
08/03/2017 19:35:40.065 FlashTool[11676][13456][D]: TiXmlFOpen(): create time: 2017/08/03 19:35:39(..\..\flashtool\XMLParser\tinyxml.cpp,69)
08/03/2017 19:35:40.066 FlashTool[11676][13456][D]: TiXmlFOpen(): modify time: 2017/08/03 19:35:40(..\..\flashtool\XMLParser\tinyxml.cpp,77)
08/03/2017 19:35:40.066 FlashTool[11676][13456][D]: TiXmlFOpen(): access time: 2017/08/03 19:35:40(..\..\flashtool\XMLParser\tinyxml.cpp,85)
08/03/2017 19:42:24.556 FlashTool[11676][13456][D]: MainWindow::closeEvent(): UI has unlocked!(..\..\flashtool\UI\src\MainWindow.cpp,1805)
08/03/2017 19:42:24.789 FlashTool[11676][13456][D]: OptionDialog::SaveConnSettings(): comboTimeout index(3) saved.(..\..\flashtool\UI\src\OptionDialog.cpp,485)
08/03/2017 19:42:24.880 FlashTool[11676][13456][D]: BackgroundWorker::~BackgroundWorker(): dtor of BackgroundWorker...(..\..\flashtool\UI\src\BackgroundWorker.cpp,22)
08/03/2017 19:42:24.880 FlashTool[11676][13456][D]: APCore::DAHandle::~DAHandle(): dtor of DAHandle(..\..\flashtool\Resource\Handle\DAHandle.cpp,25)
08/03/2017 19:42:24.880 FlashTool[11676][13456][D]: APCore::DLHandle::~DLHandle(): dtor of DLHandle(..\..\flashtool\Resource\Handle\DLHandle.cpp,23)
08/03/2017 19:42:24.880 FlashTool[11676][13456][D]: APCore::RBHandle::~RBHandle(): dtor of RBHandle(..\..\flashtool\Resource\Handle\RBHandle.cpp,19)
08/03/2017 19:42:24.881 FlashTool[11676][13456][D]: APCore::RBHandle::~RBHandle(): RB_ClearAll(0)(..\..\flashtool\Resource\Handle\RBHandle.cpp,21)
08/03/2017 19:42:24.881 FlashTool[11676][13456][D]: APCore::RBHandle::~RBHandle(): RB_Destroy(0)(..\..\flashtool\Resource\Handle\RBHandle.cpp,23)
08/03/2017 19:42:24.881 FlashTool[11676][13456][D]: APCore::ScretHandle::~ScretHandle(): dtor of ScretHandle(..\..\flashtool\Resource\Handle\ScretHandle.cpp,23)
08/03/2017 19:42:24.882 FlashTool[11676][13456][D]: APCore::AuthHandle::~AuthHandle(): dtor of auth handle.(..\..\flashtool\Resource\Handle\AuthHandle.cpp,22)

Logger deinited.